==============================================================================
Tests :: Testing functionality through Robot Framework                        
==============================================================================
Tests.Test Create billing documents                                           
==============================================================================
  
  Traceback (most recent call last):
    ~~~~~~~~~~~~~~~~~~~~~~~~~~~~~~~~~~~~~~~~~~~~~~~~~~~~~~~~~~~~~~~~~~~~~~~~~~
    File  C:\RobotFramework\sap_testing\Tests\Test_Create_billing_documents.robot:5
      System Logon    
    ~~~~~~~~~~~~~~~~~~~~~~~~~~~~~~~~~~~~~~~~~~~~~~~~~~~~~~~~~~~~~~~~~~~~~~~~~~
    File  C:\RobotFramework\sap_testing\Tests\Resource\Create_billing_documents.robot:10
      Connect To Session    
______________________________________________________________________________
Executing VF01                                                        | FAIL |
Parent suite setup failed:
Warning: Could not connect to Session, is Sap Logon Pad open?
------------------------------------------------------------------------------
  
  Traceback (most recent call last):
    ~~~~~~~~~~~~~~~~~~~~~~~~~~~~~~~~~~~~~~~~~~~~~~~~~~~~~~~~~~~~~~~~~~~~~~~~~~
    File  C:\RobotFramework\sap_testing\Tests\Test_Create_billing_documents.robot:6
      System Logout    
    ~~~~~~~~~~~~~~~~~~~~~~~~~~~~~~~~~~~~~~~~~~~~~~~~~~~~~~~~~~~~~~~~~~~~~~~~~~
    File  C:\RobotFramework\sap_testing\Tests\Resource\Create_billing_documents.robot:20
      Run Transaction    /nex
______________________________________________________________________________
Tests.Test Create billing documents                                   | FAIL |
Suite setup failed:
Warning: Could not connect to Session, is Sap Logon Pad open?

Also suite teardown failed:
AttributeError: 'int' object has no attribute 'findById'

1 test, 0 passed, 1 failed
==============================================================================
Tests :: Testing functionality through Robot Framework                | FAIL |
1 test, 0 passed, 1 failed
==============================================================================
Output:  C:\RobotFramework\sap_testing\Output\17c6f24e-701e-43eb-95fb-9c6e5f40716a\pabot_results\0\Output.xml
