<?xml version="1.0" encoding="UTF-8"?>
<robot generator="Robot 6.0.2 (Python 3.12.4 on win32)" generated="20250205 18:22:30.596" rpa="false" schemaversion="3">
<suite id="s1" name="Tests" source="C:\SAP_Testing\SAPtesting\Tests">
<kw name="Setup highest level suite" type="SETUP">
<kw name="Set Variable" library="BuiltIn">
<var>${d.test_server}</var>
<arg>${test_server}</arg>
<doc>Returns the given values which can then be assigned to a variables.</doc>
<msg timestamp="20250205 18:22:31.448" level="INFO">${d.test_server} = Dev</msg>
<status status="PASS" starttime="20250205 18:22:31.447" endtime="20250205 18:22:31.448"/>
</kw>
<kw name="Reset screenshot count variable" library="Support">
<kw name="Set Variable" library="BuiltIn">
<var>${screenshotCount}</var>
<arg>${PABOTQUEUEINDEX}_1</arg>
<doc>Returns the given values which can then be assigned to a variables.</doc>
<msg timestamp="20250205 18:22:31.449" level="INFO">${screenshotCount} = 0_1</msg>
<status status="PASS" starttime="20250205 18:22:31.448" endtime="20250205 18:22:31.449"/>
</kw>
<kw name="Set Global Variable" library="BuiltIn">
<arg>${screenshotCount}</arg>
<doc>Makes a variable available globally in all tests and suites.</doc>
<msg timestamp="20250205 18:22:31.449" level="INFO">${screenshotCount} = 0_1</msg>
<status status="PASS" starttime="20250205 18:22:31.449" endtime="20250205 18:22:31.449"/>
</kw>
<kw name="Set up screenshot directory" library="Support">
<kw name="Create Directory" library="OperatingSystem">
<arg>${OUTPUTDIR}${/}${wvar('screenshot_dir')}</arg>
<doc>Creates the specified directory.</doc>
<msg timestamp="20250205 18:22:31.450" level="INFO">Web.Dev.screenshot_dir: Screenshot</msg>
<msg timestamp="20250205 18:22:31.455" level="INFO" html="true">Created directory '&lt;a href="file://C:\SAP_Testing\SAPtesting\Output\pabot_results\0\Screenshot"&gt;C:\SAP_Testing\SAPtesting\Output\pabot_results\0\Screenshot&lt;/a&gt;'.</msg>
<status status="PASS" starttime="20250205 18:22:31.450" endtime="20250205 18:22:31.455"/>
</kw>
<status status="PASS" starttime="20250205 18:22:31.449" endtime="20250205 18:22:31.456"/>
</kw>
<status status="PASS" starttime="20250205 18:22:31.448" endtime="20250205 18:22:31.456"/>
</kw>
<kw name="Set Global Variable" library="BuiltIn">
<arg>${screenshot_taking}</arg>
<arg>${True}</arg>
<doc>Makes a variable available globally in all tests and suites.</doc>
<msg timestamp="20250205 18:22:31.456" level="INFO">${screenshot_taking} = True</msg>
<status status="PASS" starttime="20250205 18:22:31.456" endtime="20250205 18:22:31.456"/>
</kw>
<kw name="Setup linux execution" library="Support">
<kw name="Run Keyword And Return Status" library="BuiltIn">
<var>${web_test_check}</var>
<arg>Variable Should Exist</arg>
<arg>${web_test}</arg>
<doc>Runs the given keyword with given arguments and returns the status as a Boolean value.</doc>
<kw name="Variable Should Exist" library="BuiltIn">
<arg>${web_test}</arg>
<doc>Fails unless the given variable exists within the current scope.</doc>
<status status="PASS" starttime="20250205 18:22:31.457" endtime="20250205 18:22:31.457"/>
</kw>
<msg timestamp="20250205 18:22:31.457" level="INFO">${web_test_check} = True</msg>
<status status="PASS" starttime="20250205 18:22:31.457" endtime="20250205 18:22:31.457"/>
</kw>
<kw name="Run Keyword If" library="BuiltIn">
<arg>${web_test_check}</arg>
<arg>Setup Docker Execution Options</arg>
<doc>Runs the given keyword with the given arguments, if ``condition`` is true.</doc>
<kw name="Setup Docker Execution Options" library="Support_Web">
<kw name="Setup Suite Metadata" library="Support_Web">
<arg>${browser}</arg>
<kw name="Get Browser Metadata" library="BrowserSupport">
<var>&amp;{browser_information}</var>
<arg>browser=${browser}</arg>
<doc>Fetches browser metadata information
:param browser: Name of the browser for which information is fetched
:param reload: Re-read the metadata based on the browser
:return: Browser metadata information, dict of format
            {"browser_version": browser version value,
             "driver_version": driver version value}</doc>
<msg timestamp="20250205 18:22:34.737" level="INFO">&amp;{browser_information} = { browser_version=132.0.6834.160 | driver_version=132.0.6834.110  }</msg>
<status status="PASS" starttime="20250205 18:22:31.458" endtime="20250205 18:22:34.737"/>
</kw>
<kw name="Set Suite Metadata" library="BuiltIn">
<arg>test_browser_name</arg>
<arg>${browser}</arg>
<doc>Sets metadata for the current test suite.</doc>
<msg timestamp="20250205 18:22:34.737" level="INFO">Set suite metadata 'test_browser_name' to value 'chrome'.</msg>
<status status="PASS" starttime="20250205 18:22:34.737" endtime="20250205 18:22:34.737"/>
</kw>
<kw name="Set Suite Metadata" library="BuiltIn">
<arg>test_browser_version</arg>
<arg>${browser_information.browser_version}</arg>
<doc>Sets metadata for the current test suite.</doc>
<msg timestamp="20250205 18:22:34.737" level="INFO">Set suite metadata 'test_browser_version' to value '132.0.6834.160'.</msg>
<status status="PASS" starttime="20250205 18:22:34.737" endtime="20250205 18:22:34.737"/>
</kw>
<kw name="Set Suite Metadata" library="BuiltIn">
<arg>test_driver_version</arg>
<arg>${browser_information.driver_version}</arg>
<doc>Sets metadata for the current test suite.</doc>
<msg timestamp="20250205 18:22:34.737" level="INFO">Set suite metadata 'test_driver_version' to value '132.0.6834.110 '.</msg>
<status status="PASS" starttime="20250205 18:22:34.737" endtime="20250205 18:22:34.737"/>
</kw>
<status status="PASS" starttime="20250205 18:22:31.458" endtime="20250205 18:22:34.737"/>
</kw>
<kw name="Setup Global Docker Execution Options" library="Support_Web">
<kw name="Set Global Variable" library="BuiltIn">
<arg>${global_browser_options}</arg>
<arg>None</arg>
<doc>Makes a variable available globally in all tests and suites.</doc>
<msg timestamp="20250205 18:22:34.737" level="INFO">${global_browser_options} = None</msg>
<status status="PASS" starttime="20250205 18:22:34.737" endtime="20250205 18:22:34.737"/>
</kw>
<kw name="Get Environment Variable" library="OperatingSystem">
<var>${docker_check}</var>
<arg>EXECUTION_ENVIRONMENT</arg>
<arg>not_found</arg>
<doc>Returns the value of an environment variable with the given name.</doc>
<msg timestamp="20250205 18:22:34.737" level="INFO">${docker_check} = not_found</msg>
<status status="PASS" starttime="20250205 18:22:34.737" endtime="20250205 18:22:34.737"/>
</kw>
<kw name="Run Keyword And Return If" library="BuiltIn">
<arg>"${docker_check}"!="docker"</arg>
<arg>Log</arg>
<arg>Not executing on Docker</arg>
<doc>Runs the specified keyword and returns from the enclosing user keyword.</doc>
<kw name="Log" library="BuiltIn">
<arg>Not executing on Docker</arg>
<doc>Logs the given message with the given level.</doc>
<msg timestamp="20250205 18:22:34.737" level="INFO">Not executing on Docker</msg>
<status status="PASS" starttime="20250205 18:22:34.737" endtime="20250205 18:22:34.737"/>
</kw>
<msg timestamp="20250205 18:22:34.737" level="INFO">Returning from the enclosing user keyword.</msg>
<status status="PASS" starttime="20250205 18:22:34.737" endtime="20250205 18:22:34.737"/>
</kw>
<kw name="Create List" library="BuiltIn">
<var>@{options}</var>
<arg>--headless</arg>
<arg>--no-sandbox</arg>
<arg>--disable-dev-shm-usage</arg>
<doc>Returns a list containing given items.</doc>
<status status="NOT RUN" starttime="20250205 18:22:34.737" endtime="20250205 18:22:34.737"/>
</kw>
<kw name="Set Global Variable" library="BuiltIn">
<arg>@{docker_options}</arg>
<arg>@{options}</arg>
<doc>Makes a variable available globally in all tests and suites.</doc>
<status status="NOT RUN" starttime="20250205 18:22:34.737" endtime="20250205 18:22:34.737"/>
</kw>
<status status="PASS" starttime="20250205 18:22:34.737" endtime="20250205 18:22:34.737"/>
</kw>
<kw name="Create Webdriver for chrome preferences" library="Support_Web">
<kw name="Update Docker Execution Options" library="Support_Web">
<var>${list_prefs}</var>
<arg>${list_prefs}</arg>
<kw name="Run Keyword And Return Status" library="BuiltIn">
<var>${docker_check}</var>
<arg>Variable Should Exist</arg>
<arg>${docker_options}</arg>
<doc>Runs the given keyword with given arguments and returns the status as a Boolean value.</doc>
<kw name="Variable Should Exist" library="BuiltIn">
<arg>${docker_options}</arg>
<doc>Fails unless the given variable exists within the current scope.</doc>
<msg timestamp="20250205 18:22:34.747" level="FAIL">Variable '${docker_options}' does not exist.</msg>
<status status="FAIL" starttime="20250205 18:22:34.745" endtime="20250205 18:22:34.747"/>
</kw>
<msg timestamp="20250205 18:22:34.747" level="INFO">${docker_check} = False</msg>
<status status="PASS" starttime="20250205 18:22:34.745" endtime="20250205 18:22:34.747"/>
</kw>
<kw name="Get Length" library="BuiltIn">
<var>${list_prefs_length}</var>
<arg>${list_prefs}</arg>
<doc>Returns and logs the length of the given item as an integer.</doc>
<msg timestamp="20250205 18:22:34.748" level="INFO">Length is 1</msg>
<msg timestamp="20250205 18:22:34.748" level="INFO">${list_prefs_length} = 1</msg>
<status status="PASS" starttime="20250205 18:22:34.748" endtime="20250205 18:22:34.748"/>
</kw>
<kw name="Run Keyword If" library="BuiltIn">
<var>${list_prefs}</var>
<arg>${docker_check} and ${list_prefs_length}&gt;0 and ${list_prefs}[0] != []</arg>
<arg>Combine Lists</arg>
<arg>${list_prefs}</arg>
<arg>${docker_options}</arg>
<arg>ELSE IF</arg>
<arg>${docker_check}</arg>
<arg>Set Variable</arg>
<arg>${docker_options}</arg>
<arg>ELSE</arg>
<arg>Set Variable</arg>
<arg>${list_prefs}</arg>
<doc>Runs the given keyword with the given arguments, if ``condition`` is true.</doc>
<kw name="Set Variable" library="BuiltIn">
<arg>${list_prefs}</arg>
<doc>Returns the given values which can then be assigned to a variables.</doc>
<status status="PASS" starttime="20250205 18:22:34.748" endtime="20250205 18:22:34.749"/>
</kw>
<msg timestamp="20250205 18:22:34.749" level="INFO">${list_prefs} = [[]]</msg>
<status status="PASS" starttime="20250205 18:22:34.748" endtime="20250205 18:22:34.749"/>
</kw>
<msg timestamp="20250205 18:22:34.749" level="INFO">${list_prefs} = [[]]</msg>
<status status="PASS" starttime="20250205 18:22:34.745" endtime="20250205 18:22:34.749"/>
</kw>
<kw name="Create Chrome Options for download preferences" library="Support_Web">
<var>${chrome_options}</var>
<kw name="Evaluate" library="BuiltIn">
<var>${chrome_options}</var>
<arg>sys.modules['selenium.webdriver'].ChromeOptions()</arg>
<arg>sys</arg>
<doc>Evaluates the given expression in Python and returns the result.</doc>
<msg timestamp="20250205 18:22:34.750" level="INFO">${chrome_options} = &lt;selenium.webdriver.chrome.options.Options object at 0x00000176F5743740&gt;</msg>
<status status="PASS" starttime="20250205 18:22:34.749" endtime="20250205 18:22:34.750"/>
</kw>
<msg timestamp="20250205 18:22:34.750" level="INFO">${chrome_options} = &lt;selenium.webdriver.chrome.options.Options object at 0x00000176F5743740&gt;</msg>
<status status="PASS" starttime="20250205 18:22:34.749" endtime="20250205 18:22:34.750"/>
</kw>
<kw name="Update Preferences List" library="Support_Web">
<arg>${chrome_options}</arg>
<arg>@{list_prefs}</arg>
<kw name="Convert To String" library="BuiltIn">
<var>${string_prefs}</var>
<arg>${list_prefs}</arg>
<doc>Converts the given item to a Unicode string.</doc>
<msg timestamp="20250205 18:22:34.751" level="INFO">${string_prefs} = [[]]</msg>
<status status="PASS" starttime="20250205 18:22:34.750" endtime="20250205 18:22:34.751"/>
</kw>
<kw name="Return From Keyword If" library="BuiltIn">
<arg>${string_prefs} == [[]]</arg>
<doc>Returns from the enclosing user keyword if ``condition`` is true.</doc>
<msg timestamp="20250205 18:22:34.751" level="INFO">Returning from the enclosing user keyword.</msg>
<status status="PASS" starttime="20250205 18:22:34.751" endtime="20250205 18:22:34.751"/>
</kw>
<for flavor="IN">
<var>${preference}</var>
<value>@{list_prefs}</value>
<iter>
<var name="${preference}"/>
<kw name="Call Method" library="BuiltIn">
<arg>${chrome_options}</arg>
<arg>add_argument</arg>
<arg>${preference}</arg>
<doc>Calls the named method of the given object with the provided arguments.</doc>
<status status="NOT RUN" starttime="20250205 18:22:34.751" endtime="20250205 18:22:34.752"/>
</kw>
<status status="NOT RUN" starttime="20250205 18:22:34.751" endtime="20250205 18:22:34.752"/>
</iter>
<status status="NOT RUN" starttime="20250205 18:22:34.751" endtime="20250205 18:22:34.752"/>
</for>
<status status="PASS" starttime="20250205 18:22:34.750" endtime="20250205 18:22:34.752"/>
</kw>
<kw name="Call Method" library="BuiltIn">
<arg>${chrome_options}</arg>
<arg>add_experimental_option</arg>
<arg>prefs</arg>
<arg>${kw_prefs}</arg>
<doc>Calls the named method of the given object with the provided arguments.</doc>
<status status="PASS" starttime="20250205 18:22:34.752" endtime="20250205 18:22:34.752"/>
</kw>
<kw name="Set Global Variable" library="BuiltIn">
<arg>${global_browser_options}</arg>
<arg>${chrome options}</arg>
<doc>Makes a variable available globally in all tests and suites.</doc>
<msg timestamp="20250205 18:22:34.753" level="INFO">${global_browser_options} = &lt;selenium.webdriver.chrome.options.Options object at 0x00000176F5743740&gt;</msg>
<status status="PASS" starttime="20250205 18:22:34.752" endtime="20250205 18:22:34.753"/>
</kw>
<status status="PASS" starttime="20250205 18:22:34.737" endtime="20250205 18:22:34.753"/>
</kw>
<status status="PASS" starttime="20250205 18:22:31.458" endtime="20250205 18:22:34.753"/>
</kw>
<status status="PASS" starttime="20250205 18:22:31.457" endtime="20250205 18:22:34.753"/>
</kw>
<status status="PASS" starttime="20250205 18:22:31.456" endtime="20250205 18:22:34.753"/>
</kw>
<kw name="Set Suite Metadata" library="BuiltIn">
<arg>environment</arg>
<arg>${test_server}</arg>
<doc>Sets metadata for the current test suite.</doc>
<msg timestamp="20250205 18:22:34.753" level="INFO">Set suite metadata 'environment' to value 'Dev'.</msg>
<status status="PASS" starttime="20250205 18:22:34.753" endtime="20250205 18:22:34.754"/>
</kw>
<status status="PASS" starttime="20250205 18:22:31.447" endtime="20250205 18:22:34.754"/>
</kw>
<suite id="s1-s1" name="Resource" source="C:\SAP_Testing\SAPtesting\Tests\Resource">
<suite id="s1-s1-s1" name="Report Generation copy" source="C:\SAP_Testing\SAPtesting\Tests\Resource\Report_Generation copy.robot">
<test id="s1-s1-s1-t1" name="Generate report All Nodes" line="142">
<kw name="Generate report All Nodes">
<kw name="Generate Extra Users List All Nodes" library="SAP_Tcode_Library">
<arg>${file_list_path}</arg>
<arg>${exempted_users_file}</arg>
<arg>${output_file}</arg>
<msg timestamp="20250205 18:22:51.770" level="INFO">⚠ 'User Name' column not found in c:\\tmp\\SAP_QUERY_Cleaned.xlsx. Skipping...
⚠ 'User Name' column not found in C:\\tmp\\Req7_users_filter_Cleaned.xlsx. Skipping...
⚠ Error processing C:\\tmp\\Control SAP developers_Cleaned.xlsx: list index out of range
✅ Comparison complete. Extra users saved in 'c:\tmp\Extra_Users_List.xlsx'.</msg>
<status status="PASS" starttime="20250205 18:22:35.544" endtime="20250205 18:22:51.770"/>
</kw>
<kw name="Files Clean Username" library="SAP_Tcode_Library">
<arg>${se16_filepath}</arg>
<arg>${se16_filepath_cleaned}</arg>
<status status="PASS" starttime="20250205 18:22:51.770" endtime="20250205 18:22:53.034"/>
</kw>
<kw name="Files Clean Username" library="SAP_Tcode_Library">
<arg>${table_auth_filepath}</arg>
<arg>${table_auth_filepath_cleaned}</arg>
<status status="PASS" starttime="20250205 18:22:53.034" endtime="20250205 18:22:54.585"/>
</kw>
<kw name="Files Clean User" library="SAP_Tcode_Library">
<arg>${control_SAP_filepath}</arg>
<arg>${control_SAP_filepath_cleaned}</arg>
<status status="PASS" starttime="20250205 18:22:54.585" endtime="20250205 18:22:54.649"/>
</kw>
<kw name="Files Clean Username" library="SAP_Tcode_Library">
<arg>${auth_profiles_filepath}</arg>
<arg>${auth_profiles_filepath_cleaned}</arg>
<status status="PASS" starttime="20250205 18:22:54.649" endtime="20250205 18:22:56.360"/>
</kw>
<kw name="Files Clean Username Cleaned" library="SAP_Tcode_Library">
<arg>${sap_query_filepath}</arg>
<arg>${sap_query_filepath_cleaned}</arg>
<status status="PASS" starttime="20250205 18:22:56.360" endtime="20250205 18:22:57.456"/>
</kw>
<kw name="Files Clean Username" library="SAP_Tcode_Library">
<arg>${start_programs_filepath}</arg>
<arg>${start_programs_filepath_cleaned}</arg>
<status status="PASS" starttime="20250205 18:22:57.456" endtime="20250205 18:22:59.386"/>
</kw>
<kw name="Files Clean Username" library="SAP_Tcode_Library">
<arg>${maint_workflow_filepath}</arg>
<arg>${maint_workflow_filepath_cleaned}</arg>
<status status="PASS" starttime="20250205 18:22:59.386" endtime="20250205 18:23:00.655"/>
</kw>
<kw name="Files Clean Username" library="SAP_Tcode_Library">
<arg>${access_password_filepath}</arg>
<arg>${access_password_filepath_cleaned}</arg>
<status status="PASS" starttime="20250205 18:23:00.655" endtime="20250205 18:23:02.125"/>
</kw>
<kw name="Files Clean Username" library="SAP_Tcode_Library">
<arg>${user_control_gebru_filepath}</arg>
<arg>${user_control_gebru_filepath_cleaned}</arg>
<status status="PASS" starttime="20250205 18:23:02.125" endtime="20250205 18:23:03.360"/>
</kw>
<kw name="Files Clean Username" library="SAP_Tcode_Library">
<arg>${Usercontrol gebruikers_filepath}</arg>
<arg>${Usercontrol gebruikers_filepath_cleaned}</arg>
<status status="PASS" starttime="20250205 18:23:03.361" endtime="20250205 18:23:04.672"/>
</kw>
<kw name="Files Clean Username" library="SAP_Tcode_Library">
<arg>${control_access_filepath}</arg>
<arg>${control_access_filepath_cleaned}</arg>
<status status="PASS" starttime="20250205 18:23:04.672" endtime="20250205 18:23:05.954"/>
</kw>
<kw name="Files Clean Username" library="SAP_Tcode_Library">
<arg>${release_debug_filepath}</arg>
<arg>${release_debug_filepath_cleaned}</arg>
<status status="PASS" starttime="20250205 18:23:05.954" endtime="20250205 18:23:07.218"/>
</kw>
<kw name="Files Clean Username" library="SAP_Tcode_Library">
<arg>${delete_audit_filepath}</arg>
<arg>${delete_audit_filepath_cleaned}</arg>
<status status="PASS" starttime="20250205 18:23:07.218" endtime="20250205 18:23:08.500"/>
</kw>
<kw name="Files Clean Username" library="SAP_Tcode_Library">
<arg>${control_booking_filepath}</arg>
<arg>${control_booking_filepath_cleaned}</arg>
<status status="PASS" starttime="20250205 18:23:08.500" endtime="20250205 18:23:09.657"/>
</kw>
<kw name="Files Clean Username" library="SAP_Tcode_Library">
<arg>${Mandantonderhoud_filepath}</arg>
<arg>${Mandantonderhoud_filepath_cleaned}</arg>
<status status="PASS" starttime="20250205 18:23:09.657" endtime="20250205 18:23:10.782"/>
</kw>
<kw name="Files Clean Username" library="SAP_Tcode_Library">
<arg>${table_maintenace_filepath}</arg>
<arg>${table_maintenace_filepath_cleaned}</arg>
<status status="PASS" starttime="20250205 18:23:10.782" endtime="20250205 18:23:11.953"/>
</kw>
<kw name="Files Clean User" library="SAP_Tcode_Library">
<arg>${sap_profiles_filepath}</arg>
<arg>${sap_profiles_filepath_cleaned}</arg>
<status status="PASS" starttime="20250205 18:23:11.953" endtime="20250205 18:23:12.016"/>
</kw>
<kw name="Files Clean User" library="SAP_Tcode_Library">
<arg>${user_accounts_filepath}</arg>
<arg>${user_accounts_filepath_cleaned}</arg>
<status status="PASS" starttime="20250205 18:23:12.016" endtime="20250205 18:23:12.078"/>
</kw>
<kw name="Files Clean Username" library="SAP_Tcode_Library">
<arg>${Access_to_transport_taking_into_production}</arg>
<arg>${Access_to_transport_taking_into_production_cleaned}</arg>
<status status="PASS" starttime="20250205 18:23:12.078" endtime="20250205 18:23:13.313"/>
</kw>
<kw name="Files Clean Username" library="SAP_Tcode_Library">
<arg>${license_checking}</arg>
<arg>${license_checking_cleaned}</arg>
<status status="PASS" starttime="20250205 18:23:13.313" endtime="20250205 18:23:15.574"/>
</kw>
<kw name="Files Clean User" library="SAP_Tcode_Library">
<arg>${production_systems_open_via_OSS}</arg>
<arg>${production_systems_open_via_OSS_cleaned}</arg>
<status status="PASS" starttime="20250205 18:23:15.574" endtime="20250205 18:23:15.637"/>
</kw>
<kw name="Files Clean Username" library="SAP_Tcode_Library">
<arg>${Transportstraat_Management}</arg>
<arg>${Transportstraat_Management_cleaned}</arg>
<status status="PASS" starttime="20250205 18:23:15.652" endtime="20250205 18:23:16.929"/>
</kw>
<kw name="Files Clean Username" library="SAP_Tcode_Library">
<arg>${Table_view_without_restrictions}</arg>
<arg>${Table_view_without_restrictions_cleaned}</arg>
<status status="PASS" starttime="20250205 18:23:16.929" endtime="20250205 18:23:18.248"/>
</kw>
<kw name="Files Clean Bname" library="SAP_Tcode_Library">
<arg>${ControlInactive_Users}</arg>
<arg>${ControlInactive_Users_cleaned}</arg>
<status status="PASS" starttime="20250205 18:23:18.248" endtime="20250205 18:23:18.439"/>
</kw>
<kw name="Files Clean Username Cleaned" library="SAP_Tcode_Library">
<arg>${Access_Batch_Job_Management}</arg>
<arg>${Access_Batch_Job_Management_cleaned}</arg>
<status status="PASS" starttime="20250205 18:23:18.439" endtime="20250205 18:23:18.481"/>
</kw>
<kw name="Files Clean Uname" library="SAP_Tcode_Library">
<arg>${Control_SAP_developers}</arg>
<arg>${Control_SAP_developers_cleaned}</arg>
<status status="PASS" starttime="20250205 18:23:18.485" endtime="20250205 18:23:18.519"/>
</kw>
<status status="PASS" starttime="20250205 18:22:35.527" endtime="20250205 18:23:18.519"/>
</kw>
<tag>Regression</tag>
<tag>Testreport</tag>
<status status="PASS" starttime="20250205 18:22:35.495" endtime="20250205 18:23:18.519"/>
</test>
<status status="PASS" starttime="20250205 18:22:34.756" endtime="20250205 18:23:18.519"/>
</suite>
<status status="PASS" starttime="20250205 18:22:34.754" endtime="20250205 18:23:18.603"/>
</suite>
<doc>Testing functionality through Robot Framework</doc>
<meta name="environment">Dev</meta>
<meta name="test_browser_name">chrome</meta>
<meta name="test_browser_version">132.0.6834.160</meta>
<meta name="test_driver_version">132.0.6834.110 </meta>
<meta name="test_environment">Dev</meta>
<meta name="test_freeze_dependencies">astroid==3.2.3,attrs==23.2.0,beautifulsoup4==4.12.3,bs4==0.0.2,certifi==2024.7.4,cffi==1.16.0,chardet==5.2.0,charset-normalizer==3.3.2,click==8.1.7,colorama==0.4.6,cryptography==42.0.8,defusedxml==0.7.1,dill==0.3.8,docutils==0.21.2,docx==0.2.4,docx2pdf==0.1.8,et-xmlfile==1.1.0,ExcelLib==0.0.1b2,exceptiongroup==1.2.2,gitdb==4.0.11,GitPython==3.1.43,h11==0.14.0,idna==3.7,isort==5.13.2,Jinja2==3.1.4,jira==3.8.0,jsonpath-ng==1.6.1,jsonschema==4.23.0,jsonschema-specifications==2023.12.1,lazy-object-proxy==1.10.0,lxml==5.2.2,markdown-it-py==3.0.0,MarkupSafe==2.1.5,mccabe==0.7.0,mdurl==0.1.2,natsort==8.4.0,numpy==2.0.0,oauthlib==3.2.2,openpyxl==3.1.5,outcome==1.3.0.post0,packaging==24.1,pandas==2.2.2,pathspec==0.11.2,pillow==10.4.0,pip==24.1.2,platformdirs==4.2.2,ply==3.11,pycparser==2.22,Pygments==2.18.0,pylint==3.2.5,PySocks==1.7.1,python-dateutil==2.9.0.post0,python-docx==1.1.2,pytz==2024.1,pywin32==306,PyYAML==6.0.1,referencing==0.35.1,requests==2.32.3,requests-oauthlib==2.0.0,requests-toolbelt==1.0.0,rich==13.7.1,rich-click==1.6.1,robotframework==6.0.2,robotframework-datadriver==1.9.0,robotframework-excellib==2.0.1,robotframework-jsonlibrary==0.5,robotframework-pabot==2.16.0,robotframework-pythonlibcore==4.2.0,robotframework-requests==0.9.2,robotframework-sapguilibrary==1.1,robotframework-seleniumlibrary==5.1.3,robotframework-stacktrace==0.4.1,robotframework-tidy==4.5.0,rpds-py==0.19.0,selenium==4.9.1,setuptools==71.0.2,six==1.16.0,smmap==5.0.1,sniffio==1.3.1,sortedcontainers==2.4.0,soupsieve==2.5,tomli==2.0.1,tomlkit==0.13.0,tqdm==4.67.1,trio==0.26.0,trio-websocket==0.11.1,typing_extensions==4.12.2,tzdata==2024.1,urllib3==2.2.2,wheel==0.43.0,wrapt==1.16.0,wsproto==1.2.0,xlrd==2.0.1,XlsxWriter==3.2.0</meta>
<status status="PASS" starttime="20250205 18:22:31.077" endtime="20250205 18:23:18.603"/>
</suite>
<statistics>
<total>
<stat pass="1" fail="0" skip="0">All Tests</stat>
</total>
<tag>
<stat pass="1" fail="0" skip="0">Regression</stat>
<stat pass="1" fail="0" skip="0">Testreport</stat>
</tag>
<suite>
<stat pass="1" fail="0" skip="0" id="s1" name="Tests">Tests</stat>
<stat pass="1" fail="0" skip="0" id="s1-s1" name="Resource">Tests.Resource</stat>
<stat pass="1" fail="0" skip="0" id="s1-s1-s1" name="Report Generation copy">Tests.Resource.Report Generation copy</stat>
</suite>
</statistics>
<errors>
</errors>
</robot>
