<?xml version="1.0" encoding="UTF-8"?>
<robot generator="Robot 6.0.2 (Python 3.12.4 on win32)" generated="20240906 05:48:10.812" rpa="false" schemaversion="3">
<suite id="s1" name="Tests" source="C:\SAP_Testing\SAPtesting\Tests">
<kw name="Setup highest level suite" type="SETUP">
<kw name="Set Variable" library="BuiltIn">
<var>${d.test_server}</var>
<arg>${test_server}</arg>
<doc>Returns the given values which can then be assigned to a variables.</doc>
<msg timestamp="20240906 05:48:11.703" level="INFO">${d.test_server} = Dev</msg>
<status status="PASS" starttime="20240906 05:48:11.702" endtime="20240906 05:48:11.703"/>
</kw>
<kw name="Reset screenshot count variable" library="Support">
<kw name="Set Variable" library="BuiltIn">
<var>${screenshotCount}</var>
<arg>${PABOTQUEUEINDEX}_1</arg>
<doc>Returns the given values which can then be assigned to a variables.</doc>
<msg timestamp="20240906 05:48:11.703" level="INFO">${screenshotCount} = 0_1</msg>
<status status="PASS" starttime="20240906 05:48:11.703" endtime="20240906 05:48:11.704"/>
</kw>
<kw name="Set Global Variable" library="BuiltIn">
<arg>${screenshotCount}</arg>
<doc>Makes a variable available globally in all tests and suites.</doc>
<msg timestamp="20240906 05:48:11.704" level="INFO">${screenshotCount} = 0_1</msg>
<status status="PASS" starttime="20240906 05:48:11.704" endtime="20240906 05:48:11.704"/>
</kw>
<kw name="Set up screenshot directory" library="Support">
<kw name="Create Directory" library="OperatingSystem">
<arg>${OUTPUTDIR}${/}${wvar('screenshot_dir')}</arg>
<doc>Creates the specified directory.</doc>
<msg timestamp="20240906 05:48:11.705" level="INFO">Web.Dev.screenshot_dir: Screenshot</msg>
<msg timestamp="20240906 05:48:11.711" level="INFO" html="true">Created directory '&lt;a href="file://C:\SAP_Testing\SAPtesting\Output\pabot_results\0\Screenshot"&gt;C:\SAP_Testing\SAPtesting\Output\pabot_results\0\Screenshot&lt;/a&gt;'.</msg>
<status status="PASS" starttime="20240906 05:48:11.704" endtime="20240906 05:48:11.711"/>
</kw>
<status status="PASS" starttime="20240906 05:48:11.704" endtime="20240906 05:48:11.711"/>
</kw>
<status status="PASS" starttime="20240906 05:48:11.703" endtime="20240906 05:48:11.711"/>
</kw>
<kw name="Set Global Variable" library="BuiltIn">
<arg>${screenshot_taking}</arg>
<arg>${True}</arg>
<doc>Makes a variable available globally in all tests and suites.</doc>
<msg timestamp="20240906 05:48:11.712" level="INFO">${screenshot_taking} = True</msg>
<status status="PASS" starttime="20240906 05:48:11.711" endtime="20240906 05:48:11.712"/>
</kw>
<kw name="Setup linux execution" library="Support">
<kw name="Run Keyword And Return Status" library="BuiltIn">
<var>${web_test_check}</var>
<arg>Variable Should Exist</arg>
<arg>${web_test}</arg>
<doc>Runs the given keyword with given arguments and returns the status as a Boolean value.</doc>
<kw name="Variable Should Exist" library="BuiltIn">
<arg>${web_test}</arg>
<doc>Fails unless the given variable exists within the current scope.</doc>
<status status="PASS" starttime="20240906 05:48:11.713" endtime="20240906 05:48:11.713"/>
</kw>
<msg timestamp="20240906 05:48:11.713" level="INFO">${web_test_check} = True</msg>
<status status="PASS" starttime="20240906 05:48:11.712" endtime="20240906 05:48:11.713"/>
</kw>
<kw name="Run Keyword If" library="BuiltIn">
<arg>${web_test_check}</arg>
<arg>Setup Docker Execution Options</arg>
<doc>Runs the given keyword with the given arguments, if ``condition`` is true.</doc>
<kw name="Setup Docker Execution Options" library="Support_Web">
<kw name="Setup Suite Metadata" library="Support_Web">
<arg>${browser}</arg>
<kw name="Get Browser Metadata" library="BrowserSupport">
<var>&amp;{browser_information}</var>
<arg>browser=${browser}</arg>
<doc>Fetches browser metadata information
:param browser: Name of the browser for which information is fetched
:param reload: Re-read the metadata based on the browser
:return: Browser metadata information, dict of format
            {"browser_version": browser version value,
             "driver_version": driver version value}</doc>
<msg timestamp="20240906 05:48:15.095" level="INFO">&amp;{browser_information} = { browser_version=128.0.6613.120 | driver_version=128.0.6613.119  }</msg>
<status status="PASS" starttime="20240906 05:48:11.714" endtime="20240906 05:48:15.095"/>
</kw>
<kw name="Set Suite Metadata" library="BuiltIn">
<arg>test_browser_name</arg>
<arg>${browser}</arg>
<doc>Sets metadata for the current test suite.</doc>
<msg timestamp="20240906 05:48:15.096" level="INFO">Set suite metadata 'test_browser_name' to value 'chrome'.</msg>
<status status="PASS" starttime="20240906 05:48:15.095" endtime="20240906 05:48:15.096"/>
</kw>
<kw name="Set Suite Metadata" library="BuiltIn">
<arg>test_browser_version</arg>
<arg>${browser_information.browser_version}</arg>
<doc>Sets metadata for the current test suite.</doc>
<msg timestamp="20240906 05:48:15.097" level="INFO">Set suite metadata 'test_browser_version' to value '128.0.6613.120'.</msg>
<status status="PASS" starttime="20240906 05:48:15.096" endtime="20240906 05:48:15.097"/>
</kw>
<kw name="Set Suite Metadata" library="BuiltIn">
<arg>test_driver_version</arg>
<arg>${browser_information.driver_version}</arg>
<doc>Sets metadata for the current test suite.</doc>
<msg timestamp="20240906 05:48:15.098" level="INFO">Set suite metadata 'test_driver_version' to value '128.0.6613.119 '.</msg>
<status status="PASS" starttime="20240906 05:48:15.097" endtime="20240906 05:48:15.098"/>
</kw>
<status status="PASS" starttime="20240906 05:48:11.714" endtime="20240906 05:48:15.098"/>
</kw>
<kw name="Setup Global Docker Execution Options" library="Support_Web">
<kw name="Set Global Variable" library="BuiltIn">
<arg>${global_browser_options}</arg>
<arg>None</arg>
<doc>Makes a variable available globally in all tests and suites.</doc>
<msg timestamp="20240906 05:48:15.100" level="INFO">${global_browser_options} = None</msg>
<status status="PASS" starttime="20240906 05:48:15.099" endtime="20240906 05:48:15.100"/>
</kw>
<kw name="Get Environment Variable" library="OperatingSystem">
<var>${docker_check}</var>
<arg>EXECUTION_ENVIRONMENT</arg>
<arg>not_found</arg>
<doc>Returns the value of an environment variable with the given name.</doc>
<msg timestamp="20240906 05:48:15.101" level="INFO">${docker_check} = not_found</msg>
<status status="PASS" starttime="20240906 05:48:15.100" endtime="20240906 05:48:15.101"/>
</kw>
<kw name="Run Keyword And Return If" library="BuiltIn">
<arg>"${docker_check}"!="docker"</arg>
<arg>Log</arg>
<arg>Not executing on Docker</arg>
<doc>Runs the specified keyword and returns from the enclosing user keyword.</doc>
<kw name="Log" library="BuiltIn">
<arg>Not executing on Docker</arg>
<doc>Logs the given message with the given level.</doc>
<msg timestamp="20240906 05:48:15.117" level="INFO">Not executing on Docker</msg>
<status status="PASS" starttime="20240906 05:48:15.116" endtime="20240906 05:48:15.117"/>
</kw>
<msg timestamp="20240906 05:48:15.117" level="INFO">Returning from the enclosing user keyword.</msg>
<status status="PASS" starttime="20240906 05:48:15.101" endtime="20240906 05:48:15.117"/>
</kw>
<kw name="Create List" library="BuiltIn">
<var>@{options}</var>
<arg>--headless</arg>
<arg>--no-sandbox</arg>
<arg>--disable-dev-shm-usage</arg>
<doc>Returns a list containing given items.</doc>
<status status="NOT RUN" starttime="20240906 05:48:15.117" endtime="20240906 05:48:15.117"/>
</kw>
<kw name="Set Global Variable" library="BuiltIn">
<arg>@{docker_options}</arg>
<arg>@{options}</arg>
<doc>Makes a variable available globally in all tests and suites.</doc>
<status status="NOT RUN" starttime="20240906 05:48:15.119" endtime="20240906 05:48:15.119"/>
</kw>
<status status="PASS" starttime="20240906 05:48:15.099" endtime="20240906 05:48:15.119"/>
</kw>
<kw name="Create Webdriver for chrome preferences" library="Support_Web">
<kw name="Update Docker Execution Options" library="Support_Web">
<var>${list_prefs}</var>
<arg>${list_prefs}</arg>
<kw name="Run Keyword And Return Status" library="BuiltIn">
<var>${docker_check}</var>
<arg>Variable Should Exist</arg>
<arg>${docker_options}</arg>
<doc>Runs the given keyword with given arguments and returns the status as a Boolean value.</doc>
<kw name="Variable Should Exist" library="BuiltIn">
<arg>${docker_options}</arg>
<doc>Fails unless the given variable exists within the current scope.</doc>
<msg timestamp="20240906 05:48:15.123" level="FAIL">Variable '${docker_options}' does not exist.</msg>
<status status="FAIL" starttime="20240906 05:48:15.120" endtime="20240906 05:48:15.124"/>
</kw>
<msg timestamp="20240906 05:48:15.124" level="INFO">${docker_check} = False</msg>
<status status="PASS" starttime="20240906 05:48:15.120" endtime="20240906 05:48:15.124"/>
</kw>
<kw name="Get Length" library="BuiltIn">
<var>${list_prefs_length}</var>
<arg>${list_prefs}</arg>
<doc>Returns and logs the length of the given item as an integer.</doc>
<msg timestamp="20240906 05:48:15.125" level="INFO">Length is 1</msg>
<msg timestamp="20240906 05:48:15.125" level="INFO">${list_prefs_length} = 1</msg>
<status status="PASS" starttime="20240906 05:48:15.124" endtime="20240906 05:48:15.125"/>
</kw>
<kw name="Run Keyword If" library="BuiltIn">
<var>${list_prefs}</var>
<arg>${docker_check} and ${list_prefs_length}&gt;0 and ${list_prefs}[0] != []</arg>
<arg>Combine Lists</arg>
<arg>${list_prefs}</arg>
<arg>${docker_options}</arg>
<arg>ELSE IF</arg>
<arg>${docker_check}</arg>
<arg>Set Variable</arg>
<arg>${docker_options}</arg>
<arg>ELSE</arg>
<arg>Set Variable</arg>
<arg>${list_prefs}</arg>
<doc>Runs the given keyword with the given arguments, if ``condition`` is true.</doc>
<kw name="Set Variable" library="BuiltIn">
<arg>${list_prefs}</arg>
<doc>Returns the given values which can then be assigned to a variables.</doc>
<status status="PASS" starttime="20240906 05:48:15.126" endtime="20240906 05:48:15.126"/>
</kw>
<msg timestamp="20240906 05:48:15.126" level="INFO">${list_prefs} = [[]]</msg>
<status status="PASS" starttime="20240906 05:48:15.125" endtime="20240906 05:48:15.126"/>
</kw>
<msg timestamp="20240906 05:48:15.126" level="INFO">${list_prefs} = [[]]</msg>
<status status="PASS" starttime="20240906 05:48:15.119" endtime="20240906 05:48:15.126"/>
</kw>
<kw name="Create Chrome Options for download preferences" library="Support_Web">
<var>${chrome_options}</var>
<kw name="Evaluate" library="BuiltIn">
<var>${chrome_options}</var>
<arg>sys.modules['selenium.webdriver'].ChromeOptions()</arg>
<arg>sys</arg>
<doc>Evaluates the given expression in Python and returns the result.</doc>
<msg timestamp="20240906 05:48:15.127" level="INFO">${chrome_options} = &lt;selenium.webdriver.chrome.options.Options object at 0x000002787F0AA660&gt;</msg>
<status status="PASS" starttime="20240906 05:48:15.127" endtime="20240906 05:48:15.127"/>
</kw>
<msg timestamp="20240906 05:48:15.127" level="INFO">${chrome_options} = &lt;selenium.webdriver.chrome.options.Options object at 0x000002787F0AA660&gt;</msg>
<status status="PASS" starttime="20240906 05:48:15.126" endtime="20240906 05:48:15.127"/>
</kw>
<kw name="Update Preferences List" library="Support_Web">
<arg>${chrome_options}</arg>
<arg>@{list_prefs}</arg>
<kw name="Convert To String" library="BuiltIn">
<var>${string_prefs}</var>
<arg>${list_prefs}</arg>
<doc>Converts the given item to a Unicode string.</doc>
<msg timestamp="20240906 05:48:15.128" level="INFO">${string_prefs} = [[]]</msg>
<status status="PASS" starttime="20240906 05:48:15.128" endtime="20240906 05:48:15.128"/>
</kw>
<kw name="Return From Keyword If" library="BuiltIn">
<arg>${string_prefs} == [[]]</arg>
<doc>Returns from the enclosing user keyword if ``condition`` is true.</doc>
<msg timestamp="20240906 05:48:15.130" level="INFO">Returning from the enclosing user keyword.</msg>
<status status="PASS" starttime="20240906 05:48:15.130" endtime="20240906 05:48:15.130"/>
</kw>
<for flavor="IN">
<var>${preference}</var>
<value>@{list_prefs}</value>
<iter>
<var name="${preference}"/>
<kw name="Call Method" library="BuiltIn">
<arg>${chrome_options}</arg>
<arg>add_argument</arg>
<arg>${preference}</arg>
<doc>Calls the named method of the given object with the provided arguments.</doc>
<status status="NOT RUN" starttime="20240906 05:48:15.139" endtime="20240906 05:48:15.139"/>
</kw>
<status status="NOT RUN" starttime="20240906 05:48:15.139" endtime="20240906 05:48:15.139"/>
</iter>
<status status="NOT RUN" starttime="20240906 05:48:15.130" endtime="20240906 05:48:15.140"/>
</for>
<status status="PASS" starttime="20240906 05:48:15.127" endtime="20240906 05:48:15.141"/>
</kw>
<kw name="Call Method" library="BuiltIn">
<arg>${chrome_options}</arg>
<arg>add_experimental_option</arg>
<arg>prefs</arg>
<arg>${kw_prefs}</arg>
<doc>Calls the named method of the given object with the provided arguments.</doc>
<status status="PASS" starttime="20240906 05:48:15.141" endtime="20240906 05:48:15.142"/>
</kw>
<kw name="Set Global Variable" library="BuiltIn">
<arg>${global_browser_options}</arg>
<arg>${chrome options}</arg>
<doc>Makes a variable available globally in all tests and suites.</doc>
<msg timestamp="20240906 05:48:15.143" level="INFO">${global_browser_options} = &lt;selenium.webdriver.chrome.options.Options object at 0x000002787F0AA660&gt;</msg>
<status status="PASS" starttime="20240906 05:48:15.142" endtime="20240906 05:48:15.143"/>
</kw>
<status status="PASS" starttime="20240906 05:48:15.119" endtime="20240906 05:48:15.143"/>
</kw>
<status status="PASS" starttime="20240906 05:48:11.714" endtime="20240906 05:48:15.143"/>
</kw>
<status status="PASS" starttime="20240906 05:48:11.713" endtime="20240906 05:48:15.143"/>
</kw>
<status status="PASS" starttime="20240906 05:48:11.712" endtime="20240906 05:48:15.144"/>
</kw>
<kw name="Set Suite Metadata" library="BuiltIn">
<arg>environment</arg>
<arg>${test_server}</arg>
<doc>Sets metadata for the current test suite.</doc>
<msg timestamp="20240906 05:48:15.144" level="INFO">Set suite metadata 'environment' to value 'Dev'.</msg>
<status status="PASS" starttime="20240906 05:48:15.144" endtime="20240906 05:48:15.144"/>
</kw>
<status status="PASS" starttime="20240906 05:48:11.701" endtime="20240906 05:48:15.145"/>
</kw>
<suite id="s1-s1" name="Test Verify Pre requisite" source="C:\SAP_Testing\SAPtesting\Tests\Test_Verify_Pre_requisite.robot">
<kw name="System Logon" library="Verify_Pre_requisite" type="SETUP">
<kw name="Start Process" library="Process">
<arg>${symvar('ABAP_SAP_SERVER')}</arg>
<doc>Starts a new process on background.</doc>
<msg timestamp="20240906 05:48:15.763" level="INFO">Sym.Dev.ABAP_SAP_SERVER: C:\Program Files (x86)\SAP\FrontEnd\SAPGUI\saplogon.exe</msg>
<msg timestamp="20240906 05:48:15.763" level="INFO">Starting process:
"C:\Program Files (x86)\SAP\FrontEnd\SAPGUI\saplogon.exe"</msg>
<status status="PASS" starttime="20240906 05:48:15.763" endtime="20240906 05:48:15.769"/>
</kw>
<kw name="Connect To Session" library="SAP_Tcode_Library">
<doc>Connects to an open session SAP.</doc>
<status status="PASS" starttime="20240906 05:48:15.769" endtime="20240906 05:48:15.795"/>
</kw>
<kw name="Open Connection" library="SAP_Tcode_Library">
<arg>${symvar('ABAP_Connection')}</arg>
<doc>Opens a connection to the given connection name. Be sure to provide the full connection name, including the bracket part.</doc>
<msg timestamp="20240906 05:48:15.797" level="INFO">Sym.Dev.ABAP_Connection: RBT</msg>
<status status="PASS" starttime="20240906 05:48:15.796" endtime="20240906 05:48:16.714"/>
</kw>
<kw name="Input Text" library="SAP_Tcode_Library">
<arg>wnd[0]/usr/txtRSYST-MANDT</arg>
<arg>${symvar('ABAP_CLIENT')}</arg>
<doc>Inserts the given text into the text field identified by locator.
Use keyword `input password` to insert a password in a text field.</doc>
<msg timestamp="20240906 05:48:16.715" level="INFO">Sym.Dev.ABAP_CLIENT: 000</msg>
<msg timestamp="20240906 05:48:16.817" level="INFO">Typing text '000' into text field 'wnd[0]/usr/txtRSYST-MANDT'.</msg>
<status status="PASS" starttime="20240906 05:48:16.714" endtime="20240906 05:48:16.817"/>
</kw>
<kw name="Input Text" library="SAP_Tcode_Library">
<arg>wnd[0]/usr/txtRSYST-BNAME</arg>
<arg>${symvar('ABAP_USER')}</arg>
<doc>Inserts the given text into the text field identified by locator.
Use keyword `input password` to insert a password in a text field.</doc>
<msg timestamp="20240906 05:48:16.817" level="INFO">Sym.Dev.ABAP_USER: DDIC</msg>
<msg timestamp="20240906 05:48:16.823" level="INFO">Typing text 'DDIC' into text field 'wnd[0]/usr/txtRSYST-BNAME'.</msg>
<status status="PASS" starttime="20240906 05:48:16.817" endtime="20240906 05:48:16.823"/>
</kw>
<kw name="Input Password" library="SAP_Tcode_Library">
<arg>wnd[0]/usr/pwdRSYST-BCODE</arg>
<arg>%{ABAP_PASSWORD}</arg>
<doc>Inserts the given password into the text field identified by locator.
The password is not recorded in the log.</doc>
<msg timestamp="20240906 05:48:16.823" level="INFO">Typing password into text field 'wnd[0]/usr/pwdRSYST-BCODE'.</msg>
<status status="PASS" starttime="20240906 05:48:16.823" endtime="20240906 05:48:16.823"/>
</kw>
<kw name="Send Vkey" library="SAP_Tcode_Library">
<arg>0</arg>
<doc>Sends a SAP virtual key combination to the window, not into an element.
If you want to send a value to a text field, use `input text` instead.</doc>
<status status="PASS" starttime="20240906 05:48:16.823" endtime="20240906 05:48:17.093"/>
</kw>
<kw name="Multiple Logon Handling" library="SAP_Tcode_Library">
<arg>wnd[1]</arg>
<arg>wnd[1]/usr/radMULTI_LOGON_OPT2</arg>
<arg>wnd[1]/tbar[0]/btn[0]</arg>
<msg timestamp="20240906 05:48:17.551" level="INFO">Multiple logon exists</msg>
<status status="PASS" starttime="20240906 05:48:17.093" endtime="20240906 05:48:17.551"/>
</kw>
<status status="PASS" starttime="20240906 05:48:15.763" endtime="20240906 05:48:17.551"/>
</kw>
<test id="s1-s1-t1" name="Verify the system is ready for ALM configuration" line="8">
<kw name="SAP BASIS Release" library="Verify_Pre_requisite">
<kw name="Click Element" library="SAP_Tcode_Library">
<arg>wnd[0]/mbar/menu[4]/menu[11]</arg>
<doc>Performs a single click on a given element. Used only for buttons, tabs and menu items.</doc>
<status status="PASS" starttime="20240906 05:48:17.551" endtime="20240906 05:48:17.772"/>
</kw>
<kw name="Click Element" library="SAP_Tcode_Library">
<arg>wnd[1]/usr/btnPRELINFO</arg>
<doc>Performs a single click on a given element. Used only for buttons, tabs and menu items.</doc>
<status status="PASS" starttime="20240906 05:48:17.772" endtime="20240906 05:48:18.296"/>
</kw>
<kw name="Software Component Version" library="SAP_Tcode_Library">
<var>${version}</var>
<arg>wnd[2]/usr/tabsVERSDETAILS/tabpCOMP_VERS/ssubDETAIL_SUBSCREEN:SAPLOCS_UI_CONTROLS:0301/cntlSCV_CU_CONTROL/shellcont/shell</arg>
<arg>SAP_BASIS</arg>
<msg timestamp="20240906 05:48:18.411" level="INFO">0
SAP_BASIS
Found version for SAP_BASIS: 750</msg>
<msg timestamp="20240906 05:48:18.411" level="INFO">${version} = 750</msg>
<status status="PASS" starttime="20240906 05:48:18.296" endtime="20240906 05:48:18.411"/>
</kw>
<if>
<branch type="IF" condition="'${version}' &gt;= '750'">
<kw name="Log To Console" library="BuiltIn">
<arg>**gbStart**copilot_status**splitKeyValue**Version of SAP_BASIS is ${version}**gbEnd**</arg>
<doc>Logs the given message to the console.</doc>
<status status="PASS" starttime="20240906 05:48:18.411" endtime="20240906 05:48:18.411"/>
</kw>
<status status="PASS" starttime="20240906 05:48:18.411" endtime="20240906 05:48:18.411"/>
</branch>
<branch type="ELSE">
<kw name="Log To Console" library="BuiltIn">
<arg>**gbStart**copilot_status**splitKeyValue**Technical Prerequisties not met . SAP BASIS version too low.**gbEnd**</arg>
<doc>Logs the given message to the console.</doc>
<status status="NOT RUN" starttime="20240906 05:48:18.411" endtime="20240906 05:48:18.411"/>
</kw>
<status status="NOT RUN" starttime="20240906 05:48:18.411" endtime="20240906 05:48:18.411"/>
</branch>
<status status="PASS" starttime="20240906 05:48:18.411" endtime="20240906 05:48:18.411"/>
</if>
<status status="PASS" starttime="20240906 05:48:17.551" endtime="20240906 05:48:18.411"/>
</kw>
<kw name="SAP UI Release" library="Verify_Pre_requisite">
<kw name="Software Component Version" library="SAP_Tcode_Library">
<var>${version}</var>
<arg>wnd[2]/usr/tabsVERSDETAILS/tabpCOMP_VERS/ssubDETAIL_SUBSCREEN:SAPLOCS_UI_CONTROLS:0301/cntlSCV_CU_CONTROL/shellcont/shell</arg>
<arg>SAP_UI</arg>
<msg timestamp="20240906 05:48:18.411" level="INFO">0
SAP_BASIS
Component SAP_UI not found.
1
SAP_ABA
Component SAP_UI not found.
2
SAP_GWFND
Component SAP_UI not found.
3
SAP_UI
Found version for SAP_UI: 750</msg>
<msg timestamp="20240906 05:48:18.411" level="INFO">${version} = 750</msg>
<status status="PASS" starttime="20240906 05:48:18.411" endtime="20240906 05:48:18.411"/>
</kw>
<kw name="Software Support Package Version" library="SAP_Tcode_Library">
<var>${support_package}</var>
<arg>wnd[2]/usr/tabsVERSDETAILS/tabpCOMP_VERS/ssubDETAIL_SUBSCREEN:SAPLOCS_UI_CONTROLS:0301/cntlSCV_CU_CONTROL/shellcont/shell</arg>
<arg>SAP_UI</arg>
<msg timestamp="20240906 05:48:18.411" level="INFO">Component SAP_UI not found.
Component SAP_UI not found.
Component SAP_UI not found.</msg>
<msg timestamp="20240906 05:48:18.411" level="INFO">${support_package} = -</msg>
<status status="PASS" starttime="20240906 05:48:18.411" endtime="20240906 05:48:18.411"/>
</kw>
<if>
<branch type="IF" condition="'${version}' == '740'">
<if>
<branch type="IF" condition="'${support_package}' &gt;= 'SAPK-74014INSAPUI'">
<kw name="Log To Console" library="BuiltIn">
<arg>**gbStart**copilot_status**splitKeyValue**Version of SAP_UI is ${version} and support package is ${support_package}**gbEnd**</arg>
<doc>Logs the given message to the console.</doc>
<status status="NOT RUN" starttime="20240906 05:48:18.424" endtime="20240906 05:48:18.424"/>
</kw>
<status status="NOT RUN" starttime="20240906 05:48:18.424" endtime="20240906 05:48:18.424"/>
</branch>
<branch type="ELSE">
<kw name="Log To Console" library="BuiltIn">
<arg>**gbStart**copilot_status**splitKeyValue**Technical Prerequisties not met . SAP UI version too low.**gbEnd**</arg>
<doc>Logs the given message to the console.</doc>
<status status="NOT RUN" starttime="20240906 05:48:18.424" endtime="20240906 05:48:18.424"/>
</kw>
<status status="NOT RUN" starttime="20240906 05:48:18.424" endtime="20240906 05:48:18.424"/>
</branch>
<status status="NOT RUN" starttime="20240906 05:48:18.424" endtime="20240906 05:48:18.424"/>
</if>
<status status="NOT RUN" starttime="20240906 05:48:18.411" endtime="20240906 05:48:18.424"/>
</branch>
<branch type="ELSE IF" condition="'${version}' &gt;= '740'">
<kw name="Log To Console" library="BuiltIn">
<arg>**gbStart**copilot_status**splitKeyValue**Version of SAP_UI is ${version}**gbEnd**</arg>
<doc>Logs the given message to the console.</doc>
<status status="PASS" starttime="20240906 05:48:18.424" endtime="20240906 05:48:18.424"/>
</kw>
<status status="PASS" starttime="20240906 05:48:18.424" endtime="20240906 05:48:18.424"/>
</branch>
<branch type="ELSE">
<kw name="Log To Console" library="BuiltIn">
<arg>**gbStart**copilot_status**splitKeyValue**Technical Prerequisties not met . SAP UI version too low.**gbEnd**</arg>
<doc>Logs the given message to the console.</doc>
<status status="NOT RUN" starttime="20240906 05:48:18.424" endtime="20240906 05:48:18.424"/>
</kw>
<status status="NOT RUN" starttime="20240906 05:48:18.424" endtime="20240906 05:48:18.424"/>
</branch>
<status status="PASS" starttime="20240906 05:48:18.411" endtime="20240906 05:48:18.424"/>
</if>
<status status="PASS" starttime="20240906 05:48:18.411" endtime="20240906 05:48:18.424"/>
</kw>
<kw name="Component ST-PI Version" library="Verify_Pre_requisite">
<kw name="Software Component Version" library="SAP_Tcode_Library">
<var>${version}</var>
<arg>wnd[2]/usr/tabsVERSDETAILS/tabpCOMP_VERS/ssubDETAIL_SUBSCREEN:SAPLOCS_UI_CONTROLS:0301/cntlSCV_CU_CONTROL/shellcont/shell</arg>
<arg>ST-PI</arg>
<msg timestamp="20240906 05:48:18.424" level="INFO">0
SAP_BASIS
Component ST-PI not found.
1
SAP_ABA
Component ST-PI not found.
2
SAP_GWFND
Component ST-PI not found.
3
SAP_UI
Component ST-PI not found.
4
ST-PI
Found version for ST-PI: 740</msg>
<msg timestamp="20240906 05:48:18.424" level="INFO">${version} = 740</msg>
<status status="PASS" starttime="20240906 05:48:18.424" endtime="20240906 05:48:18.424"/>
</kw>
<kw name="Software Support Package Version" library="SAP_Tcode_Library">
<var>${support_package}</var>
<arg>wnd[2]/usr/tabsVERSDETAILS/tabpCOMP_VERS/ssubDETAIL_SUBSCREEN:SAPLOCS_UI_CONTROLS:0301/cntlSCV_CU_CONTROL/shellcont/shell</arg>
<arg>ST-PI</arg>
<msg timestamp="20240906 05:48:18.442" level="INFO">Component ST-PI not found.
Component ST-PI not found.
Component ST-PI not found.
Component ST-PI not found.</msg>
<msg timestamp="20240906 05:48:18.442" level="INFO">${support_package} = SAPK-74027INSTPI</msg>
<status status="PASS" starttime="20240906 05:48:18.424" endtime="20240906 05:48:18.442"/>
</kw>
<if>
<branch type="IF" condition="'${version}' == '740'">
<if>
<msg timestamp="20240906 05:48:18.442" level="INFO">Sym.Dev.Current_Version: SAPK-74027INSTPI</msg>
<branch type="IF" condition="'${support_package}' &gt;= '${symvar('Current_Version')}'">
<kw name="Log To Console" library="BuiltIn">
<arg>**gbStart**copilot_status**splitKeyValue**Version of ST-PI is ${version} and support package is ${support_package}**gbEnd**</arg>
<doc>Logs the given message to the console.</doc>
<status status="PASS" starttime="20240906 05:48:18.442" endtime="20240906 05:48:18.442"/>
</kw>
<status status="PASS" starttime="20240906 05:48:18.442" endtime="20240906 05:48:18.442"/>
</branch>
<branch type="ELSE">
<kw name="Log To Console" library="BuiltIn">
<arg>**gbStart**copilot_status**splitKeyValue**Technical Prerequisties not met . ST-PI version too low.**gbEnd**</arg>
<doc>Logs the given message to the console.</doc>
<status status="NOT RUN" starttime="20240906 05:48:18.442" endtime="20240906 05:48:18.442"/>
</kw>
<status status="NOT RUN" starttime="20240906 05:48:18.442" endtime="20240906 05:48:18.442"/>
</branch>
<status status="PASS" starttime="20240906 05:48:18.442" endtime="20240906 05:48:18.442"/>
</if>
<status status="PASS" starttime="20240906 05:48:18.442" endtime="20240906 05:48:18.442"/>
</branch>
<branch type="ELSE IF" condition="'${version}' &gt;= '740'">
<kw name="Log To Console" library="BuiltIn">
<arg>**gbStart**copilot_status**splitKeyValue**Version of ST-PI is ${version}**gbEnd**</arg>
<doc>Logs the given message to the console.</doc>
<status status="NOT RUN" starttime="20240906 05:48:18.442" endtime="20240906 05:48:18.442"/>
</kw>
<status status="NOT RUN" starttime="20240906 05:48:18.442" endtime="20240906 05:48:18.442"/>
</branch>
<branch type="ELSE">
<kw name="Log To Console" library="BuiltIn">
<arg>**gbStart**copilot_status**splitKeyValue**Technical Prerequisties not met . ST-PI version too low.**gbEnd**</arg>
<doc>Logs the given message to the console.</doc>
<status status="NOT RUN" starttime="20240906 05:48:18.442" endtime="20240906 05:48:18.442"/>
</kw>
<status status="NOT RUN" starttime="20240906 05:48:18.442" endtime="20240906 05:48:18.442"/>
</branch>
<status status="PASS" starttime="20240906 05:48:18.442" endtime="20240906 05:48:18.442"/>
</if>
<kw name="Log To Console" library="BuiltIn">
<arg>**gbStart**ST_PI_version**splitKeyValue**ST-PI ${version}**gbEnd**</arg>
<doc>Logs the given message to the console.</doc>
<status status="PASS" starttime="20240906 05:48:18.442" endtime="20240906 05:48:18.442"/>
</kw>
<kw name="Log To Console" library="BuiltIn">
<arg>**gbStart**supportpackage**splitKeyValue**${support_package}**gbEnd**</arg>
<doc>Logs the given message to the console.</doc>
<status status="PASS" starttime="20240906 05:48:18.442" endtime="20240906 05:48:18.442"/>
</kw>
<kw name="Close Window" library="SAP_Tcode_Library">
<arg>wnd[2]</arg>
<status status="PASS" starttime="20240906 05:48:18.442" endtime="20240906 05:48:18.678"/>
</kw>
<kw name="Close Window" library="SAP_Tcode_Library">
<arg>wnd[1]</arg>
<status status="PASS" starttime="20240906 05:48:18.678" endtime="20240906 05:48:18.805"/>
</kw>
<status status="PASS" starttime="20240906 05:48:18.424" endtime="20240906 05:48:18.805"/>
</kw>
<kw name="Verify parameter in RZ10" library="Verify_Pre_requisite">
<kw name="Run Transaction" library="SAP_Tcode_Library">
<arg>/nRZ10</arg>
<doc>Runs a Sap transaction. An error is given when an unknown transaction is specified.</doc>
<status status="PASS" starttime="20240906 05:48:18.805" endtime="20240906 05:48:19.035"/>
</kw>
<kw name="Send Vkey" library="SAP_Tcode_Library">
<arg>4</arg>
<arg>window=0</arg>
<doc>Sends a SAP virtual key combination to the window, not into an element.
If you want to send a value to a text field, use `input text` instead.</doc>
<status status="PASS" starttime="20240906 05:48:19.043" endtime="20240906 05:48:19.217"/>
</kw>
<kw name="Select Profile Label" library="SAP_Tcode_Library">
<arg>wnd[1]/usr</arg>
<arg>DEFAULT</arg>
<msg timestamp="20240906 05:48:19.317" level="INFO">Text Found: DEFAULT</msg>
<status status="PASS" starttime="20240906 05:48:19.217" endtime="20240906 05:48:19.317"/>
</kw>
<kw name="Click Element" library="SAP_Tcode_Library">
<arg>wnd[1]/tbar[0]/btn[0]</arg>
<doc>Performs a single click on a given element. Used only for buttons, tabs and menu items.</doc>
<status status="PASS" starttime="20240906 05:48:19.317" endtime="20240906 05:48:19.488"/>
</kw>
<kw name="Select Radio Button" library="SAP_Tcode_Library">
<arg>wnd[0]/usr/radSPFL1010-EXPERT</arg>
<doc>Sets radio button to the specified value.</doc>
<status status="PASS" starttime="20240906 05:48:19.488" endtime="20240906 05:48:19.488"/>
</kw>
<kw name="Click Element" library="SAP_Tcode_Library">
<arg>wnd[0]/usr/btnEDIT_PUSH</arg>
<doc>Performs a single click on a given element. Used only for buttons, tabs and menu items.</doc>
<status status="PASS" starttime="20240906 05:48:19.488" endtime="20240906 05:48:19.767"/>
</kw>
<kw name="Get Length" library="BuiltIn">
<var>${length}</var>
<arg>${parameters}</arg>
<doc>Returns and logs the length of the given item as an integer.</doc>
<msg timestamp="20240906 05:48:19.767" level="INFO">Length is 7</msg>
<msg timestamp="20240906 05:48:19.767" level="INFO">${length} = 7</msg>
<status status="PASS" starttime="20240906 05:48:19.767" endtime="20240906 05:48:19.767"/>
</kw>
<for flavor="IN RANGE">
<var>${i}</var>
<value>0</value>
<value>${length}</value>
<iter>
<var name="${i}">0</var>
<kw name="Check Parameter Found" library="SAP_Tcode_Library">
<var>${result}</var>
<arg>wnd[0]/usr</arg>
<arg>${parameters}[${i}]</arg>
<msg timestamp="20240906 05:48:20.504" level="INFO">ssl/ciphersuites</msg>
<msg timestamp="20240906 05:48:20.504" level="INFO">${result} = ssl/ciphersuites</msg>
<status status="PASS" starttime="20240906 05:48:19.767" endtime="20240906 05:48:20.504"/>
</kw>
<kw name="Log To Console" library="BuiltIn">
<arg>${result}</arg>
<doc>Logs the given message to the console.</doc>
<status status="PASS" starttime="20240906 05:48:20.504" endtime="20240906 05:48:20.504"/>
</kw>
<if>
<branch type="IF" condition="'${result}' == '${parameters}[${i}]'">
<kw name="Get Parameter Value" library="SAP_Tcode_Library">
<arg>wnd[0]/usr</arg>
<arg>${parameters}[${i}]</arg>
<status status="PASS" starttime="20240906 05:48:20.504" endtime="20240906 05:48:21.359"/>
</kw>
<kw name="Get Value" library="SAP_Tcode_Library">
<var>${param_value}</var>
<arg>wnd[0]/usr/sub:SAPLSPF2:0030[0]/txtPARAMETER_INT_VALUES-PVALUE[0,0]</arg>
<doc>Gets the value of the given element. The possible return values depend on the type of element (see Return values).</doc>
<msg timestamp="20240906 05:48:21.359" level="INFO">${param_value} = 135:PFS:HIGH::EC_X25519:EC_P256:EC_HIGH</msg>
<status status="PASS" starttime="20240906 05:48:21.359" endtime="20240906 05:48:21.359"/>
</kw>
<if>
<branch type="IF" condition="'${param_value}' == '${values}[${i}]'">
<kw name="Log To Console" library="BuiltIn">
<arg>${parameters}[${i}] value is ${values}[${i}]</arg>
<doc>Logs the given message to the console.</doc>
<status status="PASS" starttime="20240906 05:48:21.359" endtime="20240906 05:48:21.359"/>
</kw>
<kw name="Click Element" library="SAP_Tcode_Library">
<arg>wnd[0]/tbar[0]/btn[3]</arg>
<doc>Performs a single click on a given element. Used only for buttons, tabs and menu items.</doc>
<status status="PASS" starttime="20240906 05:48:21.359" endtime="20240906 05:48:21.612"/>
</kw>
<status status="PASS" starttime="20240906 05:48:21.359" endtime="20240906 05:48:21.612"/>
</branch>
<branch type="ELSE">
<kw name="Log To Console" library="BuiltIn">
<arg>${parameters}[${i}] value is ${values}[${i}]</arg>
<doc>Logs the given message to the console.</doc>
<status status="NOT RUN" starttime="20240906 05:48:21.612" endtime="20240906 05:48:21.612"/>
</kw>
<status status="NOT RUN" starttime="20240906 05:48:21.612" endtime="20240906 05:48:21.612"/>
</branch>
<status status="PASS" starttime="20240906 05:48:21.359" endtime="20240906 05:48:21.612"/>
</if>
<status status="PASS" starttime="20240906 05:48:20.504" endtime="20240906 05:48:21.612"/>
</branch>
<branch type="ELSE">
<kw name="Log To Console" library="BuiltIn">
<arg>parameter ${parameters}[${i}] is not available</arg>
<doc>Logs the given message to the console.</doc>
<status status="NOT RUN" starttime="20240906 05:48:21.612" endtime="20240906 05:48:21.612"/>
</kw>
<status status="NOT RUN" starttime="20240906 05:48:21.612" endtime="20240906 05:48:21.612"/>
</branch>
<status status="PASS" starttime="20240906 05:48:20.504" endtime="20240906 05:48:21.612"/>
</if>
<status status="PASS" starttime="20240906 05:48:19.767" endtime="20240906 05:48:21.612"/>
</iter>
<iter>
<var name="${i}">1</var>
<kw name="Check Parameter Found" library="SAP_Tcode_Library">
<var>${result}</var>
<arg>wnd[0]/usr</arg>
<arg>${parameters}[${i}]</arg>
<msg timestamp="20240906 05:48:22.290" level="INFO">ssl/client_ciphersuites</msg>
<msg timestamp="20240906 05:48:22.290" level="INFO">${result} = ssl/client_ciphersuites</msg>
<status status="PASS" starttime="20240906 05:48:21.612" endtime="20240906 05:48:22.290"/>
</kw>
<kw name="Log To Console" library="BuiltIn">
<arg>${result}</arg>
<doc>Logs the given message to the console.</doc>
<status status="PASS" starttime="20240906 05:48:22.290" endtime="20240906 05:48:22.290"/>
</kw>
<if>
<branch type="IF" condition="'${result}' == '${parameters}[${i}]'">
<kw name="Get Parameter Value" library="SAP_Tcode_Library">
<arg>wnd[0]/usr</arg>
<arg>${parameters}[${i}]</arg>
<status status="PASS" starttime="20240906 05:48:22.290" endtime="20240906 05:48:23.163"/>
</kw>
<kw name="Get Value" library="SAP_Tcode_Library">
<var>${param_value}</var>
<arg>wnd[0]/usr/sub:SAPLSPF2:0030[0]/txtPARAMETER_INT_VALUES-PVALUE[0,0]</arg>
<doc>Gets the value of the given element. The possible return values depend on the type of element (see Return values).</doc>
<msg timestamp="20240906 05:48:23.179" level="INFO">${param_value} = 150:PFS:HIGH::EC_X25519:EC_P256:EC_HIGH</msg>
<status status="PASS" starttime="20240906 05:48:23.163" endtime="20240906 05:48:23.179"/>
</kw>
<if>
<branch type="IF" condition="'${param_value}' == '${values}[${i}]'">
<kw name="Log To Console" library="BuiltIn">
<arg>${parameters}[${i}] value is ${values}[${i}]</arg>
<doc>Logs the given message to the console.</doc>
<status status="PASS" starttime="20240906 05:48:23.179" endtime="20240906 05:48:23.179"/>
</kw>
<kw name="Click Element" library="SAP_Tcode_Library">
<arg>wnd[0]/tbar[0]/btn[3]</arg>
<doc>Performs a single click on a given element. Used only for buttons, tabs and menu items.</doc>
<status status="PASS" starttime="20240906 05:48:23.179" endtime="20240906 05:48:23.369"/>
</kw>
<status status="PASS" starttime="20240906 05:48:23.179" endtime="20240906 05:48:23.369"/>
</branch>
<branch type="ELSE">
<kw name="Log To Console" library="BuiltIn">
<arg>${parameters}[${i}] value is ${values}[${i}]</arg>
<doc>Logs the given message to the console.</doc>
<status status="NOT RUN" starttime="20240906 05:48:23.369" endtime="20240906 05:48:23.369"/>
</kw>
<status status="NOT RUN" starttime="20240906 05:48:23.369" endtime="20240906 05:48:23.369"/>
</branch>
<status status="PASS" starttime="20240906 05:48:23.179" endtime="20240906 05:48:23.369"/>
</if>
<status status="PASS" starttime="20240906 05:48:22.290" endtime="20240906 05:48:23.369"/>
</branch>
<branch type="ELSE">
<kw name="Log To Console" library="BuiltIn">
<arg>parameter ${parameters}[${i}] is not available</arg>
<doc>Logs the given message to the console.</doc>
<status status="NOT RUN" starttime="20240906 05:48:23.369" endtime="20240906 05:48:23.369"/>
</kw>
<status status="NOT RUN" starttime="20240906 05:48:23.369" endtime="20240906 05:48:23.369"/>
</branch>
<status status="PASS" starttime="20240906 05:48:22.290" endtime="20240906 05:48:23.369"/>
</if>
<status status="PASS" starttime="20240906 05:48:21.612" endtime="20240906 05:48:23.369"/>
</iter>
<iter>
<var name="${i}">2</var>
<kw name="Check Parameter Found" library="SAP_Tcode_Library">
<var>${result}</var>
<arg>wnd[0]/usr</arg>
<arg>${parameters}[${i}]</arg>
<msg timestamp="20240906 05:48:24.051" level="INFO">icm/HTTPS/client_sni_enabled</msg>
<msg timestamp="20240906 05:48:24.051" level="INFO">${result} = icm/HTTPS/client_sni_enabled</msg>
<status status="PASS" starttime="20240906 05:48:23.369" endtime="20240906 05:48:24.051"/>
</kw>
<kw name="Log To Console" library="BuiltIn">
<arg>${result}</arg>
<doc>Logs the given message to the console.</doc>
<status status="PASS" starttime="20240906 05:48:24.051" endtime="20240906 05:48:24.051"/>
</kw>
<if>
<branch type="IF" condition="'${result}' == '${parameters}[${i}]'">
<kw name="Get Parameter Value" library="SAP_Tcode_Library">
<arg>wnd[0]/usr</arg>
<arg>${parameters}[${i}]</arg>
<status status="PASS" starttime="20240906 05:48:24.051" endtime="20240906 05:48:24.973"/>
</kw>
<kw name="Get Value" library="SAP_Tcode_Library">
<var>${param_value}</var>
<arg>wnd[0]/usr/sub:SAPLSPF2:0030[0]/txtPARAMETER_INT_VALUES-PVALUE[0,0]</arg>
<doc>Gets the value of the given element. The possible return values depend on the type of element (see Return values).</doc>
<msg timestamp="20240906 05:48:24.990" level="INFO">${param_value} = TRUE</msg>
<status status="PASS" starttime="20240906 05:48:24.973" endtime="20240906 05:48:24.990"/>
</kw>
<if>
<branch type="IF" condition="'${param_value}' == '${values}[${i}]'">
<kw name="Log To Console" library="BuiltIn">
<arg>${parameters}[${i}] value is ${values}[${i}]</arg>
<doc>Logs the given message to the console.</doc>
<status status="PASS" starttime="20240906 05:48:24.990" endtime="20240906 05:48:24.990"/>
</kw>
<kw name="Click Element" library="SAP_Tcode_Library">
<arg>wnd[0]/tbar[0]/btn[3]</arg>
<doc>Performs a single click on a given element. Used only for buttons, tabs and menu items.</doc>
<status status="PASS" starttime="20240906 05:48:24.990" endtime="20240906 05:48:25.208"/>
</kw>
<status status="PASS" starttime="20240906 05:48:24.990" endtime="20240906 05:48:25.208"/>
</branch>
<branch type="ELSE">
<kw name="Log To Console" library="BuiltIn">
<arg>${parameters}[${i}] value is ${values}[${i}]</arg>
<doc>Logs the given message to the console.</doc>
<status status="NOT RUN" starttime="20240906 05:48:25.208" endtime="20240906 05:48:25.208"/>
</kw>
<status status="NOT RUN" starttime="20240906 05:48:25.208" endtime="20240906 05:48:25.208"/>
</branch>
<status status="PASS" starttime="20240906 05:48:24.990" endtime="20240906 05:48:25.208"/>
</if>
<status status="PASS" starttime="20240906 05:48:24.051" endtime="20240906 05:48:25.208"/>
</branch>
<branch type="ELSE">
<kw name="Log To Console" library="BuiltIn">
<arg>parameter ${parameters}[${i}] is not available</arg>
<doc>Logs the given message to the console.</doc>
<status status="NOT RUN" starttime="20240906 05:48:25.208" endtime="20240906 05:48:25.208"/>
</kw>
<status status="NOT RUN" starttime="20240906 05:48:25.208" endtime="20240906 05:48:25.208"/>
</branch>
<status status="PASS" starttime="20240906 05:48:24.051" endtime="20240906 05:48:25.208"/>
</if>
<status status="PASS" starttime="20240906 05:48:23.369" endtime="20240906 05:48:25.208"/>
</iter>
<iter>
<var name="${i}">3</var>
<kw name="Check Parameter Found" library="SAP_Tcode_Library">
<var>${result}</var>
<arg>wnd[0]/usr</arg>
<arg>${parameters}[${i}]</arg>
<msg timestamp="20240906 05:48:25.925" level="INFO">ssl/client_sni_enabled</msg>
<msg timestamp="20240906 05:48:25.925" level="INFO">${result} = ssl/client_sni_enabled</msg>
<status status="PASS" starttime="20240906 05:48:25.208" endtime="20240906 05:48:25.925"/>
</kw>
<kw name="Log To Console" library="BuiltIn">
<arg>${result}</arg>
<doc>Logs the given message to the console.</doc>
<status status="PASS" starttime="20240906 05:48:25.926" endtime="20240906 05:48:25.926"/>
</kw>
<if>
<branch type="IF" condition="'${result}' == '${parameters}[${i}]'">
<kw name="Get Parameter Value" library="SAP_Tcode_Library">
<arg>wnd[0]/usr</arg>
<arg>${parameters}[${i}]</arg>
<status status="PASS" starttime="20240906 05:48:25.926" endtime="20240906 05:48:26.776"/>
</kw>
<kw name="Get Value" library="SAP_Tcode_Library">
<var>${param_value}</var>
<arg>wnd[0]/usr/sub:SAPLSPF2:0030[0]/txtPARAMETER_INT_VALUES-PVALUE[0,0]</arg>
<doc>Gets the value of the given element. The possible return values depend on the type of element (see Return values).</doc>
<msg timestamp="20240906 05:48:26.823" level="INFO">${param_value} = TRUE</msg>
<status status="PASS" starttime="20240906 05:48:26.776" endtime="20240906 05:48:26.823"/>
</kw>
<if>
<branch type="IF" condition="'${param_value}' == '${values}[${i}]'">
<kw name="Log To Console" library="BuiltIn">
<arg>${parameters}[${i}] value is ${values}[${i}]</arg>
<doc>Logs the given message to the console.</doc>
<status status="PASS" starttime="20240906 05:48:26.823" endtime="20240906 05:48:26.823"/>
</kw>
<kw name="Click Element" library="SAP_Tcode_Library">
<arg>wnd[0]/tbar[0]/btn[3]</arg>
<doc>Performs a single click on a given element. Used only for buttons, tabs and menu items.</doc>
<status status="PASS" starttime="20240906 05:48:26.823" endtime="20240906 05:48:26.982"/>
</kw>
<status status="PASS" starttime="20240906 05:48:26.823" endtime="20240906 05:48:26.982"/>
</branch>
<branch type="ELSE">
<kw name="Log To Console" library="BuiltIn">
<arg>${parameters}[${i}] value is ${values}[${i}]</arg>
<doc>Logs the given message to the console.</doc>
<status status="NOT RUN" starttime="20240906 05:48:26.982" endtime="20240906 05:48:26.982"/>
</kw>
<status status="NOT RUN" starttime="20240906 05:48:26.982" endtime="20240906 05:48:26.982"/>
</branch>
<status status="PASS" starttime="20240906 05:48:26.823" endtime="20240906 05:48:26.982"/>
</if>
<status status="PASS" starttime="20240906 05:48:25.926" endtime="20240906 05:48:26.982"/>
</branch>
<branch type="ELSE">
<kw name="Log To Console" library="BuiltIn">
<arg>parameter ${parameters}[${i}] is not available</arg>
<doc>Logs the given message to the console.</doc>
<status status="NOT RUN" starttime="20240906 05:48:26.982" endtime="20240906 05:48:26.982"/>
</kw>
<status status="NOT RUN" starttime="20240906 05:48:26.982" endtime="20240906 05:48:26.982"/>
</branch>
<status status="PASS" starttime="20240906 05:48:25.926" endtime="20240906 05:48:26.982"/>
</if>
<status status="PASS" starttime="20240906 05:48:25.208" endtime="20240906 05:48:26.982"/>
</iter>
<iter>
<var name="${i}">4</var>
<kw name="Check Parameter Found" library="SAP_Tcode_Library">
<var>${result}</var>
<arg>wnd[0]/usr</arg>
<arg>${parameters}[${i}]</arg>
<msg timestamp="20240906 05:48:27.678" level="INFO">SETENV_26</msg>
<msg timestamp="20240906 05:48:27.678" level="INFO">${result} = SETENV_26</msg>
<status status="PASS" starttime="20240906 05:48:26.982" endtime="20240906 05:48:27.678"/>
</kw>
<kw name="Log To Console" library="BuiltIn">
<arg>${result}</arg>
<doc>Logs the given message to the console.</doc>
<status status="PASS" starttime="20240906 05:48:27.678" endtime="20240906 05:48:27.678"/>
</kw>
<if>
<branch type="IF" condition="'${result}' == '${parameters}[${i}]'">
<kw name="Get Parameter Value" library="SAP_Tcode_Library">
<arg>wnd[0]/usr</arg>
<arg>${parameters}[${i}]</arg>
<status status="PASS" starttime="20240906 05:48:27.678" endtime="20240906 05:48:28.568"/>
</kw>
<kw name="Get Value" library="SAP_Tcode_Library">
<var>${param_value}</var>
<arg>wnd[0]/usr/sub:SAPLSPF2:0030[0]/txtPARAMETER_INT_VALUES-PVALUE[0,0]</arg>
<doc>Gets the value of the given element. The possible return values depend on the type of element (see Return values).</doc>
<msg timestamp="20240906 05:48:28.584" level="INFO">${param_value} = SECUDIR=$(DIR_INSTANCE)$(DIR_SEP)sec</msg>
<status status="PASS" starttime="20240906 05:48:28.568" endtime="20240906 05:48:28.584"/>
</kw>
<if>
<branch type="IF" condition="'${param_value}' == '${values}[${i}]'">
<kw name="Log To Console" library="BuiltIn">
<arg>${parameters}[${i}] value is ${values}[${i}]</arg>
<doc>Logs the given message to the console.</doc>
<status status="PASS" starttime="20240906 05:48:28.584" endtime="20240906 05:48:28.584"/>
</kw>
<kw name="Click Element" library="SAP_Tcode_Library">
<arg>wnd[0]/tbar[0]/btn[3]</arg>
<doc>Performs a single click on a given element. Used only for buttons, tabs and menu items.</doc>
<status status="PASS" starttime="20240906 05:48:28.584" endtime="20240906 05:48:28.760"/>
</kw>
<status status="PASS" starttime="20240906 05:48:28.584" endtime="20240906 05:48:28.760"/>
</branch>
<branch type="ELSE">
<kw name="Log To Console" library="BuiltIn">
<arg>${parameters}[${i}] value is ${values}[${i}]</arg>
<doc>Logs the given message to the console.</doc>
<status status="NOT RUN" starttime="20240906 05:48:28.760" endtime="20240906 05:48:28.760"/>
</kw>
<status status="NOT RUN" starttime="20240906 05:48:28.760" endtime="20240906 05:48:28.760"/>
</branch>
<status status="PASS" starttime="20240906 05:48:28.584" endtime="20240906 05:48:28.760"/>
</if>
<status status="PASS" starttime="20240906 05:48:27.678" endtime="20240906 05:48:28.760"/>
</branch>
<branch type="ELSE">
<kw name="Log To Console" library="BuiltIn">
<arg>parameter ${parameters}[${i}] is not available</arg>
<doc>Logs the given message to the console.</doc>
<status status="NOT RUN" starttime="20240906 05:48:28.760" endtime="20240906 05:48:28.760"/>
</kw>
<status status="NOT RUN" starttime="20240906 05:48:28.760" endtime="20240906 05:48:28.760"/>
</branch>
<status status="PASS" starttime="20240906 05:48:27.678" endtime="20240906 05:48:28.760"/>
</if>
<status status="PASS" starttime="20240906 05:48:26.982" endtime="20240906 05:48:28.760"/>
</iter>
<iter>
<var name="${i}">5</var>
<kw name="Check Parameter Found" library="SAP_Tcode_Library">
<var>${result}</var>
<arg>wnd[0]/usr</arg>
<arg>${parameters}[${i}]</arg>
<msg timestamp="20240906 05:48:29.491" level="INFO">SETENV_27</msg>
<msg timestamp="20240906 05:48:29.491" level="INFO">${result} = SETENV_27</msg>
<status status="PASS" starttime="20240906 05:48:28.760" endtime="20240906 05:48:29.491"/>
</kw>
<kw name="Log To Console" library="BuiltIn">
<arg>${result}</arg>
<doc>Logs the given message to the console.</doc>
<status status="PASS" starttime="20240906 05:48:29.491" endtime="20240906 05:48:29.491"/>
</kw>
<if>
<branch type="IF" condition="'${result}' == '${parameters}[${i}]'">
<kw name="Get Parameter Value" library="SAP_Tcode_Library">
<arg>wnd[0]/usr</arg>
<arg>${parameters}[${i}]</arg>
<status status="PASS" starttime="20240906 05:48:29.491" endtime="20240906 05:48:30.398"/>
</kw>
<kw name="Get Value" library="SAP_Tcode_Library">
<var>${param_value}</var>
<arg>wnd[0]/usr/sub:SAPLSPF2:0030[0]/txtPARAMETER_INT_VALUES-PVALUE[0,0]</arg>
<doc>Gets the value of the given element. The possible return values depend on the type of element (see Return values).</doc>
<msg timestamp="20240906 05:48:30.446" level="INFO">${param_value} = SAPSSL_CLIENT_CIPHERSUITES=150:PFS:HIGH::EC_X25519:EC_P256:EC_HIGH</msg>
<status status="PASS" starttime="20240906 05:48:30.398" endtime="20240906 05:48:30.446"/>
</kw>
<if>
<branch type="IF" condition="'${param_value}' == '${values}[${i}]'">
<kw name="Log To Console" library="BuiltIn">
<arg>${parameters}[${i}] value is ${values}[${i}]</arg>
<doc>Logs the given message to the console.</doc>
<status status="PASS" starttime="20240906 05:48:30.446" endtime="20240906 05:48:30.446"/>
</kw>
<kw name="Click Element" library="SAP_Tcode_Library">
<arg>wnd[0]/tbar[0]/btn[3]</arg>
<doc>Performs a single click on a given element. Used only for buttons, tabs and menu items.</doc>
<status status="PASS" starttime="20240906 05:48:30.446" endtime="20240906 05:48:30.608"/>
</kw>
<status status="PASS" starttime="20240906 05:48:30.446" endtime="20240906 05:48:30.608"/>
</branch>
<branch type="ELSE">
<kw name="Log To Console" library="BuiltIn">
<arg>${parameters}[${i}] value is ${values}[${i}]</arg>
<doc>Logs the given message to the console.</doc>
<status status="NOT RUN" starttime="20240906 05:48:30.608" endtime="20240906 05:48:30.608"/>
</kw>
<status status="NOT RUN" starttime="20240906 05:48:30.608" endtime="20240906 05:48:30.608"/>
</branch>
<status status="PASS" starttime="20240906 05:48:30.446" endtime="20240906 05:48:30.608"/>
</if>
<status status="PASS" starttime="20240906 05:48:29.491" endtime="20240906 05:48:30.608"/>
</branch>
<branch type="ELSE">
<kw name="Log To Console" library="BuiltIn">
<arg>parameter ${parameters}[${i}] is not available</arg>
<doc>Logs the given message to the console.</doc>
<status status="NOT RUN" starttime="20240906 05:48:30.608" endtime="20240906 05:48:30.608"/>
</kw>
<status status="NOT RUN" starttime="20240906 05:48:30.608" endtime="20240906 05:48:30.608"/>
</branch>
<status status="PASS" starttime="20240906 05:48:29.491" endtime="20240906 05:48:30.608"/>
</if>
<status status="PASS" starttime="20240906 05:48:28.760" endtime="20240906 05:48:30.608"/>
</iter>
<iter>
<var name="${i}">6</var>
<kw name="Check Parameter Found" library="SAP_Tcode_Library">
<var>${result}</var>
<arg>wnd[0]/usr</arg>
<arg>${parameters}[${i}]</arg>
<msg timestamp="20240906 05:48:31.361" level="INFO">SETENV_28</msg>
<msg timestamp="20240906 05:48:31.361" level="INFO">${result} = SETENV_28</msg>
<status status="PASS" starttime="20240906 05:48:30.608" endtime="20240906 05:48:31.361"/>
</kw>
<kw name="Log To Console" library="BuiltIn">
<arg>${result}</arg>
<doc>Logs the given message to the console.</doc>
<status status="PASS" starttime="20240906 05:48:31.361" endtime="20240906 05:48:31.361"/>
</kw>
<if>
<branch type="IF" condition="'${result}' == '${parameters}[${i}]'">
<kw name="Get Parameter Value" library="SAP_Tcode_Library">
<arg>wnd[0]/usr</arg>
<arg>${parameters}[${i}]</arg>
<status status="PASS" starttime="20240906 05:48:31.368" endtime="20240906 05:48:32.225"/>
</kw>
<kw name="Get Value" library="SAP_Tcode_Library">
<var>${param_value}</var>
<arg>wnd[0]/usr/sub:SAPLSPF2:0030[0]/txtPARAMETER_INT_VALUES-PVALUE[0,0]</arg>
<doc>Gets the value of the given element. The possible return values depend on the type of element (see Return values).</doc>
<msg timestamp="20240906 05:48:32.225" level="INFO">${param_value} = SAPSSL_CLIENT_SNI_ENABLED=TRUE</msg>
<status status="PASS" starttime="20240906 05:48:32.225" endtime="20240906 05:48:32.225"/>
</kw>
<if>
<branch type="IF" condition="'${param_value}' == '${values}[${i}]'">
<kw name="Log To Console" library="BuiltIn">
<arg>${parameters}[${i}] value is ${values}[${i}]</arg>
<doc>Logs the given message to the console.</doc>
<status status="PASS" starttime="20240906 05:48:32.225" endtime="20240906 05:48:32.225"/>
</kw>
<kw name="Click Element" library="SAP_Tcode_Library">
<arg>wnd[0]/tbar[0]/btn[3]</arg>
<doc>Performs a single click on a given element. Used only for buttons, tabs and menu items.</doc>
<status status="PASS" starttime="20240906 05:48:32.225" endtime="20240906 05:48:32.448"/>
</kw>
<status status="PASS" starttime="20240906 05:48:32.225" endtime="20240906 05:48:32.448"/>
</branch>
<branch type="ELSE">
<kw name="Log To Console" library="BuiltIn">
<arg>${parameters}[${i}] value is ${values}[${i}]</arg>
<doc>Logs the given message to the console.</doc>
<status status="NOT RUN" starttime="20240906 05:48:32.448" endtime="20240906 05:48:32.448"/>
</kw>
<status status="NOT RUN" starttime="20240906 05:48:32.448" endtime="20240906 05:48:32.448"/>
</branch>
<status status="PASS" starttime="20240906 05:48:32.225" endtime="20240906 05:48:32.448"/>
</if>
<status status="PASS" starttime="20240906 05:48:31.361" endtime="20240906 05:48:32.448"/>
</branch>
<branch type="ELSE">
<kw name="Log To Console" library="BuiltIn">
<arg>parameter ${parameters}[${i}] is not available</arg>
<doc>Logs the given message to the console.</doc>
<status status="NOT RUN" starttime="20240906 05:48:32.448" endtime="20240906 05:48:32.448"/>
</kw>
<status status="NOT RUN" starttime="20240906 05:48:32.448" endtime="20240906 05:48:32.448"/>
</branch>
<status status="PASS" starttime="20240906 05:48:31.361" endtime="20240906 05:48:32.448"/>
</if>
<status status="PASS" starttime="20240906 05:48:30.608" endtime="20240906 05:48:32.448"/>
</iter>
<status status="PASS" starttime="20240906 05:48:19.767" endtime="20240906 05:48:32.448"/>
</for>
<status status="PASS" starttime="20240906 05:48:18.805" endtime="20240906 05:48:32.448"/>
</kw>
<kw name="STRUST" library="Verify_Pre_requisite">
<kw name="Run Transaction" library="SAP_Tcode_Library">
<arg>/nSTRUST</arg>
<doc>Runs a Sap transaction. An error is given when an unknown transaction is specified.</doc>
<status status="PASS" starttime="20240906 05:48:32.448" endtime="20240906 05:48:33.162"/>
</kw>
<kw name="Sleep" library="BuiltIn">
<arg>2</arg>
<doc>Pauses the test executed for the given time.</doc>
<msg timestamp="20240906 05:48:35.162" level="INFO">Slept 2 seconds</msg>
<status status="PASS" starttime="20240906 05:48:33.162" endtime="20240906 05:48:35.162"/>
</kw>
<kw name="Take Screenshot" library="SAP_Tcode_Library">
<arg>ssl.jpg</arg>
<doc>Takes a screenshot, only if 'screenshots on error' has been enabled,
either at import of with keyword `enable screenshots on error`.</doc>
<msg timestamp="20240906 05:48:35.272" level="INFO" html="true">&lt;a href="ssl.jpg"&gt;&lt;img src="ssl.jpg" width="800px"&gt;&lt;/a&gt;</msg>
<status status="PASS" starttime="20240906 05:48:35.162" endtime="20240906 05:48:35.272"/>
</kw>
<kw name="Click Element" library="SAP_Tcode_Library">
<arg>wnd[0]/tbar[1]/btn[25]</arg>
<doc>Performs a single click on a given element. Used only for buttons, tabs and menu items.</doc>
<status status="PASS" starttime="20240906 05:48:35.272" endtime="20240906 05:48:35.336"/>
</kw>
<kw name="Sleep" library="BuiltIn">
<arg>2</arg>
<doc>Pauses the test executed for the given time.</doc>
<msg timestamp="20240906 05:48:37.336" level="INFO">Slept 2 seconds</msg>
<status status="PASS" starttime="20240906 05:48:35.336" endtime="20240906 05:48:37.336"/>
</kw>
<kw name="STRUS_SSL_Client_Anonymous" library="Verify_Pre_requisite">
<kw name="Double Click On Tree Item" library="SAP_Tcode_Library">
<arg>wnd[0]/shellcont/shell</arg>
<arg>SSLCANONYM</arg>
<status status="PASS" starttime="20240906 05:48:37.336" endtime="20240906 05:48:37.398"/>
</kw>
<kw name="Sleep" library="BuiltIn">
<arg>2</arg>
<doc>Pauses the test executed for the given time.</doc>
<msg timestamp="20240906 05:48:39.399" level="INFO">Slept 2 seconds</msg>
<status status="PASS" starttime="20240906 05:48:37.398" endtime="20240906 05:48:39.399"/>
</kw>
<kw name="Take Screenshot" library="SAP_Tcode_Library">
<arg>SSL_client_Anonymous_1.jpg</arg>
<doc>Takes a screenshot, only if 'screenshots on error' has been enabled,
either at import of with keyword `enable screenshots on error`.</doc>
<msg timestamp="20240906 05:48:39.473" level="INFO" html="true">&lt;a href="SSL_client_Anonymous_1.jpg"&gt;&lt;img src="SSL_client_Anonymous_1.jpg" width="800px"&gt;&lt;/a&gt;</msg>
<status status="PASS" starttime="20240906 05:48:39.399" endtime="20240906 05:48:39.473"/>
</kw>
<kw name="Sleep" library="BuiltIn">
<arg>2</arg>
<doc>Pauses the test executed for the given time.</doc>
<msg timestamp="20240906 05:48:41.474" level="INFO">Slept 2 seconds</msg>
<status status="PASS" starttime="20240906 05:48:39.473" endtime="20240906 05:48:41.474"/>
</kw>
<kw name="Get Value" library="SAP_Tcode_Library">
<var>${space}</var>
<arg>wnd[0]/usr/tblS_TRUSTMANAGERPK_CTRL/txtPSECERTLIST-SUBJECT[0,0]</arg>
<doc>Gets the value of the given element. The possible return values depend on the type of element (see Return values).</doc>
<msg timestamp="20240906 05:48:41.489" level="INFO">${space} = CN=DigiCert Global Root G2, OU=www.digicert.com, O=DigiCert Inc, C=US</msg>
<status status="PASS" starttime="20240906 05:48:41.474" endtime="20240906 05:48:41.489"/>
</kw>
<kw name="Sleep" library="BuiltIn">
<arg>1</arg>
<doc>Pauses the test executed for the given time.</doc>
<msg timestamp="20240906 05:48:42.490" level="INFO">Slept 1 second</msg>
<status status="PASS" starttime="20240906 05:48:41.489" endtime="20240906 05:48:42.490"/>
</kw>
<if>
<branch type="IF" condition="'${space}' != ''">
<for flavor="IN RANGE">
<var>${index}</var>
<value>0</value>
<value>3</value>
<iter>
<var name="${index}">0</var>
<kw name="Get Value" library="SAP_Tcode_Library">
<var>${value}</var>
<arg>wnd[0]/usr/tblS_TRUSTMANAGERPK_CTRL/txtPSECERTLIST-SUBJECT[0,${index}]</arg>
<doc>Gets the value of the given element. The possible return values depend on the type of element (see Return values).</doc>
<msg timestamp="20240906 05:48:42.530" level="INFO">${value} = CN=DigiCert Global Root G2, OU=www.digicert.com, O=DigiCert Inc, C=US</msg>
<status status="PASS" starttime="20240906 05:48:42.514" endtime="20240906 05:48:42.530"/>
</kw>
<kw name="Sleep" library="BuiltIn">
<arg>1</arg>
<doc>Pauses the test executed for the given time.</doc>
<msg timestamp="20240906 05:48:43.530" level="INFO">Slept 1 second</msg>
<status status="PASS" starttime="20240906 05:48:42.530" endtime="20240906 05:48:43.530"/>
</kw>
<if>
<branch type="IF" condition="'${value}' == 'CN=DigiCert Global Root G2, OU=www.digicert.com, O=DigiCert Inc, C=US'">
<kw name="Log To Console" library="BuiltIn">
<arg>Certificate already exists: DigiCert Global Root G2</arg>
<doc>Logs the given message to the console.</doc>
<status status="PASS" starttime="20240906 05:48:43.530" endtime="20240906 05:48:43.530"/>
</kw>
<status status="PASS" starttime="20240906 05:48:43.530" endtime="20240906 05:48:43.530"/>
</branch>
<branch type="ELSE IF" condition="'${value}' == 'CN=DigiCert Global Root CA, OU=www.digicert.com, O=DigiCert Inc, C=US'">
<kw name="Log To Console" library="BuiltIn">
<arg>Certificate already exists: DigiCert Global Root CA</arg>
<doc>Logs the given message to the console.</doc>
<status status="NOT RUN" starttime="20240906 05:48:43.530" endtime="20240906 05:48:43.530"/>
</kw>
<status status="NOT RUN" starttime="20240906 05:48:43.530" endtime="20240906 05:48:43.530"/>
</branch>
<branch type="ELSE IF" condition="'${value}' == 'CN=DigiCert RSA4096 Root G5, O=&quot;DigiCert, Inc.&quot;, C=US'">
<kw name="Log To Console" library="BuiltIn">
<arg>Certificate already exists: DigiCert RSA4096 Root G5</arg>
<doc>Logs the given message to the console.</doc>
<status status="NOT RUN" starttime="20240906 05:48:43.530" endtime="20240906 05:48:43.530"/>
</kw>
<status status="NOT RUN" starttime="20240906 05:48:43.530" endtime="20240906 05:48:43.530"/>
</branch>
<branch type="ELSE">
<kw name="Log To Console" library="BuiltIn">
<arg>Certificate need to be uploaded</arg>
<doc>Logs the given message to the console.</doc>
<status status="NOT RUN" starttime="20240906 05:48:43.532" endtime="20240906 05:48:43.532"/>
</kw>
<status status="NOT RUN" starttime="20240906 05:48:43.532" endtime="20240906 05:48:43.532"/>
</branch>
<status status="PASS" starttime="20240906 05:48:43.530" endtime="20240906 05:48:43.532"/>
</if>
<status status="PASS" starttime="20240906 05:48:42.490" endtime="20240906 05:48:43.532"/>
</iter>
<iter>
<var name="${index}">1</var>
<kw name="Get Value" library="SAP_Tcode_Library">
<var>${value}</var>
<arg>wnd[0]/usr/tblS_TRUSTMANAGERPK_CTRL/txtPSECERTLIST-SUBJECT[0,${index}]</arg>
<doc>Gets the value of the given element. The possible return values depend on the type of element (see Return values).</doc>
<msg timestamp="20240906 05:48:43.536" level="INFO">${value} = CN=DigiCert Global Root CA, OU=www.digicert.com, O=DigiCert Inc, C=US</msg>
<status status="PASS" starttime="20240906 05:48:43.532" endtime="20240906 05:48:43.536"/>
</kw>
<kw name="Sleep" library="BuiltIn">
<arg>1</arg>
<doc>Pauses the test executed for the given time.</doc>
<msg timestamp="20240906 05:48:44.552" level="INFO">Slept 1 second</msg>
<status status="PASS" starttime="20240906 05:48:43.551" endtime="20240906 05:48:44.552"/>
</kw>
<if>
<branch type="IF" condition="'${value}' == 'CN=DigiCert Global Root G2, OU=www.digicert.com, O=DigiCert Inc, C=US'">
<kw name="Log To Console" library="BuiltIn">
<arg>Certificate already exists: DigiCert Global Root G2</arg>
<doc>Logs the given message to the console.</doc>
<status status="NOT RUN" starttime="20240906 05:48:44.552" endtime="20240906 05:48:44.552"/>
</kw>
<status status="NOT RUN" starttime="20240906 05:48:44.552" endtime="20240906 05:48:44.552"/>
</branch>
<branch type="ELSE IF" condition="'${value}' == 'CN=DigiCert Global Root CA, OU=www.digicert.com, O=DigiCert Inc, C=US'">
<kw name="Log To Console" library="BuiltIn">
<arg>Certificate already exists: DigiCert Global Root CA</arg>
<doc>Logs the given message to the console.</doc>
<status status="PASS" starttime="20240906 05:48:44.552" endtime="20240906 05:48:44.552"/>
</kw>
<status status="PASS" starttime="20240906 05:48:44.552" endtime="20240906 05:48:44.552"/>
</branch>
<branch type="ELSE IF" condition="'${value}' == 'CN=DigiCert RSA4096 Root G5, O=&quot;DigiCert, Inc.&quot;, C=US'">
<kw name="Log To Console" library="BuiltIn">
<arg>Certificate already exists: DigiCert RSA4096 Root G5</arg>
<doc>Logs the given message to the console.</doc>
<status status="NOT RUN" starttime="20240906 05:48:44.552" endtime="20240906 05:48:44.552"/>
</kw>
<status status="NOT RUN" starttime="20240906 05:48:44.552" endtime="20240906 05:48:44.552"/>
</branch>
<branch type="ELSE">
<kw name="Log To Console" library="BuiltIn">
<arg>Certificate need to be uploaded</arg>
<doc>Logs the given message to the console.</doc>
<status status="NOT RUN" starttime="20240906 05:48:44.552" endtime="20240906 05:48:44.552"/>
</kw>
<status status="NOT RUN" starttime="20240906 05:48:44.552" endtime="20240906 05:48:44.552"/>
</branch>
<status status="PASS" starttime="20240906 05:48:44.552" endtime="20240906 05:48:44.552"/>
</if>
<status status="PASS" starttime="20240906 05:48:43.532" endtime="20240906 05:48:44.552"/>
</iter>
<iter>
<var name="${index}">2</var>
<kw name="Get Value" library="SAP_Tcode_Library">
<var>${value}</var>
<arg>wnd[0]/usr/tblS_TRUSTMANAGERPK_CTRL/txtPSECERTLIST-SUBJECT[0,${index}]</arg>
<doc>Gets the value of the given element. The possible return values depend on the type of element (see Return values).</doc>
<msg timestamp="20240906 05:48:44.575" level="INFO">${value} = CN=DigiCert RSA4096 Root G5, O="DigiCert, Inc.", C=US</msg>
<status status="PASS" starttime="20240906 05:48:44.552" endtime="20240906 05:48:44.575"/>
</kw>
<kw name="Sleep" library="BuiltIn">
<arg>1</arg>
<doc>Pauses the test executed for the given time.</doc>
<msg timestamp="20240906 05:48:45.576" level="INFO">Slept 1 second</msg>
<status status="PASS" starttime="20240906 05:48:44.575" endtime="20240906 05:48:45.576"/>
</kw>
<if>
<branch type="IF" condition="'${value}' == 'CN=DigiCert Global Root G2, OU=www.digicert.com, O=DigiCert Inc, C=US'">
<kw name="Log To Console" library="BuiltIn">
<arg>Certificate already exists: DigiCert Global Root G2</arg>
<doc>Logs the given message to the console.</doc>
<status status="NOT RUN" starttime="20240906 05:48:45.576" endtime="20240906 05:48:45.576"/>
</kw>
<status status="NOT RUN" starttime="20240906 05:48:45.576" endtime="20240906 05:48:45.576"/>
</branch>
<branch type="ELSE IF" condition="'${value}' == 'CN=DigiCert Global Root CA, OU=www.digicert.com, O=DigiCert Inc, C=US'">
<kw name="Log To Console" library="BuiltIn">
<arg>Certificate already exists: DigiCert Global Root CA</arg>
<doc>Logs the given message to the console.</doc>
<status status="NOT RUN" starttime="20240906 05:48:45.576" endtime="20240906 05:48:45.576"/>
</kw>
<status status="NOT RUN" starttime="20240906 05:48:45.576" endtime="20240906 05:48:45.576"/>
</branch>
<branch type="ELSE IF" condition="'${value}' == 'CN=DigiCert RSA4096 Root G5, O=&quot;DigiCert, Inc.&quot;, C=US'">
<kw name="Log To Console" library="BuiltIn">
<arg>Certificate already exists: DigiCert RSA4096 Root G5</arg>
<doc>Logs the given message to the console.</doc>
<status status="PASS" starttime="20240906 05:48:45.576" endtime="20240906 05:48:45.576"/>
</kw>
<status status="PASS" starttime="20240906 05:48:45.576" endtime="20240906 05:48:45.576"/>
</branch>
<branch type="ELSE">
<kw name="Log To Console" library="BuiltIn">
<arg>Certificate need to be uploaded</arg>
<doc>Logs the given message to the console.</doc>
<status status="NOT RUN" starttime="20240906 05:48:45.576" endtime="20240906 05:48:45.576"/>
</kw>
<status status="NOT RUN" starttime="20240906 05:48:45.576" endtime="20240906 05:48:45.576"/>
</branch>
<status status="PASS" starttime="20240906 05:48:45.576" endtime="20240906 05:48:45.576"/>
</if>
<status status="PASS" starttime="20240906 05:48:44.552" endtime="20240906 05:48:45.576"/>
</iter>
<status status="PASS" starttime="20240906 05:48:42.490" endtime="20240906 05:48:45.576"/>
</for>
<status status="PASS" starttime="20240906 05:48:42.490" endtime="20240906 05:48:45.576"/>
</branch>
<branch type="ELSE">
<kw name="Log To Console" library="BuiltIn">
<arg>Certificate need to be uploaded</arg>
<doc>Logs the given message to the console.</doc>
<status status="NOT RUN" starttime="20240906 05:48:45.576" endtime="20240906 05:48:45.576"/>
</kw>
<status status="NOT RUN" starttime="20240906 05:48:45.576" endtime="20240906 05:48:45.576"/>
</branch>
<status status="PASS" starttime="20240906 05:48:42.490" endtime="20240906 05:48:45.576"/>
</if>
<status status="PASS" starttime="20240906 05:48:37.336" endtime="20240906 05:48:45.576"/>
</kw>
<kw name="STRUSTS_SSL_Client_Standard" library="Verify_Pre_requisite">
<kw name="Double Click On Tree Item" library="SAP_Tcode_Library">
<arg>wnd[0]/shellcont/shell</arg>
<arg>SSLCDFAULT</arg>
<status status="PASS" starttime="20240906 05:48:45.576" endtime="20240906 05:48:45.643"/>
</kw>
<kw name="Sleep" library="BuiltIn">
<arg>2</arg>
<doc>Pauses the test executed for the given time.</doc>
<msg timestamp="20240906 05:48:47.644" level="INFO">Slept 2 seconds</msg>
<status status="PASS" starttime="20240906 05:48:45.643" endtime="20240906 05:48:47.644"/>
</kw>
<kw name="Take Screenshot" library="SAP_Tcode_Library">
<arg>SSL_client_Standard_1.jpg</arg>
<doc>Takes a screenshot, only if 'screenshots on error' has been enabled,
either at import of with keyword `enable screenshots on error`.</doc>
<msg timestamp="20240906 05:48:47.723" level="INFO" html="true">&lt;a href="SSL_client_Standard_1.jpg"&gt;&lt;img src="SSL_client_Standard_1.jpg" width="800px"&gt;&lt;/a&gt;</msg>
<status status="PASS" starttime="20240906 05:48:47.644" endtime="20240906 05:48:47.723"/>
</kw>
<kw name="Sleep" library="BuiltIn">
<arg>2</arg>
<doc>Pauses the test executed for the given time.</doc>
<msg timestamp="20240906 05:48:49.723" level="INFO">Slept 2 seconds</msg>
<status status="PASS" starttime="20240906 05:48:47.723" endtime="20240906 05:48:49.723"/>
</kw>
<kw name="Get Value" library="SAP_Tcode_Library">
<var>${space}</var>
<arg>wnd[0]/usr/tblS_TRUSTMANAGERPK_CTRL/txtPSECERTLIST-SUBJECT[0,0]</arg>
<doc>Gets the value of the given element. The possible return values depend on the type of element (see Return values).</doc>
<msg timestamp="20240906 05:48:49.735" level="INFO">${space} = CN=DigiCert Global Root G2, OU=www.digicert.com, O=DigiCert Inc, C=US</msg>
<status status="PASS" starttime="20240906 05:48:49.723" endtime="20240906 05:48:49.735"/>
</kw>
<kw name="Sleep" library="BuiltIn">
<arg>1</arg>
<doc>Pauses the test executed for the given time.</doc>
<msg timestamp="20240906 05:48:50.736" level="INFO">Slept 1 second</msg>
<status status="PASS" starttime="20240906 05:48:49.735" endtime="20240906 05:48:50.736"/>
</kw>
<if>
<branch type="IF" condition="'${space}' != ''">
<for flavor="IN RANGE">
<var>${index}</var>
<value>0</value>
<value>3</value>
<iter>
<var name="${index}">0</var>
<kw name="Get Value" library="SAP_Tcode_Library">
<var>${value}</var>
<arg>wnd[0]/usr/tblS_TRUSTMANAGERPK_CTRL/txtPSECERTLIST-SUBJECT[0,${index}]</arg>
<doc>Gets the value of the given element. The possible return values depend on the type of element (see Return values).</doc>
<msg timestamp="20240906 05:48:50.739" level="INFO">${value} = CN=DigiCert Global Root G2, OU=www.digicert.com, O=DigiCert Inc, C=US</msg>
<status status="PASS" starttime="20240906 05:48:50.736" endtime="20240906 05:48:50.739"/>
</kw>
<kw name="Sleep" library="BuiltIn">
<arg>1</arg>
<doc>Pauses the test executed for the given time.</doc>
<msg timestamp="20240906 05:48:51.739" level="INFO">Slept 1 second</msg>
<status status="PASS" starttime="20240906 05:48:50.739" endtime="20240906 05:48:51.739"/>
</kw>
<if>
<branch type="IF" condition="'${value}' == 'CN=DigiCert Global Root G2, OU=www.digicert.com, O=DigiCert Inc, C=US'">
<kw name="Log To Console" library="BuiltIn">
<arg>Certificate already exists: DigiCert Global Root G2</arg>
<doc>Logs the given message to the console.</doc>
<status status="PASS" starttime="20240906 05:48:51.739" endtime="20240906 05:48:51.739"/>
</kw>
<status status="PASS" starttime="20240906 05:48:51.739" endtime="20240906 05:48:51.739"/>
</branch>
<branch type="ELSE IF" condition="'${value}' == 'CN=DigiCert Global Root CA, OU=www.digicert.com, O=DigiCert Inc, C=US'">
<kw name="Log To Console" library="BuiltIn">
<arg>Certificate already exists: DigiCert Global Root CA</arg>
<doc>Logs the given message to the console.</doc>
<status status="NOT RUN" starttime="20240906 05:48:51.739" endtime="20240906 05:48:51.739"/>
</kw>
<status status="NOT RUN" starttime="20240906 05:48:51.739" endtime="20240906 05:48:51.739"/>
</branch>
<branch type="ELSE IF" condition="'${value}' == 'CN=DigiCert RSA4096 Root G5, O=&quot;DigiCert, Inc.&quot;, C=US'">
<kw name="Log To Console" library="BuiltIn">
<arg>Certificate already exists: DigiCert RSA4096 Root G5</arg>
<doc>Logs the given message to the console.</doc>
<status status="NOT RUN" starttime="20240906 05:48:51.739" endtime="20240906 05:48:51.739"/>
</kw>
<status status="NOT RUN" starttime="20240906 05:48:51.739" endtime="20240906 05:48:51.739"/>
</branch>
<branch type="ELSE">
<kw name="Log To Console" library="BuiltIn">
<arg>Certificate need to be uploaded</arg>
<doc>Logs the given message to the console.</doc>
<status status="NOT RUN" starttime="20240906 05:48:51.739" endtime="20240906 05:48:51.739"/>
</kw>
<status status="NOT RUN" starttime="20240906 05:48:51.739" endtime="20240906 05:48:51.739"/>
</branch>
<status status="PASS" starttime="20240906 05:48:51.739" endtime="20240906 05:48:51.739"/>
</if>
<status status="PASS" starttime="20240906 05:48:50.736" endtime="20240906 05:48:51.739"/>
</iter>
<iter>
<var name="${index}">1</var>
<kw name="Get Value" library="SAP_Tcode_Library">
<var>${value}</var>
<arg>wnd[0]/usr/tblS_TRUSTMANAGERPK_CTRL/txtPSECERTLIST-SUBJECT[0,${index}]</arg>
<doc>Gets the value of the given element. The possible return values depend on the type of element (see Return values).</doc>
<msg timestamp="20240906 05:48:51.758" level="INFO">${value} = CN=DigiCert Global Root CA, OU=www.digicert.com, O=DigiCert Inc, C=US</msg>
<status status="PASS" starttime="20240906 05:48:51.739" endtime="20240906 05:48:51.758"/>
</kw>
<kw name="Sleep" library="BuiltIn">
<arg>1</arg>
<doc>Pauses the test executed for the given time.</doc>
<msg timestamp="20240906 05:48:52.759" level="INFO">Slept 1 second</msg>
<status status="PASS" starttime="20240906 05:48:51.758" endtime="20240906 05:48:52.759"/>
</kw>
<if>
<branch type="IF" condition="'${value}' == 'CN=DigiCert Global Root G2, OU=www.digicert.com, O=DigiCert Inc, C=US'">
<kw name="Log To Console" library="BuiltIn">
<arg>Certificate already exists: DigiCert Global Root G2</arg>
<doc>Logs the given message to the console.</doc>
<status status="NOT RUN" starttime="20240906 05:48:52.759" endtime="20240906 05:48:52.759"/>
</kw>
<status status="NOT RUN" starttime="20240906 05:48:52.759" endtime="20240906 05:48:52.759"/>
</branch>
<branch type="ELSE IF" condition="'${value}' == 'CN=DigiCert Global Root CA, OU=www.digicert.com, O=DigiCert Inc, C=US'">
<kw name="Log To Console" library="BuiltIn">
<arg>Certificate already exists: DigiCert Global Root CA</arg>
<doc>Logs the given message to the console.</doc>
<status status="PASS" starttime="20240906 05:48:52.759" endtime="20240906 05:48:52.759"/>
</kw>
<status status="PASS" starttime="20240906 05:48:52.759" endtime="20240906 05:48:52.759"/>
</branch>
<branch type="ELSE IF" condition="'${value}' == 'CN=DigiCert RSA4096 Root G5, O=&quot;DigiCert, Inc.&quot;, C=US'">
<kw name="Log To Console" library="BuiltIn">
<arg>Certificate already exists: DigiCert RSA4096 Root G5</arg>
<doc>Logs the given message to the console.</doc>
<status status="NOT RUN" starttime="20240906 05:48:52.759" endtime="20240906 05:48:52.759"/>
</kw>
<status status="NOT RUN" starttime="20240906 05:48:52.759" endtime="20240906 05:48:52.759"/>
</branch>
<branch type="ELSE">
<kw name="Log To Console" library="BuiltIn">
<arg>Certificate need to be uploaded</arg>
<doc>Logs the given message to the console.</doc>
<status status="NOT RUN" starttime="20240906 05:48:52.759" endtime="20240906 05:48:52.759"/>
</kw>
<status status="NOT RUN" starttime="20240906 05:48:52.759" endtime="20240906 05:48:52.759"/>
</branch>
<status status="PASS" starttime="20240906 05:48:52.759" endtime="20240906 05:48:52.759"/>
</if>
<status status="PASS" starttime="20240906 05:48:51.739" endtime="20240906 05:48:52.759"/>
</iter>
<iter>
<var name="${index}">2</var>
<kw name="Get Value" library="SAP_Tcode_Library">
<var>${value}</var>
<arg>wnd[0]/usr/tblS_TRUSTMANAGERPK_CTRL/txtPSECERTLIST-SUBJECT[0,${index}]</arg>
<doc>Gets the value of the given element. The possible return values depend on the type of element (see Return values).</doc>
<msg timestamp="20240906 05:48:52.767" level="INFO">${value} = CN=DigiCert RSA4096 Root G5, O="DigiCert, Inc.", C=US</msg>
<status status="PASS" starttime="20240906 05:48:52.759" endtime="20240906 05:48:52.767"/>
</kw>
<kw name="Sleep" library="BuiltIn">
<arg>1</arg>
<doc>Pauses the test executed for the given time.</doc>
<msg timestamp="20240906 05:48:53.767" level="INFO">Slept 1 second</msg>
<status status="PASS" starttime="20240906 05:48:52.767" endtime="20240906 05:48:53.767"/>
</kw>
<if>
<branch type="IF" condition="'${value}' == 'CN=DigiCert Global Root G2, OU=www.digicert.com, O=DigiCert Inc, C=US'">
<kw name="Log To Console" library="BuiltIn">
<arg>Certificate already exists: DigiCert Global Root G2</arg>
<doc>Logs the given message to the console.</doc>
<status status="NOT RUN" starttime="20240906 05:48:53.767" endtime="20240906 05:48:53.767"/>
</kw>
<status status="NOT RUN" starttime="20240906 05:48:53.767" endtime="20240906 05:48:53.767"/>
</branch>
<branch type="ELSE IF" condition="'${value}' == 'CN=DigiCert Global Root CA, OU=www.digicert.com, O=DigiCert Inc, C=US'">
<kw name="Log To Console" library="BuiltIn">
<arg>Certificate already exists: DigiCert Global Root CA</arg>
<doc>Logs the given message to the console.</doc>
<status status="NOT RUN" starttime="20240906 05:48:53.767" endtime="20240906 05:48:53.767"/>
</kw>
<status status="NOT RUN" starttime="20240906 05:48:53.767" endtime="20240906 05:48:53.767"/>
</branch>
<branch type="ELSE IF" condition="'${value}' == 'CN=DigiCert RSA4096 Root G5, O=&quot;DigiCert, Inc.&quot;, C=US'">
<kw name="Log To Console" library="BuiltIn">
<arg>Certificate already exists: DigiCert RSA4096 Root G5</arg>
<doc>Logs the given message to the console.</doc>
<status status="PASS" starttime="20240906 05:48:53.767" endtime="20240906 05:48:53.767"/>
</kw>
<status status="PASS" starttime="20240906 05:48:53.767" endtime="20240906 05:48:53.767"/>
</branch>
<branch type="ELSE">
<kw name="Log To Console" library="BuiltIn">
<arg>Certificate need to be uploaded</arg>
<doc>Logs the given message to the console.</doc>
<status status="NOT RUN" starttime="20240906 05:48:53.767" endtime="20240906 05:48:53.767"/>
</kw>
<status status="NOT RUN" starttime="20240906 05:48:53.767" endtime="20240906 05:48:53.767"/>
</branch>
<status status="PASS" starttime="20240906 05:48:53.767" endtime="20240906 05:48:53.767"/>
</if>
<status status="PASS" starttime="20240906 05:48:52.759" endtime="20240906 05:48:53.767"/>
</iter>
<status status="PASS" starttime="20240906 05:48:50.736" endtime="20240906 05:48:53.767"/>
</for>
<status status="PASS" starttime="20240906 05:48:50.736" endtime="20240906 05:48:53.767"/>
</branch>
<branch type="ELSE">
<kw name="Log To Console" library="BuiltIn">
<arg>Certificate need to be uploaded</arg>
<doc>Logs the given message to the console.</doc>
<status status="NOT RUN" starttime="20240906 05:48:53.767" endtime="20240906 05:48:53.767"/>
</kw>
<status status="NOT RUN" starttime="20240906 05:48:53.767" endtime="20240906 05:48:53.767"/>
</branch>
<status status="PASS" starttime="20240906 05:48:50.736" endtime="20240906 05:48:53.767"/>
</if>
<status status="PASS" starttime="20240906 05:48:45.576" endtime="20240906 05:48:53.767"/>
</kw>
<status status="PASS" starttime="20240906 05:48:32.448" endtime="20240906 05:48:53.767"/>
</kw>
<kw name="SNOTE" library="Verify_Pre_requisite">
<kw name="Run Transaction" library="SAP_Tcode_Library">
<arg>/nsnote</arg>
<doc>Runs a Sap transaction. An error is given when an unknown transaction is specified.</doc>
<status status="PASS" starttime="20240906 05:48:53.767" endtime="20240906 05:48:53.973"/>
</kw>
<kw name="Sleep" library="BuiltIn">
<arg>2</arg>
<doc>Pauses the test executed for the given time.</doc>
<msg timestamp="20240906 05:48:55.978" level="INFO">Slept 2 seconds</msg>
<status status="PASS" starttime="20240906 05:48:53.978" endtime="20240906 05:48:55.978"/>
</kw>
<kw name="Set Focus" library="SAP_Tcode_Library">
<arg>wnd[0]/usr/lbl[5,3]</arg>
<doc>Sets the focus to the given element.</doc>
<status status="PASS" starttime="20240906 05:48:55.978" endtime="20240906 05:48:55.980"/>
</kw>
<kw name="Sleep" library="BuiltIn">
<arg>2</arg>
<doc>Pauses the test executed for the given time.</doc>
<msg timestamp="20240906 05:48:57.981" level="INFO">Slept 2 seconds</msg>
<status status="PASS" starttime="20240906 05:48:55.980" endtime="20240906 05:48:57.981"/>
</kw>
<kw name="Send Vkey" library="SAP_Tcode_Library">
<arg>2</arg>
<doc>Sends a SAP virtual key combination to the window, not into an element.
If you want to send a value to a text field, use `input text` instead.</doc>
<status status="PASS" starttime="20240906 05:48:57.981" endtime="20240906 05:48:58.020"/>
</kw>
<kw name="Sleep" library="BuiltIn">
<arg>2</arg>
<doc>Pauses the test executed for the given time.</doc>
<msg timestamp="20240906 05:49:00.020" level="INFO">Slept 2 seconds</msg>
<status status="PASS" starttime="20240906 05:48:58.020" endtime="20240906 05:49:00.020"/>
</kw>
<kw name="Take Screenshot" library="SAP_Tcode_Library">
<arg>snote_1.jpg</arg>
<doc>Takes a screenshot, only if 'screenshots on error' has been enabled,
[...]
</iter>
<iter>
<var name="${number}">3374186</var>
<kw name="Input Text" library="SAP_Tcode_Library">
<arg>wnd[0]/usr/txtNUMM-LOW</arg>
<arg>${number}</arg>
<doc>Inserts the given text into the text field identified by locator.
Use keyword `input password` to insert a password in a text field.</doc>
<msg timestamp="20240906 05:49:06.442" level="INFO">Typing text '3374186' into text field 'wnd[0]/usr/txtNUMM-LOW'.</msg>
<status status="PASS" starttime="20240906 05:49:06.432" endtime="20240906 05:49:06.442"/>
</kw>
<kw name="Sleep" library="BuiltIn">
<arg>1</arg>
<doc>Pauses the test executed for the given time.</doc>
<msg timestamp="20240906 05:49:07.442" level="INFO">Slept 1 second</msg>
<status status="PASS" starttime="20240906 05:49:06.442" endtime="20240906 05:49:07.442"/>
</kw>
<kw name="Click Element" library="SAP_Tcode_Library">
<arg>wnd[0]/tbar[1]/btn[8]</arg>
<doc>Performs a single click on a given element. Used only for buttons, tabs and menu items.</doc>
<status status="PASS" starttime="20240906 05:49:07.442" endtime="20240906 05:49:07.723"/>
</kw>
<kw name="Sleep" library="BuiltIn">
<arg>3</arg>
<doc>Pauses the test executed for the given time.</doc>
<msg timestamp="20240906 05:49:10.724" level="INFO">Slept 3 seconds</msg>
<status status="PASS" starttime="20240906 05:49:07.723" endtime="20240906 05:49:10.724"/>
</kw>
<kw name="Get Value" library="SAP_Tcode_Library">
<var>${SAP_note_error}</var>
<arg>wnd[0]/sbar/pane[0]</arg>
<doc>Gets the value of the given element. The possible return values depend on the type of element (see Return values).</doc>
<msg timestamp="20240906 05:49:10.724" level="INFO">${SAP_note_error} = </msg>
<status status="PASS" starttime="20240906 05:49:10.724" endtime="20240906 05:49:10.724"/>
</kw>
<if>
<branch type="IF" condition="'${SAP_note_error}' == 'Unable to find SAP Note that meets specified criteria'">
<kw name="Log To Console" library="BuiltIn">
<arg>${SAP_note_error} ${number}</arg>
<doc>Logs the given message to the console.</doc>
<status status="NOT RUN" starttime="20240906 05:49:10.724" endtime="20240906 05:49:10.724"/>
</kw>
<status status="NOT RUN" starttime="20240906 05:49:10.724" endtime="20240906 05:49:10.724"/>
</branch>
<branch type="ELSE">
<kw name="Double Click Current Cell Value" library="SAP_Tcode_Library">
<arg>wnd[0]/usr/cntlGRID1/shellcont/shell</arg>
<arg>PRSTATUS</arg>
<status status="PASS" starttime="20240906 05:49:10.724" endtime="20240906 05:49:18.152"/>
</kw>
<kw name="Sleep" library="BuiltIn">
<arg>2</arg>
<doc>Pauses the test executed for the given time.</doc>
<msg timestamp="20240906 05:49:20.153" level="INFO">Slept 2 seconds</msg>
<status status="PASS" starttime="20240906 05:49:18.152" endtime="20240906 05:49:20.153"/>
</kw>
<kw name="Get Value" library="SAP_Tcode_Library">
<var>${value}</var>
<arg>wnd[0]/usr/subSUB_101:SAPLSCW_NA_SCREEN:0101/txtSCWB_S_SCREEN_NOTE-PRSTATUS_TEXT</arg>
<doc>Gets the value of the given element. The possible return values depend on the type of element (see Return values).</doc>
<msg timestamp="20240906 05:49:20.176" level="INFO">${value} = Cannot be implemented</msg>
<status status="PASS" starttime="20240906 05:49:20.153" endtime="20240906 05:49:20.176"/>
</kw>
<if>
<branch type="IF" condition="'${value}' == 'Cannot be implemented'">
<kw name="Log To Console" library="BuiltIn">
<arg>Snote ${number} is uploaded already</arg>
<doc>Logs the given message to the console.</doc>
<status status="PASS" starttime="20240906 05:49:20.176" endtime="20240906 05:49:20.176"/>
</kw>
<kw name="Click Element" library="SAP_Tcode_Library">
<arg>wnd[0]/tbar[0]/btn[3]</arg>
<doc>Performs a single click on a given element. Used only for buttons, tabs and menu items.</doc>
<status status="PASS" starttime="20240906 05:49:20.176" endtime="20240906 05:49:20.489"/>
</kw>
<kw name="Sleep" library="BuiltIn">
<arg>1</arg>
<doc>Pauses the test executed for the given time.</doc>
<msg timestamp="20240906 05:49:21.505" level="INFO">Slept 1 second</msg>
<status status="PASS" starttime="20240906 05:49:20.505" endtime="20240906 05:49:21.505"/>
</kw>
<kw name="Click Element" library="SAP_Tcode_Library">
<arg>wnd[0]/tbar[0]/btn[3]</arg>
<doc>Performs a single click on a given element. Used only for buttons, tabs and menu items.</doc>
<status status="PASS" starttime="20240906 05:49:21.505" endtime="20240906 05:49:21.733"/>
</kw>
<kw name="Sleep" library="BuiltIn">
<arg>1</arg>
<doc>Pauses the test executed for the given time.</doc>
<msg timestamp="20240906 05:49:22.733" level="INFO">Slept 1 second</msg>
<status status="PASS" starttime="20240906 05:49:21.733" endtime="20240906 05:49:22.733"/>
</kw>
<status status="PASS" starttime="20240906 05:49:20.176" endtime="20240906 05:49:22.733"/>
</branch>
<branch type="ELSE IF" condition="'${value}' == 'Can be implemented'">
<kw name="Log To Console" library="BuiltIn">
<arg>Snote ${number} should be uploaded</arg>
<doc>Logs the given message to the console.</doc>
<status status="NOT RUN" starttime="20240906 05:49:22.733" endtime="20240906 05:49:22.733"/>
</kw>
<status status="NOT RUN" starttime="20240906 05:49:22.733" endtime="20240906 05:49:22.733"/>
</branch>
<status status="PASS" starttime="20240906 05:49:20.176" endtime="20240906 05:49:22.733"/>
</if>
<status status="PASS" starttime="20240906 05:49:10.724" endtime="20240906 05:49:22.733"/>
</branch>
<status status="PASS" starttime="20240906 05:49:10.724" endtime="20240906 05:49:22.733"/>
</if>
<status status="PASS" starttime="20240906 05:49:06.432" endtime="20240906 05:49:22.733"/>
</iter>
<iter>
<var name="${number}">3312428</var>
<kw name="Input Text" library="SAP_Tcode_Library">
<arg>wnd[0]/usr/txtNUMM-LOW</arg>
<arg>${number}</arg>
<doc>Inserts the given text into the text field identified by locator.
Use keyword `input password` to insert a password in a text field.</doc>
<msg timestamp="20240906 05:49:22.739" level="INFO">Typing text '3312428' into text field 'wnd[0]/usr/txtNUMM-LOW'.</msg>
<status status="PASS" starttime="20240906 05:49:22.733" endtime="20240906 05:49:22.739"/>
</kw>
<kw name="Sleep" library="BuiltIn">
<arg>1</arg>
<doc>Pauses the test executed for the given time.</doc>
<msg timestamp="20240906 05:49:23.739" level="INFO">Slept 1 second</msg>
<status status="PASS" starttime="20240906 05:49:22.739" endtime="20240906 05:49:23.739"/>
</kw>
<kw name="Click Element" library="SAP_Tcode_Library">
<arg>wnd[0]/tbar[1]/btn[8]</arg>
<doc>Performs a single click on a given element. Used only for buttons, tabs and menu items.</doc>
<status status="PASS" starttime="20240906 05:49:23.739" endtime="20240906 05:49:23.977"/>
</kw>
<kw name="Sleep" library="BuiltIn">
<arg>3</arg>
<doc>Pauses the test executed for the given time.</doc>
<msg timestamp="20240906 05:49:26.990" level="INFO">Slept 3 seconds</msg>
<status status="PASS" starttime="20240906 05:49:23.977" endtime="20240906 05:49:26.990"/>
</kw>
<kw name="Get Value" library="SAP_Tcode_Library">
<var>${SAP_note_error}</var>
<arg>wnd[0]/sbar/pane[0]</arg>
<doc>Gets the value of the given element. The possible return values depend on the type of element (see Return values).</doc>
<msg timestamp="20240906 05:49:26.990" level="INFO">${SAP_note_error} = </msg>
<status status="PASS" starttime="20240906 05:49:26.990" endtime="20240906 05:49:26.990"/>
</kw>
<if>
<branch type="IF" condition="'${SAP_note_error}' == 'Unable to find SAP Note that meets specified criteria'">
<kw name="Log To Console" library="BuiltIn">
<arg>${SAP_note_error} ${number}</arg>
<doc>Logs the given message to the console.</doc>
<status status="NOT RUN" starttime="20240906 05:49:26.990" endtime="20240906 05:49:26.990"/>
</kw>
<status status="NOT RUN" starttime="20240906 05:49:26.990" endtime="20240906 05:49:26.990"/>
</branch>
<branch type="ELSE">
<kw name="Double Click Current Cell Value" library="SAP_Tcode_Library">
<arg>wnd[0]/usr/cntlGRID1/shellcont/shell</arg>
<arg>PRSTATUS</arg>
<status status="PASS" starttime="20240906 05:49:26.990" endtime="20240906 05:49:27.411"/>
</kw>
<kw name="Sleep" library="BuiltIn">
<arg>2</arg>
<doc>Pauses the test executed for the given time.</doc>
<msg timestamp="20240906 05:49:29.411" level="INFO">Slept 2 seconds</msg>
<status status="PASS" starttime="20240906 05:49:27.411" endtime="20240906 05:49:29.411"/>
</kw>
<kw name="Get Value" library="SAP_Tcode_Library">
<var>${value}</var>
<arg>wnd[0]/usr/subSUB_101:SAPLSCW_NA_SCREEN:0101/txtSCWB_S_SCREEN_NOTE-PRSTATUS_TEXT</arg>
<doc>Gets the value of the given element. The possible return values depend on the type of element (see Return values).</doc>
<msg timestamp="20240906 05:49:29.427" level="INFO">${value} = Cannot be implemented</msg>
<status status="PASS" starttime="20240906 05:49:29.411" endtime="20240906 05:49:29.427"/>
</kw>
<if>
<branch type="IF" condition="'${value}' == 'Cannot be implemented'">
<kw name="Log To Console" library="BuiltIn">
<arg>Snote ${number} is uploaded already</arg>
<doc>Logs the given message to the console.</doc>
<status status="PASS" starttime="20240906 05:49:29.427" endtime="20240906 05:49:29.427"/>
</kw>
<kw name="Click Element" library="SAP_Tcode_Library">
<arg>wnd[0]/tbar[0]/btn[3]</arg>
<doc>Performs a single click on a given element. Used only for buttons, tabs and menu items.</doc>
<status status="PASS" starttime="20240906 05:49:29.427" endtime="20240906 05:49:29.755"/>
</kw>
<kw name="Sleep" library="BuiltIn">
<arg>1</arg>
<doc>Pauses the test executed for the given time.</doc>
<msg timestamp="20240906 05:49:30.759" level="INFO">Slept 1 second</msg>
<status status="PASS" starttime="20240906 05:49:29.755" endtime="20240906 05:49:30.759"/>
</kw>
<kw name="Click Element" library="SAP_Tcode_Library">
<arg>wnd[0]/tbar[0]/btn[3]</arg>
<doc>Performs a single click on a given element. Used only for buttons, tabs and menu items.</doc>
<status status="PASS" starttime="20240906 05:49:30.759" endtime="20240906 05:49:30.917"/>
</kw>
<kw name="Sleep" library="BuiltIn">
<arg>1</arg>
<doc>Pauses the test executed for the given time.</doc>
<msg timestamp="20240906 05:49:31.918" level="INFO">Slept 1 second</msg>
<status status="PASS" starttime="20240906 05:49:30.917" endtime="20240906 05:49:31.918"/>
</kw>
<status status="PASS" starttime="20240906 05:49:29.427" endtime="20240906 05:49:31.918"/>
</branch>
<branch type="ELSE IF" condition="'${value}' == 'Can be implemented'">
<kw name="Log To Console" library="BuiltIn">
<arg>Snote ${number} should be uploaded</arg>
<doc>Logs the given message to the console.</doc>
<status status="NOT RUN" starttime="20240906 05:49:31.918" endtime="20240906 05:49:31.918"/>
</kw>
<status status="NOT RUN" starttime="20240906 05:49:31.918" endtime="20240906 05:49:31.918"/>
</branch>
<status status="PASS" starttime="20240906 05:49:29.427" endtime="20240906 05:49:31.918"/>
</if>
<status status="PASS" starttime="20240906 05:49:26.990" endtime="20240906 05:49:31.918"/>
</branch>
<status status="PASS" starttime="20240906 05:49:26.990" endtime="20240906 05:49:31.918"/>
</if>
<status status="PASS" starttime="20240906 05:49:22.733" endtime="20240906 05:49:31.918"/>
</iter>
<iter>
<var name="${number}">3281776</var>
<kw name="Input Text" library="SAP_Tcode_Library">
<arg>wnd[0]/usr/txtNUMM-LOW</arg>
<arg>${number}</arg>
<doc>Inserts the given text into the text field identified by locator.
Use keyword `input password` to insert a password in a text field.</doc>
<msg timestamp="20240906 05:49:31.921" level="INFO">Typing text '3281776' into text field 'wnd[0]/usr/txtNUMM-LOW'.</msg>
<status status="PASS" starttime="20240906 05:49:31.918" endtime="20240906 05:49:31.921"/>
</kw>
<kw name="Sleep" library="BuiltIn">
<arg>1</arg>
<doc>Pauses the test executed for the given time.</doc>
<msg timestamp="20240906 05:49:32.921" level="INFO">Slept 1 second</msg>
<status status="PASS" starttime="20240906 05:49:31.921" endtime="20240906 05:49:32.921"/>
</kw>
<kw name="Click Element" library="SAP_Tcode_Library">
<arg>wnd[0]/tbar[1]/btn[8]</arg>
<doc>Performs a single click on a given element. Used only for buttons, tabs and menu items.</doc>
<status status="PASS" starttime="20240906 05:49:32.921" endtime="20240906 05:49:33.161"/>
</kw>
<kw name="Sleep" library="BuiltIn">
<arg>3</arg>
<doc>Pauses the test executed for the given time.</doc>
<msg timestamp="20240906 05:49:36.161" level="INFO">Slept 3 seconds</msg>
<status status="PASS" starttime="20240906 05:49:33.161" endtime="20240906 05:49:36.161"/>
</kw>
<kw name="Get Value" library="SAP_Tcode_Library">
<var>${SAP_note_error}</var>
<arg>wnd[0]/sbar/pane[0]</arg>
<doc>Gets the value of the given element. The possible return values depend on the type of element (see Return values).</doc>
<msg timestamp="20240906 05:49:36.163" level="INFO">${SAP_note_error} = </msg>
<status status="PASS" starttime="20240906 05:49:36.161" endtime="20240906 05:49:36.163"/>
</kw>
<if>
<branch type="IF" condition="'${SAP_note_error}' == 'Unable to find SAP Note that meets specified criteria'">
<kw name="Log To Console" library="BuiltIn">
<arg>${SAP_note_error} ${number}</arg>
<doc>Logs the given message to the console.</doc>
<status status="NOT RUN" starttime="20240906 05:49:36.163" endtime="20240906 05:49:36.163"/>
</kw>
<status status="NOT RUN" starttime="20240906 05:49:36.163" endtime="20240906 05:49:36.163"/>
</branch>
<branch type="ELSE">
<kw name="Double Click Current Cell Value" library="SAP_Tcode_Library">
<arg>wnd[0]/usr/cntlGRID1/shellcont/shell</arg>
<arg>PRSTATUS</arg>
<status status="PASS" starttime="20240906 05:49:36.163" endtime="20240906 05:49:37.520"/>
</kw>
<kw name="Sleep" library="BuiltIn">
<arg>2</arg>
<doc>Pauses the test executed for the given time.</doc>
<msg timestamp="20240906 05:49:39.520" level="INFO">Slept 2 seconds</msg>
<status status="PASS" starttime="20240906 05:49:37.520" endtime="20240906 05:49:39.520"/>
</kw>
<kw name="Get Value" library="SAP_Tcode_Library">
<var>${value}</var>
<arg>wnd[0]/usr/subSUB_101:SAPLSCW_NA_SCREEN:0101/txtSCWB_S_SCREEN_NOTE-PRSTATUS_TEXT</arg>
<doc>Gets the value of the given element. The possible return values depend on the type of element (see Return values).</doc>
<msg timestamp="20240906 05:49:39.536" level="INFO">${value} = Cannot be implemented</msg>
<status status="PASS" starttime="20240906 05:49:39.520" endtime="20240906 05:49:39.536"/>
</kw>
<if>
<branch type="IF" condition="'${value}' == 'Cannot be implemented'">
<kw name="Log To Console" library="BuiltIn">
<arg>Snote ${number} is uploaded already</arg>
<doc>Logs the given message to the console.</doc>
<status status="PASS" starttime="20240906 05:49:39.536" endtime="20240906 05:49:39.536"/>
</kw>
<kw name="Click Element" library="SAP_Tcode_Library">
<arg>wnd[0]/tbar[0]/btn[3]</arg>
<doc>Performs a single click on a given element. Used only for buttons, tabs and menu items.</doc>
<status status="PASS" starttime="20240906 05:49:39.536" endtime="20240906 05:49:39.848"/>
</kw>
<kw name="Sleep" library="BuiltIn">
<arg>1</arg>
<doc>Pauses the test executed for the given time.</doc>
<msg timestamp="20240906 05:49:40.848" level="INFO">Slept 1 second</msg>
<status status="PASS" starttime="20240906 05:49:39.848" endtime="20240906 05:49:40.848"/>
</kw>
<kw name="Click Element" library="SAP_Tcode_Library">
<arg>wnd[0]/tbar[0]/btn[3]</arg>
<doc>Performs a single click on a given element. Used only for buttons, tabs and menu items.</doc>
<status status="PASS" starttime="20240906 05:49:40.848" endtime="20240906 05:49:41.005"/>
</kw>
<kw name="Sleep" library="BuiltIn">
<arg>1</arg>
<doc>Pauses the test executed for the given time.</doc>
<msg timestamp="20240906 05:49:42.005" level="INFO">Slept 1 second</msg>
<status status="PASS" starttime="20240906 05:49:41.005" endtime="20240906 05:49:42.005"/>
</kw>
<status status="PASS" starttime="20240906 05:49:39.536" endtime="20240906 05:49:42.005"/>
</branch>
<branch type="ELSE IF" condition="'${value}' == 'Can be implemented'">
<kw name="Log To Console" library="BuiltIn">
<arg>Snote ${number} should be uploaded</arg>
<doc>Logs the given message to the console.</doc>
<status status="NOT RUN" starttime="20240906 05:49:42.005" endtime="20240906 05:49:42.005"/>
</kw>
<status status="NOT RUN" starttime="20240906 05:49:42.005" endtime="20240906 05:49:42.005"/>
</branch>
<status status="PASS" starttime="20240906 05:49:39.536" endtime="20240906 05:49:42.005"/>
</if>
<status status="PASS" starttime="20240906 05:49:36.163" endtime="20240906 05:49:42.005"/>
</branch>
<status status="PASS" starttime="20240906 05:49:36.163" endtime="20240906 05:49:42.005"/>
</if>
<status status="PASS" starttime="20240906 05:49:31.918" endtime="20240906 05:49:42.005"/>
</iter>
<status status="PASS" starttime="20240906 05:49:02.257" endtime="20240906 05:49:42.005"/>
</for>
<status status="PASS" starttime="20240906 05:48:53.767" endtime="20240906 05:49:42.005"/>
</kw>
<tag>Pre_Req</tag>
<status status="PASS" starttime="20240906 05:48:17.551" endtime="20240906 05:49:42.005"/>
</test>
<kw name="System Logout" library="Verify_Pre_requisite" type="TEARDOWN">
<kw name="Run Transaction" library="SAP_Tcode_Library">
<arg>/nex</arg>
<doc>Runs a Sap transaction. An error is given when an unknown transaction is specified.</doc>
<status status="PASS" starttime="20240906 05:49:42.007" endtime="20240906 05:49:42.036"/>
</kw>
<status status="PASS" starttime="20240906 05:49:42.007" endtime="20240906 05:49:42.036"/>
</kw>
<status status="PASS" starttime="20240906 05:48:15.145" endtime="20240906 05:49:42.036"/>
</suite>
<doc>Testing functionality through Robot Framework</doc>
<meta name="environment">Dev</meta>
<meta name="test_browser_name">chrome</meta>
<meta name="test_browser_version">128.0.6613.120</meta>
<meta name="test_driver_version">128.0.6613.119 </meta>
<meta name="test_environment">Dev</meta>
<meta name="test_freeze_dependencies">astroid==3.2.3,attrs==23.2.0,beautifulsoup4==4.12.3,bs4==0.0.2,certifi==2024.7.4,cffi==1.16.0,chardet==5.2.0,charset-normalizer==3.3.2,click==8.1.7,colorama==0.4.6,cryptography==42.0.8,defusedxml==0.7.1,dill==0.3.8,docutils==0.21.2,et-xmlfile==1.1.0,ExcelLib==0.0.1b2,exceptiongroup==1.2.2,gitdb==4.0.11,GitPython==3.1.43,h11==0.14.0,idna==3.7,isort==5.13.2,Jinja2==3.1.4,jira==3.8.0,jsonpath-ng==1.6.1,jsonschema==4.23.0,jsonschema-specifications==2023.12.1,lazy-object-proxy==1.10.0,lxml==5.2.2,markdown-it-py==3.0.0,MarkupSafe==2.1.5,mccabe==0.7.0,mdurl==0.1.2,natsort==8.4.0,numpy==2.0.0,oauthlib==3.2.2,openpyxl==3.1.5,outcome==1.3.0.post0,packaging==24.1,pandas==2.2.2,pathspec==0.11.2,pillow==10.4.0,pip==24.1.2,platformdirs==4.2.2,ply==3.11,pycparser==2.22,Pygments==2.18.0,pylint==3.2.5,PySocks==1.7.1,python-dateutil==2.9.0.post0,pytz==2024.1,pywin32==306,PyYAML==6.0.1,referencing==0.35.1,requests==2.32.3,requests-oauthlib==2.0.0,requests-toolbelt==1.0.0,rich==13.7.1,rich-click==1.6.1,robotframework==6.0.2,robotframework-datadriver==1.9.0,robotframework-excellib==2.0.1,robotframework-jsonlibrary==0.5,robotframework-pabot==2.16.0,robotframework-pythonlibcore==4.2.0,robotframework-requests==0.9.2,robotframework-sapguilibrary==1.1,robotframework-seleniumlibrary==5.1.3,robotframework-stacktrace==0.4.1,robotframework-tidy==4.5.0,rpds-py==0.19.0,selenium==4.9.1,setuptools==71.0.2,six==1.16.0,smmap==5.0.1,sniffio==1.3.1,sortedcontainers==2.4.0,soupsieve==2.5,tomli==2.0.1,tomlkit==0.13.0,trio==0.26.0,trio-websocket==0.11.1,typing_extensions==4.12.2,tzdata==2024.1,urllib3==2.2.2,wheel==0.43.0,wrapt==1.16.0,wsproto==1.2.0,xlrd==2.0.1,XlsxWriter==3.2.0</meta>
<status status="PASS" starttime="20240906 05:48:11.312" endtime="20240906 05:49:42.097"/>
</suite>
<statistics>
<total>
<stat pass="1" fail="0" skip="0">All Tests</stat>
</total>
<tag>
<stat pass="1" fail="0" skip="0">Pre_Req</stat>
</tag>
<suite>
<stat pass="1" fail="0" skip="0" id="s1" name="Tests">Tests</stat>
<stat pass="1" fail="0" skip="0" id="s1-s1" name="Test Verify Pre requisite">Tests.Test Verify Pre requisite</stat>
</suite>
</statistics>
<errors>
</errors>
</robot>
