<?xml version="1.0" encoding="UTF-8"?>
<robot generator="Robot 6.0.2 (Python 3.12.1 on win32)" generated="20240222 10:45:19.838" rpa="false" schemaversion="3">
<suite id="s1" name="Tests" source="C:\SAP_Testing\SAPtesting\Tests">
<kw name="Setup highest level suite" type="SETUP">
<kw name="Set Variable" library="BuiltIn">
<var>${d.test_server}</var>
<arg>${test_server}</arg>
<doc>Returns the given values which can then be assigned to a variables.</doc>
<msg timestamp="20240222 10:45:20.514" level="INFO">${d.test_server} = Dev</msg>
<status status="PASS" starttime="20240222 10:45:20.514" endtime="20240222 10:45:20.514"/>
</kw>
<kw name="Reset screenshot count variable" library="Support">
<kw name="Set Variable" library="BuiltIn">
<var>${screenshotCount}</var>
<arg>${PABOTQUEUEINDEX}_1</arg>
<doc>Returns the given values which can then be assigned to a variables.</doc>
<msg timestamp="20240222 10:45:20.516" level="INFO">${screenshotCount} = 0_1</msg>
<status status="PASS" starttime="20240222 10:45:20.515" endtime="20240222 10:45:20.516"/>
</kw>
<kw name="Set Global Variable" library="BuiltIn">
<arg>${screenshotCount}</arg>
<doc>Makes a variable available globally in all tests and suites.</doc>
<msg timestamp="20240222 10:45:20.516" level="INFO">${screenshotCount} = 0_1</msg>
<status status="PASS" starttime="20240222 10:45:20.516" endtime="20240222 10:45:20.516"/>
</kw>
<kw name="Set up screenshot directory" library="Support">
<kw name="Create Directory" library="OperatingSystem">
<arg>${OUTPUTDIR}${/}${wvar('screenshot_dir')}</arg>
<doc>Creates the specified directory.</doc>
<msg timestamp="20240222 10:45:20.517" level="INFO">Web.Dev.screenshot_dir: Screenshot</msg>
<msg timestamp="20240222 10:45:20.519" level="INFO" html="true">Created directory '&lt;a href="file://C:\SAP_Testing\SAPtesting\Output\pabot_results\0\Screenshot"&gt;C:\SAP_Testing\SAPtesting\Output\pabot_results\0\Screenshot&lt;/a&gt;'.</msg>
<status status="PASS" starttime="20240222 10:45:20.517" endtime="20240222 10:45:20.519"/>
</kw>
<status status="PASS" starttime="20240222 10:45:20.516" endtime="20240222 10:45:20.519"/>
</kw>
<status status="PASS" starttime="20240222 10:45:20.515" endtime="20240222 10:45:20.519"/>
</kw>
<kw name="Set Global Variable" library="BuiltIn">
<arg>${screenshot_taking}</arg>
<arg>${True}</arg>
<doc>Makes a variable available globally in all tests and suites.</doc>
<msg timestamp="20240222 10:45:20.520" level="INFO">${screenshot_taking} = True</msg>
<status status="PASS" starttime="20240222 10:45:20.519" endtime="20240222 10:45:20.520"/>
</kw>
<kw name="Setup linux execution" library="Support">
<kw name="Run Keyword And Return Status" library="BuiltIn">
<var>${web_test_check}</var>
<arg>Variable Should Exist</arg>
<arg>${web_test}</arg>
<doc>Runs the given keyword with given arguments and returns the status as a Boolean value.</doc>
<kw name="Variable Should Exist" library="BuiltIn">
<arg>${web_test}</arg>
<doc>Fails unless the given variable exists within the current scope.</doc>
<status status="PASS" starttime="20240222 10:45:20.521" endtime="20240222 10:45:20.521"/>
</kw>
<msg timestamp="20240222 10:45:20.521" level="INFO">${web_test_check} = True</msg>
<status status="PASS" starttime="20240222 10:45:20.520" endtime="20240222 10:45:20.521"/>
</kw>
<kw name="Run Keyword If" library="BuiltIn">
<arg>${web_test_check}</arg>
<arg>Setup Docker Execution Options</arg>
<doc>Runs the given keyword with the given arguments, if ``condition`` is true.</doc>
<kw name="Setup Docker Execution Options" library="Support_Web">
<kw name="Setup Suite Metadata" library="Support_Web">
<arg>${browser}</arg>
<kw name="Get Browser Metadata" library="BrowserSupport">
<var>&amp;{browser_information}</var>
<arg>browser=${browser}</arg>
<doc>Fetches browser metadata information
:param browser: Name of the browser for which information is fetched
:param reload: Re-read the metadata based on the browser
:return: Browser metadata information, dict of format
            {"browser_version": browser version value,
             "driver_version": driver version value}</doc>
<msg timestamp="20240222 10:45:23.845" level="INFO">&amp;{browser_information} = { browser_version=122.0.6261.57 | driver_version=121.0.6167.85  }</msg>
<status status="PASS" starttime="20240222 10:45:20.522" endtime="20240222 10:45:23.845"/>
</kw>
<kw name="Set Suite Metadata" library="BuiltIn">
<arg>test_browser_name</arg>
<arg>${browser}</arg>
<doc>Sets metadata for the current test suite.</doc>
<msg timestamp="20240222 10:45:23.845" level="INFO">Set suite metadata 'test_browser_name' to value 'chrome'.</msg>
<status status="PASS" starttime="20240222 10:45:23.845" endtime="20240222 10:45:23.845"/>
</kw>
<kw name="Set Suite Metadata" library="BuiltIn">
<arg>test_browser_version</arg>
<arg>${browser_information.browser_version}</arg>
<doc>Sets metadata for the current test suite.</doc>
<msg timestamp="20240222 10:45:23.845" level="INFO">Set suite metadata 'test_browser_version' to value '122.0.6261.57'.</msg>
<status status="PASS" starttime="20240222 10:45:23.845" endtime="20240222 10:45:23.845"/>
</kw>
<kw name="Set Suite Metadata" library="BuiltIn">
<arg>test_driver_version</arg>
<arg>${browser_information.driver_version}</arg>
<doc>Sets metadata for the current test suite.</doc>
<msg timestamp="20240222 10:45:23.845" level="INFO">Set suite metadata 'test_driver_version' to value '121.0.6167.85 '.</msg>
<status status="PASS" starttime="20240222 10:45:23.845" endtime="20240222 10:45:23.845"/>
</kw>
<status status="PASS" starttime="20240222 10:45:20.522" endtime="20240222 10:45:23.845"/>
</kw>
<kw name="Setup Global Docker Execution Options" library="Support_Web">
<kw name="Set Global Variable" library="BuiltIn">
<arg>${global_browser_options}</arg>
<arg>None</arg>
<doc>Makes a variable available globally in all tests and suites.</doc>
<msg timestamp="20240222 10:45:23.845" level="INFO">${global_browser_options} = None</msg>
<status status="PASS" starttime="20240222 10:45:23.845" endtime="20240222 10:45:23.845"/>
</kw>
<kw name="Get Environment Variable" library="OperatingSystem">
<var>${docker_check}</var>
<arg>EXECUTION_ENVIRONMENT</arg>
<arg>not_found</arg>
<doc>Returns the value of an environment variable with the given name.</doc>
<msg timestamp="20240222 10:45:23.845" level="INFO">${docker_check} = not_found</msg>
<status status="PASS" starttime="20240222 10:45:23.845" endtime="20240222 10:45:23.845"/>
</kw>
<kw name="Run Keyword And Return If" library="BuiltIn">
<arg>"${docker_check}"!="docker"</arg>
<arg>Log</arg>
<arg>Not executing on Docker</arg>
<doc>Runs the specified keyword and returns from the enclosing user keyword.</doc>
<kw name="Log" library="BuiltIn">
<arg>Not executing on Docker</arg>
<doc>Logs the given message with the given level.</doc>
<msg timestamp="20240222 10:45:23.845" level="INFO">Not executing on Docker</msg>
<status status="PASS" starttime="20240222 10:45:23.845" endtime="20240222 10:45:23.845"/>
</kw>
<msg timestamp="20240222 10:45:23.845" level="INFO">Returning from the enclosing user keyword.</msg>
<status status="PASS" starttime="20240222 10:45:23.845" endtime="20240222 10:45:23.845"/>
</kw>
<kw name="Create List" library="BuiltIn">
<var>@{options}</var>
<arg>--headless</arg>
<arg>--no-sandbox</arg>
<arg>--disable-dev-shm-usage</arg>
<doc>Returns a list containing given items.</doc>
<status status="NOT RUN" starttime="20240222 10:45:23.845" endtime="20240222 10:45:23.845"/>
</kw>
<kw name="Set Global Variable" library="BuiltIn">
<arg>@{docker_options}</arg>
<arg>@{options}</arg>
<doc>Makes a variable available globally in all tests and suites.</doc>
<status status="NOT RUN" starttime="20240222 10:45:23.845" endtime="20240222 10:45:23.845"/>
</kw>
<status status="PASS" starttime="20240222 10:45:23.845" endtime="20240222 10:45:23.845"/>
</kw>
<kw name="Create Webdriver for chrome preferences" library="Support_Web">
<kw name="Update Docker Execution Options" library="Support_Web">
<var>${list_prefs}</var>
<arg>${list_prefs}</arg>
<kw name="Run Keyword And Return Status" library="BuiltIn">
<var>${docker_check}</var>
<arg>Variable Should Exist</arg>
<arg>${docker_options}</arg>
<doc>Runs the given keyword with given arguments and returns the status as a Boolean value.</doc>
<kw name="Variable Should Exist" library="BuiltIn">
<arg>${docker_options}</arg>
<doc>Fails unless the given variable exists within the current scope.</doc>
<msg timestamp="20240222 10:45:23.845" level="FAIL">Variable '${docker_options}' does not exist.</msg>
<status status="FAIL" starttime="20240222 10:45:23.845" endtime="20240222 10:45:23.845"/>
</kw>
<msg timestamp="20240222 10:45:23.845" level="INFO">${docker_check} = False</msg>
<status status="PASS" starttime="20240222 10:45:23.845" endtime="20240222 10:45:23.845"/>
</kw>
<kw name="Get Length" library="BuiltIn">
<var>${list_prefs_length}</var>
<arg>${list_prefs}</arg>
<doc>Returns and logs the length of the given item as an integer.</doc>
<msg timestamp="20240222 10:45:23.845" level="INFO">Length is 1</msg>
<msg timestamp="20240222 10:45:23.845" level="INFO">${list_prefs_length} = 1</msg>
<status status="PASS" starttime="20240222 10:45:23.845" endtime="20240222 10:45:23.845"/>
</kw>
<kw name="Run Keyword If" library="BuiltIn">
<var>${list_prefs}</var>
<arg>${docker_check} and ${list_prefs_length}&gt;0 and ${list_prefs}[0] != []</arg>
<arg>Combine Lists</arg>
<arg>${list_prefs}</arg>
<arg>${docker_options}</arg>
<arg>ELSE IF</arg>
<arg>${docker_check}</arg>
<arg>Set Variable</arg>
<arg>${docker_options}</arg>
<arg>ELSE</arg>
<arg>Set Variable</arg>
<arg>${list_prefs}</arg>
<doc>Runs the given keyword with the given arguments, if ``condition`` is true.</doc>
<kw name="Set Variable" library="BuiltIn">
<arg>${list_prefs}</arg>
<doc>Returns the given values which can then be assigned to a variables.</doc>
<status status="PASS" starttime="20240222 10:45:23.845" endtime="20240222 10:45:23.845"/>
</kw>
<msg timestamp="20240222 10:45:23.845" level="INFO">${list_prefs} = [[]]</msg>
<status status="PASS" starttime="20240222 10:45:23.845" endtime="20240222 10:45:23.845"/>
</kw>
<msg timestamp="20240222 10:45:23.845" level="INFO">${list_prefs} = [[]]</msg>
<status status="PASS" starttime="20240222 10:45:23.845" endtime="20240222 10:45:23.845"/>
</kw>
<kw name="Create Chrome Options for download preferences" library="Support_Web">
<var>${chrome_options}</var>
<kw name="Evaluate" library="BuiltIn">
<var>${chrome_options}</var>
<arg>sys.modules['selenium.webdriver'].ChromeOptions()</arg>
<arg>sys</arg>
<doc>Evaluates the given expression in Python and returns the result.</doc>
<msg timestamp="20240222 10:45:23.845" level="INFO">${chrome_options} = &lt;selenium.webdriver.chrome.options.Options object at 0x0000028432C9A090&gt;</msg>
<status status="PASS" starttime="20240222 10:45:23.845" endtime="20240222 10:45:23.845"/>
</kw>
<msg timestamp="20240222 10:45:23.845" level="INFO">${chrome_options} = &lt;selenium.webdriver.chrome.options.Options object at 0x0000028432C9A090&gt;</msg>
<status status="PASS" starttime="20240222 10:45:23.845" endtime="20240222 10:45:23.845"/>
</kw>
<kw name="Update Preferences List" library="Support_Web">
<arg>${chrome_options}</arg>
<arg>@{list_prefs}</arg>
<kw name="Convert To String" library="BuiltIn">
<var>${string_prefs}</var>
<arg>${list_prefs}</arg>
<doc>Converts the given item to a Unicode string.</doc>
<msg timestamp="20240222 10:45:23.845" level="INFO">${string_prefs} = [[]]</msg>
<status status="PASS" starttime="20240222 10:45:23.845" endtime="20240222 10:45:23.845"/>
</kw>
<kw name="Return From Keyword If" library="BuiltIn">
<arg>${string_prefs} == [[]]</arg>
<doc>Returns from the enclosing user keyword if ``condition`` is true.</doc>
<msg timestamp="20240222 10:45:23.861" level="INFO">Returning from the enclosing user keyword.</msg>
<status status="PASS" starttime="20240222 10:45:23.861" endtime="20240222 10:45:23.861"/>
</kw>
<for flavor="IN">
<var>${preference}</var>
<value>@{list_prefs}</value>
<iter>
<var name="${preference}"/>
<kw name="Call Method" library="BuiltIn">
<arg>${chrome_options}</arg>
<arg>add_argument</arg>
<arg>${preference}</arg>
<doc>Calls the named method of the given object with the provided arguments.</doc>
<status status="NOT RUN" starttime="20240222 10:45:23.861" endtime="20240222 10:45:23.861"/>
</kw>
<status status="NOT RUN" starttime="20240222 10:45:23.861" endtime="20240222 10:45:23.861"/>
</iter>
<status status="NOT RUN" starttime="20240222 10:45:23.861" endtime="20240222 10:45:23.861"/>
</for>
<status status="PASS" starttime="20240222 10:45:23.845" endtime="20240222 10:45:23.861"/>
</kw>
<kw name="Call Method" library="BuiltIn">
<arg>${chrome_options}</arg>
<arg>add_experimental_option</arg>
<arg>prefs</arg>
<arg>${kw_prefs}</arg>
<doc>Calls the named method of the given object with the provided arguments.</doc>
<status status="PASS" starttime="20240222 10:45:23.861" endtime="20240222 10:45:23.861"/>
</kw>
<kw name="Set Global Variable" library="BuiltIn">
<arg>${global_browser_options}</arg>
<arg>${chrome options}</arg>
<doc>Makes a variable available globally in all tests and suites.</doc>
<msg timestamp="20240222 10:45:23.861" level="INFO">${global_browser_options} = &lt;selenium.webdriver.chrome.options.Options object at 0x0000028432C9A090&gt;</msg>
<status status="PASS" starttime="20240222 10:45:23.861" endtime="20240222 10:45:23.861"/>
</kw>
<status status="PASS" starttime="20240222 10:45:23.845" endtime="20240222 10:45:23.861"/>
</kw>
<status status="PASS" starttime="20240222 10:45:20.522" endtime="20240222 10:45:23.861"/>
</kw>
<status status="PASS" starttime="20240222 10:45:20.521" endtime="20240222 10:45:23.861"/>
</kw>
<status status="PASS" starttime="20240222 10:45:20.520" endtime="20240222 10:45:23.861"/>
</kw>
<kw name="Set Suite Metadata" library="BuiltIn">
<arg>environment</arg>
<arg>${test_server}</arg>
<doc>Sets metadata for the current test suite.</doc>
<msg timestamp="20240222 10:45:23.861" level="INFO">Set suite metadata 'environment' to value 'Dev'.</msg>
<status status="PASS" starttime="20240222 10:45:23.861" endtime="20240222 10:45:23.861"/>
</kw>
<status status="PASS" starttime="20240222 10:45:20.513" endtime="20240222 10:45:23.861"/>
</kw>
<suite id="s1-s1" name="Test Addon" source="C:\SAP_Testing\SAPtesting\Tests\Test_Addon.robot">
<kw name="System Logon" library="Common_Function" type="SETUP">
<kw name="Start Process" library="Process">
<arg>${symvar('EXE_PAD')}</arg>
<doc>Starts a new process on background.</doc>
<msg timestamp="20240222 10:45:24.134" level="INFO">Sym.Dev.EXE_PAD: C:\Program Files (x86)\SAP\FrontEnd\SAPgui\saplogon.exe</msg>
<msg timestamp="20240222 10:45:24.134" level="INFO">Starting process:
"C:\Program Files (x86)\SAP\FrontEnd\SAPgui\saplogon.exe"</msg>
<status status="PASS" starttime="20240222 10:45:24.134" endtime="20240222 10:45:24.143"/>
</kw>
<kw name="Sleep" library="BuiltIn">
<arg>5s</arg>
<doc>Pauses the test executed for the given time.</doc>
<msg timestamp="20240222 10:45:29.144" level="INFO">Slept 5 seconds</msg>
<status status="PASS" starttime="20240222 10:45:24.143" endtime="20240222 10:45:29.144"/>
</kw>
<kw name="Connect To Session" library="CustomSapGuiLibrary">
<doc>Connects to an open session SAP.</doc>
<status status="PASS" starttime="20240222 10:45:29.144" endtime="20240222 10:45:29.151"/>
</kw>
<kw name="Sleep" library="BuiltIn">
<arg>5</arg>
<doc>Pauses the test executed for the given time.</doc>
<msg timestamp="20240222 10:45:34.151" level="INFO">Slept 5 seconds</msg>
<status status="PASS" starttime="20240222 10:45:29.151" endtime="20240222 10:45:34.151"/>
</kw>
<kw name="Open Connection" library="CustomSapGuiLibrary">
<arg>${symvar('Connection_Name')}</arg>
<doc>Opens a connection to the given connection name. Be sure to provide the full connection name, including the bracket part.</doc>
<msg timestamp="20240222 10:45:34.151" level="INFO">Sym.Dev.Connection_Name: RBT</msg>
<status status="PASS" starttime="20240222 10:45:34.151" endtime="20240222 10:45:35.753"/>
</kw>
<kw name="Sleep" library="BuiltIn">
<arg>5</arg>
<doc>Pauses the test executed for the given time.</doc>
<msg timestamp="20240222 10:45:40.755" level="INFO">Slept 5 seconds</msg>
<status status="PASS" starttime="20240222 10:45:35.754" endtime="20240222 10:45:40.755"/>
</kw>
<kw name="Input Text" library="CustomSapGuiLibrary">
<arg>wnd[0]/usr/txtRSYST-MANDT</arg>
<arg>${symvar('SAP_CLIENT')}</arg>
<doc>Inserts the given text into the text field identified by locator.
Use keyword `input password` to insert a password in a text field.</doc>
<msg timestamp="20240222 10:45:40.755" level="INFO">Sym.Dev.SAP_CLIENT: 000</msg>
<msg timestamp="20240222 10:45:40.757" level="INFO">Typing text '000' into text field 'wnd[0]/usr/txtRSYST-MANDT'.</msg>
<status status="PASS" starttime="20240222 10:45:40.755" endtime="20240222 10:45:40.757"/>
</kw>
<kw name="Sleep" library="BuiltIn">
<arg>1</arg>
<doc>Pauses the test executed for the given time.</doc>
<msg timestamp="20240222 10:45:41.758" level="INFO">Slept 1 second</msg>
<status status="PASS" starttime="20240222 10:45:40.757" endtime="20240222 10:45:41.758"/>
</kw>
<kw name="Input Text" library="CustomSapGuiLibrary">
<arg>wnd[0]/usr/txtRSYST-BNAME</arg>
<arg>${symvar('SAP_USER')}</arg>
<doc>Inserts the given text into the text field identified by locator.
Use keyword `input password` to insert a password in a text field.</doc>
<msg timestamp="20240222 10:45:41.758" level="INFO">Sym.Dev.SAP_USER: DDIC</msg>
<msg timestamp="20240222 10:45:41.769" level="INFO">Typing text 'DDIC' into text field 'wnd[0]/usr/txtRSYST-BNAME'.</msg>
<status status="PASS" starttime="20240222 10:45:41.758" endtime="20240222 10:45:41.769"/>
</kw>
<kw name="Sleep" library="BuiltIn">
<arg>1</arg>
<doc>Pauses the test executed for the given time.</doc>
<msg timestamp="20240222 10:45:42.769" level="INFO">Slept 1 second</msg>
<status status="PASS" starttime="20240222 10:45:41.769" endtime="20240222 10:45:42.769"/>
</kw>
<kw name="Input Password" library="CustomSapGuiLibrary">
<arg>wnd[0]/usr/pwdRSYST-BCODE</arg>
<arg>${symvar('SAP_PASSWORD')}</arg>
<doc>Inserts the given password into the text field identified by locator.
The password is not recorded in the log.</doc>
<msg timestamp="20240222 10:45:42.769" level="INFO">Sym.Dev.SAP_PASSWORD: Sym@rocks2023</msg>
<msg timestamp="20240222 10:45:42.776" level="INFO">Typing password into text field 'wnd[0]/usr/pwdRSYST-BCODE'.</msg>
<status status="PASS" starttime="20240222 10:45:42.769" endtime="20240222 10:45:42.776"/>
</kw>
<kw name="Sleep" library="BuiltIn">
<arg>2</arg>
<doc>Pauses the test executed for the given time.</doc>
<msg timestamp="20240222 10:45:44.776" level="INFO">Slept 2 seconds</msg>
<status status="PASS" starttime="20240222 10:45:42.776" endtime="20240222 10:45:44.776"/>
</kw>
<kw name="Send Vkey" library="CustomSapGuiLibrary">
<arg>0</arg>
<doc>Sends a SAP virtual key combination to the window, not into an element.
If you want to send a value to a text field, use `input text` instead.</doc>
<status status="PASS" starttime="20240222 10:45:44.776" endtime="20240222 10:45:45.376"/>
</kw>
<kw name="Sleep" library="BuiltIn">
<arg>5</arg>
<doc>Pauses the test executed for the given time.</doc>
<msg timestamp="20240222 10:45:50.376" level="INFO">Slept 5 seconds</msg>
<status status="PASS" starttime="20240222 10:45:45.376" endtime="20240222 10:45:50.376"/>
</kw>
<kw name="Multiple Logon Handling" library="CustomSapGuiLibrary">
<arg>wnd[1]</arg>
<arg>wnd[1]/usr/radMULTI_LOGON_OPT2</arg>
<arg>wnd[1]/tbar[0]/btn[0]</arg>
<status status="PASS" starttime="20240222 10:45:50.376" endtime="20240222 10:45:50.376"/>
</kw>
<kw name="Sleep" library="BuiltIn">
<arg>1</arg>
<doc>Pauses the test executed for the given time.</doc>
<msg timestamp="20240222 10:45:51.376" level="INFO">Slept 1 second</msg>
<status status="PASS" starttime="20240222 10:45:50.376" endtime="20240222 10:45:51.376"/>
</kw>
<status status="PASS" starttime="20240222 10:45:24.134" endtime="20240222 10:45:51.376"/>
</kw>
<test id="s1-s1-t1" name="Check_Saint Transation Code" line="10">
<kw name="Saint Transation Code" library="Addon">
<kw name="Run Transaction" library="CustomSapGuiLibrary">
<arg>Saint</arg>
<doc>Runs a Sap transaction. An error is given when an unknown transaction is specified.</doc>
<status status="PASS" starttime="20240222 10:45:51.376" endtime="20240222 10:45:51.570"/>
</kw>
<kw name="Sleep" library="BuiltIn">
<arg>2</arg>
<doc>Pauses the test executed for the given time.</doc>
<msg timestamp="20240222 10:45:53.571" level="INFO">Slept 2 seconds</msg>
<status status="PASS" starttime="20240222 10:45:51.570" endtime="20240222 10:45:53.571"/>
</kw>
<kw name="Take Screenshot" library="CustomSapGuiLibrary">
<arg>saintfrontpage.jpg</arg>
<doc>Takes a screenshot, only if 'screenshots on error' has been enabled,
either at import of with keyword `enable screenshots on error`.</doc>
<msg timestamp="20240222 10:45:53.664" level="INFO" html="true">&lt;a href="saintfrontpage.jpg"&gt;&lt;img src="saintfrontpage.jpg" width="800px"&gt;&lt;/a&gt;</msg>
<status status="PASS" starttime="20240222 10:45:53.571" endtime="20240222 10:45:53.664"/>
</kw>
<kw name="Sleep" library="BuiltIn">
<arg>1</arg>
<doc>Pauses the test executed for the given time.</doc>
<msg timestamp="20240222 10:45:54.665" level="INFO">Slept 1 second</msg>
<status status="PASS" starttime="20240222 10:45:53.664" endtime="20240222 10:45:54.665"/>
</kw>
<kw name="Get Maintenance Certificate Text" library="CustomSapGuiLibrary">
<arg>${certificate_id}</arg>
<msg timestamp="20240222 10:45:54.669" level="INFO">License available to proceed further</msg>
<status status="PASS" starttime="20240222 10:45:54.665" endtime="20240222 10:45:54.669"/>
</kw>
<kw name="Take Screenshot" library="CustomSapGuiLibrary">
<arg>certificate.jpg</arg>
<doc>Takes a screenshot, only if 'screenshots on error' has been enabled,
either at import of with keyword `enable screenshots on error`.</doc>
<msg timestamp="20240222 10:45:54.727" level="INFO" html="true">&lt;a href="certificate.jpg"&gt;&lt;img src="certificate.jpg" width="800px"&gt;&lt;/a&gt;</msg>
<status status="PASS" starttime="20240222 10:45:54.669" endtime="20240222 10:45:54.727"/>
</kw>
<kw name="Sleep" library="BuiltIn">
<arg>5</arg>
<doc>Pauses the test executed for the given time.</doc>
<msg timestamp="20240222 10:45:59.728" level="INFO">Slept 5 seconds</msg>
<status status="PASS" starttime="20240222 10:45:54.727" endtime="20240222 10:45:59.728"/>
</kw>
<kw name="Click Element" library="CustomSapGuiLibrary">
<arg>wnd[0]/mbar/menu[0]/menu[0]/menu[1]</arg>
<doc>Performs a single click on a given element. Used only for buttons, tabs and menu items.</doc>
<status status="PASS" starttime="20240222 10:45:59.728" endtime="20240222 10:46:00.013"/>
</kw>
<kw name="Sleep" library="BuiltIn">
<arg>3</arg>
<doc>Pauses the test executed for the given time.</doc>
<msg timestamp="20240222 10:46:03.013" level="INFO">Slept 3 seconds</msg>
<status status="PASS" starttime="20240222 10:46:00.013" endtime="20240222 10:46:03.013"/>
</kw>
<kw name="Click Element" library="CustomSapGuiLibrary">
<arg>wnd[1]/usr/btnBUTTON_1</arg>
<doc>Performs a single click on a given element. Used only for buttons, tabs and menu items.</doc>
<status status="PASS" starttime="20240222 10:46:03.013" endtime="20240222 10:46:06.608"/>
</kw>
<kw name="Sleep" library="BuiltIn">
<arg>3</arg>
<doc>Pauses the test executed for the given time.</doc>
<msg timestamp="20240222 10:46:09.618" level="INFO">Slept 3 seconds</msg>
<status status="PASS" starttime="20240222 10:46:06.608" endtime="20240222 10:46:09.618"/>
</kw>
<kw name="Click Element" library="CustomSapGuiLibrary">
<arg>wnd[0]/tbar[0]/btn[3]</arg>
<doc>Performs a single click on a given element. Used only for buttons, tabs and menu items.</doc>
<status status="PASS" starttime="20240222 10:46:09.618" endtime="20240222 10:46:09.768"/>
</kw>
<kw name="Sleep" library="BuiltIn">
<arg>10</arg>
<doc>Pauses the test executed for the given time.</doc>
<msg timestamp="20240222 10:46:19.769" level="INFO">Slept 10 seconds</msg>
<status status="PASS" starttime="20240222 10:46:09.768" endtime="20240222 10:46:19.769"/>
</kw>
<kw name="Take Screenshot" library="CustomSapGuiLibrary">
<arg>Saint1.jpg</arg>
<doc>Takes a screenshot, only if 'screenshots on error' has been enabled,
either at import of with keyword `enable screenshots on error`.</doc>
<msg timestamp="20240222 10:46:19.834" level="INFO" html="true">&lt;a href="Saint1.jpg"&gt;&lt;img src="Saint1.jpg" width="800px"&gt;&lt;/a&gt;</msg>
<status status="PASS" starttime="20240222 10:46:19.769" endtime="20240222 10:46:19.834"/>
</kw>
<kw name="Click Element" library="CustomSapGuiLibrary">
<arg>wnd[0]/usr/btnBUTTON_NEXT</arg>
<doc>Performs a single click on a given element. Used only for buttons, tabs and menu items.</doc>
<status status="PASS" starttime="20240222 10:46:19.838" endtime="20240222 10:46:19.934"/>
</kw>
<kw name="Sleep" library="BuiltIn">
<arg>2</arg>
<doc>Pauses the test executed for the given time.</doc>
<msg timestamp="20240222 10:46:21.935" level="INFO">Slept 2 seconds</msg>
<status status="PASS" starttime="20240222 10:46:19.934" endtime="20240222 10:46:21.935"/>
</kw>
<kw name="Take Screenshot" library="CustomSapGuiLibrary">
<arg>saint2.jpg</arg>
<doc>Takes a screenshot, only if 'screenshots on error' has been enabled,
either at import of with keyword `enable screenshots on error`.</doc>
<msg timestamp="20240222 10:46:21.986" level="INFO" html="true">&lt;a href="saint2.jpg"&gt;&lt;img src="saint2.jpg" width="800px"&gt;&lt;/a&gt;</msg>
<status status="PASS" starttime="20240222 10:46:21.935" endtime="20240222 10:46:21.986"/>
</kw>
<status status="PASS" starttime="20240222 10:45:51.376" endtime="20240222 10:46:21.986"/>
</kw>
<kw name="Get Cell Text From SAP Table" library="Addon">
<kw name="Find Addon Rows" library="CustomSapGuiLibrary">
<var>${foundRow}</var>
<arg>wnd[0]/usr/subLIST_AREA:SAPLSAINT_UI:0104/tblSAPLSAINT_UIADDON_TO_INSTALL</arg>
<arg>${symvar('addOn')}</arg>
<msg timestamp="20240222 10:46:21.986" level="INFO">Sym.Dev.addOn: ['BNWVS', 'ST-A/PI']</msg>
<msg timestamp="20240222 10:46:22.008" level="INFO">['ConfigureLayout', 'DeselectAllColumns', 'DumpState', 'FindAllByName', 'FindAllByNameEx', 'FindById', 'FindByName', 'FindByNameEx', 'GetAbsoluteRow', 'GetCell', 'ReorderTable', 'SelectAllColumns', 'SetFocus', 'ShowContextMenu', 'Visualize', '_ApplyTypes_', '_FlagAsMethod', '_LazyAddAttr_', '_NewEnum', '_Release_', '_UpdateWithITypeInfo_', '__AttrToID__', '__LazyMap__', '__bool__', '__call__', '__class__', '__delattr__', '__dict__', '__dir__', '__doc__', '__eq__', '__format__', '__ge__', '__getattr__', '__getattribute__', '__getitem__', '__getstate__', '__gt__', '__hash__', '__init__', '__init_subclass__', '__int__', '__le__', '__len__', '__lt__', '__module__', '__ne__', '__new__', '__reduce__', '__reduce_ex__', '__repr__', '__setattr__', '__setitem__', '__sizeof__', '__str__', '__subclasshook__', '__weakref__', '_builtMethods_', '_dir_ole_', '_enum_', '_find_dispatch_type_', '_get_good_object_', '_get_good_single_object_', '_lazydata_', '_make_method_', '_mapCachedItems_', '_oleobj_', '_olerepr_', '_print_details_', '_proc_', '_unicode_to_string_', '_username_', '_wrap_dispatch_']
BNWVS
(-2147352567, 'Exception occurred.', (613, 'SAP Frontend Server', 'The method got an invalid argument.', 'C:\\Program Files (x86)\\SAP\\FrontEnd\\SAPGUI\\sapfront.HLP', 393215, 0), None)
ST-A/PI
(-2147352567, 'Exception occurred.', (613, 'SAP Frontend Server', 'The method got an invalid argument.', 'C:\\Program Files (x86)\\SAP\\FrontEnd\\SAPGUI\\sapfront.HLP', 393215, 0), None)</msg>
<msg timestamp="20240222 10:46:22.008" level="INFO">${foundRow} = [0, 1]</msg>
<status status="PASS" starttime="20240222 10:46:21.986" endtime="20240222 10:46:22.008"/>
</kw>
<kw name="Log" library="BuiltIn">
<arg>Found text in row: ${foundRow}</arg>
<doc>Logs the given message with the given level.</doc>
<msg timestamp="20240222 10:46:22.008" level="INFO">Found text in row: [0, 1]</msg>
<status status="PASS" starttime="20240222 10:46:22.008" endtime="20240222 10:46:22.008"/>
</kw>
<for flavor="IN">
<var>${row_index}</var>
<value>@{foundRow}</value>
<iter>
<var name="${row_index}">0</var>
<kw name="Select Table Row" library="CustomSapGuiLibrary">
<arg>wnd[0]/usr/subLIST_AREA:SAPLSAINT_UI:0104/tblSAPLSAINT_UIADDON_TO_INSTALL</arg>
<arg>${row_index}</arg>
<doc>Selects an entire row of a table. This can either be a TableControl or a GridView 'table_id'
which is contained within a shell object. The row is an index to select the row, starting from 0.</doc>
<status status="PASS" starttime="20240222 10:46:22.018" endtime="20240222 10:46:22.039"/>
</kw>
<status status="PASS" starttime="20240222 10:46:22.008" endtime="20240222 10:46:22.039"/>
</iter>
<iter>
<var name="${row_index}">1</var>
<kw name="Select Table Row" library="CustomSapGuiLibrary">
<arg>wnd[0]/usr/subLIST_AREA:SAPLSAINT_UI:0104/tblSAPLSAINT_UIADDON_TO_INSTALL</arg>
<arg>${row_index}</arg>
<doc>Selects an entire row of a table. This can either be a TableControl or a GridView 'table_id'
which is contained within a shell object. The row is an index to select the row, starting from 0.</doc>
<status status="PASS" starttime="20240222 10:46:22.039" endtime="20240222 10:46:22.050"/>
</kw>
<status status="PASS" starttime="20240222 10:46:22.039" endtime="20240222 10:46:22.050"/>
</iter>
<status status="PASS" starttime="20240222 10:46:22.008" endtime="20240222 10:46:22.050"/>
</for>
<kw name="Take Screenshot" library="CustomSapGuiLibrary">
<arg>saint4.jpg</arg>
<doc>Takes a screenshot, only if 'screenshots on error' has been enabled,
either at import of with keyword `enable screenshots on error`.</doc>
<msg timestamp="20240222 10:46:22.113" level="INFO" html="true">&lt;a href="saint4.jpg"&gt;&lt;img src="saint4.jpg" width="800px"&gt;&lt;/a&gt;</msg>
<status status="PASS" starttime="20240222 10:46:22.050" endtime="20240222 10:46:22.113"/>
</kw>
<kw name="Click Element" library="CustomSapGuiLibrary">
<arg>wnd[0]/usr/btnBUTTON_NEXT</arg>
<doc>Performs a single click on a given element. Used only for buttons, tabs and menu items.</doc>
<status status="PASS" starttime="20240222 10:46:22.113" endtime="20240222 10:46:22.303"/>
</kw>
<kw name="Sleep" library="BuiltIn">
<arg>4</arg>
<doc>Pauses the test executed for the given time.</doc>
<msg timestamp="20240222 10:46:26.304" level="INFO">Slept 4 seconds</msg>
<status status="PASS" starttime="20240222 10:46:22.303" endtime="20240222 10:46:26.304"/>
</kw>
<status status="PASS" starttime="20240222 10:46:21.986" endtime="20240222 10:46:26.304"/>
</kw>
<tag>RBTLOGIN</tag>
<tag>Regression</tag>
<status status="PASS" starttime="20240222 10:45:51.376" endtime="20240222 10:46:26.304"/>
</test>
<test id="s1-s1-t2" name="Selecting the path for the Addon" line="14">
<kw name="Patch selection for the Addon" library="Addon">
<kw name="Saint Patch Select" library="CustomSapGuiLibrary">
<arg>${addOn}</arg>
<arg>${Patch}</arg>
<msg timestamp="20240222 10:46:26.308" level="INFO">'CustomSapGuiLibrary' object has no attribute 'FindById'</msg>
<status status="PASS" starttime="20240222 10:46:26.308" endtime="20240222 10:46:26.308"/>
</kw>
<kw name="Log" library="BuiltIn">
<arg>${addOn}</arg>
<doc>Logs the given message with the given level.</doc>
<msg timestamp="20240222 10:46:26.308" level="INFO">["BNWVS", "ST-A/PI"]</msg>
<status status="PASS" starttime="20240222 10:46:26.308" endtime="20240222 10:46:26.308"/>
</kw>
<kw name="Log" library="BuiltIn">
<arg>${Patch}</arg>
<doc>Logs the given message with the given level.</doc>
<msg timestamp="20240222 10:46:26.308" level="INFO">["SAPK-70001INBNWVS", "SAPKITABC5"]</msg>
<status status="PASS" starttime="20240222 10:46:26.308" endtime="20240222 10:46:26.308"/>
</kw>
<kw name="Sleep" library="BuiltIn">
<arg>10</arg>
<doc>Pauses the test executed for the given time.</doc>
<msg timestamp="20240222 10:46:36.308" level="INFO">Slept 10 seconds</msg>
<status status="PASS" starttime="20240222 10:46:26.308" endtime="20240222 10:46:36.308"/>
</kw>
<kw name="Take Screenshot" library="CustomSapGuiLibrary">
<arg>s.jpg</arg>
<doc>Takes a screenshot, only if 'screenshots on error' has been enabled,
either at import of with keyword `enable screenshots on error`.</doc>
<msg timestamp="20240222 10:46:36.359" level="INFO" html="true">&lt;a href="s.jpg"&gt;&lt;img src="s.jpg" width="800px"&gt;&lt;/a&gt;</msg>
<status status="PASS" starttime="20240222 10:46:36.308" endtime="20240222 10:46:36.359"/>
</kw>
<kw name="Sleep" library="BuiltIn">
<arg>10</arg>
<doc>Pauses the test executed for the given time.</doc>
<msg timestamp="20240222 10:46:46.368" level="INFO">Slept 10 seconds</msg>
<status status="PASS" starttime="20240222 10:46:36.367" endtime="20240222 10:46:46.368"/>
</kw>
<kw name="Click Element" library="CustomSapGuiLibrary">
<arg>wnd[0]/usr/btnBUTTON_NEXT</arg>
<doc>Performs a single click on a given element. Used only for buttons, tabs and menu items.</doc>
<status status="PASS" starttime="20240222 10:46:46.368" endtime="20240222 10:46:46.420"/>
</kw>
<kw name="Take Screenshot" library="CustomSapGuiLibrary">
<arg>saint5.jpg</arg>
<doc>Takes a screenshot, only if 'screenshots on error' has been enabled,
either at import of with keyword `enable screenshots on error`.</doc>
<msg timestamp="20240222 10:46:46.484" level="INFO" html="true">&lt;a href="saint5.jpg"&gt;&lt;img src="saint5.jpg" width="800px"&gt;&lt;/a&gt;</msg>
<status status="PASS" starttime="20240222 10:46:46.420" endtime="20240222 10:46:46.484"/>
</kw>
<kw name="Click Element" library="CustomSapGuiLibrary">
<arg>wnd[0]/usr/btnBUTTON_NEXT</arg>
<doc>Performs a single click on a given element. Used only for buttons, tabs and menu items.</doc>
<status status="PASS" starttime="20240222 10:46:46.484" endtime="20240222 10:46:47.134"/>
</kw>
<kw name="Take Screenshot" library="CustomSapGuiLibrary">
<arg>saint6.jpg</arg>
<doc>Takes a screenshot, only if 'screenshots on error' has been enabled,
either at import of with keyword `enable screenshots on error`.</doc>
<msg timestamp="20240222 10:46:47.204" level="INFO" html="true">&lt;a href="saint6.jpg"&gt;&lt;img src="saint6.jpg" width="800px"&gt;&lt;/a&gt;</msg>
<status status="PASS" starttime="20240222 10:46:47.134" endtime="20240222 10:46:47.204"/>
</kw>
<kw name="Click Element" library="CustomSapGuiLibrary">
<arg>wnd[1]/usr/btnBUTTON_2</arg>
<doc>Performs a single click on a given element. Used only for buttons, tabs and menu items.</doc>
<status status="PASS" starttime="20240222 10:46:47.204" endtime="20240222 10:46:47.368"/>
</kw>
<kw name="Take Screenshot" library="CustomSapGuiLibrary">
<arg>saint7.jpg</arg>
<doc>Takes a screenshot, only if 'screenshots on error' has been enabled,
either at import of with keyword `enable screenshots on error`.</doc>
<msg timestamp="20240222 10:46:47.426" level="INFO" html="true">&lt;a href="saint7.jpg"&gt;&lt;img src="saint7.jpg" width="800px"&gt;&lt;/a&gt;</msg>
<status status="PASS" starttime="20240222 10:46:47.368" endtime="20240222 10:46:47.426"/>
</kw>
<status status="PASS" starttime="20240222 10:46:26.308" endtime="20240222 10:46:47.426"/>
</kw>
<tag>RBTLOGIN</tag>
<tag>Regression</tag>
<status status="PASS" starttime="20240222 10:46:26.304" endtime="20240222 10:46:47.426"/>
</test>
<kw name="System Logout" library="Common_Function" type="TEARDOWN">
<kw name="Run Transaction" library="CustomSapGuiLibrary">
<arg>/nex</arg>
<doc>Runs a Sap transaction. An error is given when an unknown transaction is specified.</doc>
<status status="PASS" starttime="20240222 10:46:47.426" endtime="20240222 10:46:47.458"/>
</kw>
<kw name="Sleep" library="BuiltIn">
<arg>5</arg>
<doc>Pauses the test executed for the given time.</doc>
<msg timestamp="20240222 10:46:52.458" level="INFO">Slept 5 seconds</msg>
<status status="PASS" starttime="20240222 10:46:47.458" endtime="20240222 10:46:52.458"/>
</kw>
<status status="PASS" starttime="20240222 10:46:47.426" endtime="20240222 10:46:52.458"/>
</kw>
<status status="PASS" starttime="20240222 10:45:23.861" endtime="20240222 10:46:52.458"/>
</suite>
<doc>Testing functionality through Robot Framework</doc>
<meta name="environment">Dev</meta>
<meta name="test_browser_name">chrome</meta>
<meta name="test_browser_version">122.0.6261.57</meta>
<meta name="test_driver_version">121.0.6167.85 </meta>
<meta name="test_environment">Dev</meta>
<meta name="test_freeze_dependencies">astroid==3.0.3,attrs==23.2.0,beautifulsoup4==4.12.3,bs4==0.0.2,certifi==2024.2.2,cffi==1.16.0,chardet==5.2.0,charset-normalizer==3.3.2,click==8.1.7,colorama==0.4.6,cryptography==42.0.2,defusedxml==0.7.1,dill==0.3.8,docutils==0.20.1,et-xmlfile==1.1.0,exceptiongroup==1.2.0,gitdb==4.0.11,GitPython==3.1.41,h11==0.14.0,idna==3.6,isort==5.13.2,Jinja2==3.1.3,jira==3.6.0,jsonpath-ng==1.6.1,jsonschema==4.21.1,jsonschema-specifications==2023.12.1,lazy-object-proxy==1.10.0,lxml==5.1.0,markdown-it-py==3.0.0,MarkupSafe==2.1.5,mccabe==0.7.0,mdurl==0.1.2,natsort==8.4.0,oauthlib==3.2.2,openpyxl==3.1.2,outcome==1.3.0.post0,packaging==23.2,pathspec==0.11.2,pillow==10.2.0,pip==24.0,platformdirs==4.2.0,ply==3.11,pycparser==2.21,Pygments==2.17.2,pylint==3.0.3,PySocks==1.7.1,pywin32==306,PyYAML==6.0.1,referencing==0.33.0,reportlab==4.1.0,requests==2.31.0,requests-oauthlib==1.3.1,requests-toolbelt==1.0.0,rich==13.7.0,rich-click==1.6.1,robotframework==6.0.2,robotframework-datadriver==1.9.0,robotframework-excellib==2.0.1,robotframework-jsonlibrary==0.5,robotframework-pabot==2.16.0,robotframework-pythonlibcore==4.2.0,robotframework-requests==0.9.2,robotframework-sapguilibrary==1.1,robotframework-seleniumlibrary==5.1.3,robotframework-stacktrace==0.4.1,robotframework-tidy==4.5.0,rpds-py==0.17.1,selenium==4.9.1,setuptools==69.0.3,smmap==5.0.1,sniffio==1.3.0,sortedcontainers==2.4.0,soupsieve==2.5,tomli==2.0.1,tomlkit==0.12.3,trio==0.24.0,trio-websocket==0.11.1,typing_extensions==4.9.0,urllib3==2.2.0,wheel==0.42.0,wrapt==1.16.0,wsproto==1.2.0</meta>
<status status="PASS" starttime="20240222 10:45:20.144" endtime="20240222 10:46:52.841"/>
</suite>
<statistics>
<total>
<stat pass="2" fail="0" skip="0">All Tests</stat>
</total>
<tag>
<stat pass="2" fail="0" skip="0">RBTLOGIN</stat>
<stat pass="2" fail="0" skip="0">Regression</stat>
</tag>
<suite>
<stat pass="2" fail="0" skip="0" id="s1" name="Tests">Tests</stat>
<stat pass="2" fail="0" skip="0" id="s1-s1" name="Test Addon">Tests.Test Addon</stat>
</suite>
</statistics>
<errors>
</errors>
</robot>
