<?xml version="1.0" encoding="UTF-8"?>
<robot generator="Robot 6.0.2 (Python 3.12.3 on win32)" generated="20240826 06:24:51.882" rpa="false" schemaversion="3">
<suite id="s1" name="Tests" source="C:\RobotFramework\sap_testing\Tests">
<kw name="Setup highest level suite" type="SETUP">
<kw name="Set Variable" library="BuiltIn">
<var>${d.test_server}</var>
<arg>${test_server}</arg>
<doc>Returns the given values which can then be assigned to a variables.</doc>
<msg timestamp="20240826 06:24:52.521" level="INFO">${d.test_server} = Dev</msg>
<status status="PASS" starttime="20240826 06:24:52.521" endtime="20240826 06:24:52.521"/>
</kw>
<kw name="Reset screenshot count variable" library="Support">
<kw name="Set Variable" library="BuiltIn">
<var>${screenshotCount}</var>
<arg>${PABOTQUEUEINDEX}_1</arg>
<doc>Returns the given values which can then be assigned to a variables.</doc>
<msg timestamp="20240826 06:24:52.523" level="INFO">${screenshotCount} = 0_1</msg>
<status status="PASS" starttime="20240826 06:24:52.521" endtime="20240826 06:24:52.523"/>
</kw>
<kw name="Set Global Variable" library="BuiltIn">
<arg>${screenshotCount}</arg>
<doc>Makes a variable available globally in all tests and suites.</doc>
<msg timestamp="20240826 06:24:52.523" level="INFO">${screenshotCount} = 0_1</msg>
<status status="PASS" starttime="20240826 06:24:52.523" endtime="20240826 06:24:52.523"/>
</kw>
<kw name="Set up screenshot directory" library="Support">
<kw name="Create Directory" library="OperatingSystem">
<arg>${OUTPUTDIR}${/}${wvar('screenshot_dir')}</arg>
<doc>Creates the specified directory.</doc>
<msg timestamp="20240826 06:24:52.524" level="INFO">Web.Dev.screenshot_dir: Screenshot</msg>
<msg timestamp="20240826 06:24:52.525" level="INFO" html="true">Created directory '&lt;a href="file://C:\RobotFramework\sap_testing\Output\pabot_results\0\Screenshot"&gt;C:\RobotFramework\sap_testing\Output\pabot_results\0\Screenshot&lt;/a&gt;'.</msg>
<status status="PASS" starttime="20240826 06:24:52.523" endtime="20240826 06:24:52.525"/>
</kw>
<status status="PASS" starttime="20240826 06:24:52.523" endtime="20240826 06:24:52.525"/>
</kw>
<status status="PASS" starttime="20240826 06:24:52.521" endtime="20240826 06:24:52.525"/>
</kw>
<kw name="Set Global Variable" library="BuiltIn">
<arg>${screenshot_taking}</arg>
<arg>${True}</arg>
<doc>Makes a variable available globally in all tests and suites.</doc>
<msg timestamp="20240826 06:24:52.526" level="INFO">${screenshot_taking} = True</msg>
<status status="PASS" starttime="20240826 06:24:52.525" endtime="20240826 06:24:52.526"/>
</kw>
<kw name="Setup linux execution" library="Support">
<kw name="Run Keyword And Return Status" library="BuiltIn">
<var>${web_test_check}</var>
<arg>Variable Should Exist</arg>
<arg>${web_test}</arg>
<doc>Runs the given keyword with given arguments and returns the status as a Boolean value.</doc>
<kw name="Variable Should Exist" library="BuiltIn">
<arg>${web_test}</arg>
<doc>Fails unless the given variable exists within the current scope.</doc>
<status status="PASS" starttime="20240826 06:24:52.526" endtime="20240826 06:24:52.527"/>
</kw>
<msg timestamp="20240826 06:24:52.527" level="INFO">${web_test_check} = True</msg>
<status status="PASS" starttime="20240826 06:24:52.526" endtime="20240826 06:24:52.527"/>
</kw>
<kw name="Run Keyword If" library="BuiltIn">
<arg>${web_test_check}</arg>
<arg>Setup Docker Execution Options</arg>
<doc>Runs the given keyword with the given arguments, if ``condition`` is true.</doc>
<kw name="Setup Docker Execution Options" library="Support_Web">
<kw name="Setup Suite Metadata" library="Support_Web">
<arg>${browser}</arg>
<kw name="Get Browser Metadata" library="BrowserSupport">
<var>&amp;{browser_information}</var>
<arg>browser=${browser}</arg>
<doc>Fetches browser metadata information
:param browser: Name of the browser for which information is fetched
:param reload: Re-read the metadata based on the browser
:return: Browser metadata information, dict of format
            {"browser_version": browser version value,
             "driver_version": driver version value}</doc>
<msg timestamp="20240826 06:24:55.618" level="INFO">&amp;{browser_information} = { browser_version=127.0.6533.120 | driver_version=127.0.6533.72  }</msg>
<status status="PASS" starttime="20240826 06:24:52.528" endtime="20240826 06:24:55.618"/>
</kw>
<kw name="Set Suite Metadata" library="BuiltIn">
<arg>test_browser_name</arg>
<arg>${browser}</arg>
<doc>Sets metadata for the current test suite.</doc>
<msg timestamp="20240826 06:24:55.618" level="INFO">Set suite metadata 'test_browser_name' to value 'chrome'.</msg>
<status status="PASS" starttime="20240826 06:24:55.618" endtime="20240826 06:24:55.618"/>
</kw>
<kw name="Set Suite Metadata" library="BuiltIn">
<arg>test_browser_version</arg>
<arg>${browser_information.browser_version}</arg>
<doc>Sets metadata for the current test suite.</doc>
<msg timestamp="20240826 06:24:55.618" level="INFO">Set suite metadata 'test_browser_version' to value '127.0.6533.120'.</msg>
<status status="PASS" starttime="20240826 06:24:55.618" endtime="20240826 06:24:55.618"/>
</kw>
<kw name="Set Suite Metadata" library="BuiltIn">
<arg>test_driver_version</arg>
<arg>${browser_information.driver_version}</arg>
<doc>Sets metadata for the current test suite.</doc>
<msg timestamp="20240826 06:24:55.618" level="INFO">Set suite metadata 'test_driver_version' to value '127.0.6533.72 '.</msg>
<status status="PASS" starttime="20240826 06:24:55.618" endtime="20240826 06:24:55.618"/>
</kw>
<status status="PASS" starttime="20240826 06:24:52.527" endtime="20240826 06:24:55.618"/>
</kw>
<kw name="Setup Global Docker Execution Options" library="Support_Web">
<kw name="Set Global Variable" library="BuiltIn">
<arg>${global_browser_options}</arg>
<arg>None</arg>
<doc>Makes a variable available globally in all tests and suites.</doc>
<msg timestamp="20240826 06:24:55.618" level="INFO">${global_browser_options} = None</msg>
<status status="PASS" starttime="20240826 06:24:55.618" endtime="20240826 06:24:55.618"/>
</kw>
<kw name="Get Environment Variable" library="OperatingSystem">
<var>${docker_check}</var>
<arg>EXECUTION_ENVIRONMENT</arg>
<arg>not_found</arg>
<doc>Returns the value of an environment variable with the given name.</doc>
<msg timestamp="20240826 06:24:55.618" level="INFO">${docker_check} = not_found</msg>
<status status="PASS" starttime="20240826 06:24:55.618" endtime="20240826 06:24:55.618"/>
</kw>
<kw name="Run Keyword And Return If" library="BuiltIn">
<arg>"${docker_check}"!="docker"</arg>
<arg>Log</arg>
<arg>Not executing on Docker</arg>
<doc>Runs the specified keyword and returns from the enclosing user keyword.</doc>
<kw name="Log" library="BuiltIn">
<arg>Not executing on Docker</arg>
<doc>Logs the given message with the given level.</doc>
<msg timestamp="20240826 06:24:55.618" level="INFO">Not executing on Docker</msg>
<status status="PASS" starttime="20240826 06:24:55.618" endtime="20240826 06:24:55.618"/>
</kw>
<msg timestamp="20240826 06:24:55.618" level="INFO">Returning from the enclosing user keyword.</msg>
<status status="PASS" starttime="20240826 06:24:55.618" endtime="20240826 06:24:55.618"/>
</kw>
<kw name="Create List" library="BuiltIn">
<var>@{options}</var>
<arg>--headless</arg>
<arg>--no-sandbox</arg>
<arg>--disable-dev-shm-usage</arg>
<doc>Returns a list containing given items.</doc>
<status status="NOT RUN" starttime="20240826 06:24:55.618" endtime="20240826 06:24:55.618"/>
</kw>
<kw name="Set Global Variable" library="BuiltIn">
<arg>@{docker_options}</arg>
<arg>@{options}</arg>
<doc>Makes a variable available globally in all tests and suites.</doc>
<status status="NOT RUN" starttime="20240826 06:24:55.618" endtime="20240826 06:24:55.618"/>
</kw>
<status status="PASS" starttime="20240826 06:24:55.618" endtime="20240826 06:24:55.618"/>
</kw>
<kw name="Create Webdriver for chrome preferences" library="Support_Web">
<kw name="Update Docker Execution Options" library="Support_Web">
<var>${list_prefs}</var>
<arg>${list_prefs}</arg>
<kw name="Run Keyword And Return Status" library="BuiltIn">
<var>${docker_check}</var>
<arg>Variable Should Exist</arg>
<arg>${docker_options}</arg>
<doc>Runs the given keyword with given arguments and returns the status as a Boolean value.</doc>
<kw name="Variable Should Exist" library="BuiltIn">
<arg>${docker_options}</arg>
<doc>Fails unless the given variable exists within the current scope.</doc>
<msg timestamp="20240826 06:24:55.618" level="FAIL">Variable '${docker_options}' does not exist.</msg>
<status status="FAIL" starttime="20240826 06:24:55.618" endtime="20240826 06:24:55.618"/>
</kw>
<msg timestamp="20240826 06:24:55.618" level="INFO">${docker_check} = False</msg>
<status status="PASS" starttime="20240826 06:24:55.618" endtime="20240826 06:24:55.618"/>
</kw>
<kw name="Get Length" library="BuiltIn">
<var>${list_prefs_length}</var>
<arg>${list_prefs}</arg>
<doc>Returns and logs the length of the given item as an integer.</doc>
<msg timestamp="20240826 06:24:55.618" level="INFO">Length is 1</msg>
<msg timestamp="20240826 06:24:55.618" level="INFO">${list_prefs_length} = 1</msg>
<status status="PASS" starttime="20240826 06:24:55.618" endtime="20240826 06:24:55.618"/>
</kw>
<kw name="Run Keyword If" library="BuiltIn">
<var>${list_prefs}</var>
<arg>${docker_check} and ${list_prefs_length}&gt;0 and ${list_prefs}[0] != []</arg>
<arg>Combine Lists</arg>
<arg>${list_prefs}</arg>
<arg>${docker_options}</arg>
<arg>ELSE IF</arg>
<arg>${docker_check}</arg>
<arg>Set Variable</arg>
<arg>${docker_options}</arg>
<arg>ELSE</arg>
<arg>Set Variable</arg>
<arg>${list_prefs}</arg>
<doc>Runs the given keyword with the given arguments, if ``condition`` is true.</doc>
<kw name="Set Variable" library="BuiltIn">
<arg>${list_prefs}</arg>
<doc>Returns the given values which can then be assigned to a variables.</doc>
<status status="PASS" starttime="20240826 06:24:55.618" endtime="20240826 06:24:55.618"/>
</kw>
<msg timestamp="20240826 06:24:55.618" level="INFO">${list_prefs} = [[]]</msg>
<status status="PASS" starttime="20240826 06:24:55.618" endtime="20240826 06:24:55.618"/>
</kw>
<msg timestamp="20240826 06:24:55.618" level="INFO">${list_prefs} = [[]]</msg>
<status status="PASS" starttime="20240826 06:24:55.618" endtime="20240826 06:24:55.618"/>
</kw>
<kw name="Create Chrome Options for download preferences" library="Support_Web">
<var>${chrome_options}</var>
<kw name="Evaluate" library="BuiltIn">
<var>${chrome_options}</var>
<arg>sys.modules['selenium.webdriver'].ChromeOptions()</arg>
<arg>sys</arg>
<doc>Evaluates the given expression in Python and returns the result.</doc>
<msg timestamp="20240826 06:24:55.618" level="INFO">${chrome_options} = &lt;selenium.webdriver.chrome.options.Options object at 0x00000272FED02180&gt;</msg>
<status status="PASS" starttime="20240826 06:24:55.618" endtime="20240826 06:24:55.618"/>
</kw>
<msg timestamp="20240826 06:24:55.618" level="INFO">${chrome_options} = &lt;selenium.webdriver.chrome.options.Options object at 0x00000272FED02180&gt;</msg>
<status status="PASS" starttime="20240826 06:24:55.618" endtime="20240826 06:24:55.618"/>
</kw>
<kw name="Update Preferences List" library="Support_Web">
<arg>${chrome_options}</arg>
<arg>@{list_prefs}</arg>
<kw name="Convert To String" library="BuiltIn">
<var>${string_prefs}</var>
<arg>${list_prefs}</arg>
<doc>Converts the given item to a Unicode string.</doc>
<msg timestamp="20240826 06:24:55.618" level="INFO">${string_prefs} = [[]]</msg>
<status status="PASS" starttime="20240826 06:24:55.618" endtime="20240826 06:24:55.618"/>
</kw>
<kw name="Return From Keyword If" library="BuiltIn">
<arg>${string_prefs} == [[]]</arg>
<doc>Returns from the enclosing user keyword if ``condition`` is true.</doc>
<msg timestamp="20240826 06:24:55.618" level="INFO">Returning from the enclosing user keyword.</msg>
<status status="PASS" starttime="20240826 06:24:55.618" endtime="20240826 06:24:55.618"/>
</kw>
<for flavor="IN">
<var>${preference}</var>
<value>@{list_prefs}</value>
<iter>
<var name="${preference}"/>
<kw name="Call Method" library="BuiltIn">
<arg>${chrome_options}</arg>
<arg>add_argument</arg>
<arg>${preference}</arg>
<doc>Calls the named method of the given object with the provided arguments.</doc>
<status status="NOT RUN" starttime="20240826 06:24:55.618" endtime="20240826 06:24:55.618"/>
</kw>
<status status="NOT RUN" starttime="20240826 06:24:55.618" endtime="20240826 06:24:55.618"/>
</iter>
<status status="NOT RUN" starttime="20240826 06:24:55.618" endtime="20240826 06:24:55.618"/>
</for>
<status status="PASS" starttime="20240826 06:24:55.618" endtime="20240826 06:24:55.618"/>
</kw>
<kw name="Call Method" library="BuiltIn">
<arg>${chrome_options}</arg>
<arg>add_experimental_option</arg>
<arg>prefs</arg>
<arg>${kw_prefs}</arg>
<doc>Calls the named method of the given object with the provided arguments.</doc>
<status status="PASS" starttime="20240826 06:24:55.618" endtime="20240826 06:24:55.618"/>
</kw>
<kw name="Set Global Variable" library="BuiltIn">
<arg>${global_browser_options}</arg>
<arg>${chrome options}</arg>
<doc>Makes a variable available globally in all tests and suites.</doc>
<msg timestamp="20240826 06:24:55.618" level="INFO">${global_browser_options} = &lt;selenium.webdriver.chrome.options.Options object at 0x00000272FED02180&gt;</msg>
<status status="PASS" starttime="20240826 06:24:55.618" endtime="20240826 06:24:55.618"/>
</kw>
<status status="PASS" starttime="20240826 06:24:55.618" endtime="20240826 06:24:55.618"/>
</kw>
<status status="PASS" starttime="20240826 06:24:52.527" endtime="20240826 06:24:55.618"/>
</kw>
<status status="PASS" starttime="20240826 06:24:52.527" endtime="20240826 06:24:55.618"/>
</kw>
<status status="PASS" starttime="20240826 06:24:52.526" endtime="20240826 06:24:55.618"/>
</kw>
<kw name="Set Suite Metadata" library="BuiltIn">
<arg>environment</arg>
<arg>${test_server}</arg>
<doc>Sets metadata for the current test suite.</doc>
<msg timestamp="20240826 06:24:55.618" level="INFO">Set suite metadata 'environment' to value 'Dev'.</msg>
<status status="PASS" starttime="20240826 06:24:55.618" endtime="20240826 06:24:55.618"/>
</kw>
<status status="PASS" starttime="20240826 06:24:52.521" endtime="20240826 06:24:55.618"/>
</kw>
<suite id="s1-s1" name="Test.Roles" source="C:\RobotFramework\sap_testing\Tests\test.roles.robot">
<test id="s1-s1-t1" name="START" line="6">
<kw name="START" library="roles">
<kw name="Start Process" library="Process">
<arg>${sapvar('role_sapserver')}</arg>
<doc>Starts a new process on background.</doc>
<msg timestamp="20240826 06:24:56.042" level="INFO">sap.Dev.role_sapserver: C:\Program Files (x86)\SAP\FrontEnd\SAPgui\saplogon.exe</msg>
<msg timestamp="20240826 06:24:56.042" level="INFO">Starting process:
"C:\Program Files (x86)\SAP\FrontEnd\SAPgui\saplogon.exe"</msg>
<status status="PASS" starttime="20240826 06:24:56.042" endtime="20240826 06:24:56.042"/>
</kw>
<kw name="Sleep" library="BuiltIn">
<arg>2</arg>
<doc>Pauses the test executed for the given time.</doc>
<msg timestamp="20240826 06:24:58.042" level="INFO">Slept 2 seconds</msg>
<status status="PASS" starttime="20240826 06:24:56.042" endtime="20240826 06:24:58.042"/>
</kw>
<kw name="Connect To Session" library="roleprocess">
<doc>Connects to an open session SAP.</doc>
<status status="PASS" starttime="20240826 06:24:58.042" endtime="20240826 06:24:58.051"/>
</kw>
<kw name="Open Connection" library="roleprocess">
<arg>${sapvar('role_server')}</arg>
<doc>Opens a connection to the given connection name. Be sure to provide the full connection name, including the bracket part.</doc>
<msg timestamp="20240826 06:24:58.052" level="INFO">sap.Dev.role_server: BIS</msg>
<status status="PASS" starttime="20240826 06:24:58.051" endtime="20240826 06:24:58.832"/>
</kw>
<kw name="Input Text" library="roleprocess">
<arg>wnd[0]/usr/txtRSYST-BNAME</arg>
<arg>${sapvar('role_name')}</arg>
<doc>Inserts the given text into the text field identified by locator.
Use keyword `input password` to insert a password in a text field.</doc>
<msg timestamp="20240826 06:24:58.832" level="INFO">sap.Dev.role_name: selenium</msg>
<msg timestamp="20240826 06:24:58.864" level="INFO">Typing text 'selenium' into text field 'wnd[0]/usr/txtRSYST-BNAME'.</msg>
<status status="PASS" starttime="20240826 06:24:58.832" endtime="20240826 06:24:58.864"/>
</kw>
<kw name="Input Password" library="roleprocess">
<arg>wnd[0]/usr/pwdRSYST-BCODE</arg>
<arg>${sapvar('role_password')}</arg>
<doc>Inserts the given password into the text field identified by locator.
The password is not recorded in the log.</doc>
<msg timestamp="20240826 06:24:58.864" level="INFO">sap.Dev.role_password: Test@12345</msg>
<msg timestamp="20240826 06:24:58.864" level="INFO">Typing password into text field 'wnd[0]/usr/pwdRSYST-BCODE'.</msg>
<status status="PASS" starttime="20240826 06:24:58.864" endtime="20240826 06:24:58.864"/>
</kw>
<kw name="Send Vkey" library="roleprocess">
<arg>wnd[0]</arg>
<arg>0</arg>
<doc>Sends a SAP virtual key combination to the window, not into an element.
If you want to send a value to a text field, use `input text` instead.</doc>
<status status="PASS" starttime="20240826 06:24:58.864" endtime="20240826 06:24:59.192"/>
</kw>
<kw name="Multiple Logon Handling" library="roleprocess">
<arg>wnd[1]</arg>
<arg>wnd[1]/usr/radMULTI_LOGON_OPT2</arg>
<arg>wnd[1]/tbar[0]/btn[0]</arg>
<msg timestamp="20240826 06:25:00.098" level="INFO">Multiple logon exists</msg>
<status status="PASS" starttime="20240826 06:24:59.192" endtime="20240826 06:25:00.098"/>
</kw>
<kw name="Sleep" library="BuiltIn">
<arg>1</arg>
<doc>Pauses the test executed for the given time.</doc>
<msg timestamp="20240826 06:25:01.104" level="INFO">Slept 1 second</msg>
<status status="PASS" starttime="20240826 06:25:00.098" endtime="20240826 06:25:01.104"/>
</kw>
<status status="PASS" starttime="20240826 06:24:56.042" endtime="20240826 06:25:01.104"/>
</kw>
<tag>Regression</tag>
<tag>Roles</tag>
<status status="PASS" starttime="20240826 06:24:56.042" endtime="20240826 06:25:01.104"/>
</test>
<test id="s1-s1-t2" name="PFCG_TCODE" line="8">
<kw name="PFCG_TCODE" library="roles">
<kw name="Run Transaction" library="roleprocess">
<arg>wnd[0]/tbar[0]/okcd</arg>
<arg>PFCG</arg>
<doc>Runs a Sap transaction. An error is given when an unknown transaction is specified.</doc>
<status status="PASS" starttime="20240826 06:25:01.104" endtime="20240826 06:25:01.104"/>
</kw>
<kw name="Sleep" library="BuiltIn">
<arg>2</arg>
<doc>Pauses the test executed for the given time.</doc>
<msg timestamp="20240826 06:25:03.107" level="INFO">Slept 2 seconds</msg>
<status status="PASS" starttime="20240826 06:25:01.104" endtime="20240826 06:25:03.107"/>
</kw>
<kw name="Send Vkey" library="roleprocess">
<arg>wnd[0]</arg>
<arg>0</arg>
<doc>Sends a SAP virtual key combination to the window, not into an element.
If you want to send a value to a text field, use `input text` instead.</doc>
<status status="PASS" starttime="20240826 06:25:03.107" endtime="20240826 06:25:04.357"/>
</kw>
<kw name="Sleep" library="BuiltIn">
<arg>2</arg>
<doc>Pauses the test executed for the given time.</doc>
<msg timestamp="20240826 06:25:06.357" level="INFO">Slept 2 seconds</msg>
<status status="PASS" starttime="20240826 06:25:04.357" endtime="20240826 06:25:06.357"/>
</kw>
<kw name="Input Text" library="roleprocess">
<arg>wnd[0]/usr/ctxtAGR_NAME_NEU</arg>
<arg>ZS_TEST_DEMO</arg>
<doc>Inserts the given text into the text field identified by locator.
Use keyword `input password` to insert a password in a text field.</doc>
<msg timestamp="20240826 06:25:06.357" level="INFO">Typing text 'ZS_TEST_DEMO' into text field 'wnd[0]/usr/ctxtAGR_NAME_NEU'.</msg>
<status status="PASS" starttime="20240826 06:25:06.357" endtime="20240826 06:25:06.357"/>
</kw>
<kw name="Sleep" library="BuiltIn">
<arg>2</arg>
<doc>Pauses the test executed for the given time.</doc>
<msg timestamp="20240826 06:25:08.371" level="INFO">Slept 2 seconds</msg>
<status status="PASS" starttime="20240826 06:25:06.357" endtime="20240826 06:25:08.371"/>
</kw>
<kw name="Caret Position" library="roleprocess">
<arg>wnd[0]/usr/ctxtAGR_NAME_NEU</arg>
<arg>12</arg>
<doc>clicks at the caret position within a label is possible even though it is not visualized as a caret by SAP GUI.
The position of the caret within a text field may be checked by the ABAP application to determine which word the caret is in.</doc>
<status status="PASS" starttime="20240826 06:25:08.371" endtime="20240826 06:25:08.371"/>
</kw>
<kw name="Sleep" library="BuiltIn">
<arg>2</arg>
<doc>Pauses the test executed for the given time.</doc>
<msg timestamp="20240826 06:25:10.372" level="INFO">Slept 2 seconds</msg>
<status status="PASS" starttime="20240826 06:25:08.371" endtime="20240826 06:25:10.372"/>
</kw>
<kw name="Click Element" library="roleprocess">
<arg>wnd[0]/usr/btn%#AUTOTEXT002</arg>
<doc>Performs a single click on a given element. Used only for buttons, tabs and menu items.</doc>
<status status="PASS" starttime="20240826 06:25:10.372" endtime="20240826 06:25:11.310"/>
</kw>
<kw name="Sleep" library="BuiltIn">
<arg>2</arg>
<doc>Pauses the test executed for the given time.</doc>
<msg timestamp="20240826 06:25:13.316" level="INFO">Slept 2 seconds</msg>
<status status="PASS" starttime="20240826 06:25:11.310" endtime="20240826 06:25:13.316"/>
</kw>
<kw name="Click Element" library="roleprocess">
<arg>wnd[0]/usr/btn%#AUTOTEXT003</arg>
<doc>Performs a single click on a given element. Used only for buttons, tabs and menu items.</doc>
<status status="PASS" starttime="20240826 06:25:13.316" endtime="20240826 06:25:15.647"/>
</kw>
<kw name="Sleep" library="BuiltIn">
<arg>2</arg>
<doc>Pauses the test executed for the given time.</doc>
<msg timestamp="20240826 06:25:17.649" level="INFO">Slept 2 seconds</msg>
<status status="PASS" starttime="20240826 06:25:15.647" endtime="20240826 06:25:17.649"/>
</kw>
<kw name="Input Text" library="roleprocess">
<arg>wnd[0]/usr/txtS_AGR_TEXTS-TEXT</arg>
<arg>Test</arg>
<doc>Inserts the given text into the text field identified by locator.
Use keyword `input password` to insert a password in a text field.</doc>
<msg timestamp="20240826 06:25:17.649" level="INFO">Typing text 'Test' into text field 'wnd[0]/usr/txtS_AGR_TEXTS-TEXT'.</msg>
<status status="PASS" starttime="20240826 06:25:17.649" endtime="20240826 06:25:17.649"/>
</kw>
<kw name="Sleep" library="BuiltIn">
<arg>2</arg>
<doc>Pauses the test executed for the given time.</doc>
<msg timestamp="20240826 06:25:19.656" level="INFO">Slept 2 seconds</msg>
<status status="PASS" starttime="20240826 06:25:17.649" endtime="20240826 06:25:19.656"/>
</kw>
<kw name="Caret Position" library="roleprocess">
<arg>wnd[0]/usr/txtS_AGR_TEXTS-TEXT</arg>
<arg>4</arg>
<doc>clicks at the caret position within a label is possible even though it is not visualized as a caret by SAP GUI.
The position of the caret within a text field may be checked by the ABAP application to determine which word the caret is in.</doc>
<status status="PASS" starttime="20240826 06:25:19.656" endtime="20240826 06:25:19.656"/>
</kw>
<kw name="Sleep" library="BuiltIn">
<arg>2</arg>
<doc>Pauses the test executed for the given time.</doc>
<msg timestamp="20240826 06:25:21.658" level="INFO">Slept 2 seconds</msg>
<status status="PASS" starttime="20240826 06:25:19.656" endtime="20240826 06:25:21.658"/>
</kw>
<kw name="Click Element" library="roleprocess">
<arg>wnd[0]/usr/tabsTABSTRIP1/tabpTAB9</arg>
<doc>Performs a single click on a given element. Used only for buttons, tabs and menu items.</doc>
<status status="PASS" starttime="20240826 06:25:21.658" endtime="20240826 06:25:23.033"/>
</kw>
<kw name="Sleep" library="BuiltIn">
<arg>2</arg>
<doc>Pauses the test executed for the given time.</doc>
<msg timestamp="20240826 06:25:25.044" level="INFO">Slept 2 seconds</msg>
<status status="PASS" starttime="20240826 06:25:23.033" endtime="20240826 06:25:25.044"/>
</kw>
<kw name="Click Element" library="roleprocess">
<arg>wnd[1]/usr/btnBUTTON_1</arg>
<doc>Performs a single click on a given element. Used only for buttons, tabs and menu items.</doc>
<status status="PASS" starttime="20240826 06:25:25.044" endtime="20240826 06:25:26.115"/>
</kw>
<kw name="Sleep" library="BuiltIn">
<arg>2</arg>
<doc>Pauses the test executed for the given time.</doc>
<msg timestamp="20240826 06:25:28.124" level="INFO">Slept 2 seconds</msg>
<status status="PASS" starttime="20240826 06:25:26.115" endtime="20240826 06:25:28.124"/>
</kw>
<kw name="Click Toolbar Button" library="roleprocess">
<arg>wnd[0]/usr/tabsTABSTRIP1/tabpTAB9/ssubSUB1:SAPLPRGN_TREE:0321/cntlTOOL_CONTROL/shellcont/shell</arg>
<arg>TB03</arg>
<doc>Clicks a button of a toolbar within a GridView 'table_id' which is contained within a shell object.
Use the Scripting tracker recorder to find the 'button_id' of the button to click</doc>
<msg timestamp="20240826 06:25:28.186" level="INFO" html="true">&lt;a href="sap-screenshot_1.jpg"&gt;&lt;img src="sap-screenshot_1.jpg" width="800px"&gt;&lt;/a&gt;</msg>
<status status="PASS" starttime="20240826 06:25:28.124" endtime="20240826 06:25:29.112"/>
</kw>
<kw name="Sleep" library="BuiltIn">
<arg>2</arg>
<doc>Pauses the test executed for the given time.</doc>
<msg timestamp="20240826 06:25:31.120" level="INFO">Slept 2 seconds</msg>
<status status="PASS" starttime="20240826 06:25:29.112" endtime="20240826 06:25:31.120"/>
</kw>
<kw name="Input Text" library="roleprocess">
<arg>wnd[1]/usr/tblSAPLPRGN_WIZARDCTRL_TCODE/ctxtS_TCODES-TCODE[0,0]</arg>
<arg>SU01</arg>
<doc>Inserts the given text into the text field identified by locator.
Use keyword `input password` to insert a password in a text field.</doc>
<msg timestamp="20240826 06:25:31.120" level="INFO">Typing text 'SU01' into text field 'wnd[1]/usr/tblSAPLPRGN_WIZARDCTRL_TCODE/ctxtS_TCODES-TCODE[0,0]'.</msg>
<status status="PASS" starttime="20240826 06:25:31.120" endtime="20240826 06:25:31.120"/>
</kw>
<kw name="Sleep" library="BuiltIn">
<arg>2</arg>
<doc>Pauses the test executed for the given time.</doc>
<msg timestamp="20240826 06:25:33.127" level="INFO">Slept 2 seconds</msg>
<status status="PASS" starttime="20240826 06:25:31.120" endtime="20240826 06:25:33.127"/>
</kw>
<kw name="Input Text" library="roleprocess">
<arg>wnd[1]/usr/tblSAPLPRGN_WIZARDCTRL_TCODE/ctxtS_TCODES-TCODE[0,1]</arg>
<arg>SU10</arg>
<doc>Inserts the given text into the text field identified by locator.
Use keyword `input password` to insert a password in a text field.</doc>
<msg timestamp="20240826 06:25:33.127" level="INFO">Typing text 'SU10' into text field 'wnd[1]/usr/tblSAPLPRGN_WIZARDCTRL_TCODE/ctxtS_TCODES-TCODE[0,1]'.</msg>
<status status="PASS" starttime="20240826 06:25:33.127" endtime="20240826 06:25:33.127"/>
</kw>
<kw name="Sleep" library="BuiltIn">
<arg>2</arg>
<doc>Pauses the test executed for the given time.</doc>
<msg timestamp="20240826 06:25:35.137" level="INFO">Slept 2 seconds</msg>
<status status="PASS" starttime="20240826 06:25:33.127" endtime="20240826 06:25:35.137"/>
</kw>
<kw name="Set Focus" library="roleprocess">
<arg>wnd[1]/usr/tblSAPLPRGN_WIZARDCTRL_TCODE/ctxtS_TCODES-TCODE[0,1]</arg>
<doc>Sets the focus to the given element.</doc>
<status status="PASS" starttime="20240826 06:25:35.137" endtime="20240826 06:25:35.137"/>
</kw>
<kw name="Sleep" library="BuiltIn">
<arg>2</arg>
<doc>Pauses the test executed for the given time.</doc>
<msg timestamp="20240826 06:25:37.141" level="INFO">Slept 2 seconds</msg>
<status status="PASS" starttime="20240826 06:25:35.137" endtime="20240826 06:25:37.141"/>
</kw>
<kw name="Caret Position" library="roleprocess">
<arg>wnd[1]/usr/tblSAPLPRGN_WIZARDCTRL_TCODE/ctxtS_TCODES-TCODE[0,1]</arg>
<arg>4</arg>
<doc>clicks at the caret position within a label is possible even though it is not visualized as a caret by SAP GUI.
The position of the caret within a text field may be checked by the ABAP application to determine which word the caret is in.</doc>
<status status="PASS" starttime="20240826 06:25:37.141" endtime="20240826 06:25:37.141"/>
</kw>
<kw name="Sleep" library="BuiltIn">
<arg>2</arg>
<doc>Pauses the test executed for the given time.</doc>
<msg timestamp="20240826 06:25:39.149" level="INFO">Slept 2 seconds</msg>
<status status="PASS" starttime="20240826 06:25:37.141" endtime="20240826 06:25:39.149"/>
</kw>
<kw name="Click Element" library="roleprocess">
<arg>wnd[1]/tbar[0]/btn[19]</arg>
<doc>Performs a single click on a given element. Used only for buttons, tabs and menu items.</doc>
<status status="PASS" starttime="20240826 06:25:39.149" endtime="20240826 06:25:40.193"/>
</kw>
<kw name="Sleep" library="BuiltIn">
<arg>2</arg>
<doc>Pauses the test executed for the given time.</doc>
<msg timestamp="20240826 06:25:42.196" level="INFO">Slept 2 seconds</msg>
<status status="PASS" starttime="20240826 06:25:40.193" endtime="20240826 06:25:42.196"/>
</kw>
<kw name="Click Element" library="roleprocess">
<arg>wnd[0]/usr/tabsTABSTRIP1/tabpTAB5</arg>
<doc>Performs a single click on a given element. Used only for buttons, tabs and menu items.</doc>
<status status="PASS" starttime="20240826 06:25:42.196" endtime="20240826 06:25:43.086"/>
</kw>
<kw name="Sleep" library="BuiltIn">
<arg>2</arg>
<doc>Pauses the test executed for the given time.</doc>
<msg timestamp="20240826 06:25:45.095" level="INFO">Slept 2 seconds</msg>
<status status="PASS" starttime="20240826 06:25:43.086" endtime="20240826 06:25:45.095"/>
</kw>
<kw name="Click Element" library="roleprocess">
<arg>wnd[0]/usr/tabsTABSTRIP1/tabpTAB5/ssubSUB1:SAPLPRGN_TREE:0350/btnPROFIL1</arg>
<doc>Performs a single click on a given element. Used only for buttons, tabs and menu items.</doc>
<status status="PASS" starttime="20240826 06:25:45.095" endtime="20240826 06:25:48.182"/>
</kw>
<kw name="Sleep" library="BuiltIn">
<arg>2</arg>
<doc>Pauses the test executed for the given time.</doc>
<msg timestamp="20240826 06:25:50.185" level="INFO">Slept 2 seconds</msg>
<status status="PASS" starttime="20240826 06:25:48.182" endtime="20240826 06:25:50.185"/>
</kw>
<kw name="Click Element" library="roleprocess">
<arg>wnd[1]/usr/btnBUTTON_1</arg>
<doc>Performs a single click on a given element. Used only for buttons, tabs and menu items.</doc>
<status status="PASS" starttime="20240826 06:25:50.185" endtime="20240826 06:25:50.764"/>
</kw>
<kw name="Sleep" library="BuiltIn">
<arg>2</arg>
<doc>Pauses the test executed for the given time.</doc>
<msg timestamp="20240826 06:25:52.765" level="INFO">Slept 2 seconds</msg>
<status status="PASS" starttime="20240826 06:25:50.764" endtime="20240826 06:25:52.765"/>
</kw>
<kw name="Click Element" library="roleprocess">
<arg>wnd[1]/tbar[0]/btn[0]</arg>
<doc>Performs a single click on a given element. Used only for buttons, tabs and menu items.</doc>
<status status="PASS" starttime="20240826 06:25:52.765" endtime="20240826 06:25:54.015"/>
</kw>
<kw name="Sleep" library="BuiltIn">
<arg>2</arg>
<doc>Pauses the test executed for the given time.</doc>
<msg timestamp="20240826 06:25:56.025" level="INFO">Slept 2 seconds</msg>
<status status="PASS" starttime="20240826 06:25:54.015" endtime="20240826 06:25:56.025"/>
</kw>
<kw name="Close Window" library="roleprocess">
<arg>wnd[1]</arg>
<status status="PASS" starttime="20240826 06:25:56.025" endtime="20240826 06:25:56.290"/>
</kw>
<kw name="Sleep" library="BuiltIn">
<arg>2</arg>
<doc>Pauses the test executed for the given time.</doc>
<msg timestamp="20240826 06:25:58.306" level="INFO">Slept 2 seconds</msg>
<status status="PASS" starttime="20240826 06:25:56.290" endtime="20240826 06:25:58.306"/>
</kw>
<kw name="Set Focus" library="roleprocess">
<arg>wnd[0]/usr/lbl[5,4]</arg>
<doc>Sets the focus to the given element.</doc>
<status status="PASS" starttime="20240826 06:25:58.306" endtime="20240826 06:25:58.306"/>
</kw>
<kw name="Sleep" library="BuiltIn">
<arg>2</arg>
<doc>Pauses the test executed for the given time.</doc>
<msg timestamp="20240826 06:26:00.320" level="INFO">Slept 2 seconds</msg>
<status status="PASS" starttime="20240826 06:25:58.306" endtime="20240826 06:26:00.320"/>
</kw>
<kw name="Caret Position" library="roleprocess">
<arg>wnd[0]/usr/lbl[5,4]</arg>
<arg>1</arg>
<doc>clicks at the caret position within a label is possible even though it is not visualized as a caret by SAP GUI.
The position of the caret within a text field may be checked by the ABAP application to determine which word the caret is in.</doc>
<status status="PASS" starttime="20240826 06:26:00.320" endtime="20240826 06:26:00.320"/>
</kw>
<kw name="Sleep" library="BuiltIn">
<arg>2</arg>
<doc>Pauses the test executed for the given time.</doc>
<msg timestamp="20240826 06:26:02.328" level="INFO">Slept 2 seconds</msg>
<status status="PASS" starttime="20240826 06:26:00.320" endtime="20240826 06:26:02.328"/>
</kw>
<kw name="Send Vkey" library="roleprocess">
<arg>wnd[0]</arg>
<arg>2</arg>
<doc>Sends a SAP virtual key combination to the window, not into an element.
If you want to send a value to a text field, use `input text` instead.</doc>
<status status="PASS" starttime="20240826 06:26:02.328" endtime="20240826 06:26:02.548"/>
</kw>
<kw name="Sleep" library="BuiltIn">
<arg>2</arg>
<doc>Pauses the test executed for the given time.</doc>
<msg timestamp="20240826 06:26:04.557" level="INFO">Slept 2 seconds</msg>
<status status="PASS" starttime="20240826 06:26:02.548" endtime="20240826 06:26:04.557"/>
</kw>
<kw name="Set Focus" library="roleprocess">
<arg>wnd[0]/usr/lbl[9,6]</arg>
<doc>Sets the focus to the given element.</doc>
<status status="PASS" starttime="20240826 06:26:04.557" endtime="20240826 06:26:04.557"/>
</kw>
<kw name="Sleep" library="BuiltIn">
<arg>2</arg>
<doc>Pauses the test executed for the given time.</doc>
<msg timestamp="20240826 06:26:06.559" level="INFO">Slept 2 seconds</msg>
<status status="PASS" starttime="20240826 06:26:04.557" endtime="20240826 06:26:06.559"/>
</kw>
<kw name="Caret Position" library="roleprocess">
<arg>wnd[0]/usr/lbl[9,6]</arg>
<arg>1</arg>
<doc>clicks at the caret position within a label is possible even though it is not visualized as a caret by SAP GUI.
The position of the caret within a text field may be checked by the ABAP application to determine which word the caret is in.</doc>
<status status="PASS" starttime="20240826 06:26:06.559" endtime="20240826 06:26:06.559"/>
</kw>
<kw name="Sleep" library="BuiltIn">
<arg>2</arg>
<doc>Pauses the test executed for the given time.</doc>
<msg timestamp="20240826 06:26:08.573" level="INFO">Slept 2 seconds</msg>
<status status="PASS" starttime="20240826 06:26:06.559" endtime="20240826 06:26:08.573"/>
</kw>
<kw name="Send Vkey" library="roleprocess">
<arg>wnd[0]</arg>
<arg>2</arg>
<doc>Sends a SAP virtual key combination to the window, not into an element.
If you want to send a value to a text field, use `input text` instead.</doc>
<status status="PASS" starttime="20240826 06:26:08.573" endtime="20240826 06:26:08.792"/>
</kw>
<kw name="Sleep" library="BuiltIn">
<arg>2</arg>
<doc>Pauses the test executed for the given time.</doc>
<msg timestamp="20240826 06:26:10.800" level="INFO">Slept 2 seconds</msg>
<status status="PASS" starttime="20240826 06:26:08.792" endtime="20240826 06:26:10.800"/>
</kw>
<kw name="Set Focus" library="roleprocess">
<arg>wnd[0]/usr/lbl[5,12]</arg>
<doc>Sets the focus to the given element.</doc>
<status status="PASS" starttime="20240826 06:26:10.800" endtime="20240826 06:26:10.800"/>
</kw>
<kw name="Sleep" library="BuiltIn">
<arg>2</arg>
<doc>Pauses the test executed for the given time.</doc>
<msg timestamp="20240826 06:26:12.808" level="INFO">Slept 2 seconds</msg>
<status status="PASS" starttime="20240826 06:26:10.800" endtime="20240826 06:26:12.808"/>
</kw>
<kw name="Caret Position" library="roleprocess">
<arg>wnd[0]/usr/lbl[5,12]</arg>
<arg>0</arg>
<doc>clicks at the caret position within a label is possible even though it is not visualized as a caret by SAP GUI.
The position of the caret within a text field may be checked by the ABAP application to determine which word the caret is in.</doc>
<status status="PASS" starttime="20240826 06:26:12.808" endtime="20240826 06:26:12.808"/>
</kw>
<kw name="Sleep" library="BuiltIn">
<arg>2</arg>
<doc>Pauses the test executed for the given time.</doc>
<msg timestamp="20240826 06:26:14.811" level="INFO">Slept 2 seconds</msg>
<status status="PASS" starttime="20240826 06:26:12.808" endtime="20240826 06:26:14.811"/>
</kw>
<kw name="Send Vkey" library="roleprocess">
<arg>wnd[0]</arg>
<arg>2</arg>
<doc>Sends a SAP virtual key combination to the window, not into an element.
If you want to send a value to a text field, use `input text` instead.</doc>
<status status="PASS" starttime="20240826 06:26:14.811" endtime="20240826 06:26:15.030"/>
</kw>
<kw name="Sleep" library="BuiltIn">
<arg>2</arg>
<doc>Pauses the test executed for the given time.</doc>
<msg timestamp="20240826 06:26:17.035" level="INFO">Slept 2 seconds</msg>
<status status="PASS" starttime="20240826 06:26:15.030" endtime="20240826 06:26:17.035"/>
</kw>
<kw name="Set Focus" library="roleprocess">
<arg>wnd[0]/usr/lbl[9,14]</arg>
<doc>Sets the focus to the given element.</doc>
<status status="PASS" starttime="20240826 06:26:17.035" endtime="20240826 06:26:17.035"/>
</kw>
<kw name="Sleep" library="BuiltIn">
<arg>2</arg>
<doc>Pauses the test executed for the given time.</doc>
<msg timestamp="20240826 06:26:19.044" level="INFO">Slept 2 seconds</msg>
<status status="PASS" starttime="20240826 06:26:17.035" endtime="20240826 06:26:19.044"/>
</kw>
<kw name="Caret Position" library="roleprocess">
<arg>wnd[0]/usr/lbl[9,14]</arg>
<arg>1</arg>
<doc>clicks at the caret position within a label is possible even though it is not visualized as a caret by SAP GUI.
The position of the caret within a text field may be checked by the ABAP application to determine which word the caret is in.</doc>
<status status="PASS" starttime="20240826 06:26:19.044" endtime="20240826 06:26:19.044"/>
</kw>
<kw name="Sleep" library="BuiltIn">
<arg>2</arg>
<doc>Pauses the test executed for the given time.</doc>
<msg timestamp="20240826 06:26:21.046" level="INFO">Slept 2 seconds</msg>
<status status="PASS" starttime="20240826 06:26:19.044" endtime="20240826 06:26:21.046"/>
</kw>
<kw name="Send Vkey" library="roleprocess">
<arg>wnd[0]</arg>
<arg>2</arg>
<doc>Sends a SAP virtual key combination to the window, not into an element.
If you want to send a value to a text field, use `input text` instead.</doc>
<status status="PASS" starttime="20240826 06:26:21.046" endtime="20240826 06:26:21.281"/>
</kw>
<kw name="Sleep" library="BuiltIn">
<arg>2</arg>
<doc>Pauses the test executed for the given time.</doc>
<msg timestamp="20240826 06:26:23.286" level="INFO">Slept 2 seconds</msg>
<status status="PASS" starttime="20240826 06:26:21.281" endtime="20240826 06:26:23.286"/>
</kw>
<kw name="Set Focus" library="roleprocess">
<arg>wnd[0]/usr/lbl[9,21]</arg>
<doc>Sets the focus to the given element.</doc>
<status status="PASS" starttime="20240826 06:26:23.286" endtime="20240826 06:26:23.286"/>
</kw>
<kw name="Sleep" library="BuiltIn">
<arg>2</arg>
<doc>Pauses the test executed for the given time.</doc>
<msg timestamp="20240826 06:26:25.298" level="INFO">Slept 2 seconds</msg>
<status status="PASS" starttime="20240826 06:26:23.286" endtime="20240826 06:26:25.298"/>
</kw>
<kw name="Caret Position" library="roleprocess">
<arg>wnd[0]/usr/lbl[9,21]</arg>
<arg>1</arg>
<doc>clicks at the caret position within a label is possible even though it is not visualized as a caret by SAP GUI.
The position of the caret within a text field may be checked by the ABAP application to determine which word the caret is in.</doc>
<status status="PASS" starttime="20240826 06:26:25.298" endtime="20240826 06:26:25.298"/>
</kw>
<kw name="Sleep" library="BuiltIn">
<arg>2</arg>
<doc>Pauses the test executed for the given time.</doc>
<msg timestamp="20240826 06:26:27.305" level="INFO">Slept 2 seconds</msg>
<status status="PASS" starttime="20240826 06:26:25.298" endtime="20240826 06:26:27.305"/>
</kw>
<kw name="Send Vkey" library="roleprocess">
<arg>wnd[0]</arg>
<arg>2</arg>
<doc>Sends a SAP virtual key combination to the window, not into an element.
If you want to send a value to a text field, use `input text` instead.</doc>
<status status="PASS" starttime="20240826 06:26:27.305" endtime="20240826 06:26:27.542"/>
</kw>
<kw name="Sleep" library="BuiltIn">
<arg>2</arg>
<doc>Pauses the test executed for the given time.</doc>
<msg timestamp="20240826 06:26:29.549" level="INFO">Slept 2 seconds</msg>
<status status="PASS" starttime="20240826 06:26:27.542" endtime="20240826 06:26:29.549"/>
</kw>
<kw name="Set Focus" library="roleprocess">
<arg>wnd[0]/usr/lbl[9,28]</arg>
<doc>Sets the focus to the given element.</doc>
<status status="PASS" starttime="20240826 06:26:29.549" endtime="20240826 06:26:29.549"/>
</kw>
<kw name="Sleep" library="BuiltIn">
<arg>2</arg>
<doc>Pauses the test executed for the given time.</doc>
<msg timestamp="20240826 06:26:31.564" level="INFO">Slept 2 seconds</msg>
<status status="PASS" starttime="20240826 06:26:29.549" endtime="20240826 06:26:31.564"/>
</kw>
<kw name="Caret Position" library="roleprocess">
<arg>wnd[0]/usr/lbl[9,28]</arg>
<arg>0</arg>
<doc>clicks at the caret position within a label is possible even though it is not visualized as a caret by SAP GUI.
The position of the caret within a text field may be checked by the ABAP application to determine which word the caret is in.</doc>
<status status="PASS" starttime="20240826 06:26:31.564" endtime="20240826 06:26:31.564"/>
</kw>
<kw name="Sleep" library="BuiltIn">
<arg>2</arg>
<doc>Pauses the test executed for the given time.</doc>
<msg timestamp="20240826 06:26:33.577" level="INFO">Slept 2 seconds</msg>
<status status="PASS" starttime="20240826 06:26:31.564" endtime="20240826 06:26:33.577"/>
</kw>
<kw name="Send Vkey" library="roleprocess">
<arg>wnd[0]</arg>
<arg>2</arg>
<doc>Sends a SAP virtual key combination to the window, not into an element.
If you want to send a value to a text field, use `input text` instead.</doc>
<status status="PASS" starttime="20240826 06:26:33.577" endtime="20240826 06:26:33.811"/>
</kw>
<kw name="Sleep" library="BuiltIn">
<arg>2</arg>
<doc>Pauses the test executed for the given time.</doc>
<msg timestamp="20240826 06:26:35.811" level="INFO">Slept 2 seconds</msg>
<status status="PASS" starttime="20240826 06:26:33.811" endtime="20240826 06:26:35.811"/>
</kw>
<kw name="Scroll" library="roleprocess">
<arg>wnd[0]/usr</arg>
<arg>1</arg>
<doc>Scrolls the scrollbar of an element 'element_id' that is contained within a shell object.
'Position' is the number of rows to scroll.</doc>
<status status="PASS" starttime="20240826 06:26:35.811" endtime="20240826 06:26:36.046"/>
</kw>
<kw name="Sleep" library="BuiltIn">
<arg>2</arg>
<doc>Pauses the test executed for the given time.</doc>
<msg timestamp="20240826 06:26:38.049" level="INFO">Slept 2 seconds</msg>
<status status="PASS" starttime="20240826 06:26:36.046" endtime="20240826 06:26:38.049"/>
</kw>
<kw name="Set Focus" library="roleprocess">
<arg>wnd[0]/usr/lbl[9,35]</arg>
<doc>Sets the focus to the given element.</doc>
<status status="PASS" starttime="20240826 06:26:38.049" endtime="20240826 06:26:38.049"/>
</kw>
<kw name="Sleep" library="BuiltIn">
<arg>2</arg>
<doc>Pauses the test executed for the given time.</doc>
<msg timestamp="20240826 06:26:40.049" level="INFO">Slept 2 seconds</msg>
<status status="PASS" starttime="20240826 06:26:38.049" endtime="20240826 06:26:40.049"/>
</kw>
<kw name="Caret Position" library="roleprocess">
<arg>wnd[0]/usr/lbl[9,35]</arg>
<arg>0</arg>
<doc>clicks at the caret position within a label is possible even though it is not visualized as a caret by SAP GUI.
The position of the caret within a text field may be checked by the ABAP application to determine which word the caret is in.</doc>
<status status="PASS" starttime="20240826 06:26:40.049" endtime="20240826 06:26:40.049"/>
</kw>
<kw name="Sleep" library="BuiltIn">
<arg>2</arg>
<doc>Pauses the test executed for the given time.</doc>
<msg timestamp="20240826 06:26:42.049" level="INFO">Slept 2 seconds</msg>
<status status="PASS" starttime="20240826 06:26:40.049" endtime="20240826 06:26:42.049"/>
</kw>
<kw name="Send Vkey" library="roleprocess">
<arg>wnd[0]</arg>
<arg>2</arg>
<doc>Sends a SAP virtual key combination to the window, not into an element.
If you want to send a value to a text field, use `input text` instead.</doc>
<status status="PASS" starttime="20240826 06:26:42.049" endtime="20240826 06:26:42.283"/>
</kw>
<kw name="Sleep" library="BuiltIn">
<arg>2</arg>
<doc>Pauses the test executed for the given time.</doc>
<msg timestamp="20240826 06:26:44.283" level="INFO">Slept 2 seconds</msg>
<status status="PASS" starttime="20240826 06:26:42.283" endtime="20240826 06:26:44.283"/>
</kw>
<kw name="Scroll" library="roleprocess">
<arg>wnd[0]/usr</arg>
<arg>3</arg>
<doc>Scrolls the scrollbar of an element 'element_id' that is contained within a shell object.
'Position' is the number of rows to scroll.</doc>
<status status="PASS" starttime="20240826 06:26:44.283" endtime="20240826 06:26:44.517"/>
</kw>
<kw name="Sleep" library="BuiltIn">
<arg>2</arg>
<doc>Pauses the test executed for the given time.</doc>
<msg timestamp="20240826 06:26:46.517" level="INFO">Slept 2 seconds</msg>
<status status="PASS" starttime="20240826 06:26:44.517" endtime="20240826 06:26:46.517"/>
</kw>
<kw name="Scroll" library="roleprocess">
<arg>wnd[0]/usr</arg>
<arg>4</arg>
<doc>Scrolls the scrollbar of an element 'element_id' that is contained within a shell object.
'Position' is the number of rows to scroll.</doc>
<status status="PASS" starttime="20240826 06:26:46.517" endtime="20240826 06:26:46.752"/>
</kw>
<kw name="Sleep" library="BuiltIn">
<arg>2</arg>
<doc>Pauses the test executed for the given time.</doc>
<msg timestamp="20240826 06:26:48.756" level="INFO">Slept 2 seconds</msg>
<status status="PASS" starttime="20240826 06:26:46.752" endtime="20240826 06:26:48.756"/>
</kw>
<kw name="Scroll" library="roleprocess">
<arg>wnd[0]/usr</arg>
<arg>5</arg>
<doc>Scrolls the scrollbar of an element 'element_id' that is contained within a shell object.
'Position' is the number of rows to scroll.</doc>
<status status="PASS" starttime="20240826 06:26:48.756" endtime="20240826 06:26:48.990"/>
</kw>
<kw name="Sleep" library="BuiltIn">
<arg>2</arg>
<doc>Pauses the test executed for the given time.</doc>
<msg timestamp="20240826 06:26:50.999" level="INFO">Slept 2 seconds</msg>
<status status="PASS" starttime="20240826 06:26:48.990" endtime="20240826 06:26:50.999"/>
</kw>
<kw name="Set Focus" library="roleprocess">
<arg>wnd[0]/usr/lbl[7,34]</arg>
<doc>Sets the focus to the given element.</doc>
<status status="PASS" starttime="20240826 06:26:50.999" endtime="20240826 06:26:50.999"/>
</kw>
<kw name="Sleep" library="BuiltIn">
<arg>2</arg>
<doc>Pauses the test executed for the given time.</doc>
<msg timestamp="20240826 06:26:53.011" level="INFO">Slept 2 seconds</msg>
<status status="PASS" starttime="20240826 06:26:50.999" endtime="20240826 06:26:53.011"/>
</kw>
<kw name="Caret Position" library="roleprocess">
<arg>wnd[0]/usr/lbl[7,34]</arg>
<arg>2</arg>
<doc>clicks at the caret position within a label is possible even though it is not visualized as a caret by SAP GUI.
The position of the caret within a text field may be checked by the ABAP application to determine which word the caret is in.</doc>
<status status="PASS" starttime="20240826 06:26:53.011" endtime="20240826 06:26:53.011"/>
</kw>
<kw name="Sleep" library="BuiltIn">
<arg>2</arg>
<doc>Pauses the test executed for the given time.</doc>
<msg timestamp="20240826 06:26:55.013" level="INFO">Slept 2 seconds</msg>
<status status="PASS" starttime="20240826 06:26:53.011" endtime="20240826 06:26:55.013"/>
</kw>
<kw name="Scroll" library="roleprocess">
<arg>wnd[0]/usr</arg>
<arg>6</arg>
<doc>Scrolls the scrollbar of an element 'element_id' that is contained within a shell object.
'Position' is the number of rows to scroll.</doc>
<status status="PASS" starttime="20240826 06:26:55.013" endtime="20240826 06:26:55.247"/>
</kw>
<kw name="Sleep" library="BuiltIn">
<arg>2</arg>
<doc>Pauses the test executed for the given time.</doc>
<msg timestamp="20240826 06:26:57.255" level="INFO">Slept 2 seconds</msg>
<status status="PASS" starttime="20240826 06:26:55.247" endtime="20240826 06:26:57.255"/>
</kw>
<kw name="Scroll" library="roleprocess">
<arg>wnd[0]/usr</arg>
<arg>7</arg>
<doc>Scrolls the scrollbar of an element 'element_id' that is contained within a shell object.
'Position' is the number of rows to scroll.</doc>
<status status="PASS" starttime="20240826 06:26:57.255" endtime="20240826 06:26:57.489"/>
</kw>
<kw name="Sleep" library="BuiltIn">
<arg>2</arg>
<doc>Pauses the test executed for the given time.</doc>
<msg timestamp="20240826 06:26:59.502" level="INFO">Slept 2 seconds</msg>
<status status="PASS" starttime="20240826 06:26:57.489" endtime="20240826 06:26:59.502"/>
</kw>
<kw name="Set Focus" library="roleprocess">
<arg>wnd[0]/usr/lbl[9,36]</arg>
<doc>Sets the focus to the given element.</doc>
<status status="PASS" starttime="20240826 06:26:59.502" endtime="20240826 06:26:59.502"/>
</kw>
<kw name="Sleep" library="BuiltIn">
<arg>2</arg>
<doc>Pauses the test executed for the given time.</doc>
<msg timestamp="20240826 06:27:01.511" level="INFO">Slept 2 seconds</msg>
<status status="PASS" starttime="20240826 06:26:59.502" endtime="20240826 06:27:01.511"/>
</kw>
<kw name="Caret Position" library="roleprocess">
<arg>wnd[0]/usr/lbl[9,36]</arg>
<arg>0</arg>
<doc>clicks at the caret position within a label is possible even though it is not visualized as a caret by SAP GUI.
The position of the caret within a text field may be checked by the ABAP application to determine which word the caret is in.</doc>
<status status="PASS" starttime="20240826 06:27:01.511" endtime="20240826 06:27:01.511"/>
</kw>
<kw name="Sleep" library="BuiltIn">
<arg>2</arg>
<doc>Pauses the test executed for the given time.</doc>
<msg timestamp="20240826 06:27:03.512" level="INFO">Slept 2 seconds</msg>
<status status="PASS" starttime="20240826 06:27:01.511" endtime="20240826 06:27:03.512"/>
</kw>
<kw name="Send Vkey" library="roleprocess">
<arg>wnd[0]</arg>
<arg>2</arg>
<doc>Sends a SAP virtual key combination to the window, not into an element.
If you want to send a value to a text field, use `input text` instead.</doc>
<status status="PASS" starttime="20240826 06:27:03.512" endtime="20240826 06:27:03.750"/>
</kw>
<kw name="Sleep" library="BuiltIn">
<arg>2</arg>
<doc>Pauses the test executed for the given time.</doc>
<msg timestamp="20240826 06:27:05.764" level="INFO">Slept 2 seconds</msg>
<status status="PASS" starttime="20240826 06:27:03.750" endtime="20240826 06:27:05.764"/>
</kw>
<kw name="Scroll" library="roleprocess">
<arg>wnd[0]/usr</arg>
<arg>10</arg>
<doc>Scrolls the scrollbar of an element 'element_id' that is contained within a shell object.
'Position' is the number of rows to scroll.</doc>
<status status="PASS" starttime="20240826 06:27:05.764" endtime="20240826 06:27:05.998"/>
</kw>
<kw name="Sleep" library="BuiltIn">
<arg>2</arg>
<doc>Pauses the test executed for the given time.</doc>
<msg timestamp="20240826 06:27:07.998" level="INFO">Slept 2 seconds</msg>
<status status="PASS" starttime="20240826 06:27:05.998" endtime="20240826 06:27:07.998"/>
</kw>
<kw name="Scroll" library="roleprocess">
<arg>wnd[0]/usr</arg>
<arg>11</arg>
<doc>Scrolls the scrollbar of an element 'element_id' that is contained within a shell object.
'Position' is the number of rows to scroll.</doc>
<status status="PASS" starttime="20240826 06:27:07.998" endtime="20240826 06:27:08.232"/>
</kw>
<kw name="Sleep" library="BuiltIn">
<arg>2</arg>
<doc>Pauses the test executed for the given time.</doc>
<msg timestamp="20240826 06:27:10.246" level="INFO">Slept 2 seconds</msg>
<status status="PASS" starttime="20240826 06:27:08.232" endtime="20240826 06:27:10.246"/>
</kw>
<kw name="Scroll" library="roleprocess">
<arg>wnd[0]/usr</arg>
<arg>12</arg>
<doc>Scrolls the scrollbar of an element 'element_id' that is contained within a shell object.
'Position' is the number of rows to scroll.</doc>
<status status="PASS" starttime="20240826 06:27:10.246" endtime="20240826 06:27:10.480"/>
</kw>
<kw name="Sleep" library="BuiltIn">
<arg>2</arg>
<doc>Pauses the test executed for the given time.</doc>
<msg timestamp="20240826 06:27:12.483" level="INFO">Slept 2 seconds</msg>
<status status="PASS" starttime="20240826 06:27:10.480" endtime="20240826 06:27:12.483"/>
</kw>
<kw name="Scroll" library="roleprocess">
<arg>wnd[0]/usr</arg>
<arg>13</arg>
<doc>Scrolls the scrollbar of an element 'element_id' that is contained within a shell object.
'Position' is the number of rows to scroll.</doc>
<status status="PASS" starttime="20240826 06:27:12.483" endtime="20240826 06:27:12.718"/>
</kw>
<kw name="Sleep" library="BuiltIn">
<arg>2</arg>
<doc>Pauses the test executed for the given time.</doc>
<msg timestamp="20240826 06:27:14.719" level="INFO">Slept 2 seconds</msg>
<status status="PASS" starttime="20240826 06:27:12.718" endtime="20240826 06:27:14.719"/>
</kw>
<kw name="Set Focus" library="roleprocess">
<arg>wnd[0]/usr/lbl[9,37]</arg>
<doc>Sets the focus to the given element.</doc>
<status status="PASS" starttime="20240826 06:27:14.719" endtime="20240826 06:27:14.719"/>
</kw>
<kw name="Sleep" library="BuiltIn">
<arg>2</arg>
<doc>Pauses the test executed for the given time.</doc>
<msg timestamp="20240826 06:27:16.726" level="INFO">Slept 2 seconds</msg>
<status status="PASS" starttime="20240826 06:27:14.719" endtime="20240826 06:27:16.726"/>
</kw>
<kw name="Caret Position" library="roleprocess">
<arg>wnd[0]/usr/lbl[9,37]</arg>
<arg>0</arg>
<doc>clicks at the caret position within a label is possible even though it is not visualized as a caret by SAP GUI.
The position of the caret within a text field may be checked by the ABAP application to determine which word the caret is in.</doc>
<status status="PASS" starttime="20240826 06:27:16.726" endtime="20240826 06:27:16.726"/>
</kw>
<kw name="Sleep" library="BuiltIn">
<arg>2</arg>
<doc>Pauses the test executed for the given time.</doc>
<msg timestamp="20240826 06:27:18.733" level="INFO">Slept 2 seconds</msg>
<status status="PASS" starttime="20240826 06:27:16.726" endtime="20240826 06:27:18.733"/>
</kw>
<kw name="Send Vkey" library="roleprocess">
<arg>wnd[0]</arg>
<arg>2</arg>
<doc>Sends a SAP virtual key combination to the window, not into an element.
If you want to send a value to a text field, use `input text` instead.</doc>
<status status="PASS" starttime="20240826 06:27:18.733" endtime="20240826 06:27:18.968"/>
</kw>
<kw name="Sleep" library="BuiltIn">
<arg>2</arg>
<doc>Pauses the test executed for the given time.</doc>
<msg timestamp="20240826 06:27:20.983" level="INFO">Slept 2 seconds</msg>
<status status="PASS" starttime="20240826 06:27:18.968" endtime="20240826 06:27:20.983"/>
</kw>
<kw name="Scroll" library="roleprocess">
<arg>wnd[0]/usr</arg>
<arg>20</arg>
<doc>Scrolls the scrollbar of an element 'element_id' that is contained within a shell object.
'Position' is the number of rows to scroll.</doc>
<status status="PASS" starttime="20240826 06:27:20.983" endtime="20240826 06:27:21.218"/>
</kw>
<kw name="Sleep" library="BuiltIn">
<arg>2</arg>
<doc>Pauses the test executed for the given time.</doc>
<msg timestamp="20240826 06:27:23.222" level="INFO">Slept 2 seconds</msg>
<status status="PASS" starttime="20240826 06:27:21.218" endtime="20240826 06:27:23.222"/>
</kw>
<kw name="Scroll" library="roleprocess">
<arg>wnd[0]/usr</arg>
<arg>21</arg>
<doc>Scrolls the scrollbar of an element 'element_id' that is contained within a shell object.
'Position' is the number of rows to scroll.</doc>
<status status="PASS" starttime="20240826 06:27:23.222" endtime="20240826 06:27:23.457"/>
</kw>
<kw name="Sleep" library="BuiltIn">
<arg>2</arg>
<doc>Pauses the test executed for the given time.</doc>
<msg timestamp="20240826 06:27:25.467" level="INFO">Slept 2 seconds</msg>
<status status="PASS" starttime="20240826 06:27:23.457" endtime="20240826 06:27:25.467"/>
</kw>
<kw name="Scroll" library="roleprocess">
<arg>wnd[0]/usr</arg>
<arg>22</arg>
<doc>Scrolls the scrollbar of an element 'element_id' that is contained within a shell object.
'Position' is the number of rows to scroll.</doc>
<status status="PASS" starttime="20240826 06:27:25.467" endtime="20240826 06:27:25.701"/>
</kw>
<kw name="Sleep" library="BuiltIn">
<arg>2</arg>
<doc>Pauses the test executed for the given time.</doc>
<msg timestamp="20240826 06:27:27.712" level="INFO">Slept 2 seconds</msg>
<status status="PASS" starttime="20240826 06:27:25.701" endtime="20240826 06:27:27.712"/>
</kw>
<kw name="Set Focus" library="roleprocess">
<arg>wnd[0]/usr/lbl[9,38]</arg>
<doc>Sets the focus to the given element.</doc>
<status status="PASS" starttime="20240826 06:27:27.712" endtime="20240826 06:27:27.712"/>
</kw>
<kw name="Sleep" library="BuiltIn">
<arg>2</arg>
<doc>Pauses the test executed for the given time.</doc>
<msg timestamp="20240826 06:27:29.724" level="INFO">Slept 2 seconds</msg>
<status status="PASS" starttime="20240826 06:27:27.712" endtime="20240826 06:27:29.724"/>
</kw>
<kw name="Caret Position" library="roleprocess">
<arg>wnd[0]/usr/lbl[9,38]</arg>
<arg>1</arg>
<doc>clicks at the caret position within a label is possible even though it is not visualized as a caret by SAP GUI.
The position of the caret within a text field may be checked by the ABAP application to determine which word the caret is in.</doc>
<status status="PASS" starttime="20240826 06:27:29.724" endtime="20240826 06:27:29.724"/>
</kw>
<kw name="Sleep" library="BuiltIn">
<arg>2</arg>
<doc>Pauses the test executed for the given time.</doc>
<msg timestamp="20240826 06:27:31.730" level="INFO">Slept 2 seconds</msg>
<status status="PASS" starttime="20240826 06:27:29.724" endtime="20240826 06:27:31.730"/>
</kw>
<kw name="Send Vkey" library="roleprocess">
<arg>wnd[0]</arg>
<arg>2</arg>
<doc>Sends a SAP virtual key combination to the window, not into an element.
If you want to send a value to a text field, use `input text` instead.</doc>
<status status="PASS" starttime="20240826 06:27:31.730" endtime="20240826 06:27:31.968"/>
</kw>
<kw name="Sleep" library="BuiltIn">
<arg>2</arg>
<doc>Pauses the test executed for the given time.</doc>
<msg timestamp="20240826 06:27:33.970" level="INFO">Slept 2 seconds</msg>
<status status="PASS" starttime="20240826 06:27:31.968" endtime="20240826 06:27:33.970"/>
</kw>
<kw name="Scroll" library="roleprocess">
<arg>wnd[0]/usr</arg>
<arg>27</arg>
<doc>Scrolls the scrollbar of an element 'element_id' that is contained within a shell object.
'Position' is the number of rows to scroll.</doc>
<status status="PASS" starttime="20240826 06:27:33.970" endtime="20240826 06:27:34.204"/>
</kw>
<kw name="Sleep" library="BuiltIn">
<arg>2</arg>
<doc>Pauses the test executed for the given time.</doc>
<msg timestamp="20240826 06:27:36.207" level="INFO">Slept 2 seconds</msg>
<status status="PASS" starttime="20240826 06:27:34.204" endtime="20240826 06:27:36.207"/>
</kw>
<kw name="Scroll" library="roleprocess">
<arg>wnd[0]/usr</arg>
<arg>26</arg>
<doc>Scrolls the scrollbar of an element 'element_id' that is contained within a shell object.
'Position' is the number of rows to scroll.</doc>
<status status="PASS" starttime="20240826 06:27:36.207" endtime="20240826 06:27:36.450"/>
</kw>
<kw name="Sleep" library="BuiltIn">
<arg>2</arg>
<doc>Pauses the test executed for the given time.</doc>
<msg timestamp="20240826 06:27:38.464" level="INFO">Slept 2 seconds</msg>
<status status="PASS" starttime="20240826 06:27:36.450" endtime="20240826 06:27:38.464"/>
</kw>
<kw name="Scroll" library="roleprocess">
<arg>wnd[0]/usr</arg>
<arg>25</arg>
<doc>Scrolls the scrollbar of an element 'element_id' that is contained within a shell object.
'Position' is the number of rows to scroll.</doc>
<status status="PASS" starttime="20240826 06:27:38.464" endtime="20240826 06:27:38.699"/>
</kw>
<kw name="Sleep" library="BuiltIn">
<arg>2</arg>
<doc>Pauses the test executed for the given time.</doc>
<msg timestamp="20240826 06:27:40.712" level="INFO">Slept 2 seconds</msg>
<status status="PASS" starttime="20240826 06:27:38.699" endtime="20240826 06:27:40.712"/>
</kw>
<kw name="Scroll" library="roleprocess">
<arg>wnd[0]/usr</arg>
<arg>24</arg>
<doc>Scrolls the scrollbar of an element 'element_id' that is contained within a shell object.
'Position' is the number of rows to scroll.</doc>
<status status="PASS" starttime="20240826 06:27:40.712" endtime="20240826 06:27:40.948"/>
</kw>
<kw name="Sleep" library="BuiltIn">
<arg>2</arg>
<doc>Pauses the test executed for the given time.</doc>
<msg timestamp="20240826 06:27:42.962" level="INFO">Slept 2 seconds</msg>
<status status="PASS" starttime="20240826 06:27:40.948" endtime="20240826 06:27:42.962"/>
</kw>
<kw name="Scroll" library="roleprocess">
<arg>wnd[0]/usr</arg>
<arg>23</arg>
<doc>Scrolls the scrollbar of an element 'element_id' that is contained within a shell object.
'Position' is the number of rows to scroll.</doc>
<status status="PASS" starttime="20240826 06:27:42.962" endtime="20240826 06:27:43.196"/>
</kw>
<kw name="Sleep" library="BuiltIn">
<arg>2</arg>
<doc>Pauses the test executed for the given time.</doc>
<msg timestamp="20240826 06:27:45.209" level="INFO">Slept 2 seconds</msg>
<status status="PASS" starttime="20240826 06:27:43.196" endtime="20240826 06:27:45.209"/>
</kw>
<kw name="Scroll" library="roleprocess">
<arg>wnd[0]/usr</arg>
<arg>22</arg>
<doc>Scrolls the scrollbar of an element 'element_id' that is contained within a shell object.
'Position' is the number of rows to scroll.</doc>
<status status="PASS" starttime="20240826 06:27:45.209" endtime="20240826 06:27:45.444"/>
</kw>
<kw name="Sleep" library="BuiltIn">
<arg>2</arg>
<doc>Pauses the test executed for the given time.</doc>
<msg timestamp="20240826 06:27:47.458" level="INFO">Slept 2 seconds</msg>
<status status="PASS" starttime="20240826 06:27:45.444" endtime="20240826 06:27:47.458"/>
</kw>
<kw name="Scroll" library="roleprocess">
<arg>wnd[0]/usr</arg>
<arg>21</arg>
<doc>Scrolls the scrollbar of an element 'element_id' that is contained within a shell object.
'Position' is the number of rows to scroll.</doc>
<status status="PASS" starttime="20240826 06:27:47.458" endtime="20240826 06:27:47.693"/>
</kw>
<kw name="Sleep" library="BuiltIn">
<arg>2</arg>
<doc>Pauses the test executed for the given time.</doc>
<msg timestamp="20240826 06:27:49.708" level="INFO">Slept 2 seconds</msg>
<status status="PASS" starttime="20240826 06:27:47.693" endtime="20240826 06:27:49.708"/>
</kw>
<kw name="Scroll" library="roleprocess">
<arg>wnd[0]/usr</arg>
<arg>20</arg>
<doc>Scrolls the scrollbar of an element 'element_id' that is contained within a shell object.
'Position' is the number of rows to scroll.</doc>
<status status="PASS" starttime="20240826 06:27:49.708" endtime="20240826 06:27:49.943"/>
</kw>
<kw name="Sleep" library="BuiltIn">
<arg>2</arg>
<doc>Pauses the test executed for the given time.</doc>
<msg timestamp="20240826 06:27:51.943" level="INFO">Slept 2 seconds</msg>
<status status="PASS" starttime="20240826 06:27:49.943" endtime="20240826 06:27:51.943"/>
</kw>
<kw name="Scroll" library="roleprocess">
<arg>wnd[0]/usr</arg>
<arg>19</arg>
<doc>Scrolls the scrollbar of an element 'element_id' that is contained within a shell object.
'Position' is the number of rows to scroll.</doc>
<status status="PASS" starttime="20240826 06:27:51.943" endtime="20240826 06:27:52.174"/>
</kw>
<kw name="Sleep" library="BuiltIn">
<arg>2</arg>
<doc>Pauses the test executed for the given time.</doc>
<msg timestamp="20240826 06:27:54.185" level="INFO">Slept 2 seconds</msg>
<status status="PASS" starttime="20240826 06:27:52.174" endtime="20240826 06:27:54.185"/>
</kw>
<kw name="Scroll" library="roleprocess">
<arg>wnd[0]/usr</arg>
<arg>18</arg>
<doc>Scrolls the scrollbar of an element 'element_id' that is contained within a shell object.
'Position' is the number of rows to scroll.</doc>
<status status="PASS" starttime="20240826 06:27:54.185" endtime="20240826 06:27:54.419"/>
</kw>
<kw name="Sleep" library="BuiltIn">
<arg>2</arg>
<doc>Pauses the test executed for the given time.</doc>
<msg timestamp="20240826 06:27:56.430" level="INFO">Slept 2 seconds</msg>
<status status="PASS" starttime="20240826 06:27:54.419" endtime="20240826 06:27:56.430"/>
</kw>
<kw name="Scroll" library="roleprocess">
<arg>wnd[0]/usr</arg>
<arg>17</arg>
<doc>Scrolls the scrollbar of an element 'element_id' that is contained within a shell object.
'Position' is the number of rows to scroll.</doc>
<status status="PASS" starttime="20240826 06:27:56.430" endtime="20240826 06:27:56.667"/>
</kw>
<kw name="Sleep" library="BuiltIn">
<arg>2</arg>
<doc>Pauses the test executed for the given time.</doc>
<msg timestamp="20240826 06:27:58.675" level="INFO">Slept 2 seconds</msg>
<status status="PASS" starttime="20240826 06:27:56.667" endtime="20240826 06:27:58.675"/>
</kw>
<kw name="Scroll" library="roleprocess">
<arg>wnd[0]/usr</arg>
<arg>16</arg>
<doc>Scrolls the scrollbar of an element 'element_id' that is contained within a shell object.
'Position' is the number of rows to scroll.</doc>
<status status="PASS" starttime="20240826 06:27:58.675" endtime="20240826 06:27:58.910"/>
</kw>
<kw name="Sleep" library="BuiltIn">
<arg>2</arg>
<doc>Pauses the test executed for the given time.</doc>
<msg timestamp="20240826 06:28:00.913" level="INFO">Slept 2 seconds</msg>
<status status="PASS" starttime="20240826 06:27:58.910" endtime="20240826 06:28:00.913"/>
</kw>
<kw name="Scroll" library="roleprocess">
<arg>wnd[0]/usr</arg>
<arg>15</arg>
<doc>Scrolls the scrollbar of an element 'element_id' that is contained within a shell object.
'Position' is the number of rows to scroll.</doc>
<status status="PASS" starttime="20240826 06:28:00.913" endtime="20240826 06:28:01.148"/>
</kw>
<kw name="Sleep" library="BuiltIn">
<arg>2</arg>
<doc>Pauses the test executed for the given time.</doc>
<msg timestamp="20240826 06:28:03.161" level="INFO">Slept 2 seconds</msg>
<status status="PASS" starttime="20240826 06:28:01.148" endtime="20240826 06:28:03.161"/>
</kw>
<kw name="Scroll" library="roleprocess">
<arg>wnd[0]/usr</arg>
<arg>14</arg>
<doc>Scrolls the scrollbar of an element 'element_id' that is contained within a shell object.
'Position' is the number of rows to scroll.</doc>
<status status="PASS" starttime="20240826 06:28:03.161" endtime="20240826 06:28:03.395"/>
</kw>
<kw name="Sleep" library="BuiltIn">
<arg>2</arg>
<doc>Pauses the test executed for the given time.</doc>
<msg timestamp="20240826 06:28:05.410" level="INFO">Slept 2 seconds</msg>
<status status="PASS" starttime="20240826 06:28:03.395" endtime="20240826 06:28:05.410"/>
</kw>
<kw name="Scroll" library="roleprocess">
<arg>wnd[0]/usr</arg>
<arg>13</arg>
<doc>Scrolls the scrollbar of an element 'element_id' that is contained within a shell object.
'Position' is the number of rows to scroll.</doc>
<status status="PASS" starttime="20240826 06:28:05.410" endtime="20240826 06:28:05.654"/>
</kw>
<kw name="Sleep" library="BuiltIn">
<arg>2</arg>
<doc>Pauses the test executed for the given time.</doc>
<msg timestamp="20240826 06:28:07.665" level="INFO">Slept 2 seconds</msg>
<status status="PASS" starttime="20240826 06:28:05.654" endtime="20240826 06:28:07.665"/>
</kw>
<kw name="Click Element" library="roleprocess">
<arg>wnd[0]/tbar[0]/btn[11]</arg>
<doc>Performs a single click on a given element. Used only for buttons, tabs and menu items.</doc>
<status status="PASS" starttime="20240826 06:28:07.665" endtime="20240826 06:28:07.981"/>
</kw>
<kw name="Sleep" library="BuiltIn">
<arg>2</arg>
<doc>Pauses the test executed for the given time.</doc>
<msg timestamp="20240826 06:28:09.982" level="INFO">Slept 2 seconds</msg>
<status status="PASS" starttime="20240826 06:28:07.981" endtime="20240826 06:28:09.982"/>
</kw>
<kw name="Click Element" library="roleprocess">
<arg>wnd[1]/tbar[0]/btn[0]</arg>
<doc>Performs a single click on a given element. Used only for buttons, tabs and menu items.</doc>
<status status="PASS" starttime="20240826 06:28:09.982" endtime="20240826 06:28:10.435"/>
</kw>
<kw name="Sleep" library="BuiltIn">
<arg>2</arg>
<doc>Pauses the test executed for the given time.</doc>
<msg timestamp="20240826 06:28:12.443" level="INFO">Slept 2 seconds</msg>
<status status="PASS" starttime="20240826 06:28:10.435" endtime="20240826 06:28:12.443"/>
</kw>
<kw name="Click Element" library="roleprocess">
<arg>wnd[0]/tbar[1]/btn[17]</arg>
<doc>Performs a single click on a given element. Used only for buttons, tabs and menu items.</doc>
<status status="PASS" starttime="20240826 06:28:12.443" endtime="20240826 06:28:15.666"/>
</kw>
<kw name="Sleep" library="BuiltIn">
<arg>2</arg>
<doc>Pauses the test executed for the given time.</doc>
<msg timestamp="20240826 06:28:17.674" level="INFO">Slept 2 seconds</msg>
<status status="PASS" starttime="20240826 06:28:15.666" endtime="20240826 06:28:17.674"/>
</kw>
<kw name="Click Element" library="roleprocess">
<arg>wnd[1]/usr/btnBUTTON_1</arg>
<doc>Performs a single click on a given element. Used only for buttons, tabs and menu items.</doc>
<status status="PASS" starttime="20240826 06:28:17.674" endtime="20240826 06:28:19.795"/>
</kw>
<kw name="Sleep" library="BuiltIn">
<arg>2</arg>
<doc>Pauses the test executed for the given time.</doc>
<msg timestamp="20240826 06:28:21.800" level="INFO">Slept 2 seconds</msg>
<status status="PASS" starttime="20240826 06:28:19.795" endtime="20240826 06:28:21.800"/>
</kw>
<kw name="Click Element" library="roleprocess">
<arg>wnd[0]/tbar[0]/btn[3]</arg>
<doc>Performs a single click on a given element. Used only for buttons, tabs and menu items.</doc>
<status status="PASS" starttime="20240826 06:28:21.800" endtime="20240826 06:28:22.069"/>
</kw>
<kw name="Sleep" library="BuiltIn">
<arg>2</arg>
<doc>Pauses the test executed for the given time.</doc>
<msg timestamp="20240826 06:28:24.076" level="INFO">Slept 2 seconds</msg>
<status status="PASS" starttime="20240826 06:28:22.069" endtime="20240826 06:28:24.076"/>
</kw>
<kw name="Click Element" library="roleprocess">
<arg>wnd[0]/tbar[0]/btn[3]</arg>
<doc>Performs a single click on a given element. Used only for buttons, tabs and menu items.</doc>
<status status="PASS" starttime="20240826 06:28:24.076" endtime="20240826 06:28:25.107"/>
</kw>
<kw name="Sleep" library="BuiltIn">
<arg>2</arg>
<doc>Pauses the test executed for the given time.</doc>
<msg timestamp="20240826 06:28:27.113" level="INFO">Slept 2 seconds</msg>
<status status="PASS" starttime="20240826 06:28:25.107" endtime="20240826 06:28:27.113"/>
</kw>
<kw name="Click Element" library="roleprocess">
<arg>wnd[0]/usr/btn%#AUTOTEXT002</arg>
<doc>Performs a single click on a given element. Used only for buttons, tabs and menu items.</doc>
<status status="PASS" starttime="20240826 06:28:27.113" endtime="20240826 06:28:29.506"/>
</kw>
<kw name="Sleep" library="BuiltIn">
<arg>2</arg>
<doc>Pauses the test executed for the given time.</doc>
<msg timestamp="20240826 06:28:31.517" level="INFO">Slept 2 seconds</msg>
<status status="PASS" starttime="20240826 06:28:29.506" endtime="20240826 06:28:31.517"/>
</kw>
<kw name="Click Element" library="roleprocess">
<arg>wnd[0]/usr/tabsTABSTRIP1/tabpTAB5</arg>
<doc>Performs a single click on a given element. Used only for buttons, tabs and menu items.</doc>
<status status="PASS" starttime="20240826 06:28:31.517" endtime="20240826 06:28:32.220"/>
</kw>
<kw name="Sleep" library="BuiltIn">
<arg>2</arg>
<doc>Pauses the test executed for the given time.</doc>
<msg timestamp="20240826 06:28:34.227" level="INFO">Slept 2 seconds</msg>
<status status="PASS" starttime="20240826 06:28:32.220" endtime="20240826 06:28:34.227"/>
</kw>
<kw name="Set Focus" library="roleprocess">
<arg>wnd[0]/usr/tabsTABSTRIP1/tabpTAB5/ssubSUB1:SAPLPRGN_TREE:0350/txtG_PROFILE</arg>
<doc>Sets the focus to the given element.</doc>
<status status="PASS" starttime="20240826 06:28:34.227" endtime="20240826 06:28:34.227"/>
</kw>
<kw name="Sleep" library="BuiltIn">
<arg>2</arg>
<doc>Pauses the test executed for the given time.</doc>
<msg timestamp="20240826 06:28:36.230" level="INFO">Slept 2 seconds</msg>
<status status="PASS" starttime="20240826 06:28:34.227" endtime="20240826 06:28:36.230"/>
</kw>
<kw name="Caret Position" library="roleprocess">
<arg>wnd[0]/usr/tabsTABSTRIP1/tabpTAB5/ssubSUB1:SAPLPRGN_TREE:0350/txtG_PROFILE</arg>
<arg>8</arg>
<doc>clicks at the caret position within a label is possible even though it is not visualized as a caret by SAP GUI.
The position of the caret within a text field may be checked by the ABAP application to determine which word the caret is in.</doc>
<status status="PASS" starttime="20240826 06:28:36.230" endtime="20240826 06:28:36.230"/>
</kw>
<kw name="Sleep" library="BuiltIn">
<arg>2</arg>
<doc>Pauses the test executed for the given time.</doc>
<msg timestamp="20240826 06:28:38.238" level="INFO">Slept 2 seconds</msg>
<status status="PASS" starttime="20240826 06:28:36.230" endtime="20240826 06:28:38.238"/>
</kw>
<kw name="Click Element" library="roleprocess">
<arg>wnd[0]/tbar[0]/btn[3]</arg>
<doc>Performs a single click on a given element. Used only for buttons, tabs and menu items.</doc>
<status status="PASS" starttime="20240826 06:28:38.238" endtime="20240826 06:28:39.210"/>
</kw>
<kw name="Sleep" library="BuiltIn">
<arg>2</arg>
<doc>Pauses the test executed for the given time.</doc>
<msg timestamp="20240826 06:28:41.211" level="INFO">Slept 2 seconds</msg>
<status status="PASS" starttime="20240826 06:28:39.210" endtime="20240826 06:28:41.211"/>
</kw>
<kw name="Click Element" library="roleprocess">
<arg>wnd[0]/mbar/menu[0]/menu[6]</arg>
<doc>Performs a single click on a given element. Used only for buttons, tabs and menu items.</doc>
<status status="PASS" starttime="20240826 06:28:41.211" endtime="20240826 06:28:42.150"/>
</kw>
<kw name="Sleep" library="BuiltIn">
<arg>2</arg>
<doc>Pauses the test executed for the given time.</doc>
<msg timestamp="20240826 06:28:44.150" level="INFO">Slept 2 seconds</msg>
<status status="PASS" starttime="20240826 06:28:42.150" endtime="20240826 06:28:44.150"/>
</kw>
<kw name="Click Element" library="roleprocess">
<arg>wnd[1]/tbar[0]/btn[0]</arg>
<doc>Performs a single click on a given element. Used only for buttons, tabs and menu items.</doc>
<status status="PASS" starttime="20240826 06:28:44.150" endtime="20240826 06:28:45.619"/>
</kw>
<kw name="Sleep" library="BuiltIn">
<arg>2</arg>
<doc>Pauses the test executed for the given time.</doc>
<msg timestamp="20240826 06:28:47.619" level="INFO">Slept 2 seconds</msg>
<status status="PASS" starttime="20240826 06:28:45.619" endtime="20240826 06:28:47.619"/>
</kw>
<kw name="Input Text" library="roleprocess">
<arg>wnd[1]/usr/ctxtDY_PATH</arg>
<arg>C:\\RobotFramework</arg>
<doc>Inserts the given text into the text field identified by locator.
Use keyword `input password` to insert a password in a text field.</doc>
<msg timestamp="20240826 06:28:47.619" level="INFO">Typing text 'C:\RobotFramework' into text field 'wnd[1]/usr/ctxtDY_PATH'.</msg>
<status status="PASS" starttime="20240826 06:28:47.619" endtime="20240826 06:28:47.619"/>
</kw>
<kw name="Sleep" library="BuiltIn">
<arg>2</arg>
<doc>Pauses the test executed for the given time.</doc>
<msg timestamp="20240826 06:28:49.619" level="INFO">Slept 2 seconds</msg>
<status status="PASS" starttime="20240826 06:28:47.619" endtime="20240826 06:28:49.619"/>
</kw>
<kw name="Input Text" library="roleprocess">
<arg>wnd[1]/usr/ctxtDY_FILENAME</arg>
<arg>demo2</arg>
<doc>Inserts the given text into the text field identified by locator.
Use keyword `input password` to insert a password in a text field.</doc>
<msg timestamp="20240826 06:28:49.619" level="INFO">Typing text 'demo2' into text field 'wnd[1]/usr/ctxtDY_FILENAME'.</msg>
<status status="PASS" starttime="20240826 06:28:49.619" endtime="20240826 06:28:49.619"/>
</kw>
<kw name="Sleep" library="BuiltIn">
<arg>2</arg>
<doc>Pauses the test executed for the given time.</doc>
<msg timestamp="20240826 06:28:51.619" level="INFO">Slept 2 seconds</msg>
<status status="PASS" starttime="20240826 06:28:49.619" endtime="20240826 06:28:51.619"/>
</kw>
<kw name="Caret Position" library="roleprocess">
<arg>wnd[1]/usr/ctxtDY_FILENAME</arg>
<arg>5</arg>
<doc>clicks at the caret position within a label is possible even though it is not visualized as a caret by SAP GUI.
The position of the caret within a text field may be checked by the ABAP application to determine which word the caret is in.</doc>
<status status="PASS" starttime="20240826 06:28:51.619" endtime="20240826 06:28:51.619"/>
</kw>
<kw name="Sleep" library="BuiltIn">
<arg>2</arg>
<doc>Pauses the test executed for the given time.</doc>
<msg timestamp="20240826 06:28:53.619" level="INFO">Slept 2 seconds</msg>
<status status="PASS" starttime="20240826 06:28:51.619" endtime="20240826 06:28:53.619"/>
</kw>
<kw name="Click Element" library="roleprocess">
<arg>wnd[1]/tbar[0]/btn[11]</arg>
<doc>Performs a single click on a given element. Used only for buttons, tabs and menu items.</doc>
<status status="PASS" starttime="20240826 06:28:53.619" endtime="20240826 06:28:58.262"/>
</kw>
<kw name="Sleep" library="BuiltIn">
<arg>2</arg>
<doc>Pauses the test executed for the given time.</doc>
<msg timestamp="20240826 06:29:00.262" level="INFO">Slept 2 seconds</msg>
<status status="PASS" starttime="20240826 06:28:58.262" endtime="20240826 06:29:00.262"/>
</kw>
<kw name="Current Cell Column" library="roleprocess">
<arg>wnd[0]/usr/cntlGRID1/shellcont/shell/shellcont[1]/shell</arg>
<arg>ROLE</arg>
<status status="PASS" starttime="20240826 06:29:00.262" endtime="20240826 06:29:00.340"/>
</kw>
<kw name="Sleep" library="BuiltIn">
<arg>2</arg>
<doc>Pauses the test executed for the given time.</doc>
<msg timestamp="20240826 06:29:02.341" level="INFO">Slept 2 seconds</msg>
<status status="PASS" starttime="20240826 06:29:00.340" endtime="20240826 06:29:02.341"/>
</kw>
<kw name="Select Table Row" library="roleprocess">
<arg>wnd[0]/usr/cntlGRID1/shellcont/shell/shellcont[1]/shell</arg>
<arg>0</arg>
<doc>Selects an entire row of a table. This can either be a TableControl or a GridView 'table_id'
which is contained within a shell object. The row is an index to select the row, starting from 0.</doc>
<status status="PASS" starttime="20240826 06:29:02.341" endtime="20240826 06:29:02.341"/>
</kw>
<kw name="Sleep" library="BuiltIn">
<arg>2</arg>
<doc>Pauses the test executed for the given time.</doc>
<msg timestamp="20240826 06:29:04.354" level="INFO">Slept 2 seconds</msg>
<status status="PASS" starttime="20240826 06:29:02.341" endtime="20240826 06:29:04.354"/>
</kw>
<kw name="Current Cell Column" library="roleprocess">
<arg>wnd[0]/usr/cntlGRID1/shellcont/shell/shellcont[1]/shell</arg>
<arg>ROLE</arg>
<status status="PASS" starttime="20240826 06:29:04.354" endtime="20240826 06:29:04.354"/>
</kw>
<kw name="Sleep" library="BuiltIn">
<arg>2</arg>
<doc>Pauses the test executed for the given time.</doc>
<msg timestamp="20240826 06:29:06.354" level="INFO">Slept 2 seconds</msg>
<status status="PASS" starttime="20240826 06:29:04.354" endtime="20240826 06:29:06.354"/>
</kw>
<kw name="Click Element" library="roleprocess">
<arg>wnd[0]/tbar[0]/btn[3]</arg>
<doc>Performs a single click on a given element. Used only for buttons, tabs and menu items.</doc>
<status status="PASS" starttime="20240826 06:29:06.354" endtime="20240826 06:29:06.886"/>
</kw>
<kw name="Sleep" library="BuiltIn">
<arg>2</arg>
<doc>Pauses the test executed for the given time.</doc>
<msg timestamp="20240826 06:29:08.886" level="INFO">Slept 2 seconds</msg>
<status status="PASS" starttime="20240826 06:29:06.886" endtime="20240826 06:29:08.886"/>
</kw>
<kw name="Click Element" library="roleprocess">
<arg>wnd[0]/mbar/menu[0]/menu[7]</arg>
<doc>Performs a single click on a given element. Used only for buttons, tabs and menu items.</doc>
<status status="PASS" starttime="20240826 06:29:08.886" endtime="20240826 06:29:09.839"/>
</kw>
<kw name="Sleep" library="BuiltIn">
<arg>2</arg>
<doc>Pauses the test executed for the given time.</doc>
<msg timestamp="20240826 06:29:11.839" level="INFO">Slept 2 seconds</msg>
<status status="PASS" starttime="20240826 06:29:09.839" endtime="20240826 06:29:11.839"/>
</kw>
<kw name="Click Element" library="roleprocess">
<arg>wnd[1]/tbar[0]/btn[0]</arg>
<doc>Performs a single click on a given element. Used only for buttons, tabs and menu items.</doc>
<status status="PASS" starttime="20240826 06:29:11.839" endtime="20240826 06:29:13.198"/>
</kw>
<kw name="Sleep" library="BuiltIn">
<arg>2</arg>
<doc>Pauses the test executed for the given time.</doc>
<msg timestamp="20240826 06:29:15.198" level="INFO">Slept 2 seconds</msg>
<status status="PASS" starttime="20240826 06:29:13.198" endtime="20240826 06:29:15.198"/>
</kw>
<kw name="Input Text" library="roleprocess">
<arg>wnd[1]/usr/ctxtDY_PATH</arg>
<arg>C:\\RobotFramework</arg>
<doc>Inserts the given text into the text field identified by locator.
Use keyword `input password` to insert a password in a text field.</doc>
<msg timestamp="20240826 06:29:15.198" level="INFO">Typing text 'C:\RobotFramework' into text field 'wnd[1]/usr/ctxtDY_PATH'.</msg>
<status status="PASS" starttime="20240826 06:29:15.198" endtime="20240826 06:29:15.198"/>
</kw>
<kw name="Sleep" library="BuiltIn">
<arg>2</arg>
<doc>Pauses the test executed for the given time.</doc>
<msg timestamp="20240826 06:29:17.205" level="INFO">Slept 2 seconds</msg>
<status status="PASS" starttime="20240826 06:29:15.198" endtime="20240826 06:29:17.205"/>
</kw>
<kw name="Input Text" library="roleprocess">
<arg>wnd[1]/usr/ctxtDY_FILENAME</arg>
<arg>demo2</arg>
<doc>Inserts the given text into the text field identified by locator.
Use keyword `input password` to insert a password in a text field.</doc>
<msg timestamp="20240826 06:29:17.205" level="INFO">Typing text 'demo2' into text field 'wnd[1]/usr/ctxtDY_FILENAME'.</msg>
<status status="PASS" starttime="20240826 06:29:17.205" endtime="20240826 06:29:17.205"/>
</kw>
<kw name="Sleep" library="BuiltIn">
<arg>2</arg>
<doc>Pauses the test executed for the given time.</doc>
<msg timestamp="20240826 06:29:19.205" level="INFO">Slept 2 seconds</msg>
<status status="PASS" starttime="20240826 06:29:17.205" endtime="20240826 06:29:19.205"/>
</kw>
<kw name="Caret Position" library="roleprocess">
<arg>wnd[1]/usr/ctxtDY_FILENAME</arg>
<arg>5</arg>
<doc>clicks at the caret position within a label is possible even though it is not visualized as a caret by SAP GUI.
The position of the caret within a text field may be checked by the ABAP application to determine which word the caret is in.</doc>
<status status="PASS" starttime="20240826 06:29:19.205" endtime="20240826 06:29:19.205"/>
</kw>
<kw name="Sleep" library="BuiltIn">
<arg>2</arg>
<doc>Pauses the test executed for the given time.</doc>
<msg timestamp="20240826 06:29:21.207" level="INFO">Slept 2 seconds</msg>
<status status="PASS" starttime="20240826 06:29:19.205" endtime="20240826 06:29:21.207"/>
</kw>
<kw name="Click Element" library="roleprocess">
<arg>wnd[1]/tbar[0]/btn[0]</arg>
<doc>Performs a single click on a given element. Used only for buttons, tabs and menu items.</doc>
<status status="PASS" starttime="20240826 06:29:21.207" endtime="20240826 06:29:24.973"/>
</kw>
<kw name="Sleep" library="BuiltIn">
<arg>2</arg>
<doc>Pauses the test executed for the given time.</doc>
<msg timestamp="20240826 06:29:26.973" level="INFO">Slept 2 seconds</msg>
<status status="PASS" starttime="20240826 06:29:24.973" endtime="20240826 06:29:26.973"/>
</kw>
<kw name="Click Element" library="roleprocess">
<arg>wnd[1]/tbar[0]/btn[0]</arg>
<doc>Performs a single click on a given element. Used only for buttons, tabs and menu items.</doc>
<status status="PASS" starttime="20240826 06:29:26.973" endtime="20240826 06:29:27.741"/>
</kw>
<kw name="Sleep" library="BuiltIn">
<arg>2</arg>
<doc>Pauses the test executed for the given time.</doc>
<msg timestamp="20240826 06:29:29.745" level="INFO">Slept 2 seconds</msg>
<status status="PASS" starttime="20240826 06:29:27.741" endtime="20240826 06:29:29.745"/>
</kw>
<kw name="Click Element" library="roleprocess">
<arg>wnd[0]/tbar[0]/btn[3]</arg>
<doc>Performs a single click on a given element. Used only for buttons, tabs and menu items.</doc>
<status status="PASS" starttime="20240826 06:29:29.745" endtime="20240826 06:29:30.667"/>
</kw>
<kw name="Sleep" library="BuiltIn">
<arg>2</arg>
<doc>Pauses the test executed for the given time.</doc>
<msg timestamp="20240826 06:29:32.670" level="INFO">Slept 2 seconds</msg>
<status status="PASS" starttime="20240826 06:29:30.667" endtime="20240826 06:29:32.670"/>
</kw>
<kw name="Run Transaction" library="roleprocess">
<arg>wnd[0]/tbar[0]/okcd</arg>
<arg>pfcg</arg>
<doc>Runs a Sap transaction. An error is given when an unknown transaction is specified.</doc>
<status status="PASS" starttime="20240826 06:29:32.670" endtime="20240826 06:29:32.670"/>
</kw>
<kw name="Sleep" library="BuiltIn">
<arg>2</arg>
<doc>Pauses the test executed for the given time.</doc>
<msg timestamp="20240826 06:29:34.672" level="INFO">Slept 2 seconds</msg>
<status status="PASS" starttime="20240826 06:29:32.670" endtime="20240826 06:29:34.672"/>
</kw>
<kw name="Send Vkey" library="roleprocess">
<arg>wnd[0]</arg>
<arg>0</arg>
<doc>Sends a SAP virtual key combination to the window, not into an element.
If you want to send a value to a text field, use `input text` instead.</doc>
<status status="PASS" starttime="20240826 06:29:34.672" endtime="20240826 06:29:35.922"/>
</kw>
<kw name="Sleep" library="BuiltIn">
<arg>2</arg>
<doc>Pauses the test executed for the given time.</doc>
<msg timestamp="20240826 06:29:37.935" level="INFO">Slept 2 seconds</msg>
<status status="PASS" starttime="20240826 06:29:35.922" endtime="20240826 06:29:37.935"/>
</kw>
<kw name="Click Element" library="roleprocess">
<arg>wnd[0]/usr/btn%#AUTOTEXT002</arg>
<doc>Performs a single click on a given element. Used only for buttons, tabs and menu items.</doc>
<status status="PASS" starttime="20240826 06:29:37.935" endtime="20240826 06:29:40.278"/>
</kw>
<kw name="Sleep" library="BuiltIn">
<arg>2</arg>
<doc>Pauses the test executed for the given time.</doc>
<msg timestamp="20240826 06:29:42.284" level="INFO">Slept 2 seconds</msg>
<status status="PASS" starttime="20240826 06:29:40.278" endtime="20240826 06:29:42.284"/>
</kw>
<kw name="Click Element" library="roleprocess">
<arg>wnd[0]/usr/tabsTABSTRIP1/tabpTAB5</arg>
<doc>Performs a single click on a given element. Used only for buttons, tabs and menu items.</doc>
<status status="PASS" starttime="20240826 06:29:42.284" endtime="20240826 06:29:43.015"/>
</kw>
<kw name="Sleep" library="BuiltIn">
<arg>2</arg>
<doc>Pauses the test executed for the given time.</doc>
<msg timestamp="20240826 06:29:45.021" level="INFO">Slept 2 seconds</msg>
<status status="PASS" starttime="20240826 06:29:43.015" endtime="20240826 06:29:45.021"/>
</kw>
<kw name="Click Element" library="roleprocess">
<arg>wnd[0]/tbar[0]/btn[3]</arg>
<doc>Performs a single click on a given element. Used only for buttons, tabs and menu items.</doc>
<status status="PASS" starttime="20240826 06:29:45.021" endtime="20240826 06:29:46.005"/>
</kw>
<kw name="Sleep" library="BuiltIn">
<arg>2</arg>
<doc>Pauses the test executed for the given time.</doc>
<msg timestamp="20240826 06:29:48.010" level="INFO">Slept 2 seconds</msg>
<status status="PASS" starttime="20240826 06:29:46.005" endtime="20240826 06:29:48.010"/>
</kw>
<kw name="Click Element" library="roleprocess">
<arg>wnd[0]/tbar[1]/btn[14]</arg>
<doc>Performs a single click on a given element. Used only for buttons, tabs and menu items.</doc>
<status status="PASS" starttime="20240826 06:29:48.010" endtime="20240826 06:29:49.407"/>
</kw>
<kw name="Sleep" library="BuiltIn">
<arg>2</arg>
<doc>Pauses the test executed for the given time.</doc>
<msg timestamp="20240826 06:29:51.414" level="INFO">Slept 2 seconds</msg>
<status status="PASS" starttime="20240826 06:29:49.407" endtime="20240826 06:29:51.414"/>
</kw>
<kw name="Click Element" library="roleprocess">
<arg>wnd[1]/usr/btnBUTTON_1</arg>
<doc>Performs a single click on a given element. Used only for buttons, tabs and menu items.</doc>
<status status="PASS" starttime="20240826 06:29:51.414" endtime="20240826 06:29:51.931"/>
</kw>
<kw name="Sleep" library="BuiltIn">
<arg>2</arg>
<doc>Pauses the test executed for the given time.</doc>
<msg timestamp="20240826 06:29:53.934" level="INFO">Slept 2 seconds</msg>
<status status="PASS" starttime="20240826 06:29:51.931" endtime="20240826 06:29:53.934"/>
</kw>
<kw name="Click Element" library="roleprocess">
<arg>wnd[1]/tbar[0]/btn[0]</arg>
<doc>Performs a single click on a given element. Used only for buttons, tabs and menu items.</doc>
<status status="PASS" starttime="20240826 06:29:53.934" endtime="20240826 06:29:55.434"/>
</kw>
<kw name="Sleep" library="BuiltIn">
<arg>2</arg>
<doc>Pauses the test executed for the given time.</doc>
<msg timestamp="20240826 06:29:57.434" level="INFO">Slept 2 seconds</msg>
<status status="PASS" starttime="20240826 06:29:55.434" endtime="20240826 06:29:57.434"/>
</kw>
<kw name="Run Transaction" library="roleprocess">
<arg>wnd[0]/tbar[0]/okcd</arg>
<arg>/n</arg>
<doc>Runs a Sap transaction. An error is given when an unknown transaction is specified.</doc>
<status status="PASS" starttime="20240826 06:29:57.434" endtime="20240826 06:29:57.434"/>
</kw>
<kw name="Sleep" library="BuiltIn">
<arg>2</arg>
<doc>Pauses the test executed for the given time.</doc>
<msg timestamp="20240826 06:29:59.445" level="INFO">Slept 2 seconds</msg>
<status status="PASS" starttime="20240826 06:29:57.434" endtime="20240826 06:29:59.445"/>
</kw>
<kw name="Send Vkey" library="roleprocess">
<arg>wnd[0]</arg>
<arg>0</arg>
<doc>Sends a SAP virtual key combination to the window, not into an element.
If you want to send a value to a text field, use `input text` instead.</doc>
<status status="PASS" starttime="20240826 06:29:59.445" endtime="20240826 06:29:59.695"/>
</kw>
<kw name="Sleep" library="BuiltIn">
<arg>2</arg>
<doc>Pauses the test executed for the given time.</doc>
<msg timestamp="20240826 06:30:01.695" level="INFO">Slept 2 seconds</msg>
<status status="PASS" starttime="20240826 06:29:59.695" endtime="20240826 06:30:01.695"/>
</kw>
<status status="PASS" starttime="20240826 06:25:01.104" endtime="20240826 06:30:01.695"/>
</kw>
<tag>Regression</tag>
<tag>Roles</tag>
<status status="PASS" starttime="20240826 06:25:01.104" endtime="20240826 06:30:01.695"/>
</test>
<status status="PASS" starttime="20240826 06:24:55.618" endtime="20240826 06:30:01.695"/>
</suite>
<doc>Testing functionality through Robot Framework</doc>
<meta name="environment">Dev</meta>
<meta name="test_browser_name">chrome</meta>
<meta name="test_browser_version">127.0.6533.120</meta>
<meta name="test_driver_version">127.0.6533.72 </meta>
<meta name="test_environment">Dev</meta>
<meta name="test_freeze_dependencies">annotated-types==0.7.0,arrow==1.3.0,astroid==3.2.2,asttokens==2.4.1,attrs==23.2.0,beautifulsoup4==4.12.3,binaryornot==0.4.4,bs4==0.0.2,certifi==2024.6.2,cffi==1.16.0,chardet==5.2.0,charset-normalizer==3.3.2,click==8.1.7,colorama==0.4.6,cookiecutter==2.6.0,cryptography==42.0.7,decorator==5.1.1,defusedxml==0.7.1,dill==0.3.8,docutils==0.21.2,et-xmlfile==1.1.0,exceptiongroup==1.2.1,executing==2.0.1,gitdb==4.0.11,GitPython==3.1.43,grpcio==1.64.1,h11==0.14.0,idna==3.7,ipython==8.25.0,isort==5.13.2,jaraco.classes==3.4.0,jaraco.context==5.3.0,jaraco.functools==4.0.1,jedi==0.19.1,Jinja2==3.1.4,jira==3.8.0,jsonpath-ng==1.6.1,jsonschema==4.22.0,jsonschema-specifications==2023.12.1,keyring==25.2.1,lazy-object-proxy==1.10.0,lxml==5.2.2,markdown-it-py==3.0.0,MarkupSafe==2.1.5,matplotlib-inline==0.1.7,mccabe==0.7.0,mdurl==0.1.2,more-itertools==10.3.0,MouseInfo==0.1.3,natsort==8.4.0,numpy==2.0.0,oauthlib==3.2.2,openpyxl==3.1.5,outcome==1.3.0.post0,packaging==24.0,pandas==2.2.2,parso==0.8.4,pathspec==0.11.2,pillow==10.3.0,pip==24.2,platformdirs==4.2.2,ply==3.11,prompt_toolkit==3.0.47,pure-eval==0.2.2,PyAutoGUI==0.9.54,pycparser==2.22,pydantic==2.7.4,pydantic_core==2.18.4,PyGetWindow==0.0.9,Pygments==2.18.0,pylint==3.2.2,PyMsgBox==1.0.9,PyPDF2==3.0.1,pyperclip==1.9.0,PyRect==0.2.0,PyScreeze==1.0.1,PySocks==1.7.1,python-dateutil==2.9.0.post0,python-dotenv==1.0.1,python-slugify==8.0.4,pytweening==1.2.0,pytz==2024.1,pywin32==306,pywin32-ctypes==0.2.2,PyYAML==6.0.1,redis==5.0.6,referencing==0.35.1,reportlab==4.2.0,requests==2.32.3,requests-oauthlib==2.0.0,requests-toolbelt==1.0.0,RestrictedPython==7.1,rich==13.7.1,rich-click==1.6.1,robotframework==6.0.2,robotframework-datadriver==1.9.0,robotframework-excellib==2.0.1,robotframework-jsonlibrary==0.5,robotframework-pabot==2.16.0,robotframework-pythonlibcore==4.2.0,robotframework-requests==0.9.2,robotframework-sapguilibrary==1.1,robotframework-seleniumlibrary==5.1.3,robotframework-stacktrace==0.4.1,robotframework-tidy==4.5.0,rpds-py==0.18.1,selenium==4.9.1,setuptools==70.0.0,shellingham==1.5.4,six==1.16.0,smmap==5.0.1,sniffio==1.3.1,sortedcontainers==2.4.0,soupsieve==2.5,stack-data==0.6.3,statsd==4.0.1,text-unidecode==1.3,tomli==2.0.1,tomlkit==0.12.5,traitlets==5.14.3,trio==0.25.1,trio-websocket==0.11.1,typer==0.12.3,types-python-dateutil==2.9.0.20240316,typing_extensions==4.12.1,tzdata==2024.1,urllib3==2.2.1,wcwidth==0.2.13,websocket-client==1.8.0,wheel==0.43.0,wrapt==1.16.0,wsproto==1.2.0</meta>
<status status="PASS" starttime="20240826 06:24:52.266" endtime="20240826 06:30:01.773"/>
</suite>
<statistics>
<total>
<stat pass="2" fail="0" skip="0">All Tests</stat>
</total>
<tag>
<stat pass="2" fail="0" skip="0">Regression</stat>
<stat pass="2" fail="0" skip="0">Roles</stat>
</tag>
<suite>
<stat pass="2" fail="0" skip="0" id="s1" name="Tests">Tests</stat>
<stat pass="2" fail="0" skip="0" id="s1-s1" name="Test.Roles">Tests.Test.Roles</stat>
</suite>
</statistics>
<errors>
</errors>
</robot>
