<?xml version="1.0" encoding="UTF-8"?>
<robot generator="Robot 6.0.2 (Python 3.12.1 on win32)" generated="20240325 20:02:26.257" rpa="false" schemaversion="3">
<suite id="s1" name="Tests" source="C:\SAP_Testing\SAPtesting\Tests">
<kw name="Setup highest level suite" type="SETUP">
<kw name="Set Variable" library="BuiltIn">
<var>${d.test_server}</var>
<arg>${test_server}</arg>
<doc>Returns the given values which can then be assigned to a variables.</doc>
<msg timestamp="20240325 20:02:26.925" level="INFO">${d.test_server} = Dev</msg>
<status status="PASS" starttime="20240325 20:02:26.924" endtime="20240325 20:02:26.925"/>
</kw>
<kw name="Reset screenshot count variable" library="Support">
<kw name="Set Variable" library="BuiltIn">
<var>${screenshotCount}</var>
<arg>${PABOTQUEUEINDEX}_1</arg>
<doc>Returns the given values which can then be assigned to a variables.</doc>
<msg timestamp="20240325 20:02:26.926" level="INFO">${screenshotCount} = 0_1</msg>
<status status="PASS" starttime="20240325 20:02:26.926" endtime="20240325 20:02:26.926"/>
</kw>
<kw name="Set Global Variable" library="BuiltIn">
<arg>${screenshotCount}</arg>
<doc>Makes a variable available globally in all tests and suites.</doc>
<msg timestamp="20240325 20:02:26.927" level="INFO">${screenshotCount} = 0_1</msg>
<status status="PASS" starttime="20240325 20:02:26.926" endtime="20240325 20:02:26.927"/>
</kw>
<kw name="Set up screenshot directory" library="Support">
<kw name="Create Directory" library="OperatingSystem">
<arg>${OUTPUTDIR}${/}${wvar('screenshot_dir')}</arg>
<doc>Creates the specified directory.</doc>
<msg timestamp="20240325 20:02:26.928" level="INFO">Web.Dev.screenshot_dir: Screenshot</msg>
<msg timestamp="20240325 20:02:26.929" level="INFO" html="true">Created directory '&lt;a href="file://C:\SAP_Testing\SAPtesting\Output\pabot_results\0\Screenshot"&gt;C:\SAP_Testing\SAPtesting\Output\pabot_results\0\Screenshot&lt;/a&gt;'.</msg>
<status status="PASS" starttime="20240325 20:02:26.927" endtime="20240325 20:02:26.929"/>
</kw>
<status status="PASS" starttime="20240325 20:02:26.927" endtime="20240325 20:02:26.930"/>
</kw>
<status status="PASS" starttime="20240325 20:02:26.925" endtime="20240325 20:02:26.930"/>
</kw>
<kw name="Set Global Variable" library="BuiltIn">
<arg>${screenshot_taking}</arg>
<arg>${True}</arg>
<doc>Makes a variable available globally in all tests and suites.</doc>
<msg timestamp="20240325 20:02:26.930" level="INFO">${screenshot_taking} = True</msg>
<status status="PASS" starttime="20240325 20:02:26.930" endtime="20240325 20:02:26.930"/>
</kw>
<kw name="Setup linux execution" library="Support">
<kw name="Run Keyword And Return Status" library="BuiltIn">
<var>${web_test_check}</var>
<arg>Variable Should Exist</arg>
<arg>${web_test}</arg>
<doc>Runs the given keyword with given arguments and returns the status as a Boolean value.</doc>
<kw name="Variable Should Exist" library="BuiltIn">
<arg>${web_test}</arg>
<doc>Fails unless the given variable exists within the current scope.</doc>
<status status="PASS" starttime="20240325 20:02:26.931" endtime="20240325 20:02:26.931"/>
</kw>
<msg timestamp="20240325 20:02:26.931" level="INFO">${web_test_check} = True</msg>
<status status="PASS" starttime="20240325 20:02:26.931" endtime="20240325 20:02:26.931"/>
</kw>
<kw name="Run Keyword If" library="BuiltIn">
<arg>${web_test_check}</arg>
<arg>Setup Docker Execution Options</arg>
<doc>Runs the given keyword with the given arguments, if ``condition`` is true.</doc>
<kw name="Setup Docker Execution Options" library="Support_Web">
<kw name="Setup Suite Metadata" library="Support_Web">
<arg>${browser}</arg>
<kw name="Get Browser Metadata" library="BrowserSupport">
<var>&amp;{browser_information}</var>
<arg>browser=${browser}</arg>
<doc>Fetches browser metadata information
:param browser: Name of the browser for which information is fetched
:param reload: Re-read the metadata based on the browser
:return: Browser metadata information, dict of format
            {"browser_version": browser version value,
             "driver_version": driver version value}</doc>
<msg timestamp="20240325 20:02:31.730" level="INFO">&amp;{browser_information} = { browser_version=122.0.6261.131 | driver_version=121.0.6167.85  }</msg>
<status status="PASS" starttime="20240325 20:02:26.932" endtime="20240325 20:02:31.730"/>
</kw>
<kw name="Set Suite Metadata" library="BuiltIn">
<arg>test_browser_name</arg>
<arg>${browser}</arg>
<doc>Sets metadata for the current test suite.</doc>
<msg timestamp="20240325 20:02:31.730" level="INFO">Set suite metadata 'test_browser_name' to value 'chrome'.</msg>
<status status="PASS" starttime="20240325 20:02:31.730" endtime="20240325 20:02:31.730"/>
</kw>
<kw name="Set Suite Metadata" library="BuiltIn">
<arg>test_browser_version</arg>
<arg>${browser_information.browser_version}</arg>
<doc>Sets metadata for the current test suite.</doc>
<msg timestamp="20240325 20:02:31.730" level="INFO">Set suite metadata 'test_browser_version' to value '122.0.6261.131'.</msg>
<status status="PASS" starttime="20240325 20:02:31.730" endtime="20240325 20:02:31.730"/>
</kw>
<kw name="Set Suite Metadata" library="BuiltIn">
<arg>test_driver_version</arg>
<arg>${browser_information.driver_version}</arg>
<doc>Sets metadata for the current test suite.</doc>
<msg timestamp="20240325 20:02:31.730" level="INFO">Set suite metadata 'test_driver_version' to value '121.0.6167.85 '.</msg>
<status status="PASS" starttime="20240325 20:02:31.730" endtime="20240325 20:02:31.730"/>
</kw>
<status status="PASS" starttime="20240325 20:02:26.932" endtime="20240325 20:02:31.730"/>
</kw>
<kw name="Setup Global Docker Execution Options" library="Support_Web">
<kw name="Set Global Variable" library="BuiltIn">
<arg>${global_browser_options}</arg>
<arg>None</arg>
<doc>Makes a variable available globally in all tests and suites.</doc>
<msg timestamp="20240325 20:02:31.730" level="INFO">${global_browser_options} = None</msg>
<status status="PASS" starttime="20240325 20:02:31.730" endtime="20240325 20:02:31.730"/>
</kw>
<kw name="Get Environment Variable" library="OperatingSystem">
<var>${docker_check}</var>
<arg>EXECUTION_ENVIRONMENT</arg>
<arg>not_found</arg>
<doc>Returns the value of an environment variable with the given name.</doc>
<msg timestamp="20240325 20:02:31.730" level="INFO">${docker_check} = not_found</msg>
<status status="PASS" starttime="20240325 20:02:31.730" endtime="20240325 20:02:31.730"/>
</kw>
<kw name="Run Keyword And Return If" library="BuiltIn">
<arg>"${docker_check}"!="docker"</arg>
<arg>Log</arg>
<arg>Not executing on Docker</arg>
<doc>Runs the specified keyword and returns from the enclosing user keyword.</doc>
<kw name="Log" library="BuiltIn">
<arg>Not executing on Docker</arg>
<doc>Logs the given message with the given level.</doc>
<msg timestamp="20240325 20:02:31.730" level="INFO">Not executing on Docker</msg>
<status status="PASS" starttime="20240325 20:02:31.730" endtime="20240325 20:02:31.730"/>
</kw>
<msg timestamp="20240325 20:02:31.730" level="INFO">Returning from the enclosing user keyword.</msg>
<status status="PASS" starttime="20240325 20:02:31.730" endtime="20240325 20:02:31.730"/>
</kw>
<kw name="Create List" library="BuiltIn">
<var>@{options}</var>
<arg>--headless</arg>
<arg>--no-sandbox</arg>
<arg>--disable-dev-shm-usage</arg>
<doc>Returns a list containing given items.</doc>
<status status="NOT RUN" starttime="20240325 20:02:31.730" endtime="20240325 20:02:31.730"/>
</kw>
<kw name="Set Global Variable" library="BuiltIn">
<arg>@{docker_options}</arg>
<arg>@{options}</arg>
<doc>Makes a variable available globally in all tests and suites.</doc>
<status status="NOT RUN" starttime="20240325 20:02:31.730" endtime="20240325 20:02:31.730"/>
</kw>
<status status="PASS" starttime="20240325 20:02:31.730" endtime="20240325 20:02:31.730"/>
</kw>
<kw name="Create Webdriver for chrome preferences" library="Support_Web">
<kw name="Update Docker Execution Options" library="Support_Web">
<var>${list_prefs}</var>
<arg>${list_prefs}</arg>
<kw name="Run Keyword And Return Status" library="BuiltIn">
<var>${docker_check}</var>
<arg>Variable Should Exist</arg>
<arg>${docker_options}</arg>
<doc>Runs the given keyword with given arguments and returns the status as a Boolean value.</doc>
<kw name="Variable Should Exist" library="BuiltIn">
<arg>${docker_options}</arg>
<doc>Fails unless the given variable exists within the current scope.</doc>
<msg timestamp="20240325 20:02:31.730" level="FAIL">Variable '${docker_options}' does not exist.</msg>
<status status="FAIL" starttime="20240325 20:02:31.730" endtime="20240325 20:02:31.730"/>
</kw>
<msg timestamp="20240325 20:02:31.730" level="INFO">${docker_check} = False</msg>
<status status="PASS" starttime="20240325 20:02:31.730" endtime="20240325 20:02:31.730"/>
</kw>
<kw name="Get Length" library="BuiltIn">
<var>${list_prefs_length}</var>
<arg>${list_prefs}</arg>
<doc>Returns and logs the length of the given item as an integer.</doc>
<msg timestamp="20240325 20:02:31.730" level="INFO">Length is 1</msg>
<msg timestamp="20240325 20:02:31.730" level="INFO">${list_prefs_length} = 1</msg>
<status status="PASS" starttime="20240325 20:02:31.730" endtime="20240325 20:02:31.730"/>
</kw>
<kw name="Run Keyword If" library="BuiltIn">
<var>${list_prefs}</var>
<arg>${docker_check} and ${list_prefs_length}&gt;0 and ${list_prefs}[0] != []</arg>
<arg>Combine Lists</arg>
<arg>${list_prefs}</arg>
<arg>${docker_options}</arg>
<arg>ELSE IF</arg>
<arg>${docker_check}</arg>
<arg>Set Variable</arg>
<arg>${docker_options}</arg>
<arg>ELSE</arg>
<arg>Set Variable</arg>
<arg>${list_prefs}</arg>
<doc>Runs the given keyword with the given arguments, if ``condition`` is true.</doc>
<kw name="Set Variable" library="BuiltIn">
<arg>${list_prefs}</arg>
<doc>Returns the given values which can then be assigned to a variables.</doc>
<status status="PASS" starttime="20240325 20:02:31.730" endtime="20240325 20:02:31.730"/>
</kw>
<msg timestamp="20240325 20:02:31.730" level="INFO">${list_prefs} = [[]]</msg>
<status status="PASS" starttime="20240325 20:02:31.730" endtime="20240325 20:02:31.730"/>
</kw>
<msg timestamp="20240325 20:02:31.730" level="INFO">${list_prefs} = [[]]</msg>
<status status="PASS" starttime="20240325 20:02:31.730" endtime="20240325 20:02:31.730"/>
</kw>
<kw name="Create Chrome Options for download preferences" library="Support_Web">
<var>${chrome_options}</var>
<kw name="Evaluate" library="BuiltIn">
<var>${chrome_options}</var>
<arg>sys.modules['selenium.webdriver'].ChromeOptions()</arg>
<arg>sys</arg>
<doc>Evaluates the given expression in Python and returns the result.</doc>
<msg timestamp="20240325 20:02:31.730" level="INFO">${chrome_options} = &lt;selenium.webdriver.chrome.options.Options object at 0x00000148A475E870&gt;</msg>
<status status="PASS" starttime="20240325 20:02:31.730" endtime="20240325 20:02:31.730"/>
</kw>
<msg timestamp="20240325 20:02:31.730" level="INFO">${chrome_options} = &lt;selenium.webdriver.chrome.options.Options object at 0x00000148A475E870&gt;</msg>
<status status="PASS" starttime="20240325 20:02:31.730" endtime="20240325 20:02:31.730"/>
</kw>
<kw name="Update Preferences List" library="Support_Web">
<arg>${chrome_options}</arg>
<arg>@{list_prefs}</arg>
<kw name="Convert To String" library="BuiltIn">
<var>${string_prefs}</var>
<arg>${list_prefs}</arg>
<doc>Converts the given item to a Unicode string.</doc>
<msg timestamp="20240325 20:02:31.730" level="INFO">${string_prefs} = [[]]</msg>
<status status="PASS" starttime="20240325 20:02:31.730" endtime="20240325 20:02:31.730"/>
</kw>
<kw name="Return From Keyword If" library="BuiltIn">
<arg>${string_prefs} == [[]]</arg>
<doc>Returns from the enclosing user keyword if ``condition`` is true.</doc>
<msg timestamp="20240325 20:02:31.730" level="INFO">Returning from the enclosing user keyword.</msg>
<status status="PASS" starttime="20240325 20:02:31.730" endtime="20240325 20:02:31.730"/>
</kw>
<for flavor="IN">
<var>${preference}</var>
<value>@{list_prefs}</value>
<iter>
<var name="${preference}"/>
<kw name="Call Method" library="BuiltIn">
<arg>${chrome_options}</arg>
<arg>add_argument</arg>
<arg>${preference}</arg>
<doc>Calls the named method of the given object with the provided arguments.</doc>
<status status="NOT RUN" starttime="20240325 20:02:31.730" endtime="20240325 20:02:31.730"/>
</kw>
<status status="NOT RUN" starttime="20240325 20:02:31.730" endtime="20240325 20:02:31.730"/>
</iter>
<status status="NOT RUN" starttime="20240325 20:02:31.730" endtime="20240325 20:02:31.730"/>
</for>
<status status="PASS" starttime="20240325 20:02:31.730" endtime="20240325 20:02:31.730"/>
</kw>
<kw name="Call Method" library="BuiltIn">
<arg>${chrome_options}</arg>
<arg>add_experimental_option</arg>
<arg>prefs</arg>
<arg>${kw_prefs}</arg>
<doc>Calls the named method of the given object with the provided arguments.</doc>
<status status="PASS" starttime="20240325 20:02:31.730" endtime="20240325 20:02:31.730"/>
</kw>
<kw name="Set Global Variable" library="BuiltIn">
<arg>${global_browser_options}</arg>
<arg>${chrome options}</arg>
<doc>Makes a variable available globally in all tests and suites.</doc>
<msg timestamp="20240325 20:02:31.730" level="INFO">${global_browser_options} = &lt;selenium.webdriver.chrome.options.Options object at 0x00000148A475E870&gt;</msg>
<status status="PASS" starttime="20240325 20:02:31.730" endtime="20240325 20:02:31.730"/>
</kw>
<status status="PASS" starttime="20240325 20:02:31.730" endtime="20240325 20:02:31.730"/>
</kw>
<status status="PASS" starttime="20240325 20:02:26.932" endtime="20240325 20:02:31.730"/>
</kw>
<status status="PASS" starttime="20240325 20:02:26.931" endtime="20240325 20:02:31.730"/>
</kw>
<status status="PASS" starttime="20240325 20:02:26.930" endtime="20240325 20:02:31.730"/>
</kw>
<kw name="Set Suite Metadata" library="BuiltIn">
<arg>environment</arg>
<arg>${test_server}</arg>
<doc>Sets metadata for the current test suite.</doc>
<msg timestamp="20240325 20:02:31.730" level="INFO">Set suite metadata 'environment' to value 'Dev'.</msg>
<status status="PASS" starttime="20240325 20:02:31.730" endtime="20240325 20:02:31.730"/>
</kw>
<status status="PASS" starttime="20240325 20:02:26.924" endtime="20240325 20:02:31.730"/>
</kw>
<suite id="s1-s1" name="Test SCC4 REFRESH" source="C:\SAP_Testing\SAPtesting\Tests\Test_SCC4_REFRESH.robot">
<kw name="System Logon" library="SCC4_REFRESH" type="SETUP">
<kw name="Start Process" library="Process">
<arg>${symvar('SAP_SERVER')}</arg>
<doc>Starts a new process on background.</doc>
<msg timestamp="20240325 20:02:31.745" level="INFO">Sym.Dev.SAP_SERVER: C:\Program Files\SAP\FrontEnd\SAPGUI\saplogon.exe</msg>
<msg timestamp="20240325 20:02:31.745" level="INFO">Starting process:
"C:\Program Files\SAP\FrontEnd\SAPGUI\saplogon.exe"</msg>
<status status="PASS" starttime="20240325 20:02:31.745" endtime="20240325 20:02:31.745"/>
</kw>
<kw name="Sleep" library="BuiltIn">
<arg>10s</arg>
<doc>Pauses the test executed for the given time.</doc>
<msg timestamp="20240325 20:02:41.746" level="INFO">Slept 10 seconds</msg>
<status status="PASS" starttime="20240325 20:02:31.745" endtime="20240325 20:02:41.746"/>
</kw>
<kw name="Connect To Session" library="SAP_Tcode_Library">
<doc>Connects to an open session SAP.</doc>
<status status="PASS" starttime="20240325 20:02:41.746" endtime="20240325 20:02:41.762"/>
</kw>
<kw name="Open Connection" library="SAP_Tcode_Library">
<arg>${symvar('SAP_connection')}</arg>
<doc>Opens a connection to the given connection name. Be sure to provide the full connection name, including the bracket part.</doc>
<msg timestamp="20240325 20:02:41.762" level="INFO">Sym.Dev.SAP_connection: BIS</msg>
<status status="PASS" starttime="20240325 20:02:41.762" endtime="20240325 20:02:43.774"/>
</kw>
<kw name="Input Text" library="SAP_Tcode_Library">
<arg>wnd[0]/usr/txtRSYST-MANDT</arg>
<arg>${symvar('Client_Id')}</arg>
<doc>Inserts the given text into the text field identified by locator.
Use keyword `input password` to insert a password in a text field.</doc>
<msg timestamp="20240325 20:02:43.775" level="INFO">Sym.Dev.Client_Id: 001</msg>
<msg timestamp="20240325 20:02:43.795" level="INFO">Typing text '001' into text field 'wnd[0]/usr/txtRSYST-MANDT'.</msg>
<status status="PASS" starttime="20240325 20:02:43.774" endtime="20240325 20:02:43.796"/>
</kw>
<kw name="Input Text" library="SAP_Tcode_Library">
<arg>wnd[0]/usr/txtRSYST-BNAME</arg>
<arg>${symvar('User_Name')}</arg>
<doc>Inserts the given text into the text field identified by locator.
Use keyword `input password` to insert a password in a text field.</doc>
<msg timestamp="20240325 20:02:43.798" level="INFO">Sym.Dev.User_Name: SELENIUM</msg>
<msg timestamp="20240325 20:02:43.813" level="INFO">Typing text 'SELENIUM' into text field 'wnd[0]/usr/txtRSYST-BNAME'.</msg>
<status status="PASS" starttime="20240325 20:02:43.797" endtime="20240325 20:02:43.813"/>
</kw>
<kw name="Input Password" library="SAP_Tcode_Library">
<arg>wnd[0]/usr/pwdRSYST-BCODE</arg>
<arg>%{SAP_PASSWORD}</arg>
<doc>Inserts the given password into the text field identified by locator.
The password is not recorded in the log.</doc>
<msg timestamp="20240325 20:02:43.820" level="INFO">Typing password into text field 'wnd[0]/usr/pwdRSYST-BCODE'.</msg>
<status status="PASS" starttime="20240325 20:02:43.813" endtime="20240325 20:02:43.820"/>
</kw>
<kw name="Send Vkey" library="SAP_Tcode_Library">
<arg>0</arg>
<doc>Sends a SAP virtual key combination to the window, not into an element.
If you want to send a value to a text field, use `input text` instead.</doc>
<status status="PASS" starttime="20240325 20:02:43.820" endtime="20240325 20:02:44.263"/>
</kw>
<kw name="Take Screenshot" library="SAP_Tcode_Library">
<arg>00a_loginpage.jpg</arg>
<doc>Takes a screenshot, only if 'screenshots on error' has been enabled,
either at import of with keyword `enable screenshots on error`.</doc>
<msg timestamp="20240325 20:02:44.360" level="INFO" html="true">&lt;a href="00a_loginpage.jpg"&gt;&lt;img src="00a_loginpage.jpg" width="800px"&gt;&lt;/a&gt;</msg>
<status status="PASS" starttime="20240325 20:02:44.263" endtime="20240325 20:02:44.360"/>
</kw>
<kw name="Multiple Logon Handling" library="SAP_Tcode_Library">
<arg>wnd[1]</arg>
<arg>wnd[1]/usr/radMULTI_LOGON_OPT2</arg>
<arg>wnd[1]/tbar[0]/btn[0]</arg>
<msg timestamp="20240325 20:02:45.063" level="INFO">Multiple logon exists</msg>
<status status="PASS" starttime="20240325 20:02:44.360" endtime="20240325 20:02:45.063"/>
</kw>
<kw name="Sleep" library="BuiltIn">
<arg>1</arg>
<doc>Pauses the test executed for the given time.</doc>
<msg timestamp="20240325 20:02:46.068" level="INFO">Slept 1 second</msg>
<status status="PASS" starttime="20240325 20:02:45.063" endtime="20240325 20:02:46.068"/>
</kw>
<kw name="Take Screenshot" library="SAP_Tcode_Library">
<arg>00_multi_logon_handling.jpg</arg>
<doc>Takes a screenshot, only if 'screenshots on error' has been enabled,
either at import of with keyword `enable screenshots on error`.</doc>
<msg timestamp="20240325 20:02:46.119" level="INFO" html="true">&lt;a href="00_multi_logon_handling.jpg"&gt;&lt;img src="00_multi_logon_handling.jpg" width="800px"&gt;&lt;/a&gt;</msg>
<status status="PASS" starttime="20240325 20:02:46.068" endtime="20240325 20:02:46.119"/>
</kw>
<status status="PASS" starttime="20240325 20:02:31.745" endtime="20240325 20:02:46.119"/>
</kw>
<test id="s1-s1-t1" name="SCC4_T_CODE" line="9">
<kw name="SCC4_T_CODE" library="SCC4_REFRESH">
<kw name="Run Transaction" library="SAP_Tcode_Library">
<arg>/nSCC4</arg>
<doc>Runs a Sap transaction. An error is given when an unknown transaction is specified.</doc>
<status status="PASS" starttime="20240325 20:02:46.119" endtime="20240325 20:02:48.098"/>
</kw>
<kw name="Sleep" library="BuiltIn">
<arg>2</arg>
<doc>Pauses the test executed for the given time.</doc>
<msg timestamp="20240325 20:02:50.098" level="INFO">Slept 2 seconds</msg>
<status status="PASS" starttime="20240325 20:02:48.098" endtime="20240325 20:02:50.098"/>
</kw>
<for flavor="IN RANGE">
<var>${index}</var>
<value>1000</value>
<iter>
<var name="${index}">0</var>
<kw name="Set Variable" library="BuiltIn">
<var>${current_screenshot}</var>
<arg>SCC4${index + 1}.jpg</arg>
<doc>Returns the given values which can then be assigned to a variables.</doc>
<msg timestamp="20240325 20:02:50.098" level="INFO">${current_screenshot} = SCC41.jpg</msg>
<status status="PASS" starttime="20240325 20:02:50.098" endtime="20240325 20:02:50.098"/>
</kw>
<kw name="Run Keyword And Return Status" library="BuiltIn">
<var>${focus}</var>
<arg>Set Focus</arg>
<arg>wnd[0]/usr/tblSAPL0SZZTCTRL_T000/txtT000-MANDT[0,${index}]</arg>
<doc>Runs the given keyword with given arguments and returns the status as a Boolean value.</doc>
<kw name="Set Focus" library="SAP_Tcode_Library">
<arg>wnd[0]/usr/tblSAPL0SZZTCTRL_T000/txtT000-MANDT[0,${index}]</arg>
<doc>Sets the focus to the given element.</doc>
<status status="PASS" starttime="20240325 20:02:50.098" endtime="20240325 20:02:50.098"/>
</kw>
<msg timestamp="20240325 20:02:50.098" level="INFO">${focus} = True</msg>
<status status="PASS" starttime="20240325 20:02:50.098" endtime="20240325 20:02:50.098"/>
</kw>
<kw name="Run Keyword If" library="BuiltIn">
<arg>not ${focus}</arg>
<arg>Exit For Loop</arg>
<doc>Runs the given keyword with the given arguments, if ``condition`` is true.</doc>
<status status="PASS" starttime="20240325 20:02:50.098" endtime="20240325 20:02:50.098"/>
</kw>
<kw name="Sleep" library="BuiltIn">
<arg>1</arg>
<doc>Pauses the test executed for the given time.</doc>
<msg timestamp="20240325 20:02:51.099" level="INFO">Slept 1 second</msg>
<status status="PASS" starttime="20240325 20:02:50.098" endtime="20240325 20:02:51.099"/>
</kw>
<kw name="Run Keyword And Return Status" library="BuiltIn">
<var>${double_click_status}</var>
<arg>Send Vkey</arg>
<arg>vkey_id=2</arg>
<arg>window=0</arg>
<doc>Runs the given keyword with given arguments and returns the status as a Boolean value.</doc>
<kw name="Send Vkey" library="SAP_Tcode_Library">
<arg>vkey_id=2</arg>
<arg>window=0</arg>
<doc>Sends a SAP virtual key combination to the window, not into an element.
If you want to send a value to a text field, use `input text` instead.</doc>
<status status="PASS" starttime="20240325 20:02:51.099" endtime="20240325 20:02:51.778"/>
</kw>
<msg timestamp="20240325 20:02:51.778" level="INFO">${double_click_status} = True</msg>
<status status="PASS" starttime="20240325 20:02:51.099" endtime="20240325 20:02:51.778"/>
</kw>
<kw name="Run Keyword If" library="BuiltIn">
<arg>not ${double_click_status}</arg>
<arg>Exit For Loop</arg>
<doc>Runs the given keyword with the given arguments, if ``condition`` is true.</doc>
<status status="PASS" starttime="20240325 20:02:51.778" endtime="20240325 20:02:51.778"/>
</kw>
<kw name="Sleep" library="BuiltIn">
<arg>1</arg>
<doc>Pauses the test executed for the given time.</doc>
<msg timestamp="20240325 20:02:52.778" level="INFO">Slept 1 second</msg>
<status status="PASS" starttime="20240325 20:02:51.778" endtime="20240325 20:02:52.778"/>
</kw>
<kw name="Take Screenshot" library="SAP_Tcode_Library">
<var>${Screen_shot}</var>
<arg>${current_screenshot}</arg>
<doc>Takes a screenshot, only if 'screenshots on error' has been enabled,
either at import of with keyword `enable screenshots on error`.</doc>
<msg timestamp="20240325 20:02:52.821" level="INFO" html="true">&lt;a href="SCC41.jpg"&gt;&lt;img src="SCC41.jpg" width="800px"&gt;&lt;/a&gt;</msg>
<msg timestamp="20240325 20:02:52.821" level="INFO">${Screen_shot} = None</msg>
<status status="PASS" starttime="20240325 20:02:52.778" endtime="20240325 20:02:52.821"/>
</kw>
<kw name="Click Element" library="SAP_Tcode_Library">
<arg>wnd[0]/tbar[0]/btn[3]</arg>
<doc>Performs a single click on a given element. Used only for buttons, tabs and menu items.</doc>
<status status="PASS" starttime="20240325 20:02:52.821" endtime="20240325 20:02:53.086"/>
</kw>
<status status="PASS" starttime="20240325 20:02:50.098" endtime="20240325 20:02:53.086"/>
</iter>
<iter>
<var name="${index}">1</var>
<kw name="Set Variable" library="BuiltIn">
<var>${current_screenshot}</var>
<arg>SCC4${index + 1}.jpg</arg>
<doc>Returns the given values which can then be assigned to a variables.</doc>
<msg timestamp="20240325 20:02:53.086" level="INFO">${current_screenshot} = SCC42.jpg</msg>
<status status="PASS" starttime="20240325 20:02:53.086" endtime="20240325 20:02:53.086"/>
</kw>
<kw name="Run Keyword And Return Status" library="BuiltIn">
<var>${focus}</var>
<arg>Set Focus</arg>
<arg>wnd[0]/usr/tblSAPL0SZZTCTRL_T000/txtT000-MANDT[0,${index}]</arg>
<doc>Runs the given keyword with given arguments and returns the status as a Boolean value.</doc>
<kw name="Set Focus" library="SAP_Tcode_Library">
<arg>wnd[0]/usr/tblSAPL0SZZTCTRL_T000/txtT000-MANDT[0,${index}]</arg>
<doc>Sets the focus to the given element.</doc>
<status status="PASS" starttime="20240325 20:02:53.086" endtime="20240325 20:02:53.138"/>
</kw>
<msg timestamp="20240325 20:02:53.138" level="INFO">${focus} = True</msg>
<status status="PASS" starttime="20240325 20:02:53.086" endtime="20240325 20:02:53.138"/>
</kw>
<kw name="Run Keyword If" library="BuiltIn">
<arg>not ${focus}</arg>
<arg>Exit For Loop</arg>
<doc>Runs the given keyword with the given arguments, if ``condition`` is true.</doc>
<status status="PASS" starttime="20240325 20:02:53.138" endtime="20240325 20:02:53.138"/>
</kw>
<kw name="Sleep" library="BuiltIn">
<arg>1</arg>
<doc>Pauses the test executed for the given time.</doc>
<msg timestamp="20240325 20:02:54.139" level="INFO">Slept 1 second</msg>
<status status="PASS" starttime="20240325 20:02:53.138" endtime="20240325 20:02:54.139"/>
</kw>
<kw name="Run Keyword And Return Status" library="BuiltIn">
<var>${double_click_status}</var>
<arg>Send Vkey</arg>
<arg>vkey_id=2</arg>
<arg>window=0</arg>
<doc>Runs the given keyword with given arguments and returns the status as a Boolean value.</doc>
<kw name="Send Vkey" library="SAP_Tcode_Library">
<arg>vkey_id=2</arg>
<arg>window=0</arg>
<doc>Sends a SAP virtual key combination to the window, not into an element.
If you want to send a value to a text field, use `input text` instead.</doc>
<status status="PASS" starttime="20240325 20:02:54.139" endtime="20240325 20:02:54.393"/>
</kw>
<msg timestamp="20240325 20:02:54.393" level="INFO">${double_click_status} = True</msg>
<status status="PASS" starttime="20240325 20:02:54.139" endtime="20240325 20:02:54.393"/>
</kw>
<kw name="Run Keyword If" library="BuiltIn">
<arg>not ${double_click_status}</arg>
<arg>Exit For Loop</arg>
<doc>Runs the given keyword with the given arguments, if ``condition`` is true.</doc>
<status status="PASS" starttime="20240325 20:02:54.393" endtime="20240325 20:02:54.393"/>
</kw>
<kw name="Sleep" library="BuiltIn">
<arg>1</arg>
<doc>Pauses the test executed for the given time.</doc>
<msg timestamp="20240325 20:02:55.393" level="INFO">Slept 1 second</msg>
<status status="PASS" starttime="20240325 20:02:54.393" endtime="20240325 20:02:55.393"/>
</kw>
<kw name="Take Screenshot" library="SAP_Tcode_Library">
<var>${Screen_shot}</var>
<arg>${current_screenshot}</arg>
<doc>Takes a screenshot, only if 'screenshots on error' has been enabled,
either at import of with keyword `enable screenshots on error`.</doc>
<msg timestamp="20240325 20:02:55.423" level="INFO" html="true">&lt;a href="SCC42.jpg"&gt;&lt;img src="SCC42.jpg" width="800px"&gt;&lt;/a&gt;</msg>
<msg timestamp="20240325 20:02:55.423" level="INFO">${Screen_shot} = None</msg>
<status status="PASS" starttime="20240325 20:02:55.393" endtime="20240325 20:02:55.423"/>
</kw>
<kw name="Click Element" library="SAP_Tcode_Library">
<arg>wnd[0]/tbar[0]/btn[3]</arg>
<doc>Performs a single click on a given element. Used only for buttons, tabs and menu items.</doc>
<status status="PASS" starttime="20240325 20:02:55.423" endtime="20240325 20:02:55.686"/>
</kw>
<status status="PASS" starttime="20240325 20:02:53.086" endtime="20240325 20:02:55.686"/>
</iter>
<iter>
<var name="${index}">2</var>
<kw name="Set Variable" library="BuiltIn">
<var>${current_screenshot}</var>
<arg>SCC4${index + 1}.jpg</arg>
<doc>Returns the given values which can then be assigned to a variables.</doc>
<msg timestamp="20240325 20:02:55.704" level="INFO">${current_screenshot} = SCC43.jpg</msg>
<status status="PASS" starttime="20240325 20:02:55.686" endtime="20240325 20:02:55.704"/>
</kw>
<kw name="Run Keyword And Return Status" library="BuiltIn">
<var>${focus}</var>
<arg>Set Focus</arg>
<arg>wnd[0]/usr/tblSAPL0SZZTCTRL_T000/txtT000-MANDT[0,${index}]</arg>
<doc>Runs the given keyword with given arguments and returns the status as a Boolean value.</doc>
<kw name="Set Focus" library="SAP_Tcode_Library">
<arg>wnd[0]/usr/tblSAPL0SZZTCTRL_T000/txtT000-MANDT[0,${index}]</arg>
<doc>Sets the focus to the given element.</doc>
<status status="PASS" starttime="20240325 20:02:55.704" endtime="20240325 20:02:55.756"/>
</kw>
<msg timestamp="20240325 20:02:55.756" level="INFO">${focus} = True</msg>
<status status="PASS" starttime="20240325 20:02:55.704" endtime="20240325 20:02:55.756"/>
</kw>
<kw name="Run Keyword If" library="BuiltIn">
<arg>not ${focus}</arg>
<arg>Exit For Loop</arg>
<doc>Runs the given keyword with the given arguments, if ``condition`` is true.</doc>
<status status="PASS" starttime="20240325 20:02:55.756" endtime="20240325 20:02:55.756"/>
</kw>
<kw name="Sleep" library="BuiltIn">
<arg>1</arg>
<doc>Pauses the test executed for the given time.</doc>
<msg timestamp="20240325 20:02:56.756" level="INFO">Slept 1 second</msg>
<status status="PASS" starttime="20240325 20:02:55.756" endtime="20240325 20:02:56.756"/>
</kw>
<kw name="Run Keyword And Return Status" library="BuiltIn">
<var>${double_click_status}</var>
<arg>Send Vkey</arg>
<arg>vkey_id=2</arg>
<arg>window=0</arg>
<doc>Runs the given keyword with given arguments and returns the status as a Boolean value.</doc>
<kw name="Send Vkey" library="SAP_Tcode_Library">
<arg>vkey_id=2</arg>
<arg>window=0</arg>
<doc>Sends a SAP virtual key combination to the window, not into an element.
If you want to send a value to a text field, use `input text` instead.</doc>
<status status="PASS" starttime="20240325 20:02:56.756" endtime="20240325 20:02:57.001"/>
</kw>
<msg timestamp="20240325 20:02:57.001" level="INFO">${double_click_status} = True</msg>
<status status="PASS" starttime="20240325 20:02:56.756" endtime="20240325 20:02:57.001"/>
</kw>
<kw name="Run Keyword If" library="BuiltIn">
<arg>not ${double_click_status}</arg>
<arg>Exit For Loop</arg>
<doc>Runs the given keyword with the given arguments, if ``condition`` is true.</doc>
<status status="PASS" starttime="20240325 20:02:57.001" endtime="20240325 20:02:57.001"/>
</kw>
<kw name="Sleep" library="BuiltIn">
<arg>1</arg>
<doc>Pauses the test executed for the given time.</doc>
<msg timestamp="20240325 20:02:58.001" level="INFO">Slept 1 second</msg>
<status status="PASS" starttime="20240325 20:02:57.001" endtime="20240325 20:02:58.001"/>
</kw>
<kw name="Take Screenshot" library="SAP_Tcode_Library">
<var>${Screen_shot}</var>
<arg>${current_screenshot}</arg>
<doc>Takes a screenshot, only if 'screenshots on error' has been enabled,
either at import of with keyword `enable screenshots on error`.</doc>
<msg timestamp="20240325 20:02:58.062" level="INFO" html="true">&lt;a href="SCC43.jpg"&gt;&lt;img src="SCC43.jpg" width="800px"&gt;&lt;/a&gt;</msg>
<msg timestamp="20240325 20:02:58.062" level="INFO">${Screen_shot} = None</msg>
<status status="PASS" starttime="20240325 20:02:58.001" endtime="20240325 20:02:58.062"/>
</kw>
<kw name="Click Element" library="SAP_Tcode_Library">
<arg>wnd[0]/tbar[0]/btn[3]</arg>
<doc>Performs a single click on a given element. Used only for buttons, tabs and menu items.</doc>
<status status="PASS" starttime="20240325 20:02:58.062" endtime="20240325 20:02:58.323"/>
</kw>
<status status="PASS" starttime="20240325 20:02:55.686" endtime="20240325 20:02:58.323"/>
</iter>
<iter>
<var name="${index}">3</var>
<kw name="Set Variable" library="BuiltIn">
<var>${current_screenshot}</var>
<arg>SCC4${index + 1}.jpg</arg>
<doc>Returns the given values which can then be assigned to a variables.</doc>
<msg timestamp="20240325 20:02:58.339" level="INFO">${current_screenshot} = SCC44.jpg</msg>
<status status="PASS" starttime="20240325 20:02:58.323" endtime="20240325 20:02:58.339"/>
</kw>
<kw name="Run Keyword And Return Status" library="BuiltIn">
<var>${focus}</var>
<arg>Set Focus</arg>
<arg>wnd[0]/usr/tblSAPL0SZZTCTRL_T000/txtT000-MANDT[0,${index}]</arg>
<doc>Runs the given keyword with given arguments and returns the status as a Boolean value.</doc>
<kw name="Set Focus" library="SAP_Tcode_Library">
<arg>wnd[0]/usr/tblSAPL0SZZTCTRL_T000/txtT000-MANDT[0,${index}]</arg>
<doc>Sets the focus to the given element.</doc>
<status status="PASS" starttime="20240325 20:02:58.339" endtime="20240325 20:02:58.379"/>
</kw>
<msg timestamp="20240325 20:02:58.379" level="INFO">${focus} = True</msg>
<status status="PASS" starttime="20240325 20:02:58.339" endtime="20240325 20:02:58.379"/>
</kw>
<kw name="Run Keyword If" library="BuiltIn">
<arg>not ${focus}</arg>
<arg>Exit For Loop</arg>
<doc>Runs the given keyword with the given arguments, if ``condition`` is true.</doc>
<status status="PASS" starttime="20240325 20:02:58.379" endtime="20240325 20:02:58.379"/>
</kw>
<kw name="Sleep" library="BuiltIn">
<arg>1</arg>
<doc>Pauses the test executed for the given time.</doc>
<msg timestamp="20240325 20:02:59.379" level="INFO">Slept 1 second</msg>
<status status="PASS" starttime="20240325 20:02:58.379" endtime="20240325 20:02:59.379"/>
</kw>
<kw name="Run Keyword And Return Status" library="BuiltIn">
<var>${double_click_status}</var>
<arg>Send Vkey</arg>
<arg>vkey_id=2</arg>
<arg>window=0</arg>
<doc>Runs the given keyword with given arguments and returns the status as a Boolean value.</doc>
<kw name="Send Vkey" library="SAP_Tcode_Library">
<arg>vkey_id=2</arg>
<arg>window=0</arg>
<doc>Sends a SAP virtual key combination to the window, not into an element.
If you want to send a value to a text field, use `input text` instead.</doc>
<status status="PASS" starttime="20240325 20:02:59.379" endtime="20240325 20:02:59.630"/>
</kw>
<msg timestamp="20240325 20:02:59.630" level="INFO">${double_click_status} = True</msg>
<status status="PASS" starttime="20240325 20:02:59.379" endtime="20240325 20:02:59.630"/>
</kw>
<kw name="Run Keyword If" library="BuiltIn">
<arg>not ${double_click_status}</arg>
<arg>Exit For Loop</arg>
<doc>Runs the given keyword with the given arguments, if ``condition`` is true.</doc>
<status status="PASS" starttime="20240325 20:02:59.630" endtime="20240325 20:02:59.630"/>
</kw>
<kw name="Sleep" library="BuiltIn">
<arg>1</arg>
<doc>Pauses the test executed for the given time.</doc>
<msg timestamp="20240325 20:03:00.630" level="INFO">Slept 1 second</msg>
<status status="PASS" starttime="20240325 20:02:59.630" endtime="20240325 20:03:00.630"/>
</kw>
<kw name="Take Screenshot" library="SAP_Tcode_Library">
<var>${Screen_shot}</var>
<arg>${current_screenshot}</arg>
<doc>Takes a screenshot, only if 'screenshots on error' has been enabled,
either at import of with keyword `enable screenshots on error`.</doc>
<msg timestamp="20240325 20:03:00.690" level="INFO" html="true">&lt;a href="SCC44.jpg"&gt;&lt;img src="SCC44.jpg" width="800px"&gt;&lt;/a&gt;</msg>
<msg timestamp="20240325 20:03:00.690" level="INFO">${Screen_shot} = None</msg>
<status status="PASS" starttime="20240325 20:03:00.630" endtime="20240325 20:03:00.690"/>
</kw>
<kw name="Click Element" library="SAP_Tcode_Library">
<arg>wnd[0]/tbar[0]/btn[3]</arg>
<doc>Performs a single click on a given element. Used only for buttons, tabs and menu items.</doc>
<status status="PASS" starttime="20240325 20:03:00.690" endtime="20240325 20:03:00.942"/>
</kw>
<status status="PASS" starttime="20240325 20:02:58.323" endtime="20240325 20:03:00.942"/>
</iter>
<iter>
<var name="${index}">4</var>
<kw name="Set Variable" library="BuiltIn">
<var>${current_screenshot}</var>
<arg>SCC4${index + 1}.jpg</arg>
<doc>Returns the given values which can then be assigned to a variables.</doc>
<msg timestamp="20240325 20:03:00.942" level="INFO">${current_screenshot} = SCC45.jpg</msg>
<status status="PASS" starttime="20240325 20:03:00.942" endtime="20240325 20:03:00.942"/>
</kw>
<kw name="Run Keyword And Return Status" library="BuiltIn">
<var>${focus}</var>
<arg>Set Focus</arg>
<arg>wnd[0]/usr/tblSAPL0SZZTCTRL_T000/txtT000-MANDT[0,${index}]</arg>
<doc>Runs the given keyword with given arguments and returns the status as a Boolean value.</doc>
<kw name="Set Focus" library="SAP_Tcode_Library">
<arg>wnd[0]/usr/tblSAPL0SZZTCTRL_T000/txtT000-MANDT[0,${index}]</arg>
<doc>Sets the focus to the given element.</doc>
<status status="PASS" starttime="20240325 20:03:00.942" endtime="20240325 20:03:00.990"/>
</kw>
<msg timestamp="20240325 20:03:00.990" level="INFO">${focus} = True</msg>
<status status="PASS" starttime="20240325 20:03:00.942" endtime="20240325 20:03:00.990"/>
</kw>
<kw name="Run Keyword If" library="BuiltIn">
<arg>not ${focus}</arg>
<arg>Exit For Loop</arg>
<doc>Runs the given keyword with the given arguments, if ``condition`` is true.</doc>
<status status="PASS" starttime="20240325 20:03:00.990" endtime="20240325 20:03:00.990"/>
</kw>
<kw name="Sleep" library="BuiltIn">
<arg>1</arg>
<doc>Pauses the test executed for the given time.</doc>
<msg timestamp="20240325 20:03:01.990" level="INFO">Slept 1 second</msg>
<status status="PASS" starttime="20240325 20:03:00.990" endtime="20240325 20:03:01.990"/>
</kw>
<kw name="Run Keyword And Return Status" library="BuiltIn">
<var>${double_click_status}</var>
<arg>Send Vkey</arg>
<arg>vkey_id=2</arg>
<arg>window=0</arg>
<doc>Runs the given keyword with given arguments and returns the status as a Boolean value.</doc>
<kw name="Send Vkey" library="SAP_Tcode_Library">
<arg>vkey_id=2</arg>
<arg>window=0</arg>
<doc>Sends a SAP virtual key combination to the window, not into an element.
If you want to send a value to a text field, use `input text` instead.</doc>
<status status="PASS" starttime="20240325 20:03:01.990" endtime="20240325 20:03:02.265"/>
</kw>
<msg timestamp="20240325 20:03:02.265" level="INFO">${double_click_status} = True</msg>
<status status="PASS" starttime="20240325 20:03:01.990" endtime="20240325 20:03:02.265"/>
</kw>
<kw name="Run Keyword If" library="BuiltIn">
<arg>not ${double_click_status}</arg>
<arg>Exit For Loop</arg>
<doc>Runs the given keyword with the given arguments, if ``condition`` is true.</doc>
<status status="PASS" starttime="20240325 20:03:02.265" endtime="20240325 20:03:02.265"/>
</kw>
<kw name="Sleep" library="BuiltIn">
<arg>1</arg>
<doc>Pauses the test executed for the given time.</doc>
<msg timestamp="20240325 20:03:03.266" level="INFO">Slept 1 second</msg>
<status status="PASS" starttime="20240325 20:03:02.265" endtime="20240325 20:03:03.266"/>
</kw>
<kw name="Take Screenshot" library="SAP_Tcode_Library">
<var>${Screen_shot}</var>
<arg>${current_screenshot}</arg>
<doc>Takes a screenshot, only if 'screenshots on error' has been enabled,
either at import of with keyword `enable screenshots on error`.</doc>
<msg timestamp="20240325 20:03:03.323" level="INFO" html="true">&lt;a href="SCC45.jpg"&gt;&lt;img src="SCC45.jpg" width="800px"&gt;&lt;/a&gt;</msg>
<msg timestamp="20240325 20:03:03.323" level="INFO">${Screen_shot} = None</msg>
<status status="PASS" starttime="20240325 20:03:03.266" endtime="20240325 20:03:03.323"/>
</kw>
<kw name="Click Element" library="SAP_Tcode_Library">
<arg>wnd[0]/tbar[0]/btn[3]</arg>
<doc>Performs a single click on a given element. Used only for buttons, tabs and menu items.</doc>
<status status="PASS" starttime="20240325 20:03:03.323" endtime="20240325 20:03:03.578"/>
</kw>
<status status="PASS" starttime="20240325 20:03:00.942" endtime="20240325 20:03:03.578"/>
</iter>
<iter>
<var name="${index}">5</var>
<kw name="Set Variable" library="BuiltIn">
<var>${current_screenshot}</var>
<arg>SCC4${index + 1}.jpg</arg>
<doc>Returns the given values which can then be assigned to a variables.</doc>
<msg timestamp="20240325 20:03:03.578" level="INFO">${current_screenshot} = SCC46.jpg</msg>
<status status="PASS" starttime="20240325 20:03:03.578" endtime="20240325 20:03:03.578"/>
</kw>
<kw name="Run Keyword And Return Status" library="BuiltIn">
<var>${focus}</var>
<arg>Set Focus</arg>
<arg>wnd[0]/usr/tblSAPL0SZZTCTRL_T000/txtT000-MANDT[0,${index}]</arg>
<doc>Runs the given keyword with given arguments and returns the status as a Boolean value.</doc>
<kw name="Set Focus" library="SAP_Tcode_Library">
<arg>wnd[0]/usr/tblSAPL0SZZTCTRL_T000/txtT000-MANDT[0,${index}]</arg>
<doc>Sets the focus to the given element.</doc>
<status status="PASS" starttime="20240325 20:03:03.578" endtime="20240325 20:03:03.625"/>
</kw>
<msg timestamp="20240325 20:03:03.625" level="INFO">${focus} = True</msg>
<status status="PASS" starttime="20240325 20:03:03.578" endtime="20240325 20:03:03.625"/>
</kw>
<kw name="Run Keyword If" library="BuiltIn">
<arg>not ${focus}</arg>
<arg>Exit For Loop</arg>
<doc>Runs the given keyword with the given arguments, if ``condition`` is true.</doc>
<status status="PASS" starttime="20240325 20:03:03.625" endtime="20240325 20:03:03.625"/>
</kw>
<kw name="Sleep" library="BuiltIn">
<arg>1</arg>
<doc>Pauses the test executed for the given time.</doc>
<msg timestamp="20240325 20:03:04.626" level="INFO">Slept 1 second</msg>
<status status="PASS" starttime="20240325 20:03:03.625" endtime="20240325 20:03:04.626"/>
</kw>
<kw name="Run Keyword And Return Status" library="BuiltIn">
<var>${double_click_status}</var>
<arg>Send Vkey</arg>
<arg>vkey_id=2</arg>
<arg>window=0</arg>
<doc>Runs the given keyword with given arguments and returns the status as a Boolean value.</doc>
<kw name="Send Vkey" library="SAP_Tcode_Library">
<arg>vkey_id=2</arg>
<arg>window=0</arg>
<doc>Sends a SAP virtual key combination to the window, not into an element.
If you want to send a value to a text field, use `input text` instead.</doc>
<status status="PASS" starttime="20240325 20:03:04.626" endtime="20240325 20:03:04.884"/>
</kw>
<msg timestamp="20240325 20:03:04.884" level="INFO">${double_click_status} = True</msg>
<status status="PASS" starttime="20240325 20:03:04.626" endtime="20240325 20:03:04.884"/>
</kw>
<kw name="Run Keyword If" library="BuiltIn">
<arg>not ${double_click_status}</arg>
<arg>Exit For Loop</arg>
<doc>Runs the given keyword with the given arguments, if ``condition`` is true.</doc>
<status status="PASS" starttime="20240325 20:03:04.884" endtime="20240325 20:03:04.884"/>
</kw>
<kw name="Sleep" library="BuiltIn">
<arg>1</arg>
<doc>Pauses the test executed for the given time.</doc>
<msg timestamp="20240325 20:03:05.884" level="INFO">Slept 1 second</msg>
<status status="PASS" starttime="20240325 20:03:04.884" endtime="20240325 20:03:05.884"/>
</kw>
<kw name="Take Screenshot" library="SAP_Tcode_Library">
<var>${Screen_shot}</var>
<arg>${current_screenshot}</arg>
<doc>Takes a screenshot, only if 'screenshots on error' has been enabled,
either at import of with keyword `enable screenshots on error`.</doc>
<msg timestamp="20240325 20:03:05.951" level="INFO" html="true">&lt;a href="SCC46.jpg"&gt;&lt;img src="SCC46.jpg" width="800px"&gt;&lt;/a&gt;</msg>
<msg timestamp="20240325 20:03:05.951" level="INFO">${Screen_shot} = None</msg>
<status status="PASS" starttime="20240325 20:03:05.884" endtime="20240325 20:03:05.951"/>
</kw>
<kw name="Click Element" library="SAP_Tcode_Library">
<arg>wnd[0]/tbar[0]/btn[3]</arg>
<doc>Performs a single click on a given element. Used only for buttons, tabs and menu items.</doc>
<status status="PASS" starttime="20240325 20:03:05.951" endtime="20240325 20:03:06.206"/>
</kw>
<status status="PASS" starttime="20240325 20:03:03.578" endtime="20240325 20:03:06.206"/>
</iter>
<iter>
<var name="${index}">6</var>
<kw name="Set Variable" library="BuiltIn">
<var>${current_screenshot}</var>
<arg>SCC4${index + 1}.jpg</arg>
<doc>Returns the given values which can then be assigned to a variables.</doc>
<msg timestamp="20240325 20:03:06.206" level="INFO">${current_screenshot} = SCC47.jpg</msg>
<status status="PASS" starttime="20240325 20:03:06.206" endtime="20240325 20:03:06.206"/>
</kw>
<kw name="Run Keyword And Return Status" library="BuiltIn">
<var>${focus}</var>
<arg>Set Focus</arg>
<arg>wnd[0]/usr/tblSAPL0SZZTCTRL_T000/txtT000-MANDT[0,${index}]</arg>
<doc>Runs the given keyword with given arguments and returns the status as a Boolean value.</doc>
<kw name="Set Focus" library="SAP_Tcode_Library">
<arg>wnd[0]/usr/tblSAPL0SZZTCTRL_T000/txtT000-MANDT[0,${index}]</arg>
<doc>Sets the focus to the given element.</doc>
<status status="PASS" starttime="20240325 20:03:06.206" endtime="20240325 20:03:06.253"/>
</kw>
<msg timestamp="20240325 20:03:06.253" level="INFO">${focus} = True</msg>
<status status="PASS" starttime="20240325 20:03:06.206" endtime="20240325 20:03:06.253"/>
</kw>
<kw name="Run Keyword If" library="BuiltIn">
<arg>not ${focus}</arg>
<arg>Exit For Loop</arg>
<doc>Runs the given keyword with the given arguments, if ``condition`` is true.</doc>
<status status="PASS" starttime="20240325 20:03:06.253" endtime="20240325 20:03:06.253"/>
</kw>
<kw name="Sleep" library="BuiltIn">
<arg>1</arg>
<doc>Pauses the test executed for the given time.</doc>
<msg timestamp="20240325 20:03:07.255" level="INFO">Slept 1 second</msg>
<status status="PASS" starttime="20240325 20:03:06.253" endtime="20240325 20:03:07.255"/>
</kw>
<kw name="Run Keyword And Return Status" library="BuiltIn">
<var>${double_click_status}</var>
<arg>Send Vkey</arg>
<arg>vkey_id=2</arg>
<arg>window=0</arg>
<doc>Runs the given keyword with given arguments and returns the status as a Boolean value.</doc>
<kw name="Send Vkey" library="SAP_Tcode_Library">
<arg>vkey_id=2</arg>
<arg>window=0</arg>
<doc>Sends a SAP virtual key combination to the window, not into an element.
If you want to send a value to a text field, use `input text` instead.</doc>
<status status="PASS" starttime="20240325 20:03:07.255" endtime="20240325 20:03:07.514"/>
</kw>
<msg timestamp="20240325 20:03:07.514" level="INFO">${double_click_status} = True</msg>
<status status="PASS" starttime="20240325 20:03:07.255" endtime="20240325 20:03:07.514"/>
</kw>
<kw name="Run Keyword If" library="BuiltIn">
<arg>not ${double_click_status}</arg>
<arg>Exit For Loop</arg>
<doc>Runs the given keyword with the given arguments, if ``condition`` is true.</doc>
<status status="PASS" starttime="20240325 20:03:07.514" endtime="20240325 20:03:07.514"/>
</kw>
<kw name="Sleep" library="BuiltIn">
<arg>1</arg>
<doc>Pauses the test executed for the given time.</doc>
<msg timestamp="20240325 20:03:08.514" level="INFO">Slept 1 second</msg>
<status status="PASS" starttime="20240325 20:03:07.514" endtime="20240325 20:03:08.514"/>
</kw>
<kw name="Take Screenshot" library="SAP_Tcode_Library">
<var>${Screen_shot}</var>
<arg>${current_screenshot}</arg>
<doc>Takes a screenshot, only if 'screenshots on error' has been enabled,
either at import of with keyword `enable screenshots on error`.</doc>
<msg timestamp="20240325 20:03:08.561" level="INFO" html="true">&lt;a href="SCC47.jpg"&gt;&lt;img src="SCC47.jpg" width="800px"&gt;&lt;/a&gt;</msg>
<msg timestamp="20240325 20:03:08.561" level="INFO">${Screen_shot} = None</msg>
<status status="PASS" starttime="20240325 20:03:08.514" endtime="20240325 20:03:08.561"/>
</kw>
<kw name="Click Element" library="SAP_Tcode_Library">
<arg>wnd[0]/tbar[0]/btn[3]</arg>
<doc>Performs a single click on a given element. Used only for buttons, tabs and menu items.</doc>
<status status="PASS" starttime="20240325 20:03:08.561" endtime="20240325 20:03:08.827"/>
</kw>
<status status="PASS" starttime="20240325 20:03:06.206" endtime="20240325 20:03:08.827"/>
</iter>
<iter>
<var name="${index}">7</var>
<kw name="Set Variable" library="BuiltIn">
<var>${current_screenshot}</var>
<arg>SCC4${index + 1}.jpg</arg>
<doc>Returns the given values which can then be assigned to a variables.</doc>
<msg timestamp="20240325 20:03:08.827" level="INFO">${current_screenshot} = SCC48.jpg</msg>
<status status="PASS" starttime="20240325 20:03:08.827" endtime="20240325 20:03:08.827"/>
</kw>
<kw name="Run Keyword And Return Status" library="BuiltIn">
<var>${focus}</var>
<arg>Set Focus</arg>
<arg>wnd[0]/usr/tblSAPL0SZZTCTRL_T000/txtT000-MANDT[0,${index}]</arg>
<doc>Runs the given keyword with given arguments and returns the status as a Boolean value.</doc>
<kw name="Set Focus" library="SAP_Tcode_Library">
<arg>wnd[0]/usr/tblSAPL0SZZTCTRL_T000/txtT000-MANDT[0,${index}]</arg>
<doc>Sets the focus to the given element.</doc>
<status status="PASS" starttime="20240325 20:03:08.827" endtime="20240325 20:03:08.874"/>
</kw>
<msg timestamp="20240325 20:03:08.874" level="INFO">${focus} = True</msg>
<status status="PASS" starttime="20240325 20:03:08.827" endtime="20240325 20:03:08.874"/>
</kw>
<kw name="Run Keyword If" library="BuiltIn">
<arg>not ${focus}</arg>
<arg>Exit For Loop</arg>
<doc>Runs the given keyword with the given arguments, if ``condition`` is true.</doc>
<status status="PASS" starttime="20240325 20:03:08.874" endtime="20240325 20:03:08.874"/>
</kw>
<kw name="Sleep" library="BuiltIn">
<arg>1</arg>
<doc>Pauses the test executed for the given time.</doc>
<msg timestamp="20240325 20:03:09.874" level="INFO">Slept 1 second</msg>
<status status="PASS" starttime="20240325 20:03:08.874" endtime="20240325 20:03:09.874"/>
</kw>
<kw name="Run Keyword And Return Status" library="BuiltIn">
<var>${double_click_status}</var>
<arg>Send Vkey</arg>
<arg>vkey_id=2</arg>
<arg>window=0</arg>
<doc>Runs the given keyword with given arguments and returns the status as a Boolean value.</doc>
<kw name="Send Vkey" library="SAP_Tcode_Library">
<arg>vkey_id=2</arg>
<arg>window=0</arg>
<doc>Sends a SAP virtual key combination to the window, not into an element.
If you want to send a value to a text field, use `input text` instead.</doc>
<status status="PASS" starttime="20240325 20:03:09.874" endtime="20240325 20:03:10.134"/>
</kw>
<msg timestamp="20240325 20:03:10.134" level="INFO">${double_click_status} = True</msg>
<status status="PASS" starttime="20240325 20:03:09.874" endtime="20240325 20:03:10.134"/>
</kw>
<kw name="Run Keyword If" library="BuiltIn">
<arg>not ${double_click_status}</arg>
<arg>Exit For Loop</arg>
<doc>Runs the given keyword with the given arguments, if ``condition`` is true.</doc>
<status status="PASS" starttime="20240325 20:03:10.134" endtime="20240325 20:03:10.134"/>
</kw>
<kw name="Sleep" library="BuiltIn">
<arg>1</arg>
<doc>Pauses the test executed for the given time.</doc>
<msg timestamp="20240325 20:03:11.134" level="INFO">Slept 1 second</msg>
<status status="PASS" starttime="20240325 20:03:10.134" endtime="20240325 20:03:11.134"/>
</kw>
<kw name="Take Screenshot" library="SAP_Tcode_Library">
<var>${Screen_shot}</var>
<arg>${current_screenshot}</arg>
<doc>Takes a screenshot, only if 'screenshots on error' has been enabled,
either at import of with keyword `enable screenshots on error`.</doc>
<msg timestamp="20240325 20:03:11.181" level="INFO" html="true">&lt;a href="SCC48.jpg"&gt;&lt;img src="SCC48.jpg" width="800px"&gt;&lt;/a&gt;</msg>
<msg timestamp="20240325 20:03:11.181" level="INFO">${Screen_shot} = None</msg>
<status status="PASS" starttime="20240325 20:03:11.134" endtime="20240325 20:03:11.181"/>
</kw>
<kw name="Click Element" library="SAP_Tcode_Library">
<arg>wnd[0]/tbar[0]/btn[3]</arg>
<doc>Performs a single click on a given element. Used only for buttons, tabs and menu items.</doc>
<status status="PASS" starttime="20240325 20:03:11.181" endtime="20240325 20:03:11.445"/>
</kw>
<status status="PASS" starttime="20240325 20:03:08.827" endtime="20240325 20:03:11.445"/>
</iter>
<iter>
<var name="${index}">8</var>
<kw name="Set Variable" library="BuiltIn">
<var>${current_screenshot}</var>
<arg>SCC4${index + 1}.jpg</arg>
<doc>Returns the given values which can then be assigned to a variables.</doc>
<msg timestamp="20240325 20:03:11.445" level="INFO">${current_screenshot} = SCC49.jpg</msg>
<status status="PASS" starttime="20240325 20:03:11.445" endtime="20240325 20:03:11.445"/>
</kw>
<kw name="Run Keyword And Return Status" library="BuiltIn">
<var>${focus}</var>
<arg>Set Focus</arg>
<arg>wnd[0]/usr/tblSAPL0SZZTCTRL_T000/txtT000-MANDT[0,${index}]</arg>
<doc>Runs the given keyword with given arguments and returns the status as a Boolean value.</doc>
<kw name="Set Focus" library="SAP_Tcode_Library">
<arg>wnd[0]/usr/tblSAPL0SZZTCTRL_T000/txtT000-MANDT[0,${index}]</arg>
<doc>Sets the focus to the given element.</doc>
<status status="PASS" starttime="20240325 20:03:11.445" endtime="20240325 20:03:11.491"/>
</kw>
<msg timestamp="20240325 20:03:11.491" level="INFO">${focus} = True</msg>
<status status="PASS" starttime="20240325 20:03:11.445" endtime="20240325 20:03:11.491"/>
</kw>
<kw name="Run Keyword If" library="BuiltIn">
<arg>not ${focus}</arg>
<arg>Exit For Loop</arg>
<doc>Runs the given keyword with the given arguments, if ``condition`` is true.</doc>
<status status="PASS" starttime="20240325 20:03:11.491" endtime="20240325 20:03:11.491"/>
</kw>
<kw name="Sleep" library="BuiltIn">
<arg>1</arg>
<doc>Pauses the test executed for the given time.</doc>
<msg timestamp="20240325 20:03:12.492" level="INFO">Slept 1 second</msg>
<status status="PASS" starttime="20240325 20:03:11.491" endtime="20240325 20:03:12.492"/>
</kw>
<kw name="Run Keyword And Return Status" library="BuiltIn">
<var>${double_click_status}</var>
<arg>Send Vkey</arg>
<arg>vkey_id=2</arg>
<arg>window=0</arg>
<doc>Runs the given keyword with given arguments and returns the status as a Boolean value.</doc>
<kw name="Send Vkey" library="SAP_Tcode_Library">
<arg>vkey_id=2</arg>
<arg>window=0</arg>
<doc>Sends a SAP virtual key combination to the window, not into an element.
If you want to send a value to a text field, use `input text` instead.</doc>
<status status="PASS" starttime="20240325 20:03:12.492" endtime="20240325 20:03:12.749"/>
</kw>
<msg timestamp="20240325 20:03:12.749" level="INFO">${double_click_status} = True</msg>
<status status="PASS" starttime="20240325 20:03:12.492" endtime="20240325 20:03:12.749"/>
</kw>
<kw name="Run Keyword If" library="BuiltIn">
<arg>not ${double_click_status}</arg>
<arg>Exit For Loop</arg>
<doc>Runs the given keyword with the given arguments, if ``condition`` is true.</doc>
<status status="PASS" starttime="20240325 20:03:12.749" endtime="20240325 20:03:12.749"/>
</kw>
<kw name="Sleep" library="BuiltIn">
<arg>1</arg>
<doc>Pauses the test executed for the given time.</doc>
<msg timestamp="20240325 20:03:13.750" level="INFO">Slept 1 second</msg>
<status status="PASS" starttime="20240325 20:03:12.749" endtime="20240325 20:03:13.750"/>
</kw>
<kw name="Take Screenshot" library="SAP_Tcode_Library">
<var>${Screen_shot}</var>
<arg>${current_screenshot}</arg>
<doc>Takes a screenshot, only if 'screenshots on error' has been enabled,
either at import of with keyword `enable screenshots on error`.</doc>
<msg timestamp="20240325 20:03:13.805" level="INFO" html="true">&lt;a href="SCC49.jpg"&gt;&lt;img src="SCC49.jpg" width="800px"&gt;&lt;/a&gt;</msg>
<msg timestamp="20240325 20:03:13.805" level="INFO">${Screen_shot} = None</msg>
<status status="PASS" starttime="20240325 20:03:13.750" endtime="20240325 20:03:13.805"/>
</kw>
<kw name="Click Element" library="SAP_Tcode_Library">
<arg>wnd[0]/tbar[0]/btn[3]</arg>
<doc>Performs a single click on a given element. Used only for buttons, tabs and menu items.</doc>
<status status="PASS" starttime="20240325 20:03:13.805" endtime="20240325 20:03:14.075"/>
</kw>
<status status="PASS" starttime="20240325 20:03:11.445" endtime="20240325 20:03:14.075"/>
</iter>
<iter>
<var name="${index}">9</var>
<kw name="Set Variable" library="BuiltIn">
<var>${current_screenshot}</var>
<arg>SCC4${index + 1}.jpg</arg>
<doc>Returns the given values which can then be assigned to a variables.</doc>
<msg timestamp="20240325 20:03:14.075" level="INFO">${current_screenshot} = SCC410.jpg</msg>
<status status="PASS" starttime="20240325 20:03:14.075" endtime="20240325 20:03:14.075"/>
</kw>
<kw name="Run Keyword And Return Status" library="BuiltIn">
<var>${focus}</var>
<arg>Set Focus</arg>
<arg>wnd[0]/usr/tblSAPL0SZZTCTRL_T000/txtT000-MANDT[0,${index}]</arg>
<doc>Runs the given keyword with given arguments and returns the status as a Boolean value.</doc>
<kw name="Set Focus" library="SAP_Tcode_Library">
<arg>wnd[0]/usr/tblSAPL0SZZTCTRL_T000/txtT000-MANDT[0,${index}]</arg>
<doc>Sets the focus to the given element.</doc>
<status status="PASS" starttime="20240325 20:03:14.075" endtime="20240325 20:03:14.107"/>
</kw>
<msg timestamp="20240325 20:03:14.107" level="INFO">${focus} = True</msg>
<status status="PASS" starttime="20240325 20:03:14.075" endtime="20240325 20:03:14.107"/>
</kw>
<kw name="Run Keyword If" library="BuiltIn">
<arg>not ${focus}</arg>
<arg>Exit For Loop</arg>
<doc>Runs the given keyword with the given arguments, if ``condition`` is true.</doc>
<status status="PASS" starttime="20240325 20:03:14.107" endtime="20240325 20:03:14.107"/>
</kw>
<kw name="Sleep" library="BuiltIn">
<arg>1</arg>
<doc>Pauses the test executed for the given time.</doc>
<msg timestamp="20240325 20:03:15.107" level="INFO">Slept 1 second</msg>
<status status="PASS" starttime="20240325 20:03:14.107" endtime="20240325 20:03:15.107"/>
</kw>
<kw name="Run Keyword And Return Status" library="BuiltIn">
<var>${double_click_status}</var>
<arg>Send Vkey</arg>
<arg>vkey_id=2</arg>
<arg>window=0</arg>
<doc>Runs the given keyword with given arguments and returns the status as a Boolean value.</doc>
<kw name="Send Vkey" library="SAP_Tcode_Library">
<arg>vkey_id=2</arg>
<arg>window=0</arg>
<doc>Sends a SAP virtual key combination to the window, not into an element.
If you want to send a value to a text field, use `input text` instead.</doc>
<status status="PASS" starttime="20240325 20:03:15.107" endtime="20240325 20:03:15.368"/>
</kw>
<msg timestamp="20240325 20:03:15.368" level="INFO">${double_click_status} = True</msg>
<status status="PASS" starttime="20240325 20:03:15.107" endtime="20240325 20:03:15.368"/>
</kw>
<kw name="Run Keyword If" library="BuiltIn">
<arg>not ${double_click_status}</arg>
<arg>Exit For Loop</arg>
<doc>Runs the given keyword with the given arguments, if ``condition`` is true.</doc>
<status status="PASS" starttime="20240325 20:03:15.368" endtime="20240325 20:03:15.368"/>
</kw>
<kw name="Sleep" library="BuiltIn">
<arg>1</arg>
<doc>Pauses the test executed for the given time.</doc>
<msg timestamp="20240325 20:03:16.368" level="INFO">Slept 1 second</msg>
<status status="PASS" starttime="20240325 20:03:15.368" endtime="20240325 20:03:16.368"/>
</kw>
<kw name="Take Screenshot" library="SAP_Tcode_Library">
<var>${Screen_shot}</var>
<arg>${current_screenshot}</arg>
<doc>Takes a screenshot, only if 'screenshots on error' has been enabled,
either at import of with keyword `enable screenshots on error`.</doc>
<msg timestamp="20240325 20:03:16.422" level="INFO" html="true">&lt;a href="SCC410.jpg"&gt;&lt;img src="SCC410.jpg" width="800px"&gt;&lt;/a&gt;</msg>
<msg timestamp="20240325 20:03:16.422" level="INFO">${Screen_shot} = None</msg>
<status status="PASS" starttime="20240325 20:03:16.368" endtime="20240325 20:03:16.422"/>
</kw>
<kw name="Click Element" library="SAP_Tcode_Library">
<arg>wnd[0]/tbar[0]/btn[3]</arg>
<doc>Performs a single click on a given element. Used only for buttons, tabs and menu items.</doc>
<status status="PASS" starttime="20240325 20:03:16.422" endtime="20240325 20:03:16.676"/>
</kw>
<status status="PASS" starttime="20240325 20:03:14.075" endtime="20240325 20:03:16.676"/>
</iter>
<iter>
<var name="${index}">10</var>
<kw name="Set Variable" library="BuiltIn">
<var>${current_screenshot}</var>
<arg>SCC4${index + 1}.jpg</arg>
<doc>Returns the given values which can then be assigned to a variables.</doc>
<msg timestamp="20240325 20:03:16.676" level="INFO">${current_screenshot} = SCC411.jpg</msg>
<status status="PASS" starttime="20240325 20:03:16.676" endtime="20240325 20:03:16.676"/>
</kw>
<kw name="Run Keyword And Return Status" library="BuiltIn">
<var>${focus}</var>
<arg>Set Focus</arg>
<arg>wnd[0]/usr/tblSAPL0SZZTCTRL_T000/txtT000-MANDT[0,${index}]</arg>
<doc>Runs the given keyword with given arguments and returns the status as a Boolean value.</doc>
<kw name="Set Focus" library="SAP_Tcode_Library">
<arg>wnd[0]/usr/tblSAPL0SZZTCTRL_T000/txtT000-MANDT[0,${index}]</arg>
<doc>Sets the focus to the given element.</doc>
<msg timestamp="20240325 20:03:16.793" level="INFO" html="true">&lt;a href="sap-screenshot_1.jpg"&gt;&lt;img src="sap-screenshot_1.jpg" width="800px"&gt;&lt;/a&gt;</msg>
<msg timestamp="20240325 20:03:16.793" level="FAIL">ValueError: Cannot find element with id 'wnd[0]/usr/tblSAPL0SZZTCTRL_T000/txtT000-MANDT[0,10]'</msg>
<status status="FAIL" starttime="20240325 20:03:16.692" endtime="20240325 20:03:16.793"/>
</kw>
<msg timestamp="20240325 20:03:16.793" level="INFO">${focus} = False</msg>
<status status="PASS" starttime="20240325 20:03:16.676" endtime="20240325 20:03:16.793"/>
</kw>
<kw name="Run Keyword If" library="BuiltIn">
<arg>not ${focus}</arg>
<arg>Exit For Loop</arg>
<doc>Runs the given keyword with the given arguments, if ``condition`` is true.</doc>
<kw name="Exit For Loop" library="BuiltIn">
<doc>Stops executing the enclosing FOR loop.</doc>
<msg timestamp="20240325 20:03:16.793" level="INFO">Exiting for loop altogether.</msg>
<status status="PASS" starttime="20240325 20:03:16.793" endtime="20240325 20:03:16.793"/>
</kw>
<status status="PASS" starttime="20240325 20:03:16.793" endtime="20240325 20:03:16.793"/>
</kw>
<kw name="Sleep" library="BuiltIn">
<arg>1</arg>
<doc>Pauses the test executed for the given time.</doc>
<status status="NOT RUN" starttime="20240325 20:03:16.793" endtime="20240325 20:03:16.793"/>
</kw>
<kw name="Run Keyword And Return Status" library="BuiltIn">
<var>${double_click_status}</var>
<arg>Send Vkey</arg>
<arg>vkey_id=2</arg>
<arg>window=0</arg>
<doc>Runs the given keyword with given arguments and returns the status as a Boolean value.</doc>
<status status="NOT RUN" starttime="20240325 20:03:16.793" endtime="20240325 20:03:16.793"/>
</kw>
<kw name="Run Keyword If" library="BuiltIn">
<arg>not ${double_click_status}</arg>
<arg>Exit For Loop</arg>
<doc>Runs the given keyword with the given arguments, if ``condition`` is true.</doc>
<status status="NOT RUN" starttime="20240325 20:03:16.793" endtime="20240325 20:03:16.793"/>
</kw>
<kw name="Sleep" library="BuiltIn">
<arg>1</arg>
<doc>Pauses the test executed for the given time.</doc>
<status status="NOT RUN" starttime="20240325 20:03:16.793" endtime="20240325 20:03:16.793"/>
</kw>
<kw name="Take Screenshot" library="SAP_Tcode_Library">
<var>${Screen_shot}</var>
<arg>${current_screenshot}</arg>
<doc>Takes a screenshot, only if 'screenshots on error' has been enabled,
either at import of with keyword `enable screenshots on error`.</doc>
<status status="NOT RUN" starttime="20240325 20:03:16.793" endtime="20240325 20:03:16.793"/>
</kw>
<kw name="Click Element" library="SAP_Tcode_Library">
<arg>wnd[0]/tbar[0]/btn[3]</arg>
<doc>Performs a single click on a given element. Used only for buttons, tabs and menu items.</doc>
<status status="NOT RUN" starttime="20240325 20:03:16.793" endtime="20240325 20:03:16.793"/>
</kw>
<status status="PASS" starttime="20240325 20:03:16.676" endtime="20240325 20:03:16.793"/>
</iter>
<status status="PASS" starttime="20240325 20:02:50.098" endtime="20240325 20:03:16.793"/>
</for>
<status status="PASS" starttime="20240325 20:02:46.119" endtime="20240325 20:03:16.793"/>
</kw>
<tag>Regression</tag>
<tag>SCC4_REFRESH</tag>
<status status="PASS" starttime="20240325 20:02:46.119" endtime="20240325 20:03:16.793"/>
</test>
<kw name="System Logout" library="SCC4_REFRESH" type="TEARDOWN">
<kw name="Run Transaction" library="SAP_Tcode_Library">
<arg>/nex</arg>
<doc>Runs a Sap transaction. An error is given when an unknown transaction is specified.</doc>
<status status="PASS" starttime="20240325 20:03:16.793" endtime="20240325 20:03:17.020"/>
</kw>
<kw name="Sleep" library="BuiltIn">
<arg>5</arg>
<doc>Pauses the test executed for the given time.</doc>
<msg timestamp="20240325 20:03:22.020" level="INFO">Slept 5 seconds</msg>
<status status="PASS" starttime="20240325 20:03:17.020" endtime="20240325 20:03:22.020"/>
</kw>
<kw name="Take Screenshot" library="SAP_Tcode_Library">
<arg>logoutpage.jpg</arg>
<doc>Takes a screenshot, only if 'screenshots on error' has been enabled,
either at import of with keyword `enable screenshots on error`.</doc>
<msg timestamp="20240325 20:03:22.058" level="INFO" html="true">&lt;a href="logoutpage.jpg"&gt;&lt;img src="logoutpage.jpg" width="800px"&gt;&lt;/a&gt;</msg>
<status status="PASS" starttime="20240325 20:03:22.020" endtime="20240325 20:03:22.058"/>
</kw>
<kw name="Sleep" library="BuiltIn">
<arg>10</arg>
<doc>Pauses the test executed for the given time.</doc>
<msg timestamp="20240325 20:03:32.059" level="INFO">Slept 10 seconds</msg>
<status status="PASS" starttime="20240325 20:03:22.058" endtime="20240325 20:03:32.059"/>
</kw>
<status status="PASS" starttime="20240325 20:03:16.793" endtime="20240325 20:03:32.059"/>
</kw>
<status status="PASS" starttime="20240325 20:02:31.730" endtime="20240325 20:03:32.059"/>
</suite>
<doc>Testing functionality through Robot Framework</doc>
<meta name="environment">Dev</meta>
<meta name="test_browser_name">chrome</meta>
<meta name="test_browser_version">122.0.6261.131</meta>
<meta name="test_driver_version">121.0.6167.85 </meta>
<meta name="test_environment">Dev</meta>
<meta name="test_freeze_dependencies">astroid==3.1.0,attrs==23.2.0,beautifulsoup4==4.12.3,bs4==0.0.2,certifi==2024.2.2,cffi==1.16.0,chardet==5.2.0,charset-normalizer==3.3.2,click==8.1.7,colorama==0.4.6,cryptography==42.0.5,defusedxml==0.7.1,dill==0.3.8,docutils==0.20.1,exceptiongroup==1.2.0,gitdb==4.0.11,GitPython==3.1.42,h11==0.14.0,idna==3.6,isort==5.13.2,Jinja2==3.1.3,jira==3.6.0,jsonpath-ng==1.6.1,jsonschema==4.21.1,jsonschema-specifications==2023.12.1,lazy-object-proxy==1.10.0,lxml==5.1.0,markdown-it-py==3.0.0,MarkupSafe==2.1.5,mccabe==0.7.0,mdurl==0.1.2,natsort==8.4.0,oauthlib==3.2.2,outcome==1.3.0.post0,packaging==24.0,pathspec==0.11.2,pillow==10.2.0,pip==24.0,platformdirs==4.2.0,ply==3.11,pycparser==2.21,Pygments==2.17.2,pylint==3.1.0,PySocks==1.7.1,pywin32==306,PyYAML==6.0.1,referencing==0.33.0,requests==2.31.0,requests-oauthlib==1.4.0,requests-toolbelt==1.0.0,rich==13.7.1,rich-click==1.6.1,robotframework==6.0.2,robotframework-datadriver==1.9.0,robotframework-jsonlibrary==0.5,robotframework-pabot==2.16.0,robotframework-pythonlibcore==4.2.0,robotframework-requests==0.9.2,robotframework-sapguilibrary==1.1,robotframework-seleniumlibrary==5.1.3,robotframework-stacktrace==0.4.1,robotframework-tidy==4.5.0,rpds-py==0.18.0,selenium==4.9.1,setuptools==69.2.0,smmap==5.0.1,sniffio==1.3.1,sortedcontainers==2.4.0,soupsieve==2.5,tomli==2.0.1,tomlkit==0.12.4,trio==0.24.0,trio-websocket==0.11.1,typing_extensions==4.10.0,urllib3==2.2.1,wheel==0.43.0,wrapt==1.16.0,wsproto==1.2.0</meta>
<status status="PASS" starttime="20240325 20:02:26.609" endtime="20240325 20:03:32.608"/>
</suite>
<statistics>
<total>
<stat pass="1" fail="0" skip="0">All Tests</stat>
</total>
<tag>
<stat pass="1" fail="0" skip="0">Regression</stat>
<stat pass="1" fail="0" skip="0">SCC4_REFRESH</stat>
</tag>
<suite>
<stat pass="1" fail="0" skip="0" id="s1" name="Tests">Tests</stat>
<stat pass="1" fail="0" skip="0" id="s1-s1" name="Test SCC4 REFRESH">Tests.Test SCC4 REFRESH</stat>
</suite>
</statistics>
<errors>
</errors>
</robot>
