<?xml version="1.0" encoding="UTF-8"?>
<robot generator="Robot 6.0.2 (Python 3.12.3 on win32)" generated="20240523 14:34:30.992" rpa="false" schemaversion="3">
<suite id="s1" name="Tests" source="D:\RobotFramework\SAPtesting\Tests">
<kw name="Setup highest level suite" type="SETUP">
<kw name="Set Variable" library="BuiltIn">
<var>${d.test_server}</var>
<arg>${test_server}</arg>
<doc>Returns the given values which can then be assigned to a variables.</doc>
<msg timestamp="20240523 14:34:31.794" level="INFO">${d.test_server} = Dev</msg>
<status status="PASS" starttime="20240523 14:34:31.793" endtime="20240523 14:34:31.794"/>
</kw>
<kw name="Reset screenshot count variable" library="Support">
<kw name="Set Variable" library="BuiltIn">
<var>${screenshotCount}</var>
<arg>${PABOTQUEUEINDEX}_1</arg>
<doc>Returns the given values which can then be assigned to a variables.</doc>
<msg timestamp="20240523 14:34:31.795" level="INFO">${screenshotCount} = 0_1</msg>
<status status="PASS" starttime="20240523 14:34:31.794" endtime="20240523 14:34:31.795"/>
</kw>
<kw name="Set Global Variable" library="BuiltIn">
<arg>${screenshotCount}</arg>
<doc>Makes a variable available globally in all tests and suites.</doc>
<msg timestamp="20240523 14:34:31.796" level="INFO">${screenshotCount} = 0_1</msg>
<status status="PASS" starttime="20240523 14:34:31.795" endtime="20240523 14:34:31.796"/>
</kw>
<kw name="Set up screenshot directory" library="Support">
<kw name="Create Directory" library="OperatingSystem">
<arg>${OUTPUTDIR}${/}${wvar('screenshot_dir')}</arg>
<doc>Creates the specified directory.</doc>
<msg timestamp="20240523 14:34:31.797" level="INFO">Web.Dev.screenshot_dir: Screenshot</msg>
<msg timestamp="20240523 14:34:31.800" level="INFO" html="true">Created directory '&lt;a href="file://D:\RobotFramework\SAPtesting\Output\pabot_results\0\Screenshot"&gt;D:\RobotFramework\SAPtesting\Output\pabot_results\0\Screenshot&lt;/a&gt;'.</msg>
<status status="PASS" starttime="20240523 14:34:31.796" endtime="20240523 14:34:31.800"/>
</kw>
<status status="PASS" starttime="20240523 14:34:31.796" endtime="20240523 14:34:31.800"/>
</kw>
<status status="PASS" starttime="20240523 14:34:31.794" endtime="20240523 14:34:31.800"/>
</kw>
<kw name="Set Global Variable" library="BuiltIn">
<arg>${screenshot_taking}</arg>
<arg>${True}</arg>
<doc>Makes a variable available globally in all tests and suites.</doc>
<msg timestamp="20240523 14:34:31.801" level="INFO">${screenshot_taking} = True</msg>
<status status="PASS" starttime="20240523 14:34:31.801" endtime="20240523 14:34:31.801"/>
</kw>
<kw name="Setup linux execution" library="Support">
<kw name="Run Keyword And Return Status" library="BuiltIn">
<var>${web_test_check}</var>
<arg>Variable Should Exist</arg>
<arg>${web_test}</arg>
<doc>Runs the given keyword with given arguments and returns the status as a Boolean value.</doc>
<kw name="Variable Should Exist" library="BuiltIn">
<arg>${web_test}</arg>
<doc>Fails unless the given variable exists within the current scope.</doc>
<status status="PASS" starttime="20240523 14:34:31.802" endtime="20240523 14:34:31.803"/>
</kw>
<msg timestamp="20240523 14:34:31.803" level="INFO">${web_test_check} = True</msg>
<status status="PASS" starttime="20240523 14:34:31.802" endtime="20240523 14:34:31.803"/>
</kw>
<kw name="Run Keyword If" library="BuiltIn">
<arg>${web_test_check}</arg>
<arg>Setup Docker Execution Options</arg>
<doc>Runs the given keyword with the given arguments, if ``condition`` is true.</doc>
<kw name="Setup Docker Execution Options" library="Support_Web">
<kw name="Setup Suite Metadata" library="Support_Web">
<arg>${browser}</arg>
<kw name="Get Browser Metadata" library="BrowserSupport">
<var>&amp;{browser_information}</var>
<arg>browser=${browser}</arg>
<doc>Fetches browser metadata information
:param browser: Name of the browser for which information is fetched
:param reload: Re-read the metadata based on the browser
:return: Browser metadata information, dict of format
            {"browser_version": browser version value,
             "driver_version": driver version value}</doc>
<msg timestamp="20240523 14:34:36.187" level="INFO">&amp;{browser_information} = { browser_version=124.0.6367.119 | driver_version=124.0.6367.207  }</msg>
<status status="PASS" starttime="20240523 14:34:31.804" endtime="20240523 14:34:36.188"/>
</kw>
<kw name="Set Suite Metadata" library="BuiltIn">
<arg>test_browser_name</arg>
<arg>${browser}</arg>
<doc>Sets metadata for the current test suite.</doc>
<msg timestamp="20240523 14:34:36.189" level="INFO">Set suite metadata 'test_browser_name' to value 'chrome'.</msg>
<status status="PASS" starttime="20240523 14:34:36.188" endtime="20240523 14:34:36.189"/>
</kw>
<kw name="Set Suite Metadata" library="BuiltIn">
<arg>test_browser_version</arg>
<arg>${browser_information.browser_version}</arg>
<doc>Sets metadata for the current test suite.</doc>
<msg timestamp="20240523 14:34:36.190" level="INFO">Set suite metadata 'test_browser_version' to value '124.0.6367.119'.</msg>
<status status="PASS" starttime="20240523 14:34:36.189" endtime="20240523 14:34:36.190"/>
</kw>
<kw name="Set Suite Metadata" library="BuiltIn">
<arg>test_driver_version</arg>
<arg>${browser_information.driver_version}</arg>
<doc>Sets metadata for the current test suite.</doc>
<msg timestamp="20240523 14:34:36.191" level="INFO">Set suite metadata 'test_driver_version' to value '124.0.6367.207 '.</msg>
<status status="PASS" starttime="20240523 14:34:36.190" endtime="20240523 14:34:36.191"/>
</kw>
<status status="PASS" starttime="20240523 14:34:31.803" endtime="20240523 14:34:36.191"/>
</kw>
<kw name="Setup Global Docker Execution Options" library="Support_Web">
<kw name="Set Global Variable" library="BuiltIn">
<arg>${global_browser_options}</arg>
<arg>None</arg>
<doc>Makes a variable available globally in all tests and suites.</doc>
<msg timestamp="20240523 14:34:36.193" level="INFO">${global_browser_options} = None</msg>
<status status="PASS" starttime="20240523 14:34:36.192" endtime="20240523 14:34:36.193"/>
</kw>
<kw name="Get Environment Variable" library="OperatingSystem">
<var>${docker_check}</var>
<arg>EXECUTION_ENVIRONMENT</arg>
<arg>not_found</arg>
<doc>Returns the value of an environment variable with the given name.</doc>
<msg timestamp="20240523 14:34:36.194" level="INFO">${docker_check} = not_found</msg>
<status status="PASS" starttime="20240523 14:34:36.193" endtime="20240523 14:34:36.194"/>
</kw>
<kw name="Run Keyword And Return If" library="BuiltIn">
<arg>"${docker_check}"!="docker"</arg>
<arg>Log</arg>
<arg>Not executing on Docker</arg>
<doc>Runs the specified keyword and returns from the enclosing user keyword.</doc>
<kw name="Log" library="BuiltIn">
<arg>Not executing on Docker</arg>
<doc>Logs the given message with the given level.</doc>
<msg timestamp="20240523 14:34:36.195" level="INFO">Not executing on Docker</msg>
<status status="PASS" starttime="20240523 14:34:36.194" endtime="20240523 14:34:36.195"/>
</kw>
<msg timestamp="20240523 14:34:36.195" level="INFO">Returning from the enclosing user keyword.</msg>
<status status="PASS" starttime="20240523 14:34:36.194" endtime="20240523 14:34:36.195"/>
</kw>
<kw name="Create List" library="BuiltIn">
<var>@{options}</var>
<arg>--headless</arg>
<arg>--no-sandbox</arg>
<arg>--disable-dev-shm-usage</arg>
<doc>Returns a list containing given items.</doc>
<status status="NOT RUN" starttime="20240523 14:34:36.195" endtime="20240523 14:34:36.195"/>
</kw>
<kw name="Set Global Variable" library="BuiltIn">
<arg>@{docker_options}</arg>
<arg>@{options}</arg>
<doc>Makes a variable available globally in all tests and suites.</doc>
<status status="NOT RUN" starttime="20240523 14:34:36.195" endtime="20240523 14:34:36.195"/>
</kw>
<status status="PASS" starttime="20240523 14:34:36.191" endtime="20240523 14:34:36.196"/>
</kw>
<kw name="Create Webdriver for chrome preferences" library="Support_Web">
<kw name="Update Docker Execution Options" library="Support_Web">
<var>${list_prefs}</var>
<arg>${list_prefs}</arg>
<kw name="Run Keyword And Return Status" library="BuiltIn">
<var>${docker_check}</var>
<arg>Variable Should Exist</arg>
<arg>${docker_options}</arg>
<doc>Runs the given keyword with given arguments and returns the status as a Boolean value.</doc>
<kw name="Variable Should Exist" library="BuiltIn">
<arg>${docker_options}</arg>
<doc>Fails unless the given variable exists within the current scope.</doc>
<msg timestamp="20240523 14:34:36.199" level="FAIL">Variable '${docker_options}' does not exist.</msg>
<status status="FAIL" starttime="20240523 14:34:36.197" endtime="20240523 14:34:36.200"/>
</kw>
<msg timestamp="20240523 14:34:36.200" level="INFO">${docker_check} = False</msg>
<status status="PASS" starttime="20240523 14:34:36.197" endtime="20240523 14:34:36.200"/>
</kw>
<kw name="Get Length" library="BuiltIn">
<var>${list_prefs_length}</var>
<arg>${list_prefs}</arg>
<doc>Returns and logs the length of the given item as an integer.</doc>
<msg timestamp="20240523 14:34:36.200" level="INFO">Length is 1</msg>
<msg timestamp="20240523 14:34:36.200" level="INFO">${list_prefs_length} = 1</msg>
<status status="PASS" starttime="20240523 14:34:36.200" endtime="20240523 14:34:36.200"/>
</kw>
<kw name="Run Keyword If" library="BuiltIn">
<var>${list_prefs}</var>
<arg>${docker_check} and ${list_prefs_length}&gt;0 and ${list_prefs}[0] != []</arg>
<arg>Combine Lists</arg>
<arg>${list_prefs}</arg>
<arg>${docker_options}</arg>
<arg>ELSE IF</arg>
<arg>${docker_check}</arg>
<arg>Set Variable</arg>
<arg>${docker_options}</arg>
<arg>ELSE</arg>
<arg>Set Variable</arg>
<arg>${list_prefs}</arg>
<doc>Runs the given keyword with the given arguments, if ``condition`` is true.</doc>
<kw name="Set Variable" library="BuiltIn">
<arg>${list_prefs}</arg>
<doc>Returns the given values which can then be assigned to a variables.</doc>
<status status="PASS" starttime="20240523 14:34:36.201" endtime="20240523 14:34:36.202"/>
</kw>
<msg timestamp="20240523 14:34:36.202" level="INFO">${list_prefs} = [[]]</msg>
<status status="PASS" starttime="20240523 14:34:36.201" endtime="20240523 14:34:36.202"/>
</kw>
<msg timestamp="20240523 14:34:36.202" level="INFO">${list_prefs} = [[]]</msg>
<status status="PASS" starttime="20240523 14:34:36.196" endtime="20240523 14:34:36.202"/>
</kw>
<kw name="Create Chrome Options for download preferences" library="Support_Web">
<var>${chrome_options}</var>
<kw name="Evaluate" library="BuiltIn">
<var>${chrome_options}</var>
<arg>sys.modules['selenium.webdriver'].ChromeOptions()</arg>
<arg>sys</arg>
<doc>Evaluates the given expression in Python and returns the result.</doc>
<msg timestamp="20240523 14:34:36.203" level="INFO">${chrome_options} = &lt;selenium.webdriver.chrome.options.Options object at 0x0000023B5A0C65D0&gt;</msg>
<status status="PASS" starttime="20240523 14:34:36.202" endtime="20240523 14:34:36.203"/>
</kw>
<msg timestamp="20240523 14:34:36.203" level="INFO">${chrome_options} = &lt;selenium.webdriver.chrome.options.Options object at 0x0000023B5A0C65D0&gt;</msg>
<status status="PASS" starttime="20240523 14:34:36.202" endtime="20240523 14:34:36.203"/>
</kw>
<kw name="Update Preferences List" library="Support_Web">
<arg>${chrome_options}</arg>
<arg>@{list_prefs}</arg>
<kw name="Convert To String" library="BuiltIn">
<var>${string_prefs}</var>
<arg>${list_prefs}</arg>
<doc>Converts the given item to a Unicode string.</doc>
<msg timestamp="20240523 14:34:36.204" level="INFO">${string_prefs} = [[]]</msg>
<status status="PASS" starttime="20240523 14:34:36.204" endtime="20240523 14:34:36.204"/>
</kw>
<kw name="Return From Keyword If" library="BuiltIn">
<arg>${string_prefs} == [[]]</arg>
<doc>Returns from the enclosing user keyword if ``condition`` is true.</doc>
<msg timestamp="20240523 14:34:36.205" level="INFO">Returning from the enclosing user keyword.</msg>
<status status="PASS" starttime="20240523 14:34:36.204" endtime="20240523 14:34:36.205"/>
</kw>
<for flavor="IN">
<var>${preference}</var>
<value>@{list_prefs}</value>
<iter>
<var name="${preference}"/>
<kw name="Call Method" library="BuiltIn">
<arg>${chrome_options}</arg>
<arg>add_argument</arg>
<arg>${preference}</arg>
<doc>Calls the named method of the given object with the provided arguments.</doc>
<status status="NOT RUN" starttime="20240523 14:34:36.205" endtime="20240523 14:34:36.205"/>
</kw>
<status status="NOT RUN" starttime="20240523 14:34:36.205" endtime="20240523 14:34:36.206"/>
</iter>
<status status="NOT RUN" starttime="20240523 14:34:36.205" endtime="20240523 14:34:36.206"/>
</for>
<status status="PASS" starttime="20240523 14:34:36.203" endtime="20240523 14:34:36.206"/>
</kw>
<kw name="Call Method" library="BuiltIn">
<arg>${chrome_options}</arg>
<arg>add_experimental_option</arg>
<arg>prefs</arg>
<arg>${kw_prefs}</arg>
<doc>Calls the named method of the given object with the provided arguments.</doc>
<status status="PASS" starttime="20240523 14:34:36.206" endtime="20240523 14:34:36.206"/>
</kw>
<kw name="Set Global Variable" library="BuiltIn">
<arg>${global_browser_options}</arg>
<arg>${chrome options}</arg>
<doc>Makes a variable available globally in all tests and suites.</doc>
<msg timestamp="20240523 14:34:36.207" level="INFO">${global_browser_options} = &lt;selenium.webdriver.chrome.options.Options object at 0x0000023B5A0C65D0&gt;</msg>
<status status="PASS" starttime="20240523 14:34:36.207" endtime="20240523 14:34:36.207"/>
</kw>
<status status="PASS" starttime="20240523 14:34:36.196" endtime="20240523 14:34:36.207"/>
</kw>
<status status="PASS" starttime="20240523 14:34:31.803" endtime="20240523 14:34:36.207"/>
</kw>
<status status="PASS" starttime="20240523 14:34:31.803" endtime="20240523 14:34:36.208"/>
</kw>
<status status="PASS" starttime="20240523 14:34:31.801" endtime="20240523 14:34:36.208"/>
</kw>
<kw name="Set Suite Metadata" library="BuiltIn">
<arg>environment</arg>
<arg>${test_server}</arg>
<doc>Sets metadata for the current test suite.</doc>
<msg timestamp="20240523 14:34:36.208" level="INFO">Set suite metadata 'environment' to value 'Dev'.</msg>
<status status="PASS" starttime="20240523 14:34:36.208" endtime="20240523 14:34:36.208"/>
</kw>
<status status="PASS" starttime="20240523 14:34:31.792" endtime="20240523 14:34:36.209"/>
</kw>
<suite id="s1-s1" name="TEST UPLOAD ROLE NIKE" source="D:\RobotFramework\SAPtesting\Tests\TEST_UPLOAD_ROLE_NIKE.robot">
<kw name="System Logon" library="UPLOAD_ROLE_NIKE" type="SETUP">
<kw name="Start Process" library="Process">
<arg>${symvar('Nike_SAP')}</arg>
<doc>Starts a new process on background.</doc>
<msg timestamp="20240523 14:34:36.233" level="INFO">Sym.Dev.Nike_SAP: C:\Program Files\SAP\FrontEnd\SAPGUI\saplogon.exe</msg>
<msg timestamp="20240523 14:34:36.233" level="INFO">Starting process:
"C:\Program Files\SAP\FrontEnd\SAPGUI\saplogon.exe"</msg>
<status status="PASS" starttime="20240523 14:34:36.232" endtime="20240523 14:34:36.242"/>
</kw>
<kw name="Sleep" library="BuiltIn">
<arg>5</arg>
<doc>Pauses the test executed for the given time.</doc>
<msg timestamp="20240523 14:34:41.243" level="INFO">Slept 5 seconds</msg>
<status status="PASS" starttime="20240523 14:34:36.242" endtime="20240523 14:34:41.243"/>
</kw>
<kw name="Connect To Session" library="SAP_Tcode_Library">
<doc>Connects to an open session SAP.</doc>
<status status="PASS" starttime="20240523 14:34:41.243" endtime="20240523 14:34:41.259"/>
</kw>
<kw name="Open Connection" library="SAP_Tcode_Library">
<arg>${symvar('Nike_connection')}</arg>
<doc>Opens a connection to the given connection name. Be sure to provide the full connection name, including the bracket part.</doc>
<msg timestamp="20240523 14:34:41.260" level="INFO">Sym.Dev.Nike_connection: CFG</msg>
<status status="PASS" starttime="20240523 14:34:41.260" endtime="20240523 14:34:42.038"/>
</kw>
<kw name="Input Text" library="SAP_Tcode_Library">
<arg>wnd[0]/usr/txtRSYST-MANDT</arg>
<arg>${symvar('CFG_CLIENT_role')}</arg>
<doc>Inserts the given text into the text field identified by locator.
Use keyword `input password` to insert a password in a text field.</doc>
<msg timestamp="20240523 14:34:42.040" level="INFO">Sym.Dev.CFG_CLIENT_role: 100</msg>
<msg timestamp="20240523 14:34:42.122" level="INFO">Typing text '100' into text field 'wnd[0]/usr/txtRSYST-MANDT'.</msg>
<status status="PASS" starttime="20240523 14:34:42.039" endtime="20240523 14:34:42.122"/>
</kw>
<kw name="Input Text" library="SAP_Tcode_Library">
<arg>wnd[0]/usr/txtRSYST-BNAME</arg>
<arg>${symvar('CFG_USER_role')}</arg>
<doc>Inserts the given text into the text field identified by locator.
Use keyword `input password` to insert a password in a text field.</doc>
<msg timestamp="20240523 14:34:42.123" level="INFO">Sym.Dev.CFG_USER_role: ssach8</msg>
<msg timestamp="20240523 14:34:42.138" level="INFO">Typing text 'ssach8' into text field 'wnd[0]/usr/txtRSYST-BNAME'.</msg>
<status status="PASS" starttime="20240523 14:34:42.122" endtime="20240523 14:34:42.138"/>
</kw>
<kw name="Input Password" library="SAP_Tcode_Library">
<arg>wnd[0]/usr/pwdRSYST-BCODE</arg>
<arg>%{CFG_PASS_role}</arg>
<doc>Inserts the given password into the text field identified by locator.
The password is not recorded in the log.</doc>
<msg timestamp="20240523 14:34:42.145" level="INFO">Typing password into text field 'wnd[0]/usr/pwdRSYST-BCODE'.</msg>
<status status="PASS" starttime="20240523 14:34:42.138" endtime="20240523 14:34:42.145"/>
</kw>
<kw name="Send Vkey" library="SAP_Tcode_Library">
<arg>0</arg>
<doc>Sends a SAP virtual key combination to the window, not into an element.
If you want to send a value to a text field, use `input text` instead.</doc>
<status status="PASS" starttime="20240523 14:34:42.145" endtime="20240523 14:34:42.385"/>
</kw>
<kw name="Multiple Logon Handling" library="SAP_Tcode_Library">
<arg>wnd[1]</arg>
<arg>wnd[1]/usr/radMULTI_LOGON_OPT2</arg>
<arg>wnd[1]/tbar[0]/btn[0]</arg>
<msg timestamp="20240523 14:34:42.931" level="INFO">Multiple logon exists</msg>
<status status="PASS" starttime="20240523 14:34:42.386" endtime="20240523 14:34:42.931"/>
</kw>
<kw name="Sleep" library="BuiltIn">
<arg>2</arg>
<doc>Pauses the test executed for the given time.</doc>
<msg timestamp="20240523 14:34:44.932" level="INFO">Slept 2 seconds</msg>
<status status="PASS" starttime="20240523 14:34:42.932" endtime="20240523 14:34:44.932"/>
</kw>
<status status="PASS" starttime="20240523 14:34:36.231" endtime="20240523 14:34:44.932"/>
</kw>
<test id="s1-s1-t1" name="uploading_role" line="9">
<kw name="uploading_role" library="UPLOAD_ROLE_NIKE">
<kw name="Run Transaction" library="SAP_Tcode_Library">
<arg>/nPFCG</arg>
<doc>Runs a Sap transaction. An error is given when an unknown transaction is specified.</doc>
<status status="PASS" starttime="20240523 14:34:44.934" endtime="20240523 14:34:45.268"/>
</kw>
<kw name="Sleep" library="BuiltIn">
<arg>2</arg>
<doc>Pauses the test executed for the given time.</doc>
<msg timestamp="20240523 14:34:47.270" level="INFO">Slept 2 seconds</msg>
<status status="PASS" starttime="20240523 14:34:45.268" endtime="20240523 14:34:47.270"/>
</kw>
<kw name="Get Length" library="BuiltIn">
<var>${upload_function}</var>
<arg>${symvar('uploading_file_names')}</arg>
<doc>Returns and logs the length of the given item as an integer.</doc>
<msg timestamp="20240523 14:34:47.271" level="INFO">Sym.Dev.uploading_file_names: ['Z_BNWVS_ADMIN_CHANGweE.SAP', 'Z_BNWVS_ADMIN_CONTROL.SAP', 'Z_BNWVS_ADMIN_DISPLAY.SAP', 'Z_BNWVS_BATCHUSER.SAP']</msg>
<msg timestamp="20240523 14:34:47.271" level="INFO">Length is 4</msg>
<msg timestamp="20240523 14:34:47.271" level="INFO">${upload_function} = 4</msg>
<status status="PASS" starttime="20240523 14:34:47.270" endtime="20240523 14:34:47.271"/>
</kw>
<kw name="Log" library="BuiltIn">
<arg>${upload_function}</arg>
<doc>Logs the given message with the given level.</doc>
<msg timestamp="20240523 14:34:47.272" level="INFO">4</msg>
<status status="PASS" starttime="20240523 14:34:47.272" endtime="20240523 14:34:47.272"/>
</kw>
<for flavor="IN RANGE">
<var>${upload_index}</var>
<value>${upload_function}</value>
<iter>
<var name="${upload_index}">0</var>
<kw name="Sleep" library="BuiltIn">
<arg>2</arg>
<doc>Pauses the test executed for the given time.</doc>
<msg timestamp="20240523 14:34:49.273" level="INFO">Slept 2 seconds</msg>
<status status="PASS" starttime="20240523 14:34:47.273" endtime="20240523 14:34:49.273"/>
</kw>
<kw name="Click Element" library="SAP_Tcode_Library">
<arg>wnd[0]/mbar/menu[0]/menu[7]</arg>
<doc>Performs a single click on a given element. Used only for buttons, tabs and menu items.</doc>
<status status="PASS" starttime="20240523 14:34:49.273" endtime="20240523 14:34:49.656"/>
</kw>
<kw name="Sleep" library="BuiltIn">
<arg>3</arg>
<doc>Pauses the test executed for the given time.</doc>
<msg timestamp="20240523 14:34:52.658" level="INFO">Slept 3 seconds</msg>
<status status="PASS" starttime="20240523 14:34:49.657" endtime="20240523 14:34:52.658"/>
</kw>
<kw name="Clear Field Text" library="SAP_Tcode_Library">
<arg>wnd[1]/usr/ctxtDY_FILENAME</arg>
<msg timestamp="20240523 14:34:52.675" level="INFO">Text cleared in field with ID: wnd[1]/usr/ctxtDY_FILENAME</msg>
<status status="PASS" starttime="20240523 14:34:52.658" endtime="20240523 14:34:52.675"/>
</kw>
<kw name="Sleep" library="BuiltIn">
<arg>2</arg>
<doc>Pauses the test executed for the given time.</doc>
<msg timestamp="20240523 14:34:54.675" level="INFO">Slept 2 seconds</msg>
<status status="PASS" starttime="20240523 14:34:52.675" endtime="20240523 14:34:54.675"/>
</kw>
<kw name="Clear Field Text" library="SAP_Tcode_Library">
<arg>wnd[1]/usr/ctxtDY_PATH</arg>
<msg timestamp="20240523 14:34:54.679" level="INFO">Text cleared in field with ID: wnd[1]/usr/ctxtDY_PATH</msg>
<status status="PASS" starttime="20240523 14:34:54.675" endtime="20240523 14:34:54.679"/>
</kw>
<kw name="Sleep" library="BuiltIn">
<arg>2</arg>
<doc>Pauses the test executed for the given time.</doc>
<msg timestamp="20240523 14:34:56.680" level="INFO">Slept 2 seconds</msg>
<status status="PASS" starttime="20240523 14:34:54.679" endtime="20240523 14:34:56.680"/>
</kw>
<kw name="Input Text" library="SAP_Tcode_Library">
<arg>wnd[1]/usr/ctxtDY_PATH</arg>
<arg>${symvar('uploading_path')}</arg>
<doc>Inserts the given text into the text field identified by locator.
Use keyword `input password` to insert a password in a text field.</doc>
<msg timestamp="20240523 14:34:56.682" level="INFO">Sym.Dev.uploading_path: D:\RobotFramework\SAPtesting\Tests\Resource\Roles</msg>
<msg timestamp="20240523 14:34:56.688" level="INFO">Typing text 'D:\RobotFramework\SAPtesting\Tests\Resource\Roles' into text field 'wnd[1]/usr/ctxtDY_PATH'.</msg>
<status status="PASS" starttime="20240523 14:34:56.680" endtime="20240523 14:34:56.688"/>
</kw>
<kw name="Sleep" library="BuiltIn">
<arg>2</arg>
<doc>Pauses the test executed for the given time.</doc>
<msg timestamp="20240523 14:34:58.690" level="INFO">Slept 2 seconds</msg>
<status status="PASS" starttime="20240523 14:34:56.688" endtime="20240523 14:34:58.690"/>
</kw>
<kw name="Run Keyword And Return Status" library="BuiltIn">
<var>${upload_role_input}</var>
<arg>Input Text</arg>
<arg>wnd[1]/usr/ctxtDY_FILENAME</arg>
<arg>${symvar('uploading_file_names')}[${upload_index}]</arg>
<doc>Runs the given keyword with given arguments and returns the status as a Boolean value.</doc>
<kw name="Input Text" library="SAP_Tcode_Library">
<arg>wnd[1]/usr/ctxtDY_FILENAME</arg>
<arg>${symvar('uploading_file_names')}[${upload_index}]</arg>
<doc>Inserts the given text into the text field identified by locator.
Use keyword `input password` to insert a password in a text field.</doc>
<msg timestamp="20240523 14:34:58.692" level="INFO">Sym.Dev.uploading_file_names: ['Z_BNWVS_ADMIN_CHANGweE.SAP', 'Z_BNWVS_ADMIN_CONTROL.SAP', 'Z_BNWVS_ADMIN_DISPLAY.SAP', 'Z_BNWVS_BATCHUSER.SAP']</msg>
<msg timestamp="20240523 14:34:58.709" level="INFO">Typing text 'Z_BNWVS_ADMIN_CHANGweE.SAP' into text field 'wnd[1]/usr/ctxtDY_FILENAME'.</msg>
<status status="PASS" starttime="20240523 14:34:58.691" endtime="20240523 14:34:58.709"/>
</kw>
<msg timestamp="20240523 14:34:58.709" level="INFO">${upload_role_input} = True</msg>
<status status="PASS" starttime="20240523 14:34:58.690" endtime="20240523 14:34:58.709"/>
</kw>
<kw name="Run Keyword If" library="BuiltIn">
<arg>not ${upload_role_input}</arg>
<arg>Exit For Loop</arg>
<doc>Runs the given keyword with the given arguments, if ``condition`` is true.</doc>
<status status="PASS" starttime="20240523 14:34:58.709" endtime="20240523 14:34:58.710"/>
</kw>
<kw name="Sleep" library="BuiltIn">
<arg>2</arg>
<doc>Pauses the test executed for the given time.</doc>
<msg timestamp="20240523 14:35:00.711" level="INFO">Slept 2 seconds</msg>
<status status="PASS" starttime="20240523 14:34:58.710" endtime="20240523 14:35:00.711"/>
</kw>
<kw name="Click Element" library="SAP_Tcode_Library">
<arg>wnd[1]/tbar[0]/btn[0]</arg>
<doc>Performs a single click on a given element. Used only for buttons, tabs and menu items.</doc>
<status status="PASS" starttime="20240523 14:35:00.711" endtime="20240523 14:35:00.916"/>
</kw>
<kw name="Sleep" library="BuiltIn">
<arg>2</arg>
<doc>Pauses the test executed for the given time.</doc>
<msg timestamp="20240523 14:35:02.917" level="INFO">Slept 2 seconds</msg>
<status status="PASS" starttime="20240523 14:35:00.917" endtime="20240523 14:35:02.917"/>
</kw>
<kw name="Click Element" library="SAP_Tcode_Library">
<arg>wnd[1]/tbar[0]/btn[0]</arg>
<doc>Performs a single click on a given element. Used only for buttons, tabs and menu items.</doc>
<status status="PASS" starttime="20240523 14:35:02.917" endtime="20240523 14:35:03.081"/>
</kw>
<kw name="Sleep" library="BuiltIn">
<arg>3</arg>
<doc>Pauses the test executed for the given time.</doc>
<msg timestamp="20240523 14:35:06.081" level="INFO">Slept 3 seconds</msg>
<status status="PASS" starttime="20240523 14:35:03.081" endtime="20240523 14:35:06.081"/>
</kw>
<kw name="Get Value" library="SAP_Tcode_Library">
<var>${true_condition}</var>
<arg>wnd[0]/sbar/pane[0]</arg>
<doc>Gets the value of the given element. The possible return values depend on the type of element (see Return values).</doc>
<msg timestamp="20240523 14:35:06.086" level="INFO">${true_condition} = The file does not exist</msg>
<status status="PASS" starttime="20240523 14:35:06.081" endtime="20240523 14:35:06.086"/>
</kw>
<if>
<branch type="IF" condition="'${true_condition}' == 'The file does not exist'">
<kw name="Take Screenshot" library="SAP_Tcode_Library">
<arg>Role_not exist01.jpg</arg>
<doc>Takes a screenshot, only if 'screenshots on error' has been enabled,
either at import of with keyword `enable screenshots on error`.</doc>
<msg timestamp="20240523 14:35:06.171" level="INFO" html="true">&lt;a href="Role_not%20exist01.jpg"&gt;&lt;img src="Role_not%20exist01.jpg" width="800px"&gt;&lt;/a&gt;</msg>
<status status="PASS" starttime="20240523 14:35:06.087" endtime="20240523 14:35:06.171"/>
</kw>
<kw name="Sleep" library="BuiltIn">
<arg>2</arg>
<doc>Pauses the test executed for the given time.</doc>
<msg timestamp="20240523 14:35:08.173" level="INFO">Slept 2 seconds</msg>
<status status="PASS" starttime="20240523 14:35:06.171" endtime="20240523 14:35:08.173"/>
</kw>
<kw name="Log" library="BuiltIn">
<arg>${true_condition}</arg>
<doc>Logs the given message with the given level.</doc>
<msg timestamp="20240523 14:35:08.174" level="INFO">The file does not exist</msg>
<status status="PASS" starttime="20240523 14:35:08.173" endtime="20240523 14:35:08.174"/>
</kw>
<kw name="Log To Console" library="BuiltIn">
<arg>${true_condition}</arg>
<doc>Logs the given message to the console.</doc>
<status status="PASS" starttime="20240523 14:35:08.174" endtime="20240523 14:35:08.174"/>
</kw>
<kw name="Sleep" library="BuiltIn">
<arg>3</arg>
<doc>Pauses the test executed for the given time.</doc>
<msg timestamp="20240523 14:35:11.175" level="INFO">Slept 3 seconds</msg>
<status status="PASS" starttime="20240523 14:35:08.174" endtime="20240523 14:35:11.175"/>
</kw>
<kw name="Click Element" library="SAP_Tcode_Library">
<arg>wnd[1]/tbar[0]/btn[12]</arg>
<doc>Performs a single click on a given element. Used only for buttons, tabs and menu items.</doc>
<status status="PASS" starttime="20240523 14:35:11.175" endtime="20240523 14:35:11.337"/>
</kw>
<kw name="Sleep" library="BuiltIn">
<arg>2</arg>
<doc>Pauses the test executed for the given time.</doc>
<msg timestamp="20240523 14:35:13.338" level="INFO">Slept 2 seconds</msg>
<status status="PASS" starttime="20240523 14:35:11.338" endtime="20240523 14:35:13.338"/>
</kw>
<status status="PASS" starttime="20240523 14:35:06.087" endtime="20240523 14:35:13.338"/>
</branch>
<branch type="ELSE IF" condition="'${true_condition}' != 'The file does not exist'">
<kw name="Take Screenshot" library="SAP_Tcode_Library">
<arg>upload_role_02.jpg</arg>
<doc>Takes a screenshot, only if 'screenshots on error' has been enabled,
either at import of with keyword `enable screenshots on error`.</doc>
<status status="NOT RUN" starttime="20240523 14:35:13.338" endtime="20240523 14:35:13.339"/>
</kw>
<kw name="Sleep" library="BuiltIn">
<arg>2</arg>
<doc>Pauses the test executed for the given time.</doc>
<status status="NOT RUN" starttime="20240523 14:35:13.339" endtime="20240523 14:35:13.339"/>
</kw>
<kw name="Click Element" library="SAP_Tcode_Library">
<arg>wnd[0]/mbar/menu[3]/menu[1]</arg>
<doc>Performs a single click on a given element. Used only for buttons, tabs and menu items.</doc>
<status status="NOT RUN" starttime="20240523 14:35:13.339" endtime="20240523 14:35:13.339"/>
</kw>
<kw name="Sleep" library="BuiltIn">
<arg>2</arg>
<doc>Pauses the test executed for the given time.</doc>
<status status="NOT RUN" starttime="20240523 14:35:13.339" endtime="20240523 14:35:13.339"/>
</kw>
<kw name="Select Radio Button" library="SAP_Tcode_Library">
<arg>wnd[0]/usr/radPRT_ALL</arg>
<doc>Sets radio button to the specified value.</doc>
<status status="NOT RUN" starttime="20240523 14:35:13.340" endtime="20240523 14:35:13.340"/>
</kw>
<kw name="Sleep" library="BuiltIn">
<arg>2</arg>
<doc>Pauses the test executed for the given time.</doc>
<status status="NOT RUN" starttime="20240523 14:35:13.340" endtime="20240523 14:35:13.340"/>
</kw>
<kw name="Click Element" library="SAP_Tcode_Library">
<arg>wnd[0]/usr/btn%_SEL_SHT_%_APP_%-VALU_PUSH</arg>
<doc>Performs a single click on a given element. Used only for buttons, tabs and menu items.</doc>
<status status="NOT RUN" starttime="20240523 14:35:13.340" endtime="20240523 14:35:13.340"/>
</kw>
<kw name="Sleep" library="BuiltIn">
<arg>2</arg>
<doc>Pauses the test executed for the given time.</doc>
<status status="NOT RUN" starttime="20240523 14:35:13.340" endtime="20240523 14:35:13.341"/>
</kw>
<kw name="Input Text" library="SAP_Tcode_Library">
<arg>wnd[1]/usr/tabsTAB_STRIP/tabpSIVA/ssubSCREEN_HEADER:SAPLALDB:3010/tblSAPLALDBSINGLE/ctxtRSCSEL_255-SLOW_I[1,0]</arg>
<arg>${symvar('upload_role_names')}[${upload_index}]</arg>
<doc>Inserts the given text into the text field identified by locator.
Use keyword `input password` to insert a password in a text field.</doc>
<status status="NOT RUN" starttime="20240523 14:35:13.341" endtime="20240523 14:35:13.341"/>
</kw>
<kw name="Sleep" library="BuiltIn">
<arg>2</arg>
<doc>Pauses the test executed for the given time.</doc>
<status status="NOT RUN" starttime="20240523 14:35:13.341" endtime="20240523 14:35:13.341"/>
</kw>
<kw name="Click Element" library="SAP_Tcode_Library">
<arg>wnd[1]/tbar[0]/btn[8]</arg>
<doc>Performs a single click on a given element. Used only for buttons, tabs and menu items.</doc>
<status status="NOT RUN" starttime="20240523 14:35:13.341" endtime="20240523 14:35:13.341"/>
</kw>
<kw name="Sleep" library="BuiltIn">
<arg>2</arg>
<doc>Pauses the test executed for the given time.</doc>
<status status="NOT RUN" starttime="20240523 14:35:13.341" endtime="20240523 14:35:13.342"/>
</kw>
<kw name="Select Checkbox" library="SAP_Tcode_Library">
<arg>wnd[0]/usr/chkAUTO_GEN</arg>
<doc>Selects checkbox identified by locator.
Does nothing if the checkbox is already selected.</doc>
<status status="NOT RUN" starttime="20240523 14:35:13.342" endtime="20240523 14:35:13.342"/>
</kw>
<kw name="Sleep" library="BuiltIn">
<arg>2</arg>
<doc>Pauses the test executed for the given time.</doc>
<status status="NOT RUN" starttime="20240523 14:35:13.342" endtime="20240523 14:35:13.342"/>
</kw>
<kw name="Click Element" library="SAP_Tcode_Library">
<arg>wnd[0]/tbar[1]/btn[8]</arg>
<doc>Performs a single click on a given element. Used only for buttons, tabs and menu items.</doc>
<status status="NOT RUN" starttime="20240523 14:35:13.343" endtime="20240523 14:35:13.343"/>
</kw>
<kw name="Sleep" library="BuiltIn">
<arg>2</arg>
<doc>Pauses the test executed for the given time.</doc>
<status status="NOT RUN" starttime="20240523 14:35:13.343" endtime="20240523 14:35:13.343"/>
</kw>
<kw name="Click Element" library="SAP_Tcode_Library">
<arg>wnd[1]/usr/btnBUTTON_2</arg>
<doc>Performs a single click on a given element. Used only for buttons, tabs and menu items.</doc>
<status status="NOT RUN" starttime="20240523 14:35:13.343" endtime="20240523 14:35:13.343"/>
</kw>
<kw name="Sleep" library="BuiltIn">
<arg>2</arg>
<doc>Pauses the test executed for the given time.</doc>
<status status="NOT RUN" starttime="20240523 14:35:13.343" endtime="20240523 14:35:13.343"/>
</kw>
<kw name="Click Element" library="SAP_Tcode_Library">
<arg>wnd[0]/tbar[0]/btn[3]</arg>
<doc>Performs a single click on a given element. Used only for buttons, tabs and menu items.</doc>
<status status="NOT RUN" starttime="20240523 14:35:13.344" endtime="20240523 14:35:13.344"/>
</kw>
<kw name="Sleep" library="BuiltIn">
<arg>2</arg>
<doc>Pauses the test executed for the given time.</doc>
<status status="NOT RUN" starttime="20240523 14:35:13.344" endtime="20240523 14:35:13.344"/>
</kw>
<kw name="Click Element" library="SAP_Tcode_Library">
<arg>wnd[0]/tbar[0]/btn[3]</arg>
<doc>Performs a single click on a given element. Used only for buttons, tabs and menu items.</doc>
<status status="NOT RUN" starttime="20240523 14:35:13.344" endtime="20240523 14:35:13.344"/>
</kw>
<kw name="Sleep" library="BuiltIn">
<arg>2</arg>
<doc>Pauses the test executed for the given time.</doc>
<status status="NOT RUN" starttime="20240523 14:35:13.344" endtime="20240523 14:35:13.345"/>
</kw>
<kw name="Click Element" library="SAP_Tcode_Library">
<arg>wnd[0]/tbar[0]/btn[3]</arg>
<doc>Performs a single click on a given element. Used only for buttons, tabs and menu items.</doc>
<status status="NOT RUN" starttime="20240523 14:35:13.345" endtime="20240523 14:35:13.345"/>
</kw>
<kw name="Sleep" library="BuiltIn">
<arg>2</arg>
<doc>Pauses the test executed for the given time.</doc>
<status status="NOT RUN" starttime="20240523 14:35:13.345" endtime="20240523 14:35:13.345"/>
</kw>
<kw name="Click Element" library="SAP_Tcode_Library">
<arg>wnd[0]/tbar[0]/btn[3]</arg>
<doc>Performs a single click on a given element. Used only for buttons, tabs and menu items.</doc>
<status status="NOT RUN" starttime="20240523 14:35:13.345" endtime="20240523 14:35:13.345"/>
</kw>
<kw name="Sleep" library="BuiltIn">
<arg>2</arg>
<doc>Pauses the test executed for the given time.</doc>
<status status="NOT RUN" starttime="20240523 14:35:13.345" endtime="20240523 14:35:13.346"/>
</kw>
<kw name="Take Screenshot" library="SAP_Tcode_Library">
<arg>upload_role_03.jpg</arg>
<doc>Takes a screenshot, only if 'screenshots on error' has been enabled,
either at import of with keyword `enable screenshots on error`.</doc>
<status status="NOT RUN" starttime="20240523 14:35:13.346" endtime="20240523 14:35:13.346"/>
</kw>
<status status="NOT RUN" starttime="20240523 14:35:13.338" endtime="20240523 14:35:13.346"/>
</branch>
<status status="PASS" starttime="20240523 14:35:06.087" endtime="20240523 14:35:13.346"/>
</if>
<status status="PASS" starttime="20240523 14:34:47.272" endtime="20240523 14:35:13.346"/>
</iter>
<iter>
<var name="${upload_index}">1</var>
<kw name="Sleep" library="BuiltIn">
<arg>2</arg>
<doc>Pauses the test executed for the given time.</doc>
<msg timestamp="20240523 14:35:15.348" level="INFO">Slept 2 seconds</msg>
<status status="PASS" starttime="20240523 14:35:13.346" endtime="20240523 14:35:15.348"/>
</kw>
<kw name="Click Element" library="SAP_Tcode_Library">
<arg>wnd[0]/mbar/menu[0]/menu[7]</arg>
<doc>Performs a single click on a given element. Used only for buttons, tabs and menu items.</doc>
<status status="PASS" starttime="20240523 14:35:15.348" endtime="20240523 14:35:15.722"/>
</kw>
<kw name="Sleep" library="BuiltIn">
<arg>3</arg>
<doc>Pauses the test executed for the given time.</doc>
<msg timestamp="20240523 14:35:18.723" level="INFO">Slept 3 seconds</msg>
<status status="PASS" starttime="20240523 14:35:15.723" endtime="20240523 14:35:18.723"/>
</kw>
<kw name="Clear Field Text" library="SAP_Tcode_Library">
<arg>wnd[1]/usr/ctxtDY_FILENAME</arg>
<msg timestamp="20240523 14:35:18.739" level="INFO">Text cleared in field with ID: wnd[1]/usr/ctxtDY_FILENAME</msg>
<status status="PASS" starttime="20240523 14:35:18.723" endtime="20240523 14:35:18.739"/>
</kw>
<kw name="Sleep" library="BuiltIn">
<arg>2</arg>
<doc>Pauses the test executed for the given time.</doc>
<msg timestamp="20240523 14:35:20.740" level="INFO">Slept 2 seconds</msg>
<status status="PASS" starttime="20240523 14:35:18.739" endtime="20240523 14:35:20.740"/>
</kw>
<kw name="Clear Field Text" library="SAP_Tcode_Library">
<arg>wnd[1]/usr/ctxtDY_PATH</arg>
<msg timestamp="20240523 14:35:20.744" level="INFO">Text cleared in field with ID: wnd[1]/usr/ctxtDY_PATH</msg>
<status status="PASS" starttime="20240523 14:35:20.740" endtime="20240523 14:35:20.744"/>
</kw>
<kw name="Sleep" library="BuiltIn">
<arg>2</arg>
<doc>Pauses the test executed for the given time.</doc>
<msg timestamp="20240523 14:35:22.745" level="INFO">Slept 2 seconds</msg>
<status status="PASS" starttime="20240523 14:35:20.744" endtime="20240523 14:35:22.745"/>
</kw>
<kw name="Input Text" library="SAP_Tcode_Library">
<arg>wnd[1]/usr/ctxtDY_PATH</arg>
<arg>${symvar('uploading_path')}</arg>
<doc>Inserts the given text into the text field identified by locator.
Use keyword `input password` to insert a password in a text field.</doc>
<msg timestamp="20240523 14:35:22.747" level="INFO">Sym.Dev.uploading_path: D:\RobotFramework\SAPtesting\Tests\Resource\Roles</msg>
<msg timestamp="20240523 14:35:22.753" level="INFO">Typing text 'D:\RobotFramework\SAPtesting\Tests\Resource\Roles' into text field 'wnd[1]/usr/ctxtDY_PATH'.</msg>
<status status="PASS" starttime="20240523 14:35:22.745" endtime="20240523 14:35:22.753"/>
</kw>
<kw name="Sleep" library="BuiltIn">
<arg>2</arg>
<doc>Pauses the test executed for the given time.</doc>
<msg timestamp="20240523 14:35:24.753" level="INFO">Slept 2 seconds</msg>
<status status="PASS" starttime="20240523 14:35:22.753" endtime="20240523 14:35:24.753"/>
</kw>
<kw name="Run Keyword And Return Status" library="BuiltIn">
<var>${upload_role_input}</var>
<arg>Input Text</arg>
<arg>wnd[1]/usr/ctxtDY_FILENAME</arg>
<arg>${symvar('uploading_file_names')}[${upload_index}]</arg>
<doc>Runs the given keyword with given arguments and returns the status as a Boolean value.</doc>
<kw name="Input Text" library="SAP_Tcode_Library">
<arg>wnd[1]/usr/ctxtDY_FILENAME</arg>
<arg>${symvar('uploading_file_names')}[${upload_index}]</arg>
<doc>Inserts the given text into the text field identified by locator.
Use keyword `input password` to insert a password in a text field.</doc>
<msg timestamp="20240523 14:35:24.756" level="INFO">Sym.Dev.uploading_file_names: ['Z_BNWVS_ADMIN_CHANGweE.SAP', 'Z_BNWVS_ADMIN_CONTROL.SAP', 'Z_BNWVS_ADMIN_DISPLAY.SAP', 'Z_BNWVS_BATCHUSER.SAP']</msg>
<msg timestamp="20240523 14:35:24.773" level="INFO">Typing text 'Z_BNWVS_ADMIN_CONTROL.SAP' into text field 'wnd[1]/usr/ctxtDY_FILENAME'.</msg>
<status status="PASS" starttime="20240523 14:35:24.754" endtime="20240523 14:35:24.773"/>
</kw>
<msg timestamp="20240523 14:35:24.774" level="INFO">${upload_role_input} = True</msg>
<status status="PASS" starttime="20240523 14:35:24.753" endtime="20240523 14:35:24.774"/>
</kw>
<kw name="Run Keyword If" library="BuiltIn">
<arg>not ${upload_role_input}</arg>
<arg>Exit For Loop</arg>
<doc>Runs the given keyword with the given arguments, if ``condition`` is true.</doc>
<status status="PASS" starttime="20240523 14:35:24.774" endtime="20240523 14:35:24.774"/>
</kw>
<kw name="Sleep" library="BuiltIn">
<arg>2</arg>
<doc>Pauses the test executed for the given time.</doc>
<msg timestamp="20240523 14:35:26.775" level="INFO">Slept 2 seconds</msg>
<status status="PASS" starttime="20240523 14:35:24.775" endtime="20240523 14:35:26.775"/>
</kw>
<kw name="Click Element" library="SAP_Tcode_Library">
<arg>wnd[1]/tbar[0]/btn[0]</arg>
<doc>Performs a single click on a given element. Used only for buttons, tabs and menu items.</doc>
<status status="PASS" starttime="20240523 14:35:26.775" endtime="20240523 14:36:03.076"/>
</kw>
<kw name="Sleep" library="BuiltIn">
<arg>2</arg>
<doc>Pauses the test executed for the given time.</doc>
<msg timestamp="20240523 14:36:05.078" level="INFO">Slept 2 seconds</msg>
<status status="PASS" starttime="20240523 14:36:03.077" endtime="20240523 14:36:05.078"/>
</kw>
<kw name="Click Element" library="SAP_Tcode_Library">
<arg>wnd[1]/tbar[0]/btn[0]</arg>
<doc>Performs a single click on a given element. Used only for buttons, tabs and menu items.</doc>
<status status="PASS" starttime="20240523 14:36:05.078" endtime="20240523 14:36:05.470"/>
</kw>
<kw name="Sleep" library="BuiltIn">
<arg>3</arg>
<doc>Pauses the test executed for the given time.</doc>
<msg timestamp="20240523 14:36:08.471" level="INFO">Slept 3 seconds</msg>
<status status="PASS" starttime="20240523 14:36:05.470" endtime="20240523 14:36:08.471"/>
</kw>
<kw name="Get Value" library="SAP_Tcode_Library">
<var>${true_condition}</var>
<arg>wnd[0]/sbar/pane[0]</arg>
<doc>Gets the value of the given element. The possible return values depend on the type of element (see Return values).</doc>
<msg timestamp="20240523 14:36:08.476" level="INFO">${true_condition} = One role was uploaded from the file</msg>
<status status="PASS" starttime="20240523 14:36:08.471" endtime="20240523 14:36:08.477"/>
</kw>
<if>
<branch type="IF" condition="'${true_condition}' == 'The file does not exist'">
<kw name="Take Screenshot" library="SAP_Tcode_Library">
<arg>Role_not exist01.jpg</arg>
<doc>Takes a screenshot, only if 'screenshots on error' has been enabled,
either at import of with keyword `enable screenshots on error`.</doc>
<status status="NOT RUN" starttime="20240523 14:36:08.477" endtime="20240523 14:36:08.477"/>
</kw>
<kw name="Sleep" library="BuiltIn">
<arg>2</arg>
<doc>Pauses the test executed for the given time.</doc>
<status status="NOT RUN" starttime="20240523 14:36:08.477" endtime="20240523 14:36:08.478"/>
</kw>
<kw name="Log" library="BuiltIn">
<arg>${true_condition}</arg>
<doc>Logs the given message with the given level.</doc>
<status status="NOT RUN" starttime="20240523 14:36:08.478" endtime="20240523 14:36:08.478"/>
</kw>
<kw name="Log To Console" library="BuiltIn">
<arg>${true_condition}</arg>
<doc>Logs the given message to the console.</doc>
<status status="NOT RUN" starttime="20240523 14:36:08.478" endtime="20240523 14:36:08.478"/>
</kw>
<kw name="Sleep" library="BuiltIn">
<arg>3</arg>
<doc>Pauses the test executed for the given time.</doc>
<status status="NOT RUN" starttime="20240523 14:36:08.478" endtime="20240523 14:36:08.478"/>
</kw>
<kw name="Click Element" library="SAP_Tcode_Library">
<arg>wnd[1]/tbar[0]/btn[12]</arg>
<doc>Performs a single click on a given element. Used only for buttons, tabs and menu items.</doc>
<status status="NOT RUN" starttime="20240523 14:36:08.479" endtime="20240523 14:36:08.479"/>
</kw>
<kw name="Sleep" library="BuiltIn">
<arg>2</arg>
<doc>Pauses the test executed for the given time.</doc>
<status status="NOT RUN" starttime="20240523 14:36:08.479" endtime="20240523 14:36:08.479"/>
</kw>
<status status="NOT RUN" starttime="20240523 14:36:08.477" endtime="20240523 14:36:08.479"/>
</branch>
<branch type="ELSE IF" condition="'${true_condition}' != 'The file does not exist'">
<kw name="Take Screenshot" library="SAP_Tcode_Library">
<arg>upload_role_02.jpg</arg>
<doc>Takes a screenshot, only if 'screenshots on error' has been enabled,
either at import of with keyword `enable screenshots on error`.</doc>
<msg timestamp="20240523 14:36:08.549" level="INFO" html="true">&lt;a href="upload_role_02.jpg"&gt;&lt;img src="upload_role_02.jpg" width="800px"&gt;&lt;/a&gt;</msg>
<status status="PASS" starttime="20240523 14:36:08.479" endtime="20240523 14:36:08.549"/>
</kw>
<kw name="Sleep" library="BuiltIn">
<arg>2</arg>
<doc>Pauses the test executed for the given time.</doc>
<msg timestamp="20240523 14:36:10.551" level="INFO">Slept 2 seconds</msg>
<status status="PASS" starttime="20240523 14:36:08.550" endtime="20240523 14:36:10.551"/>
</kw>
<kw name="Click Element" library="SAP_Tcode_Library">
<arg>wnd[0]/mbar/menu[3]/menu[1]</arg>
<doc>Performs a single click on a given element. Used only for buttons, tabs and menu items.</doc>
<status status="PASS" starttime="20240523 14:36:10.551" endtime="20240523 14:36:10.771"/>
</kw>
<kw name="Sleep" library="BuiltIn">
<arg>2</arg>
<doc>Pauses the test executed for the given time.</doc>
<msg timestamp="20240523 14:36:12.772" level="INFO">Slept 2 seconds</msg>
<status status="PASS" starttime="20240523 14:36:10.772" endtime="20240523 14:36:12.772"/>
</kw>
<kw name="Select Radio Button" library="SAP_Tcode_Library">
<arg>wnd[0]/usr/radPRT_ALL</arg>
<doc>Sets radio button to the specified value.</doc>
<status status="PASS" starttime="20240523 14:36:12.772" endtime="20240523 14:36:12.779"/>
</kw>
<kw name="Sleep" library="BuiltIn">
<arg>2</arg>
<doc>Pauses the test executed for the given time.</doc>
<msg timestamp="20240523 14:36:14.781" level="INFO">Slept 2 seconds</msg>
<status status="PASS" starttime="20240523 14:36:12.779" endtime="20240523 14:36:14.781"/>
</kw>
<kw name="Click Element" library="SAP_Tcode_Library">
<arg>wnd[0]/usr/btn%_SEL_SHT_%_APP_%-VALU_PUSH</arg>
<doc>Performs a single click on a given element. Used only for buttons, tabs and menu items.</doc>
<status status="PASS" starttime="20240523 14:36:14.781" endtime="20240523 14:36:14.944"/>
</kw>
<kw name="Sleep" library="BuiltIn">
<arg>2</arg>
<doc>Pauses the test executed for the given time.</doc>
<msg timestamp="20240523 14:36:16.945" level="INFO">Slept 2 seconds</msg>
<status status="PASS" starttime="20240523 14:36:14.944" endtime="20240523 14:36:16.945"/>
</kw>
<kw name="Input Text" library="SAP_Tcode_Library">
<arg>wnd[1]/usr/tabsTAB_STRIP/tabpSIVA/ssubSCREEN_HEADER:SAPLALDB:3010/tblSAPLALDBSINGLE/ctxtRSCSEL_255-SLOW_I[1,0]</arg>
<arg>${symvar('upload_role_names')}[${upload_index}]</arg>
<doc>Inserts the given text into the text field identified by locator.
Use keyword `input password` to insert a password in a text field.</doc>
<msg timestamp="20240523 14:36:16.946" level="INFO">Sym.Dev.upload_role_names: ['Z_BNWVS_ADMIN_CHANGweE', 'Z_BNWVS_ADMIN_CONTROL', 'Z_BNWVS_ADMIN_DISPLAY', 'Z_BNWVS_BATCHUSER']</msg>
<msg timestamp="20240523 14:36:16.981" level="INFO">Typing text 'Z_BNWVS_ADMIN_CONTROL' into text field 'wnd[1]/usr/tabsTAB_STRIP/tabpSIVA/ssubSCREEN_HEADER:SAPLALDB:3010/tblSAPLALDBSINGLE/ctxtRSCSEL_255-SLOW_I[1,0]'.</msg>
<status status="PASS" starttime="20240523 14:36:16.945" endtime="20240523 14:36:16.981"/>
</kw>
<kw name="Sleep" library="BuiltIn">
<arg>2</arg>
<doc>Pauses the test executed for the given time.</doc>
<msg timestamp="20240523 14:36:18.982" level="INFO">Slept 2 seconds</msg>
<status status="PASS" starttime="20240523 14:36:16.982" endtime="20240523 14:36:18.982"/>
</kw>
<kw name="Click Element" library="SAP_Tcode_Library">
<arg>wnd[1]/tbar[0]/btn[8]</arg>
<doc>Performs a single click on a given element. Used only for buttons, tabs and menu items.</doc>
<status status="PASS" starttime="20240523 14:36:18.982" endtime="20240523 14:36:19.167"/>
</kw>
<kw name="Sleep" library="BuiltIn">
<arg>2</arg>
<doc>Pauses the test executed for the given time.</doc>
<msg timestamp="20240523 14:36:21.167" level="INFO">Slept 2 seconds</msg>
<status status="PASS" starttime="20240523 14:36:19.167" endtime="20240523 14:36:21.167"/>
</kw>
<kw name="Select Checkbox" library="SAP_Tcode_Library">
<arg>wnd[0]/usr/chkAUTO_GEN</arg>
<doc>Selects checkbox identified by locator.
Does nothing if the checkbox is already selected.</doc>
<status status="PASS" starttime="20240523 14:36:21.167" endtime="20240523 14:36:21.173"/>
</kw>
<kw name="Sleep" library="BuiltIn">
<arg>2</arg>
<doc>Pauses the test executed for the given time.</doc>
<msg timestamp="20240523 14:36:23.174" level="INFO">Slept 2 seconds</msg>
<status status="PASS" starttime="20240523 14:36:21.173" endtime="20240523 14:36:23.174"/>
</kw>
<kw name="Click Element" library="SAP_Tcode_Library">
<arg>wnd[0]/tbar[1]/btn[8]</arg>
<doc>Performs a single click on a given element. Used only for buttons, tabs and menu items.</doc>
<status status="PASS" starttime="20240523 14:36:23.174" endtime="20240523 14:36:23.571"/>
</kw>
<kw name="Sleep" library="BuiltIn">
<arg>2</arg>
<doc>Pauses the test executed for the given time.</doc>
<msg timestamp="20240523 14:36:25.573" level="INFO">Slept 2 seconds</msg>
<status status="PASS" starttime="20240523 14:36:23.572" endtime="20240523 14:36:25.573"/>
</kw>
<kw name="Click Element" library="SAP_Tcode_Library">
<arg>wnd[1]/usr/btnBUTTON_2</arg>
<doc>Performs a single click on a given element. Used only for buttons, tabs and menu items.</doc>
<status status="PASS" starttime="20240523 14:36:25.573" endtime="20240523 14:36:25.941"/>
</kw>
<kw name="Sleep" library="BuiltIn">
<arg>2</arg>
<doc>Pauses the test executed for the given time.</doc>
<msg timestamp="20240523 14:36:27.941" level="INFO">Slept 2 seconds</msg>
<status status="PASS" starttime="20240523 14:36:25.941" endtime="20240523 14:36:27.941"/>
</kw>
<kw name="Click Element" library="SAP_Tcode_Library">
<arg>wnd[0]/tbar[0]/btn[3]</arg>
<doc>Performs a single click on a given element. Used only for buttons, tabs and menu items.</doc>
<status status="PASS" starttime="20240523 14:36:27.941" endtime="20240523 14:36:28.249"/>
</kw>
<kw name="Sleep" library="BuiltIn">
<arg>2</arg>
<doc>Pauses the test executed for the given time.</doc>
<msg timestamp="20240523 14:36:30.251" level="INFO">Slept 2 seconds</msg>
<status status="PASS" starttime="20240523 14:36:28.250" endtime="20240523 14:36:30.251"/>
</kw>
<kw name="Click Element" library="SAP_Tcode_Library">
<arg>wnd[0]/tbar[0]/btn[3]</arg>
<doc>Performs a single click on a given element. Used only for buttons, tabs and menu items.</doc>
<status status="PASS" starttime="20240523 14:36:30.251" endtime="20240523 14:36:30.514"/>
</kw>
<kw name="Sleep" library="BuiltIn">
<arg>2</arg>
<doc>Pauses the test executed for the given time.</doc>
<msg timestamp="20240523 14:36:32.514" level="INFO">Slept 2 seconds</msg>
<status status="PASS" starttime="20240523 14:36:30.514" endtime="20240523 14:36:32.514"/>
</kw>
<kw name="Click Element" library="SAP_Tcode_Library">
<arg>wnd[0]/tbar[0]/btn[3]</arg>
<doc>Performs a single click on a given element. Used only for buttons, tabs and menu items.</doc>
<status status="PASS" starttime="20240523 14:36:32.514" endtime="20240523 14:36:32.689"/>
</kw>
<kw name="Sleep" library="BuiltIn">
<arg>2</arg>
<doc>Pauses the test executed for the given time.</doc>
<msg timestamp="20240523 14:36:34.690" level="INFO">Slept 2 seconds</msg>
<status status="PASS" starttime="20240523 14:36:32.690" endtime="20240523 14:36:34.690"/>
</kw>
<kw name="Click Element" library="SAP_Tcode_Library">
<arg>wnd[0]/tbar[0]/btn[3]</arg>
<doc>Performs a single click on a given element. Used only for buttons, tabs and menu items.</doc>
<status status="PASS" starttime="20240523 14:36:34.690" endtime="20240523 14:36:34.842"/>
</kw>
<kw name="Sleep" library="BuiltIn">
<arg>2</arg>
<doc>Pauses the test executed for the given time.</doc>
<msg timestamp="20240523 14:36:36.844" level="INFO">Slept 2 seconds</msg>
<status status="PASS" starttime="20240523 14:36:34.842" endtime="20240523 14:36:36.844"/>
</kw>
<kw name="Take Screenshot" library="SAP_Tcode_Library">
<arg>upload_role_03.jpg</arg>
<doc>Takes a screenshot, only if 'screenshots on error' has been enabled,
either at import of with keyword `enable screenshots on error`.</doc>
<msg timestamp="20240523 14:36:36.904" level="INFO" html="true">&lt;a href="upload_role_03.jpg"&gt;&lt;img src="upload_role_03.jpg" width="800px"&gt;&lt;/a&gt;</msg>
<status status="PASS" starttime="20240523 14:36:36.844" endtime="20240523 14:36:36.904"/>
</kw>
<status status="PASS" starttime="20240523 14:36:08.479" endtime="20240523 14:36:36.904"/>
</branch>
<status status="PASS" starttime="20240523 14:36:08.477" endtime="20240523 14:36:36.905"/>
</if>
<status status="PASS" starttime="20240523 14:35:13.346" endtime="20240523 14:36:36.905"/>
</iter>
<iter>
<var name="${upload_index}">2</var>
<kw name="Sleep" library="BuiltIn">
<arg>2</arg>
<doc>Pauses the test executed for the given time.</doc>
<msg timestamp="20240523 14:36:38.906" level="INFO">Slept 2 seconds</msg>
<status status="PASS" starttime="20240523 14:36:36.905" endtime="20240523 14:36:38.906"/>
</kw>
<kw name="Click Element" library="SAP_Tcode_Library">
<arg>wnd[0]/mbar/menu[0]/menu[7]</arg>
<doc>Performs a single click on a given element. Used only for buttons, tabs and menu items.</doc>
<status status="PASS" starttime="20240523 14:36:38.906" endtime="20240523 14:36:39.287"/>
</kw>
<kw name="Sleep" library="BuiltIn">
<arg>3</arg>
<doc>Pauses the test executed for the given time.</doc>
<msg timestamp="20240523 14:36:42.288" level="INFO">Slept 3 seconds</msg>
<status status="PASS" starttime="20240523 14:36:39.288" endtime="20240523 14:36:42.288"/>
</kw>
<kw name="Clear Field Text" library="SAP_Tcode_Library">
<arg>wnd[1]/usr/ctxtDY_FILENAME</arg>
<msg timestamp="20240523 14:36:42.303" level="INFO">Text cleared in field with ID: wnd[1]/usr/ctxtDY_FILENAME</msg>
<status status="PASS" starttime="20240523 14:36:42.288" endtime="20240523 14:36:42.303"/>
</kw>
<kw name="Sleep" library="BuiltIn">
<arg>2</arg>
<doc>Pauses the test executed for the given time.</doc>
<msg timestamp="20240523 14:36:44.303" level="INFO">Slept 2 seconds</msg>
<status status="PASS" starttime="20240523 14:36:42.303" endtime="20240523 14:36:44.303"/>
</kw>
<kw name="Clear Field Text" library="SAP_Tcode_Library">
<arg>wnd[1]/usr/ctxtDY_PATH</arg>
<msg timestamp="20240523 14:36:44.307" level="INFO">Text cleared in field with ID: wnd[1]/usr/ctxtDY_PATH</msg>
<status status="PASS" starttime="20240523 14:36:44.303" endtime="20240523 14:36:44.307"/>
</kw>
<kw name="Sleep" library="BuiltIn">
<arg>2</arg>
<doc>Pauses the test executed for the given time.</doc>
<msg timestamp="20240523 14:36:46.309" level="INFO">Slept 2 seconds</msg>
<status status="PASS" starttime="20240523 14:36:44.307" endtime="20240523 14:36:46.309"/>
</kw>
<kw name="Input Text" library="SAP_Tcode_Library">
<arg>wnd[1]/usr/ctxtDY_PATH</arg>
<arg>${symvar('uploading_path')}</arg>
<doc>Inserts the given text into the text field identified by locator.
Use keyword `input password` to insert a password in a text field.</doc>
<msg timestamp="20240523 14:36:46.310" level="INFO">Sym.Dev.uploading_path: D:\RobotFramework\SAPtesting\Tests\Resource\Roles</msg>
<msg timestamp="20240523 14:36:46.315" level="INFO">Typing text 'D:\RobotFramework\SAPtesting\Tests\Resource\Roles' into text field 'wnd[1]/usr/ctxtDY_PATH'.</msg>
<status status="PASS" starttime="20240523 14:36:46.309" endtime="20240523 14:36:46.315"/>
</kw>
<kw name="Sleep" library="BuiltIn">
<arg>2</arg>
<doc>Pauses the test executed for the given time.</doc>
<msg timestamp="20240523 14:36:48.317" level="INFO">Slept 2 seconds</msg>
<status status="PASS" starttime="20240523 14:36:46.316" endtime="20240523 14:36:48.317"/>
</kw>
<kw name="Run Keyword And Return Status" library="BuiltIn">
<var>${upload_role_input}</var>
<arg>Input Text</arg>
<arg>wnd[1]/usr/ctxtDY_FILENAME</arg>
<arg>${symvar('uploading_file_names')}[${upload_index}]</arg>
<doc>Runs the given keyword with given arguments and returns the status as a Boolean value.</doc>
<kw name="Input Text" library="SAP_Tcode_Library">
<arg>wnd[1]/usr/ctxtDY_FILENAME</arg>
<arg>${symvar('uploading_file_names')}[${upload_index}]</arg>
<doc>Inserts the given text into the text field identified by locator.
Use keyword `input password` to insert a password in a text field.</doc>
<msg timestamp="20240523 14:36:48.319" level="INFO">Sym.Dev.uploading_file_names: ['Z_BNWVS_ADMIN_CHANGweE.SAP', 'Z_BNWVS_ADMIN_CONTROL.SAP', 'Z_BNWVS_ADMIN_DISPLAY.SAP', 'Z_BNWVS_BATCHUSER.SAP']</msg>
<msg timestamp="20240523 14:36:48.335" level="INFO">Typing text 'Z_BNWVS_ADMIN_DISPLAY.SAP' into text field 'wnd[1]/usr/ctxtDY_FILENAME'.</msg>
<status status="PASS" starttime="20240523 14:36:48.318" endtime="20240523 14:36:48.335"/>
</kw>
<msg timestamp="20240523 14:36:48.335" level="INFO">${upload_role_input} = True</msg>
<status status="PASS" starttime="20240523 14:36:48.317" endtime="20240523 14:36:48.335"/>
</kw>
<kw name="Run Keyword If" library="BuiltIn">
<arg>not ${upload_role_input}</arg>
<arg>Exit For Loop</arg>
<doc>Runs the given keyword with the given arguments, if ``condition`` is true.</doc>
<status status="PASS" starttime="20240523 14:36:48.335" endtime="20240523 14:36:48.336"/>
</kw>
<kw name="Sleep" library="BuiltIn">
<arg>2</arg>
<doc>Pauses the test executed for the given time.</doc>
<msg timestamp="20240523 14:36:50.336" level="INFO">Slept 2 seconds</msg>
<status status="PASS" starttime="20240523 14:36:48.336" endtime="20240523 14:36:50.336"/>
</kw>
<kw name="Click Element" library="SAP_Tcode_Library">
<arg>wnd[1]/tbar[0]/btn[0]</arg>
<doc>Performs a single click on a given element. Used only for buttons, tabs and menu items.</doc>
<status status="PASS" starttime="20240523 14:36:50.336" endtime="20240523 14:36:56.387"/>
</kw>
<kw name="Sleep" library="BuiltIn">
<arg>2</arg>
<doc>Pauses the test executed for the given time.</doc>
<msg timestamp="20240523 14:36:58.388" level="INFO">Slept 2 seconds</msg>
<status status="PASS" starttime="20240523 14:36:56.387" endtime="20240523 14:36:58.388"/>
</kw>
<kw name="Click Element" library="SAP_Tcode_Library">
<arg>wnd[1]/tbar[0]/btn[0]</arg>
<doc>Performs a single click on a given element. Used only for buttons, tabs and menu items.</doc>
<status status="PASS" starttime="20240523 14:36:58.388" endtime="20240523 14:36:58.794"/>
</kw>
<kw name="Sleep" library="BuiltIn">
<arg>3</arg>
<doc>Pauses the test executed for the given time.</doc>
<msg timestamp="20240523 14:37:01.796" level="INFO">Slept 3 seconds</msg>
<status status="PASS" starttime="20240523 14:36:58.794" endtime="20240523 14:37:01.796"/>
</kw>
<kw name="Get Value" library="SAP_Tcode_Library">
<var>${true_condition}</var>
<arg>wnd[0]/sbar/pane[0]</arg>
<doc>Gets the value of the given element. The possible return values depend on the type of element (see Return values).</doc>
<msg timestamp="20240523 14:37:01.801" level="INFO">${true_condition} = One role was uploaded from the file</msg>
<status status="PASS" starttime="20240523 14:37:01.796" endtime="20240523 14:37:01.801"/>
</kw>
<if>
<branch type="IF" condition="'${true_condition}' == 'The file does not exist'">
<kw name="Take Screenshot" library="SAP_Tcode_Library">
<arg>Role_not exist01.jpg</arg>
<doc>Takes a screenshot, only if 'screenshots on error' has been enabled,
either at import of with keyword `enable screenshots on error`.</doc>
<status status="NOT RUN" starttime="20240523 14:37:01.802" endtime="20240523 14:37:01.802"/>
</kw>
<kw name="Sleep" library="BuiltIn">
<arg>2</arg>
<doc>Pauses the test executed for the given time.</doc>
<status status="NOT RUN" starttime="20240523 14:37:01.802" endtime="20240523 14:37:01.802"/>
</kw>
<kw name="Log" library="BuiltIn">
<arg>${true_condition}</arg>
<doc>Logs the given message with the given level.</doc>
<status status="NOT RUN" starttime="20240523 14:37:01.802" endtime="20240523 14:37:01.802"/>
</kw>
<kw name="Log To Console" library="BuiltIn">
<arg>${true_condition}</arg>
<doc>Logs the given message to the console.</doc>
<status status="NOT RUN" starttime="20240523 14:37:01.802" endtime="20240523 14:37:01.803"/>
</kw>
<kw name="Sleep" library="BuiltIn">
<arg>3</arg>
<doc>Pauses the test executed for the given time.</doc>
<status status="NOT RUN" starttime="20240523 14:37:01.803" endtime="20240523 14:37:01.803"/>
</kw>
<kw name="Click Element" library="SAP_Tcode_Library">
<arg>wnd[1]/tbar[0]/btn[12]</arg>
<doc>Performs a single click on a given element. Used only for buttons, tabs and menu items.</doc>
<status status="NOT RUN" starttime="20240523 14:37:01.803" endtime="20240523 14:37:01.803"/>
</kw>
<kw name="Sleep" library="BuiltIn">
<arg>2</arg>
<doc>Pauses the test executed for the given time.</doc>
<status status="NOT RUN" starttime="20240523 14:37:01.803" endtime="20240523 14:37:01.803"/>
</kw>
<status status="NOT RUN" starttime="20240523 14:37:01.801" endtime="20240523 14:37:01.803"/>
</branch>
<branch type="ELSE IF" condition="'${true_condition}' != 'The file does not exist'">
<kw name="Take Screenshot" library="SAP_Tcode_Library">
<arg>upload_role_02.jpg</arg>
<doc>Takes a screenshot, only if 'screenshots on error' has been enabled,
either at import of with keyword `enable screenshots on error`.</doc>
<msg timestamp="20240523 14:37:01.859" level="INFO" html="true">&lt;a href="upload_role_02.jpg"&gt;&lt;img src="upload_role_02.jpg" width="800px"&gt;&lt;/a&gt;</msg>
<status status="PASS" starttime="20240523 14:37:01.804" endtime="20240523 14:37:01.859"/>
</kw>
<kw name="Sleep" library="BuiltIn">
<arg>2</arg>
<doc>Pauses the test executed for the given time.</doc>
<msg timestamp="20240523 14:37:03.860" level="INFO">Slept 2 seconds</msg>
<status status="PASS" starttime="20240523 14:37:01.859" endtime="20240523 14:37:03.860"/>
</kw>
<kw name="Click Element" library="SAP_Tcode_Library">
<arg>wnd[0]/mbar/menu[3]/menu[1]</arg>
<doc>Performs a single click on a given element. Used only for buttons, tabs and menu items.</doc>
<status status="PASS" starttime="20240523 14:37:03.860" endtime="20240523 14:37:04.084"/>
</kw>
<kw name="Sleep" library="BuiltIn">
<arg>2</arg>
<doc>Pauses the test executed for the given time.</doc>
<msg timestamp="20240523 14:37:06.085" level="INFO">Slept 2 seconds</msg>
<status status="PASS" starttime="20240523 14:37:04.084" endtime="20240523 14:37:06.085"/>
</kw>
<kw name="Select Radio Button" library="SAP_Tcode_Library">
<arg>wnd[0]/usr/radPRT_ALL</arg>
<doc>Sets radio button to the specified value.</doc>
<status status="PASS" starttime="20240523 14:37:06.085" endtime="20240523 14:37:06.091"/>
</kw>
<kw name="Sleep" library="BuiltIn">
<arg>2</arg>
<doc>Pauses the test executed for the given time.</doc>
<msg timestamp="20240523 14:37:08.091" level="INFO">Slept 2 seconds</msg>
<status status="PASS" starttime="20240523 14:37:06.091" endtime="20240523 14:37:08.091"/>
</kw>
<kw name="Click Element" library="SAP_Tcode_Library">
<arg>wnd[0]/usr/btn%_SEL_SHT_%_APP_%-VALU_PUSH</arg>
<doc>Performs a single click on a given element. Used only for buttons, tabs and menu items.</doc>
<status status="PASS" starttime="20240523 14:37:08.091" endtime="20240523 14:37:08.228"/>
</kw>
<kw name="Sleep" library="BuiltIn">
<arg>2</arg>
<doc>Pauses the test executed for the given time.</doc>
<msg timestamp="20240523 14:37:10.229" level="INFO">Slept 2 seconds</msg>
<status status="PASS" starttime="20240523 14:37:08.228" endtime="20240523 14:37:10.229"/>
</kw>
<kw name="Input Text" library="SAP_Tcode_Library">
<arg>wnd[1]/usr/tabsTAB_STRIP/tabpSIVA/ssubSCREEN_HEADER:SAPLALDB:3010/tblSAPLALDBSINGLE/ctxtRSCSEL_255-SLOW_I[1,0]</arg>
<arg>${symvar('upload_role_names')}[${upload_index}]</arg>
<doc>Inserts the given text into the text field identified by locator.
Use keyword `input password` to insert a password in a text field.</doc>
<msg timestamp="20240523 14:37:10.230" level="INFO">Sym.Dev.upload_role_names: ['Z_BNWVS_ADMIN_CHANGweE', 'Z_BNWVS_ADMIN_CONTROL', 'Z_BNWVS_ADMIN_DISPLAY', 'Z_BNWVS_BATCHUSER']</msg>
<msg timestamp="20240523 14:37:10.268" level="INFO">Typing text 'Z_BNWVS_ADMIN_DISPLAY' into text field 'wnd[1]/usr/tabsTAB_STRIP/tabpSIVA/ssubSCREEN_HEADER:SAPLALDB:3010/tblSAPLALDBSINGLE/ctxtRSCSEL_255-SLOW_I[1,0]'.</msg>
<status status="PASS" starttime="20240523 14:37:10.229" endtime="20240523 14:37:10.268"/>
</kw>
<kw name="Sleep" library="BuiltIn">
<arg>2</arg>
<doc>Pauses the test executed for the given time.</doc>
<msg timestamp="20240523 14:37:12.270" level="INFO">Slept 2 seconds</msg>
<status status="PASS" starttime="20240523 14:37:10.268" endtime="20240523 14:37:12.270"/>
</kw>
<kw name="Click Element" library="SAP_Tcode_Library">
<arg>wnd[1]/tbar[0]/btn[8]</arg>
<doc>Performs a single click on a given element. Used only for buttons, tabs and menu items.</doc>
<status status="PASS" starttime="20240523 14:37:12.270" endtime="20240523 14:37:12.452"/>
</kw>
<kw name="Sleep" library="BuiltIn">
<arg>2</arg>
<doc>Pauses the test executed for the given time.</doc>
<msg timestamp="20240523 14:37:14.452" level="INFO">Slept 2 seconds</msg>
<status status="PASS" starttime="20240523 14:37:12.452" endtime="20240523 14:37:14.452"/>
</kw>
<kw name="Select Checkbox" library="SAP_Tcode_Library">
<arg>wnd[0]/usr/chkAUTO_GEN</arg>
<doc>Selects checkbox identified by locator.
Does nothing if the checkbox is already selected.</doc>
<status status="PASS" starttime="20240523 14:37:14.452" endtime="20240523 14:37:14.458"/>
</kw>
<kw name="Sleep" library="BuiltIn">
<arg>2</arg>
<doc>Pauses the test executed for the given time.</doc>
<msg timestamp="20240523 14:37:16.460" level="INFO">Slept 2 seconds</msg>
<status status="PASS" starttime="20240523 14:37:14.459" endtime="20240523 14:37:16.460"/>
</kw>
<kw name="Click Element" library="SAP_Tcode_Library">
<arg>wnd[0]/tbar[1]/btn[8]</arg>
<doc>Performs a single click on a given element. Used only for buttons, tabs and menu items.</doc>
<status status="PASS" starttime="20240523 14:37:16.460" endtime="20240523 14:37:16.875"/>
</kw>
<kw name="Sleep" library="BuiltIn">
<arg>2</arg>
<doc>Pauses the test executed for the given time.</doc>
<msg timestamp="20240523 14:37:18.876" level="INFO">Slept 2 seconds</msg>
<status status="PASS" starttime="20240523 14:37:16.875" endtime="20240523 14:37:18.876"/>
</kw>
<kw name="Click Element" library="SAP_Tcode_Library">
<arg>wnd[1]/usr/btnBUTTON_2</arg>
<doc>Performs a single click on a given element. Used only for buttons, tabs and menu items.</doc>
<status status="PASS" starttime="20240523 14:37:18.876" endtime="20240523 14:37:19.229"/>
</kw>
<kw name="Sleep" library="BuiltIn">
<arg>2</arg>
<doc>Pauses the test executed for the given time.</doc>
<msg timestamp="20240523 14:37:21.230" level="INFO">Slept 2 seconds</msg>
<status status="PASS" starttime="20240523 14:37:19.230" endtime="20240523 14:37:21.230"/>
</kw>
<kw name="Click Element" library="SAP_Tcode_Library">
<arg>wnd[0]/tbar[0]/btn[3]</arg>
<doc>Performs a single click on a given element. Used only for buttons, tabs and menu items.</doc>
<status status="PASS" starttime="20240523 14:37:21.230" endtime="20240523 14:37:21.531"/>
</kw>
<kw name="Sleep" library="BuiltIn">
<arg>2</arg>
<doc>Pauses the test executed for the given time.</doc>
<msg timestamp="20240523 14:37:23.532" level="INFO">Slept 2 seconds</msg>
<status status="PASS" starttime="20240523 14:37:21.531" endtime="20240523 14:37:23.532"/>
</kw>
<kw name="Click Element" library="SAP_Tcode_Library">
<arg>wnd[0]/tbar[0]/btn[3]</arg>
<doc>Performs a single click on a given element. Used only for buttons, tabs and menu items.</doc>
<status status="PASS" starttime="20240523 14:37:23.532" endtime="20240523 14:37:23.798"/>
</kw>
<kw name="Sleep" library="BuiltIn">
<arg>2</arg>
<doc>Pauses the test executed for the given time.</doc>
<msg timestamp="20240523 14:37:25.799" level="INFO">Slept 2 seconds</msg>
<status status="PASS" starttime="20240523 14:37:23.798" endtime="20240523 14:37:25.799"/>
</kw>
<kw name="Click Element" library="SAP_Tcode_Library">
<arg>wnd[0]/tbar[0]/btn[3]</arg>
<doc>Performs a single click on a given element. Used only for buttons, tabs and menu items.</doc>
<status status="PASS" starttime="20240523 14:37:25.799" endtime="20240523 14:37:25.969"/>
</kw>
<kw name="Sleep" library="BuiltIn">
<arg>2</arg>
<doc>Pauses the test executed for the given time.</doc>
<msg timestamp="20240523 14:37:27.970" level="INFO">Slept 2 seconds</msg>
<status status="PASS" starttime="20240523 14:37:25.969" endtime="20240523 14:37:27.970"/>
</kw>
<kw name="Click Element" library="SAP_Tcode_Library">
<arg>wnd[0]/tbar[0]/btn[3]</arg>
<doc>Performs a single click on a given element. Used only for buttons, tabs and menu items.</doc>
<status status="PASS" starttime="20240523 14:37:27.970" endtime="20240523 14:37:28.116"/>
</kw>
<kw name="Sleep" library="BuiltIn">
<arg>2</arg>
<doc>Pauses the test executed for the given time.</doc>
<msg timestamp="20240523 14:37:30.116" level="INFO">Slept 2 seconds</msg>
<status status="PASS" starttime="20240523 14:37:28.116" endtime="20240523 14:37:30.116"/>
</kw>
<kw name="Take Screenshot" library="SAP_Tcode_Library">
<arg>upload_role_03.jpg</arg>
<doc>Takes a screenshot, only if 'screenshots on error' has been enabled,
either at import of with keyword `enable screenshots on error`.</doc>
<msg timestamp="20240523 14:37:30.175" level="INFO" html="true">&lt;a href="upload_role_03.jpg"&gt;&lt;img src="upload_role_03.jpg" width="800px"&gt;&lt;/a&gt;</msg>
<status status="PASS" starttime="20240523 14:37:30.116" endtime="20240523 14:37:30.176"/>
</kw>
<status status="PASS" starttime="20240523 14:37:01.804" endtime="20240523 14:37:30.176"/>
</branch>
<status status="PASS" starttime="20240523 14:37:01.801" endtime="20240523 14:37:30.176"/>
</if>
<status status="PASS" starttime="20240523 14:36:36.905" endtime="20240523 14:37:30.176"/>
</iter>
<iter>
<var name="${upload_index}">3</var>
<kw name="Sleep" library="BuiltIn">
<arg>2</arg>
<doc>Pauses the test executed for the given time.</doc>
<msg timestamp="20240523 14:37:32.177" level="INFO">Slept 2 seconds</msg>
<status status="PASS" starttime="20240523 14:37:30.176" endtime="20240523 14:37:32.177"/>
</kw>
<kw name="Click Element" library="SAP_Tcode_Library">
<arg>wnd[0]/mbar/menu[0]/menu[7]</arg>
<doc>Performs a single click on a given element. Used only for buttons, tabs and menu items.</doc>
<status status="PASS" starttime="20240523 14:37:32.177" endtime="20240523 14:37:32.573"/>
</kw>
<kw name="Sleep" library="BuiltIn">
<arg>3</arg>
<doc>Pauses the test executed for the given time.</doc>
<msg timestamp="20240523 14:37:35.574" level="INFO">Slept 3 seconds</msg>
<status status="PASS" starttime="20240523 14:37:32.573" endtime="20240523 14:37:35.574"/>
</kw>
<kw name="Clear Field Text" library="SAP_Tcode_Library">
<arg>wnd[1]/usr/ctxtDY_FILENAME</arg>
<msg timestamp="20240523 14:37:35.589" level="INFO">Text cleared in field with ID: wnd[1]/usr/ctxtDY_FILENAME</msg>
<status status="PASS" starttime="20240523 14:37:35.574" endtime="20240523 14:37:35.589"/>
</kw>
<kw name="Sleep" library="BuiltIn">
<arg>2</arg>
<doc>Pauses the test executed for the given time.</doc>
<msg timestamp="20240523 14:37:37.590" level="INFO">Slept 2 seconds</msg>
<status status="PASS" starttime="20240523 14:37:35.590" endtime="20240523 14:37:37.590"/>
</kw>
<kw name="Clear Field Text" library="SAP_Tcode_Library">
<arg>wnd[1]/usr/ctxtDY_PATH</arg>
<msg timestamp="20240523 14:37:37.594" level="INFO">Text cleared in field with ID: wnd[1]/usr/ctxtDY_PATH</msg>
<status status="PASS" starttime="20240523 14:37:37.590" endtime="20240523 14:37:37.594"/>
</kw>
<kw name="Sleep" library="BuiltIn">
<arg>2</arg>
<doc>Pauses the test executed for the given time.</doc>
<msg timestamp="20240523 14:37:39.595" level="INFO">Slept 2 seconds</msg>
<status status="PASS" starttime="20240523 14:37:37.594" endtime="20240523 14:37:39.595"/>
</kw>
<kw name="Input Text" library="SAP_Tcode_Library">
<arg>wnd[1]/usr/ctxtDY_PATH</arg>
<arg>${symvar('uploading_path')}</arg>
<doc>Inserts the given text into the text field identified by locator.
Use keyword `input password` to insert a password in a text field.</doc>
<msg timestamp="20240523 14:37:39.596" level="INFO">Sym.Dev.uploading_path: D:\RobotFramework\SAPtesting\Tests\Resource\Roles</msg>
<msg timestamp="20240523 14:37:39.603" level="INFO">Typing text 'D:\RobotFramework\SAPtesting\Tests\Resource\Roles' into text field 'wnd[1]/usr/ctxtDY_PATH'.</msg>
<status status="PASS" starttime="20240523 14:37:39.595" endtime="20240523 14:37:39.603"/>
</kw>
<kw name="Sleep" library="BuiltIn">
<arg>2</arg>
<doc>Pauses the test executed for the given time.</doc>
<msg timestamp="20240523 14:37:41.603" level="INFO">Slept 2 seconds</msg>
<status status="PASS" starttime="20240523 14:37:39.603" endtime="20240523 14:37:41.603"/>
</kw>
<kw name="Run Keyword And Return Status" library="BuiltIn">
<var>${upload_role_input}</var>
<arg>Input Text</arg>
<arg>wnd[1]/usr/ctxtDY_FILENAME</arg>
<arg>${symvar('uploading_file_names')}[${upload_index}]</arg>
<doc>Runs the given keyword with given arguments and returns the status as a Boolean value.</doc>
<kw name="Input Text" library="SAP_Tcode_Library">
<arg>wnd[1]/usr/ctxtDY_FILENAME</arg>
<arg>${symvar('uploading_file_names')}[${upload_index}]</arg>
<doc>Inserts the given text into the text field identified by locator.
Use keyword `input password` to insert a password in a text field.</doc>
<msg timestamp="20240523 14:37:41.604" level="INFO">Sym.Dev.uploading_file_names: ['Z_BNWVS_ADMIN_CHANGweE.SAP', 'Z_BNWVS_ADMIN_CONTROL.SAP', 'Z_BNWVS_ADMIN_DISPLAY.SAP', 'Z_BNWVS_BATCHUSER.SAP']</msg>
<msg timestamp="20240523 14:37:41.623" level="INFO">Typing text 'Z_BNWVS_BATCHUSER.SAP' into text field 'wnd[1]/usr/ctxtDY_FILENAME'.</msg>
<status status="PASS" starttime="20240523 14:37:41.603" endtime="20240523 14:37:41.623"/>
</kw>
<msg timestamp="20240523 14:37:41.623" level="INFO">${upload_role_input} = True</msg>
<status status="PASS" starttime="20240523 14:37:41.603" endtime="20240523 14:37:41.623"/>
</kw>
<kw name="Run Keyword If" library="BuiltIn">
<arg>not ${upload_role_input}</arg>
<arg>Exit For Loop</arg>
<doc>Runs the given keyword with the given arguments, if ``condition`` is true.</doc>
<status status="PASS" starttime="20240523 14:37:41.624" endtime="20240523 14:37:41.624"/>
</kw>
<kw name="Sleep" library="BuiltIn">
<arg>2</arg>
<doc>Pauses the test executed for the given time.</doc>
<msg timestamp="20240523 14:37:43.626" level="INFO">Slept 2 seconds</msg>
<status status="PASS" starttime="20240523 14:37:41.624" endtime="20240523 14:37:43.626"/>
</kw>
<kw name="Click Element" library="SAP_Tcode_Library">
<arg>wnd[1]/tbar[0]/btn[0]</arg>
<doc>Performs a single click on a given element. Used only for buttons, tabs and menu items.</doc>
<status status="PASS" starttime="20240523 14:37:43.626" endtime="20240523 14:37:48.963"/>
</kw>
<kw name="Sleep" library="BuiltIn">
<arg>2</arg>
<doc>Pauses the test executed for the given time.</doc>
<msg timestamp="20240523 14:37:50.965" level="INFO">Slept 2 seconds</msg>
<status status="PASS" starttime="20240523 14:37:48.964" endtime="20240523 14:37:50.965"/>
</kw>
<kw name="Click Element" library="SAP_Tcode_Library">
<arg>wnd[1]/tbar[0]/btn[0]</arg>
<doc>Performs a single click on a given element. Used only for buttons, tabs and menu items.</doc>
<status status="PASS" starttime="20240523 14:37:50.965" endtime="20240523 14:37:51.404"/>
</kw>
<kw name="Sleep" library="BuiltIn">
<arg>3</arg>
<doc>Pauses the test executed for the given time.</doc>
<msg timestamp="20240523 14:37:54.405" level="INFO">Slept 3 seconds</msg>
<status status="PASS" starttime="20240523 14:37:51.404" endtime="20240523 14:37:54.405"/>
</kw>
<kw name="Get Value" library="SAP_Tcode_Library">
<var>${true_condition}</var>
<arg>wnd[0]/sbar/pane[0]</arg>
<doc>Gets the value of the given element. The possible return values depend on the type of element (see Return values).</doc>
<msg timestamp="20240523 14:37:54.410" level="INFO">${true_condition} = One role was uploaded from the file</msg>
<status status="PASS" starttime="20240523 14:37:54.405" endtime="20240523 14:37:54.410"/>
</kw>
<if>
<branch type="IF" condition="'${true_condition}' == 'The file does not exist'">
<kw name="Take Screenshot" library="SAP_Tcode_Library">
<arg>Role_not exist01.jpg</arg>
<doc>Takes a screenshot, only if 'screenshots on error' has been enabled,
either at import of with keyword `enable screenshots on error`.</doc>
<status status="NOT RUN" starttime="20240523 14:37:54.411" endtime="20240523 14:37:54.411"/>
</kw>
<kw name="Sleep" library="BuiltIn">
<arg>2</arg>
<doc>Pauses the test executed for the given time.</doc>
<status status="NOT RUN" starttime="20240523 14:37:54.411" endtime="20240523 14:37:54.411"/>
</kw>
<kw name="Log" library="BuiltIn">
<arg>${true_condition}</arg>
<doc>Logs the given message with the given level.</doc>
<status status="NOT RUN" starttime="20240523 14:37:54.411" endtime="20240523 14:37:54.412"/>
</kw>
<kw name="Log To Console" library="BuiltIn">
<arg>${true_condition}</arg>
<doc>Logs the given message to the console.</doc>
<status status="NOT RUN" starttime="20240523 14:37:54.412" endtime="20240523 14:37:54.412"/>
</kw>
<kw name="Sleep" library="BuiltIn">
<arg>3</arg>
<doc>Pauses the test executed for the given time.</doc>
<status status="NOT RUN" starttime="20240523 14:37:54.412" endtime="20240523 14:37:54.412"/>
</kw>
<kw name="Click Element" library="SAP_Tcode_Library">
<arg>wnd[1]/tbar[0]/btn[12]</arg>
<doc>Performs a single click on a given element. Used only for buttons, tabs and menu items.</doc>
<status status="NOT RUN" starttime="20240523 14:37:54.412" endtime="20240523 14:37:54.412"/>
</kw>
<kw name="Sleep" library="BuiltIn">
<arg>2</arg>
<doc>Pauses the test executed for the given time.</doc>
<status status="NOT RUN" starttime="20240523 14:37:54.413" endtime="20240523 14:37:54.413"/>
</kw>
<status status="NOT RUN" starttime="20240523 14:37:54.410" endtime="20240523 14:37:54.413"/>
</branch>
<branch type="ELSE IF" condition="'${true_condition}' != 'The file does not exist'">
<kw name="Take Screenshot" library="SAP_Tcode_Library">
<arg>upload_role_02.jpg</arg>
<doc>Takes a screenshot, only if 'screenshots on error' has been enabled,
either at import of with keyword `enable screenshots on error`.</doc>
<msg timestamp="20240523 14:37:54.461" level="INFO" html="true">&lt;a href="upload_role_02.jpg"&gt;&lt;img src="upload_role_02.jpg" width="800px"&gt;&lt;/a&gt;</msg>
<status status="PASS" starttime="20240523 14:37:54.413" endtime="20240523 14:37:54.461"/>
</kw>
<kw name="Sleep" library="BuiltIn">
<arg>2</arg>
<doc>Pauses the test executed for the given time.</doc>
<msg timestamp="20240523 14:37:56.462" level="INFO">Slept 2 seconds</msg>
<status status="PASS" starttime="20240523 14:37:54.461" endtime="20240523 14:37:56.462"/>
</kw>
<kw name="Click Element" library="SAP_Tcode_Library">
<arg>wnd[0]/mbar/menu[3]/menu[1]</arg>
<doc>Performs a single click on a given element. Used only for buttons, tabs and menu items.</doc>
<status status="PASS" starttime="20240523 14:37:56.462" endtime="20240523 14:37:56.690"/>
</kw>
<kw name="Sleep" library="BuiltIn">
<arg>2</arg>
<doc>Pauses the test executed for the given time.</doc>
<msg timestamp="20240523 14:37:58.692" level="INFO">Slept 2 seconds</msg>
<status status="PASS" starttime="20240523 14:37:56.691" endtime="20240523 14:37:58.692"/>
</kw>
<kw name="Select Radio Button" library="SAP_Tcode_Library">
<arg>wnd[0]/usr/radPRT_ALL</arg>
<doc>Sets radio button to the specified value.</doc>
<status status="PASS" starttime="20240523 14:37:58.692" endtime="20240523 14:37:58.698"/>
</kw>
<kw name="Sleep" library="BuiltIn">
<arg>2</arg>
<doc>Pauses the test executed for the given time.</doc>
<msg timestamp="20240523 14:38:00.699" level="INFO">Slept 2 seconds</msg>
<status status="PASS" starttime="20240523 14:37:58.698" endtime="20240523 14:38:00.699"/>
</kw>
<kw name="Click Element" library="SAP_Tcode_Library">
<arg>wnd[0]/usr/btn%_SEL_SHT_%_APP_%-VALU_PUSH</arg>
<doc>Performs a single click on a given element. Used only for buttons, tabs and menu items.</doc>
<status status="PASS" starttime="20240523 14:38:00.699" endtime="20240523 14:38:00.840"/>
</kw>
<kw name="Sleep" library="BuiltIn">
<arg>2</arg>
<doc>Pauses the test executed for the given time.</doc>
<msg timestamp="20240523 14:38:02.842" level="INFO">Slept 2 seconds</msg>
<status status="PASS" starttime="20240523 14:38:00.840" endtime="20240523 14:38:02.842"/>
</kw>
<kw name="Input Text" library="SAP_Tcode_Library">
<arg>wnd[1]/usr/tabsTAB_STRIP/tabpSIVA/ssubSCREEN_HEADER:SAPLALDB:3010/tblSAPLALDBSINGLE/ctxtRSCSEL_255-SLOW_I[1,0]</arg>
<arg>${symvar('upload_role_names')}[${upload_index}]</arg>
<doc>Inserts the given text into the text field identified by locator.
Use keyword `input password` to insert a password in a text field.</doc>
<msg timestamp="20240523 14:38:02.843" level="INFO">Sym.Dev.upload_role_names: ['Z_BNWVS_ADMIN_CHANGweE', 'Z_BNWVS_ADMIN_CONTROL', 'Z_BNWVS_ADMIN_DISPLAY', 'Z_BNWVS_BATCHUSER']</msg>
<msg timestamp="20240523 14:38:02.887" level="INFO">Typing text 'Z_BNWVS_BATCHUSER' into text field 'wnd[1]/usr/tabsTAB_STRIP/tabpSIVA/ssubSCREEN_HEADER:SAPLALDB:3010/tblSAPLALDBSINGLE/ctxtRSCSEL_255-SLOW_I[1,0]'.</msg>
<status status="PASS" starttime="20240523 14:38:02.842" endtime="20240523 14:38:02.888"/>
</kw>
<kw name="Sleep" library="BuiltIn">
<arg>2</arg>
<doc>Pauses the test executed for the given time.</doc>
<msg timestamp="20240523 14:38:04.888" level="INFO">Slept 2 seconds</msg>
<status status="PASS" starttime="20240523 14:38:02.888" endtime="20240523 14:38:04.888"/>
</kw>
<kw name="Click Element" library="SAP_Tcode_Library">
<arg>wnd[1]/tbar[0]/btn[8]</arg>
<doc>Performs a single click on a given element. Used only for buttons, tabs and menu items.</doc>
<status status="PASS" starttime="20240523 14:38:04.888" endtime="20240523 14:38:05.088"/>
</kw>
<kw name="Sleep" library="BuiltIn">
<arg>2</arg>
<doc>Pauses the test executed for the given time.</doc>
<msg timestamp="20240523 14:38:07.089" level="INFO">Slept 2 seconds</msg>
<status status="PASS" starttime="20240523 14:38:05.088" endtime="20240523 14:38:07.089"/>
</kw>
<kw name="Select Checkbox" library="SAP_Tcode_Library">
<arg>wnd[0]/usr/chkAUTO_GEN</arg>
<doc>Selects checkbox identified by locator.
Does nothing if the checkbox is already selected.</doc>
<status status="PASS" starttime="20240523 14:38:07.089" endtime="20240523 14:38:07.095"/>
</kw>
<kw name="Sleep" library="BuiltIn">
<arg>2</arg>
<doc>Pauses the test executed for the given time.</doc>
<msg timestamp="20240523 14:38:09.095" level="INFO">Slept 2 seconds</msg>
<status status="PASS" starttime="20240523 14:38:07.095" endtime="20240523 14:38:09.095"/>
</kw>
<kw name="Click Element" library="SAP_Tcode_Library">
<arg>wnd[0]/tbar[1]/btn[8]</arg>
<doc>Performs a single click on a given element. Used only for buttons, tabs and menu items.</doc>
<status status="PASS" starttime="20240523 14:38:09.095" endtime="20240523 14:38:09.497"/>
</kw>
<kw name="Sleep" library="BuiltIn">
<arg>2</arg>
<doc>Pauses the test executed for the given time.</doc>
<msg timestamp="20240523 14:38:11.499" level="INFO">Slept 2 seconds</msg>
<status status="PASS" starttime="20240523 14:38:09.498" endtime="20240523 14:38:11.499"/>
</kw>
<kw name="Click Element" library="SAP_Tcode_Library">
<arg>wnd[1]/usr/btnBUTTON_2</arg>
<doc>Performs a single click on a given element. Used only for buttons, tabs and menu items.</doc>
<status status="PASS" starttime="20240523 14:38:11.499" endtime="20240523 14:38:11.862"/>
</kw>
<kw name="Sleep" library="BuiltIn">
<arg>2</arg>
<doc>Pauses the test executed for the given time.</doc>
<msg timestamp="20240523 14:38:13.863" level="INFO">Slept 2 seconds</msg>
<status status="PASS" starttime="20240523 14:38:11.863" endtime="20240523 14:38:13.863"/>
</kw>
<kw name="Click Element" library="SAP_Tcode_Library">
<arg>wnd[0]/tbar[0]/btn[3]</arg>
<doc>Performs a single click on a given element. Used only for buttons, tabs and menu items.</doc>
<status status="PASS" starttime="20240523 14:38:13.863" endtime="20240523 14:38:14.172"/>
</kw>
<kw name="Sleep" library="BuiltIn">
<arg>2</arg>
<doc>Pauses the test executed for the given time.</doc>
<msg timestamp="20240523 14:38:16.172" level="INFO">Slept 2 seconds</msg>
<status status="PASS" starttime="20240523 14:38:14.172" endtime="20240523 14:38:16.172"/>
</kw>
<kw name="Click Element" library="SAP_Tcode_Library">
<arg>wnd[0]/tbar[0]/btn[3]</arg>
<doc>Performs a single click on a given element. Used only for buttons, tabs and menu items.</doc>
<status status="PASS" starttime="20240523 14:38:16.172" endtime="20240523 14:38:16.429"/>
</kw>
<kw name="Sleep" library="BuiltIn">
<arg>2</arg>
<doc>Pauses the test executed for the given time.</doc>
<msg timestamp="20240523 14:38:18.429" level="INFO">Slept 2 seconds</msg>
<status status="PASS" starttime="20240523 14:38:16.429" endtime="20240523 14:38:18.429"/>
</kw>
<kw name="Click Element" library="SAP_Tcode_Library">
<arg>wnd[0]/tbar[0]/btn[3]</arg>
<doc>Performs a single click on a given element. Used only for buttons, tabs and menu items.</doc>
<status status="PASS" starttime="20240523 14:38:18.429" endtime="20240523 14:38:18.607"/>
</kw>
<kw name="Sleep" library="BuiltIn">
<arg>2</arg>
<doc>Pauses the test executed for the given time.</doc>
<msg timestamp="20240523 14:38:20.608" level="INFO">Slept 2 seconds</msg>
<status status="PASS" starttime="20240523 14:38:18.607" endtime="20240523 14:38:20.608"/>
</kw>
<kw name="Click Element" library="SAP_Tcode_Library">
<arg>wnd[0]/tbar[0]/btn[3]</arg>
<doc>Performs a single click on a given element. Used only for buttons, tabs and menu items.</doc>
<status status="PASS" starttime="20240523 14:38:20.608" endtime="20240523 14:38:20.748"/>
</kw>
<kw name="Sleep" library="BuiltIn">
<arg>2</arg>
<doc>Pauses the test executed for the given time.</doc>
<msg timestamp="20240523 14:38:22.749" level="INFO">Slept 2 seconds</msg>
<status status="PASS" starttime="20240523 14:38:20.748" endtime="20240523 14:38:22.749"/>
</kw>
<kw name="Take Screenshot" library="SAP_Tcode_Library">
<arg>upload_role_03.jpg</arg>
<doc>Takes a screenshot, only if 'screenshots on error' has been enabled,
either at import of with keyword `enable screenshots on error`.</doc>
<msg timestamp="20240523 14:38:22.804" level="INFO" html="true">&lt;a href="upload_role_03.jpg"&gt;&lt;img src="upload_role_03.jpg" width="800px"&gt;&lt;/a&gt;</msg>
<status status="PASS" starttime="20240523 14:38:22.749" endtime="20240523 14:38:22.804"/>
</kw>
<status status="PASS" starttime="20240523 14:37:54.413" endtime="20240523 14:38:22.804"/>
</branch>
<status status="PASS" starttime="20240523 14:37:54.410" endtime="20240523 14:38:22.805"/>
</if>
<status status="PASS" starttime="20240523 14:37:30.176" endtime="20240523 14:38:22.805"/>
</iter>
<status status="PASS" starttime="20240523 14:34:47.272" endtime="20240523 14:38:22.805"/>
</for>
<status status="PASS" starttime="20240523 14:34:44.933" endtime="20240523 14:38:22.805"/>
</kw>
<tag>Regression</tag>
<tag>upload_role</tag>
<status status="PASS" starttime="20240523 14:34:44.932" endtime="20240523 14:38:22.805"/>
</test>
<kw name="System Logout" library="UPLOAD_ROLE_NIKE" type="TEARDOWN">
<kw name="Run Transaction" library="SAP_Tcode_Library">
<arg>/nex</arg>
<doc>Runs a Sap transaction. An error is given when an unknown transaction is specified.</doc>
<status status="PASS" starttime="20240523 14:38:22.807" endtime="20240523 14:38:22.855"/>
</kw>
<kw name="Sleep" library="BuiltIn">
<arg>5</arg>
<doc>Pauses the test executed for the given time.</doc>
<msg timestamp="20240523 14:38:27.857" level="INFO">Slept 5 seconds</msg>
<status status="PASS" starttime="20240523 14:38:22.856" endtime="20240523 14:38:27.857"/>
</kw>
<kw name="Take Screenshot" library="SAP_Tcode_Library">
<arg>logoutpage.jpg</arg>
<doc>Takes a screenshot, only if 'screenshots on error' has been enabled,
either at import of with keyword `enable screenshots on error`.</doc>
<msg timestamp="20240523 14:38:27.933" level="INFO" html="true">&lt;a href="logoutpage.jpg"&gt;&lt;img src="logoutpage.jpg" width="800px"&gt;&lt;/a&gt;</msg>
<status status="PASS" starttime="20240523 14:38:27.857" endtime="20240523 14:38:27.933"/>
</kw>
<kw name="Sleep" library="BuiltIn">
<arg>10</arg>
<doc>Pauses the test executed for the given time.</doc>
<msg timestamp="20240523 14:38:37.934" level="INFO">Slept 10 seconds</msg>
<status status="PASS" starttime="20240523 14:38:27.933" endtime="20240523 14:38:37.934"/>
</kw>
<status status="PASS" starttime="20240523 14:38:22.807" endtime="20240523 14:38:37.934"/>
</kw>
<status status="PASS" starttime="20240523 14:34:36.209" endtime="20240523 14:38:37.934"/>
</suite>
<doc>Testing functionality through Robot Framework</doc>
<meta name="environment">Dev</meta>
<meta name="test_browser_name">chrome</meta>
<meta name="test_browser_version">124.0.6367.119</meta>
<meta name="test_driver_version">124.0.6367.207 </meta>
<meta name="test_environment">Dev</meta>
<meta name="test_freeze_dependencies">astroid==3.1.0,attrs==23.2.0,beautifulsoup4==4.12.3,bs4==0.0.2,certifi==2024.2.2,cffi==1.16.0,chardet==5.2.0,charset-normalizer==3.3.2,click==8.1.7,colorama==0.4.6,cryptography==42.0.5,defusedxml==0.7.1,dill==0.3.8,docutils==0.21.2,exceptiongroup==1.2.1,gitdb==4.0.11,GitPython==3.1.43,h11==0.14.0,idna==3.7,isort==5.13.2,Jinja2==3.1.3,jira==3.8.0,jsonpath-ng==1.6.1,jsonschema==4.21.1,jsonschema-specifications==2023.12.1,lazy-object-proxy==1.10.0,lxml==5.2.1,markdown-it-py==3.0.0,MarkupSafe==2.1.5,mccabe==0.7.0,mdurl==0.1.2,natsort==8.4.0,oauthlib==3.2.2,outcome==1.3.0.post0,packaging==24.0,pathspec==0.11.2,pillow==10.3.0,pip==24.0,platformdirs==4.2.1,ply==3.11,pycparser==2.22,Pygments==2.17.2,pylint==3.1.0,PySocks==1.7.1,pywin32==306,PyYAML==6.0.1,referencing==0.35.0,reportlab==4.2.0,requests==2.31.0,requests-oauthlib==2.0.0,requests-toolbelt==1.0.0,rich==13.7.1,rich-click==1.6.1,robotframework==6.0.2,robotframework-datadriver==1.9.0,robotframework-jsonlibrary==0.5,robotframework-pabot==2.16.0,robotframework-pythonlibcore==4.2.0,robotframework-requests==0.9.2,robotframework-sapguilibrary==1.1,robotframework-seleniumlibrary==5.1.3,robotframework-stacktrace==0.4.1,robotframework-tidy==4.5.0,rpds-py==0.18.0,selenium==4.9.1,setuptools==69.5.1,smmap==5.0.1,sniffio==1.3.1,sortedcontainers==2.4.0,soupsieve==2.5,tomli==2.0.1,tomlkit==0.12.4,trio==0.25.0,trio-websocket==0.11.1,typing_extensions==4.11.0,urllib3==2.2.1,wheel==0.43.0,wrapt==1.16.0,wsproto==1.2.0</meta>
<status status="PASS" starttime="20240523 14:34:31.369" endtime="20240523 14:38:38.482"/>
</suite>
<statistics>
<total>
<stat pass="1" fail="0" skip="0">All Tests</stat>
</total>
<tag>
<stat pass="1" fail="0" skip="0">Regression</stat>
<stat pass="1" fail="0" skip="0">upload_role</stat>
</tag>
<suite>
<stat pass="1" fail="0" skip="0" id="s1" name="Tests">Tests</stat>
<stat pass="1" fail="0" skip="0" id="s1-s1" name="TEST UPLOAD ROLE NIKE">Tests.TEST UPLOAD ROLE NIKE</stat>
</suite>
</statistics>
<errors>
</errors>
</robot>
