<?xml version="1.0" encoding="UTF-8"?>
<robot generator="Robot 6.0.2 (Python 3.9.13 on win32)" generated="20250303 21:52:05.290" rpa="false" schemaversion="3">
<suite id="s1" name="Tests" source="C:\Nike\SAPtesting\Tests">
<kw name="Setup highest level suite" type="SETUP">
<kw name="Set Variable" library="BuiltIn">
<var>${d.test_server}</var>
<arg>${test_server}</arg>
<doc>Returns the given values which can then be assigned to a variables.</doc>
<msg timestamp="20250303 21:52:06.459" level="INFO">${d.test_server} = Dev</msg>
<status status="PASS" starttime="20250303 21:52:06.459" endtime="20250303 21:52:06.459"/>
</kw>
<kw name="Reset screenshot count variable" library="Support">
<kw name="Set Variable" library="BuiltIn">
<var>${screenshotCount}</var>
<arg>${PABOTQUEUEINDEX}_1</arg>
<doc>Returns the given values which can then be assigned to a variables.</doc>
<msg timestamp="20250303 21:52:06.460" level="INFO">${screenshotCount} = 0_1</msg>
<status status="PASS" starttime="20250303 21:52:06.460" endtime="20250303 21:52:06.460"/>
</kw>
<kw name="Set Global Variable" library="BuiltIn">
<arg>${screenshotCount}</arg>
<doc>Makes a variable available globally in all tests and suites.</doc>
<msg timestamp="20250303 21:52:06.461" level="INFO">${screenshotCount} = 0_1</msg>
<status status="PASS" starttime="20250303 21:52:06.461" endtime="20250303 21:52:06.461"/>
</kw>
<kw name="Set up screenshot directory" library="Support">
<kw name="Create Directory" library="OperatingSystem">
<arg>${OUTPUTDIR}${/}${wvar('screenshot_dir')}</arg>
<doc>Creates the specified directory.</doc>
<msg timestamp="20250303 21:52:06.462" level="INFO">Web.Dev.screenshot_dir: Screenshot</msg>
<msg timestamp="20250303 21:52:06.462" level="INFO" html="true">Created directory '&lt;a href="file://C:\Nike\SAPtesting\Output\pabot_results\0\Screenshot"&gt;C:\Nike\SAPtesting\Output\pabot_results\0\Screenshot&lt;/a&gt;'.</msg>
<status status="PASS" starttime="20250303 21:52:06.461" endtime="20250303 21:52:06.462"/>
</kw>
<status status="PASS" starttime="20250303 21:52:06.461" endtime="20250303 21:52:06.463"/>
</kw>
<status status="PASS" starttime="20250303 21:52:06.460" endtime="20250303 21:52:06.463"/>
</kw>
<kw name="Set Global Variable" library="BuiltIn">
<arg>${screenshot_taking}</arg>
<arg>${True}</arg>
<doc>Makes a variable available globally in all tests and suites.</doc>
<msg timestamp="20250303 21:52:06.464" level="INFO">${screenshot_taking} = True</msg>
<status status="PASS" starttime="20250303 21:52:06.464" endtime="20250303 21:52:06.464"/>
</kw>
<kw name="Setup linux execution" library="Support">
<kw name="Run Keyword And Return Status" library="BuiltIn">
<var>${web_test_check}</var>
<arg>Variable Should Exist</arg>
<arg>${web_test}</arg>
<doc>Runs the given keyword with given arguments and returns the status as a Boolean value.</doc>
<kw name="Variable Should Exist" library="BuiltIn">
<arg>${web_test}</arg>
<doc>Fails unless the given variable exists within the current scope.</doc>
<status status="PASS" starttime="20250303 21:52:06.465" endtime="20250303 21:52:06.466"/>
</kw>
<msg timestamp="20250303 21:52:06.466" level="INFO">${web_test_check} = True</msg>
<status status="PASS" starttime="20250303 21:52:06.465" endtime="20250303 21:52:06.466"/>
</kw>
<kw name="Run Keyword If" library="BuiltIn">
<arg>${web_test_check}</arg>
<arg>Setup Docker Execution Options</arg>
<doc>Runs the given keyword with the given arguments, if ``condition`` is true.</doc>
<kw name="Setup Docker Execution Options" library="Support_Web">
<kw name="Setup Suite Metadata" library="Support_Web">
<arg>${browser}</arg>
<kw name="Get Browser Metadata" library="BrowserSupport">
<var>&amp;{browser_information}</var>
<arg>browser=${browser}</arg>
<doc>Fetches browser metadata information
:param browser: Name of the browser for which information is fetched
:param reload: Re-read the metadata based on the browser
:return: Browser metadata information, dict of format
            {"browser_version": browser version value,
             "driver_version": driver version value}</doc>
<msg timestamp="20250303 21:52:12.341" level="INFO">&amp;{browser_information} = { browser_version=133.0.6943.142 | driver_version=133.0.6943.126  }</msg>
<status status="PASS" starttime="20250303 21:52:06.467" endtime="20250303 21:52:12.341"/>
</kw>
<kw name="Set Suite Metadata" library="BuiltIn">
<arg>test_browser_name</arg>
<arg>${browser}</arg>
<doc>Sets metadata for the current test suite.</doc>
<msg timestamp="20250303 21:52:12.342" level="INFO">Set suite metadata 'test_browser_name' to value 'chrome'.</msg>
<status status="PASS" starttime="20250303 21:52:12.341" endtime="20250303 21:52:12.342"/>
</kw>
<kw name="Set Suite Metadata" library="BuiltIn">
<arg>test_browser_version</arg>
<arg>${browser_information.browser_version}</arg>
<doc>Sets metadata for the current test suite.</doc>
<msg timestamp="20250303 21:52:12.344" level="INFO">Set suite metadata 'test_browser_version' to value '133.0.6943.142'.</msg>
<status status="PASS" starttime="20250303 21:52:12.342" endtime="20250303 21:52:12.344"/>
</kw>
<kw name="Set Suite Metadata" library="BuiltIn">
<arg>test_driver_version</arg>
<arg>${browser_information.driver_version}</arg>
<doc>Sets metadata for the current test suite.</doc>
<msg timestamp="20250303 21:52:12.347" level="INFO">Set suite metadata 'test_driver_version' to value '133.0.6943.126 '.</msg>
<status status="PASS" starttime="20250303 21:52:12.344" endtime="20250303 21:52:12.347"/>
</kw>
<status status="PASS" starttime="20250303 21:52:06.466" endtime="20250303 21:52:12.347"/>
</kw>
<kw name="Setup Global Docker Execution Options" library="Support_Web">
<kw name="Set Global Variable" library="BuiltIn">
<arg>${global_browser_options}</arg>
<arg>None</arg>
<doc>Makes a variable available globally in all tests and suites.</doc>
<msg timestamp="20250303 21:52:12.349" level="INFO">${global_browser_options} = None</msg>
<status status="PASS" starttime="20250303 21:52:12.348" endtime="20250303 21:52:12.349"/>
</kw>
<kw name="Get Environment Variable" library="OperatingSystem">
<var>${docker_check}</var>
<arg>EXECUTION_ENVIRONMENT</arg>
<arg>not_found</arg>
<doc>Returns the value of an environment variable with the given name.</doc>
<msg timestamp="20250303 21:52:12.350" level="INFO">${docker_check} = not_found</msg>
<status status="PASS" starttime="20250303 21:52:12.350" endtime="20250303 21:52:12.350"/>
</kw>
<kw name="Run Keyword And Return If" library="BuiltIn">
<arg>"${docker_check}"!="docker"</arg>
<arg>Log</arg>
<arg>Not executing on Docker</arg>
<doc>Runs the specified keyword and returns from the enclosing user keyword.</doc>
<kw name="Log" library="BuiltIn">
<arg>Not executing on Docker</arg>
<doc>Logs the given message with the given level.</doc>
<msg timestamp="20250303 21:52:12.351" level="INFO">Not executing on Docker</msg>
<status status="PASS" starttime="20250303 21:52:12.351" endtime="20250303 21:52:12.351"/>
</kw>
<msg timestamp="20250303 21:52:12.351" level="INFO">Returning from the enclosing user keyword.</msg>
<status status="PASS" starttime="20250303 21:52:12.350" endtime="20250303 21:52:12.351"/>
</kw>
<kw name="Create List" library="BuiltIn">
<var>@{options}</var>
<arg>--headless</arg>
<arg>--no-sandbox</arg>
<arg>--disable-dev-shm-usage</arg>
<doc>Returns a list containing given items.</doc>
<status status="NOT RUN" starttime="20250303 21:52:12.352" endtime="20250303 21:52:12.352"/>
</kw>
<kw name="Set Global Variable" library="BuiltIn">
<arg>@{docker_options}</arg>
<arg>@{options}</arg>
<doc>Makes a variable available globally in all tests and suites.</doc>
<status status="NOT RUN" starttime="20250303 21:52:12.352" endtime="20250303 21:52:12.352"/>
</kw>
<status status="PASS" starttime="20250303 21:52:12.347" endtime="20250303 21:52:12.352"/>
</kw>
<kw name="Create Webdriver for chrome preferences" library="Support_Web">
<kw name="Update Docker Execution Options" library="Support_Web">
<var>${list_prefs}</var>
<arg>${list_prefs}</arg>
<kw name="Run Keyword And Return Status" library="BuiltIn">
<var>${docker_check}</var>
<arg>Variable Should Exist</arg>
<arg>${docker_options}</arg>
<doc>Runs the given keyword with given arguments and returns the status as a Boolean value.</doc>
<kw name="Variable Should Exist" library="BuiltIn">
<arg>${docker_options}</arg>
<doc>Fails unless the given variable exists within the current scope.</doc>
<msg timestamp="20250303 21:52:12.357" level="FAIL">Variable '${docker_options}' does not exist.</msg>
<status status="FAIL" starttime="20250303 21:52:12.354" endtime="20250303 21:52:12.357"/>
</kw>
<msg timestamp="20250303 21:52:12.357" level="INFO">${docker_check} = False</msg>
<status status="PASS" starttime="20250303 21:52:12.353" endtime="20250303 21:52:12.357"/>
</kw>
<kw name="Get Length" library="BuiltIn">
<var>${list_prefs_length}</var>
<arg>${list_prefs}</arg>
<doc>Returns and logs the length of the given item as an integer.</doc>
<msg timestamp="20250303 21:52:12.359" level="INFO">Length is 1</msg>
<msg timestamp="20250303 21:52:12.359" level="INFO">${list_prefs_length} = 1</msg>
<status status="PASS" starttime="20250303 21:52:12.357" endtime="20250303 21:52:12.359"/>
</kw>
<kw name="Run Keyword If" library="BuiltIn">
<var>${list_prefs}</var>
<arg>${docker_check} and ${list_prefs_length}&gt;0 and ${list_prefs}[0] != []</arg>
<arg>Combine Lists</arg>
<arg>${list_prefs}</arg>
<arg>${docker_options}</arg>
<arg>ELSE IF</arg>
<arg>${docker_check}</arg>
<arg>Set Variable</arg>
<arg>${docker_options}</arg>
<arg>ELSE</arg>
<arg>Set Variable</arg>
<arg>${list_prefs}</arg>
<doc>Runs the given keyword with the given arguments, if ``condition`` is true.</doc>
<kw name="Set Variable" library="BuiltIn">
<arg>${list_prefs}</arg>
<doc>Returns the given values which can then be assigned to a variables.</doc>
<status status="PASS" starttime="20250303 21:52:12.360" endtime="20250303 21:52:12.360"/>
</kw>
<msg timestamp="20250303 21:52:12.360" level="INFO">${list_prefs} = [[]]</msg>
<status status="PASS" starttime="20250303 21:52:12.359" endtime="20250303 21:52:12.360"/>
</kw>
<msg timestamp="20250303 21:52:12.361" level="INFO">${list_prefs} = [[]]</msg>
<status status="PASS" starttime="20250303 21:52:12.353" endtime="20250303 21:52:12.361"/>
</kw>
<kw name="Create Chrome Options for download preferences" library="Support_Web">
<var>${chrome_options}</var>
<kw name="Evaluate" library="BuiltIn">
<var>${chrome_options}</var>
<arg>sys.modules['selenium.webdriver'].ChromeOptions()</arg>
<arg>sys</arg>
<doc>Evaluates the given expression in Python and returns the result.</doc>
<msg timestamp="20250303 21:52:12.362" level="INFO">${chrome_options} = &lt;selenium.webdriver.chrome.options.Options object at 0x0000026FF35DD820&gt;</msg>
<status status="PASS" starttime="20250303 21:52:12.361" endtime="20250303 21:52:12.362"/>
</kw>
<msg timestamp="20250303 21:52:12.362" level="INFO">${chrome_options} = &lt;selenium.webdriver.chrome.options.Options object at 0x0000026FF35DD820&gt;</msg>
<status status="PASS" starttime="20250303 21:52:12.361" endtime="20250303 21:52:12.362"/>
</kw>
<kw name="Update Preferences List" library="Support_Web">
<arg>${chrome_options}</arg>
<arg>@{list_prefs}</arg>
<kw name="Convert To String" library="BuiltIn">
<var>${string_prefs}</var>
<arg>${list_prefs}</arg>
<doc>Converts the given item to a Unicode string.</doc>
<msg timestamp="20250303 21:52:12.363" level="INFO">${string_prefs} = [[]]</msg>
<status status="PASS" starttime="20250303 21:52:12.363" endtime="20250303 21:52:12.363"/>
</kw>
<kw name="Return From Keyword If" library="BuiltIn">
<arg>${string_prefs} == [[]]</arg>
<doc>Returns from the enclosing user keyword if ``condition`` is true.</doc>
<msg timestamp="20250303 21:52:12.364" level="INFO">Returning from the enclosing user keyword.</msg>
<status status="PASS" starttime="20250303 21:52:12.364" endtime="20250303 21:52:12.364"/>
</kw>
<for flavor="IN">
<var>${preference}</var>
<value>@{list_prefs}</value>
<iter>
<var name="${preference}"/>
<kw name="Call Method" library="BuiltIn">
<arg>${chrome_options}</arg>
<arg>add_argument</arg>
<arg>${preference}</arg>
<doc>Calls the named method of the given object with the provided arguments.</doc>
<status status="NOT RUN" starttime="20250303 21:52:12.366" endtime="20250303 21:52:12.366"/>
</kw>
<status status="NOT RUN" starttime="20250303 21:52:12.364" endtime="20250303 21:52:12.366"/>
</iter>
<status status="NOT RUN" starttime="20250303 21:52:12.364" endtime="20250303 21:52:12.366"/>
</for>
<status status="PASS" starttime="20250303 21:52:12.362" endtime="20250303 21:52:12.366"/>
</kw>
<kw name="Call Method" library="BuiltIn">
<arg>${chrome_options}</arg>
<arg>add_experimental_option</arg>
<arg>prefs</arg>
<arg>${kw_prefs}</arg>
<doc>Calls the named method of the given object with the provided arguments.</doc>
<status status="PASS" starttime="20250303 21:52:12.366" endtime="20250303 21:52:12.366"/>
</kw>
<kw name="Set Global Variable" library="BuiltIn">
<arg>${global_browser_options}</arg>
<arg>${chrome options}</arg>
<doc>Makes a variable available globally in all tests and suites.</doc>
<msg timestamp="20250303 21:52:12.367" level="INFO">${global_browser_options} = &lt;selenium.webdriver.chrome.options.Options object at 0x0000026FF35DD820&gt;</msg>
<status status="PASS" starttime="20250303 21:52:12.366" endtime="20250303 21:52:12.367"/>
</kw>
<status status="PASS" starttime="20250303 21:52:12.352" endtime="20250303 21:52:12.367"/>
</kw>
<status status="PASS" starttime="20250303 21:52:06.466" endtime="20250303 21:52:12.367"/>
</kw>
<status status="PASS" starttime="20250303 21:52:06.466" endtime="20250303 21:52:12.367"/>
</kw>
<status status="PASS" starttime="20250303 21:52:06.464" endtime="20250303 21:52:12.367"/>
</kw>
<kw name="Set Suite Metadata" library="BuiltIn">
<arg>environment</arg>
<arg>${test_server}</arg>
<doc>Sets metadata for the current test suite.</doc>
<msg timestamp="20250303 21:52:12.369" level="INFO">Set suite metadata 'environment' to value 'Dev'.</msg>
<status status="PASS" starttime="20250303 21:52:12.367" endtime="20250303 21:52:12.369"/>
</kw>
<status status="PASS" starttime="20250303 21:52:06.457" endtime="20250303 21:52:12.369"/>
</kw>
<suite id="s1-s1" name="Test ME2N" source="C:\Nike\SAPtesting\Tests\Test_ME2N.robot">
<kw name="System Logon" library="ME2N" type="SETUP">
<kw name="Start Process" library="Process">
<arg>${symvar('GR_IR_SERVER')}</arg>
<doc>Starts a new process on background.</doc>
<msg timestamp="20250303 21:52:13.879" level="INFO">Sym.Dev.GR_IR_SERVER: C:\Program Files (x86)\SAP\FrontEnd\SAPgui\saplogon.exe</msg>
<msg timestamp="20250303 21:52:13.879" level="INFO">Starting process:
"C:\Program Files (x86)\SAP\FrontEnd\SAPgui\saplogon.exe"</msg>
<status status="PASS" starttime="20250303 21:52:13.878" endtime="20250303 21:52:13.897"/>
</kw>
<kw name="Connect To Session" library="SAP_Tcode_Library">
<doc>Connects to an open session SAP.</doc>
<status status="PASS" starttime="20250303 21:52:13.897" endtime="20250303 21:52:13.975"/>
</kw>
<kw name="Open Connection" library="SAP_Tcode_Library">
<arg>${symvar('GR_IR_Connection')}</arg>
<doc>Opens a connection to the given connection name. Be sure to provide the full connection name, including the bracket part.</doc>
<msg timestamp="20250303 21:52:13.976" level="INFO">Sym.Dev.GR_IR_Connection: EID sandbox</msg>
<status status="PASS" starttime="20250303 21:52:13.975" endtime="20250303 21:52:14.908"/>
</kw>
<kw name="Sleep" library="BuiltIn">
<arg>1</arg>
<doc>Pauses the test executed for the given time.</doc>
<msg timestamp="20250303 21:52:15.915" level="INFO">Slept 1 second</msg>
<status status="PASS" starttime="20250303 21:52:14.909" endtime="20250303 21:52:15.916"/>
</kw>
<kw name="Input Text" library="SAP_Tcode_Library">
<arg>wnd[0]/usr/txtRSYST-MANDT</arg>
<arg>${symvar('GR_IR_Client')}</arg>
<doc>Inserts the given text into the text field identified by locator.
Use keyword `input password` to insert a password in a text field.</doc>
<msg timestamp="20250303 21:52:15.921" level="INFO">Sym.Dev.GR_IR_Client: 900</msg>
<msg timestamp="20250303 21:52:15.951" level="INFO">Typing text '900' into text field 'wnd[0]/usr/txtRSYST-MANDT'.</msg>
<status status="PASS" starttime="20250303 21:52:15.919" endtime="20250303 21:52:15.951"/>
</kw>
<kw name="Sleep" library="BuiltIn">
<arg>1</arg>
<doc>Pauses the test executed for the given time.</doc>
<msg timestamp="20250303 21:52:16.962" level="INFO">Slept 1 second</msg>
<status status="PASS" starttime="20250303 21:52:15.952" endtime="20250303 21:52:16.962"/>
</kw>
<kw name="Input Text" library="SAP_Tcode_Library">
<arg>wnd[0]/usr/txtRSYST-BNAME</arg>
<arg>${symvar('GR_IR_User')}</arg>
<doc>Inserts the given text into the text field identified by locator.
Use keyword `input password` to insert a password in a text field.</doc>
<msg timestamp="20250303 21:52:16.965" level="INFO">Sym.Dev.GR_IR_User: bcssupport1</msg>
<msg timestamp="20250303 21:52:17.008" level="INFO">Typing text 'bcssupport1' into text field 'wnd[0]/usr/txtRSYST-BNAME'.</msg>
<status status="PASS" starttime="20250303 21:52:16.962" endtime="20250303 21:52:17.009"/>
</kw>
<kw name="Input Password" library="SAP_Tcode_Library">
<arg>wnd[0]/usr/pwdRSYST-BCODE</arg>
<arg>${symvar('GR_IR_PASSWORD')}</arg>
<doc>Inserts the given password into the text field identified by locator.
The password is not recorded in the log.</doc>
<msg timestamp="20250303 21:52:17.011" level="INFO">Sym.Dev.GR_IR_PASSWORD: prod@@13</msg>
<msg timestamp="20250303 21:52:17.047" level="INFO">Typing password into text field 'wnd[0]/usr/pwdRSYST-BCODE'.</msg>
<status status="PASS" starttime="20250303 21:52:17.009" endtime="20250303 21:52:17.047"/>
</kw>
<kw name="Send Vkey" library="SAP_Tcode_Library">
<arg>0</arg>
<doc>Sends a SAP virtual key combination to the window, not into an element.
If you want to send a value to a text field, use `input text` instead.</doc>
<status status="PASS" starttime="20250303 21:52:17.049" endtime="20250303 21:52:18.242"/>
</kw>
<kw name="Multiple Logon Handling" library="SAP_Tcode_Library">
<var>${logon_status}</var>
<arg>wnd[1]</arg>
<arg>wnd[1]/usr/radMULTI_LOGON_OPT2</arg>
<msg timestamp="20250303 21:52:18.258" level="INFO">Error: (-2147352567, 'Exception occurred.', (619, 'SAP Frontend Server', 'The control could not be found by id.', 'C:\\Program Files (x86)\\SAP\\FrontEnd\\SAPgui\\sapfront.HLP', 393215, 0), None)</msg>
<msg timestamp="20250303 21:52:18.258" level="INFO">${logon_status} = None</msg>
<status status="PASS" starttime="20250303 21:52:18.242" endtime="20250303 21:52:18.258"/>
</kw>
<if>
<branch type="IF" condition="'${logon_status}' == &quot;Multiple logon found. Please terminate all the logon &amp; proceed&quot;">
<kw name="Log To Console" library="BuiltIn">
<arg>**gbStart**logon_status**splitKeyValue**${logon_status}**gbEnd**</arg>
<doc>Logs the given message to the console.</doc>
<status status="NOT RUN" starttime="20250303 21:52:18.259" endtime="20250303 21:52:18.259"/>
</kw>
<status status="NOT RUN" starttime="20250303 21:52:18.258" endtime="20250303 21:52:18.259"/>
</branch>
<status status="PASS" starttime="20250303 21:52:18.258" endtime="20250303 21:52:18.259"/>
</if>
<status status="PASS" starttime="20250303 21:52:13.878" endtime="20250303 21:52:18.260"/>
</kw>
<test id="s1-s1-t1" name="Execution" line="9">
<kw name="ME2N" library="ME2N">
<kw name="Run Transaction" library="SAP_Tcode_Library">
<arg>/nME2N</arg>
<doc>Runs a Sap transaction. An error is given when an unknown transaction is specified.</doc>
<status status="PASS" starttime="20250303 21:52:18.262" endtime="20250303 21:52:18.636"/>
</kw>
<kw name="Sleep" library="BuiltIn">
<arg>2</arg>
<doc>Pauses the test executed for the given time.</doc>
<msg timestamp="20250303 21:52:20.645" level="INFO">Slept 2 seconds</msg>
<status status="PASS" starttime="20250303 21:52:18.636" endtime="20250303 21:52:20.645"/>
</kw>
<kw name="Input Text" library="SAP_Tcode_Library">
<arg>wnd[0]/usr/ctxtLISTU</arg>
<arg>${symvar('scope_of_list')}</arg>
<doc>Inserts the given text into the text field identified by locator.
Use keyword `input password` to insert a password in a text field.</doc>
<msg timestamp="20250303 21:52:20.648" level="INFO">Sym.Dev.scope_of_list: ALV-GRID</msg>
<msg timestamp="20250303 21:52:20.674" level="INFO">Typing text 'ALV-GRID' into text field 'wnd[0]/usr/ctxtLISTU'.</msg>
<status status="PASS" starttime="20250303 21:52:20.645" endtime="20250303 21:52:20.677"/>
</kw>
<kw name="Sleep" library="BuiltIn">
<arg>2</arg>
<doc>Pauses the test executed for the given time.</doc>
<msg timestamp="20250303 21:52:22.687" level="INFO">Slept 2 seconds</msg>
<status status="PASS" starttime="20250303 21:52:20.678" endtime="20250303 21:52:22.687"/>
</kw>
<kw name="Click Element" library="SAP_Tcode_Library">
<arg>wnd[0]/usr/btn%_EN_EBELN_%_APP_%-VALU_PUSH</arg>
<doc>Performs a single click on a given element. Used only for buttons, tabs and menu items.</doc>
<status status="PASS" starttime="20250303 21:52:22.687" endtime="20250303 21:52:23.012"/>
</kw>
<kw name="Sleep" library="BuiltIn">
<arg>2</arg>
<doc>Pauses the test executed for the given time.</doc>
<msg timestamp="20250303 21:52:25.026" level="INFO">Slept 2 seconds</msg>
<status status="PASS" starttime="20250303 21:52:23.014" endtime="20250303 21:52:25.027"/>
</kw>
<kw name="Delete Specific File" library="SAP_Tcode_Library">
<arg>${symvar('download_path')}\\${symvar('me2n_file')}</arg>
<msg timestamp="20250303 21:52:25.030" level="INFO">Sym.Dev.download_path: C:\tmp</msg>
<msg timestamp="20250303 21:52:25.034" level="INFO">Sym.Dev.me2n_file: ME2N.XLSX</msg>
<status status="PASS" starttime="20250303 21:52:25.027" endtime="20250303 21:52:25.051"/>
</kw>
<kw name="Delete Specific File" library="SAP_Tcode_Library">
<arg>${symvar('download_path')}\\Purchase_DocumentOnly.txt</arg>
<msg timestamp="20250303 21:52:25.053" level="INFO">Sym.Dev.download_path: C:\tmp</msg>
<status status="PASS" starttime="20250303 21:52:25.052" endtime="20250303 21:52:25.057"/>
</kw>
<kw name="Get Column Excel To Text Create" library="multiple_selection">
<arg>C:\\tmp\\GR.XLSX</arg>
<arg>C:\\tmp\\Purchase_DocumentOnly.txt</arg>
<arg>Purchasing Document</arg>
<arg>Sheet1</arg>
<msg timestamp="20250303 21:52:25.929" level="INFO">Saved successfully!</msg>
<status status="PASS" starttime="20250303 21:52:25.057" endtime="20250303 21:52:25.929"/>
</kw>
<kw name="Click Element" library="SAP_Tcode_Library">
<arg>wnd[1]/tbar[0]/btn[23]</arg>
<doc>Performs a single click on a given element. Used only for buttons, tabs and menu items.</doc>
<status status="PASS" starttime="20250303 21:52:25.929" endtime="20250303 21:52:26.801"/>
</kw>
<kw name="Input Text" library="SAP_Tcode_Library">
<arg>wnd[2]/usr/ctxtDY_PATH</arg>
<arg>C:\\tmp\\</arg>
<doc>Inserts the given text into the text field identified by locator.
Use keyword `input password` to insert a password in a text field.</doc>
<msg timestamp="20250303 21:52:26.877" level="INFO">Typing text 'C:\tmp\' into text field 'wnd[2]/usr/ctxtDY_PATH'.</msg>
<status status="PASS" starttime="20250303 21:52:26.801" endtime="20250303 21:52:26.877"/>
</kw>
<kw name="Input Text" library="SAP_Tcode_Library">
<arg>wnd[2]/usr/ctxtDY_FILENAME</arg>
<arg>Purchase_DocumentOnly.txt</arg>
<doc>Inserts the given text into the text field identified by locator.
Use keyword `input password` to insert a password in a text field.</doc>
<msg timestamp="20250303 21:52:26.893" level="INFO">Typing text 'Purchase_DocumentOnly.txt' into text field 'wnd[2]/usr/ctxtDY_FILENAME'.</msg>
<status status="PASS" starttime="20250303 21:52:26.877" endtime="20250303 21:52:26.893"/>
</kw>
<kw name="Click Element" library="SAP_Tcode_Library">
<arg>wnd[2]/tbar[0]/btn[0]</arg>
<doc>Performs a single click on a given element. Used only for buttons, tabs and menu items.</doc>
<status status="PASS" starttime="20250303 21:52:26.893" endtime="20250303 21:52:27.973"/>
</kw>
<kw name="Click Element" library="SAP_Tcode_Library">
<arg>wnd[1]/tbar[0]/btn[8]</arg>
<doc>Performs a single click on a given element. Used only for buttons, tabs and menu items.</doc>
<status status="PASS" starttime="20250303 21:52:27.974" endtime="20250303 21:52:28.361"/>
</kw>
<kw name="Sleep" library="BuiltIn">
<arg>2</arg>
<doc>Pauses the test executed for the given time.</doc>
<msg timestamp="20250303 21:52:30.370" level="INFO">Slept 2 seconds</msg>
<status status="PASS" starttime="20250303 21:52:28.361" endtime="20250303 21:52:30.370"/>
</kw>
<kw name="Click Element" library="SAP_Tcode_Library">
<arg>wnd[0]/tbar[1]/btn[8]</arg>
<doc>Performs a single click on a given element. Used only for buttons, tabs and menu items.</doc>
<status status="PASS" starttime="20250303 21:52:30.371" endtime="20250303 21:52:51.625"/>
</kw>
<kw name="Click Element" library="SAP_Tcode_Library">
<arg>wnd[0]/tbar[1]/btn[32]</arg>
<doc>Performs a single click on a given element. Used only for buttons, tabs and menu items.</doc>
<status status="PASS" starttime="20250303 21:52:51.626" endtime="20250303 21:52:52.767"/>
</kw>
<kw name="Get Row Count" library="SAP_Tcode_Library">
<var>${row}</var>
<arg>wnd[1]/usr/tabsG_TS_ALV/tabpALV_M_R1/ssubSUB_CONFIGURATION:SAPLSALV_CUL_COLUMN_SELECTION:0620/cntlCONTAINER2_LAYO/shellcont/shell</arg>
<doc>Returns the number of rows found in the specified table.</doc>
<msg timestamp="20250303 21:52:53.172" level="INFO">${row} = 80</msg>
<status status="PASS" starttime="20250303 21:52:52.769" endtime="20250303 21:52:53.172"/>
</kw>
<kw name="Get Length" library="BuiltIn">
<var>${count}</var>
<arg>${symvar('GR1_Layout')}</arg>
<doc>Returns and logs the length of the given item as an integer.</doc>
<msg timestamp="20250303 21:52:53.176" level="INFO">Sym.Dev.GR1_Layout: ['Purchasing Document', 'Plant', 'Purchasing Doc. Type', 'Name 1']</msg>
<msg timestamp="20250303 21:52:53.176" level="INFO">Length is 4</msg>
<msg timestamp="20250303 21:52:53.176" level="INFO">${count} = 4</msg>
<status status="PASS" starttime="20250303 21:52:53.172" endtime="20250303 21:52:53.176"/>
</kw>
<for flavor="IN RANGE">
<var>${lp}</var>
<value>0</value>
<value>${row}</value>
<iter>
<var name="${lp}">0</var>
<kw name="Click Element" library="SAP_Tcode_Library">
<arg>wnd[1]/usr/tabsG_TS_ALV/tabpALV_M_R1/ssubSUB_CONFIGURATION:SAPLSALV_CUL_COLUMN_SELECTION:0620/btnAPP_FL_SING</arg>
<doc>Performs a single click on a given element. Used only for buttons, tabs and menu items.</doc>
<status status="PASS" starttime="20250303 21:52:53.178" endtime="20250303 21:52:53.810"/>
</kw>
<kw name="Evaluate" library="BuiltIn">
<var>${row}</var>
<arg>${row} - 1</arg>
<doc>Evaluates the given expression in Python and returns the result.</doc>
<msg timestamp="20250303 21:52:53.812" level="INFO">${row} = 79</msg>
<status status="PASS" starttime="20250303 21:52:53.811" endtime="20250303 21:52:53.812"/>
</kw>
<status status="PASS" starttime="20250303 21:52:53.178" endtime="20250303 21:52:53.812"/>
</iter>
<iter>
<var name="${lp}">1</var>
<kw name="Click Element" library="SAP_Tcode_Library">
<arg>wnd[1]/usr/tabsG_TS_ALV/tabpALV_M_R1/ssubSUB_CONFIGURATION:SAPLSALV_CUL_COLUMN_SELECTION:0620/btnAPP_FL_SING</arg>
<doc>Performs a single click on a given element. Used only for buttons, tabs and menu items.</doc>
<status status="PASS" starttime="20250303 21:52:53.813" endtime="20250303 21:52:54.523"/>
</kw>
<kw name="Evaluate" library="BuiltIn">
<var>${row}</var>
<arg>${row} - 1</arg>
<doc>Evaluates the given expression in Python and returns the result.</doc>
<msg timestamp="20250303 21:52:54.525" level="INFO">${row} = 78</msg>
<status status="PASS" starttime="20250303 21:52:54.523" endtime="20250303 21:52:54.525"/>
</kw>
<status status="PASS" starttime="20250303 21:52:53.812" endtime="20250303 21:52:54.525"/>
</iter>
<iter>
<var name="${lp}">2</var>
<kw name="Click Element" library="SAP_Tcode_Library">
<arg>wnd[1]/usr/tabsG_TS_ALV/tabpALV_M_R1/ssubSUB_CONFIGURATION:SAPLSALV_CUL_COLUMN_SELECTION:0620/btnAPP_FL_SING</arg>
<doc>Performs a single click on a given element. Used only for buttons, tabs and menu items.</doc>
<status status="PASS" starttime="20250303 21:52:54.525" endtime="20250303 21:52:55.192"/>
</kw>
<kw name="Evaluate" library="BuiltIn">
<var>${row}</var>
<arg>${row} - 1</arg>
<doc>Evaluates the given expression in Python and returns the result.</doc>
<msg timestamp="20250303 21:52:55.196" level="INFO">${row} = 77</msg>
<status status="PASS" starttime="20250303 21:52:55.194" endtime="20250303 21:52:55.196"/>
</kw>
<status status="PASS" starttime="20250303 21:52:54.525" endtime="20250303 21:52:55.196"/>
</iter>
<iter>
<var name="${lp}">3</var>
<kw name="Click Element" library="SAP_Tcode_Library">
<arg>wnd[1]/usr/tabsG_TS_ALV/tabpALV_M_R1/ssubSUB_CONFIGURATION:SAPLSALV_CUL_COLUMN_SELECTION:0620/btnAPP_FL_SING</arg>
<doc>Performs a single click on a given element. Used only for buttons, tabs and menu items.</doc>
<status status="PASS" starttime="20250303 21:52:55.197" endtime="20250303 21:52:55.807"/>
</kw>
<kw name="Evaluate" library="BuiltIn">
<var>${row}</var>
<arg>${row} - 1</arg>
<doc>Evaluates the given expression in Python and returns the result.</doc>
<msg timestamp="20250303 21:52:55.807" level="INFO">${row} = 76</msg>
<status status="PASS" starttime="20250303 21:52:55.807" endtime="20250303 21:52:55.807"/>
</kw>
<status status="PASS" starttime="20250303 21:52:55.196" endtime="20250303 21:52:55.809"/>
</iter>
<iter>
<var name="${lp}">4</var>
<kw name="Click Element" library="SAP_Tcode_Library">
<arg>wnd[1]/usr/tabsG_TS_ALV/tabpALV_M_R1/ssubSUB_CONFIGURATION:SAPLSALV_CUL_COLUMN_SELECTION:0620/btnAPP_FL_SING</arg>
<doc>Performs a single click on a given element. Used only for buttons, tabs and menu items.</doc>
<status status="PASS" starttime="20250303 21:52:55.809" endtime="20250303 21:52:56.379"/>
</kw>
<kw name="Evaluate" library="BuiltIn">
<var>${row}</var>
<arg>${row} - 1</arg>
<doc>Evaluates the given expression in Python and returns the result.</doc>
<msg timestamp="20250303 21:52:56.381" level="INFO">${row} = 75</msg>
<status status="PASS" starttime="20250303 21:52:56.379" endtime="20250303 21:52:56.381"/>
</kw>
<status status="PASS" starttime="20250303 21:52:55.809" endtime="20250303 21:52:56.382"/>
</iter>
<iter>
<var name="${lp}">5</var>
<kw name="Click Element" library="SAP_Tcode_Library">
<arg>wnd[1]/usr/tabsG_TS_ALV/tabpALV_M_R1/ssubSUB_CONFIGURATION:SAPLSALV_CUL_COLUMN_SELECTION:0620/btnAPP_FL_SING</arg>
<doc>Performs a single click on a given element. Used only for buttons, tabs and menu items.</doc>
<status status="PASS" starttime="20250303 21:52:56.382" endtime="20250303 21:52:56.991"/>
</kw>
<kw name="Evaluate" library="BuiltIn">
<var>${row}</var>
<arg>${row} - 1</arg>
<doc>Evaluates the given expression in Python and returns the result.</doc>
<msg timestamp="20250303 21:52:56.994" level="INFO">${row} = 74</msg>
<status status="PASS" starttime="20250303 21:52:56.993" endtime="20250303 21:52:56.995"/>
</kw>
<status status="PASS" starttime="20250303 21:52:56.382" endtime="20250303 21:52:56.995"/>
</iter>
<iter>
<var name="${lp}">6</var>
<kw name="Click Element" library="SAP_Tcode_Library">
<arg>wnd[1]/usr/tabsG_TS_ALV/tabpALV_M_R1/ssubSUB_CONFIGURATION:SAPLSALV_CUL_COLUMN_SELECTION:0620/btnAPP_FL_SING</arg>
<doc>Performs a single click on a given element. Used only for buttons, tabs and menu items.</doc>
<status status="PASS" starttime="20250303 21:52:56.995" endtime="20250303 21:52:58.157"/>
</kw>
<kw name="Evaluate" library="BuiltIn">
<var>${row}</var>
<arg>${row} - 1</arg>
<doc>Evaluates the given expression in Python and returns the result.</doc>
<msg timestamp="20250303 21:52:58.159" level="INFO">${row} = 73</msg>
<status status="PASS" starttime="20250303 21:52:58.158" endtime="20250303 21:52:58.159"/>
</kw>
<status status="PASS" starttime="20250303 21:52:56.995" endtime="20250303 21:52:58.159"/>
</iter>
<iter>
<var name="${lp}">7</var>
<kw name="Click Element" library="SAP_Tcode_Library">
<arg>wnd[1]/usr/tabsG_TS_ALV/tabpALV_M_R1/ssubSUB_CONFIGURATION:SAPLSALV_CUL_COLUMN_SELECTION:0620/btnAPP_FL_SING</arg>
<doc>Performs a single click on a given element. Used only for buttons, tabs and menu items.</doc>
<status status="PASS" starttime="20250303 21:52:58.161" endtime="20250303 21:52:59.109"/>
</kw>
<kw name="Evaluate" library="BuiltIn">
<var>${row}</var>
<arg>${row} - 1</arg>
<doc>Evaluates the given expression in Python and returns the result.</doc>
<msg timestamp="20250303 21:52:59.111" level="INFO">${row} = 72</msg>
<status status="PASS" starttime="20250303 21:52:59.109" endtime="20250303 21:52:59.111"/>
</kw>
<status status="PASS" starttime="20250303 21:52:58.159" endtime="20250303 21:52:59.111"/>
</iter>
<iter>
<var name="${lp}">8</var>
<kw name="Click Element" library="SAP_Tcode_Library">
<arg>wnd[1]/usr/tabsG_TS_ALV/tabpALV_M_R1/ssubSUB_CONFIGURATION:SAPLSALV_CUL_COLUMN_SELECTION:0620/btnAPP_FL_SING</arg>
<doc>Performs a single click on a given element. Used only for buttons, tabs and menu items.</doc>
<status status="PASS" starttime="20250303 21:52:59.111" endtime="20250303 21:53:00.086"/>
</kw>
<kw name="Evaluate" library="BuiltIn">
<var>${row}</var>
<arg>${row} - 1</arg>
<doc>Evaluates the given expression in Python and returns the result.</doc>
<msg timestamp="20250303 21:53:00.087" level="INFO">${row} = 71</msg>
<status status="PASS" starttime="20250303 21:53:00.087" endtime="20250303 21:53:00.087"/>
</kw>
<status status="PASS" starttime="20250303 21:52:59.111" endtime="20250303 21:53:00.087"/>
</iter>
<iter>
<var name="${lp}">9</var>
<kw name="Click Element" library="SAP_Tcode_Library">
<arg>wnd[1]/usr/tabsG_TS_ALV/tabpALV_M_R1/ssubSUB_CONFIGURATION:SAPLSALV_CUL_COLUMN_SELECTION:0620/btnAPP_FL_SING</arg>
<doc>Performs a single click on a given element. Used only for buttons, tabs and menu items.</doc>
<status status="PASS" starttime="20250303 21:53:00.088" endtime="20250303 21:53:01.147"/>
</kw>
<kw name="Evaluate" library="BuiltIn">
<var>${row}</var>
<arg>${row} - 1</arg>
<doc>Evaluates the given expression in Python and returns the result.</doc>
<msg timestamp="20250303 21:53:01.150" level="INFO">${row} = 70</msg>
<status status="PASS" starttime="20250303 21:53:01.148" endtime="20250303 21:53:01.150"/>
</kw>
<status status="PASS" starttime="20250303 21:53:00.087" endtime="20250303 21:53:01.150"/>
</iter>
<iter>
<var name="${lp}">10</var>
<kw name="Click Element" library="SAP_Tcode_Library">
<arg>wnd[1]/usr/tabsG_TS_ALV/tabpALV_M_R1/ssubSUB_CONFIGURATION:SAPLSALV_CUL_COLUMN_SELECTION:0620/btnAPP_FL_SING</arg>
<doc>Performs a single click on a given element. Used only for buttons, tabs and menu items.</doc>
<status status="PASS" starttime="20250303 21:53:01.151" endtime="20250303 21:53:02.308"/>
</kw>
<kw name="Evaluate" library="BuiltIn">
<var>${row}</var>
<arg>${row} - 1</arg>
<doc>Evaluates the given expression in Python and returns the result.</doc>
<msg timestamp="20250303 21:53:02.309" level="INFO">${row} = 69</msg>
<status status="PASS" starttime="20250303 21:53:02.308" endtime="20250303 21:53:02.310"/>
</kw>
<status status="PASS" starttime="20250303 21:53:01.150" endtime="20250303 21:53:02.310"/>
</iter>
<iter>
<var name="${lp}">11</var>
<kw name="Click Element" library="SAP_Tcode_Library">
<arg>wnd[1]/usr/tabsG_TS_ALV/tabpALV_M_R1/ssubSUB_CONFIGURATION:SAPLSALV_CUL_COLUMN_SELECTION:0620/btnAPP_FL_SING</arg>
<doc>Performs a single click on a given element. Used only for buttons, tabs and menu items.</doc>
<status status="PASS" starttime="20250303 21:53:02.310" endtime="20250303 21:53:03.431"/>
</kw>
<kw name="Evaluate" library="BuiltIn">
<var>${row}</var>
<arg>${row} - 1</arg>
<doc>Evaluates the given expression in Python and returns the result.</doc>
<msg timestamp="20250303 21:53:03.433" level="INFO">${row} = 68</msg>
<status status="PASS" starttime="20250303 21:53:03.432" endtime="20250303 21:53:03.433"/>
</kw>
<status status="PASS" starttime="20250303 21:53:02.310" endtime="20250303 21:53:03.433"/>
</iter>
<iter>
<var name="${lp}">12</var>
<kw name="Click Element" library="SAP_Tcode_Library">
<arg>wnd[1]/usr/tabsG_TS_ALV/tabpALV_M_R1/ssubSUB_CONFIGURATION:SAPLSALV_CUL_COLUMN_SELECTION:0620/btnAPP_FL_SING</arg>
<doc>Performs a single click on a given element. Used only for buttons, tabs and menu items.</doc>
<status status="PASS" starttime="20250303 21:53:03.434" endtime="20250303 21:53:04.595"/>
</kw>
<kw name="Evaluate" library="BuiltIn">
<var>${row}</var>
<arg>${row} - 1</arg>
<doc>Evaluates the given expression in Python and returns the result.</doc>
<msg timestamp="20250303 21:53:04.597" level="INFO">${row} = 67</msg>
<status status="PASS" starttime="20250303 21:53:04.596" endtime="20250303 21:53:04.597"/>
</kw>
<status status="PASS" starttime="20250303 21:53:03.434" endtime="20250303 21:53:04.597"/>
</iter>
<iter>
<var name="${lp}">13</var>
<kw name="Click Element" library="SAP_Tcode_Library">
<arg>wnd[1]/usr/tabsG_TS_ALV/tabpALV_M_R1/ssubSUB_CONFIGURATION:SAPLSALV_CUL_COLUMN_SELECTION:0620/btnAPP_FL_SING</arg>
<doc>Performs a single click on a given element. Used only for buttons, tabs and menu items.</doc>
<status status="PASS" starttime="20250303 21:53:04.598" endtime="20250303 21:53:05.724"/>
</kw>
<kw name="Evaluate" library="BuiltIn">
<var>${row}</var>
<arg>${row} - 1</arg>
<doc>Evaluates the given expression in Python and returns the result.</doc>
<msg timestamp="20250303 21:53:05.725" level="INFO">${row} = 66</msg>
<status status="PASS" starttime="20250303 21:53:05.725" endtime="20250303 21:53:05.725"/>
</kw>
<status status="PASS" starttime="20250303 21:53:04.597" endtime="20250303 21:53:05.726"/>
</iter>
<iter>
<var name="${lp}">14</var>
<kw name="Click Element" library="SAP_Tcode_Library">
<arg>wnd[1]/usr/tabsG_TS_ALV/tabpALV_M_R1/ssubSUB_CONFIGURATION:SAPLSALV_CUL_COLUMN_SELECTION:0620/btnAPP_FL_SING</arg>
<doc>Performs a single click on a given element. Used only for buttons, tabs and menu items.</doc>
<status status="PASS" starttime="20250303 21:53:05.726" endtime="20250303 21:53:06.899"/>
</kw>
<kw name="Evaluate" library="BuiltIn">
<var>${row}</var>
<arg>${row} - 1</arg>
<doc>Evaluates the given expression in Python and returns the result.</doc>
<msg timestamp="20250303 21:53:06.901" level="INFO">${row} = 65</msg>
<status status="PASS" starttime="20250303 21:53:06.899" endtime="20250303 21:53:06.901"/>
</kw>
<status status="PASS" starttime="20250303 21:53:05.726" endtime="20250303 21:53:06.901"/>
</iter>
<iter>
<var name="${lp}">15</var>
<kw name="Click Element" library="SAP_Tcode_Library">
<arg>wnd[1]/usr/tabsG_TS_ALV/tabpALV_M_R1/ssubSUB_CONFIGURATION:SAPLSALV_CUL_COLUMN_SELECTION:0620/btnAPP_FL_SING</arg>
<doc>Performs a single click on a given element. Used only for buttons, tabs and menu items.</doc>
<status status="PASS" starttime="20250303 21:53:06.902" endtime="20250303 21:53:07.995"/>
</kw>
<kw name="Evaluate" library="BuiltIn">
<var>${row}</var>
<arg>${row} - 1</arg>
<doc>Evaluates the given expression in Python and returns the result.</doc>
<msg timestamp="20250303 21:53:07.997" level="INFO">${row} = 64</msg>
<status status="PASS" starttime="20250303 21:53:07.995" endtime="20250303 21:53:07.997"/>
</kw>
<status status="PASS" starttime="20250303 21:53:06.901" endtime="20250303 21:53:07.997"/>
</iter>
<iter>
<var name="${lp}">16</var>
<kw name="Click Element" library="SAP_Tcode_Library">
<arg>wnd[1]/usr/tabsG_TS_ALV/tabpALV_M_R1/ssubSUB_CONFIGURATION:SAPLSALV_CUL_COLUMN_SELECTION:0620/btnAPP_FL_SING</arg>
<doc>Performs a single click on a given element. Used only for buttons, tabs and menu items.</doc>
<status status="PASS" starttime="20250303 21:53:07.998" endtime="20250303 21:53:09.072"/>
</kw>
<kw name="Evaluate" library="BuiltIn">
<var>${row}</var>
<arg>${row} - 1</arg>
<doc>Evaluates the given expression in Python and returns the result.</doc>
<msg timestamp="20250303 21:53:09.074" level="INFO">${row} = 63</msg>
<status status="PASS" starttime="20250303 21:53:09.072" endtime="20250303 21:53:09.074"/>
</kw>
<status status="PASS" starttime="20250303 21:53:07.998" endtime="20250303 21:53:09.075"/>
</iter>
<iter>
<var name="${lp}">17</var>
<kw name="Click Element" library="SAP_Tcode_Library">
<arg>wnd[1]/usr/tabsG_TS_ALV/tabpALV_M_R1/ssubSUB_CONFIGURATION:SAPLSALV_CUL_COLUMN_SELECTION:0620/btnAPP_FL_SING</arg>
<doc>Performs a single click on a given element. Used only for buttons, tabs and menu items.</doc>
<status status="PASS" starttime="20250303 21:53:09.076" endtime="20250303 21:53:10.561"/>
</kw>
<kw name="Evaluate" library="BuiltIn">
<var>${row}</var>
<arg>${row} - 1</arg>
<doc>Evaluates the given expression in Python and returns the result.</doc>
<msg timestamp="20250303 21:53:10.563" level="INFO">${row} = 62</msg>
<status status="PASS" starttime="20250303 21:53:10.562" endtime="20250303 21:53:10.563"/>
</kw>
<status status="PASS" starttime="20250303 21:53:09.075" endtime="20250303 21:53:10.563"/>
</iter>
<iter>
<var name="${lp}">18</var>
<kw name="Click Element" library="SAP_Tcode_Library">
<arg>wnd[1]/usr/tabsG_TS_ALV/tabpALV_M_R1/ssubSUB_CONFIGURATION:SAPLSALV_CUL_COLUMN_SELECTION:0620/btnAPP_FL_SING</arg>
<doc>Performs a single click on a given element. Used only for buttons, tabs and menu items.</doc>
<status status="PASS" starttime="20250303 21:53:10.564" endtime="20250303 21:53:11.492"/>
</kw>
<kw name="Evaluate" library="BuiltIn">
<var>${row}</var>
<arg>${row} - 1</arg>
<doc>Evaluates the given expression in Python and returns the result.</doc>
<msg timestamp="20250303 21:53:11.493" level="INFO">${row} = 61</msg>
<status status="PASS" starttime="20250303 21:53:11.492" endtime="20250303 21:53:11.493"/>
</kw>
<status status="PASS" starttime="20250303 21:53:10.563" endtime="20250303 21:53:11.493"/>
</iter>
<iter>
<var name="${lp}">19</var>
<kw name="Click Element" library="SAP_Tcode_Library">
<arg>wnd[1]/usr/tabsG_TS_ALV/tabpALV_M_R1/ssubSUB_CONFIGURATION:SAPLSALV_CUL_COLUMN_SELECTION:0620/btnAPP_FL_SING</arg>
<doc>Performs a single click on a given element. Used only for buttons, tabs and menu items.</doc>
<status status="PASS" starttime="20250303 21:53:11.494" endtime="20250303 21:53:12.834"/>
</kw>
<kw name="Evaluate" library="BuiltIn">
<var>${row}</var>
<arg>${row} - 1</arg>
<doc>Evaluates the given expression in Python and returns the result.</doc>
<msg timestamp="20250303 21:53:12.838" level="INFO">${row} = 60</msg>
<status status="PASS" starttime="20250303 21:53:12.836" endtime="20250303 21:53:12.838"/>
</kw>
<status status="PASS" starttime="20250303 21:53:11.493" endtime="20250303 21:53:12.838"/>
</iter>
<iter>
<var name="${lp}">20</var>
<kw name="Click Element" library="SAP_Tcode_Library">
<arg>wnd[1]/usr/tabsG_TS_ALV/tabpALV_M_R1/ssubSUB_CONFIGURATION:SAPLSALV_CUL_COLUMN_SELECTION:0620/btnAPP_FL_SING</arg>
<doc>Performs a single click on a given element. Used only for buttons, tabs and menu items.</doc>
<status status="PASS" starttime="20250303 21:53:12.839" endtime="20250303 21:53:13.459"/>
</kw>
<kw name="Evaluate" library="BuiltIn">
<var>${row}</var>
<arg>${row} - 1</arg>
<doc>Evaluates the given expression in Python and returns the result.</doc>
<msg timestamp="20250303 21:53:13.460" level="INFO">${row} = 59</msg>
<status status="PASS" starttime="20250303 21:53:13.460" endtime="20250303 21:53:13.460"/>
</kw>
<status status="PASS" starttime="20250303 21:53:12.839" endtime="20250303 21:53:13.460"/>
</iter>
<iter>
<var name="${lp}">21</var>
<kw name="Click Element" library="SAP_Tcode_Library">
<arg>wnd[1]/usr/tabsG_TS_ALV/tabpALV_M_R1/ssubSUB_CONFIGURATION:SAPLSALV_CUL_COLUMN_SELECTION:0620/btnAPP_FL_SING</arg>
<doc>Performs a single click on a given element. Used only for buttons, tabs and menu items.</doc>
<status status="PASS" starttime="20250303 21:53:13.461" endtime="20250303 21:53:14.044"/>
</kw>
<kw name="Evaluate" library="BuiltIn">
<var>${row}</var>
<arg>${row} - 1</arg>
<doc>Evaluates the given expression in Python and returns the result.</doc>
<msg timestamp="20250303 21:53:14.044" level="INFO">${row} = 58</msg>
<status status="PASS" starttime="20250303 21:53:14.044" endtime="20250303 21:53:14.044"/>
</kw>
<status status="PASS" starttime="20250303 21:53:13.460" endtime="20250303 21:53:14.044"/>
</iter>
<iter>
<var name="${lp}">22</var>
<kw name="Click Element" library="SAP_Tcode_Library">
<arg>wnd[1]/usr/tabsG_TS_ALV/tabpALV_M_R1/ssubSUB_CONFIGURATION:SAPLSALV_CUL_COLUMN_SELECTION:0620/btnAPP_FL_SING</arg>
<doc>Performs a single click on a given element. Used only for buttons, tabs and menu items.</doc>
<status status="PASS" starttime="20250303 21:53:14.047" endtime="20250303 21:53:14.649"/>
</kw>
<kw name="Evaluate" library="BuiltIn">
<var>${row}</var>
<arg>${row} - 1</arg>
<doc>Evaluates the given expression in Python and returns the result.</doc>
<msg timestamp="20250303 21:53:14.652" level="INFO">${row} = 57</msg>
<status status="PASS" starttime="20250303 21:53:14.652" endtime="20250303 21:53:14.652"/>
</kw>
<status status="PASS" starttime="20250303 21:53:14.046" endtime="20250303 21:53:14.653"/>
</iter>
<iter>
<var name="${lp}">23</var>
<kw name="Click Element" library="SAP_Tcode_Library">
<arg>wnd[1]/usr/tabsG_TS_ALV/tabpALV_M_R1/ssubSUB_CONFIGURATION:SAPLSALV_CUL_COLUMN_SELECTION:0620/btnAPP_FL_SING</arg>
<doc>Performs a single click on a given element. Used only for buttons, tabs and menu items.</doc>
<status status="PASS" starttime="20250303 21:53:14.654" endtime="20250303 21:53:15.270"/>
</kw>
<kw name="Evaluate" library="BuiltIn">
<var>${row}</var>
<arg>${row} - 1</arg>
<doc>Evaluates the given expression in Python and returns the result.</doc>
<msg timestamp="20250303 21:53:15.272" level="INFO">${row} = 56</msg>
<status status="PASS" starttime="20250303 21:53:15.272" endtime="20250303 21:53:15.272"/>
</kw>
<status status="PASS" starttime="20250303 21:53:14.654" endtime="20250303 21:53:15.272"/>
</iter>
<iter>
<var name="${lp}">24</var>
<kw name="Click Element" library="SAP_Tcode_Library">
<arg>wnd[1]/usr/tabsG_TS_ALV/tabpALV_M_R1/ssubSUB_CONFIGURATION:SAPLSALV_CUL_COLUMN_SELECTION:0620/btnAPP_FL_SING</arg>
<doc>Performs a single click on a given element. Used only for buttons, tabs and menu items.</doc>
<status status="PASS" starttime="20250303 21:53:15.273" endtime="20250303 21:53:15.992"/>
</kw>
<kw name="Evaluate" library="BuiltIn">
<var>${row}</var>
<arg>${row} - 1</arg>
<doc>Evaluates the given expression in Python and returns the result.</doc>
<msg timestamp="20250303 21:53:15.994" level="INFO">${row} = 55</msg>
<status status="PASS" starttime="20250303 21:53:15.992" endtime="20250303 21:53:15.994"/>
</kw>
<status status="PASS" starttime="20250303 21:53:15.272" endtime="20250303 21:53:15.994"/>
</iter>
<iter>
<var name="${lp}">25</var>
<kw name="Click Element" library="SAP_Tcode_Library">
<arg>wnd[1]/usr/tabsG_TS_ALV/tabpALV_M_R1/ssubSUB_CONFIGURATION:SAPLSALV_CUL_COLUMN_SELECTION:0620/btnAPP_FL_SING</arg>
<doc>Performs a single click on a given element. Used only for buttons, tabs and menu items.</doc>
<status status="PASS" starttime="20250303 21:53:15.994" endtime="20250303 21:53:16.592"/>
</kw>
<kw name="Evaluate" library="BuiltIn">
<var>${row}</var>
<arg>${row} - 1</arg>
<doc>Evaluates the given expression in Python and returns the result.</doc>
<msg timestamp="20250303 21:53:16.594" level="INFO">${row} = 54</msg>
<status status="PASS" starttime="20250303 21:53:16.593" endtime="20250303 21:53:16.594"/>
</kw>
<status status="PASS" starttime="20250303 21:53:15.994" endtime="20250303 21:53:16.594"/>
</iter>
<iter>
<var name="${lp}">26</var>
<kw name="Click Element" library="SAP_Tcode_Library">
<arg>wnd[1]/usr/tabsG_TS_ALV/tabpALV_M_R1/ssubSUB_CONFIGURATION:SAPLSALV_CUL_COLUMN_SELECTION:0620/btnAPP_FL_SING</arg>
<doc>Performs a single click on a given element. Used only for buttons, tabs and menu items.</doc>
<status status="PASS" starttime="20250303 21:53:16.596" endtime="20250303 21:53:17.206"/>
</kw>
<kw name="Evaluate" library="BuiltIn">
<var>${row}</var>
<arg>${row} - 1</arg>
<doc>Evaluates the given expression in Python and returns the result.</doc>
<msg timestamp="20250303 21:53:17.207" level="INFO">${row} = 53</msg>
<status status="PASS" starttime="20250303 21:53:17.206" endtime="20250303 21:53:17.207"/>
</kw>
<status status="PASS" starttime="20250303 21:53:16.596" endtime="20250303 21:53:17.207"/>
</iter>
<iter>
<var name="${lp}">27</var>
<kw name="Click Element" library="SAP_Tcode_Library">
<arg>wnd[1]/usr/tabsG_TS_ALV/tabpALV_M_R1/ssubSUB_CONFIGURATION:SAPLSALV_CUL_COLUMN_SELECTION:0620/btnAPP_FL_SING</arg>
<doc>Performs a single click on a given element. Used only for buttons, tabs and menu items.</doc>
<status status="PASS" starttime="20250303 21:53:17.208" endtime="20250303 21:53:17.808"/>
</kw>
<kw name="Evaluate" library="BuiltIn">
<var>${row}</var>
<arg>${row} - 1</arg>
<doc>Evaluates the given expression in Python and returns the result.</doc>
<msg timestamp="20250303 21:53:17.809" level="INFO">${row} = 52</msg>
<status status="PASS" starttime="20250303 21:53:17.808" endtime="20250303 21:53:17.809"/>
</kw>
<status status="PASS" starttime="20250303 21:53:17.207" endtime="20250303 21:53:17.810"/>
</iter>
<iter>
<var name="${lp}">28</var>
<kw name="Click Element" library="SAP_Tcode_Library">
<arg>wnd[1]/usr/tabsG_TS_ALV/tabpALV_M_R1/ssubSUB_CONFIGURATION:SAPLSALV_CUL_COLUMN_SELECTION:0620/btnAPP_FL_SING</arg>
<doc>Performs a single click on a given element. Used only for buttons, tabs and menu items.</doc>
<status status="PASS" starttime="20250303 21:53:17.810" endtime="20250303 21:53:18.439"/>
</kw>
<kw name="Evaluate" library="BuiltIn">
<var>${row}</var>
<arg>${row} - 1</arg>
<doc>Evaluates the given expression in Python and returns the result.</doc>
<msg timestamp="20250303 21:53:18.439" level="INFO">${row} = 51</msg>
<status status="PASS" starttime="20250303 21:53:18.439" endtime="20250303 21:53:18.440"/>
</kw>
<status status="PASS" starttime="20250303 21:53:17.810" endtime="20250303 21:53:18.440"/>
</iter>
<iter>
<var name="${lp}">29</var>
<kw name="Click Element" library="SAP_Tcode_Library">
<arg>wnd[1]/usr/tabsG_TS_ALV/tabpALV_M_R1/ssubSUB_CONFIGURATION:SAPLSALV_CUL_COLUMN_SELECTION:0620/btnAPP_FL_SING</arg>
<doc>Performs a single click on a given element. Used only for buttons, tabs and menu items.</doc>
<status status="PASS" starttime="20250303 21:53:18.440" endtime="20250303 21:53:19.118"/>
</kw>
<kw name="Evaluate" library="BuiltIn">
<var>${row}</var>
<arg>${row} - 1</arg>
<doc>Evaluates the given expression in Python and returns the result.</doc>
<msg timestamp="20250303 21:53:19.119" level="INFO">${row} = 50</msg>
<status status="PASS" starttime="20250303 21:53:19.119" endtime="20250303 21:53:19.119"/>
</kw>
<status status="PASS" starttime="20250303 21:53:18.440" endtime="20250303 21:53:19.120"/>
</iter>
<iter>
<var name="${lp}">30</var>
<kw name="Click Element" library="SAP_Tcode_Library">
<arg>wnd[1]/usr/tabsG_TS_ALV/tabpALV_M_R1/ssubSUB_CONFIGURATION:SAPLSALV_CUL_COLUMN_SELECTION:0620/btnAPP_FL_SING</arg>
<doc>Performs a single click on a given element. Used only for buttons, tabs and menu items.</doc>
<status status="PASS" starttime="20250303 21:53:19.120" endtime="20250303 21:53:19.722"/>
</kw>
<kw name="Evaluate" library="BuiltIn">
<var>${row}</var>
<arg>${row} - 1</arg>
<doc>Evaluates the given expression in Python and returns the result.</doc>
<msg timestamp="20250303 21:53:19.723" level="INFO">${row} = 49</msg>
<status status="PASS" starttime="20250303 21:53:19.723" endtime="20250303 21:53:19.723"/>
</kw>
<status status="PASS" starttime="20250303 21:53:19.120" endtime="20250303 21:53:19.724"/>
</iter>
<iter>
<var name="${lp}">31</var>
<kw name="Click Element" library="SAP_Tcode_Library">
<arg>wnd[1]/usr/tabsG_TS_ALV/tabpALV_M_R1/ssubSUB_CONFIGURATION:SAPLSALV_CUL_COLUMN_SELECTION:0620/btnAPP_FL_SING</arg>
<doc>Performs a single click on a given element. Used only for buttons, tabs and menu items.</doc>
<status status="PASS" starttime="20250303 21:53:19.726" endtime="20250303 21:53:20.323"/>
</kw>
<kw name="Evaluate" library="BuiltIn">
<var>${row}</var>
<arg>${row} - 1</arg>
<doc>Evaluates the given expression in Python and returns the result.</doc>
<msg timestamp="20250303 21:53:20.325" level="INFO">${row} = 48</msg>
<status status="PASS" starttime="20250303 21:53:20.323" endtime="20250303 21:53:20.325"/>
</kw>
<status status="PASS" starttime="20250303 21:53:19.724" endtime="20250303 21:53:20.325"/>
</iter>
<iter>
<var name="${lp}">32</var>
<kw name="Click Element" library="SAP_Tcode_Library">
<arg>wnd[1]/usr/tabsG_TS_ALV/tabpALV_M_R1/ssubSUB_CONFIGURATION:SAPLSALV_CUL_COLUMN_SELECTION:0620/btnAPP_FL_SING</arg>
<doc>Performs a single click on a given element. Used only for buttons, tabs and menu items.</doc>
<status status="PASS" starttime="20250303 21:53:20.326" endtime="20250303 21:53:21.071"/>
</kw>
<kw name="Evaluate" library="BuiltIn">
<var>${row}</var>
<arg>${row} - 1</arg>
<doc>Evaluates the given expression in Python and returns the result.</doc>
<msg timestamp="20250303 21:53:21.074" level="INFO">${row} = 47</msg>
<status status="PASS" starttime="20250303 21:53:21.072" endtime="20250303 21:53:21.074"/>
</kw>
<status status="PASS" starttime="20250303 21:53:20.325" endtime="20250303 21:53:21.074"/>
</iter>
<iter>
<var name="${lp}">33</var>
<kw name="Click Element" library="SAP_Tcode_Library">
<arg>wnd[1]/usr/tabsG_TS_ALV/tabpALV_M_R1/ssubSUB_CONFIGURATION:SAPLSALV_CUL_COLUMN_SELECTION:0620/btnAPP_FL_SING</arg>
<doc>Performs a single click on a given element. Used only for buttons, tabs and menu items.</doc>
<status status="PASS" starttime="20250303 21:53:21.077" endtime="20250303 21:53:21.773"/>
</kw>
<kw name="Evaluate" library="BuiltIn">
<var>${row}</var>
<arg>${row} - 1</arg>
<doc>Evaluates the given expression in Python and returns the result.</doc>
<msg timestamp="20250303 21:53:21.775" level="INFO">${row} = 46</msg>
<status status="PASS" starttime="20250303 21:53:21.773" endtime="20250303 21:53:21.776"/>
</kw>
<status status="PASS" starttime="20250303 21:53:21.074" endtime="20250303 21:53:21.776"/>
</iter>
<iter>
<var name="${lp}">34</var>
<kw name="Click Element" library="SAP_Tcode_Library">
<arg>wnd[1]/usr/tabsG_TS_ALV/tabpALV_M_R1/ssubSUB_CONFIGURATION:SAPLSALV_CUL_COLUMN_SELECTION:0620/btnAPP_FL_SING</arg>
<doc>Performs a single click on a given element. Used only for buttons, tabs and menu items.</doc>
<status status="PASS" starttime="20250303 21:53:21.781" endtime="20250303 21:53:22.467"/>
</kw>
<kw name="Evaluate" library="BuiltIn">
<var>${row}</var>
<arg>${row} - 1</arg>
<doc>Evaluates the given expression in Python and returns the result.</doc>
<msg timestamp="20250303 21:53:22.468" level="INFO">${row} = 45</msg>
<status status="PASS" starttime="20250303 21:53:22.467" endtime="20250303 21:53:22.468"/>
</kw>
<status status="PASS" starttime="20250303 21:53:21.776" endtime="20250303 21:53:22.468"/>
</iter>
<iter>
<var name="${lp}">35</var>
<kw name="Click Element" library="SAP_Tcode_Library">
<arg>wnd[1]/usr/tabsG_TS_ALV/tabpALV_M_R1/ssubSUB_CONFIGURATION:SAPLSALV_CUL_COLUMN_SELECTION:0620/btnAPP_FL_SING</arg>
<doc>Performs a single click on a given element. Used only for buttons, tabs and menu items.</doc>
<status status="PASS" starttime="20250303 21:53:22.469" endtime="20250303 21:53:23.083"/>
</kw>
<kw name="Evaluate" library="BuiltIn">
<var>${row}</var>
<arg>${row} - 1</arg>
<doc>Evaluates the given expression in Python and returns the result.</doc>
<msg timestamp="20250303 21:53:23.084" level="INFO">${row} = 44</msg>
<status status="PASS" starttime="20250303 21:53:23.083" endtime="20250303 21:53:23.084"/>
</kw>
<status status="PASS" starttime="20250303 21:53:22.468" endtime="20250303 21:53:23.085"/>
</iter>
<iter>
<var name="${lp}">36</var>
<kw name="Click Element" library="SAP_Tcode_Library">
<arg>wnd[1]/usr/tabsG_TS_ALV/tabpALV_M_R1/ssubSUB_CONFIGURATION:SAPLSALV_CUL_COLUMN_SELECTION:0620/btnAPP_FL_SING</arg>
<doc>Performs a single click on a given element. Used only for buttons, tabs and menu items.</doc>
<status status="PASS" starttime="20250303 21:53:23.085" endtime="20250303 21:53:23.628"/>
</kw>
<kw name="Evaluate" library="BuiltIn">
<var>${row}</var>
<arg>${row} - 1</arg>
<doc>Evaluates the given expression in Python and returns the result.</doc>
<msg timestamp="20250303 21:53:23.629" level="INFO">${row} = 43</msg>
<status status="PASS" starttime="20250303 21:53:23.628" endtime="20250303 21:53:23.629"/>
</kw>
<status status="PASS" starttime="20250303 21:53:23.085" endtime="20250303 21:53:23.629"/>
</iter>
<iter>
<var name="${lp}">37</var>
<kw name="Click Element" library="SAP_Tcode_Library">
<arg>wnd[1]/usr/tabsG_TS_ALV/tabpALV_M_R1/ssubSUB_CONFIGURATION:SAPLSALV_CUL_COLUMN_SELECTION:0620/btnAPP_FL_SING</arg>
<doc>Performs a single click on a given element. Used only for buttons, tabs and menu items.</doc>
<status status="PASS" starttime="20250303 21:53:23.630" endtime="20250303 21:53:24.236"/>
</kw>
<kw name="Evaluate" library="BuiltIn">
<var>${row}</var>
<arg>${row} - 1</arg>
<doc>Evaluates the given expression in Python and returns the result.</doc>
<msg timestamp="20250303 21:53:24.238" level="INFO">${row} = 42</msg>
<status status="PASS" starttime="20250303 21:53:24.237" endtime="20250303 21:53:24.238"/>
</kw>
<status status="PASS" starttime="20250303 21:53:23.629" endtime="20250303 21:53:24.238"/>
</iter>
<iter>
<var name="${lp}">38</var>
<kw name="Click Element" library="SAP_Tcode_Library">
<arg>wnd[1]/usr/tabsG_TS_ALV/tabpALV_M_R1/ssubSUB_CONFIGURATION:SAPLSALV_CUL_COLUMN_SELECTION:0620/btnAPP_FL_SING</arg>
<doc>Performs a single click on a given element. Used only for buttons, tabs and menu items.</doc>
<status status="PASS" starttime="20250303 21:53:24.239" endtime="20250303 21:53:24.807"/>
</kw>
<kw name="Evaluate" library="BuiltIn">
<var>${row}</var>
<arg>${row} - 1</arg>
<doc>Evaluates the given expression in Python and returns the result.</doc>
<msg timestamp="20250303 21:53:24.809" level="INFO">${row} = 41</msg>
<status status="PASS" starttime="20250303 21:53:24.809" endtime="20250303 21:53:24.809"/>
</kw>
<status status="PASS" starttime="20250303 21:53:24.238" endtime="20250303 21:53:24.809"/>
</iter>
<iter>
<var name="${lp}">39</var>
<kw name="Click Element" library="SAP_Tcode_Library">
<arg>wnd[1]/usr/tabsG_TS_ALV/tabpALV_M_R1/ssubSUB_CONFIGURATION:SAPLSALV_CUL_COLUMN_SELECTION:0620/btnAPP_FL_SING</arg>
<doc>Performs a single click on a given element. Used only for buttons, tabs and menu items.</doc>
<status status="PASS" starttime="20250303 21:53:24.809" endtime="20250303 21:53:25.406"/>
</kw>
<kw name="Evaluate" library="BuiltIn">
<var>${row}</var>
<arg>${row} - 1</arg>
<doc>Evaluates the given expression in Python and returns the result.</doc>
<msg timestamp="20250303 21:53:25.407" level="INFO">${row} = 40</msg>
<status status="PASS" starttime="20250303 21:53:25.406" endtime="20250303 21:53:25.407"/>
</kw>
<status status="PASS" starttime="20250303 21:53:24.809" endtime="20250303 21:53:25.407"/>
</iter>
<iter>
<var name="${lp}">40</var>
<kw name="Click Element" library="SAP_Tcode_Library">
<arg>wnd[1]/usr/tabsG_TS_ALV/tabpALV_M_R1/ssubSUB_CONFIGURATION:SAPLSALV_CUL_COLUMN_SELECTION:0620/btnAPP_FL_SING</arg>
<doc>Performs a single click on a given element. Used only for buttons, tabs and menu items.</doc>
<status status="PASS" starttime="20250303 21:53:25.409" endtime="20250303 21:53:26.031"/>
</kw>
<kw name="Evaluate" library="BuiltIn">
<var>${row}</var>
<arg>${row} - 1</arg>
<doc>Evaluates the given expression in Python and returns the result.</doc>
<msg timestamp="20250303 21:53:26.032" level="INFO">${row} = 39</msg>
<status status="PASS" starttime="20250303 21:53:26.031" endtime="20250303 21:53:26.032"/>
</kw>
<status status="PASS" starttime="20250303 21:53:25.409" endtime="20250303 21:53:26.032"/>
</iter>
<iter>
<var name="${lp}">41</var>
<kw name="Click Element" library="SAP_Tcode_Library">
<arg>wnd[1]/usr/tabsG_TS_ALV/tabpALV_M_R1/ssubSUB_CONFIGURATION:SAPLSALV_CUL_COLUMN_SELECTION:0620/btnAPP_FL_SING</arg>
<doc>Performs a single click on a given element. Used only for buttons, tabs and menu items.</doc>
<status status="PASS" starttime="20250303 21:53:26.032" endtime="20250303 21:53:26.582"/>
</kw>
<kw name="Evaluate" library="BuiltIn">
<var>${row}</var>
<arg>${row} - 1</arg>
<doc>Evaluates the given expression in Python and returns the result.</doc>
<msg timestamp="20250303 21:53:26.582" level="INFO">${row} = 38</msg>
<status status="PASS" starttime="20250303 21:53:26.582" endtime="20250303 21:53:26.582"/>
</kw>
<status status="PASS" starttime="20250303 21:53:26.032" endtime="20250303 21:53:26.584"/>
</iter>
<iter>
<var name="${lp}">42</var>
<kw name="Click Element" library="SAP_Tcode_Library">
<arg>wnd[1]/usr/tabsG_TS_ALV/tabpALV_M_R1/ssubSUB_CONFIGURATION:SAPLSALV_CUL_COLUMN_SELECTION:0620/btnAPP_FL_SING</arg>
<doc>Performs a single click on a given element. Used only for buttons, tabs and menu items.</doc>
<status status="PASS" starttime="20250303 21:53:26.587" endtime="20250303 21:53:27.177"/>
</kw>
<kw name="Evaluate" library="BuiltIn">
<var>${row}</var>
<arg>${row} - 1</arg>
<doc>Evaluates the given expression in Python and returns the result.</doc>
<msg timestamp="20250303 21:53:27.180" level="INFO">${row} = 37</msg>
<status status="PASS" starttime="20250303 21:53:27.177" endtime="20250303 21:53:27.182"/>
</kw>
<status status="PASS" starttime="20250303 21:53:26.584" endtime="20250303 21:53:27.182"/>
</iter>
<iter>
<var name="${lp}">43</var>
<kw name="Click Element" library="SAP_Tcode_Library">
<arg>wnd[1]/usr/tabsG_TS_ALV/tabpALV_M_R1/ssubSUB_CONFIGURATION:SAPLSALV_CUL_COLUMN_SELECTION:0620/btnAPP_FL_SING</arg>
<doc>Performs a single click on a given element. Used only for buttons, tabs and menu items.</doc>
<status status="PASS" starttime="20250303 21:53:27.183" endtime="20250303 21:53:27.789"/>
</kw>
<kw name="Evaluate" library="BuiltIn">
<var>${row}</var>
<arg>${row} - 1</arg>
<doc>Evaluates the given expression in Python and returns the result.</doc>
<msg timestamp="20250303 21:53:27.790" level="INFO">${row} = 36</msg>
<status status="PASS" starttime="20250303 21:53:27.789" endtime="20250303 21:53:27.790"/>
</kw>
<status status="PASS" starttime="20250303 21:53:27.182" endtime="20250303 21:53:27.790"/>
</iter>
<iter>
<var name="${lp}">44</var>
<kw name="Click Element" library="SAP_Tcode_Library">
<arg>wnd[1]/usr/tabsG_TS_ALV/tabpALV_M_R1/ssubSUB_CONFIGURATION:SAPLSALV_CUL_COLUMN_SELECTION:0620/btnAPP_FL_SING</arg>
<doc>Performs a single click on a given element. Used only for buttons, tabs and menu items.</doc>
<status status="PASS" starttime="20250303 21:53:27.792" endtime="20250303 21:53:28.398"/>
</kw>
<kw name="Evaluate" library="BuiltIn">
<var>${row}</var>
<arg>${row} - 1</arg>
<doc>Evaluates the given expression in Python and returns the result.</doc>
<msg timestamp="20250303 21:53:28.400" level="INFO">${row} = 35</msg>
<status status="PASS" starttime="20250303 21:53:28.399" endtime="20250303 21:53:28.400"/>
</kw>
<status status="PASS" starttime="20250303 21:53:27.791" endtime="20250303 21:53:28.400"/>
</iter>
<iter>
<var name="${lp}">45</var>
<kw name="Click Element" library="SAP_Tcode_Library">
<arg>wnd[1]/usr/tabsG_TS_ALV/tabpALV_M_R1/ssubSUB_CONFIGURATION:SAPLSALV_CUL_COLUMN_SELECTION:0620/btnAPP_FL_SING</arg>
<doc>Performs a single click on a given element. Used only for buttons, tabs and menu items.</doc>
<status status="PASS" starttime="20250303 21:53:28.402" endtime="20250303 21:53:28.987"/>
</kw>
<kw name="Evaluate" library="BuiltIn">
<var>${row}</var>
<arg>${row} - 1</arg>
<doc>Evaluates the given expression in Python and returns the result.</doc>
<msg timestamp="20250303 21:53:28.988" level="INFO">${row} = 34</msg>
<status status="PASS" starttime="20250303 21:53:28.988" endtime="20250303 21:53:28.989"/>
</kw>
<status status="PASS" starttime="20250303 21:53:28.401" endtime="20250303 21:53:28.989"/>
</iter>
<iter>
<var name="${lp}">46</var>
<kw name="Click Element" library="SAP_Tcode_Library">
<arg>wnd[1]/usr/tabsG_TS_ALV/tabpALV_M_R1/ssubSUB_CONFIGURATION:SAPLSALV_CUL_COLUMN_SELECTION:0620/btnAPP_FL_SING</arg>
<doc>Performs a single click on a given element. Used only for buttons, tabs and menu items.</doc>
<status status="PASS" starttime="20250303 21:53:28.990" endtime="20250303 21:53:29.571"/>
</kw>
<kw name="Evaluate" library="BuiltIn">
<var>${row}</var>
<arg>${row} - 1</arg>
<doc>Evaluates the given expression in Python and returns the result.</doc>
<msg timestamp="20250303 21:53:29.572" level="INFO">${row} = 33</msg>
<status status="PASS" starttime="20250303 21:53:29.571" endtime="20250303 21:53:29.572"/>
</kw>
<status status="PASS" starttime="20250303 21:53:28.989" endtime="20250303 21:53:29.572"/>
</iter>
<iter>
<var name="${lp}">47</var>
<kw name="Click Element" library="SAP_Tcode_Library">
<arg>wnd[1]/usr/tabsG_TS_ALV/tabpALV_M_R1/ssubSUB_CONFIGURATION:SAPLSALV_CUL_COLUMN_SELECTION:0620/btnAPP_FL_SING</arg>
<doc>Performs a single click on a given element. Used only for buttons, tabs and menu items.</doc>
<status status="PASS" starttime="20250303 21:53:29.573" endtime="20250303 21:53:30.129"/>
</kw>
<kw name="Evaluate" library="BuiltIn">
<var>${row}</var>
<arg>${row} - 1</arg>
<doc>Evaluates the given expression in Python and returns the result.</doc>
<msg timestamp="20250303 21:53:30.132" level="INFO">${row} = 32</msg>
<status status="PASS" starttime="20250303 21:53:30.129" endtime="20250303 21:53:30.132"/>
</kw>
<status status="PASS" starttime="20250303 21:53:29.572" endtime="20250303 21:53:30.132"/>
</iter>
<iter>
<var name="${lp}">48</var>
<kw name="Click Element" library="SAP_Tcode_Library">
<arg>wnd[1]/usr/tabsG_TS_ALV/tabpALV_M_R1/ssubSUB_CONFIGURATION:SAPLSALV_CUL_COLUMN_SELECTION:0620/btnAPP_FL_SING</arg>
<doc>Performs a single click on a given element. Used only for buttons, tabs and menu items.</doc>
<status status="PASS" starttime="20250303 21:53:30.133" endtime="20250303 21:53:30.748"/>
</kw>
<kw name="Evaluate" library="BuiltIn">
<var>${row}</var>
<arg>${row} - 1</arg>
<doc>Evaluates the given expression in Python and returns the result.</doc>
<msg timestamp="20250303 21:53:30.749" level="INFO">${row} = 31</msg>
<status status="PASS" starttime="20250303 21:53:30.748" endtime="20250303 21:53:30.749"/>
</kw>
<status status="PASS" starttime="20250303 21:53:30.133" endtime="20250303 21:53:30.749"/>
</iter>
<iter>
<var name="${lp}">49</var>
<kw name="Click Element" library="SAP_Tcode_Library">
<arg>wnd[1]/usr/tabsG_TS_ALV/tabpALV_M_R1/ssubSUB_CONFIGURATION:SAPLSALV_CUL_COLUMN_SELECTION:0620/btnAPP_FL_SING</arg>
<doc>Performs a single click on a given element. Used only for buttons, tabs and menu items.</doc>
<status status="PASS" starttime="20250303 21:53:30.750" endtime="20250303 21:53:31.444"/>
</kw>
<kw name="Evaluate" library="BuiltIn">
<var>${row}</var>
<arg>${row} - 1</arg>
<doc>Evaluates the given expression in Python and returns the result.</doc>
<msg timestamp="20250303 21:53:31.451" level="INFO">${row} = 30</msg>
<status status="PASS" starttime="20250303 21:53:31.448" endtime="20250303 21:53:31.451"/>
</kw>
<status status="PASS" starttime="20250303 21:53:30.750" endtime="20250303 21:53:31.451"/>
</iter>
<iter>
<var name="${lp}">50</var>
<kw name="Click Element" library="SAP_Tcode_Library">
<arg>wnd[1]/usr/tabsG_TS_ALV/tabpALV_M_R1/ssubSUB_CONFIGURATION:SAPLSALV_CUL_COLUMN_SELECTION:0620/btnAPP_FL_SING</arg>
<doc>Performs a single click on a given element. Used only for buttons, tabs and menu items.</doc>
<status status="PASS" starttime="20250303 21:53:31.453" endtime="20250303 21:53:32.130"/>
</kw>
<kw name="Evaluate" library="BuiltIn">
<var>${row}</var>
<arg>${row} - 1</arg>
<doc>Evaluates the given expression in Python and returns the result.</doc>
<msg timestamp="20250303 21:53:32.132" level="INFO">${row} = 29</msg>
<status status="PASS" starttime="20250303 21:53:32.130" endtime="20250303 21:53:32.132"/>
</kw>
<status status="PASS" starttime="20250303 21:53:31.451" endtime="20250303 21:53:32.132"/>
</iter>
<iter>
<var name="${lp}">51</var>
<kw name="Click Element" library="SAP_Tcode_Library">
<arg>wnd[1]/usr/tabsG_TS_ALV/tabpALV_M_R1/ssubSUB_CONFIGURATION:SAPLSALV_CUL_COLUMN_SELECTION:0620/btnAPP_FL_SING</arg>
<doc>Performs a single click on a given element. Used only for buttons, tabs and menu items.</doc>
<status status="PASS" starttime="20250303 21:53:32.132" endtime="20250303 21:53:32.687"/>
</kw>
<kw name="Evaluate" library="BuiltIn">
<var>${row}</var>
<arg>${row} - 1</arg>
<doc>Evaluates the given expression in Python and returns the result.</doc>
<msg timestamp="20250303 21:53:32.689" level="INFO">${row} = 28</msg>
<status status="PASS" starttime="20250303 21:53:32.687" endtime="20250303 21:53:32.689"/>
</kw>
<status status="PASS" starttime="20250303 21:53:32.132" endtime="20250303 21:53:32.690"/>
</iter>
<iter>
<var name="${lp}">52</var>
<kw name="Click Element" library="SAP_Tcode_Library">
<arg>wnd[1]/usr/tabsG_TS_ALV/tabpALV_M_R1/ssubSUB_CONFIGURATION:SAPLSALV_CUL_COLUMN_SELECTION:0620/btnAPP_FL_SING</arg>
<doc>Performs a single click on a given element. Used only for buttons, tabs and menu items.</doc>
<status status="PASS" starttime="20250303 21:53:32.691" endtime="20250303 21:53:33.285"/>
</kw>
<kw name="Evaluate" library="BuiltIn">
<var>${row}</var>
<arg>${row} - 1</arg>
<doc>Evaluates the given expression in Python and returns the result.</doc>
<msg timestamp="20250303 21:53:33.286" level="INFO">${row} = 27</msg>
<status status="PASS" starttime="20250303 21:53:33.285" endtime="20250303 21:53:33.286"/>
</kw>
<status status="PASS" starttime="20250303 21:53:32.690" endtime="20250303 21:53:33.286"/>
</iter>
<iter>
<var name="${lp}">53</var>
<kw name="Click Element" library="SAP_Tcode_Library">
<arg>wnd[1]/usr/tabsG_TS_ALV/tabpALV_M_R1/ssubSUB_CONFIGURATION:SAPLSALV_CUL_COLUMN_SELECTION:0620/btnAPP_FL_SING</arg>
<doc>Performs a single click on a given element. Used only for buttons, tabs and menu items.</doc>
<status status="PASS" starttime="20250303 21:53:33.286" endtime="20250303 21:53:33.841"/>
</kw>
<kw name="Evaluate" library="BuiltIn">
<var>${row}</var>
<arg>${row} - 1</arg>
<doc>Evaluates the given expression in Python and returns the result.</doc>
<msg timestamp="20250303 21:53:33.850" level="INFO">${row} = 26</msg>
<status status="PASS" starttime="20250303 21:53:33.841" endtime="20250303 21:53:33.850"/>
</kw>
<status status="PASS" starttime="20250303 21:53:33.286" endtime="20250303 21:53:33.850"/>
</iter>
<iter>
<var name="${lp}">54</var>
<kw name="Click Element" library="SAP_Tcode_Library">
<arg>wnd[1]/usr/tabsG_TS_ALV/tabpALV_M_R1/ssubSUB_CONFIGURATION:SAPLSALV_CUL_COLUMN_SELECTION:0620/btnAPP_FL_SING</arg>
<doc>Performs a single click on a given element. Used only for buttons, tabs and menu items.</doc>
<status status="PASS" starttime="20250303 21:53:33.851" endtime="20250303 21:53:34.760"/>
</kw>
<kw name="Evaluate" library="BuiltIn">
<var>${row}</var>
<arg>${row} - 1</arg>
<doc>Evaluates the given expression in Python and returns the result.</doc>
<msg timestamp="20250303 21:53:34.762" level="INFO">${row} = 25</msg>
<status status="PASS" starttime="20250303 21:53:34.761" endtime="20250303 21:53:34.762"/>
</kw>
<status status="PASS" starttime="20250303 21:53:33.850" endtime="20250303 21:53:34.762"/>
</iter>
<iter>
<var name="${lp}">55</var>
<kw name="Click Element" library="SAP_Tcode_Library">
<arg>wnd[1]/usr/tabsG_TS_ALV/tabpALV_M_R1/ssubSUB_CONFIGURATION:SAPLSALV_CUL_COLUMN_SELECTION:0620/btnAPP_FL_SING</arg>
<doc>Performs a single click on a given element. Used only for buttons, tabs and menu items.</doc>
<status status="PASS" starttime="20250303 21:53:34.762" endtime="20250303 21:53:35.437"/>
</kw>
<kw name="Evaluate" library="BuiltIn">
<var>${row}</var>
<arg>${row} - 1</arg>
<doc>Evaluates the given expression in Python and returns the result.</doc>
<msg timestamp="20250303 21:53:35.440" level="INFO">${row} = 24</msg>
<status status="PASS" starttime="20250303 21:53:35.439" endtime="20250303 21:53:35.440"/>
</kw>
<status status="PASS" starttime="20250303 21:53:34.762" endtime="20250303 21:53:35.440"/>
</iter>
<iter>
<var name="${lp}">56</var>
<kw name="Click Element" library="SAP_Tcode_Library">
<arg>wnd[1]/usr/tabsG_TS_ALV/tabpALV_M_R1/ssubSUB_CONFIGURATION:SAPLSALV_CUL_COLUMN_SELECTION:0620/btnAPP_FL_SING</arg>
<doc>Performs a single click on a given element. Used only for buttons, tabs and menu items.</doc>
<status status="PASS" starttime="20250303 21:53:35.440" endtime="20250303 21:53:36.015"/>
</kw>
<kw name="Evaluate" library="BuiltIn">
<var>${row}</var>
<arg>${row} - 1</arg>
<doc>Evaluates the given expression in Python and returns the result.</doc>
<msg timestamp="20250303 21:53:36.016" level="INFO">${row} = 23</msg>
<status status="PASS" starttime="20250303 21:53:36.015" endtime="20250303 21:53:36.016"/>
</kw>
<status status="PASS" starttime="20250303 21:53:35.440" endtime="20250303 21:53:36.016"/>
</iter>
<iter>
<var name="${lp}">57</var>
<kw name="Click Element" library="SAP_Tcode_Library">
<arg>wnd[1]/usr/tabsG_TS_ALV/tabpALV_M_R1/ssubSUB_CONFIGURATION:SAPLSALV_CUL_COLUMN_SELECTION:0620/btnAPP_FL_SING</arg>
<doc>Performs a single click on a given element. Used only for buttons, tabs and menu items.</doc>
<status status="PASS" starttime="20250303 21:53:36.018" endtime="20250303 21:53:36.635"/>
</kw>
<kw name="Evaluate" library="BuiltIn">
<var>${row}</var>
<arg>${row} - 1</arg>
<doc>Evaluates the given expression in Python and returns the result.</doc>
<msg timestamp="20250303 21:53:36.636" level="INFO">${row} = 22</msg>
<status status="PASS" starttime="20250303 21:53:36.635" endtime="20250303 21:53:36.636"/>
</kw>
<status status="PASS" starttime="20250303 21:53:36.016" endtime="20250303 21:53:36.637"/>
</iter>
<iter>
<var name="${lp}">58</var>
<kw name="Click Element" library="SAP_Tcode_Library">
<arg>wnd[1]/usr/tabsG_TS_ALV/tabpALV_M_R1/ssubSUB_CONFIGURATION:SAPLSALV_CUL_COLUMN_SELECTION:0620/btnAPP_FL_SING</arg>
<doc>Performs a single click on a given element. Used only for buttons, tabs and menu items.</doc>
<status status="PASS" starttime="20250303 21:53:36.637" endtime="20250303 21:53:37.223"/>
</kw>
<kw name="Evaluate" library="BuiltIn">
<var>${row}</var>
<arg>${row} - 1</arg>
<doc>Evaluates the given expression in Python and returns the result.</doc>
<msg timestamp="20250303 21:53:37.224" level="INFO">${row} = 21</msg>
<status status="PASS" starttime="20250303 21:53:37.223" endtime="20250303 21:53:37.224"/>
</kw>
<status status="PASS" starttime="20250303 21:53:36.637" endtime="20250303 21:53:37.224"/>
</iter>
<iter>
<var name="${lp}">59</var>
<kw name="Click Element" library="SAP_Tcode_Library">
<arg>wnd[1]/usr/tabsG_TS_ALV/tabpALV_M_R1/ssubSUB_CONFIGURATION:SAPLSALV_CUL_COLUMN_SELECTION:0620/btnAPP_FL_SING</arg>
<doc>Performs a single click on a given element. Used only for buttons, tabs and menu items.</doc>
<status status="PASS" starttime="20250303 21:53:37.224" endtime="20250303 21:53:38.191"/>
</kw>
<kw name="Evaluate" library="BuiltIn">
<var>${row}</var>
<arg>${row} - 1</arg>
<doc>Evaluates the given expression in Python and returns the result.</doc>
<msg timestamp="20250303 21:53:38.192" level="INFO">${row} = 20</msg>
<status status="PASS" starttime="20250303 21:53:38.191" endtime="20250303 21:53:38.192"/>
</kw>
<status status="PASS" starttime="20250303 21:53:37.224" endtime="20250303 21:53:38.192"/>
</iter>
<iter>
<var name="${lp}">60</var>
<kw name="Click Element" library="SAP_Tcode_Library">
<arg>wnd[1]/usr/tabsG_TS_ALV/tabpALV_M_R1/ssubSUB_CONFIGURATION:SAPLSALV_CUL_COLUMN_SELECTION:0620/btnAPP_FL_SING</arg>
<doc>Performs a single click on a given element. Used only for buttons, tabs and menu items.</doc>
<status status="PASS" starttime="20250303 21:53:38.193" endtime="20250303 21:53:38.783"/>
</kw>
<kw name="Evaluate" library="BuiltIn">
<var>${row}</var>
<arg>${row} - 1</arg>
<doc>Evaluates the given expression in Python and returns the result.</doc>
<msg timestamp="20250303 21:53:38.784" level="INFO">${row} = 19</msg>
<status status="PASS" starttime="20250303 21:53:38.784" endtime="20250303 21:53:38.784"/>
</kw>
<status status="PASS" starttime="20250303 21:53:38.193" endtime="20250303 21:53:38.784"/>
</iter>
<iter>
<var name="${lp}">61</var>
<kw name="Click Element" library="SAP_Tcode_Library">
<arg>wnd[1]/usr/tabsG_TS_ALV/tabpALV_M_R1/ssubSUB_CONFIGURATION:SAPLSALV_CUL_COLUMN_SELECTION:0620/btnAPP_FL_SING</arg>
<doc>Performs a single click on a given element. Used only for buttons, tabs and menu items.</doc>
<status status="PASS" starttime="20250303 21:53:38.786" endtime="20250303 21:53:39.404"/>
</kw>
<kw name="Evaluate" library="BuiltIn">
<var>${row}</var>
<arg>${row} - 1</arg>
<doc>Evaluates the given expression in Python and returns the result.</doc>
<msg timestamp="20250303 21:53:39.405" level="INFO">${row} = 18</msg>
<status status="PASS" starttime="20250303 21:53:39.405" endtime="20250303 21:53:39.406"/>
</kw>
<status status="PASS" starttime="20250303 21:53:38.784" endtime="20250303 21:53:39.406"/>
</iter>
<iter>
<var name="${lp}">62</var>
<kw name="Click Element" library="SAP_Tcode_Library">
<arg>wnd[1]/usr/tabsG_TS_ALV/tabpALV_M_R1/ssubSUB_CONFIGURATION:SAPLSALV_CUL_COLUMN_SELECTION:0620/btnAPP_FL_SING</arg>
<doc>Performs a single click on a given element. Used only for buttons, tabs and menu items.</doc>
<status status="PASS" starttime="20250303 21:53:39.407" endtime="20250303 21:53:40.131"/>
</kw>
<kw name="Evaluate" library="BuiltIn">
<var>${row}</var>
<arg>${row} - 1</arg>
<doc>Evaluates the given expression in Python and returns the result.</doc>
<msg timestamp="20250303 21:53:40.132" level="INFO">${row} = 17</msg>
<status status="PASS" starttime="20250303 21:53:40.131" endtime="20250303 21:53:40.132"/>
</kw>
<status status="PASS" starttime="20250303 21:53:39.406" endtime="20250303 21:53:40.132"/>
</iter>
<iter>
<var name="${lp}">63</var>
<kw name="Click Element" library="SAP_Tcode_Library">
<arg>wnd[1]/usr/tabsG_TS_ALV/tabpALV_M_R1/ssubSUB_CONFIGURATION:SAPLSALV_CUL_COLUMN_SELECTION:0620/btnAPP_FL_SING</arg>
<doc>Performs a single click on a given element. Used only for buttons, tabs and menu items.</doc>
<status status="PASS" starttime="20250303 21:53:40.132" endtime="20250303 21:53:41.274"/>
</kw>
<kw name="Evaluate" library="BuiltIn">
<var>${row}</var>
<arg>${row} - 1</arg>
<doc>Evaluates the given expression in Python and returns the result.</doc>
<msg timestamp="20250303 21:53:41.276" level="INFO">${row} = 16</msg>
<status status="PASS" starttime="20250303 21:53:41.274" endtime="20250303 21:53:41.276"/>
</kw>
<status status="PASS" starttime="20250303 21:53:40.132" endtime="20250303 21:53:41.276"/>
</iter>
<iter>
<var name="${lp}">64</var>
<kw name="Click Element" library="SAP_Tcode_Library">
<arg>wnd[1]/usr/tabsG_TS_ALV/tabpALV_M_R1/ssubSUB_CONFIGURATION:SAPLSALV_CUL_COLUMN_SELECTION:0620/btnAPP_FL_SING</arg>
<doc>Performs a single click on a given element. Used only for buttons, tabs and menu items.</doc>
<status status="PASS" starttime="20250303 21:53:41.279" endtime="20250303 21:53:42.504"/>
</kw>
<kw name="Evaluate" library="BuiltIn">
<var>${row}</var>
<arg>${row} - 1</arg>
<doc>Evaluates the given expression in Python and returns the result.</doc>
<msg timestamp="20250303 21:53:42.506" level="INFO">${row} = 15</msg>
<status status="PASS" starttime="20250303 21:53:42.504" endtime="20250303 21:53:42.506"/>
</kw>
<status status="PASS" starttime="20250303 21:53:41.277" endtime="20250303 21:53:42.507"/>
</iter>
<iter>
<var name="${lp}">65</var>
<kw name="Click Element" library="SAP_Tcode_Library">
<arg>wnd[1]/usr/tabsG_TS_ALV/tabpALV_M_R1/ssubSUB_CONFIGURATION:SAPLSALV_CUL_COLUMN_SELECTION:0620/btnAPP_FL_SING</arg>
<doc>Performs a single click on a given element. Used only for buttons, tabs and menu items.</doc>
[...]
<arg>wnd[1]/usr/tabsG_TS_ALV/tabpALV_M_R1/ssubSUB_CONFIGURATION:SAPLSALV_CUL_COLUMN_SELECTION:0620/btnAPP_WL_SING</arg>
<doc>Performs a single click on a given element. Used only for buttons, tabs and menu items.</doc>
<status status="NOT RUN" starttime="20250303 21:54:15.056" endtime="20250303 21:54:15.057"/>
</kw>
<status status="NOT RUN" starttime="20250303 21:54:15.056" endtime="20250303 21:54:15.057"/>
</branch>
<status status="PASS" starttime="20250303 21:54:15.056" endtime="20250303 21:54:15.057"/>
</if>
<status status="PASS" starttime="20250303 21:54:15.023" endtime="20250303 21:54:15.057"/>
</iter>
<iter>
<var name="${loop}">70</var>
<kw name="Get Sap Table Value" library="SAP_Tcode_Library">
<var>${layout}</var>
<arg>table_id=wnd[1]/usr/tabsG_TS_ALV/tabpALV_M_R1/ssubSUB_CONFIGURATION:SAPLSALV_CUL_COLUMN_SELECTION:0620/cntlCONTAINER1_LAYO/shellcont/shell</arg>
<arg>row_num=${loop}</arg>
<arg>column_id=SELTEXT</arg>
<msg timestamp="20250303 21:54:15.091" level="INFO">${layout} = Targ.Val. (Hdr)</msg>
<status status="PASS" starttime="20250303 21:54:15.057" endtime="20250303 21:54:15.091"/>
</kw>
<kw name="Log To Console" library="BuiltIn">
<arg>${layout}</arg>
<doc>Logs the given message to the console.</doc>
<status status="PASS" starttime="20250303 21:54:15.091" endtime="20250303 21:54:15.092"/>
</kw>
<if>
<branch type="IF" condition="'${value}' == '${layout}'">
<kw name="Click Element" library="SAP_Tcode_Library">
<arg>wnd[1]/usr/tabsG_TS_ALV/tabpALV_M_R1/ssubSUB_CONFIGURATION:SAPLSALV_CUL_COLUMN_SELECTION:0620/btnAPP_WL_SING</arg>
<doc>Performs a single click on a given element. Used only for buttons, tabs and menu items.</doc>
<status status="NOT RUN" starttime="20250303 21:54:15.094" endtime="20250303 21:54:15.094"/>
</kw>
<status status="NOT RUN" starttime="20250303 21:54:15.092" endtime="20250303 21:54:15.094"/>
</branch>
<status status="PASS" starttime="20250303 21:54:15.092" endtime="20250303 21:54:15.095"/>
</if>
<status status="PASS" starttime="20250303 21:54:15.057" endtime="20250303 21:54:15.095"/>
</iter>
<iter>
<var name="${loop}">71</var>
<kw name="Get Sap Table Value" library="SAP_Tcode_Library">
<var>${layout}</var>
<arg>table_id=wnd[1]/usr/tabsG_TS_ALV/tabpALV_M_R1/ssubSUB_CONFIGURATION:SAPLSALV_CUL_COLUMN_SELECTION:0620/cntlCONTAINER1_LAYO/shellcont/shell</arg>
<arg>row_num=${loop}</arg>
<arg>column_id=SELTEXT</arg>
<msg timestamp="20250303 21:54:15.125" level="INFO">${layout} = Target Quantity</msg>
<status status="PASS" starttime="20250303 21:54:15.095" endtime="20250303 21:54:15.125"/>
</kw>
<kw name="Log To Console" library="BuiltIn">
<arg>${layout}</arg>
<doc>Logs the given message to the console.</doc>
<status status="PASS" starttime="20250303 21:54:15.126" endtime="20250303 21:54:15.127"/>
</kw>
<if>
<branch type="IF" condition="'${value}' == '${layout}'">
<kw name="Click Element" library="SAP_Tcode_Library">
<arg>wnd[1]/usr/tabsG_TS_ALV/tabpALV_M_R1/ssubSUB_CONFIGURATION:SAPLSALV_CUL_COLUMN_SELECTION:0620/btnAPP_WL_SING</arg>
<doc>Performs a single click on a given element. Used only for buttons, tabs and menu items.</doc>
<status status="NOT RUN" starttime="20250303 21:54:15.127" endtime="20250303 21:54:15.129"/>
</kw>
<status status="NOT RUN" starttime="20250303 21:54:15.127" endtime="20250303 21:54:15.129"/>
</branch>
<status status="PASS" starttime="20250303 21:54:15.127" endtime="20250303 21:54:15.129"/>
</if>
<status status="PASS" starttime="20250303 21:54:15.095" endtime="20250303 21:54:15.129"/>
</iter>
<iter>
<var name="${loop}">72</var>
<kw name="Get Sap Table Value" library="SAP_Tcode_Library">
<var>${layout}</var>
<arg>table_id=wnd[1]/usr/tabsG_TS_ALV/tabpALV_M_R1/ssubSUB_CONFIGURATION:SAPLSALV_CUL_COLUMN_SELECTION:0620/cntlCONTAINER1_LAYO/shellcont/shell</arg>
<arg>row_num=${loop}</arg>
<arg>column_id=SELTEXT</arg>
<msg timestamp="20250303 21:54:15.162" level="INFO">${layout} = Tax Jurisdiction</msg>
<status status="PASS" starttime="20250303 21:54:15.130" endtime="20250303 21:54:15.162"/>
</kw>
<kw name="Log To Console" library="BuiltIn">
<arg>${layout}</arg>
<doc>Logs the given message to the console.</doc>
<status status="PASS" starttime="20250303 21:54:15.162" endtime="20250303 21:54:15.165"/>
</kw>
<if>
<branch type="IF" condition="'${value}' == '${layout}'">
<kw name="Click Element" library="SAP_Tcode_Library">
<arg>wnd[1]/usr/tabsG_TS_ALV/tabpALV_M_R1/ssubSUB_CONFIGURATION:SAPLSALV_CUL_COLUMN_SELECTION:0620/btnAPP_WL_SING</arg>
<doc>Performs a single click on a given element. Used only for buttons, tabs and menu items.</doc>
<status status="NOT RUN" starttime="20250303 21:54:15.166" endtime="20250303 21:54:15.166"/>
</kw>
<status status="NOT RUN" starttime="20250303 21:54:15.165" endtime="20250303 21:54:15.168"/>
</branch>
<status status="PASS" starttime="20250303 21:54:15.165" endtime="20250303 21:54:15.168"/>
</if>
<status status="PASS" starttime="20250303 21:54:15.129" endtime="20250303 21:54:15.168"/>
</iter>
<iter>
<var name="${loop}">73</var>
<kw name="Get Sap Table Value" library="SAP_Tcode_Library">
<var>${layout}</var>
<arg>table_id=wnd[1]/usr/tabsG_TS_ALV/tabpALV_M_R1/ssubSUB_CONFIGURATION:SAPLSALV_CUL_COLUMN_SELECTION:0620/cntlCONTAINER1_LAYO/shellcont/shell</arg>
<arg>row_num=${loop}</arg>
<arg>column_id=SELTEXT</arg>
<msg timestamp="20250303 21:54:15.200" level="INFO">${layout} = Total open value</msg>
<status status="PASS" starttime="20250303 21:54:15.169" endtime="20250303 21:54:15.200"/>
</kw>
<kw name="Log To Console" library="BuiltIn">
<arg>${layout}</arg>
<doc>Logs the given message to the console.</doc>
<status status="PASS" starttime="20250303 21:54:15.200" endtime="20250303 21:54:15.201"/>
</kw>
<if>
<branch type="IF" condition="'${value}' == '${layout}'">
<kw name="Click Element" library="SAP_Tcode_Library">
<arg>wnd[1]/usr/tabsG_TS_ALV/tabpALV_M_R1/ssubSUB_CONFIGURATION:SAPLSALV_CUL_COLUMN_SELECTION:0620/btnAPP_WL_SING</arg>
<doc>Performs a single click on a given element. Used only for buttons, tabs and menu items.</doc>
<status status="NOT RUN" starttime="20250303 21:54:15.202" endtime="20250303 21:54:15.202"/>
</kw>
<status status="NOT RUN" starttime="20250303 21:54:15.202" endtime="20250303 21:54:15.204"/>
</branch>
<status status="PASS" starttime="20250303 21:54:15.202" endtime="20250303 21:54:15.204"/>
</if>
<status status="PASS" starttime="20250303 21:54:15.168" endtime="20250303 21:54:15.204"/>
</iter>
<iter>
<var name="${loop}">74</var>
<kw name="Get Sap Table Value" library="SAP_Tcode_Library">
<var>${layout}</var>
<arg>table_id=wnd[1]/usr/tabsG_TS_ALV/tabpALV_M_R1/ssubSUB_CONFIGURATION:SAPLSALV_CUL_COLUMN_SELECTION:0620/cntlCONTAINER1_LAYO/shellcont/shell</arg>
<arg>row_num=${loop}</arg>
<arg>column_id=SELTEXT</arg>
<msg timestamp="20250303 21:54:15.232" level="INFO">${layout} = Validity Per. Start</msg>
<status status="PASS" starttime="20250303 21:54:15.205" endtime="20250303 21:54:15.232"/>
</kw>
<kw name="Log To Console" library="BuiltIn">
<arg>${layout}</arg>
<doc>Logs the given message to the console.</doc>
<status status="PASS" starttime="20250303 21:54:15.232" endtime="20250303 21:54:15.234"/>
</kw>
<if>
<branch type="IF" condition="'${value}' == '${layout}'">
<kw name="Click Element" library="SAP_Tcode_Library">
<arg>wnd[1]/usr/tabsG_TS_ALV/tabpALV_M_R1/ssubSUB_CONFIGURATION:SAPLSALV_CUL_COLUMN_SELECTION:0620/btnAPP_WL_SING</arg>
<doc>Performs a single click on a given element. Used only for buttons, tabs and menu items.</doc>
<status status="NOT RUN" starttime="20250303 21:54:15.235" endtime="20250303 21:54:15.236"/>
</kw>
<status status="NOT RUN" starttime="20250303 21:54:15.234" endtime="20250303 21:54:15.236"/>
</branch>
<status status="PASS" starttime="20250303 21:54:15.234" endtime="20250303 21:54:15.237"/>
</if>
<status status="PASS" starttime="20250303 21:54:15.205" endtime="20250303 21:54:15.237"/>
</iter>
<iter>
<var name="${loop}">75</var>
<kw name="Get Sap Table Value" library="SAP_Tcode_Library">
<var>${layout}</var>
<arg>table_id=wnd[1]/usr/tabsG_TS_ALV/tabpALV_M_R1/ssubSUB_CONFIGURATION:SAPLSALV_CUL_COLUMN_SELECTION:0620/cntlCONTAINER1_LAYO/shellcont/shell</arg>
<arg>row_num=${loop}</arg>
<arg>column_id=SELTEXT</arg>
<msg timestamp="20250303 21:54:15.270" level="INFO">${layout} = Validity Period End</msg>
<status status="PASS" starttime="20250303 21:54:15.239" endtime="20250303 21:54:15.270"/>
</kw>
<kw name="Log To Console" library="BuiltIn">
<arg>${layout}</arg>
<doc>Logs the given message to the console.</doc>
<status status="PASS" starttime="20250303 21:54:15.270" endtime="20250303 21:54:15.272"/>
</kw>
<if>
<branch type="IF" condition="'${value}' == '${layout}'">
<kw name="Click Element" library="SAP_Tcode_Library">
<arg>wnd[1]/usr/tabsG_TS_ALV/tabpALV_M_R1/ssubSUB_CONFIGURATION:SAPLSALV_CUL_COLUMN_SELECTION:0620/btnAPP_WL_SING</arg>
<doc>Performs a single click on a given element. Used only for buttons, tabs and menu items.</doc>
<status status="NOT RUN" starttime="20250303 21:54:15.274" endtime="20250303 21:54:15.274"/>
</kw>
<status status="NOT RUN" starttime="20250303 21:54:15.272" endtime="20250303 21:54:15.274"/>
</branch>
<status status="PASS" starttime="20250303 21:54:15.272" endtime="20250303 21:54:15.274"/>
</if>
<status status="PASS" starttime="20250303 21:54:15.237" endtime="20250303 21:54:15.274"/>
</iter>
<iter>
<var name="${loop}">76</var>
<kw name="Get Sap Table Value" library="SAP_Tcode_Library">
<var>${layout}</var>
<arg>table_id=wnd[1]/usr/tabsG_TS_ALV/tabpALV_M_R1/ssubSUB_CONFIGURATION:SAPLSALV_CUL_COLUMN_SELECTION:0620/cntlCONTAINER1_LAYO/shellcont/shell</arg>
<arg>row_num=${loop}</arg>
<arg>column_id=SELTEXT</arg>
<msg timestamp="20250303 21:54:15.281" level="INFO">${layout} = FAIL</msg>
<status status="PASS" starttime="20250303 21:54:15.275" endtime="20250303 21:54:15.281"/>
</kw>
<kw name="Log To Console" library="BuiltIn">
<arg>${layout}</arg>
<doc>Logs the given message to the console.</doc>
<status status="PASS" starttime="20250303 21:54:15.281" endtime="20250303 21:54:15.282"/>
</kw>
<if>
<branch type="IF" condition="'${value}' == '${layout}'">
<kw name="Click Element" library="SAP_Tcode_Library">
<arg>wnd[1]/usr/tabsG_TS_ALV/tabpALV_M_R1/ssubSUB_CONFIGURATION:SAPLSALV_CUL_COLUMN_SELECTION:0620/btnAPP_WL_SING</arg>
<doc>Performs a single click on a given element. Used only for buttons, tabs and menu items.</doc>
<status status="NOT RUN" starttime="20250303 21:54:15.283" endtime="20250303 21:54:15.284"/>
</kw>
<status status="NOT RUN" starttime="20250303 21:54:15.283" endtime="20250303 21:54:15.284"/>
</branch>
<status status="PASS" starttime="20250303 21:54:15.283" endtime="20250303 21:54:15.284"/>
</if>
<status status="PASS" starttime="20250303 21:54:15.274" endtime="20250303 21:54:15.284"/>
</iter>
<status status="PASS" starttime="20250303 21:54:11.784" endtime="20250303 21:54:15.284"/>
</for>
<status status="PASS" starttime="20250303 21:54:11.769" endtime="20250303 21:54:15.284"/>
</iter>
<status status="PASS" starttime="20250303 21:53:57.992" endtime="20250303 21:54:15.284"/>
</for>
<kw name="Click Element" library="SAP_Tcode_Library">
<arg>wnd[1]/tbar[0]/btn[0]</arg>
<doc>Performs a single click on a given element. Used only for buttons, tabs and menu items.</doc>
<status status="PASS" starttime="20250303 21:54:15.284" endtime="20250303 21:54:15.851"/>
</kw>
<kw name="Sleep" library="BuiltIn">
<arg>5</arg>
<doc>Pauses the test executed for the given time.</doc>
<msg timestamp="20250303 21:54:20.863" level="INFO">Slept 5 seconds</msg>
<status status="PASS" starttime="20250303 21:54:15.852" endtime="20250303 21:54:20.863"/>
</kw>
<kw name="Click Element" library="SAP_Tcode_Library">
<arg>wnd[0]/mbar/menu[0]/menu[3]/menu[1]</arg>
<doc>Performs a single click on a given element. Used only for buttons, tabs and menu items.</doc>
<status status="PASS" starttime="20250303 21:54:20.864" endtime="20250303 21:54:21.543"/>
</kw>
<kw name="Sleep" library="BuiltIn">
<arg>2</arg>
<doc>Pauses the test executed for the given time.</doc>
<msg timestamp="20250303 21:54:23.552" level="INFO">Slept 2 seconds</msg>
<status status="PASS" starttime="20250303 21:54:21.543" endtime="20250303 21:54:23.552"/>
</kw>
<kw name="Click Element" library="SAP_Tcode_Library">
<arg>wnd[1]/tbar[0]/btn[0]</arg>
<doc>Performs a single click on a given element. Used only for buttons, tabs and menu items.</doc>
<status status="PASS" starttime="20250303 21:54:23.552" endtime="20250303 21:54:25.059"/>
</kw>
<kw name="Sleep" library="BuiltIn">
<arg>2</arg>
<doc>Pauses the test executed for the given time.</doc>
<msg timestamp="20250303 21:54:27.073" level="INFO">Slept 2 seconds</msg>
<status status="PASS" starttime="20250303 21:54:25.059" endtime="20250303 21:54:27.073"/>
</kw>
<kw name="Input Text" library="SAP_Tcode_Library">
<arg>wnd[1]/usr/ctxtDY_FILENAME</arg>
<arg>${EMPTY}</arg>
<doc>Inserts the given text into the text field identified by locator.
Use keyword `input password` to insert a password in a text field.</doc>
<msg timestamp="20250303 21:54:27.104" level="INFO">Typing text '' into text field 'wnd[1]/usr/ctxtDY_FILENAME'.</msg>
<status status="PASS" starttime="20250303 21:54:27.073" endtime="20250303 21:54:27.105"/>
</kw>
<kw name="Sleep" library="BuiltIn">
<arg>5</arg>
<doc>Pauses the test executed for the given time.</doc>
<msg timestamp="20250303 21:54:32.114" level="INFO">Slept 5 seconds</msg>
<status status="PASS" starttime="20250303 21:54:27.105" endtime="20250303 21:54:32.114"/>
</kw>
<kw name="Input Text" library="SAP_Tcode_Library">
<arg>wnd[1]/usr/ctxtDY_FILENAME</arg>
<arg>${symvar('me2n_file')}</arg>
<doc>Inserts the given text into the text field identified by locator.
Use keyword `input password` to insert a password in a text field.</doc>
<msg timestamp="20250303 21:54:32.116" level="INFO">Sym.Dev.me2n_file: ME2N.XLSX</msg>
<msg timestamp="20250303 21:54:32.129" level="INFO">Typing text 'ME2N.XLSX' into text field 'wnd[1]/usr/ctxtDY_FILENAME'.</msg>
<status status="PASS" starttime="20250303 21:54:32.114" endtime="20250303 21:54:32.129"/>
</kw>
<kw name="Sleep" library="BuiltIn">
<arg>5</arg>
<doc>Pauses the test executed for the given time.</doc>
<msg timestamp="20250303 21:54:37.143" level="INFO">Slept 5 seconds</msg>
<status status="PASS" starttime="20250303 21:54:32.129" endtime="20250303 21:54:37.143"/>
</kw>
<kw name="Input Text" library="SAP_Tcode_Library">
<arg>wnd[1]/usr/ctxtDY_PATH</arg>
<arg>${EMPTY}</arg>
<doc>Inserts the given text into the text field identified by locator.
Use keyword `input password` to insert a password in a text field.</doc>
<msg timestamp="20250303 21:54:37.179" level="INFO">Typing text '' into text field 'wnd[1]/usr/ctxtDY_PATH'.</msg>
<status status="PASS" starttime="20250303 21:54:37.144" endtime="20250303 21:54:37.180"/>
</kw>
<kw name="Sleep" library="BuiltIn">
<arg>5</arg>
<doc>Pauses the test executed for the given time.</doc>
<msg timestamp="20250303 21:54:42.196" level="INFO">Slept 5 seconds</msg>
<status status="PASS" starttime="20250303 21:54:37.180" endtime="20250303 21:54:42.197"/>
</kw>
<kw name="Input Text" library="SAP_Tcode_Library">
<arg>wnd[1]/usr/ctxtDY_PATH</arg>
<arg>${symvar('download_path')}</arg>
<doc>Inserts the given text into the text field identified by locator.
Use keyword `input password` to insert a password in a text field.</doc>
<msg timestamp="20250303 21:54:42.200" level="INFO">Sym.Dev.download_path: C:\tmp</msg>
<msg timestamp="20250303 21:54:42.232" level="INFO">Typing text 'C:\tmp' into text field 'wnd[1]/usr/ctxtDY_PATH'.</msg>
<status status="PASS" starttime="20250303 21:54:42.198" endtime="20250303 21:54:42.232"/>
</kw>
<kw name="Sleep" library="BuiltIn">
<arg>5</arg>
<doc>Pauses the test executed for the given time.</doc>
<msg timestamp="20250303 21:54:47.245" level="INFO">Slept 5 seconds</msg>
<status status="PASS" starttime="20250303 21:54:42.234" endtime="20250303 21:54:47.245"/>
</kw>
<kw name="Click Element" library="SAP_Tcode_Library">
<arg>wnd[1]/tbar[0]/btn[0]</arg>
<doc>Performs a single click on a given element. Used only for buttons, tabs and menu items.</doc>
<status status="PASS" starttime="20250303 21:54:47.246" endtime="20250303 21:54:48.663"/>
</kw>
<kw name="Sleep" library="BuiltIn">
<arg>2</arg>
<doc>Pauses the test executed for the given time.</doc>
<msg timestamp="20250303 21:54:50.667" level="INFO">Slept 2 seconds</msg>
<status status="PASS" starttime="20250303 21:54:48.663" endtime="20250303 21:54:50.668"/>
</kw>
<status status="PASS" starttime="20250303 21:52:18.262" endtime="20250303 21:54:50.668"/>
</kw>
<tag>ME2N</tag>
<tag>Regression</tag>
<status status="PASS" starttime="20250303 21:52:18.260" endtime="20250303 21:54:50.668"/>
</test>
<kw name="System Logout" library="ME2N" type="TEARDOWN">
<kw name="Run Transaction" library="SAP_Tcode_Library">
<arg>/nex</arg>
<doc>Runs a Sap transaction. An error is given when an unknown transaction is specified.</doc>
<status status="PASS" starttime="20250303 21:54:50.728" endtime="20250303 21:54:52.180"/>
</kw>
<kw name="Sleep" library="BuiltIn">
<arg>5</arg>
<doc>Pauses the test executed for the given time.</doc>
<msg timestamp="20250303 21:54:57.182" level="INFO">Slept 5 seconds</msg>
<status status="PASS" starttime="20250303 21:54:52.180" endtime="20250303 21:54:57.182"/>
</kw>
<status status="PASS" starttime="20250303 21:54:50.698" endtime="20250303 21:54:57.182"/>
</kw>
<status status="PASS" starttime="20250303 21:52:12.369" endtime="20250303 21:54:57.183"/>
</suite>
<doc>Testing functionality through Robot Framework</doc>
<meta name="environment">Dev</meta>
<meta name="test_browser_name">chrome</meta>
<meta name="test_browser_version">133.0.6943.142</meta>
<meta name="test_driver_version">133.0.6943.126 </meta>
<meta name="test_environment">Dev</meta>
<meta name="test_freeze_dependencies">astroid==3.1.0,attrs==23.2.0,beautifulsoup4==4.12.3,bs4==0.0.2,certifi==2024.2.2,cffi==1.16.0,chardet==5.2.0,charset-normalizer==3.3.2,click==8.1.7,colorama==0.4.6,cryptography==42.0.5,defusedxml==0.7.1,dill==0.3.8,docutils==0.20.1,et-xmlfile==1.1.0,exceptiongroup==1.2.0,gitdb==4.0.11,GitPython==3.1.42,h11==0.14.0,idna==3.6,isort==5.13.2,Jinja2==3.1.3,jira==3.6.0,jsonpath-ng==1.6.1,jsonschema==4.21.1,jsonschema-specifications==2023.12.1,lazy-object-proxy==1.10.0,lxml==5.1.0,markdown-it-py==3.0.0,MarkupSafe==2.1.5,mccabe==0.7.0,mdurl==0.1.2,natsort==8.4.0,numpy==2.0.2,oauthlib==3.2.2,openpyxl==3.1.2,outcome==1.3.0.post0,packaging==23.2,pandas==2.2.3,pathspec==0.11.2,pillow==10.2.0,pip==24.3.1,platformdirs==4.2.0,ply==3.11,pycparser==2.21,Pygments==2.17.2,pylint==3.1.0,pyperclip==1.9.0,PySocks==1.7.1,python-dateutil==2.9.0.post0,pytz==2024.2,pywin32==306,PyYAML==6.0.1,referencing==0.33.0,requests==2.31.0,requests-oauthlib==1.3.1,requests-toolbelt==1.0.0,rich==13.7.1,rich-click==1.6.1,robotframework==6.0.2,robotframework-datadriver==1.9.0,robotframework-excellib==2.0.1,robotframework-jsonlibrary==0.5,robotframework-pabot==2.16.0,robotframework-pythonlibcore==4.2.0,robotframework-requests==0.9.2,robotframework-sapguilibrary==1.1,robotframework-seleniumlibrary==5.1.3,robotframework-stacktrace==0.4.1,robotframework-tidy==4.5.0,rpds-py==0.18.0,selenium==4.9.1,setuptools==68.0.0,six==1.16.0,smmap==5.0.1,sniffio==1.3.1,sortedcontainers==2.4.0,soupsieve==2.5,tomli==2.0.1,tomlkit==0.12.4,trio==0.24.0,trio-websocket==0.11.1,typing_extensions==4.10.0,tzdata==2024.2,urllib3==2.2.1,wheel==0.40.0,wrapt==1.16.0,wsproto==1.2.0</meta>
<status status="PASS" starttime="20250303 21:52:06.016" endtime="20250303 21:54:58.361"/>
</suite>
<statistics>
<total>
<stat pass="1" fail="0" skip="0">All Tests</stat>
</total>
<tag>
<stat pass="1" fail="0" skip="0">ME2N</stat>
<stat pass="1" fail="0" skip="0">Regression</stat>
</tag>
<suite>
<stat pass="1" fail="0" skip="0" id="s1" name="Tests">Tests</stat>
<stat pass="1" fail="0" skip="0" id="s1-s1" name="Test ME2N">Tests.Test ME2N</stat>
</suite>
</statistics>
<errors>
</errors>
</robot>
