<?xml version="1.0" encoding="UTF-8"?>
<robot generator="Robot 6.0.2 (Python 3.12.4 on win32)" generated="20240814 10:38:35.373" rpa="false" schemaversion="3">
<suite id="s1" name="Tests" source="C:\SAP_Testing\SAPtesting\Tests">
<kw name="Setup highest level suite" type="SETUP">
<kw name="Set Variable" library="BuiltIn">
<var>${d.test_server}</var>
<arg>${test_server}</arg>
<doc>Returns the given values which can then be assigned to a variables.</doc>
<msg timestamp="20240814 10:38:36.220" level="INFO">${d.test_server} = Dev</msg>
<status status="PASS" starttime="20240814 10:38:36.219" endtime="20240814 10:38:36.220"/>
</kw>
<kw name="Reset screenshot count variable" library="Support">
<kw name="Set Variable" library="BuiltIn">
<var>${screenshotCount}</var>
<arg>${PABOTQUEUEINDEX}_1</arg>
<doc>Returns the given values which can then be assigned to a variables.</doc>
<msg timestamp="20240814 10:38:36.221" level="INFO">${screenshotCount} = 0_1</msg>
<status status="PASS" starttime="20240814 10:38:36.220" endtime="20240814 10:38:36.221"/>
</kw>
<kw name="Set Global Variable" library="BuiltIn">
<arg>${screenshotCount}</arg>
<doc>Makes a variable available globally in all tests and suites.</doc>
<msg timestamp="20240814 10:38:36.221" level="INFO">${screenshotCount} = 0_1</msg>
<status status="PASS" starttime="20240814 10:38:36.221" endtime="20240814 10:38:36.221"/>
</kw>
<kw name="Set up screenshot directory" library="Support">
<kw name="Create Directory" library="OperatingSystem">
<arg>${OUTPUTDIR}${/}${wvar('screenshot_dir')}</arg>
<doc>Creates the specified directory.</doc>
<msg timestamp="20240814 10:38:36.222" level="INFO">Web.Dev.screenshot_dir: Screenshot</msg>
<msg timestamp="20240814 10:38:36.227" level="INFO" html="true">Created directory '&lt;a href="file://C:\SAP_Testing\SAPtesting\Output\pabot_results\0\Screenshot"&gt;C:\SAP_Testing\SAPtesting\Output\pabot_results\0\Screenshot&lt;/a&gt;'.</msg>
<status status="PASS" starttime="20240814 10:38:36.221" endtime="20240814 10:38:36.227"/>
</kw>
<status status="PASS" starttime="20240814 10:38:36.221" endtime="20240814 10:38:36.227"/>
</kw>
<status status="PASS" starttime="20240814 10:38:36.220" endtime="20240814 10:38:36.227"/>
</kw>
<kw name="Set Global Variable" library="BuiltIn">
<arg>${screenshot_taking}</arg>
<arg>${True}</arg>
<doc>Makes a variable available globally in all tests and suites.</doc>
<msg timestamp="20240814 10:38:36.228" level="INFO">${screenshot_taking} = True</msg>
<status status="PASS" starttime="20240814 10:38:36.227" endtime="20240814 10:38:36.228"/>
</kw>
<kw name="Setup linux execution" library="Support">
<kw name="Run Keyword And Return Status" library="BuiltIn">
<var>${web_test_check}</var>
<arg>Variable Should Exist</arg>
<arg>${web_test}</arg>
<doc>Runs the given keyword with given arguments and returns the status as a Boolean value.</doc>
<kw name="Variable Should Exist" library="BuiltIn">
<arg>${web_test}</arg>
<doc>Fails unless the given variable exists within the current scope.</doc>
<status status="PASS" starttime="20240814 10:38:36.228" endtime="20240814 10:38:36.229"/>
</kw>
<msg timestamp="20240814 10:38:36.229" level="INFO">${web_test_check} = True</msg>
<status status="PASS" starttime="20240814 10:38:36.228" endtime="20240814 10:38:36.229"/>
</kw>
<kw name="Run Keyword If" library="BuiltIn">
<arg>${web_test_check}</arg>
<arg>Setup Docker Execution Options</arg>
<doc>Runs the given keyword with the given arguments, if ``condition`` is true.</doc>
<kw name="Setup Docker Execution Options" library="Support_Web">
<kw name="Setup Suite Metadata" library="Support_Web">
<arg>${browser}</arg>
<kw name="Get Browser Metadata" library="BrowserSupport">
<var>&amp;{browser_information}</var>
<arg>browser=${browser}</arg>
<doc>Fetches browser metadata information
:param browser: Name of the browser for which information is fetched
:param reload: Re-read the metadata based on the browser
:return: Browser metadata information, dict of format
            {"browser_version": browser version value,
             "driver_version": driver version value}</doc>
<msg timestamp="20240814 10:38:39.323" level="INFO">&amp;{browser_information} = { browser_version=127.0.6533.100 | driver_version=126.0.6478.182  }</msg>
<status status="PASS" starttime="20240814 10:38:36.230" endtime="20240814 10:38:39.323"/>
</kw>
<kw name="Set Suite Metadata" library="BuiltIn">
<arg>test_browser_name</arg>
<arg>${browser}</arg>
<doc>Sets metadata for the current test suite.</doc>
<msg timestamp="20240814 10:38:39.324" level="INFO">Set suite metadata 'test_browser_name' to value 'chrome'.</msg>
<status status="PASS" starttime="20240814 10:38:39.323" endtime="20240814 10:38:39.324"/>
</kw>
<kw name="Set Suite Metadata" library="BuiltIn">
<arg>test_browser_version</arg>
<arg>${browser_information.browser_version}</arg>
<doc>Sets metadata for the current test suite.</doc>
<msg timestamp="20240814 10:38:39.325" level="INFO">Set suite metadata 'test_browser_version' to value '127.0.6533.100'.</msg>
<status status="PASS" starttime="20240814 10:38:39.324" endtime="20240814 10:38:39.325"/>
</kw>
<kw name="Set Suite Metadata" library="BuiltIn">
<arg>test_driver_version</arg>
<arg>${browser_information.driver_version}</arg>
<doc>Sets metadata for the current test suite.</doc>
<msg timestamp="20240814 10:38:39.326" level="INFO">Set suite metadata 'test_driver_version' to value '126.0.6478.182 '.</msg>
<status status="PASS" starttime="20240814 10:38:39.325" endtime="20240814 10:38:39.326"/>
</kw>
<status status="PASS" starttime="20240814 10:38:36.229" endtime="20240814 10:38:39.326"/>
</kw>
<kw name="Setup Global Docker Execution Options" library="Support_Web">
<kw name="Set Global Variable" library="BuiltIn">
<arg>${global_browser_options}</arg>
<arg>None</arg>
<doc>Makes a variable available globally in all tests and suites.</doc>
<msg timestamp="20240814 10:38:39.327" level="INFO">${global_browser_options} = None</msg>
<status status="PASS" starttime="20240814 10:38:39.326" endtime="20240814 10:38:39.327"/>
</kw>
<kw name="Get Environment Variable" library="OperatingSystem">
<var>${docker_check}</var>
<arg>EXECUTION_ENVIRONMENT</arg>
<arg>not_found</arg>
<doc>Returns the value of an environment variable with the given name.</doc>
<msg timestamp="20240814 10:38:39.328" level="INFO">${docker_check} = not_found</msg>
<status status="PASS" starttime="20240814 10:38:39.327" endtime="20240814 10:38:39.328"/>
</kw>
<kw name="Run Keyword And Return If" library="BuiltIn">
<arg>"${docker_check}"!="docker"</arg>
<arg>Log</arg>
<arg>Not executing on Docker</arg>
<doc>Runs the specified keyword and returns from the enclosing user keyword.</doc>
<kw name="Log" library="BuiltIn">
<arg>Not executing on Docker</arg>
<doc>Logs the given message with the given level.</doc>
<msg timestamp="20240814 10:38:39.328" level="INFO">Not executing on Docker</msg>
<status status="PASS" starttime="20240814 10:38:39.328" endtime="20240814 10:38:39.328"/>
</kw>
<msg timestamp="20240814 10:38:39.328" level="INFO">Returning from the enclosing user keyword.</msg>
<status status="PASS" starttime="20240814 10:38:39.328" endtime="20240814 10:38:39.328"/>
</kw>
<kw name="Create List" library="BuiltIn">
<var>@{options}</var>
<arg>--headless</arg>
<arg>--no-sandbox</arg>
<arg>--disable-dev-shm-usage</arg>
<doc>Returns a list containing given items.</doc>
<status status="NOT RUN" starttime="20240814 10:38:39.329" endtime="20240814 10:38:39.329"/>
</kw>
<kw name="Set Global Variable" library="BuiltIn">
<arg>@{docker_options}</arg>
<arg>@{options}</arg>
<doc>Makes a variable available globally in all tests and suites.</doc>
<status status="NOT RUN" starttime="20240814 10:38:39.329" endtime="20240814 10:38:39.329"/>
</kw>
<status status="PASS" starttime="20240814 10:38:39.326" endtime="20240814 10:38:39.329"/>
</kw>
<kw name="Create Webdriver for chrome preferences" library="Support_Web">
<kw name="Update Docker Execution Options" library="Support_Web">
<var>${list_prefs}</var>
<arg>${list_prefs}</arg>
<kw name="Run Keyword And Return Status" library="BuiltIn">
<var>${docker_check}</var>
<arg>Variable Should Exist</arg>
<arg>${docker_options}</arg>
<doc>Runs the given keyword with given arguments and returns the status as a Boolean value.</doc>
<kw name="Variable Should Exist" library="BuiltIn">
<arg>${docker_options}</arg>
<doc>Fails unless the given variable exists within the current scope.</doc>
<msg timestamp="20240814 10:38:39.331" level="FAIL">Variable '${docker_options}' does not exist.</msg>
<status status="FAIL" starttime="20240814 10:38:39.330" endtime="20240814 10:38:39.331"/>
</kw>
<msg timestamp="20240814 10:38:39.331" level="INFO">${docker_check} = False</msg>
<status status="PASS" starttime="20240814 10:38:39.330" endtime="20240814 10:38:39.331"/>
</kw>
<kw name="Get Length" library="BuiltIn">
<var>${list_prefs_length}</var>
<arg>${list_prefs}</arg>
<doc>Returns and logs the length of the given item as an integer.</doc>
<msg timestamp="20240814 10:38:39.331" level="INFO">Length is 1</msg>
<msg timestamp="20240814 10:38:39.331" level="INFO">${list_prefs_length} = 1</msg>
<status status="PASS" starttime="20240814 10:38:39.331" endtime="20240814 10:38:39.331"/>
</kw>
<kw name="Run Keyword If" library="BuiltIn">
<var>${list_prefs}</var>
<arg>${docker_check} and ${list_prefs_length}&gt;0 and ${list_prefs}[0] != []</arg>
<arg>Combine Lists</arg>
<arg>${list_prefs}</arg>
<arg>${docker_options}</arg>
<arg>ELSE IF</arg>
<arg>${docker_check}</arg>
<arg>Set Variable</arg>
<arg>${docker_options}</arg>
<arg>ELSE</arg>
<arg>Set Variable</arg>
<arg>${list_prefs}</arg>
<doc>Runs the given keyword with the given arguments, if ``condition`` is true.</doc>
<kw name="Set Variable" library="BuiltIn">
<arg>${list_prefs}</arg>
<doc>Returns the given values which can then be assigned to a variables.</doc>
<status status="PASS" starttime="20240814 10:38:39.331" endtime="20240814 10:38:39.331"/>
</kw>
<msg timestamp="20240814 10:38:39.331" level="INFO">${list_prefs} = [[]]</msg>
<status status="PASS" starttime="20240814 10:38:39.331" endtime="20240814 10:38:39.331"/>
</kw>
<msg timestamp="20240814 10:38:39.331" level="INFO">${list_prefs} = [[]]</msg>
<status status="PASS" starttime="20240814 10:38:39.330" endtime="20240814 10:38:39.331"/>
</kw>
<kw name="Create Chrome Options for download preferences" library="Support_Web">
<var>${chrome_options}</var>
<kw name="Evaluate" library="BuiltIn">
<var>${chrome_options}</var>
<arg>sys.modules['selenium.webdriver'].ChromeOptions()</arg>
<arg>sys</arg>
<doc>Evaluates the given expression in Python and returns the result.</doc>
<msg timestamp="20240814 10:38:39.331" level="INFO">${chrome_options} = &lt;selenium.webdriver.chrome.options.Options object at 0x0000013D18DA46B0&gt;</msg>
<status status="PASS" starttime="20240814 10:38:39.331" endtime="20240814 10:38:39.331"/>
</kw>
<msg timestamp="20240814 10:38:39.331" level="INFO">${chrome_options} = &lt;selenium.webdriver.chrome.options.Options object at 0x0000013D18DA46B0&gt;</msg>
<status status="PASS" starttime="20240814 10:38:39.331" endtime="20240814 10:38:39.331"/>
</kw>
<kw name="Update Preferences List" library="Support_Web">
<arg>${chrome_options}</arg>
<arg>@{list_prefs}</arg>
<kw name="Convert To String" library="BuiltIn">
<var>${string_prefs}</var>
<arg>${list_prefs}</arg>
<doc>Converts the given item to a Unicode string.</doc>
<msg timestamp="20240814 10:38:39.331" level="INFO">${string_prefs} = [[]]</msg>
<status status="PASS" starttime="20240814 10:38:39.331" endtime="20240814 10:38:39.331"/>
</kw>
<kw name="Return From Keyword If" library="BuiltIn">
<arg>${string_prefs} == [[]]</arg>
<doc>Returns from the enclosing user keyword if ``condition`` is true.</doc>
<msg timestamp="20240814 10:38:39.331" level="INFO">Returning from the enclosing user keyword.</msg>
<status status="PASS" starttime="20240814 10:38:39.331" endtime="20240814 10:38:39.331"/>
</kw>
<for flavor="IN">
<var>${preference}</var>
<value>@{list_prefs}</value>
<iter>
<var name="${preference}"/>
<kw name="Call Method" library="BuiltIn">
<arg>${chrome_options}</arg>
<arg>add_argument</arg>
<arg>${preference}</arg>
<doc>Calls the named method of the given object with the provided arguments.</doc>
<status status="NOT RUN" starttime="20240814 10:38:39.331" endtime="20240814 10:38:39.331"/>
</kw>
<status status="NOT RUN" starttime="20240814 10:38:39.331" endtime="20240814 10:38:39.331"/>
</iter>
<status status="NOT RUN" starttime="20240814 10:38:39.331" endtime="20240814 10:38:39.331"/>
</for>
<status status="PASS" starttime="20240814 10:38:39.331" endtime="20240814 10:38:39.331"/>
</kw>
<kw name="Call Method" library="BuiltIn">
<arg>${chrome_options}</arg>
<arg>add_experimental_option</arg>
<arg>prefs</arg>
<arg>${kw_prefs}</arg>
<doc>Calls the named method of the given object with the provided arguments.</doc>
<status status="PASS" starttime="20240814 10:38:39.331" endtime="20240814 10:38:39.331"/>
</kw>
<kw name="Set Global Variable" library="BuiltIn">
<arg>${global_browser_options}</arg>
<arg>${chrome options}</arg>
<doc>Makes a variable available globally in all tests and suites.</doc>
<msg timestamp="20240814 10:38:39.331" level="INFO">${global_browser_options} = &lt;selenium.webdriver.chrome.options.Options object at 0x0000013D18DA46B0&gt;</msg>
<status status="PASS" starttime="20240814 10:38:39.331" endtime="20240814 10:38:39.331"/>
</kw>
<status status="PASS" starttime="20240814 10:38:39.329" endtime="20240814 10:38:39.331"/>
</kw>
<status status="PASS" starttime="20240814 10:38:36.229" endtime="20240814 10:38:39.331"/>
</kw>
<status status="PASS" starttime="20240814 10:38:36.229" endtime="20240814 10:38:39.331"/>
</kw>
<status status="PASS" starttime="20240814 10:38:36.228" endtime="20240814 10:38:39.331"/>
</kw>
<kw name="Set Suite Metadata" library="BuiltIn">
<arg>environment</arg>
<arg>${test_server}</arg>
<doc>Sets metadata for the current test suite.</doc>
<msg timestamp="20240814 10:38:39.331" level="INFO">Set suite metadata 'environment' to value 'Dev'.</msg>
<status status="PASS" starttime="20240814 10:38:39.331" endtime="20240814 10:38:39.331"/>
</kw>
<status status="PASS" starttime="20240814 10:38:36.219" endtime="20240814 10:38:39.331"/>
</kw>
<suite id="s1-s1" name="Test Verify parameter values" source="C:\SAP_Testing\SAPtesting\Tests\Test_Verify_parameter_values.robot">
<kw name="System Logon" library="Verify_parameter_values" type="SETUP">
<kw name="Start Process" library="Process">
<arg>${symvar('ABAP_SAP_SERVER')}</arg>
<doc>Starts a new process on background.</doc>
<msg timestamp="20240814 10:38:39.678" level="INFO">Sym.Dev.ABAP_SAP_SERVER: C:\Program Files (x86)\SAP\FrontEnd\SAPGUI\saplogon.exe</msg>
<msg timestamp="20240814 10:38:39.678" level="INFO">Starting process:
"C:\Program Files (x86)\SAP\FrontEnd\SAPGUI\saplogon.exe"</msg>
<status status="PASS" starttime="20240814 10:38:39.678" endtime="20240814 10:38:39.678"/>
</kw>
<kw name="Connect To Session" library="SAP_Tcode_Library">
<doc>Connects to an open session SAP.</doc>
<status status="PASS" starttime="20240814 10:38:39.678" endtime="20240814 10:38:39.704"/>
</kw>
<kw name="Open Connection" library="SAP_Tcode_Library">
<arg>${symvar('ABAP_Connection')}</arg>
<doc>Opens a connection to the given connection name. Be sure to provide the full connection name, including the bracket part.</doc>
<msg timestamp="20240814 10:38:39.704" level="INFO">Sym.Dev.ABAP_Connection: RBT</msg>
<status status="PASS" starttime="20240814 10:38:39.704" endtime="20240814 10:38:41.323"/>
</kw>
<kw name="Input Text" library="SAP_Tcode_Library">
<arg>wnd[0]/usr/txtRSYST-MANDT</arg>
<arg>${symvar('ABAP_CLIENT')}</arg>
<doc>Inserts the given text into the text field identified by locator.
Use keyword `input password` to insert a password in a text field.</doc>
<msg timestamp="20240814 10:38:41.324" level="INFO">Sym.Dev.ABAP_CLIENT: 000</msg>
<msg timestamp="20240814 10:38:41.334" level="INFO">Typing text '000' into text field 'wnd[0]/usr/txtRSYST-MANDT'.</msg>
<status status="PASS" starttime="20240814 10:38:41.323" endtime="20240814 10:38:41.334"/>
</kw>
<kw name="Input Text" library="SAP_Tcode_Library">
<arg>wnd[0]/usr/txtRSYST-BNAME</arg>
<arg>${symvar('ABAP_USER')}</arg>
<doc>Inserts the given text into the text field identified by locator.
Use keyword `input password` to insert a password in a text field.</doc>
<msg timestamp="20240814 10:38:41.335" level="INFO">Sym.Dev.ABAP_USER: ddic</msg>
<msg timestamp="20240814 10:38:41.348" level="INFO">Typing text 'ddic' into text field 'wnd[0]/usr/txtRSYST-BNAME'.</msg>
<status status="PASS" starttime="20240814 10:38:41.334" endtime="20240814 10:38:41.348"/>
</kw>
<kw name="Input Password" library="SAP_Tcode_Library">
<arg>wnd[0]/usr/pwdRSYST-BCODE</arg>
<arg>%{ABAP_PASSWORD}</arg>
<doc>Inserts the given password into the text field identified by locator.
The password is not recorded in the log.</doc>
<msg timestamp="20240814 10:38:41.353" level="INFO">Typing password into text field 'wnd[0]/usr/pwdRSYST-BCODE'.</msg>
<status status="PASS" starttime="20240814 10:38:41.348" endtime="20240814 10:38:41.353"/>
</kw>
<kw name="Send Vkey" library="SAP_Tcode_Library">
<arg>0</arg>
<doc>Sends a SAP virtual key combination to the window, not into an element.
If you want to send a value to a text field, use `input text` instead.</doc>
<status status="PASS" starttime="20240814 10:38:41.353" endtime="20240814 10:38:41.798"/>
</kw>
<kw name="Multiple Logon Handling" library="SAP_Tcode_Library">
<arg>wnd[1]</arg>
<arg>wnd[1]/usr/radMULTI_LOGON_OPT2</arg>
<arg>wnd[1]/tbar[0]/btn[0]</arg>
<status status="PASS" starttime="20240814 10:38:41.799" endtime="20240814 10:38:41.812"/>
</kw>
<status status="PASS" starttime="20240814 10:38:39.678" endtime="20240814 10:38:41.812"/>
</kw>
<test id="s1-s1-t1" name="Verifying SAP Parameter values" line="8">
<kw name="Verify parameter in RZ10" library="Verify_parameter_values">
<kw name="Run Transaction" library="SAP_Tcode_Library">
<arg>/nRZ10</arg>
<doc>Runs a Sap transaction. An error is given when an unknown transaction is specified.</doc>
<status status="PASS" starttime="20240814 10:38:41.812" endtime="20240814 10:38:41.927"/>
</kw>
<kw name="Send Vkey" library="SAP_Tcode_Library">
<arg>4</arg>
<arg>window=0</arg>
<doc>Sends a SAP virtual key combination to the window, not into an element.
If you want to send a value to a text field, use `input text` instead.</doc>
<status status="PASS" starttime="20240814 10:38:41.928" endtime="20240814 10:38:42.059"/>
</kw>
<kw name="Select Profile Label" library="SAP_Tcode_Library">
<arg>wnd[1]/usr</arg>
<arg>DEFAULT</arg>
<msg timestamp="20240814 10:38:42.096" level="INFO">Text Found: DEFAULT</msg>
<status status="PASS" starttime="20240814 10:38:42.060" endtime="20240814 10:38:42.096"/>
</kw>
<kw name="Click Element" library="SAP_Tcode_Library">
<arg>wnd[1]/tbar[0]/btn[0]</arg>
<doc>Performs a single click on a given element. Used only for buttons, tabs and menu items.</doc>
<status status="PASS" starttime="20240814 10:38:42.096" endtime="20240814 10:38:42.207"/>
</kw>
<kw name="Select Radio Button" library="SAP_Tcode_Library">
<arg>wnd[0]/usr/radSPFL1010-EXPERT</arg>
<doc>Sets radio button to the specified value.</doc>
<status status="PASS" starttime="20240814 10:38:42.207" endtime="20240814 10:38:42.223"/>
</kw>
<kw name="Click Element" library="SAP_Tcode_Library">
<arg>wnd[0]/usr/btnEDIT_PUSH</arg>
<doc>Performs a single click on a given element. Used only for buttons, tabs and menu items.</doc>
<status status="PASS" starttime="20240814 10:38:42.223" endtime="20240814 10:38:42.431"/>
</kw>
<kw name="Sleep" library="BuiltIn">
<arg>4</arg>
<doc>Pauses the test executed for the given time.</doc>
<msg timestamp="20240814 10:38:46.431" level="INFO">Slept 4 seconds</msg>
<status status="PASS" starttime="20240814 10:38:42.431" endtime="20240814 10:38:46.431"/>
</kw>
<kw name="Get Length" library="BuiltIn">
<var>${length}</var>
<arg>${parameters}</arg>
<doc>Returns and logs the length of the given item as an integer.</doc>
<msg timestamp="20240814 10:38:46.431" level="INFO">Length is 7</msg>
<msg timestamp="20240814 10:38:46.431" level="INFO">${length} = 7</msg>
<status status="PASS" starttime="20240814 10:38:46.431" endtime="20240814 10:38:46.431"/>
</kw>
<for flavor="IN RANGE">
<var>${i}</var>
<value>0</value>
<value>${length}</value>
<iter>
<var name="${i}">0</var>
<kw name="Check Parameter Found" library="SAP_Tcode_Library">
<var>${result}</var>
<arg>wnd[0]/usr</arg>
<arg>${parameters}[${i}]</arg>
<msg timestamp="20240814 10:38:47.048" level="INFO">ssl/ciphersuites</msg>
<msg timestamp="20240814 10:38:47.048" level="INFO">${result} = ssl/ciphersuites</msg>
<status status="PASS" starttime="20240814 10:38:46.431" endtime="20240814 10:38:47.048"/>
</kw>
<kw name="Log To Console" library="BuiltIn">
<arg>${result}</arg>
<doc>Logs the given message to the console.</doc>
<status status="PASS" starttime="20240814 10:38:47.048" endtime="20240814 10:38:47.048"/>
</kw>
<if>
<branch type="IF" condition="'${result}' == '${parameters}[${i}]'">
<kw name="Get Parameter Value" library="SAP_Tcode_Library">
<arg>wnd[0]/usr</arg>
<arg>${parameters}[${i}]</arg>
<status status="PASS" starttime="20240814 10:38:47.048" endtime="20240814 10:38:47.777"/>
</kw>
<kw name="Get Value" library="SAP_Tcode_Library">
<var>${param_value}</var>
<arg>wnd[0]/usr/sub:SAPLSPF2:0030[0]/txtPARAMETER_INT_VALUES-PVALUE[0,0]</arg>
<doc>Gets the value of the given element. The possible return values depend on the type of element (see Return values).</doc>
<msg timestamp="20240814 10:38:47.791" level="INFO">${param_value} = 135:PFS:HIGH::EC_X25519:EC_P256:EC_HIGH</msg>
<status status="PASS" starttime="20240814 10:38:47.777" endtime="20240814 10:38:47.791"/>
</kw>
<if>
<branch type="IF" condition="'${param_value}' == '${values}[${i}]'">
<kw name="Log To Console" library="BuiltIn">
<arg>${parameters}[${i}] value is ${values}[${i}]</arg>
<doc>Logs the given message to the console.</doc>
<status status="PASS" starttime="20240814 10:38:47.791" endtime="20240814 10:38:47.791"/>
</kw>
<kw name="Click Element" library="SAP_Tcode_Library">
<arg>wnd[0]/tbar[0]/btn[3]</arg>
<doc>Performs a single click on a given element. Used only for buttons, tabs and menu items.</doc>
<status status="PASS" starttime="20240814 10:38:47.791" endtime="20240814 10:38:47.903"/>
</kw>
<kw name="Sleep" library="BuiltIn">
<arg>2</arg>
<doc>Pauses the test executed for the given time.</doc>
<msg timestamp="20240814 10:38:49.903" level="INFO">Slept 2 seconds</msg>
<status status="PASS" starttime="20240814 10:38:47.903" endtime="20240814 10:38:49.903"/>
</kw>
<status status="PASS" starttime="20240814 10:38:47.791" endtime="20240814 10:38:49.903"/>
</branch>
<branch type="ELSE">
<kw name="Sleep" library="BuiltIn">
<arg>2</arg>
<doc>Pauses the test executed for the given time.</doc>
<status status="NOT RUN" starttime="20240814 10:38:49.903" endtime="20240814 10:38:49.903"/>
</kw>
<kw name="Input Text" library="SAP_Tcode_Library">
<arg>wnd[0]/usr/sub:SAPLSPF2:0030[0]/txtPARAMETER_INT_VALUES-PVALUE[0,0]</arg>
<arg>${EMPTY}</arg>
<doc>Inserts the given text into the text field identified by locator.
Use keyword `input password` to insert a password in a text field.</doc>
<status status="NOT RUN" starttime="20240814 10:38:49.903" endtime="20240814 10:38:49.903"/>
</kw>
<kw name="Sleep" library="BuiltIn">
<arg>2</arg>
<doc>Pauses the test executed for the given time.</doc>
<status status="NOT RUN" starttime="20240814 10:38:49.903" endtime="20240814 10:38:49.903"/>
</kw>
<kw name="Input Text" library="SAP_Tcode_Library">
<arg>wnd[0]/usr/sub:SAPLSPF2:0030[0]/txtPARAMETER_INT_VALUES-PVALUE[0,0]</arg>
<arg>${values}[${i}]</arg>
<doc>Inserts the given text into the text field identified by locator.
Use keyword `input password` to insert a password in a text field.</doc>
<status status="NOT RUN" starttime="20240814 10:38:49.903" endtime="20240814 10:38:49.903"/>
</kw>
<kw name="Click Element" library="SAP_Tcode_Library">
<arg>wnd[0]/tbar[1]/btn[18]</arg>
<doc>Performs a single click on a given element. Used only for buttons, tabs and menu items.</doc>
<status status="NOT RUN" starttime="20240814 10:38:49.903" endtime="20240814 10:38:49.903"/>
</kw>
<kw name="Sleep" library="BuiltIn">
<arg>2</arg>
<doc>Pauses the test executed for the given time.</doc>
<status status="NOT RUN" starttime="20240814 10:38:49.903" endtime="20240814 10:38:49.903"/>
</kw>
<kw name="Click Element" library="SAP_Tcode_Library">
<arg>wnd[1]/usr/btnKNOPF1</arg>
<doc>Performs a single click on a given element. Used only for buttons, tabs and menu items.</doc>
<status status="NOT RUN" starttime="20240814 10:38:49.903" endtime="20240814 10:38:49.905"/>
</kw>
<kw name="Sleep" library="BuiltIn">
<arg>2</arg>
<doc>Pauses the test executed for the given time.</doc>
<status status="NOT RUN" starttime="20240814 10:38:49.905" endtime="20240814 10:38:49.905"/>
</kw>
<kw name="Click Element" library="SAP_Tcode_Library">
<arg>wnd[0]/tbar[0]/btn[3]</arg>
<doc>Performs a single click on a given element. Used only for buttons, tabs and menu items.</doc>
<status status="NOT RUN" starttime="20240814 10:38:49.905" endtime="20240814 10:38:49.905"/>
</kw>
<status status="NOT RUN" starttime="20240814 10:38:49.903" endtime="20240814 10:38:49.905"/>
</branch>
<status status="PASS" starttime="20240814 10:38:47.791" endtime="20240814 10:38:49.905"/>
</if>
<status status="PASS" starttime="20240814 10:38:47.048" endtime="20240814 10:38:49.905"/>
</branch>
<branch type="ELSE">
<kw name="Sleep" library="BuiltIn">
<arg>2</arg>
<doc>Pauses the test executed for the given time.</doc>
<status status="NOT RUN" starttime="20240814 10:38:49.905" endtime="20240814 10:38:49.905"/>
</kw>
<kw name="Click Element" library="SAP_Tcode_Library">
<arg>wnd[0]/tbar[1]/btn[5]</arg>
<doc>Performs a single click on a given element. Used only for buttons, tabs and menu items.</doc>
<status status="NOT RUN" starttime="20240814 10:38:49.905" endtime="20240814 10:38:49.905"/>
</kw>
<kw name="Sleep" library="BuiltIn">
<arg>2</arg>
<doc>Pauses the test executed for the given time.</doc>
<status status="NOT RUN" starttime="20240814 10:38:49.905" endtime="20240814 10:38:49.905"/>
</kw>
<kw name="Input Text" library="SAP_Tcode_Library">
<arg>wnd[0]/usr/ctxtPARAMETER_INTERNAL-PARNAME</arg>
<arg>${parameters}[${i}]</arg>
<doc>Inserts the given text into the text field identified by locator.
Use keyword `input password` to insert a password in a text field.</doc>
<status status="NOT RUN" starttime="20240814 10:38:49.905" endtime="20240814 10:38:49.905"/>
</kw>
<kw name="Sleep" library="BuiltIn">
<arg>2</arg>
<doc>Pauses the test executed for the given time.</doc>
<status status="NOT RUN" starttime="20240814 10:38:49.905" endtime="20240814 10:38:49.905"/>
</kw>
<kw name="Input Text" library="SAP_Tcode_Library">
<arg>wnd[0]/usr/sub:SAPLSPF2:0030[0]/txtPARAMETER_INT_VALUES-PVALUE[0,0]</arg>
<arg>${values}[${i}]</arg>
<doc>Inserts the given text into the text field identified by locator.
Use keyword `input password` to insert a password in a text field.</doc>
<status status="NOT RUN" starttime="20240814 10:38:49.905" endtime="20240814 10:38:49.905"/>
</kw>
<kw name="Sleep" library="BuiltIn">
<arg>2</arg>
<doc>Pauses the test executed for the given time.</doc>
<status status="NOT RUN" starttime="20240814 10:38:49.905" endtime="20240814 10:38:49.905"/>
</kw>
<kw name="Click Element" library="SAP_Tcode_Library">
<arg>wnd[0]/tbar[1]/btn[18]</arg>
<doc>Performs a single click on a given element. Used only for buttons, tabs and menu items.</doc>
<status status="NOT RUN" starttime="20240814 10:38:49.905" endtime="20240814 10:38:49.905"/>
</kw>
<kw name="Sleep" library="BuiltIn">
<arg>2</arg>
<doc>Pauses the test executed for the given time.</doc>
<status status="NOT RUN" starttime="20240814 10:38:49.905" endtime="20240814 10:38:49.905"/>
</kw>
<kw name="Click Element" library="SAP_Tcode_Library">
<arg>wnd[1]/usr/btnKNOPF1</arg>
<doc>Performs a single click on a given element. Used only for buttons, tabs and menu items.</doc>
<status status="NOT RUN" starttime="20240814 10:38:49.905" endtime="20240814 10:38:49.905"/>
</kw>
<kw name="Sleep" library="BuiltIn">
<arg>2</arg>
<doc>Pauses the test executed for the given time.</doc>
<status status="NOT RUN" starttime="20240814 10:38:49.905" endtime="20240814 10:38:49.905"/>
</kw>
<kw name="Click Element" library="SAP_Tcode_Library">
<arg>wnd[1]/usr/btnKNOPF1</arg>
<doc>Performs a single click on a given element. Used only for buttons, tabs and menu items.</doc>
<status status="NOT RUN" starttime="20240814 10:38:49.905" endtime="20240814 10:38:49.905"/>
</kw>
<kw name="Sleep" library="BuiltIn">
<arg>2</arg>
<doc>Pauses the test executed for the given time.</doc>
<status status="NOT RUN" starttime="20240814 10:38:49.905" endtime="20240814 10:38:49.905"/>
</kw>
<kw name="Click Element" library="SAP_Tcode_Library">
<arg>wnd[0]/tbar[0]/btn[3]</arg>
<doc>Performs a single click on a given element. Used only for buttons, tabs and menu items.</doc>
<status status="NOT RUN" starttime="20240814 10:38:49.905" endtime="20240814 10:38:49.905"/>
</kw>
<status status="NOT RUN" starttime="20240814 10:38:49.905" endtime="20240814 10:38:49.905"/>
</branch>
<status status="PASS" starttime="20240814 10:38:47.048" endtime="20240814 10:38:49.905"/>
</if>
<kw name="Sleep" library="BuiltIn">
<arg>10</arg>
<doc>Pauses the test executed for the given time.</doc>
<msg timestamp="20240814 10:38:59.906" level="INFO">Slept 10 seconds</msg>
<status status="PASS" starttime="20240814 10:38:49.905" endtime="20240814 10:38:59.906"/>
</kw>
<status status="PASS" starttime="20240814 10:38:46.431" endtime="20240814 10:38:59.906"/>
</iter>
<iter>
<var name="${i}">1</var>
<kw name="Check Parameter Found" library="SAP_Tcode_Library">
<var>${result}</var>
<arg>wnd[0]/usr</arg>
<arg>${parameters}[${i}]</arg>
<msg timestamp="20240814 10:39:00.541" level="INFO">ssl/client_ciphersuites</msg>
<msg timestamp="20240814 10:39:00.541" level="INFO">${result} = ssl/client_ciphersuites</msg>
<status status="PASS" starttime="20240814 10:38:59.906" endtime="20240814 10:39:00.541"/>
</kw>
<kw name="Log To Console" library="BuiltIn">
<arg>${result}</arg>
<doc>Logs the given message to the console.</doc>
<status status="PASS" starttime="20240814 10:39:00.541" endtime="20240814 10:39:00.541"/>
</kw>
<if>
<branch type="IF" condition="'${result}' == '${parameters}[${i}]'">
<kw name="Get Parameter Value" library="SAP_Tcode_Library">
<arg>wnd[0]/usr</arg>
<arg>${parameters}[${i}]</arg>
<status status="PASS" starttime="20240814 10:39:00.541" endtime="20240814 10:39:01.286"/>
</kw>
<kw name="Get Value" library="SAP_Tcode_Library">
<var>${param_value}</var>
<arg>wnd[0]/usr/sub:SAPLSPF2:0030[0]/txtPARAMETER_INT_VALUES-PVALUE[0,0]</arg>
<doc>Gets the value of the given element. The possible return values depend on the type of element (see Return values).</doc>
<msg timestamp="20240814 10:39:01.301" level="INFO">${param_value} = 150:PFS:HIGH::EC_X25519:EC_P256:EC_HIGH</msg>
<status status="PASS" starttime="20240814 10:39:01.286" endtime="20240814 10:39:01.301"/>
</kw>
<if>
<branch type="IF" condition="'${param_value}' == '${values}[${i}]'">
<kw name="Log To Console" library="BuiltIn">
<arg>${parameters}[${i}] value is ${values}[${i}]</arg>
<doc>Logs the given message to the console.</doc>
<status status="PASS" starttime="20240814 10:39:01.301" endtime="20240814 10:39:01.301"/>
</kw>
<kw name="Click Element" library="SAP_Tcode_Library">
<arg>wnd[0]/tbar[0]/btn[3]</arg>
<doc>Performs a single click on a given element. Used only for buttons, tabs and menu items.</doc>
<status status="PASS" starttime="20240814 10:39:01.301" endtime="20240814 10:39:01.423"/>
</kw>
<kw name="Sleep" library="BuiltIn">
<arg>2</arg>
<doc>Pauses the test executed for the given time.</doc>
<msg timestamp="20240814 10:39:03.423" level="INFO">Slept 2 seconds</msg>
<status status="PASS" starttime="20240814 10:39:01.423" endtime="20240814 10:39:03.423"/>
</kw>
<status status="PASS" starttime="20240814 10:39:01.301" endtime="20240814 10:39:03.423"/>
</branch>
<branch type="ELSE">
<kw name="Sleep" library="BuiltIn">
<arg>2</arg>
<doc>Pauses the test executed for the given time.</doc>
<status status="NOT RUN" starttime="20240814 10:39:03.423" endtime="20240814 10:39:03.423"/>
</kw>
<kw name="Input Text" library="SAP_Tcode_Library">
<arg>wnd[0]/usr/sub:SAPLSPF2:0030[0]/txtPARAMETER_INT_VALUES-PVALUE[0,0]</arg>
<arg>${EMPTY}</arg>
<doc>Inserts the given text into the text field identified by locator.
Use keyword `input password` to insert a password in a text field.</doc>
<status status="NOT RUN" starttime="20240814 10:39:03.423" endtime="20240814 10:39:03.423"/>
</kw>
<kw name="Sleep" library="BuiltIn">
<arg>2</arg>
<doc>Pauses the test executed for the given time.</doc>
<status status="NOT RUN" starttime="20240814 10:39:03.423" endtime="20240814 10:39:03.423"/>
</kw>
<kw name="Input Text" library="SAP_Tcode_Library">
<arg>wnd[0]/usr/sub:SAPLSPF2:0030[0]/txtPARAMETER_INT_VALUES-PVALUE[0,0]</arg>
<arg>${values}[${i}]</arg>
<doc>Inserts the given text into the text field identified by locator.
Use keyword `input password` to insert a password in a text field.</doc>
<status status="NOT RUN" starttime="20240814 10:39:03.423" endtime="20240814 10:39:03.423"/>
</kw>
<kw name="Click Element" library="SAP_Tcode_Library">
<arg>wnd[0]/tbar[1]/btn[18]</arg>
<doc>Performs a single click on a given element. Used only for buttons, tabs and menu items.</doc>
<status status="NOT RUN" starttime="20240814 10:39:03.423" endtime="20240814 10:39:03.423"/>
</kw>
<kw name="Sleep" library="BuiltIn">
<arg>2</arg>
<doc>Pauses the test executed for the given time.</doc>
<status status="NOT RUN" starttime="20240814 10:39:03.423" endtime="20240814 10:39:03.423"/>
</kw>
<kw name="Click Element" library="SAP_Tcode_Library">
<arg>wnd[1]/usr/btnKNOPF1</arg>
<doc>Performs a single click on a given element. Used only for buttons, tabs and menu items.</doc>
<status status="NOT RUN" starttime="20240814 10:39:03.423" endtime="20240814 10:39:03.423"/>
</kw>
<kw name="Sleep" library="BuiltIn">
<arg>2</arg>
<doc>Pauses the test executed for the given time.</doc>
<status status="NOT RUN" starttime="20240814 10:39:03.423" endtime="20240814 10:39:03.423"/>
</kw>
<kw name="Click Element" library="SAP_Tcode_Library">
<arg>wnd[0]/tbar[0]/btn[3]</arg>
<doc>Performs a single click on a given element. Used only for buttons, tabs and menu items.</doc>
<status status="NOT RUN" starttime="20240814 10:39:03.423" endtime="20240814 10:39:03.423"/>
</kw>
<status status="NOT RUN" starttime="20240814 10:39:03.423" endtime="20240814 10:39:03.423"/>
</branch>
<status status="PASS" starttime="20240814 10:39:01.301" endtime="20240814 10:39:03.423"/>
</if>
<status status="PASS" starttime="20240814 10:39:00.541" endtime="20240814 10:39:03.423"/>
</branch>
<branch type="ELSE">
<kw name="Sleep" library="BuiltIn">
<arg>2</arg>
<doc>Pauses the test executed for the given time.</doc>
<status status="NOT RUN" starttime="20240814 10:39:03.423" endtime="20240814 10:39:03.423"/>
</kw>
<kw name="Click Element" library="SAP_Tcode_Library">
<arg>wnd[0]/tbar[1]/btn[5]</arg>
<doc>Performs a single click on a given element. Used only for buttons, tabs and menu items.</doc>
<status status="NOT RUN" starttime="20240814 10:39:03.423" endtime="20240814 10:39:03.423"/>
</kw>
<kw name="Sleep" library="BuiltIn">
<arg>2</arg>
<doc>Pauses the test executed for the given time.</doc>
<status status="NOT RUN" starttime="20240814 10:39:03.423" endtime="20240814 10:39:03.423"/>
</kw>
<kw name="Input Text" library="SAP_Tcode_Library">
<arg>wnd[0]/usr/ctxtPARAMETER_INTERNAL-PARNAME</arg>
<arg>${parameters}[${i}]</arg>
<doc>Inserts the given text into the text field identified by locator.
Use keyword `input password` to insert a password in a text field.</doc>
<status status="NOT RUN" starttime="20240814 10:39:03.423" endtime="20240814 10:39:03.423"/>
</kw>
<kw name="Sleep" library="BuiltIn">
<arg>2</arg>
<doc>Pauses the test executed for the given time.</doc>
<status status="NOT RUN" starttime="20240814 10:39:03.423" endtime="20240814 10:39:03.423"/>
</kw>
<kw name="Input Text" library="SAP_Tcode_Library">
<arg>wnd[0]/usr/sub:SAPLSPF2:0030[0]/txtPARAMETER_INT_VALUES-PVALUE[0,0]</arg>
<arg>${values}[${i}]</arg>
<doc>Inserts the given text into the text field identified by locator.
Use keyword `input password` to insert a password in a text field.</doc>
<status status="NOT RUN" starttime="20240814 10:39:03.423" endtime="20240814 10:39:03.423"/>
</kw>
<kw name="Sleep" library="BuiltIn">
<arg>2</arg>
<doc>Pauses the test executed for the given time.</doc>
<status status="NOT RUN" starttime="20240814 10:39:03.423" endtime="20240814 10:39:03.427"/>
</kw>
<kw name="Click Element" library="SAP_Tcode_Library">
<arg>wnd[0]/tbar[1]/btn[18]</arg>
<doc>Performs a single click on a given element. Used only for buttons, tabs and menu items.</doc>
<status status="NOT RUN" starttime="20240814 10:39:03.427" endtime="20240814 10:39:03.427"/>
</kw>
<kw name="Sleep" library="BuiltIn">
<arg>2</arg>
<doc>Pauses the test executed for the given time.</doc>
<status status="NOT RUN" starttime="20240814 10:39:03.427" endtime="20240814 10:39:03.427"/>
</kw>
<kw name="Click Element" library="SAP_Tcode_Library">
<arg>wnd[1]/usr/btnKNOPF1</arg>
<doc>Performs a single click on a given element. Used only for buttons, tabs and menu items.</doc>
<status status="NOT RUN" starttime="20240814 10:39:03.427" endtime="20240814 10:39:03.427"/>
</kw>
<kw name="Sleep" library="BuiltIn">
<arg>2</arg>
<doc>Pauses the test executed for the given time.</doc>
<status status="NOT RUN" starttime="20240814 10:39:03.427" endtime="20240814 10:39:03.427"/>
</kw>
<kw name="Click Element" library="SAP_Tcode_Library">
<arg>wnd[1]/usr/btnKNOPF1</arg>
<doc>Performs a single click on a given element. Used only for buttons, tabs and menu items.</doc>
<status status="NOT RUN" starttime="20240814 10:39:03.427" endtime="20240814 10:39:03.427"/>
</kw>
<kw name="Sleep" library="BuiltIn">
<arg>2</arg>
<doc>Pauses the test executed for the given time.</doc>
<status status="NOT RUN" starttime="20240814 10:39:03.427" endtime="20240814 10:39:03.427"/>
</kw>
<kw name="Click Element" library="SAP_Tcode_Library">
<arg>wnd[0]/tbar[0]/btn[3]</arg>
<doc>Performs a single click on a given element. Used only for buttons, tabs and menu items.</doc>
<status status="NOT RUN" starttime="20240814 10:39:03.427" endtime="20240814 10:39:03.427"/>
</kw>
<status status="NOT RUN" starttime="20240814 10:39:03.423" endtime="20240814 10:39:03.427"/>
</branch>
<status status="PASS" starttime="20240814 10:39:00.541" endtime="20240814 10:39:03.427"/>
</if>
<kw name="Sleep" library="BuiltIn">
<arg>10</arg>
<doc>Pauses the test executed for the given time.</doc>
<msg timestamp="20240814 10:39:13.427" level="INFO">Slept 10 seconds</msg>
<status status="PASS" starttime="20240814 10:39:03.427" endtime="20240814 10:39:13.427"/>
</kw>
<status status="PASS" starttime="20240814 10:38:59.906" endtime="20240814 10:39:13.427"/>
</iter>
<iter>
<var name="${i}">2</var>
<kw name="Check Parameter Found" library="SAP_Tcode_Library">
<var>${result}</var>
<arg>wnd[0]/usr</arg>
<arg>${parameters}[${i}]</arg>
<msg timestamp="20240814 10:39:14.076" level="INFO">icm/HTTPS/client_sni_enabled</msg>
<msg timestamp="20240814 10:39:14.076" level="INFO">${result} = icm/HTTPS/client_sni_enabled</msg>
<status status="PASS" starttime="20240814 10:39:13.427" endtime="20240814 10:39:14.076"/>
</kw>
<kw name="Log To Console" library="BuiltIn">
<arg>${result}</arg>
<doc>Logs the given message to the console.</doc>
<status status="PASS" starttime="20240814 10:39:14.076" endtime="20240814 10:39:14.079"/>
</kw>
<if>
<branch type="IF" condition="'${result}' == '${parameters}[${i}]'">
<kw name="Get Parameter Value" library="SAP_Tcode_Library">
<arg>wnd[0]/usr</arg>
<arg>${parameters}[${i}]</arg>
<status status="PASS" starttime="20240814 10:39:14.079" endtime="20240814 10:39:14.832"/>
</kw>
<kw name="Get Value" library="SAP_Tcode_Library">
<var>${param_value}</var>
<arg>wnd[0]/usr/sub:SAPLSPF2:0030[0]/txtPARAMETER_INT_VALUES-PVALUE[0,0]</arg>
<doc>Gets the value of the given element. The possible return values depend on the type of element (see Return values).</doc>
<msg timestamp="20240814 10:39:14.848" level="INFO">${param_value} = TRUE</msg>
<status status="PASS" starttime="20240814 10:39:14.832" endtime="20240814 10:39:14.848"/>
</kw>
<if>
<branch type="IF" condition="'${param_value}' == '${values}[${i}]'">
<kw name="Log To Console" library="BuiltIn">
<arg>${parameters}[${i}] value is ${values}[${i}]</arg>
<doc>Logs the given message to the console.</doc>
<status status="PASS" starttime="20240814 10:39:14.848" endtime="20240814 10:39:14.851"/>
</kw>
<kw name="Click Element" library="SAP_Tcode_Library">
<arg>wnd[0]/tbar[0]/btn[3]</arg>
<doc>Performs a single click on a given element. Used only for buttons, tabs and menu items.</doc>
<status status="PASS" starttime="20240814 10:39:14.851" endtime="20240814 10:39:14.951"/>
</kw>
<kw name="Sleep" library="BuiltIn">
<arg>2</arg>
<doc>Pauses the test executed for the given time.</doc>
<msg timestamp="20240814 10:39:16.952" level="INFO">Slept 2 seconds</msg>
<status status="PASS" starttime="20240814 10:39:14.951" endtime="20240814 10:39:16.952"/>
</kw>
<status status="PASS" starttime="20240814 10:39:14.848" endtime="20240814 10:39:16.952"/>
</branch>
<branch type="ELSE">
<kw name="Sleep" library="BuiltIn">
<arg>2</arg>
<doc>Pauses the test executed for the given time.</doc>
<status status="NOT RUN" starttime="20240814 10:39:16.952" endtime="20240814 10:39:16.952"/>
</kw>
<kw name="Input Text" library="SAP_Tcode_Library">
<arg>wnd[0]/usr/sub:SAPLSPF2:0030[0]/txtPARAMETER_INT_VALUES-PVALUE[0,0]</arg>
<arg>${EMPTY}</arg>
<doc>Inserts the given text into the text field identified by locator.
Use keyword `input password` to insert a password in a text field.</doc>
<status status="NOT RUN" starttime="20240814 10:39:16.952" endtime="20240814 10:39:16.952"/>
</kw>
<kw name="Sleep" library="BuiltIn">
<arg>2</arg>
<doc>Pauses the test executed for the given time.</doc>
<status status="NOT RUN" starttime="20240814 10:39:16.952" endtime="20240814 10:39:16.952"/>
</kw>
<kw name="Input Text" library="SAP_Tcode_Library">
<arg>wnd[0]/usr/sub:SAPLSPF2:0030[0]/txtPARAMETER_INT_VALUES-PVALUE[0,0]</arg>
<arg>${values}[${i}]</arg>
<doc>Inserts the given text into the text field identified by locator.
Use keyword `input password` to insert a password in a text field.</doc>
<status status="NOT RUN" starttime="20240814 10:39:16.952" endtime="20240814 10:39:16.952"/>
</kw>
<kw name="Click Element" library="SAP_Tcode_Library">
<arg>wnd[0]/tbar[1]/btn[18]</arg>
<doc>Performs a single click on a given element. Used only for buttons, tabs and menu items.</doc>
<status status="NOT RUN" starttime="20240814 10:39:16.952" endtime="20240814 10:39:16.952"/>
</kw>
<kw name="Sleep" library="BuiltIn">
<arg>2</arg>
<doc>Pauses the test executed for the given time.</doc>
<status status="NOT RUN" starttime="20240814 10:39:16.952" endtime="20240814 10:39:16.952"/>
</kw>
<kw name="Click Element" library="SAP_Tcode_Library">
<arg>wnd[1]/usr/btnKNOPF1</arg>
<doc>Performs a single click on a given element. Used only for buttons, tabs and menu items.</doc>
<status status="NOT RUN" starttime="20240814 10:39:16.952" endtime="20240814 10:39:16.952"/>
</kw>
<kw name="Sleep" library="BuiltIn">
<arg>2</arg>
<doc>Pauses the test executed for the given time.</doc>
<status status="NOT RUN" starttime="20240814 10:39:16.952" endtime="20240814 10:39:16.952"/>
</kw>
<kw name="Click Element" library="SAP_Tcode_Library">
<arg>wnd[0]/tbar[0]/btn[3]</arg>
<doc>Performs a single click on a given element. Used only for buttons, tabs and menu items.</doc>
<status status="NOT RUN" starttime="20240814 10:39:16.952" endtime="20240814 10:39:16.952"/>
</kw>
<status status="NOT RUN" starttime="20240814 10:39:16.952" endtime="20240814 10:39:16.952"/>
</branch>
<status status="PASS" starttime="20240814 10:39:14.848" endtime="20240814 10:39:16.952"/>
</if>
<status status="PASS" starttime="20240814 10:39:14.079" endtime="20240814 10:39:16.952"/>
</branch>
<branch type="ELSE">
<kw name="Sleep" library="BuiltIn">
<arg>2</arg>
<doc>Pauses the test executed for the given time.</doc>
<status status="NOT RUN" starttime="20240814 10:39:16.954" endtime="20240814 10:39:16.954"/>
</kw>
<kw name="Click Element" library="SAP_Tcode_Library">
<arg>wnd[0]/tbar[1]/btn[5]</arg>
<doc>Performs a single click on a given element. Used only for buttons, tabs and menu items.</doc>
<status status="NOT RUN" starttime="20240814 10:39:16.954" endtime="20240814 10:39:16.954"/>
</kw>
<kw name="Sleep" library="BuiltIn">
<arg>2</arg>
<doc>Pauses the test executed for the given time.</doc>
<status status="NOT RUN" starttime="20240814 10:39:16.954" endtime="20240814 10:39:16.954"/>
</kw>
<kw name="Input Text" library="SAP_Tcode_Library">
<arg>wnd[0]/usr/ctxtPARAMETER_INTERNAL-PARNAME</arg>
<arg>${parameters}[${i}]</arg>
<doc>Inserts the given text into the text field identified by locator.
Use keyword `input password` to insert a password in a text field.</doc>
<status status="NOT RUN" starttime="20240814 10:39:16.954" endtime="20240814 10:39:16.954"/>
</kw>
<kw name="Sleep" library="BuiltIn">
<arg>2</arg>
<doc>Pauses the test executed for the given time.</doc>
<status status="NOT RUN" starttime="20240814 10:39:16.954" endtime="20240814 10:39:16.954"/>
</kw>
<kw name="Input Text" library="SAP_Tcode_Library">
<arg>wnd[0]/usr/sub:SAPLSPF2:0030[0]/txtPARAMETER_INT_VALUES-PVALUE[0,0]</arg>
<arg>${values}[${i}]</arg>
<doc>Inserts the given text into the text field identified by locator.
Use keyword `input password` to insert a password in a text field.</doc>
<status status="NOT RUN" starttime="20240814 10:39:16.954" endtime="20240814 10:39:16.954"/>
</kw>
<kw name="Sleep" library="BuiltIn">
<arg>2</arg>
<doc>Pauses the test executed for the given time.</doc>
<status status="NOT RUN" starttime="20240814 10:39:16.954" endtime="20240814 10:39:16.954"/>
</kw>
<kw name="Click Element" library="SAP_Tcode_Library">
<arg>wnd[0]/tbar[1]/btn[18]</arg>
<doc>Performs a single click on a given element. Used only for buttons, tabs and menu items.</doc>
<status status="NOT RUN" starttime="20240814 10:39:16.954" endtime="20240814 10:39:16.954"/>
</kw>
<kw name="Sleep" library="BuiltIn">
<arg>2</arg>
<doc>Pauses the test executed for the given time.</doc>
<status status="NOT RUN" starttime="20240814 10:39:16.954" endtime="20240814 10:39:16.956"/>
</kw>
<kw name="Click Element" library="SAP_Tcode_Library">
<arg>wnd[1]/usr/btnKNOPF1</arg>
<doc>Performs a single click on a given element. Used only for buttons, tabs and menu items.</doc>
<status status="NOT RUN" starttime="20240814 10:39:16.956" endtime="20240814 10:39:16.956"/>
</kw>
<kw name="Sleep" library="BuiltIn">
<arg>2</arg>
<doc>Pauses the test executed for the given time.</doc>
<status status="NOT RUN" starttime="20240814 10:39:16.956" endtime="20240814 10:39:16.956"/>
</kw>
<kw name="Click Element" library="SAP_Tcode_Library">
<arg>wnd[1]/usr/btnKNOPF1</arg>
<doc>Performs a single click on a given element. Used only for buttons, tabs and menu items.</doc>
<status status="NOT RUN" starttime="20240814 10:39:16.956" endtime="20240814 10:39:16.956"/>
</kw>
<kw name="Sleep" library="BuiltIn">
<arg>2</arg>
<doc>Pauses the test executed for the given time.</doc>
<status status="NOT RUN" starttime="20240814 10:39:16.956" endtime="20240814 10:39:16.956"/>
</kw>
<kw name="Click Element" library="SAP_Tcode_Library">
<arg>wnd[0]/tbar[0]/btn[3]</arg>
<doc>Performs a single click on a given element. Used only for buttons, tabs and menu items.</doc>
<status status="NOT RUN" starttime="20240814 10:39:16.956" endtime="20240814 10:39:16.956"/>
</kw>
<status status="NOT RUN" starttime="20240814 10:39:16.952" endtime="20240814 10:39:16.956"/>
</branch>
<status status="PASS" starttime="20240814 10:39:14.079" endtime="20240814 10:39:16.956"/>
</if>
<kw name="Sleep" library="BuiltIn">
<arg>10</arg>
<doc>Pauses the test executed for the given time.</doc>
<msg timestamp="20240814 10:39:26.957" level="INFO">Slept 10 seconds</msg>
<status status="PASS" starttime="20240814 10:39:16.956" endtime="20240814 10:39:26.957"/>
</kw>
<status status="PASS" starttime="20240814 10:39:13.427" endtime="20240814 10:39:26.957"/>
</iter>
<iter>
<var name="${i}">3</var>
<kw name="Check Parameter Found" library="SAP_Tcode_Library">
<var>${result}</var>
<arg>wnd[0]/usr</arg>
<arg>${parameters}[${i}]</arg>
<msg timestamp="20240814 10:39:27.626" level="INFO">ssl/client_sni_enabled</msg>
<msg timestamp="20240814 10:39:27.626" level="INFO">${result} = ssl/client_sni_enabled</msg>
<status status="PASS" starttime="20240814 10:39:26.957" endtime="20240814 10:39:27.626"/>
</kw>
<kw name="Log To Console" library="BuiltIn">
<arg>${result}</arg>
<doc>Logs the given message to the console.</doc>
<status status="PASS" starttime="20240814 10:39:27.626" endtime="20240814 10:39:27.626"/>
</kw>
<if>
<branch type="IF" condition="'${result}' == '${parameters}[${i}]'">
<kw name="Get Parameter Value" library="SAP_Tcode_Library">
<arg>wnd[0]/usr</arg>
<arg>${parameters}[${i}]</arg>
<status status="PASS" starttime="20240814 10:39:27.626" endtime="20240814 10:39:28.423"/>
</kw>
<kw name="Get Value" library="SAP_Tcode_Library">
<var>${param_value}</var>
<arg>wnd[0]/usr/sub:SAPLSPF2:0030[0]/txtPARAMETER_INT_VALUES-PVALUE[0,0]</arg>
<doc>Gets the value of the given element. The possible return values depend on the type of element (see Return values).</doc>
<msg timestamp="20240814 10:39:28.434" level="INFO">${param_value} = TRUE</msg>
<status status="PASS" starttime="20240814 10:39:28.423" endtime="20240814 10:39:28.434"/>
</kw>
<if>
<branch type="IF" condition="'${param_value}' == '${values}[${i}]'">
<kw name="Log To Console" library="BuiltIn">
<arg>${parameters}[${i}] value is ${values}[${i}]</arg>
<doc>Logs the given message to the console.</doc>
<status status="PASS" starttime="20240814 10:39:28.434" endtime="20240814 10:39:28.434"/>
</kw>
<kw name="Click Element" library="SAP_Tcode_Library">
<arg>wnd[0]/tbar[0]/btn[3]</arg>
<doc>Performs a single click on a given element. Used only for buttons, tabs and menu items.</doc>
<status status="PASS" starttime="20240814 10:39:28.434" endtime="20240814 10:39:28.529"/>
</kw>
<kw name="Sleep" library="BuiltIn">
<arg>2</arg>
<doc>Pauses the test executed for the given time.</doc>
<msg timestamp="20240814 10:39:30.530" level="INFO">Slept 2 seconds</msg>
<status status="PASS" starttime="20240814 10:39:28.529" endtime="20240814 10:39:30.530"/>
</kw>
<status status="PASS" starttime="20240814 10:39:28.434" endtime="20240814 10:39:30.530"/>
</branch>
<branch type="ELSE">
<kw name="Sleep" library="BuiltIn">
<arg>2</arg>
<doc>Pauses the test executed for the given time.</doc>
<status status="NOT RUN" starttime="20240814 10:39:30.530" endtime="20240814 10:39:30.530"/>
</kw>
<kw name="Input Text" library="SAP_Tcode_Library">
<arg>wnd[0]/usr/sub:SAPLSPF2:0030[0]/txtPARAMETER_INT_VALUES-PVALUE[0,0]</arg>
<arg>${EMPTY}</arg>
<doc>Inserts the given text into the text field identified by locator.
Use keyword `input password` to insert a password in a text field.</doc>
<status status="NOT RUN" starttime="20240814 10:39:30.530" endtime="20240814 10:39:30.530"/>
</kw>
<kw name="Sleep" library="BuiltIn">
<arg>2</arg>
<doc>Pauses the test executed for the given time.</doc>
<status status="NOT RUN" starttime="20240814 10:39:30.530" endtime="20240814 10:39:30.530"/>
</kw>
<kw name="Input Text" library="SAP_Tcode_Library">
<arg>wnd[0]/usr/sub:SAPLSPF2:0030[0]/txtPARAMETER_INT_VALUES-PVALUE[0,0]</arg>
<arg>${values}[${i}]</arg>
<doc>Inserts the given text into the text field identified by locator.
Use keyword `input password` to insert a password in a text field.</doc>
<status status="NOT RUN" starttime="20240814 10:39:30.530" endtime="20240814 10:39:30.530"/>
</kw>
<kw name="Click Element" library="SAP_Tcode_Library">
<arg>wnd[0]/tbar[1]/btn[18]</arg>
<doc>Performs a single click on a given element. Used only for buttons, tabs and menu items.</doc>
<status status="NOT RUN" starttime="20240814 10:39:30.530" endtime="20240814 10:39:30.530"/>
</kw>
<kw name="Sleep" library="BuiltIn">
<arg>2</arg>
<doc>Pauses the test executed for the given time.</doc>
<status status="NOT RUN" starttime="20240814 10:39:30.530" endtime="20240814 10:39:30.530"/>
</kw>
<kw name="Click Element" library="SAP_Tcode_Library">
<arg>wnd[1]/usr/btnKNOPF1</arg>
<doc>Performs a single click on a given element. Used only for buttons, tabs and menu items.</doc>
<status status="NOT RUN" starttime="20240814 10:39:30.530" endtime="20240814 10:39:30.530"/>
</kw>
<kw name="Sleep" library="BuiltIn">
<arg>2</arg>
<doc>Pauses the test executed for the given time.</doc>
<status status="NOT RUN" starttime="20240814 10:39:30.530" endtime="20240814 10:39:30.530"/>
</kw>
<kw name="Click Element" library="SAP_Tcode_Library">
<arg>wnd[0]/tbar[0]/btn[3]</arg>
<doc>Performs a single click on a given element. Used only for buttons, tabs and menu items.</doc>
<status status="NOT RUN" starttime="20240814 10:39:30.530" endtime="20240814 10:39:30.530"/>
</kw>
<status status="NOT RUN" starttime="20240814 10:39:30.530" endtime="20240814 10:39:30.530"/>
</branch>
<status status="PASS" starttime="20240814 10:39:28.434" endtime="20240814 10:39:30.530"/>
</if>
<status status="PASS" starttime="20240814 10:39:27.626" endtime="20240814 10:39:30.530"/>
</branch>
<branch type="ELSE">
<kw name="Sleep" library="BuiltIn">
<arg>2</arg>
<doc>Pauses the test executed for the given time.</doc>
<status status="NOT RUN" starttime="20240814 10:39:30.530" endtime="20240814 10:39:30.530"/>
</kw>
<kw name="Click Element" library="SAP_Tcode_Library">
<arg>wnd[0]/tbar[1]/btn[5]</arg>
<doc>Performs a single click on a given element. Used only for buttons, tabs and menu items.</doc>
<status status="NOT RUN" starttime="20240814 10:39:30.530" endtime="20240814 10:39:30.530"/>
</kw>
<kw name="Sleep" library="BuiltIn">
<arg>2</arg>
<doc>Pauses the test executed for the given time.</doc>
<status status="NOT RUN" starttime="20240814 10:39:30.530" endtime="20240814 10:39:30.530"/>
</kw>
<kw name="Input Text" library="SAP_Tcode_Library">
<arg>wnd[0]/usr/ctxtPARAMETER_INTERNAL-PARNAME</arg>
<arg>${parameters}[${i}]</arg>
<doc>Inserts the given text into the text field identified by locator.
Use keyword `input password` to insert a password in a text field.</doc>
<status status="NOT RUN" starttime="20240814 10:39:30.530" endtime="20240814 10:39:30.530"/>
</kw>
<kw name="Sleep" library="BuiltIn">
<arg>2</arg>
<doc>Pauses the test executed for the given time.</doc>
<status status="NOT RUN" starttime="20240814 10:39:30.530" endtime="20240814 10:39:30.530"/>
</kw>
<kw name="Input Text" library="SAP_Tcode_Library">
<arg>wnd[0]/usr/sub:SAPLSPF2:0030[0]/txtPARAMETER_INT_VALUES-PVALUE[0,0]</arg>
<arg>${values}[${i}]</arg>
<doc>Inserts the given text into the text field identified by locator.
Use keyword `input password` to insert a password in a text field.</doc>
<status status="NOT RUN" starttime="20240814 10:39:30.530" endtime="20240814 10:39:30.530"/>
</kw>
<kw name="Sleep" library="BuiltIn">
<arg>2</arg>
<doc>Pauses the test executed for the given time.</doc>
<status status="NOT RUN" starttime="20240814 10:39:30.530" endtime="20240814 10:39:30.530"/>
</kw>
<kw name="Click Element" library="SAP_Tcode_Library">
<arg>wnd[0]/tbar[1]/btn[18]</arg>
<doc>Performs a single click on a given element. Used only for buttons, tabs and menu items.</doc>
<status status="NOT RUN" starttime="20240814 10:39:30.530" endtime="20240814 10:39:30.530"/>
</kw>
<kw name="Sleep" library="BuiltIn">
<arg>2</arg>
<doc>Pauses the test executed for the given time.</doc>
<status status="NOT RUN" starttime="20240814 10:39:30.530" endtime="20240814 10:39:30.530"/>
</kw>
<kw name="Click Element" library="SAP_Tcode_Library">
<arg>wnd[1]/usr/btnKNOPF1</arg>
<doc>Performs a single click on a given element. Used only for buttons, tabs and menu items.</doc>
<status status="NOT RUN" starttime="20240814 10:39:30.530" endtime="20240814 10:39:30.530"/>
</kw>
<kw name="Sleep" library="BuiltIn">
<arg>2</arg>
<doc>Pauses the test executed for the given time.</doc>
<status status="NOT RUN" starttime="20240814 10:39:30.530" endtime="20240814 10:39:30.530"/>
</kw>
<kw name="Click Element" library="SAP_Tcode_Library">
<arg>wnd[1]/usr/btnKNOPF1</arg>
<doc>Performs a single click on a given element. Used only for buttons, tabs and menu items.</doc>
<status status="NOT RUN" starttime="20240814 10:39:30.530" endtime="20240814 10:39:30.530"/>
</kw>
<kw name="Sleep" library="BuiltIn">
<arg>2</arg>
<doc>Pauses the test executed for the given time.</doc>
<status status="NOT RUN" starttime="20240814 10:39:30.530" endtime="20240814 10:39:30.530"/>
</kw>
<kw name="Click Element" library="SAP_Tcode_Library">
<arg>wnd[0]/tbar[0]/btn[3]</arg>
<doc>Performs a single click on a given element. Used only for buttons, tabs and menu items.</doc>
<status status="NOT RUN" starttime="20240814 10:39:30.530" endtime="20240814 10:39:30.530"/>
</kw>
<status status="NOT RUN" starttime="20240814 10:39:30.530" endtime="20240814 10:39:30.530"/>
</branch>
<status status="PASS" starttime="20240814 10:39:27.626" endtime="20240814 10:39:30.530"/>
</if>
<kw name="Sleep" library="BuiltIn">
<arg>10</arg>
<doc>Pauses the test executed for the given time.</doc>
<msg timestamp="20240814 10:39:40.530" level="INFO">Slept 10 seconds</msg>
<status status="PASS" starttime="20240814 10:39:30.530" endtime="20240814 10:39:40.530"/>
</kw>
<status status="PASS" starttime="20240814 10:39:26.957" endtime="20240814 10:39:40.530"/>
</iter>
<iter>
<var name="${i}">4</var>
<kw name="Check Parameter Found" library="SAP_Tcode_Library">
<var>${result}</var>
<arg>wnd[0]/usr</arg>
<arg>${parameters}[${i}]</arg>
<msg timestamp="20240814 10:39:41.206" level="INFO">SETENV_26</msg>
<msg timestamp="20240814 10:39:41.206" level="INFO">${result} = SETENV_26</msg>
<status status="PASS" starttime="20240814 10:39:40.530" endtime="20240814 10:39:41.206"/>
</kw>
<kw name="Log To Console" library="BuiltIn">
<arg>${result}</arg>
<doc>Logs the given message to the console.</doc>
<status status="PASS" starttime="20240814 10:39:41.206" endtime="20240814 10:39:41.206"/>
</kw>
<if>
<branch type="IF" condition="'${result}' == '${parameters}[${i}]'">
<kw name="Get Parameter Value" library="SAP_Tcode_Library">
<arg>wnd[0]/usr</arg>
<arg>${parameters}[${i}]</arg>
<status status="PASS" starttime="20240814 10:39:41.206" endtime="20240814 10:39:42.011"/>
</kw>
<kw name="Get Value" library="SAP_Tcode_Library">
<var>${param_value}</var>
<arg>wnd[0]/usr/sub:SAPLSPF2:0030[0]/txtPARAMETER_INT_VALUES-PVALUE[0,0]</arg>
<doc>Gets the value of the given element. The possible return values depend on the type of element (see Return values).</doc>
<msg timestamp="20240814 10:39:42.026" level="INFO">${param_value} = SECUDIR=$(DIR_INSTANCE)$(DIR_SEP)sec</msg>
<status status="PASS" starttime="20240814 10:39:42.017" endtime="20240814 10:39:42.026"/>
</kw>
<if>
<branch type="IF" condition="'${param_value}' == '${values}[${i}]'">
<kw name="Log To Console" library="BuiltIn">
<arg>${parameters}[${i}] value is ${values}[${i}]</arg>
<doc>Logs the given message to the console.</doc>
<status status="PASS" starttime="20240814 10:39:42.026" endtime="20240814 10:39:42.026"/>
</kw>
<kw name="Click Element" library="SAP_Tcode_Library">
<arg>wnd[0]/tbar[0]/btn[3]</arg>
<doc>Performs a single click on a given element. Used only for buttons, tabs and menu items.</doc>
<status status="PASS" starttime="20240814 10:39:42.026" endtime="20240814 10:39:42.126"/>
</kw>
<kw name="Sleep" library="BuiltIn">
<arg>2</arg>
<doc>Pauses the test executed for the given time.</doc>
<msg timestamp="20240814 10:39:44.127" level="INFO">Slept 2 seconds</msg>
<status status="PASS" starttime="20240814 10:39:42.126" endtime="20240814 10:39:44.127"/>
</kw>
<status status="PASS" starttime="20240814 10:39:42.026" endtime="20240814 10:39:44.127"/>
</branch>
<branch type="ELSE">
<kw name="Sleep" library="BuiltIn">
<arg>2</arg>
<doc>Pauses the test executed for the given time.</doc>
<status status="NOT RUN" starttime="20240814 10:39:44.127" endtime="20240814 10:39:44.127"/>
</kw>
<kw name="Input Text" library="SAP_Tcode_Library">
<arg>wnd[0]/usr/sub:SAPLSPF2:0030[0]/txtPARAMETER_INT_VALUES-PVALUE[0,0]</arg>
<arg>${EMPTY}</arg>
<doc>Inserts the given text into the text field identified by locator.
Use keyword `input password` to insert a password in a text field.</doc>
<status status="NOT RUN" starttime="20240814 10:39:44.127" endtime="20240814 10:39:44.127"/>
</kw>
<kw name="Sleep" library="BuiltIn">
<arg>2</arg>
<doc>Pauses the test executed for the given time.</doc>
<status status="NOT RUN" starttime="20240814 10:39:44.127" endtime="20240814 10:39:44.127"/>
</kw>
<kw name="Input Text" library="SAP_Tcode_Library">
<arg>wnd[0]/usr/sub:SAPLSPF2:0030[0]/txtPARAMETER_INT_VALUES-PVALUE[0,0]</arg>
<arg>${values}[${i}]</arg>
<doc>Inserts the given text into the text field identified by locator.
Use keyword `input password` to insert a password in a text field.</doc>
<status status="NOT RUN" starttime="20240814 10:39:44.127" endtime="20240814 10:39:44.127"/>
</kw>
<kw name="Click Element" library="SAP_Tcode_Library">
<arg>wnd[0]/tbar[1]/btn[18]</arg>
<doc>Performs a single click on a given element. Used only for buttons, tabs and menu items.</doc>
<status status="NOT RUN" starttime="20240814 10:39:44.127" endtime="20240814 10:39:44.127"/>
</kw>
<kw name="Sleep" library="BuiltIn">
<arg>2</arg>
<doc>Pauses the test executed for the given time.</doc>
<status status="NOT RUN" starttime="20240814 10:39:44.127" endtime="20240814 10:39:44.127"/>
</kw>
<kw name="Click Element" library="SAP_Tcode_Library">
<arg>wnd[1]/usr/btnKNOPF1</arg>
<doc>Performs a single click on a given element. Used only for buttons, tabs and menu items.</doc>
<status status="NOT RUN" starttime="20240814 10:39:44.127" endtime="20240814 10:39:44.127"/>
</kw>
<kw name="Sleep" library="BuiltIn">
<arg>2</arg>
<doc>Pauses the test executed for the given time.</doc>
<status status="NOT RUN" starttime="20240814 10:39:44.127" endtime="20240814 10:39:44.127"/>
</kw>
<kw name="Click Element" library="SAP_Tcode_Library">
<arg>wnd[0]/tbar[0]/btn[3]</arg>
<doc>Performs a single click on a given element. Used only for buttons, tabs and menu items.</doc>
<status status="NOT RUN" starttime="20240814 10:39:44.127" endtime="20240814 10:39:44.127"/>
</kw>
<status status="NOT RUN" starttime="20240814 10:39:44.127" endtime="20240814 10:39:44.127"/>
</branch>
<status status="PASS" starttime="20240814 10:39:42.026" endtime="20240814 10:39:44.127"/>
</if>
<status status="PASS" starttime="20240814 10:39:41.206" endtime="20240814 10:39:44.127"/>
</branch>
<branch type="ELSE">
<kw name="Sleep" library="BuiltIn">
<arg>2</arg>
<doc>Pauses the test executed for the given time.</doc>
<status status="NOT RUN" starttime="20240814 10:39:44.127" endtime="20240814 10:39:44.127"/>
</kw>
<kw name="Click Element" library="SAP_Tcode_Library">
<arg>wnd[0]/tbar[1]/btn[5]</arg>
<doc>Performs a single click on a given element. Used only for buttons, tabs and menu items.</doc>
<status status="NOT RUN" starttime="20240814 10:39:44.127" endtime="20240814 10:39:44.127"/>
</kw>
<kw name="Sleep" library="BuiltIn">
<arg>2</arg>
<doc>Pauses the test executed for the given time.</doc>
<status status="NOT RUN" starttime="20240814 10:39:44.127" endtime="20240814 10:39:44.127"/>
</kw>
<kw name="Input Text" library="SAP_Tcode_Library">
<arg>wnd[0]/usr/ctxtPARAMETER_INTERNAL-PARNAME</arg>
<arg>${parameters}[${i}]</arg>
<doc>Inserts the given text into the text field identified by locator.
Use keyword `input password` to insert a password in a text field.</doc>
<status status="NOT RUN" starttime="20240814 10:39:44.127" endtime="20240814 10:39:44.127"/>
</kw>
<kw name="Sleep" library="BuiltIn">
<arg>2</arg>
<doc>Pauses the test executed for the given time.</doc>
<status status="NOT RUN" starttime="20240814 10:39:44.127" endtime="20240814 10:39:44.127"/>
</kw>
<kw name="Input Text" library="SAP_Tcode_Library">
<arg>wnd[0]/usr/sub:SAPLSPF2:0030[0]/txtPARAMETER_INT_VALUES-PVALUE[0,0]</arg>
<arg>${values}[${i}]</arg>
<doc>Inserts the given text into the text field identified by locator.
Use keyword `input password` to insert a password in a text field.</doc>
<status status="NOT RUN" starttime="20240814 10:39:44.127" endtime="20240814 10:39:44.127"/>
</kw>
<kw name="Sleep" library="BuiltIn">
<arg>2</arg>
<doc>Pauses the test executed for the given time.</doc>
<status status="NOT RUN" starttime="20240814 10:39:44.127" endtime="20240814 10:39:44.127"/>
</kw>
<kw name="Click Element" library="SAP_Tcode_Library">
<arg>wnd[0]/tbar[1]/btn[18]</arg>
<doc>Performs a single click on a given element. Used only for buttons, tabs and menu items.</doc>
<status status="NOT RUN" starttime="20240814 10:39:44.127" endtime="20240814 10:39:44.127"/>
</kw>
<kw name="Sleep" library="BuiltIn">
<arg>2</arg>
<doc>Pauses the test executed for the given time.</doc>
<status status="NOT RUN" starttime="20240814 10:39:44.127" endtime="20240814 10:39:44.127"/>
</kw>
<kw name="Click Element" library="SAP_Tcode_Library">
<arg>wnd[1]/usr/btnKNOPF1</arg>
<doc>Performs a single click on a given element. Used only for buttons, tabs and menu items.</doc>
<status status="NOT RUN" starttime="20240814 10:39:44.127" endtime="20240814 10:39:44.127"/>
</kw>
<kw name="Sleep" library="BuiltIn">
<arg>2</arg>
<doc>Pauses the test executed for the given time.</doc>
<status status="NOT RUN" starttime="20240814 10:39:44.127" endtime="20240814 10:39:44.127"/>
</kw>
<kw name="Click Element" library="SAP_Tcode_Library">
<arg>wnd[1]/usr/btnKNOPF1</arg>
<doc>Performs a single click on a given element. Used only for buttons, tabs and menu items.</doc>
<status status="NOT RUN" starttime="20240814 10:39:44.131" endtime="20240814 10:39:44.131"/>
</kw>
<kw name="Sleep" library="BuiltIn">
<arg>2</arg>
<doc>Pauses the test executed for the given time.</doc>
<status status="NOT RUN" starttime="20240814 10:39:44.131" endtime="20240814 10:39:44.131"/>
</kw>
<kw name="Click Element" library="SAP_Tcode_Library">
<arg>wnd[0]/tbar[0]/btn[3]</arg>
<doc>Performs a single click on a given element. Used only for buttons, tabs and menu items.</doc>
<status status="NOT RUN" starttime="20240814 10:39:44.131" endtime="20240814 10:39:44.131"/>
</kw>
<status status="NOT RUN" starttime="20240814 10:39:44.127" endtime="20240814 10:39:44.131"/>
</branch>
<status status="PASS" starttime="20240814 10:39:41.206" endtime="20240814 10:39:44.131"/>
</if>
<kw name="Sleep" library="BuiltIn">
<arg>10</arg>
<doc>Pauses the test executed for the given time.</doc>
<msg timestamp="20240814 10:39:54.131" level="INFO">Slept 10 seconds</msg>
<status status="PASS" starttime="20240814 10:39:44.131" endtime="20240814 10:39:54.131"/>
</kw>
<status status="PASS" starttime="20240814 10:39:40.530" endtime="20240814 10:39:54.131"/>
</iter>
<iter>
<var name="${i}">5</var>
<kw name="Check Parameter Found" library="SAP_Tcode_Library">
<var>${result}</var>
<arg>wnd[0]/usr</arg>
<arg>${parameters}[${i}]</arg>
<msg timestamp="20240814 10:39:54.829" level="INFO">SETENV_27</msg>
<msg timestamp="20240814 10:39:54.829" level="INFO">${result} = SETENV_27</msg>
<status status="PASS" starttime="20240814 10:39:54.131" endtime="20240814 10:39:54.829"/>
</kw>
<kw name="Log To Console" library="BuiltIn">
<arg>${result}</arg>
<doc>Logs the given message to the console.</doc>
<status status="PASS" starttime="20240814 10:39:54.829" endtime="20240814 10:39:54.829"/>
</kw>
<if>
<branch type="IF" condition="'${result}' == '${parameters}[${i}]'">
<kw name="Get Parameter Value" library="SAP_Tcode_Library">
<arg>wnd[0]/usr</arg>
<arg>${parameters}[${i}]</arg>
<status status="PASS" starttime="20240814 10:39:54.829" endtime="20240814 10:39:55.642"/>
</kw>
<kw name="Get Value" library="SAP_Tcode_Library">
<var>${param_value}</var>
<arg>wnd[0]/usr/sub:SAPLSPF2:0030[0]/txtPARAMETER_INT_VALUES-PVALUE[0,0]</arg>
<doc>Gets the value of the given element. The possible return values depend on the type of element (see Return values).</doc>
<msg timestamp="20240814 10:39:55.653" level="INFO">${param_value} = SAPSSL_CLIENT_CIPHERSUITES=150:PFS:HIGH::EC_X25519:EC_P256:EC_HIGH</msg>
<status status="PASS" starttime="20240814 10:39:55.642" endtime="20240814 10:39:55.653"/>
</kw>
<if>
<branch type="IF" condition="'${param_value}' == '${values}[${i}]'">
<kw name="Log To Console" library="BuiltIn">
<arg>${parameters}[${i}] value is ${values}[${i}]</arg>
<doc>Logs the given message to the console.</doc>
<status status="PASS" starttime="20240814 10:39:55.653" endtime="20240814 10:39:55.653"/>
</kw>
<kw name="Click Element" library="SAP_Tcode_Library">
<arg>wnd[0]/tbar[0]/btn[3]</arg>
<doc>Performs a single click on a given element. Used only for buttons, tabs and menu items.</doc>
<status status="PASS" starttime="20240814 10:39:55.653" endtime="20240814 10:39:55.749"/>
</kw>
<kw name="Sleep" library="BuiltIn">
<arg>2</arg>
<doc>Pauses the test executed for the given time.</doc>
<msg timestamp="20240814 10:39:57.749" level="INFO">Slept 2 seconds</msg>
<status status="PASS" starttime="20240814 10:39:55.749" endtime="20240814 10:39:57.749"/>
</kw>
<status status="PASS" starttime="20240814 10:39:55.653" endtime="20240814 10:39:57.749"/>
</branch>
<branch type="ELSE">
<kw name="Sleep" library="BuiltIn">
<arg>2</arg>
<doc>Pauses the test executed for the given time.</doc>
<status status="NOT RUN" starttime="20240814 10:39:57.749" endtime="20240814 10:39:57.749"/>
</kw>
<kw name="Input Text" library="SAP_Tcode_Library">
<arg>wnd[0]/usr/sub:SAPLSPF2:0030[0]/txtPARAMETER_INT_VALUES-PVALUE[0,0]</arg>
<arg>${EMPTY}</arg>
<doc>Inserts the given text into the text field identified by locator.
Use keyword `input password` to insert a password in a text field.</doc>
<status status="NOT RUN" starttime="20240814 10:39:57.749" endtime="20240814 10:39:57.749"/>
</kw>
<kw name="Sleep" library="BuiltIn">
<arg>2</arg>
<doc>Pauses the test executed for the given time.</doc>
<status status="NOT RUN" starttime="20240814 10:39:57.749" endtime="20240814 10:39:57.749"/>
</kw>
<kw name="Input Text" library="SAP_Tcode_Library">
<arg>wnd[0]/usr/sub:SAPLSPF2:0030[0]/txtPARAMETER_INT_VALUES-PVALUE[0,0]</arg>
<arg>${values}[${i}]</arg>
<doc>Inserts the given text into the text field identified by locator.
Use keyword `input password` to insert a password in a text field.</doc>
<status status="NOT RUN" starttime="20240814 10:39:57.749" endtime="20240814 10:39:57.749"/>
</kw>
<kw name="Click Element" library="SAP_Tcode_Library">
<arg>wnd[0]/tbar[1]/btn[18]</arg>
<doc>Performs a single click on a given element. Used only for buttons, tabs and menu items.</doc>
<status status="NOT RUN" starttime="20240814 10:39:57.749" endtime="20240814 10:39:57.751"/>
</kw>
<kw name="Sleep" library="BuiltIn">
<arg>2</arg>
<doc>Pauses the test executed for the given time.</doc>
<status status="NOT RUN" starttime="20240814 10:39:57.751" endtime="20240814 10:39:57.751"/>
</kw>
<kw name="Click Element" library="SAP_Tcode_Library">
<arg>wnd[1]/usr/btnKNOPF1</arg>
<doc>Performs a single click on a given element. Used only for buttons, tabs and menu items.</doc>
<status status="NOT RUN" starttime="20240814 10:39:57.751" endtime="20240814 10:39:57.751"/>
</kw>
<kw name="Sleep" library="BuiltIn">
<arg>2</arg>
<doc>Pauses the test executed for the given time.</doc>
<status status="NOT RUN" starttime="20240814 10:39:57.751" endtime="20240814 10:39:57.751"/>
</kw>
<kw name="Click Element" library="SAP_Tcode_Library">
<arg>wnd[0]/tbar[0]/btn[3]</arg>
<doc>Performs a single click on a given element. Used only for buttons, tabs and menu items.</doc>
<status status="NOT RUN" starttime="20240814 10:39:57.751" endtime="20240814 10:39:57.751"/>
</kw>
<status status="NOT RUN" starttime="20240814 10:39:57.749" endtime="20240814 10:39:57.751"/>
</branch>
<status status="PASS" starttime="20240814 10:39:55.653" endtime="20240814 10:39:57.751"/>
</if>
<status status="PASS" starttime="20240814 10:39:54.829" endtime="20240814 10:39:57.751"/>
</branch>
<branch type="ELSE">
<kw name="Sleep" library="BuiltIn">
<arg>2</arg>
<doc>Pauses the test executed for the given time.</doc>
<status status="NOT RUN" starttime="20240814 10:39:57.751" endtime="20240814 10:39:57.751"/>
</kw>
<kw name="Click Element" library="SAP_Tcode_Library">
<arg>wnd[0]/tbar[1]/btn[5]</arg>
<doc>Performs a single click on a given element. Used only for buttons, tabs and menu items.</doc>
<status status="NOT RUN" starttime="20240814 10:39:57.751" endtime="20240814 10:39:57.751"/>
</kw>
<kw name="Sleep" library="BuiltIn">
<arg>2</arg>
<doc>Pauses the test executed for the given time.</doc>
<status status="NOT RUN" starttime="20240814 10:39:57.751" endtime="20240814 10:39:57.751"/>
</kw>
<kw name="Input Text" library="SAP_Tcode_Library">
<arg>wnd[0]/usr/ctxtPARAMETER_INTERNAL-PARNAME</arg>
<arg>${parameters}[${i}]</arg>
<doc>Inserts the given text into the text field identified by locator.
Use keyword `input password` to insert a password in a text field.</doc>
<status status="NOT RUN" starttime="20240814 10:39:57.751" endtime="20240814 10:39:57.751"/>
</kw>
<kw name="Sleep" library="BuiltIn">
<arg>2</arg>
<doc>Pauses the test executed for the given time.</doc>
<status status="NOT RUN" starttime="20240814 10:39:57.751" endtime="20240814 10:39:57.751"/>
</kw>
<kw name="Input Text" library="SAP_Tcode_Library">
<arg>wnd[0]/usr/sub:SAPLSPF2:0030[0]/txtPARAMETER_INT_VALUES-PVALUE[0,0]</arg>
<arg>${values}[${i}]</arg>
<doc>Inserts the given text into the text field identified by locator.
Use keyword `input password` to insert a password in a text field.</doc>
<status status="NOT RUN" starttime="20240814 10:39:57.751" endtime="20240814 10:39:57.751"/>
</kw>
<kw name="Sleep" library="BuiltIn">
<arg>2</arg>
<doc>Pauses the test executed for the given time.</doc>
<status status="NOT RUN" starttime="20240814 10:39:57.751" endtime="20240814 10:39:57.751"/>
</kw>
<kw name="Click Element" library="SAP_Tcode_Library">
<arg>wnd[0]/tbar[1]/btn[18]</arg>
<doc>Performs a single click on a given element. Used only for buttons, tabs and menu items.</doc>
<status status="NOT RUN" starttime="20240814 10:39:57.751" endtime="20240814 10:39:57.751"/>
</kw>
<kw name="Sleep" library="BuiltIn">
<arg>2</arg>
<doc>Pauses the test executed for the given time.</doc>
<status status="NOT RUN" starttime="20240814 10:39:57.751" endtime="20240814 10:39:57.751"/>
</kw>
<kw name="Click Element" library="SAP_Tcode_Library">
<arg>wnd[1]/usr/btnKNOPF1</arg>
<doc>Performs a single click on a given element. Used only for buttons, tabs and menu items.</doc>
<status status="NOT RUN" starttime="20240814 10:39:57.751" endtime="20240814 10:39:57.751"/>
</kw>
<kw name="Sleep" library="BuiltIn">
<arg>2</arg>
<doc>Pauses the test executed for the given time.</doc>
<status status="NOT RUN" starttime="20240814 10:39:57.751" endtime="20240814 10:39:57.751"/>
</kw>
<kw name="Click Element" library="SAP_Tcode_Library">
<arg>wnd[1]/usr/btnKNOPF1</arg>
<doc>Performs a single click on a given element. Used only for buttons, tabs and menu items.</doc>
<status status="NOT RUN" starttime="20240814 10:39:57.751" endtime="20240814 10:39:57.751"/>
</kw>
<kw name="Sleep" library="BuiltIn">
<arg>2</arg>
<doc>Pauses the test executed for the given time.</doc>
<status status="NOT RUN" starttime="20240814 10:39:57.751" endtime="20240814 10:39:57.751"/>
</kw>
<kw name="Click Element" library="SAP_Tcode_Library">
<arg>wnd[0]/tbar[0]/btn[3]</arg>
<doc>Performs a single click on a given element. Used only for buttons, tabs and menu items.</doc>
<status status="NOT RUN" starttime="20240814 10:39:57.751" endtime="20240814 10:39:57.751"/>
</kw>
<status status="NOT RUN" starttime="20240814 10:39:57.751" endtime="20240814 10:39:57.751"/>
</branch>
<status status="PASS" starttime="20240814 10:39:54.829" endtime="20240814 10:39:57.751"/>
</if>
<kw name="Sleep" library="BuiltIn">
<arg>10</arg>
<doc>Pauses the test executed for the given time.</doc>
<msg timestamp="20240814 10:40:07.751" level="INFO">Slept 10 seconds</msg>
<status status="PASS" starttime="20240814 10:39:57.751" endtime="20240814 10:40:07.751"/>
</kw>
<status status="PASS" starttime="20240814 10:39:54.131" endtime="20240814 10:40:07.751"/>
</iter>
<iter>
<var name="${i}">6</var>
<kw name="Check Parameter Found" library="SAP_Tcode_Library">
<var>${result}</var>
<arg>wnd[0]/usr</arg>
<arg>${parameters}[${i}]</arg>
<msg timestamp="20240814 10:40:08.459" level="INFO">SETENV_28</msg>
<msg timestamp="20240814 10:40:08.459" level="INFO">${result} = SETENV_28</msg>
<status status="PASS" starttime="20240814 10:40:07.751" endtime="20240814 10:40:08.459"/>
</kw>
<kw name="Log To Console" library="BuiltIn">
<arg>${result}</arg>
<doc>Logs the given message to the console.</doc>
<status status="PASS" starttime="20240814 10:40:08.459" endtime="20240814 10:40:08.459"/>
</kw>
<if>
<branch type="IF" condition="'${result}' == '${parameters}[${i}]'">
<kw name="Get Parameter Value" library="SAP_Tcode_Library">
<arg>wnd[0]/usr</arg>
<arg>${parameters}[${i}]</arg>
<status status="PASS" starttime="20240814 10:40:08.459" endtime="20240814 10:40:09.303"/>
</kw>
<kw name="Get Value" library="SAP_Tcode_Library">
<var>${param_value}</var>
<arg>wnd[0]/usr/sub:SAPLSPF2:0030[0]/txtPARAMETER_INT_VALUES-PVALUE[0,0]</arg>
<doc>Gets the value of the given element. The possible return values depend on the type of element (see Return values).</doc>
<msg timestamp="20240814 10:40:09.319" level="INFO">${param_value} = SAPSSL_CLIENT_SNI_ENABLED=TRUE</msg>
<status status="PASS" starttime="20240814 10:40:09.303" endtime="20240814 10:40:09.319"/>
</kw>
<if>
<branch type="IF" condition="'${param_value}' == '${values}[${i}]'">
<kw name="Log To Console" library="BuiltIn">
<arg>${parameters}[${i}] value is ${values}[${i}]</arg>
<doc>Logs the given message to the console.</doc>
<status status="PASS" starttime="20240814 10:40:09.319" endtime="20240814 10:40:09.319"/>
</kw>
<kw name="Click Element" library="SAP_Tcode_Library">
<arg>wnd[0]/tbar[0]/btn[3]</arg>
<doc>Performs a single click on a given element. Used only for buttons, tabs and menu items.</doc>
<status status="PASS" starttime="20240814 10:40:09.319" endtime="20240814 10:40:09.423"/>
</kw>
<kw name="Sleep" library="BuiltIn">
<arg>2</arg>
<doc>Pauses the test executed for the given time.</doc>
<msg timestamp="20240814 10:40:11.423" level="INFO">Slept 2 seconds</msg>
<status status="PASS" starttime="20240814 10:40:09.423" endtime="20240814 10:40:11.423"/>
</kw>
<status status="PASS" starttime="20240814 10:40:09.319" endtime="20240814 10:40:11.423"/>
</branch>
<branch type="ELSE">
<kw name="Sleep" library="BuiltIn">
<arg>2</arg>
<doc>Pauses the test executed for the given time.</doc>
<status status="NOT RUN" starttime="20240814 10:40:11.423" endtime="20240814 10:40:11.423"/>
</kw>
<kw name="Input Text" library="SAP_Tcode_Library">
<arg>wnd[0]/usr/sub:SAPLSPF2:0030[0]/txtPARAMETER_INT_VALUES-PVALUE[0,0]</arg>
<arg>${EMPTY}</arg>
<doc>Inserts the given text into the text field identified by locator.
Use keyword `input password` to insert a password in a text field.</doc>
<status status="NOT RUN" starttime="20240814 10:40:11.423" endtime="20240814 10:40:11.423"/>
</kw>
<kw name="Sleep" library="BuiltIn">
<arg>2</arg>
<doc>Pauses the test executed for the given time.</doc>
<status status="NOT RUN" starttime="20240814 10:40:11.423" endtime="20240814 10:40:11.423"/>
</kw>
<kw name="Input Text" library="SAP_Tcode_Library">
<arg>wnd[0]/usr/sub:SAPLSPF2:0030[0]/txtPARAMETER_INT_VALUES-PVALUE[0,0]</arg>
<arg>${values}[${i}]</arg>
<doc>Inserts the given text into the text field identified by locator.
Use keyword `input password` to insert a password in a text field.</doc>
<status status="NOT RUN" starttime="20240814 10:40:11.423" endtime="20240814 10:40:11.423"/>
</kw>
<kw name="Click Element" library="SAP_Tcode_Library">
<arg>wnd[0]/tbar[1]/btn[18]</arg>
<doc>Performs a single click on a given element. Used only for buttons, tabs and menu items.</doc>
<status status="NOT RUN" starttime="20240814 10:40:11.423" endtime="20240814 10:40:11.423"/>
</kw>
<kw name="Sleep" library="BuiltIn">
<arg>2</arg>
<doc>Pauses the test executed for the given time.</doc>
<status status="NOT RUN" starttime="20240814 10:40:11.423" endtime="20240814 10:40:11.423"/>
</kw>
<kw name="Click Element" library="SAP_Tcode_Library">
<arg>wnd[1]/usr/btnKNOPF1</arg>
<doc>Performs a single click on a given element. Used only for buttons, tabs and menu items.</doc>
<status status="NOT RUN" starttime="20240814 10:40:11.423" endtime="20240814 10:40:11.423"/>
</kw>
<kw name="Sleep" library="BuiltIn">
<arg>2</arg>
<doc>Pauses the test executed for the given time.</doc>
<status status="NOT RUN" starttime="20240814 10:40:11.423" endtime="20240814 10:40:11.423"/>
</kw>
<kw name="Click Element" library="SAP_Tcode_Library">
<arg>wnd[0]/tbar[0]/btn[3]</arg>
<doc>Performs a single click on a given element. Used only for buttons, tabs and menu items.</doc>
<status status="NOT RUN" starttime="20240814 10:40:11.423" endtime="20240814 10:40:11.423"/>
</kw>
<status status="NOT RUN" starttime="20240814 10:40:11.423" endtime="20240814 10:40:11.426"/>
</branch>
<status status="PASS" starttime="20240814 10:40:09.319" endtime="20240814 10:40:11.426"/>
</if>
<status status="PASS" starttime="20240814 10:40:08.459" endtime="20240814 10:40:11.426"/>
</branch>
<branch type="ELSE">
<kw name="Sleep" library="BuiltIn">
<arg>2</arg>
<doc>Pauses the test executed for the given time.</doc>
<status status="NOT RUN" starttime="20240814 10:40:11.426" endtime="20240814 10:40:11.426"/>
</kw>
<kw name="Click Element" library="SAP_Tcode_Library">
<arg>wnd[0]/tbar[1]/btn[5]</arg>
<doc>Performs a single click on a given element. Used only for buttons, tabs and menu items.</doc>
<status status="NOT RUN" starttime="20240814 10:40:11.426" endtime="20240814 10:40:11.426"/>
</kw>
<kw name="Sleep" library="BuiltIn">
<arg>2</arg>
<doc>Pauses the test executed for the given time.</doc>
<status status="NOT RUN" starttime="20240814 10:40:11.426" endtime="20240814 10:40:11.426"/>
</kw>
<kw name="Input Text" library="SAP_Tcode_Library">
<arg>wnd[0]/usr/ctxtPARAMETER_INTERNAL-PARNAME</arg>
<arg>${parameters}[${i}]</arg>
<doc>Inserts the given text into the text field identified by locator.
Use keyword `input password` to insert a password in a text field.</doc>
<status status="NOT RUN" starttime="20240814 10:40:11.426" endtime="20240814 10:40:11.426"/>
</kw>
<kw name="Sleep" library="BuiltIn">
<arg>2</arg>
<doc>Pauses the test executed for the given time.</doc>
<status status="NOT RUN" starttime="20240814 10:40:11.426" endtime="20240814 10:40:11.426"/>
</kw>
<kw name="Input Text" library="SAP_Tcode_Library">
<arg>wnd[0]/usr/sub:SAPLSPF2:0030[0]/txtPARAMETER_INT_VALUES-PVALUE[0,0]</arg>
<arg>${values}[${i}]</arg>
<doc>Inserts the given text into the text field identified by locator.
Use keyword `input password` to insert a password in a text field.</doc>
<status status="NOT RUN" starttime="20240814 10:40:11.426" endtime="20240814 10:40:11.426"/>
</kw>
<kw name="Sleep" library="BuiltIn">
<arg>2</arg>
<doc>Pauses the test executed for the given time.</doc>
<status status="NOT RUN" starttime="20240814 10:40:11.426" endtime="20240814 10:40:11.426"/>
</kw>
<kw name="Click Element" library="SAP_Tcode_Library">
<arg>wnd[0]/tbar[1]/btn[18]</arg>
<doc>Performs a single click on a given element. Used only for buttons, tabs and menu items.</doc>
<status status="NOT RUN" starttime="20240814 10:40:11.426" endtime="20240814 10:40:11.426"/>
</kw>
<kw name="Sleep" library="BuiltIn">
<arg>2</arg>
<doc>Pauses the test executed for the given time.</doc>
<status status="NOT RUN" starttime="20240814 10:40:11.426" endtime="20240814 10:40:11.426"/>
</kw>
<kw name="Click Element" library="SAP_Tcode_Library">
<arg>wnd[1]/usr/btnKNOPF1</arg>
<doc>Performs a single click on a given element. Used only for buttons, tabs and menu items.</doc>
<status status="NOT RUN" starttime="20240814 10:40:11.426" endtime="20240814 10:40:11.426"/>
</kw>
<kw name="Sleep" library="BuiltIn">
<arg>2</arg>
<doc>Pauses the test executed for the given time.</doc>
<status status="NOT RUN" starttime="20240814 10:40:11.426" endtime="20240814 10:40:11.426"/>
</kw>
<kw name="Click Element" library="SAP_Tcode_Library">
<arg>wnd[1]/usr/btnKNOPF1</arg>
<doc>Performs a single click on a given element. Used only for buttons, tabs and menu items.</doc>
<status status="NOT RUN" starttime="20240814 10:40:11.426" endtime="20240814 10:40:11.426"/>
</kw>
<kw name="Sleep" library="BuiltIn">
<arg>2</arg>
<doc>Pauses the test executed for the given time.</doc>
<status status="NOT RUN" starttime="20240814 10:40:11.426" endtime="20240814 10:40:11.426"/>
</kw>
<kw name="Click Element" library="SAP_Tcode_Library">
<arg>wnd[0]/tbar[0]/btn[3]</arg>
<doc>Performs a single click on a given element. Used only for buttons, tabs and menu items.</doc>
<status status="NOT RUN" starttime="20240814 10:40:11.426" endtime="20240814 10:40:11.426"/>
</kw>
<status status="NOT RUN" starttime="20240814 10:40:11.426" endtime="20240814 10:40:11.426"/>
</branch>
<status status="PASS" starttime="20240814 10:40:08.459" endtime="20240814 10:40:11.426"/>
</if>
<kw name="Sleep" library="BuiltIn">
<arg>10</arg>
<doc>Pauses the test executed for the given time.</doc>
<msg timestamp="20240814 10:40:21.426" level="INFO">Slept 10 seconds</msg>
<status status="PASS" starttime="20240814 10:40:11.426" endtime="20240814 10:40:21.426"/>
</kw>
<status status="PASS" starttime="20240814 10:40:07.751" endtime="20240814 10:40:21.426"/>
</iter>
<status status="PASS" starttime="20240814 10:38:46.431" endtime="20240814 10:40:21.426"/>
</for>
<status status="PASS" starttime="20240814 10:38:41.812" endtime="20240814 10:40:21.426"/>
</kw>
<tag>verifyparam</tag>
<status status="PASS" starttime="20240814 10:38:41.812" endtime="20240814 10:40:21.426"/>
</test>
<kw name="System Logout" library="Verify_parameter_values" type="TEARDOWN">
<kw name="Run Transaction" library="SAP_Tcode_Library">
<arg>/nex</arg>
<doc>Runs a Sap transaction. An error is given when an unknown transaction is specified.</doc>
<status status="PASS" starttime="20240814 10:40:21.426" endtime="20240814 10:40:21.454"/>
</kw>
<status status="PASS" starttime="20240814 10:40:21.426" endtime="20240814 10:40:21.454"/>
</kw>
<status status="PASS" starttime="20240814 10:38:39.331" endtime="20240814 10:40:21.454"/>
</suite>
<doc>Testing functionality through Robot Framework</doc>
<meta name="environment">Dev</meta>
<meta name="test_browser_name">chrome</meta>
<meta name="test_browser_version">127.0.6533.100</meta>
<meta name="test_driver_version">126.0.6478.182 </meta>
<meta name="test_environment">Dev</meta>
<meta name="test_freeze_dependencies">astroid==3.2.3,attrs==23.2.0,beautifulsoup4==4.12.3,bs4==0.0.2,certifi==2024.7.4,cffi==1.16.0,chardet==5.2.0,charset-normalizer==3.3.2,click==8.1.7,colorama==0.4.6,cryptography==42.0.8,defusedxml==0.7.1,dill==0.3.8,docutils==0.21.2,et-xmlfile==1.1.0,ExcelLib==0.0.1b2,exceptiongroup==1.2.2,gitdb==4.0.11,GitPython==3.1.43,h11==0.14.0,idna==3.7,isort==5.13.2,Jinja2==3.1.4,jira==3.8.0,jsonpath-ng==1.6.1,jsonschema==4.23.0,jsonschema-specifications==2023.12.1,lazy-object-proxy==1.10.0,lxml==5.2.2,markdown-it-py==3.0.0,MarkupSafe==2.1.5,mccabe==0.7.0,mdurl==0.1.2,natsort==8.4.0,numpy==2.0.0,oauthlib==3.2.2,openpyxl==3.1.5,outcome==1.3.0.post0,packaging==24.1,pandas==2.2.2,pathspec==0.11.2,pillow==10.4.0,pip==24.1.2,platformdirs==4.2.2,ply==3.11,pycparser==2.22,Pygments==2.18.0,pylint==3.2.5,PySocks==1.7.1,python-dateutil==2.9.0.post0,pytz==2024.1,pywin32==306,PyYAML==6.0.1,referencing==0.35.1,requests==2.32.3,requests-oauthlib==2.0.0,requests-toolbelt==1.0.0,rich==13.7.1,rich-click==1.6.1,robotframework==6.0.2,robotframework-datadriver==1.9.0,robotframework-excellib==2.0.1,robotframework-jsonlibrary==0.5,robotframework-pabot==2.16.0,robotframework-pythonlibcore==4.2.0,robotframework-requests==0.9.2,robotframework-sapguilibrary==1.1,robotframework-seleniumlibrary==5.1.3,robotframework-stacktrace==0.4.1,robotframework-tidy==4.5.0,rpds-py==0.19.0,selenium==4.9.1,setuptools==71.0.2,six==1.16.0,smmap==5.0.1,sniffio==1.3.1,sortedcontainers==2.4.0,soupsieve==2.5,tomli==2.0.1,tomlkit==0.13.0,trio==0.26.0,trio-websocket==0.11.1,typing_extensions==4.12.2,tzdata==2024.1,urllib3==2.2.2,wheel==0.43.0,wrapt==1.16.0,wsproto==1.2.0,xlrd==2.0.1,XlsxWriter==3.2.0</meta>
<status status="PASS" starttime="20240814 10:38:35.859" endtime="20240814 10:40:21.501"/>
</suite>
<statistics>
<total>
<stat pass="1" fail="0" skip="0">All Tests</stat>
</total>
<tag>
<stat pass="1" fail="0" skip="0">verifyparam</stat>
</tag>
<suite>
<stat pass="1" fail="0" skip="0" id="s1" name="Tests">Tests</stat>
<stat pass="1" fail="0" skip="0" id="s1-s1" name="Test Verify parameter values">Tests.Test Verify parameter values</stat>
</suite>
</statistics>
<errors>
</errors>
</robot>
