<?xml version="1.0" encoding="UTF-8"?>
<robot generator="Robot 6.0.2 (Python 3.12.4 on win32)" generated="20240913 15:17:36.145" rpa="false" schemaversion="3">
<suite id="s1" name="Tests" source="C:\SAP_Testing\SAPtesting\Tests">
<kw name="Setup highest level suite" type="SETUP">
<kw name="Set Variable" library="BuiltIn">
<var>${d.test_server}</var>
<arg>${test_server}</arg>
<doc>Returns the given values which can then be assigned to a variables.</doc>
<msg timestamp="20240913 15:17:37.052" level="INFO">${d.test_server} = Dev</msg>
<status status="PASS" starttime="20240913 15:17:37.052" endtime="20240913 15:17:37.052"/>
</kw>
<kw name="Reset screenshot count variable" library="Support">
<kw name="Set Variable" library="BuiltIn">
<var>${screenshotCount}</var>
<arg>${PABOTQUEUEINDEX}_1</arg>
<doc>Returns the given values which can then be assigned to a variables.</doc>
<msg timestamp="20240913 15:17:37.052" level="INFO">${screenshotCount} = 0_1</msg>
<status status="PASS" starttime="20240913 15:17:37.052" endtime="20240913 15:17:37.052"/>
</kw>
<kw name="Set Global Variable" library="BuiltIn">
<arg>${screenshotCount}</arg>
<doc>Makes a variable available globally in all tests and suites.</doc>
<msg timestamp="20240913 15:17:37.052" level="INFO">${screenshotCount} = 0_1</msg>
<status status="PASS" starttime="20240913 15:17:37.052" endtime="20240913 15:17:37.052"/>
</kw>
<kw name="Set up screenshot directory" library="Support">
<kw name="Create Directory" library="OperatingSystem">
<arg>${OUTPUTDIR}${/}${wvar('screenshot_dir')}</arg>
<doc>Creates the specified directory.</doc>
<msg timestamp="20240913 15:17:37.052" level="INFO">Web.Dev.screenshot_dir: Screenshot</msg>
<msg timestamp="20240913 15:17:37.064" level="INFO" html="true">Created directory '&lt;a href="file://C:\SAP_Testing\SAPtesting\Output\pabot_results\0\Screenshot"&gt;C:\SAP_Testing\SAPtesting\Output\pabot_results\0\Screenshot&lt;/a&gt;'.</msg>
<status status="PASS" starttime="20240913 15:17:37.052" endtime="20240913 15:17:37.064"/>
</kw>
<status status="PASS" starttime="20240913 15:17:37.052" endtime="20240913 15:17:37.064"/>
</kw>
<status status="PASS" starttime="20240913 15:17:37.052" endtime="20240913 15:17:37.064"/>
</kw>
<kw name="Set Global Variable" library="BuiltIn">
<arg>${screenshot_taking}</arg>
<arg>${True}</arg>
<doc>Makes a variable available globally in all tests and suites.</doc>
<msg timestamp="20240913 15:17:37.064" level="INFO">${screenshot_taking} = True</msg>
<status status="PASS" starttime="20240913 15:17:37.064" endtime="20240913 15:17:37.064"/>
</kw>
<kw name="Setup linux execution" library="Support">
<kw name="Run Keyword And Return Status" library="BuiltIn">
<var>${web_test_check}</var>
<arg>Variable Should Exist</arg>
<arg>${web_test}</arg>
<doc>Runs the given keyword with given arguments and returns the status as a Boolean value.</doc>
<kw name="Variable Should Exist" library="BuiltIn">
<arg>${web_test}</arg>
<doc>Fails unless the given variable exists within the current scope.</doc>
<status status="PASS" starttime="20240913 15:17:37.064" endtime="20240913 15:17:37.064"/>
</kw>
<msg timestamp="20240913 15:17:37.064" level="INFO">${web_test_check} = True</msg>
<status status="PASS" starttime="20240913 15:17:37.064" endtime="20240913 15:17:37.064"/>
</kw>
<kw name="Run Keyword If" library="BuiltIn">
<arg>${web_test_check}</arg>
<arg>Setup Docker Execution Options</arg>
<doc>Runs the given keyword with the given arguments, if ``condition`` is true.</doc>
<kw name="Setup Docker Execution Options" library="Support_Web">
<kw name="Setup Suite Metadata" library="Support_Web">
<arg>${browser}</arg>
<kw name="Get Browser Metadata" library="BrowserSupport">
<var>&amp;{browser_information}</var>
<arg>browser=${browser}</arg>
<doc>Fetches browser metadata information
:param browser: Name of the browser for which information is fetched
:param reload: Re-read the metadata based on the browser
:return: Browser metadata information, dict of format
            {"browser_version": browser version value,
             "driver_version": driver version value}</doc>
<msg timestamp="20240913 15:17:40.619" level="INFO">&amp;{browser_information} = { browser_version=128.0.6613.138 | driver_version=128.0.6613.119  }</msg>
<status status="PASS" starttime="20240913 15:17:37.064" endtime="20240913 15:17:40.619"/>
</kw>
<kw name="Set Suite Metadata" library="BuiltIn">
<arg>test_browser_name</arg>
<arg>${browser}</arg>
<doc>Sets metadata for the current test suite.</doc>
<msg timestamp="20240913 15:17:40.620" level="INFO">Set suite metadata 'test_browser_name' to value 'chrome'.</msg>
<status status="PASS" starttime="20240913 15:17:40.619" endtime="20240913 15:17:40.620"/>
</kw>
<kw name="Set Suite Metadata" library="BuiltIn">
<arg>test_browser_version</arg>
<arg>${browser_information.browser_version}</arg>
<doc>Sets metadata for the current test suite.</doc>
<msg timestamp="20240913 15:17:40.621" level="INFO">Set suite metadata 'test_browser_version' to value '128.0.6613.138'.</msg>
<status status="PASS" starttime="20240913 15:17:40.620" endtime="20240913 15:17:40.621"/>
</kw>
<kw name="Set Suite Metadata" library="BuiltIn">
<arg>test_driver_version</arg>
<arg>${browser_information.driver_version}</arg>
<doc>Sets metadata for the current test suite.</doc>
<msg timestamp="20240913 15:17:40.622" level="INFO">Set suite metadata 'test_driver_version' to value '128.0.6613.119 '.</msg>
<status status="PASS" starttime="20240913 15:17:40.621" endtime="20240913 15:17:40.622"/>
</kw>
<status status="PASS" starttime="20240913 15:17:37.064" endtime="20240913 15:17:40.622"/>
</kw>
<kw name="Setup Global Docker Execution Options" library="Support_Web">
<kw name="Set Global Variable" library="BuiltIn">
<arg>${global_browser_options}</arg>
<arg>None</arg>
<doc>Makes a variable available globally in all tests and suites.</doc>
<msg timestamp="20240913 15:17:40.623" level="INFO">${global_browser_options} = None</msg>
<status status="PASS" starttime="20240913 15:17:40.622" endtime="20240913 15:17:40.623"/>
</kw>
<kw name="Get Environment Variable" library="OperatingSystem">
<var>${docker_check}</var>
<arg>EXECUTION_ENVIRONMENT</arg>
<arg>not_found</arg>
<doc>Returns the value of an environment variable with the given name.</doc>
<msg timestamp="20240913 15:17:40.624" level="INFO">${docker_check} = not_found</msg>
<status status="PASS" starttime="20240913 15:17:40.624" endtime="20240913 15:17:40.624"/>
</kw>
<kw name="Run Keyword And Return If" library="BuiltIn">
<arg>"${docker_check}"!="docker"</arg>
<arg>Log</arg>
<arg>Not executing on Docker</arg>
<doc>Runs the specified keyword and returns from the enclosing user keyword.</doc>
<kw name="Log" library="BuiltIn">
<arg>Not executing on Docker</arg>
<doc>Logs the given message with the given level.</doc>
<msg timestamp="20240913 15:17:40.625" level="INFO">Not executing on Docker</msg>
<status status="PASS" starttime="20240913 15:17:40.624" endtime="20240913 15:17:40.625"/>
</kw>
<msg timestamp="20240913 15:17:40.625" level="INFO">Returning from the enclosing user keyword.</msg>
<status status="PASS" starttime="20240913 15:17:40.624" endtime="20240913 15:17:40.625"/>
</kw>
<kw name="Create List" library="BuiltIn">
<var>@{options}</var>
<arg>--headless</arg>
<arg>--no-sandbox</arg>
<arg>--disable-dev-shm-usage</arg>
<doc>Returns a list containing given items.</doc>
<status status="NOT RUN" starttime="20240913 15:17:40.625" endtime="20240913 15:17:40.625"/>
</kw>
<kw name="Set Global Variable" library="BuiltIn">
<arg>@{docker_options}</arg>
<arg>@{options}</arg>
<doc>Makes a variable available globally in all tests and suites.</doc>
<status status="NOT RUN" starttime="20240913 15:17:40.625" endtime="20240913 15:17:40.625"/>
</kw>
<status status="PASS" starttime="20240913 15:17:40.622" endtime="20240913 15:17:40.625"/>
</kw>
<kw name="Create Webdriver for chrome preferences" library="Support_Web">
<kw name="Update Docker Execution Options" library="Support_Web">
<var>${list_prefs}</var>
<arg>${list_prefs}</arg>
<kw name="Run Keyword And Return Status" library="BuiltIn">
<var>${docker_check}</var>
<arg>Variable Should Exist</arg>
<arg>${docker_options}</arg>
<doc>Runs the given keyword with given arguments and returns the status as a Boolean value.</doc>
<kw name="Variable Should Exist" library="BuiltIn">
<arg>${docker_options}</arg>
<doc>Fails unless the given variable exists within the current scope.</doc>
<msg timestamp="20240913 15:17:40.628" level="FAIL">Variable '${docker_options}' does not exist.</msg>
<status status="FAIL" starttime="20240913 15:17:40.626" endtime="20240913 15:17:40.628"/>
</kw>
<msg timestamp="20240913 15:17:40.628" level="INFO">${docker_check} = False</msg>
<status status="PASS" starttime="20240913 15:17:40.626" endtime="20240913 15:17:40.628"/>
</kw>
<kw name="Get Length" library="BuiltIn">
<var>${list_prefs_length}</var>
<arg>${list_prefs}</arg>
<doc>Returns and logs the length of the given item as an integer.</doc>
<msg timestamp="20240913 15:17:40.629" level="INFO">Length is 1</msg>
<msg timestamp="20240913 15:17:40.629" level="INFO">${list_prefs_length} = 1</msg>
<status status="PASS" starttime="20240913 15:17:40.628" endtime="20240913 15:17:40.629"/>
</kw>
<kw name="Run Keyword If" library="BuiltIn">
<var>${list_prefs}</var>
<arg>${docker_check} and ${list_prefs_length}&gt;0 and ${list_prefs}[0] != []</arg>
<arg>Combine Lists</arg>
<arg>${list_prefs}</arg>
<arg>${docker_options}</arg>
<arg>ELSE IF</arg>
<arg>${docker_check}</arg>
<arg>Set Variable</arg>
<arg>${docker_options}</arg>
<arg>ELSE</arg>
<arg>Set Variable</arg>
<arg>${list_prefs}</arg>
<doc>Runs the given keyword with the given arguments, if ``condition`` is true.</doc>
<kw name="Set Variable" library="BuiltIn">
<arg>${list_prefs}</arg>
<doc>Returns the given values which can then be assigned to a variables.</doc>
<status status="PASS" starttime="20240913 15:17:40.629" endtime="20240913 15:17:40.630"/>
</kw>
<msg timestamp="20240913 15:17:40.630" level="INFO">${list_prefs} = [[]]</msg>
<status status="PASS" starttime="20240913 15:17:40.629" endtime="20240913 15:17:40.630"/>
</kw>
<msg timestamp="20240913 15:17:40.630" level="INFO">${list_prefs} = [[]]</msg>
<status status="PASS" starttime="20240913 15:17:40.626" endtime="20240913 15:17:40.630"/>
</kw>
<kw name="Create Chrome Options for download preferences" library="Support_Web">
<var>${chrome_options}</var>
<kw name="Evaluate" library="BuiltIn">
<var>${chrome_options}</var>
<arg>sys.modules['selenium.webdriver'].ChromeOptions()</arg>
<arg>sys</arg>
<doc>Evaluates the given expression in Python and returns the result.</doc>
<msg timestamp="20240913 15:17:40.631" level="INFO">${chrome_options} = &lt;selenium.webdriver.chrome.options.Options object at 0x0000019BB0D8A5A0&gt;</msg>
<status status="PASS" starttime="20240913 15:17:40.630" endtime="20240913 15:17:40.631"/>
</kw>
<msg timestamp="20240913 15:17:40.631" level="INFO">${chrome_options} = &lt;selenium.webdriver.chrome.options.Options object at 0x0000019BB0D8A5A0&gt;</msg>
<status status="PASS" starttime="20240913 15:17:40.630" endtime="20240913 15:17:40.631"/>
</kw>
<kw name="Update Preferences List" library="Support_Web">
<arg>${chrome_options}</arg>
<arg>@{list_prefs}</arg>
<kw name="Convert To String" library="BuiltIn">
<var>${string_prefs}</var>
<arg>${list_prefs}</arg>
<doc>Converts the given item to a Unicode string.</doc>
<msg timestamp="20240913 15:17:40.631" level="INFO">${string_prefs} = [[]]</msg>
<status status="PASS" starttime="20240913 15:17:40.631" endtime="20240913 15:17:40.632"/>
</kw>
<kw name="Return From Keyword If" library="BuiltIn">
<arg>${string_prefs} == [[]]</arg>
<doc>Returns from the enclosing user keyword if ``condition`` is true.</doc>
<msg timestamp="20240913 15:17:40.632" level="INFO">Returning from the enclosing user keyword.</msg>
<status status="PASS" starttime="20240913 15:17:40.632" endtime="20240913 15:17:40.632"/>
</kw>
<for flavor="IN">
<var>${preference}</var>
<value>@{list_prefs}</value>
<iter>
<var name="${preference}"/>
<kw name="Call Method" library="BuiltIn">
<arg>${chrome_options}</arg>
<arg>add_argument</arg>
<arg>${preference}</arg>
<doc>Calls the named method of the given object with the provided arguments.</doc>
<status status="NOT RUN" starttime="20240913 15:17:40.632" endtime="20240913 15:17:40.633"/>
</kw>
<status status="NOT RUN" starttime="20240913 15:17:40.632" endtime="20240913 15:17:40.633"/>
</iter>
<status status="NOT RUN" starttime="20240913 15:17:40.632" endtime="20240913 15:17:40.633"/>
</for>
<status status="PASS" starttime="20240913 15:17:40.631" endtime="20240913 15:17:40.633"/>
</kw>
<kw name="Call Method" library="BuiltIn">
<arg>${chrome_options}</arg>
<arg>add_experimental_option</arg>
<arg>prefs</arg>
<arg>${kw_prefs}</arg>
<doc>Calls the named method of the given object with the provided arguments.</doc>
<status status="PASS" starttime="20240913 15:17:40.633" endtime="20240913 15:17:40.633"/>
</kw>
<kw name="Set Global Variable" library="BuiltIn">
<arg>${global_browser_options}</arg>
<arg>${chrome options}</arg>
<doc>Makes a variable available globally in all tests and suites.</doc>
<msg timestamp="20240913 15:17:40.634" level="INFO">${global_browser_options} = &lt;selenium.webdriver.chrome.options.Options object at 0x0000019BB0D8A5A0&gt;</msg>
<status status="PASS" starttime="20240913 15:17:40.633" endtime="20240913 15:17:40.634"/>
</kw>
<status status="PASS" starttime="20240913 15:17:40.625" endtime="20240913 15:17:40.634"/>
</kw>
<status status="PASS" starttime="20240913 15:17:37.064" endtime="20240913 15:17:40.634"/>
</kw>
<status status="PASS" starttime="20240913 15:17:37.064" endtime="20240913 15:17:40.634"/>
</kw>
<status status="PASS" starttime="20240913 15:17:37.064" endtime="20240913 15:17:40.634"/>
</kw>
<kw name="Set Suite Metadata" library="BuiltIn">
<arg>environment</arg>
<arg>${test_server}</arg>
<doc>Sets metadata for the current test suite.</doc>
<msg timestamp="20240913 15:17:40.634" level="INFO">Set suite metadata 'environment' to value 'Dev'.</msg>
<status status="PASS" starttime="20240913 15:17:40.634" endtime="20240913 15:17:40.634"/>
</kw>
<status status="PASS" starttime="20240913 15:17:37.052" endtime="20240913 15:17:40.634"/>
</kw>
<suite id="s1-s1" name="Test Snote Check" source="C:\SAP_Testing\SAPtesting\Tests\Test_Snote_Check.robot">
<kw name="System Logon" library="Snote_Check" type="SETUP">
<kw name="Start Process" library="Process">
<arg>${symvar('ABAP_SAP_SERVER')}</arg>
<doc>Starts a new process on background.</doc>
<msg timestamp="20240913 15:17:41.183" level="INFO">Sym.Dev.ABAP_SAP_SERVER: C:\Program Files (x86)\SAP\FrontEnd\SAPGUI\saplogon.exe</msg>
<msg timestamp="20240913 15:17:41.183" level="INFO">Starting process:
"C:\Program Files (x86)\SAP\FrontEnd\SAPGUI\saplogon.exe"</msg>
<status status="PASS" starttime="20240913 15:17:41.183" endtime="20240913 15:17:41.200"/>
</kw>
<kw name="Sleep" library="BuiltIn">
<arg>2</arg>
<doc>Pauses the test executed for the given time.</doc>
<msg timestamp="20240913 15:17:43.200" level="INFO">Slept 2 seconds</msg>
<status status="PASS" starttime="20240913 15:17:41.200" endtime="20240913 15:17:43.200"/>
</kw>
<kw name="Connect To Session" library="SAP_Tcode_Library">
<doc>Connects to an open session SAP.</doc>
<status status="PASS" starttime="20240913 15:17:43.200" endtime="20240913 15:17:43.207"/>
</kw>
<kw name="Open Connection" library="SAP_Tcode_Library">
<arg>${symvar('ABAP_Connection')}</arg>
<doc>Opens a connection to the given connection name. Be sure to provide the full connection name, including the bracket part.</doc>
<msg timestamp="20240913 15:17:43.211" level="INFO">Sym.Dev.ABAP_Connection: T52</msg>
<status status="PASS" starttime="20240913 15:17:43.207" endtime="20240913 15:17:44.748"/>
</kw>
<kw name="Input Text" library="SAP_Tcode_Library">
<arg>wnd[0]/usr/txtRSYST-MANDT</arg>
<arg>${symvar('ABAP_CLIENT')}</arg>
<doc>Inserts the given text into the text field identified by locator.
Use keyword `input password` to insert a password in a text field.</doc>
<msg timestamp="20240913 15:17:44.749" level="INFO">Sym.Dev.ABAP_CLIENT: 001</msg>
<msg timestamp="20240913 15:17:44.756" level="INFO">Typing text '001' into text field 'wnd[0]/usr/txtRSYST-MANDT'.</msg>
<status status="PASS" starttime="20240913 15:17:44.748" endtime="20240913 15:17:44.756"/>
</kw>
<kw name="Input Text" library="SAP_Tcode_Library">
<arg>wnd[0]/usr/txtRSYST-BNAME</arg>
<arg>${symvar('ABAP_USER')}</arg>
<doc>Inserts the given text into the text field identified by locator.
Use keyword `input password` to insert a password in a text field.</doc>
<msg timestamp="20240913 15:17:44.757" level="INFO">Sym.Dev.ABAP_USER: BCSADMIN</msg>
<msg timestamp="20240913 15:17:44.772" level="INFO">Typing text 'BCSADMIN' into text field 'wnd[0]/usr/txtRSYST-BNAME'.</msg>
<status status="PASS" starttime="20240913 15:17:44.756" endtime="20240913 15:17:44.772"/>
</kw>
<kw name="Input Password" library="SAP_Tcode_Library">
<arg>wnd[0]/usr/pwdRSYST-BCODE</arg>
<arg>${symvar('RBT_USER_PASSWORD')}</arg>
<doc>Inserts the given password into the text field identified by locator.
The password is not recorded in the log.</doc>
<msg timestamp="20240913 15:17:44.773" level="INFO">Sym.Dev.RBT_USER_PASSWORD: Sym@rocks2023</msg>
<msg timestamp="20240913 15:17:44.779" level="INFO">Typing password into text field 'wnd[0]/usr/pwdRSYST-BCODE'.</msg>
<status status="PASS" starttime="20240913 15:17:44.772" endtime="20240913 15:17:44.779"/>
</kw>
<kw name="Send Vkey" library="SAP_Tcode_Library">
<arg>0</arg>
<doc>Sends a SAP virtual key combination to the window, not into an element.
If you want to send a value to a text field, use `input text` instead.</doc>
<status status="PASS" starttime="20240913 15:17:44.779" endtime="20240913 15:17:45.131"/>
</kw>
<kw name="Multiple Logon Handling" library="SAP_Tcode_Library">
<arg>wnd[1]</arg>
<arg>wnd[1]/usr/radMULTI_LOGON_OPT2</arg>
<arg>wnd[1]/tbar[0]/btn[0]</arg>
<status status="PASS" starttime="20240913 15:17:45.131" endtime="20240913 15:17:45.141"/>
</kw>
<status status="PASS" starttime="20240913 15:17:41.183" endtime="20240913 15:17:45.141"/>
</kw>
<test id="s1-s1-t1" name="SNOTE" line="7">
<kw name="SNOTE" library="Snote_Check">
<kw name="Run Transaction" library="SAP_Tcode_Library">
<arg>/nsnote</arg>
<doc>Runs a Sap transaction. An error is given when an unknown transaction is specified.</doc>
<status status="PASS" starttime="20240913 15:17:45.144" endtime="20240913 15:17:45.281"/>
</kw>
<kw name="Click Element" library="SAP_Tcode_Library">
<arg>wnd[0]/tbar[1]/btn[33]</arg>
<doc>Performs a single click on a given element. Used only for buttons, tabs and menu items.</doc>
<status status="PASS" starttime="20240913 15:17:45.281" endtime="20240913 15:17:45.373"/>
</kw>
<for flavor="IN">
<var>${number}</var>
<value>@{SAP_Note}</value>
<iter>
<var name="${number}">3281776</var>
<kw name="Input Text" library="SAP_Tcode_Library">
<arg>wnd[0]/usr/txtNUMM-LOW</arg>
<arg>${number}</arg>
<doc>Inserts the given text into the text field identified by locator.
Use keyword `input password` to insert a password in a text field.</doc>
<msg timestamp="20240913 15:17:45.387" level="INFO">Typing text '3281776' into text field 'wnd[0]/usr/txtNUMM-LOW'.</msg>
<status status="PASS" starttime="20240913 15:17:45.374" endtime="20240913 15:17:45.387"/>
</kw>
<kw name="Click Element" library="SAP_Tcode_Library">
<arg>wnd[0]/tbar[1]/btn[8]</arg>
<doc>Performs a single click on a given element. Used only for buttons, tabs and menu items.</doc>
<status status="PASS" starttime="20240913 15:17:45.387" endtime="20240913 15:17:45.582"/>
</kw>
<kw name="Get Value" library="SAP_Tcode_Library">
<var>${SAP_note_error}</var>
<arg>wnd[0]/sbar/pane[0]</arg>
<doc>Gets the value of the given element. The possible return values depend on the type of element (see Return values).</doc>
<msg timestamp="20240913 15:17:45.639" level="INFO">${SAP_note_error} = </msg>
<status status="PASS" starttime="20240913 15:17:45.582" endtime="20240913 15:17:45.639"/>
</kw>
<if>
<branch type="IF" condition="'${SAP_note_error}' == 'Unable to find SAP Note that meets specified criteria'">
<kw name="Log" library="BuiltIn">
<arg>${number}=${SAP_note_error}</arg>
<doc>Logs the given message with the given level.</doc>
<status status="NOT RUN" starttime="20240913 15:17:45.639" endtime="20240913 15:17:45.639"/>
</kw>
<kw name="Log To Console" library="BuiltIn">
<arg>${number}=${SAP_note_error}</arg>
<doc>Logs the given message to the console.</doc>
<status status="NOT RUN" starttime="20240913 15:17:45.639" endtime="20240913 15:17:45.639"/>
</kw>
<status status="NOT RUN" starttime="20240913 15:17:45.639" endtime="20240913 15:17:45.639"/>
</branch>
<branch type="ELSE">
<kw name="Double Click Current Cell Value" library="SAP_Tcode_Library">
<arg>wnd[0]/usr/cntlGRID1/shellcont/shell</arg>
<arg>PRSTATUS</arg>
<status status="PASS" starttime="20240913 15:17:45.639" endtime="20240913 15:17:47.451"/>
</kw>
<kw name="Sleep" library="BuiltIn">
<arg>2</arg>
<doc>Pauses the test executed for the given time.</doc>
<msg timestamp="20240913 15:17:49.452" level="INFO">Slept 2 seconds</msg>
<status status="PASS" starttime="20240913 15:17:47.451" endtime="20240913 15:17:49.452"/>
</kw>
<kw name="Get Value" library="SAP_Tcode_Library">
<var>${value}</var>
<arg>wnd[0]/usr/subSUB_101:SAPLSCW_NA_SCREEN:0101/txtSCWB_S_SCREEN_NOTE-PRSTATUS_TEXT</arg>
<doc>Gets the value of the given element. The possible return values depend on the type of element (see Return values).</doc>
<msg timestamp="20240913 15:17:49.462" level="INFO">${value} = Can be implemented</msg>
<status status="PASS" starttime="20240913 15:17:49.452" endtime="20240913 15:17:49.462"/>
</kw>
<kw name="Log" library="BuiltIn">
<arg>${number}=${value}</arg>
<doc>Logs the given message with the given level.</doc>
<msg timestamp="20240913 15:17:49.462" level="INFO">3281776=Can be implemented</msg>
<status status="PASS" starttime="20240913 15:17:49.462" endtime="20240913 15:17:49.462"/>
</kw>
<if>
<branch type="IF" condition="'${value}' == 'Cannot be implemented'">
<kw name="Log" library="BuiltIn">
<arg>${number}=${value}</arg>
<doc>Logs the given message with the given level.</doc>
<status status="NOT RUN" starttime="20240913 15:17:49.462" endtime="20240913 15:17:49.462"/>
</kw>
<kw name="Log To Console" library="BuiltIn">
<arg>${number}=${value}</arg>
<doc>Logs the given message to the console.</doc>
<status status="NOT RUN" starttime="20240913 15:17:49.478" endtime="20240913 15:17:49.478"/>
</kw>
<kw name="Click Element" library="SAP_Tcode_Library">
<arg>wnd[0]/tbar[0]/btn[3]</arg>
<doc>Performs a single click on a given element. Used only for buttons, tabs and menu items.</doc>
<status status="NOT RUN" starttime="20240913 15:17:49.478" endtime="20240913 15:17:49.478"/>
</kw>
<kw name="Sleep" library="BuiltIn">
<arg>1</arg>
<doc>Pauses the test executed for the given time.</doc>
<status status="NOT RUN" starttime="20240913 15:17:49.478" endtime="20240913 15:17:49.478"/>
</kw>
<kw name="Click Element" library="SAP_Tcode_Library">
<arg>wnd[0]/tbar[0]/btn[3]</arg>
<doc>Performs a single click on a given element. Used only for buttons, tabs and menu items.</doc>
<status status="NOT RUN" starttime="20240913 15:17:49.478" endtime="20240913 15:17:49.478"/>
</kw>
<kw name="Sleep" library="BuiltIn">
<arg>1</arg>
<doc>Pauses the test executed for the given time.</doc>
<status status="NOT RUN" starttime="20240913 15:17:49.478" endtime="20240913 15:17:49.478"/>
</kw>
<status status="NOT RUN" starttime="20240913 15:17:49.462" endtime="20240913 15:17:49.478"/>
</branch>
<branch type="ELSE IF" condition="'${value}' == 'Completely implemented'">
<kw name="Log" library="BuiltIn">
<arg>${number}=${value}</arg>
<doc>Logs the given message with the given level.</doc>
<status status="NOT RUN" starttime="20240913 15:17:49.478" endtime="20240913 15:17:49.478"/>
</kw>
<kw name="Log To Console" library="BuiltIn">
<arg>${number}=${value}</arg>
<doc>Logs the given message to the console.</doc>
<status status="NOT RUN" starttime="20240913 15:17:49.478" endtime="20240913 15:17:49.478"/>
</kw>
<kw name="Click Element" library="SAP_Tcode_Library">
<arg>wnd[0]/tbar[0]/btn[3]</arg>
<doc>Performs a single click on a given element. Used only for buttons, tabs and menu items.</doc>
<status status="NOT RUN" starttime="20240913 15:17:49.478" endtime="20240913 15:17:49.478"/>
</kw>
<kw name="Sleep" library="BuiltIn">
<arg>1</arg>
<doc>Pauses the test executed for the given time.</doc>
<status status="NOT RUN" starttime="20240913 15:17:49.478" endtime="20240913 15:17:49.478"/>
</kw>
<kw name="Click Element" library="SAP_Tcode_Library">
<arg>wnd[0]/tbar[0]/btn[3]</arg>
<doc>Performs a single click on a given element. Used only for buttons, tabs and menu items.</doc>
<status status="NOT RUN" starttime="20240913 15:17:49.478" endtime="20240913 15:17:49.478"/>
</kw>
<kw name="Sleep" library="BuiltIn">
<arg>1</arg>
<doc>Pauses the test executed for the given time.</doc>
<status status="NOT RUN" starttime="20240913 15:17:49.478" endtime="20240913 15:17:49.478"/>
</kw>
<status status="NOT RUN" starttime="20240913 15:17:49.478" endtime="20240913 15:17:49.478"/>
</branch>
<branch type="ELSE IF" condition="'${value}' == 'Can be implemented'">
<kw name="Click Element" library="SAP_Tcode_Library">
<arg>wnd[0]/tbar[0]/btn[3]</arg>
<doc>Performs a single click on a given element. Used only for buttons, tabs and menu items.</doc>
<status status="PASS" starttime="20240913 15:17:49.478" endtime="20240913 15:17:49.669"/>
</kw>
<kw name="Click Element" library="SAP_Tcode_Library">
<arg>wnd[0]/tbar[1]/btn[25]</arg>
<doc>Performs a single click on a given element. Used only for buttons, tabs and menu items.</doc>
<status status="PASS" starttime="20240913 15:17:49.669" endtime="20240913 15:17:52.623"/>
</kw>
<kw name="Window Handling" library="SAP_Tcode_Library">
<arg>wnd[1]</arg>
<arg>Change processor of SAP Note 000${number}</arg>
<arg>wnd[1]/usr/btnSPOP-OPTION1</arg>
<msg timestamp="20240913 15:17:52.665" level="INFO">Information</msg>
<status status="PASS" starttime="20240913 15:17:52.623" endtime="20240913 15:17:52.665"/>
</kw>
<kw name="Window Handling" library="SAP_Tcode_Library">
<arg>wnd[1]</arg>
<arg>Information</arg>
<arg>wnd[1]/tbar[0]/btn[0]</arg>
<msg timestamp="20240913 15:17:53.244" level="INFO">Information</msg>
<status status="PASS" starttime="20240913 15:17:52.665" endtime="20240913 15:17:53.244"/>
</kw>
<kw name="Change Of Process" library="SAP_Tcode_Library">
<arg>wnd[1]</arg>
<arg>wnd[1]/usr/btnSPOP-OPTION1</arg>
<status status="PASS" starttime="20240913 15:17:53.244" endtime="20240913 15:17:53.324"/>
</kw>
<kw name="Sleep" library="BuiltIn">
<arg>2</arg>
<doc>Pauses the test executed for the given time.</doc>
<msg timestamp="20240913 15:17:55.324" level="INFO">Slept 2 seconds</msg>
<status status="PASS" starttime="20240913 15:17:53.324" endtime="20240913 15:17:55.324"/>
</kw>
<kw name="Get Window Title" library="SAP_Tcode_Library">
<var>${window}</var>
<arg>wnd[1]</arg>
<doc>Retrieves the window title of the given window.</doc>
<msg timestamp="20240913 15:17:55.324" level="INFO">${window} = Queue of correction instructions to be installed</msg>
<status status="PASS" starttime="20240913 15:17:55.324" endtime="20240913 15:17:55.324"/>
</kw>
<if>
<branch type="IF" condition="&quot;${window}&quot; == &quot;Queue of correction instructions to be installed&quot;">
<kw name="Get Value" library="SAP_Tcode_Library">
<var>${status}</var>
<arg>wnd[1]/usr/txtGV_TEXT2</arg>
<doc>Gets the value of the given element. The possible return values depend on the type of element (see Return values).</doc>
<msg timestamp="20240913 15:17:55.432" level="INFO">${status} = Confirm completion of the manual activities</msg>
<status status="PASS" starttime="20240913 15:17:55.324" endtime="20240913 15:17:55.432"/>
</kw>
<if>
<branch type="IF" condition="&quot;${status}&quot; == &quot;Confirm completion of the manual activities&quot;">
<kw name="Get Row Count" library="SAP_Tcode_Library">
<var>${row}</var>
<arg>wnd[1]/usr/cntlCONTAINER/shellcont/shellcont/shell/shellcont[0]/shell</arg>
<doc>Returns the number of rows found in the specified table.</doc>
<msg timestamp="20240913 15:17:55.446" level="INFO">${row} = 18</msg>
<status status="PASS" starttime="20240913 15:17:55.432" endtime="20240913 15:17:55.446"/>
</kw>
<kw name="Log To Console" library="BuiltIn">
<arg>${row}</arg>
<doc>Logs the given message to the console.</doc>
<status status="PASS" starttime="20240913 15:17:55.446" endtime="20240913 15:17:55.448"/>
</kw>
<kw name="Click Element" library="SAP_Tcode_Library">
<arg>wnd[1]/tbar[0]/btn[9]</arg>
<doc>Performs a single click on a given element. Used only for buttons, tabs and menu items.</doc>
<status status="PASS" starttime="20240913 15:17:55.448" endtime="20240913 15:17:55.665"/>
</kw>
<kw name="Sleep" library="BuiltIn">
<arg>10</arg>
<doc>Pauses the test executed for the given time.</doc>
<msg timestamp="20240913 15:18:05.665" level="INFO">Slept 10 seconds</msg>
<status status="PASS" starttime="20240913 15:17:55.665" endtime="20240913 15:18:05.665"/>
</kw>
<kw name="Click Element" library="SAP_Tcode_Library">
<arg>wnd[1]/tbar[0]/btn[0]</arg>
<doc>Performs a single click on a given element. Used only for buttons, tabs and menu items.</doc>
<status status="PASS" starttime="20240913 15:18:05.665" endtime="20240913 15:18:06.490"/>
</kw>
<kw name="Sleep" library="BuiltIn">
<arg>2</arg>
<doc>Pauses the test executed for the given time.</doc>
<msg timestamp="20240913 15:18:08.491" level="INFO">Slept 2 seconds</msg>
<status status="PASS" starttime="20240913 15:18:06.490" endtime="20240913 15:18:08.491"/>
</kw>
<kw name="Run Transaction" library="SAP_Tcode_Library">
<arg>/nSE38</arg>
<doc>Runs a Sap transaction. An error is given when an unknown transaction is specified.</doc>
<status status="PASS" starttime="20240913 15:18:08.491" endtime="20240913 15:18:09.687"/>
</kw>
<kw name="Input Text" library="SAP_Tcode_Library">
<arg>wnd[0]/usr/ctxtRS38M-PROGRAMM</arg>
<arg>/SDF/JM_NOTE_CHECKPNT_3485517</arg>
<doc>Inserts the given text into the text field identified by locator.
Use keyword `input password` to insert a password in a text field.</doc>
<msg timestamp="20240913 15:18:09.703" level="INFO">Typing text '/SDF/JM_NOTE_CHECKPNT_3485517' into text field 'wnd[0]/usr/ctxtRS38M-PROGRAMM'.</msg>
<status status="PASS" starttime="20240913 15:18:09.687" endtime="20240913 15:18:09.703"/>
</kw>
<kw name="Sleep" library="BuiltIn">
<arg>2</arg>
<doc>Pauses the test executed for the given time.</doc>
<msg timestamp="20240913 15:18:11.704" level="INFO">Slept 2 seconds</msg>
<status status="PASS" starttime="20240913 15:18:09.703" endtime="20240913 15:18:11.704"/>
</kw>
<kw name="Click Element" library="SAP_Tcode_Library">
<arg>wnd[0]/tbar[1]/btn[8]</arg>
<doc>Performs a single click on a given element. Used only for buttons, tabs and menu items.</doc>
<status status="PASS" starttime="20240913 15:18:11.704" endtime="20240913 15:18:11.841"/>
</kw>
<kw name="Sleep" library="BuiltIn">
<arg>10</arg>
<doc>Pauses the test executed for the given time.</doc>
<msg timestamp="20240913 15:18:21.841" level="INFO">Slept 10 seconds</msg>
<status status="PASS" starttime="20240913 15:18:11.841" endtime="20240913 15:18:21.841"/>
</kw>
<kw name="Run Transaction" library="SAP_Tcode_Library">
<arg>/nsnote</arg>
<doc>Runs a Sap transaction. An error is given when an unknown transaction is specified.</doc>
<status status="PASS" starttime="20240913 15:18:21.841" endtime="20240913 15:18:21.930"/>
</kw>
<kw name="Sleep" library="BuiltIn">
<arg>2</arg>
<doc>Pauses the test executed for the given time.</doc>
<msg timestamp="20240913 15:18:23.930" level="INFO">Slept 2 seconds</msg>
<status status="PASS" starttime="20240913 15:18:21.930" endtime="20240913 15:18:23.930"/>
</kw>
<kw name="Click Element" library="SAP_Tcode_Library">
<arg>wnd[0]/tbar[1]/btn[33]</arg>
<doc>Performs a single click on a given element. Used only for buttons, tabs and menu items.</doc>
<status status="PASS" starttime="20240913 15:18:23.930" endtime="20240913 15:18:23.991"/>
</kw>
<kw name="Sleep" library="BuiltIn">
<arg>2</arg>
<doc>Pauses the test executed for the given time.</doc>
<msg timestamp="20240913 15:18:25.991" level="INFO">Slept 2 seconds</msg>
<status status="PASS" starttime="20240913 15:18:23.991" endtime="20240913 15:18:25.991"/>
</kw>
<kw name="Input Text" library="SAP_Tcode_Library">
<arg>wnd[0]/usr/txtNUMM-LOW</arg>
<arg>${number}</arg>
<doc>Inserts the given text into the text field identified by locator.
Use keyword `input password` to insert a password in a text field.</doc>
<msg timestamp="20240913 15:18:25.991" level="INFO">Typing text '3281776' into text field 'wnd[0]/usr/txtNUMM-LOW'.</msg>
<status status="PASS" starttime="20240913 15:18:25.991" endtime="20240913 15:18:25.991"/>
</kw>
<kw name="Sleep" library="BuiltIn">
<arg>2</arg>
<doc>Pauses the test executed for the given time.</doc>
<msg timestamp="20240913 15:18:27.992" level="INFO">Slept 2 seconds</msg>
<status status="PASS" starttime="20240913 15:18:25.991" endtime="20240913 15:18:27.992"/>
</kw>
<kw name="Click Element" library="SAP_Tcode_Library">
<arg>wnd[0]/tbar[1]/btn[8]</arg>
<doc>Performs a single click on a given element. Used only for buttons, tabs and menu items.</doc>
<status status="PASS" starttime="20240913 15:18:27.992" endtime="20240913 15:18:28.183"/>
</kw>
<kw name="Sleep" library="BuiltIn">
<arg>2</arg>
<doc>Pauses the test executed for the given time.</doc>
<msg timestamp="20240913 15:18:30.183" level="INFO">Slept 2 seconds</msg>
<status status="PASS" starttime="20240913 15:18:28.183" endtime="20240913 15:18:30.183"/>
</kw>
<status status="PASS" starttime="20240913 15:17:55.432" endtime="20240913 15:18:30.183"/>
</branch>
<branch type="ELSE IF" condition="&quot;${status}&quot; == &quot;Implement the automatic correction instructions&quot;">
<kw name="Click Element" library="SAP_Tcode_Library">
<arg>wnd[1]/tbar[0]/btn[13]</arg>
<doc>Performs a single click on a given element. Used only for buttons, tabs and menu items.</doc>
<status status="NOT RUN" starttime="20240913 15:18:30.183" endtime="20240913 15:18:30.183"/>
</kw>
<status status="NOT RUN" starttime="20240913 15:18:30.183" endtime="20240913 15:18:30.183"/>
</branch>
<status status="PASS" starttime="20240913 15:17:55.432" endtime="20240913 15:18:30.183"/>
</if>
<status status="PASS" starttime="20240913 15:17:55.324" endtime="20240913 15:18:30.183"/>
</branch>
<branch type="ELSE">
<kw name="Log" library="BuiltIn">
<arg>Queue window1 doesn't exists</arg>
<doc>Logs the given message with the given level.</doc>
<status status="NOT RUN" starttime="20240913 15:18:30.183" endtime="20240913 15:18:30.183"/>
</kw>
<status status="NOT RUN" starttime="20240913 15:18:30.183" endtime="20240913 15:18:30.183"/>
</branch>
<status status="PASS" starttime="20240913 15:17:55.324" endtime="20240913 15:18:30.183"/>
</if>
<kw name="Window Handling" library="SAP_Tcode_Library">
<arg>wnd[1]</arg>
<arg>Confirmation: Manual action</arg>
<arg>wnd[1]/usr/btnBUTTON_1</arg>
<msg timestamp="20240913 15:18:30.183" level="INFO">Error: (-2147352567, 'Exception occurred.', (619, 'SAP Frontend Server', 'The control could not be found by id.', 'C:\\Program Files (x86)\\SAP\\FrontEnd\\SAPGUI\\sapfront.HLP', 393215, 0), None)</msg>
<status status="PASS" starttime="20240913 15:18:30.183" endtime="20240913 15:18:30.183"/>
</kw>
<kw name="Window Handling" library="SAP_Tcode_Library">
<arg>wnd[1]</arg>
<arg>Confirmation: SAP Note read</arg>
<arg>wnd[1]/tbar[0]/btn[13]</arg>
<msg timestamp="20240913 15:18:30.183" level="INFO">Error: (-2147352567, 'Exception occurred.', (619, 'SAP Frontend Server', 'The control could not be found by id.', 'C:\\Program Files (x86)\\SAP\\FrontEnd\\SAPGUI\\sapfront.HLP', 393215, 0), None)</msg>
<status status="PASS" starttime="20240913 15:18:30.183" endtime="20240913 15:18:30.183"/>
</kw>
<kw name="Window Handling" library="SAP_Tcode_Library">
<arg>wnd[1]</arg>
<arg>Information</arg>
<arg>wnd[1]/tbar[0]/btn[0]</arg>
<msg timestamp="20240913 15:18:30.183" level="INFO">Error: (-2147352567, 'Exception occurred.', (619, 'SAP Frontend Server', 'The control could not be found by id.', 'C:\\Program Files (x86)\\SAP\\FrontEnd\\SAPGUI\\sapfront.HLP', 393215, 0), None)</msg>
<status status="PASS" starttime="20240913 15:18:30.183" endtime="20240913 15:18:30.183"/>
</kw>
<kw name="Log" library="BuiltIn">
<arg>${number}=${value}</arg>
<doc>Logs the given message with the given level.</doc>
<msg timestamp="20240913 15:18:30.183" level="INFO">3281776=Can be implemented</msg>
<status status="PASS" starttime="20240913 15:18:30.183" endtime="20240913 15:18:30.183"/>
</kw>
<kw name="Log To Console" library="BuiltIn">
<arg>${number}=${value}</arg>
<doc>Logs the given message to the console.</doc>
<status status="PASS" starttime="20240913 15:18:30.183" endtime="20240913 15:18:30.183"/>
</kw>
<status status="PASS" starttime="20240913 15:17:49.478" endtime="20240913 15:18:30.183"/>
</branch>
<status status="PASS" starttime="20240913 15:17:49.462" endtime="20240913 15:18:30.183"/>
</if>
<status status="PASS" starttime="20240913 15:17:45.639" endtime="20240913 15:18:30.183"/>
</branch>
<status status="PASS" starttime="20240913 15:17:45.639" endtime="20240913 15:18:30.188"/>
</if>
<status status="PASS" starttime="20240913 15:17:45.374" endtime="20240913 15:18:30.188"/>
</iter>
<iter>
<var name="${number}">3421256</var>
<kw name="Input Text" library="SAP_Tcode_Library">
<arg>wnd[0]/usr/txtNUMM-LOW</arg>
<arg>${number}</arg>
<doc>Inserts the given text into the text field identified by locator.
Use keyword `input password` to insert a password in a text field.</doc>
<msg timestamp="20240913 15:18:30.245" level="INFO" html="true">&lt;a href="sap-screenshot_1.jpg"&gt;&lt;img src="sap-screenshot_1.jpg" width="800px"&gt;&lt;/a&gt;</msg>
<msg timestamp="20240913 15:18:30.245" level="FAIL">ValueError: Cannot find element with id 'wnd[0]/usr/txtNUMM-LOW'</msg>
<status status="FAIL" starttime="20240913 15:18:30.188" endtime="20240913 15:18:30.245"/>
</kw>
<kw name="Click Element" library="SAP_Tcode_Library">
<arg>wnd[0]/tbar[1]/btn[8]</arg>
<doc>Performs a single click on a given element. Used only for buttons, tabs and menu items.</doc>
<status status="NOT RUN" starttime="20240913 15:18:30.245" endtime="20240913 15:18:30.245"/>
</kw>
<kw name="Get Value" library="SAP_Tcode_Library">
<var>${SAP_note_error}</var>
<arg>wnd[0]/sbar/pane[0]</arg>
<doc>Gets the value of the given element. The possible return values depend on the type of element (see Return values).</doc>
<status status="NOT RUN" starttime="20240913 15:18:30.245" endtime="20240913 15:18:30.245"/>
</kw>
<if>
<branch type="IF" condition="'${SAP_note_error}' == 'Unable to find SAP Note that meets specified criteria'">
<kw name="Log" library="BuiltIn">
<arg>${number}=${SAP_note_error}</arg>
<doc>Logs the given message with the given level.</doc>
<status status="NOT RUN" starttime="20240913 15:18:30.245" endtime="20240913 15:18:30.245"/>
</kw>
<kw name="Log To Console" library="BuiltIn">
<arg>${number}=${SAP_note_error}</arg>
<doc>Logs the given message to the console.</doc>
<status status="NOT RUN" starttime="20240913 15:18:30.245" endtime="20240913 15:18:30.245"/>
</kw>
<status status="NOT RUN" starttime="20240913 15:18:30.245" endtime="20240913 15:18:30.245"/>
</branch>
<branch type="ELSE">
<kw name="Double Click Current Cell Value" library="SAP_Tcode_Library">
<arg>wnd[0]/usr/cntlGRID1/shellcont/shell</arg>
<arg>PRSTATUS</arg>
<status status="NOT RUN" starttime="20240913 15:18:30.245" endtime="20240913 15:18:30.245"/>
</kw>
<kw name="Sleep" library="BuiltIn">
<arg>2</arg>
<doc>Pauses the test executed for the given time.</doc>
<status status="NOT RUN" starttime="20240913 15:18:30.245" endtime="20240913 15:18:30.245"/>
</kw>
<kw name="Get Value" library="SAP_Tcode_Library">
<var>${value}</var>
<arg>wnd[0]/usr/subSUB_101:SAPLSCW_NA_SCREEN:0101/txtSCWB_S_SCREEN_NOTE-PRSTATUS_TEXT</arg>
<doc>Gets the value of the given element. The possible return values depend on the type of element (see Return values).</doc>
<status status="NOT RUN" starttime="20240913 15:18:30.245" endtime="20240913 15:18:30.245"/>
</kw>
<kw name="Log" library="BuiltIn">
<arg>${number}=${value}</arg>
<doc>Logs the given message with the given level.</doc>
<status status="NOT RUN" starttime="20240913 15:18:30.245" endtime="20240913 15:18:30.245"/>
</kw>
<if>
<branch type="IF" condition="'${value}' == 'Cannot be implemented'">
<kw name="Log" library="BuiltIn">
<arg>${number}=${value}</arg>
<doc>Logs the given message with the given level.</doc>
<status status="NOT RUN" starttime="20240913 15:18:30.245" endtime="20240913 15:18:30.245"/>
</kw>
<kw name="Log To Console" library="BuiltIn">
<arg>${number}=${value}</arg>
<doc>Logs the given message to the console.</doc>
<status status="NOT RUN" starttime="20240913 15:18:30.245" endtime="20240913 15:18:30.245"/>
</kw>
<kw name="Click Element" library="SAP_Tcode_Library">
<arg>wnd[0]/tbar[0]/btn[3]</arg>
<doc>Performs a single click on a given element. Used only for buttons, tabs and menu items.</doc>
<status status="NOT RUN" starttime="20240913 15:18:30.245" endtime="20240913 15:18:30.245"/>
</kw>
<kw name="Sleep" library="BuiltIn">
<arg>1</arg>
<doc>Pauses the test executed for the given time.</doc>
<status status="NOT RUN" starttime="20240913 15:18:30.245" endtime="20240913 15:18:30.245"/>
</kw>
<kw name="Click Element" library="SAP_Tcode_Library">
<arg>wnd[0]/tbar[0]/btn[3]</arg>
<doc>Performs a single click on a given element. Used only for buttons, tabs and menu items.</doc>
<status status="NOT RUN" starttime="20240913 15:18:30.245" endtime="20240913 15:18:30.245"/>
</kw>
<kw name="Sleep" library="BuiltIn">
<arg>1</arg>
<doc>Pauses the test executed for the given time.</doc>
<status status="NOT RUN" starttime="20240913 15:18:30.245" endtime="20240913 15:18:30.245"/>
</kw>
<status status="NOT RUN" starttime="20240913 15:18:30.245" endtime="20240913 15:18:30.245"/>
</branch>
<branch type="ELSE IF" condition="'${value}' == 'Completely implemented'">
<kw name="Log" library="BuiltIn">
<arg>${number}=${value}</arg>
<doc>Logs the given message with the given level.</doc>
<status status="NOT RUN" starttime="20240913 15:18:30.245" endtime="20240913 15:18:30.245"/>
</kw>
<kw name="Log To Console" library="BuiltIn">
<arg>${number}=${value}</arg>
<doc>Logs the given message to the console.</doc>
<status status="NOT RUN" starttime="20240913 15:18:30.245" endtime="20240913 15:18:30.245"/>
</kw>
<kw name="Click Element" library="SAP_Tcode_Library">
<arg>wnd[0]/tbar[0]/btn[3]</arg>
<doc>Performs a single click on a given element. Used only for buttons, tabs and menu items.</doc>
<status status="NOT RUN" starttime="20240913 15:18:30.245" endtime="20240913 15:18:30.245"/>
</kw>
<kw name="Sleep" library="BuiltIn">
<arg>1</arg>
<doc>Pauses the test executed for the given time.</doc>
<status status="NOT RUN" starttime="20240913 15:18:30.245" endtime="20240913 15:18:30.245"/>
</kw>
<kw name="Click Element" library="SAP_Tcode_Library">
<arg>wnd[0]/tbar[0]/btn[3]</arg>
<doc>Performs a single click on a given element. Used only for buttons, tabs and menu items.</doc>
<status status="NOT RUN" starttime="20240913 15:18:30.245" endtime="20240913 15:18:30.245"/>
</kw>
<kw name="Sleep" library="BuiltIn">
<arg>1</arg>
<doc>Pauses the test executed for the given time.</doc>
<status status="NOT RUN" starttime="20240913 15:18:30.245" endtime="20240913 15:18:30.245"/>
</kw>
<status status="NOT RUN" starttime="20240913 15:18:30.245" endtime="20240913 15:18:30.245"/>
</branch>
<branch type="ELSE IF" condition="'${value}' == 'Can be implemented'">
<kw name="Click Element" library="SAP_Tcode_Library">
<arg>wnd[0]/tbar[0]/btn[3]</arg>
<doc>Performs a single click on a given element. Used only for buttons, tabs and menu items.</doc>
<status status="NOT RUN" starttime="20240913 15:18:30.259" endtime="20240913 15:18:30.259"/>
</kw>
<kw name="Click Element" library="SAP_Tcode_Library">
<arg>wnd[0]/tbar[1]/btn[25]</arg>
<doc>Performs a single click on a given element. Used only for buttons, tabs and menu items.</doc>
<status status="NOT RUN" starttime="20240913 15:18:30.259" endtime="20240913 15:18:30.259"/>
</kw>
<kw name="Window Handling" library="SAP_Tcode_Library">
<arg>wnd[1]</arg>
<arg>Change processor of SAP Note 000${number}</arg>
<arg>wnd[1]/usr/btnSPOP-OPTION1</arg>
<status status="NOT RUN" starttime="20240913 15:18:30.259" endtime="20240913 15:18:30.259"/>
</kw>
<kw name="Window Handling" library="SAP_Tcode_Library">
<arg>wnd[1]</arg>
<arg>Information</arg>
<arg>wnd[1]/tbar[0]/btn[0]</arg>
<status status="NOT RUN" starttime="20240913 15:18:30.259" endtime="20240913 15:18:30.259"/>
</kw>
<kw name="Change Of Process" library="SAP_Tcode_Library">
<arg>wnd[1]</arg>
<arg>wnd[1]/usr/btnSPOP-OPTION1</arg>
<status status="NOT RUN" starttime="20240913 15:18:30.259" endtime="20240913 15:18:30.261"/>
</kw>
<kw name="Sleep" library="BuiltIn">
<arg>2</arg>
<doc>Pauses the test executed for the given time.</doc>
<status status="NOT RUN" starttime="20240913 15:18:30.261" endtime="20240913 15:18:30.261"/>
</kw>
<kw name="Get Window Title" library="SAP_Tcode_Library">
<var>${window}</var>
<arg>wnd[1]</arg>
<doc>Retrieves the window title of the given window.</doc>
<status status="NOT RUN" starttime="20240913 15:18:30.261" endtime="20240913 15:18:30.261"/>
</kw>
<if>
<branch type="IF" condition="&quot;${window}&quot; == &quot;Queue of correction instructions to be installed&quot;">
<kw name="Get Value" library="SAP_Tcode_Library">
<var>${status}</var>
<arg>wnd[1]/usr/txtGV_TEXT2</arg>
<doc>Gets the value of the given element. The possible return values depend on the type of element (see Return values).</doc>
<status status="NOT RUN" starttime="20240913 15:18:30.261" endtime="20240913 15:18:30.261"/>
</kw>
<if>
<branch type="IF" condition="&quot;${status}&quot; == &quot;Confirm completion of the manual activities&quot;">
<kw name="Get Row Count" library="SAP_Tcode_Library">
<var>${row}</var>
<arg>wnd[1]/usr/cntlCONTAINER/shellcont/shellcont/shell/shellcont[0]/shell</arg>
<doc>Returns the number of rows found in the specified table.</doc>
<status status="NOT RUN" starttime="20240913 15:18:30.261" endtime="20240913 15:18:30.261"/>
</kw>
<kw name="Log To Console" library="BuiltIn">
<arg>${row}</arg>
<doc>Logs the given message to the console.</doc>
<status status="NOT RUN" starttime="20240913 15:18:30.261" endtime="20240913 15:18:30.261"/>
</kw>
<kw name="Click Element" library="SAP_Tcode_Library">
<arg>wnd[1]/tbar[0]/btn[9]</arg>
<doc>Performs a single click on a given element. Used only for buttons, tabs and menu items.</doc>
<status status="NOT RUN" starttime="20240913 15:18:30.261" endtime="20240913 15:18:30.261"/>
</kw>
<kw name="Sleep" library="BuiltIn">
<arg>10</arg>
<doc>Pauses the test executed for the given time.</doc>
<status status="NOT RUN" starttime="20240913 15:18:30.261" endtime="20240913 15:18:30.261"/>
</kw>
<kw name="Click Element" library="SAP_Tcode_Library">
<arg>wnd[1]/tbar[0]/btn[0]</arg>
<doc>Performs a single click on a given element. Used only for buttons, tabs and menu items.</doc>
<status status="NOT RUN" starttime="20240913 15:18:30.261" endtime="20240913 15:18:30.261"/>
</kw>
<kw name="Sleep" library="BuiltIn">
<arg>2</arg>
<doc>Pauses the test executed for the given time.</doc>
<status status="NOT RUN" starttime="20240913 15:18:30.261" endtime="20240913 15:18:30.261"/>
</kw>
<kw name="Run Transaction" library="SAP_Tcode_Library">
<arg>/nSE38</arg>
<doc>Runs a Sap transaction. An error is given when an unknown transaction is specified.</doc>
<status status="NOT RUN" starttime="20240913 15:18:30.261" endtime="20240913 15:18:30.261"/>
</kw>
<kw name="Input Text" library="SAP_Tcode_Library">
<arg>wnd[0]/usr/ctxtRS38M-PROGRAMM</arg>
<arg>/SDF/JM_NOTE_CHECKPNT_3485517</arg>
<doc>Inserts the given text into the text field identified by locator.
Use keyword `input password` to insert a password in a text field.</doc>
<status status="NOT RUN" starttime="20240913 15:18:30.261" endtime="20240913 15:18:30.261"/>
</kw>
<kw name="Sleep" library="BuiltIn">
<arg>2</arg>
<doc>Pauses the test executed for the given time.</doc>
<status status="NOT RUN" starttime="20240913 15:18:30.261" endtime="20240913 15:18:30.261"/>
</kw>
<kw name="Click Element" library="SAP_Tcode_Library">
<arg>wnd[0]/tbar[1]/btn[8]</arg>
<doc>Performs a single click on a given element. Used only for buttons, tabs and menu items.</doc>
<status status="NOT RUN" starttime="20240913 15:18:30.261" endtime="20240913 15:18:30.261"/>
</kw>
<kw name="Sleep" library="BuiltIn">
<arg>10</arg>
<doc>Pauses the test executed for the given time.</doc>
<status status="NOT RUN" starttime="20240913 15:18:30.261" endtime="20240913 15:18:30.261"/>
</kw>
<kw name="Run Transaction" library="SAP_Tcode_Library">
<arg>/nsnote</arg>
<doc>Runs a Sap transaction. An error is given when an unknown transaction is specified.</doc>
<status status="NOT RUN" starttime="20240913 15:18:30.261" endtime="20240913 15:18:30.261"/>
</kw>
<kw name="Sleep" library="BuiltIn">
<arg>2</arg>
<doc>Pauses the test executed for the given time.</doc>
<status status="NOT RUN" starttime="20240913 15:18:30.261" endtime="20240913 15:18:30.261"/>
</kw>
<kw name="Click Element" library="SAP_Tcode_Library">
<arg>wnd[0]/tbar[1]/btn[33]</arg>
<doc>Performs a single click on a given element. Used only for buttons, tabs and menu items.</doc>
<status status="NOT RUN" starttime="20240913 15:18:30.261" endtime="20240913 15:18:30.261"/>
</kw>
<kw name="Sleep" library="BuiltIn">
<arg>2</arg>
<doc>Pauses the test executed for the given time.</doc>
<status status="NOT RUN" starttime="20240913 15:18:30.261" endtime="20240913 15:18:30.261"/>
</kw>
<kw name="Input Text" library="SAP_Tcode_Library">
<arg>wnd[0]/usr/txtNUMM-LOW</arg>
<arg>${number}</arg>
<doc>Inserts the given text into the text field identified by locator.
Use keyword `input password` to insert a password in a text field.</doc>
<status status="NOT RUN" starttime="20240913 15:18:30.261" endtime="20240913 15:18:30.261"/>
</kw>
<kw name="Sleep" library="BuiltIn">
<arg>2</arg>
<doc>Pauses the test executed for the given time.</doc>
<status status="NOT RUN" starttime="20240913 15:18:30.261" endtime="20240913 15:18:30.261"/>
</kw>
<kw name="Click Element" library="SAP_Tcode_Library">
<arg>wnd[0]/tbar[1]/btn[8]</arg>
<doc>Performs a single click on a given element. Used only for buttons, tabs and menu items.</doc>
<status status="NOT RUN" starttime="20240913 15:18:30.261" endtime="20240913 15:18:30.261"/>
</kw>
<kw name="Sleep" library="BuiltIn">
<arg>2</arg>
<doc>Pauses the test executed for the given time.</doc>
<status status="NOT RUN" starttime="20240913 15:18:30.261" endtime="20240913 15:18:30.261"/>
</kw>
<status status="NOT RUN" starttime="20240913 15:18:30.261" endtime="20240913 15:18:30.261"/>
</branch>
<branch type="ELSE IF" condition="&quot;${status}&quot; == &quot;Implement the automatic correction instructions&quot;">
<kw name="Click Element" library="SAP_Tcode_Library">
<arg>wnd[1]/tbar[0]/btn[13]</arg>
<doc>Performs a single click on a given element. Used only for buttons, tabs and menu items.</doc>
<status status="NOT RUN" starttime="20240913 15:18:30.261" endtime="20240913 15:18:30.261"/>
</kw>
<status status="NOT RUN" starttime="20240913 15:18:30.261" endtime="20240913 15:18:30.261"/>
</branch>
<status status="NOT RUN" starttime="20240913 15:18:30.261" endtime="20240913 15:18:30.261"/>
</if>
<status status="NOT RUN" starttime="20240913 15:18:30.261" endtime="20240913 15:18:30.261"/>
</branch>
<branch type="ELSE">
<kw name="Log" library="BuiltIn">
<arg>Queue window1 doesn't exists</arg>
<doc>Logs the given message with the given level.</doc>
<status status="NOT RUN" starttime="20240913 15:18:30.261" endtime="20240913 15:18:30.261"/>
</kw>
<status status="NOT RUN" starttime="20240913 15:18:30.261" endtime="20240913 15:18:30.261"/>
</branch>
<status status="NOT RUN" starttime="20240913 15:18:30.261" endtime="20240913 15:18:30.261"/>
</if>
<kw name="Window Handling" library="SAP_Tcode_Library">
<arg>wnd[1]</arg>
<arg>Confirmation: Manual action</arg>
<arg>wnd[1]/usr/btnBUTTON_1</arg>
<status status="NOT RUN" starttime="20240913 15:18:30.261" endtime="20240913 15:18:30.261"/>
</kw>
<kw name="Window Handling" library="SAP_Tcode_Library">
<arg>wnd[1]</arg>
<arg>Confirmation: SAP Note read</arg>
<arg>wnd[1]/tbar[0]/btn[13]</arg>
<status status="NOT RUN" starttime="20240913 15:18:30.261" endtime="20240913 15:18:30.261"/>
</kw>
<kw name="Window Handling" library="SAP_Tcode_Library">
<arg>wnd[1]</arg>
<arg>Information</arg>
<arg>wnd[1]/tbar[0]/btn[0]</arg>
<status status="NOT RUN" starttime="20240913 15:18:30.261" endtime="20240913 15:18:30.261"/>
</kw>
<kw name="Log" library="BuiltIn">
<arg>${number}=${value}</arg>
<doc>Logs the given message with the given level.</doc>
<status status="NOT RUN" starttime="20240913 15:18:30.261" endtime="20240913 15:18:30.261"/>
</kw>
<kw name="Log To Console" library="BuiltIn">
<arg>${number}=${value}</arg>
<doc>Logs the given message to the console.</doc>
<status status="NOT RUN" starttime="20240913 15:18:30.261" endtime="20240913 15:18:30.261"/>
</kw>
<status status="NOT RUN" starttime="20240913 15:18:30.245" endtime="20240913 15:18:30.261"/>
</branch>
<status status="NOT RUN" starttime="20240913 15:18:30.245" endtime="20240913 15:18:30.261"/>
</if>
<status status="NOT RUN" starttime="20240913 15:18:30.245" endtime="20240913 15:18:30.261"/>
</branch>
<status status="NOT RUN" starttime="20240913 15:18:30.245" endtime="20240913 15:18:30.261"/>
</if>
<status status="FAIL" starttime="20240913 15:18:30.188" endtime="20240913 15:18:30.261"/>
</iter>
<status status="FAIL" starttime="20240913 15:17:45.373" endtime="20240913 15:18:30.261"/>
</for>
<kw name="Log To Console" library="BuiltIn">
<arg>**gbStart**copilot_status6**splitKeyValue**System ${symvar('ABAP_Connection')} client ${symvar('ABAP_CLIENT')} -- Madatory Snotes Implemented Successfully**gbEnd**</arg>
<doc>Logs the given message to the console.</doc>
<status status="NOT RUN" starttime="20240913 15:18:30.261" endtime="20240913 15:18:30.261"/>
</kw>
<status status="FAIL" starttime="20240913 15:17:45.144" endtime="20240913 15:18:30.261"/>
</kw>
<tag>Snote_check_</tag>
<status status="FAIL" starttime="20240913 15:17:45.141" endtime="20240913 15:18:30.261">ValueError: Cannot find element with id 'wnd[0]/usr/txtNUMM-LOW'</status>
</test>
<status status="FAIL" starttime="20240913 15:17:40.634" endtime="20240913 15:18:30.261"/>
</suite>
<doc>Testing functionality through Robot Framework</doc>
<meta name="environment">Dev</meta>
<meta name="test_browser_name">chrome</meta>
<meta name="test_browser_version">128.0.6613.138</meta>
<meta name="test_driver_version">128.0.6613.119 </meta>
<meta name="test_environment">Dev</meta>
<meta name="test_freeze_dependencies">astroid==3.2.3,attrs==23.2.0,beautifulsoup4==4.12.3,bs4==0.0.2,certifi==2024.7.4,cffi==1.16.0,chardet==5.2.0,charset-normalizer==3.3.2,click==8.1.7,colorama==0.4.6,cryptography==42.0.8,defusedxml==0.7.1,dill==0.3.8,docutils==0.21.2,et-xmlfile==1.1.0,ExcelLib==0.0.1b2,exceptiongroup==1.2.2,gitdb==4.0.11,GitPython==3.1.43,h11==0.14.0,idna==3.7,isort==5.13.2,Jinja2==3.1.4,jira==3.8.0,jsonpath-ng==1.6.1,jsonschema==4.23.0,jsonschema-specifications==2023.12.1,lazy-object-proxy==1.10.0,lxml==5.2.2,markdown-it-py==3.0.0,MarkupSafe==2.1.5,mccabe==0.7.0,mdurl==0.1.2,natsort==8.4.0,numpy==2.0.0,oauthlib==3.2.2,openpyxl==3.1.5,outcome==1.3.0.post0,packaging==24.1,pandas==2.2.2,pathspec==0.11.2,pillow==10.4.0,pip==24.1.2,platformdirs==4.2.2,ply==3.11,pycparser==2.22,Pygments==2.18.0,pylint==3.2.5,PySocks==1.7.1,python-dateutil==2.9.0.post0,pytz==2024.1,pywin32==306,PyYAML==6.0.1,referencing==0.35.1,requests==2.32.3,requests-oauthlib==2.0.0,requests-toolbelt==1.0.0,rich==13.7.1,rich-click==1.6.1,robotframework==6.0.2,robotframework-datadriver==1.9.0,robotframework-excellib==2.0.1,robotframework-jsonlibrary==0.5,robotframework-pabot==2.16.0,robotframework-pythonlibcore==4.2.0,robotframework-requests==0.9.2,robotframework-sapguilibrary==1.1,robotframework-seleniumlibrary==5.1.3,robotframework-stacktrace==0.4.1,robotframework-tidy==4.5.0,rpds-py==0.19.0,selenium==4.9.1,setuptools==71.0.2,six==1.16.0,smmap==5.0.1,sniffio==1.3.1,sortedcontainers==2.4.0,soupsieve==2.5,tomli==2.0.1,tomlkit==0.13.0,trio==0.26.0,trio-websocket==0.11.1,typing_extensions==4.12.2,tzdata==2024.1,urllib3==2.2.2,wheel==0.43.0,wrapt==1.16.0,wsproto==1.2.0,xlrd==2.0.1,XlsxWriter==3.2.0</meta>
<status status="FAIL" starttime="20240913 15:17:36.669" endtime="20240913 15:18:30.356"/>
</suite>
<statistics>
<total>
<stat pass="0" fail="1" skip="0">All Tests</stat>
</total>
<tag>
<stat pass="0" fail="1" skip="0">Snote_check_</stat>
</tag>
<suite>
<stat pass="0" fail="1" skip="0" id="s1" name="Tests">Tests</stat>
<stat pass="0" fail="1" skip="0" id="s1-s1" name="Test Snote Check">Tests.Test Snote Check</stat>
</suite>
</statistics>
<errors>
</errors>
</robot>
