<?xml version="1.0" encoding="UTF-8"?>
<robot generator="Robot 6.0.2 (Python 3.12.4 on win32)" generated="20240907 12:33:49.067" rpa="false" schemaversion="3">
<suite id="s1" name="Tests" source="C:\SAP_Testing\SAPtesting\Tests">
<kw name="Setup highest level suite" type="SETUP">
<kw name="Set Variable" library="BuiltIn">
<var>${d.test_server}</var>
<arg>${test_server}</arg>
<doc>Returns the given values which can then be assigned to a variables.</doc>
<msg timestamp="20240907 12:33:49.942" level="INFO">${d.test_server} = Dev</msg>
<status status="PASS" starttime="20240907 12:33:49.942" endtime="20240907 12:33:49.942"/>
</kw>
<kw name="Reset screenshot count variable" library="Support">
<kw name="Set Variable" library="BuiltIn">
<var>${screenshotCount}</var>
<arg>${PABOTQUEUEINDEX}_1</arg>
<doc>Returns the given values which can then be assigned to a variables.</doc>
<msg timestamp="20240907 12:33:49.943" level="INFO">${screenshotCount} = 0_1</msg>
<status status="PASS" starttime="20240907 12:33:49.943" endtime="20240907 12:33:49.943"/>
</kw>
<kw name="Set Global Variable" library="BuiltIn">
<arg>${screenshotCount}</arg>
<doc>Makes a variable available globally in all tests and suites.</doc>
<msg timestamp="20240907 12:33:49.944" level="INFO">${screenshotCount} = 0_1</msg>
<status status="PASS" starttime="20240907 12:33:49.943" endtime="20240907 12:33:49.944"/>
</kw>
<kw name="Set up screenshot directory" library="Support">
<kw name="Create Directory" library="OperatingSystem">
<arg>${OUTPUTDIR}${/}${wvar('screenshot_dir')}</arg>
<doc>Creates the specified directory.</doc>
<msg timestamp="20240907 12:33:49.945" level="INFO">Web.Dev.screenshot_dir: Screenshot</msg>
<msg timestamp="20240907 12:33:49.951" level="INFO" html="true">Created directory '&lt;a href="file://C:\SAP_Testing\SAPtesting\Output\pabot_results\0\Screenshot"&gt;C:\SAP_Testing\SAPtesting\Output\pabot_results\0\Screenshot&lt;/a&gt;'.</msg>
<status status="PASS" starttime="20240907 12:33:49.944" endtime="20240907 12:33:49.951"/>
</kw>
<status status="PASS" starttime="20240907 12:33:49.944" endtime="20240907 12:33:49.951"/>
</kw>
<status status="PASS" starttime="20240907 12:33:49.942" endtime="20240907 12:33:49.951"/>
</kw>
<kw name="Set Global Variable" library="BuiltIn">
<arg>${screenshot_taking}</arg>
<arg>${True}</arg>
<doc>Makes a variable available globally in all tests and suites.</doc>
<msg timestamp="20240907 12:33:49.952" level="INFO">${screenshot_taking} = True</msg>
<status status="PASS" starttime="20240907 12:33:49.951" endtime="20240907 12:33:49.952"/>
</kw>
<kw name="Setup linux execution" library="Support">
<kw name="Run Keyword And Return Status" library="BuiltIn">
<var>${web_test_check}</var>
<arg>Variable Should Exist</arg>
<arg>${web_test}</arg>
<doc>Runs the given keyword with given arguments and returns the status as a Boolean value.</doc>
<kw name="Variable Should Exist" library="BuiltIn">
<arg>${web_test}</arg>
<doc>Fails unless the given variable exists within the current scope.</doc>
<status status="PASS" starttime="20240907 12:33:49.953" endtime="20240907 12:33:49.953"/>
</kw>
<msg timestamp="20240907 12:33:49.953" level="INFO">${web_test_check} = True</msg>
<status status="PASS" starttime="20240907 12:33:49.952" endtime="20240907 12:33:49.953"/>
</kw>
<kw name="Run Keyword If" library="BuiltIn">
<arg>${web_test_check}</arg>
<arg>Setup Docker Execution Options</arg>
<doc>Runs the given keyword with the given arguments, if ``condition`` is true.</doc>
<kw name="Setup Docker Execution Options" library="Support_Web">
<kw name="Setup Suite Metadata" library="Support_Web">
<arg>${browser}</arg>
<kw name="Get Browser Metadata" library="BrowserSupport">
<var>&amp;{browser_information}</var>
<arg>browser=${browser}</arg>
<doc>Fetches browser metadata information
:param browser: Name of the browser for which information is fetched
:param reload: Re-read the metadata based on the browser
:return: Browser metadata information, dict of format
            {"browser_version": browser version value,
             "driver_version": driver version value}</doc>
<msg timestamp="20240907 12:33:53.320" level="INFO">&amp;{browser_information} = { browser_version=128.0.6613.120 | driver_version=128.0.6613.119  }</msg>
<status status="PASS" starttime="20240907 12:33:49.954" endtime="20240907 12:33:53.320"/>
</kw>
<kw name="Set Suite Metadata" library="BuiltIn">
<arg>test_browser_name</arg>
<arg>${browser}</arg>
<doc>Sets metadata for the current test suite.</doc>
<msg timestamp="20240907 12:33:53.320" level="INFO">Set suite metadata 'test_browser_name' to value 'chrome'.</msg>
<status status="PASS" starttime="20240907 12:33:53.320" endtime="20240907 12:33:53.320"/>
</kw>
<kw name="Set Suite Metadata" library="BuiltIn">
<arg>test_browser_version</arg>
<arg>${browser_information.browser_version}</arg>
<doc>Sets metadata for the current test suite.</doc>
<msg timestamp="20240907 12:33:53.320" level="INFO">Set suite metadata 'test_browser_version' to value '128.0.6613.120'.</msg>
<status status="PASS" starttime="20240907 12:33:53.320" endtime="20240907 12:33:53.320"/>
</kw>
<kw name="Set Suite Metadata" library="BuiltIn">
<arg>test_driver_version</arg>
<arg>${browser_information.driver_version}</arg>
<doc>Sets metadata for the current test suite.</doc>
<msg timestamp="20240907 12:33:53.320" level="INFO">Set suite metadata 'test_driver_version' to value '128.0.6613.119 '.</msg>
<status status="PASS" starttime="20240907 12:33:53.320" endtime="20240907 12:33:53.320"/>
</kw>
<status status="PASS" starttime="20240907 12:33:49.954" endtime="20240907 12:33:53.320"/>
</kw>
<kw name="Setup Global Docker Execution Options" library="Support_Web">
<kw name="Set Global Variable" library="BuiltIn">
<arg>${global_browser_options}</arg>
<arg>None</arg>
<doc>Makes a variable available globally in all tests and suites.</doc>
<msg timestamp="20240907 12:33:53.320" level="INFO">${global_browser_options} = None</msg>
<status status="PASS" starttime="20240907 12:33:53.320" endtime="20240907 12:33:53.320"/>
</kw>
<kw name="Get Environment Variable" library="OperatingSystem">
<var>${docker_check}</var>
<arg>EXECUTION_ENVIRONMENT</arg>
<arg>not_found</arg>
<doc>Returns the value of an environment variable with the given name.</doc>
<msg timestamp="20240907 12:33:53.320" level="INFO">${docker_check} = not_found</msg>
<status status="PASS" starttime="20240907 12:33:53.320" endtime="20240907 12:33:53.320"/>
</kw>
<kw name="Run Keyword And Return If" library="BuiltIn">
<arg>"${docker_check}"!="docker"</arg>
<arg>Log</arg>
<arg>Not executing on Docker</arg>
<doc>Runs the specified keyword and returns from the enclosing user keyword.</doc>
<kw name="Log" library="BuiltIn">
<arg>Not executing on Docker</arg>
<doc>Logs the given message with the given level.</doc>
<msg timestamp="20240907 12:33:53.320" level="INFO">Not executing on Docker</msg>
<status status="PASS" starttime="20240907 12:33:53.320" endtime="20240907 12:33:53.320"/>
</kw>
<msg timestamp="20240907 12:33:53.320" level="INFO">Returning from the enclosing user keyword.</msg>
<status status="PASS" starttime="20240907 12:33:53.320" endtime="20240907 12:33:53.320"/>
</kw>
<kw name="Create List" library="BuiltIn">
<var>@{options}</var>
<arg>--headless</arg>
<arg>--no-sandbox</arg>
<arg>--disable-dev-shm-usage</arg>
<doc>Returns a list containing given items.</doc>
<status status="NOT RUN" starttime="20240907 12:33:53.320" endtime="20240907 12:33:53.320"/>
</kw>
<kw name="Set Global Variable" library="BuiltIn">
<arg>@{docker_options}</arg>
<arg>@{options}</arg>
<doc>Makes a variable available globally in all tests and suites.</doc>
<status status="NOT RUN" starttime="20240907 12:33:53.320" endtime="20240907 12:33:53.320"/>
</kw>
<status status="PASS" starttime="20240907 12:33:53.320" endtime="20240907 12:33:53.320"/>
</kw>
<kw name="Create Webdriver for chrome preferences" library="Support_Web">
<kw name="Update Docker Execution Options" library="Support_Web">
<var>${list_prefs}</var>
<arg>${list_prefs}</arg>
<kw name="Run Keyword And Return Status" library="BuiltIn">
<var>${docker_check}</var>
<arg>Variable Should Exist</arg>
<arg>${docker_options}</arg>
<doc>Runs the given keyword with given arguments and returns the status as a Boolean value.</doc>
<kw name="Variable Should Exist" library="BuiltIn">
<arg>${docker_options}</arg>
<doc>Fails unless the given variable exists within the current scope.</doc>
<msg timestamp="20240907 12:33:53.320" level="FAIL">Variable '${docker_options}' does not exist.</msg>
<status status="FAIL" starttime="20240907 12:33:53.320" endtime="20240907 12:33:53.320"/>
</kw>
<msg timestamp="20240907 12:33:53.320" level="INFO">${docker_check} = False</msg>
<status status="PASS" starttime="20240907 12:33:53.320" endtime="20240907 12:33:53.320"/>
</kw>
<kw name="Get Length" library="BuiltIn">
<var>${list_prefs_length}</var>
<arg>${list_prefs}</arg>
<doc>Returns and logs the length of the given item as an integer.</doc>
<msg timestamp="20240907 12:33:53.320" level="INFO">Length is 1</msg>
<msg timestamp="20240907 12:33:53.320" level="INFO">${list_prefs_length} = 1</msg>
<status status="PASS" starttime="20240907 12:33:53.320" endtime="20240907 12:33:53.320"/>
</kw>
<kw name="Run Keyword If" library="BuiltIn">
<var>${list_prefs}</var>
<arg>${docker_check} and ${list_prefs_length}&gt;0 and ${list_prefs}[0] != []</arg>
<arg>Combine Lists</arg>
<arg>${list_prefs}</arg>
<arg>${docker_options}</arg>
<arg>ELSE IF</arg>
<arg>${docker_check}</arg>
<arg>Set Variable</arg>
<arg>${docker_options}</arg>
<arg>ELSE</arg>
<arg>Set Variable</arg>
<arg>${list_prefs}</arg>
<doc>Runs the given keyword with the given arguments, if ``condition`` is true.</doc>
<kw name="Set Variable" library="BuiltIn">
<arg>${list_prefs}</arg>
<doc>Returns the given values which can then be assigned to a variables.</doc>
<status status="PASS" starttime="20240907 12:33:53.320" endtime="20240907 12:33:53.320"/>
</kw>
<msg timestamp="20240907 12:33:53.320" level="INFO">${list_prefs} = [[]]</msg>
<status status="PASS" starttime="20240907 12:33:53.320" endtime="20240907 12:33:53.320"/>
</kw>
<msg timestamp="20240907 12:33:53.320" level="INFO">${list_prefs} = [[]]</msg>
<status status="PASS" starttime="20240907 12:33:53.320" endtime="20240907 12:33:53.320"/>
</kw>
<kw name="Create Chrome Options for download preferences" library="Support_Web">
<var>${chrome_options}</var>
<kw name="Evaluate" library="BuiltIn">
<var>${chrome_options}</var>
<arg>sys.modules['selenium.webdriver'].ChromeOptions()</arg>
<arg>sys</arg>
<doc>Evaluates the given expression in Python and returns the result.</doc>
<msg timestamp="20240907 12:33:53.320" level="INFO">${chrome_options} = &lt;selenium.webdriver.chrome.options.Options object at 0x0000026822B9A2D0&gt;</msg>
<status status="PASS" starttime="20240907 12:33:53.320" endtime="20240907 12:33:53.320"/>
</kw>
<msg timestamp="20240907 12:33:53.320" level="INFO">${chrome_options} = &lt;selenium.webdriver.chrome.options.Options object at 0x0000026822B9A2D0&gt;</msg>
<status status="PASS" starttime="20240907 12:33:53.320" endtime="20240907 12:33:53.320"/>
</kw>
<kw name="Update Preferences List" library="Support_Web">
<arg>${chrome_options}</arg>
<arg>@{list_prefs}</arg>
<kw name="Convert To String" library="BuiltIn">
<var>${string_prefs}</var>
<arg>${list_prefs}</arg>
<doc>Converts the given item to a Unicode string.</doc>
<msg timestamp="20240907 12:33:53.320" level="INFO">${string_prefs} = [[]]</msg>
<status status="PASS" starttime="20240907 12:33:53.320" endtime="20240907 12:33:53.320"/>
</kw>
<kw name="Return From Keyword If" library="BuiltIn">
<arg>${string_prefs} == [[]]</arg>
<doc>Returns from the enclosing user keyword if ``condition`` is true.</doc>
<msg timestamp="20240907 12:33:53.320" level="INFO">Returning from the enclosing user keyword.</msg>
<status status="PASS" starttime="20240907 12:33:53.320" endtime="20240907 12:33:53.320"/>
</kw>
<for flavor="IN">
<var>${preference}</var>
<value>@{list_prefs}</value>
<iter>
<var name="${preference}"/>
<kw name="Call Method" library="BuiltIn">
<arg>${chrome_options}</arg>
<arg>add_argument</arg>
<arg>${preference}</arg>
<doc>Calls the named method of the given object with the provided arguments.</doc>
<status status="NOT RUN" starttime="20240907 12:33:53.320" endtime="20240907 12:33:53.320"/>
</kw>
<status status="NOT RUN" starttime="20240907 12:33:53.320" endtime="20240907 12:33:53.320"/>
</iter>
<status status="NOT RUN" starttime="20240907 12:33:53.320" endtime="20240907 12:33:53.320"/>
</for>
<status status="PASS" starttime="20240907 12:33:53.320" endtime="20240907 12:33:53.320"/>
</kw>
<kw name="Call Method" library="BuiltIn">
<arg>${chrome_options}</arg>
<arg>add_experimental_option</arg>
<arg>prefs</arg>
<arg>${kw_prefs}</arg>
<doc>Calls the named method of the given object with the provided arguments.</doc>
<status status="PASS" starttime="20240907 12:33:53.320" endtime="20240907 12:33:53.320"/>
</kw>
<kw name="Set Global Variable" library="BuiltIn">
<arg>${global_browser_options}</arg>
<arg>${chrome options}</arg>
<doc>Makes a variable available globally in all tests and suites.</doc>
<msg timestamp="20240907 12:33:53.320" level="INFO">${global_browser_options} = &lt;selenium.webdriver.chrome.options.Options object at 0x0000026822B9A2D0&gt;</msg>
<status status="PASS" starttime="20240907 12:33:53.320" endtime="20240907 12:33:53.320"/>
</kw>
<status status="PASS" starttime="20240907 12:33:53.320" endtime="20240907 12:33:53.320"/>
</kw>
<status status="PASS" starttime="20240907 12:33:49.953" endtime="20240907 12:33:53.320"/>
</kw>
<status status="PASS" starttime="20240907 12:33:49.953" endtime="20240907 12:33:53.320"/>
</kw>
<status status="PASS" starttime="20240907 12:33:49.952" endtime="20240907 12:33:53.320"/>
</kw>
<kw name="Set Suite Metadata" library="BuiltIn">
<arg>environment</arg>
<arg>${test_server}</arg>
<doc>Sets metadata for the current test suite.</doc>
<msg timestamp="20240907 12:33:53.335" level="INFO">Set suite metadata 'environment' to value 'Dev'.</msg>
<status status="PASS" starttime="20240907 12:33:53.320" endtime="20240907 12:33:53.335"/>
</kw>
<status status="PASS" starttime="20240907 12:33:49.941" endtime="20240907 12:33:53.335"/>
</kw>
<suite id="s1-s1" name="Test Verify Pre requisite" source="C:\SAP_Testing\SAPtesting\Tests\Test_Verify_Pre_requisite.robot">
<kw name="System Logon" library="Verify_Pre_requisite" type="SETUP">
<kw name="Start Process" library="Process">
<arg>${symvar('ABAP_SAP_SERVER')}</arg>
<doc>Starts a new process on background.</doc>
<msg timestamp="20240907 12:33:53.913" level="INFO">Sym.Dev.ABAP_SAP_SERVER: C:\Program Files (x86)\SAP\FrontEnd\SAPGUI\saplogon.exe</msg>
<msg timestamp="20240907 12:33:53.913" level="INFO">Starting process:
"C:\Program Files (x86)\SAP\FrontEnd\SAPGUI\saplogon.exe"</msg>
<status status="PASS" starttime="20240907 12:33:53.913" endtime="20240907 12:33:53.913"/>
</kw>
<kw name="Connect To Session" library="SAP_Tcode_Library">
<doc>Connects to an open session SAP.</doc>
<status status="PASS" starttime="20240907 12:33:53.913" endtime="20240907 12:33:53.945"/>
</kw>
<kw name="Open Connection" library="SAP_Tcode_Library">
<arg>${symvar('ABAP_Connection')}</arg>
<doc>Opens a connection to the given connection name. Be sure to provide the full connection name, including the bracket part.</doc>
<msg timestamp="20240907 12:33:53.945" level="INFO">Sym.Dev.ABAP_Connection: RBT</msg>
<status status="PASS" starttime="20240907 12:33:53.945" endtime="20240907 12:33:54.545"/>
</kw>
<kw name="Input Text" library="SAP_Tcode_Library">
<arg>wnd[0]/usr/txtRSYST-MANDT</arg>
<arg>${symvar('ABAP_CLIENT')}</arg>
<doc>Inserts the given text into the text field identified by locator.
Use keyword `input password` to insert a password in a text field.</doc>
<msg timestamp="20240907 12:33:54.547" level="INFO">Sym.Dev.ABAP_CLIENT: 000</msg>
<msg timestamp="20240907 12:33:54.582" level="INFO">Typing text '000' into text field 'wnd[0]/usr/txtRSYST-MANDT'.</msg>
<status status="PASS" starttime="20240907 12:33:54.546" endtime="20240907 12:33:54.582"/>
</kw>
<kw name="Input Text" library="SAP_Tcode_Library">
<arg>wnd[0]/usr/txtRSYST-BNAME</arg>
<arg>${symvar('ABAP_USER')}</arg>
<doc>Inserts the given text into the text field identified by locator.
Use keyword `input password` to insert a password in a text field.</doc>
<msg timestamp="20240907 12:33:54.583" level="INFO">Sym.Dev.ABAP_USER: DDIC</msg>
<msg timestamp="20240907 12:33:54.596" level="INFO">Typing text 'DDIC' into text field 'wnd[0]/usr/txtRSYST-BNAME'.</msg>
<status status="PASS" starttime="20240907 12:33:54.582" endtime="20240907 12:33:54.596"/>
</kw>
<kw name="Input Password" library="SAP_Tcode_Library">
<arg>wnd[0]/usr/pwdRSYST-BCODE</arg>
<arg>%{ABAP_PASSWORD}</arg>
<doc>Inserts the given password into the text field identified by locator.
The password is not recorded in the log.</doc>
<msg timestamp="20240907 12:33:54.602" level="INFO">Typing password into text field 'wnd[0]/usr/pwdRSYST-BCODE'.</msg>
<status status="PASS" starttime="20240907 12:33:54.596" endtime="20240907 12:33:54.602"/>
</kw>
<kw name="Send Vkey" library="SAP_Tcode_Library">
<arg>0</arg>
<doc>Sends a SAP virtual key combination to the window, not into an element.
If you want to send a value to a text field, use `input text` instead.</doc>
<status status="PASS" starttime="20240907 12:33:54.602" endtime="20240907 12:33:55.017"/>
</kw>
<kw name="Multiple Logon Handling" library="SAP_Tcode_Library">
<arg>wnd[1]</arg>
<arg>wnd[1]/usr/radMULTI_LOGON_OPT2</arg>
<arg>wnd[1]/tbar[0]/btn[0]</arg>
<status status="PASS" starttime="20240907 12:33:55.017" endtime="20240907 12:33:55.056"/>
</kw>
<status status="PASS" starttime="20240907 12:33:53.913" endtime="20240907 12:33:55.057"/>
</kw>
<test id="s1-s1-t1" name="Verify the system is ready for ALM configuration" line="8">
<kw name="STRUST" library="Verify_Pre_requisite">
<kw name="Run Transaction" library="SAP_Tcode_Library">
<arg>/nSTRUST</arg>
<doc>Runs a Sap transaction. An error is given when an unknown transaction is specified.</doc>
<status status="PASS" starttime="20240907 12:33:55.058" endtime="20240907 12:33:55.275"/>
</kw>
<kw name="Sleep" library="BuiltIn">
<arg>2</arg>
<doc>Pauses the test executed for the given time.</doc>
<msg timestamp="20240907 12:33:57.276" level="INFO">Slept 2 seconds</msg>
<status status="PASS" starttime="20240907 12:33:55.275" endtime="20240907 12:33:57.276"/>
</kw>
<kw name="Take Screenshot" library="SAP_Tcode_Library">
<arg>ssl.jpg</arg>
<doc>Takes a screenshot, only if 'screenshots on error' has been enabled,
either at import of with keyword `enable screenshots on error`.</doc>
<msg timestamp="20240907 12:33:57.348" level="INFO" html="true">&lt;a href="ssl.jpg"&gt;&lt;img src="ssl.jpg" width="800px"&gt;&lt;/a&gt;</msg>
<status status="PASS" starttime="20240907 12:33:57.276" endtime="20240907 12:33:57.348"/>
</kw>
<kw name="Click Element" library="SAP_Tcode_Library">
<arg>wnd[0]/tbar[1]/btn[25]</arg>
<doc>Performs a single click on a given element. Used only for buttons, tabs and menu items.</doc>
<status status="PASS" starttime="20240907 12:33:57.348" endtime="20240907 12:33:57.427"/>
</kw>
<kw name="Set Variable" library="BuiltIn">
<var>${cert_count}</var>
<arg>0</arg>
<doc>Returns the given values which can then be assigned to a variables.</doc>
<msg timestamp="20240907 12:33:57.433" level="INFO">${cert_count} = 0</msg>
<status status="PASS" starttime="20240907 12:33:57.427" endtime="20240907 12:33:57.433"/>
</kw>
<kw name="Set Global Variable" library="BuiltIn">
<arg>${cert_count}</arg>
<doc>Makes a variable available globally in all tests and suites.</doc>
<msg timestamp="20240907 12:33:57.433" level="INFO">${cert_count} = 0</msg>
<status status="PASS" starttime="20240907 12:33:57.433" endtime="20240907 12:33:57.433"/>
</kw>
<kw name="STRUS_SSL_Client_Anonymous" library="Verify_Pre_requisite">
<kw name="Double Click On Tree Item" library="SAP_Tcode_Library">
<arg>wnd[0]/shellcont/shell</arg>
<arg>SSLCANONYM</arg>
<status status="PASS" starttime="20240907 12:33:57.433" endtime="20240907 12:33:57.553"/>
</kw>
<kw name="Sleep" library="BuiltIn">
<arg>2</arg>
<doc>Pauses the test executed for the given time.</doc>
<msg timestamp="20240907 12:33:59.553" level="INFO">Slept 2 seconds</msg>
<status status="PASS" starttime="20240907 12:33:57.553" endtime="20240907 12:33:59.553"/>
</kw>
<kw name="Get Value" library="SAP_Tcode_Library">
<var>${space}</var>
<arg>wnd[0]/usr/tblS_TRUSTMANAGERPK_CTRL/txtPSECERTLIST-SUBJECT[0,0]</arg>
<doc>Gets the value of the given element. The possible return values depend on the type of element (see Return values).</doc>
<msg timestamp="20240907 12:33:59.568" level="INFO">${space} = CN=DigiCert Global Root G2, OU=www.digicert.com, O=DigiCert Inc, C=US</msg>
<status status="PASS" starttime="20240907 12:33:59.553" endtime="20240907 12:33:59.568"/>
</kw>
<kw name="Sleep" library="BuiltIn">
<arg>1</arg>
<doc>Pauses the test executed for the given time.</doc>
<msg timestamp="20240907 12:34:00.568" level="INFO">Slept 1 second</msg>
<status status="PASS" starttime="20240907 12:33:59.568" endtime="20240907 12:34:00.568"/>
</kw>
<if>
<branch type="IF" condition="'${space}' != ''">
<for flavor="IN RANGE">
<var>${index}</var>
<value>0</value>
<value>3</value>
<iter>
<var name="${index}">0</var>
<kw name="Get Value" library="SAP_Tcode_Library">
<var>${value}</var>
<arg>wnd[0]/usr/tblS_TRUSTMANAGERPK_CTRL/txtPSECERTLIST-SUBJECT[0,${index}]</arg>
<doc>Gets the value of the given element. The possible return values depend on the type of element (see Return values).</doc>
<msg timestamp="20240907 12:34:00.568" level="INFO">${value} = CN=DigiCert Global Root G2, OU=www.digicert.com, O=DigiCert Inc, C=US</msg>
<status status="PASS" starttime="20240907 12:34:00.568" endtime="20240907 12:34:00.568"/>
</kw>
<kw name="Sleep" library="BuiltIn">
<arg>1</arg>
<doc>Pauses the test executed for the given time.</doc>
<msg timestamp="20240907 12:34:01.569" level="INFO">Slept 1 second</msg>
<status status="PASS" starttime="20240907 12:34:00.568" endtime="20240907 12:34:01.569"/>
</kw>
<if>
<branch type="IF" condition="'${value}' == 'CN=DigiCert Global Root G2, OU=www.digicert.com, O=DigiCert Inc, C=US'">
<kw name="Evaluate" library="BuiltIn">
<var>${cert_count}</var>
<arg>${cert_count} + 1</arg>
<doc>Evaluates the given expression in Python and returns the result.</doc>
<msg timestamp="20240907 12:34:01.569" level="INFO">${cert_count} = 1</msg>
<status status="PASS" starttime="20240907 12:34:01.569" endtime="20240907 12:34:01.569"/>
</kw>
<kw name="Log To Console" library="BuiltIn">
<arg>${cert_count}</arg>
<doc>Logs the given message to the console.</doc>
<status status="PASS" starttime="20240907 12:34:01.569" endtime="20240907 12:34:01.569"/>
</kw>
<status status="PASS" starttime="20240907 12:34:01.569" endtime="20240907 12:34:01.569"/>
</branch>
<branch type="ELSE IF" condition="'${value}' == 'CN=DigiCert Global Root CA, OU=www.digicert.com, O=DigiCert Inc, C=US'">
<kw name="Evaluate" library="BuiltIn">
<var>${cert_count}</var>
<arg>${cert_count} + 1</arg>
<doc>Evaluates the given expression in Python and returns the result.</doc>
<status status="NOT RUN" starttime="20240907 12:34:01.569" endtime="20240907 12:34:01.569"/>
</kw>
<kw name="Log To Console" library="BuiltIn">
<arg>${cert_count}</arg>
<doc>Logs the given message to the console.</doc>
<status status="NOT RUN" starttime="20240907 12:34:01.569" endtime="20240907 12:34:01.569"/>
</kw>
<status status="NOT RUN" starttime="20240907 12:34:01.569" endtime="20240907 12:34:01.569"/>
</branch>
<branch type="ELSE IF" condition="'${value}' == 'CN=DigiCert RSA4096 Root G5, O=&quot;DigiCert, Inc.&quot;, C=US'">
<kw name="Evaluate" library="BuiltIn">
<var>${cert_count}</var>
<arg>${cert_count} + 1</arg>
<doc>Evaluates the given expression in Python and returns the result.</doc>
<status status="NOT RUN" starttime="20240907 12:34:01.569" endtime="20240907 12:34:01.569"/>
</kw>
<kw name="Log To Console" library="BuiltIn">
<arg>${cert_count}</arg>
<doc>Logs the given message to the console.</doc>
<status status="NOT RUN" starttime="20240907 12:34:01.569" endtime="20240907 12:34:01.569"/>
</kw>
<status status="NOT RUN" starttime="20240907 12:34:01.569" endtime="20240907 12:34:01.569"/>
</branch>
<branch type="ELSE">
<kw name="Log To Console" library="BuiltIn">
<arg>Certificate need to be uploaded</arg>
<doc>Logs the given message to the console.</doc>
<status status="NOT RUN" starttime="20240907 12:34:01.569" endtime="20240907 12:34:01.569"/>
</kw>
<status status="NOT RUN" starttime="20240907 12:34:01.569" endtime="20240907 12:34:01.569"/>
</branch>
<status status="PASS" starttime="20240907 12:34:01.569" endtime="20240907 12:34:01.569"/>
</if>
<status status="PASS" starttime="20240907 12:34:00.568" endtime="20240907 12:34:01.569"/>
</iter>
<iter>
<var name="${index}">1</var>
<kw name="Get Value" library="SAP_Tcode_Library">
<var>${value}</var>
<arg>wnd[0]/usr/tblS_TRUSTMANAGERPK_CTRL/txtPSECERTLIST-SUBJECT[0,${index}]</arg>
<doc>Gets the value of the given element. The possible return values depend on the type of element (see Return values).</doc>
<msg timestamp="20240907 12:34:01.585" level="INFO">${value} = CN=DigiCert Global Root CA, OU=www.digicert.com, O=DigiCert Inc, C=US</msg>
<status status="PASS" starttime="20240907 12:34:01.569" endtime="20240907 12:34:01.585"/>
</kw>
<kw name="Sleep" library="BuiltIn">
<arg>1</arg>
<doc>Pauses the test executed for the given time.</doc>
<msg timestamp="20240907 12:34:02.585" level="INFO">Slept 1 second</msg>
<status status="PASS" starttime="20240907 12:34:01.585" endtime="20240907 12:34:02.585"/>
</kw>
<if>
<branch type="IF" condition="'${value}' == 'CN=DigiCert Global Root G2, OU=www.digicert.com, O=DigiCert Inc, C=US'">
<kw name="Evaluate" library="BuiltIn">
<var>${cert_count}</var>
<arg>${cert_count} + 1</arg>
<doc>Evaluates the given expression in Python and returns the result.</doc>
<status status="NOT RUN" starttime="20240907 12:34:02.585" endtime="20240907 12:34:02.585"/>
</kw>
<kw name="Log To Console" library="BuiltIn">
<arg>${cert_count}</arg>
<doc>Logs the given message to the console.</doc>
<status status="NOT RUN" starttime="20240907 12:34:02.585" endtime="20240907 12:34:02.585"/>
</kw>
<status status="NOT RUN" starttime="20240907 12:34:02.585" endtime="20240907 12:34:02.585"/>
</branch>
<branch type="ELSE IF" condition="'${value}' == 'CN=DigiCert Global Root CA, OU=www.digicert.com, O=DigiCert Inc, C=US'">
<kw name="Evaluate" library="BuiltIn">
<var>${cert_count}</var>
<arg>${cert_count} + 1</arg>
<doc>Evaluates the given expression in Python and returns the result.</doc>
<msg timestamp="20240907 12:34:02.585" level="INFO">${cert_count} = 2</msg>
<status status="PASS" starttime="20240907 12:34:02.585" endtime="20240907 12:34:02.585"/>
</kw>
<kw name="Log To Console" library="BuiltIn">
<arg>${cert_count}</arg>
<doc>Logs the given message to the console.</doc>
<status status="PASS" starttime="20240907 12:34:02.585" endtime="20240907 12:34:02.585"/>
</kw>
<status status="PASS" starttime="20240907 12:34:02.585" endtime="20240907 12:34:02.585"/>
</branch>
<branch type="ELSE IF" condition="'${value}' == 'CN=DigiCert RSA4096 Root G5, O=&quot;DigiCert, Inc.&quot;, C=US'">
<kw name="Evaluate" library="BuiltIn">
<var>${cert_count}</var>
<arg>${cert_count} + 1</arg>
<doc>Evaluates the given expression in Python and returns the result.</doc>
<status status="NOT RUN" starttime="20240907 12:34:02.585" endtime="20240907 12:34:02.585"/>
</kw>
<kw name="Log To Console" library="BuiltIn">
<arg>${cert_count}</arg>
<doc>Logs the given message to the console.</doc>
<status status="NOT RUN" starttime="20240907 12:34:02.585" endtime="20240907 12:34:02.585"/>
</kw>
<status status="NOT RUN" starttime="20240907 12:34:02.585" endtime="20240907 12:34:02.585"/>
</branch>
<branch type="ELSE">
<kw name="Log To Console" library="BuiltIn">
<arg>Certificate need to be uploaded</arg>
<doc>Logs the given message to the console.</doc>
<status status="NOT RUN" starttime="20240907 12:34:02.585" endtime="20240907 12:34:02.585"/>
</kw>
<status status="NOT RUN" starttime="20240907 12:34:02.585" endtime="20240907 12:34:02.585"/>
</branch>
<status status="PASS" starttime="20240907 12:34:02.585" endtime="20240907 12:34:02.585"/>
</if>
<status status="PASS" starttime="20240907 12:34:01.569" endtime="20240907 12:34:02.585"/>
</iter>
<iter>
<var name="${index}">2</var>
<kw name="Get Value" library="SAP_Tcode_Library">
<var>${value}</var>
<arg>wnd[0]/usr/tblS_TRUSTMANAGERPK_CTRL/txtPSECERTLIST-SUBJECT[0,${index}]</arg>
<doc>Gets the value of the given element. The possible return values depend on the type of element (see Return values).</doc>
<msg timestamp="20240907 12:34:02.606" level="INFO">${value} = CN=DigiCert RSA4096 Root G5, O="DigiCert, Inc.", C=US</msg>
<status status="PASS" starttime="20240907 12:34:02.585" endtime="20240907 12:34:02.606"/>
</kw>
<kw name="Sleep" library="BuiltIn">
<arg>1</arg>
<doc>Pauses the test executed for the given time.</doc>
<msg timestamp="20240907 12:34:03.606" level="INFO">Slept 1 second</msg>
<status status="PASS" starttime="20240907 12:34:02.606" endtime="20240907 12:34:03.606"/>
</kw>
<if>
<branch type="IF" condition="'${value}' == 'CN=DigiCert Global Root G2, OU=www.digicert.com, O=DigiCert Inc, C=US'">
<kw name="Evaluate" library="BuiltIn">
<var>${cert_count}</var>
<arg>${cert_count} + 1</arg>
<doc>Evaluates the given expression in Python and returns the result.</doc>
<status status="NOT RUN" starttime="20240907 12:34:03.606" endtime="20240907 12:34:03.606"/>
</kw>
<kw name="Log To Console" library="BuiltIn">
<arg>${cert_count}</arg>
<doc>Logs the given message to the console.</doc>
<status status="NOT RUN" starttime="20240907 12:34:03.606" endtime="20240907 12:34:03.606"/>
</kw>
<status status="NOT RUN" starttime="20240907 12:34:03.606" endtime="20240907 12:34:03.606"/>
</branch>
<branch type="ELSE IF" condition="'${value}' == 'CN=DigiCert Global Root CA, OU=www.digicert.com, O=DigiCert Inc, C=US'">
<kw name="Evaluate" library="BuiltIn">
<var>${cert_count}</var>
<arg>${cert_count} + 1</arg>
<doc>Evaluates the given expression in Python and returns the result.</doc>
<status status="NOT RUN" starttime="20240907 12:34:03.606" endtime="20240907 12:34:03.606"/>
</kw>
<kw name="Log To Console" library="BuiltIn">
<arg>${cert_count}</arg>
<doc>Logs the given message to the console.</doc>
<status status="NOT RUN" starttime="20240907 12:34:03.606" endtime="20240907 12:34:03.606"/>
</kw>
<status status="NOT RUN" starttime="20240907 12:34:03.606" endtime="20240907 12:34:03.606"/>
</branch>
<branch type="ELSE IF" condition="'${value}' == 'CN=DigiCert RSA4096 Root G5, O=&quot;DigiCert, Inc.&quot;, C=US'">
<kw name="Evaluate" library="BuiltIn">
<var>${cert_count}</var>
<arg>${cert_count} + 1</arg>
<doc>Evaluates the given expression in Python and returns the result.</doc>
<msg timestamp="20240907 12:34:03.606" level="INFO">${cert_count} = 3</msg>
<status status="PASS" starttime="20240907 12:34:03.606" endtime="20240907 12:34:03.606"/>
</kw>
<kw name="Log To Console" library="BuiltIn">
<arg>${cert_count}</arg>
<doc>Logs the given message to the console.</doc>
<status status="PASS" starttime="20240907 12:34:03.606" endtime="20240907 12:34:03.606"/>
</kw>
<status status="PASS" starttime="20240907 12:34:03.606" endtime="20240907 12:34:03.606"/>
</branch>
<branch type="ELSE">
<kw name="Log To Console" library="BuiltIn">
<arg>Certificate need to be uploaded</arg>
<doc>Logs the given message to the console.</doc>
<status status="NOT RUN" starttime="20240907 12:34:03.606" endtime="20240907 12:34:03.606"/>
</kw>
<status status="NOT RUN" starttime="20240907 12:34:03.606" endtime="20240907 12:34:03.606"/>
</branch>
<status status="PASS" starttime="20240907 12:34:03.606" endtime="20240907 12:34:03.606"/>
</if>
<status status="PASS" starttime="20240907 12:34:02.585" endtime="20240907 12:34:03.606"/>
</iter>
<status status="PASS" starttime="20240907 12:34:00.568" endtime="20240907 12:34:03.606"/>
</for>
<status status="PASS" starttime="20240907 12:34:00.568" endtime="20240907 12:34:03.606"/>
</branch>
<status status="PASS" starttime="20240907 12:34:00.568" endtime="20240907 12:34:03.606"/>
</if>
<kw name="Double Click On Tree Item" library="SAP_Tcode_Library">
<arg>wnd[0]/shellcont/shell</arg>
<arg>SSLCDFAULT</arg>
<status status="PASS" starttime="20240907 12:34:03.606" endtime="20240907 12:34:03.677"/>
</kw>
<kw name="Sleep" library="BuiltIn">
<arg>2</arg>
<doc>Pauses the test executed for the given time.</doc>
<msg timestamp="20240907 12:34:05.678" level="INFO">Slept 2 seconds</msg>
<status status="PASS" starttime="20240907 12:34:03.677" endtime="20240907 12:34:05.678"/>
</kw>
<kw name="Get Value" library="SAP_Tcode_Library">
<var>${space}</var>
<arg>wnd[0]/usr/tblS_TRUSTMANAGERPK_CTRL/txtPSECERTLIST-SUBJECT[0,0]</arg>
<doc>Gets the value of the given element. The possible return values depend on the type of element (see Return values).</doc>
<msg timestamp="20240907 12:34:05.693" level="INFO">${space} = CN=DigiCert Global Root G2, OU=www.digicert.com, O=DigiCert Inc, C=US</msg>
<status status="PASS" starttime="20240907 12:34:05.678" endtime="20240907 12:34:05.693"/>
</kw>
<kw name="Sleep" library="BuiltIn">
<arg>1</arg>
<doc>Pauses the test executed for the given time.</doc>
<msg timestamp="20240907 12:34:06.694" level="INFO">Slept 1 second</msg>
<status status="PASS" starttime="20240907 12:34:05.693" endtime="20240907 12:34:06.694"/>
</kw>
<if>
<branch type="IF" condition="'${space}' != ''">
<for flavor="IN RANGE">
<var>${index}</var>
<value>0</value>
<value>3</value>
<iter>
<var name="${index}">0</var>
<kw name="Get Value" library="SAP_Tcode_Library">
<var>${value}</var>
<arg>wnd[0]/usr/tblS_TRUSTMANAGERPK_CTRL/txtPSECERTLIST-SUBJECT[0,${index}]</arg>
<doc>Gets the value of the given element. The possible return values depend on the type of element (see Return values).</doc>
<msg timestamp="20240907 12:34:06.694" level="INFO">${value} = CN=DigiCert Global Root G2, OU=www.digicert.com, O=DigiCert Inc, C=US</msg>
<status status="PASS" starttime="20240907 12:34:06.694" endtime="20240907 12:34:06.694"/>
</kw>
<kw name="Sleep" library="BuiltIn">
<arg>1</arg>
<doc>Pauses the test executed for the given time.</doc>
<msg timestamp="20240907 12:34:07.694" level="INFO">Slept 1 second</msg>
<status status="PASS" starttime="20240907 12:34:06.694" endtime="20240907 12:34:07.694"/>
</kw>
<if>
<branch type="IF" condition="'${value}' == 'CN=DigiCert Global Root G2, OU=www.digicert.com, O=DigiCert Inc, C=US'">
<kw name="Evaluate" library="BuiltIn">
<var>${cert_count}</var>
<arg>${cert_count} + 1</arg>
<doc>Evaluates the given expression in Python and returns the result.</doc>
<msg timestamp="20240907 12:34:07.724" level="INFO">${cert_count} = 4</msg>
<status status="PASS" starttime="20240907 12:34:07.724" endtime="20240907 12:34:07.724"/>
</kw>
<kw name="Log To Console" library="BuiltIn">
<arg>${cert_count}</arg>
<doc>Logs the given message to the console.</doc>
<status status="PASS" starttime="20240907 12:34:07.724" endtime="20240907 12:34:07.724"/>
</kw>
<status status="PASS" starttime="20240907 12:34:07.694" endtime="20240907 12:34:07.724"/>
</branch>
<branch type="ELSE IF" condition="'${value}' == 'CN=DigiCert Global Root CA, OU=www.digicert.com, O=DigiCert Inc, C=US'">
<kw name="Evaluate" library="BuiltIn">
<var>${cert_count}</var>
<arg>${cert_count} + 1</arg>
<doc>Evaluates the given expression in Python and returns the result.</doc>
<status status="NOT RUN" starttime="20240907 12:34:07.724" endtime="20240907 12:34:07.724"/>
</kw>
<kw name="Log To Console" library="BuiltIn">
<arg>${cert_count}</arg>
<doc>Logs the given message to the console.</doc>
<status status="NOT RUN" starttime="20240907 12:34:07.724" endtime="20240907 12:34:07.724"/>
</kw>
<status status="NOT RUN" starttime="20240907 12:34:07.724" endtime="20240907 12:34:07.724"/>
</branch>
<branch type="ELSE IF" condition="'${value}' == 'CN=DigiCert RSA4096 Root G5, O=&quot;DigiCert, Inc.&quot;, C=US'">
<kw name="Evaluate" library="BuiltIn">
<var>${cert_count}</var>
<arg>${cert_count} + 1</arg>
<doc>Evaluates the given expression in Python and returns the result.</doc>
<status status="NOT RUN" starttime="20240907 12:34:07.724" endtime="20240907 12:34:07.724"/>
</kw>
<kw name="Log To Console" library="BuiltIn">
<arg>${cert_count}</arg>
<doc>Logs the given message to the console.</doc>
<status status="NOT RUN" starttime="20240907 12:34:07.724" endtime="20240907 12:34:07.724"/>
</kw>
<status status="NOT RUN" starttime="20240907 12:34:07.724" endtime="20240907 12:34:07.724"/>
</branch>
<branch type="ELSE">
<kw name="Log To Console" library="BuiltIn">
<arg>Certificate need to be uploaded</arg>
<doc>Logs the given message to the console.</doc>
<status status="NOT RUN" starttime="20240907 12:34:07.724" endtime="20240907 12:34:07.724"/>
</kw>
<status status="NOT RUN" starttime="20240907 12:34:07.724" endtime="20240907 12:34:07.724"/>
</branch>
<status status="PASS" starttime="20240907 12:34:07.694" endtime="20240907 12:34:07.724"/>
</if>
<status status="PASS" starttime="20240907 12:34:06.694" endtime="20240907 12:34:07.724"/>
</iter>
<iter>
<var name="${index}">1</var>
<kw name="Get Value" library="SAP_Tcode_Library">
<var>${value}</var>
<arg>wnd[0]/usr/tblS_TRUSTMANAGERPK_CTRL/txtPSECERTLIST-SUBJECT[0,${index}]</arg>
<doc>Gets the value of the given element. The possible return values depend on the type of element (see Return values).</doc>
<msg timestamp="20240907 12:34:07.740" level="INFO">${value} = CN=DigiCert Global Root CA, OU=www.digicert.com, O=DigiCert Inc, C=US</msg>
<status status="PASS" starttime="20240907 12:34:07.724" endtime="20240907 12:34:07.740"/>
</kw>
<kw name="Sleep" library="BuiltIn">
<arg>1</arg>
<doc>Pauses the test executed for the given time.</doc>
<msg timestamp="20240907 12:34:08.741" level="INFO">Slept 1 second</msg>
<status status="PASS" starttime="20240907 12:34:07.740" endtime="20240907 12:34:08.741"/>
</kw>
<if>
<branch type="IF" condition="'${value}' == 'CN=DigiCert Global Root G2, OU=www.digicert.com, O=DigiCert Inc, C=US'">
<kw name="Evaluate" library="BuiltIn">
<var>${cert_count}</var>
<arg>${cert_count} + 1</arg>
<doc>Evaluates the given expression in Python and returns the result.</doc>
<status status="NOT RUN" starttime="20240907 12:34:08.741" endtime="20240907 12:34:08.741"/>
</kw>
<kw name="Log To Console" library="BuiltIn">
<arg>${cert_count}</arg>
<doc>Logs the given message to the console.</doc>
<status status="NOT RUN" starttime="20240907 12:34:08.741" endtime="20240907 12:34:08.741"/>
</kw>
<status status="NOT RUN" starttime="20240907 12:34:08.741" endtime="20240907 12:34:08.741"/>
</branch>
<branch type="ELSE IF" condition="'${value}' == 'CN=DigiCert Global Root CA, OU=www.digicert.com, O=DigiCert Inc, C=US'">
<kw name="Evaluate" library="BuiltIn">
<var>${cert_count}</var>
<arg>${cert_count} + 1</arg>
<doc>Evaluates the given expression in Python and returns the result.</doc>
<msg timestamp="20240907 12:34:08.741" level="INFO">${cert_count} = 5</msg>
<status status="PASS" starttime="20240907 12:34:08.741" endtime="20240907 12:34:08.741"/>
</kw>
<kw name="Log To Console" library="BuiltIn">
<arg>${cert_count}</arg>
<doc>Logs the given message to the console.</doc>
<status status="PASS" starttime="20240907 12:34:08.741" endtime="20240907 12:34:08.741"/>
</kw>
<status status="PASS" starttime="20240907 12:34:08.741" endtime="20240907 12:34:08.741"/>
</branch>
<branch type="ELSE IF" condition="'${value}' == 'CN=DigiCert RSA4096 Root G5, O=&quot;DigiCert, Inc.&quot;, C=US'">
<kw name="Evaluate" library="BuiltIn">
<var>${cert_count}</var>
<arg>${cert_count} + 1</arg>
<doc>Evaluates the given expression in Python and returns the result.</doc>
<status status="NOT RUN" starttime="20240907 12:34:08.741" endtime="20240907 12:34:08.741"/>
</kw>
<kw name="Log To Console" library="BuiltIn">
<arg>${cert_count}</arg>
<doc>Logs the given message to the console.</doc>
<status status="NOT RUN" starttime="20240907 12:34:08.741" endtime="20240907 12:34:08.741"/>
</kw>
<status status="NOT RUN" starttime="20240907 12:34:08.741" endtime="20240907 12:34:08.741"/>
</branch>
<branch type="ELSE">
<kw name="Log To Console" library="BuiltIn">
<arg>Certificate need to be uploaded</arg>
<doc>Logs the given message to the console.</doc>
<status status="NOT RUN" starttime="20240907 12:34:08.741" endtime="20240907 12:34:08.741"/>
</kw>
<status status="NOT RUN" starttime="20240907 12:34:08.741" endtime="20240907 12:34:08.741"/>
</branch>
<status status="PASS" starttime="20240907 12:34:08.741" endtime="20240907 12:34:08.741"/>
</if>
<status status="PASS" starttime="20240907 12:34:07.724" endtime="20240907 12:34:08.741"/>
</iter>
<iter>
<var name="${index}">2</var>
<kw name="Get Value" library="SAP_Tcode_Library">
<var>${value}</var>
<arg>wnd[0]/usr/tblS_TRUSTMANAGERPK_CTRL/txtPSECERTLIST-SUBJECT[0,${index}]</arg>
<doc>Gets the value of the given element. The possible return values depend on the type of element (see Return values).</doc>
<msg timestamp="20240907 12:34:08.756" level="INFO">${value} = CN=DigiCert RSA4096 Root G5, O="DigiCert, Inc.", C=US</msg>
<status status="PASS" starttime="20240907 12:34:08.741" endtime="20240907 12:34:08.756"/>
</kw>
<kw name="Sleep" library="BuiltIn">
<arg>1</arg>
<doc>Pauses the test executed for the given time.</doc>
<msg timestamp="20240907 12:34:09.756" level="INFO">Slept 1 second</msg>
<status status="PASS" starttime="20240907 12:34:08.756" endtime="20240907 12:34:09.756"/>
</kw>
<if>
<branch type="IF" condition="'${value}' == 'CN=DigiCert Global Root G2, OU=www.digicert.com, O=DigiCert Inc, C=US'">
<kw name="Evaluate" library="BuiltIn">
<var>${cert_count}</var>
<arg>${cert_count} + 1</arg>
<doc>Evaluates the given expression in Python and returns the result.</doc>
<status status="NOT RUN" starttime="20240907 12:34:09.756" endtime="20240907 12:34:09.756"/>
</kw>
<kw name="Log To Console" library="BuiltIn">
<arg>${cert_count}</arg>
<doc>Logs the given message to the console.</doc>
<status status="NOT RUN" starttime="20240907 12:34:09.756" endtime="20240907 12:34:09.756"/>
</kw>
<status status="NOT RUN" starttime="20240907 12:34:09.756" endtime="20240907 12:34:09.756"/>
</branch>
<branch type="ELSE IF" condition="'${value}' == 'CN=DigiCert Global Root CA, OU=www.digicert.com, O=DigiCert Inc, C=US'">
<kw name="Evaluate" library="BuiltIn">
<var>${cert_count}</var>
<arg>${cert_count} + 1</arg>
<doc>Evaluates the given expression in Python and returns the result.</doc>
<status status="NOT RUN" starttime="20240907 12:34:09.756" endtime="20240907 12:34:09.756"/>
</kw>
<kw name="Log To Console" library="BuiltIn">
<arg>${cert_count}</arg>
<doc>Logs the given message to the console.</doc>
<status status="NOT RUN" starttime="20240907 12:34:09.756" endtime="20240907 12:34:09.756"/>
</kw>
<status status="NOT RUN" starttime="20240907 12:34:09.756" endtime="20240907 12:34:09.756"/>
</branch>
<branch type="ELSE IF" condition="'${value}' == 'CN=DigiCert RSA4096 Root G5, O=&quot;DigiCert, Inc.&quot;, C=US'">
<kw name="Evaluate" library="BuiltIn">
<var>${cert_count}</var>
<arg>${cert_count} + 1</arg>
<doc>Evaluates the given expression in Python and returns the result.</doc>
<msg timestamp="20240907 12:34:09.756" level="INFO">${cert_count} = 6</msg>
<status status="PASS" starttime="20240907 12:34:09.756" endtime="20240907 12:34:09.756"/>
</kw>
<kw name="Log To Console" library="BuiltIn">
<arg>${cert_count}</arg>
<doc>Logs the given message to the console.</doc>
<status status="PASS" starttime="20240907 12:34:09.756" endtime="20240907 12:34:09.756"/>
</kw>
<status status="PASS" starttime="20240907 12:34:09.756" endtime="20240907 12:34:09.756"/>
</branch>
<branch type="ELSE">
<kw name="Log To Console" library="BuiltIn">
<arg>Certificate need to be uploaded</arg>
<doc>Logs the given message to the console.</doc>
<status status="NOT RUN" starttime="20240907 12:34:09.756" endtime="20240907 12:34:09.756"/>
</kw>
<status status="NOT RUN" starttime="20240907 12:34:09.756" endtime="20240907 12:34:09.756"/>
</branch>
<status status="PASS" starttime="20240907 12:34:09.756" endtime="20240907 12:34:09.756"/>
</if>
<status status="PASS" starttime="20240907 12:34:08.741" endtime="20240907 12:34:09.756"/>
</iter>
<status status="PASS" starttime="20240907 12:34:06.694" endtime="20240907 12:34:09.756"/>
</for>
<status status="PASS" starttime="20240907 12:34:06.694" endtime="20240907 12:34:09.756"/>
</branch>
<status status="PASS" starttime="20240907 12:34:06.694" endtime="20240907 12:34:09.756"/>
</if>
<if>
<branch type="IF" condition="'${cert_count}' == '6'">
<kw name="Log To Console" library="BuiltIn">
<arg>all certificates available</arg>
<doc>Logs the given message to the console.</doc>
<status status="PASS" starttime="20240907 12:34:09.756" endtime="20240907 12:34:09.756"/>
</kw>
<status status="PASS" starttime="20240907 12:34:09.756" endtime="20240907 12:34:09.756"/>
</branch>
<branch type="ELSE">
<kw name="Log To Console" library="BuiltIn">
<arg>No certificates available</arg>
<doc>Logs the given message to the console.</doc>
<status status="NOT RUN" starttime="20240907 12:34:09.756" endtime="20240907 12:34:09.756"/>
</kw>
<status status="NOT RUN" starttime="20240907 12:34:09.756" endtime="20240907 12:34:09.756"/>
</branch>
<status status="PASS" starttime="20240907 12:34:09.756" endtime="20240907 12:34:09.756"/>
</if>
<status status="PASS" starttime="20240907 12:33:57.433" endtime="20240907 12:34:09.756"/>
</kw>
<status status="PASS" starttime="20240907 12:33:55.058" endtime="20240907 12:34:09.756"/>
</kw>
<tag>Pre_Req</tag>
<status status="PASS" starttime="20240907 12:33:55.057" endtime="20240907 12:34:09.756"/>
</test>
<kw name="System Logout" library="Verify_Pre_requisite" type="TEARDOWN">
<kw name="Run Transaction" library="SAP_Tcode_Library">
<arg>/nex</arg>
<doc>Runs a Sap transaction. An error is given when an unknown transaction is specified.</doc>
<status status="PASS" starttime="20240907 12:34:09.756" endtime="20240907 12:34:09.787"/>
</kw>
<status status="PASS" starttime="20240907 12:34:09.756" endtime="20240907 12:34:09.787"/>
</kw>
<status status="PASS" starttime="20240907 12:33:53.335" endtime="20240907 12:34:09.787"/>
</suite>
<doc>Testing functionality through Robot Framework</doc>
<meta name="environment">Dev</meta>
<meta name="test_browser_name">chrome</meta>
<meta name="test_browser_version">128.0.6613.120</meta>
<meta name="test_driver_version">128.0.6613.119 </meta>
<meta name="test_environment">Dev</meta>
<meta name="test_freeze_dependencies">astroid==3.2.3,attrs==23.2.0,beautifulsoup4==4.12.3,bs4==0.0.2,certifi==2024.7.4,cffi==1.16.0,chardet==5.2.0,charset-normalizer==3.3.2,click==8.1.7,colorama==0.4.6,cryptography==42.0.8,defusedxml==0.7.1,dill==0.3.8,docutils==0.21.2,et-xmlfile==1.1.0,ExcelLib==0.0.1b2,exceptiongroup==1.2.2,gitdb==4.0.11,GitPython==3.1.43,h11==0.14.0,idna==3.7,isort==5.13.2,Jinja2==3.1.4,jira==3.8.0,jsonpath-ng==1.6.1,jsonschema==4.23.0,jsonschema-specifications==2023.12.1,lazy-object-proxy==1.10.0,lxml==5.2.2,markdown-it-py==3.0.0,MarkupSafe==2.1.5,mccabe==0.7.0,mdurl==0.1.2,natsort==8.4.0,numpy==2.0.0,oauthlib==3.2.2,openpyxl==3.1.5,outcome==1.3.0.post0,packaging==24.1,pandas==2.2.2,pathspec==0.11.2,pillow==10.4.0,pip==24.1.2,platformdirs==4.2.2,ply==3.11,pycparser==2.22,Pygments==2.18.0,pylint==3.2.5,PySocks==1.7.1,python-dateutil==2.9.0.post0,pytz==2024.1,pywin32==306,PyYAML==6.0.1,referencing==0.35.1,requests==2.32.3,requests-oauthlib==2.0.0,requests-toolbelt==1.0.0,rich==13.7.1,rich-click==1.6.1,robotframework==6.0.2,robotframework-datadriver==1.9.0,robotframework-excellib==2.0.1,robotframework-jsonlibrary==0.5,robotframework-pabot==2.16.0,robotframework-pythonlibcore==4.2.0,robotframework-requests==0.9.2,robotframework-sapguilibrary==1.1,robotframework-seleniumlibrary==5.1.3,robotframework-stacktrace==0.4.1,robotframework-tidy==4.5.0,rpds-py==0.19.0,selenium==4.9.1,setuptools==71.0.2,six==1.16.0,smmap==5.0.1,sniffio==1.3.1,sortedcontainers==2.4.0,soupsieve==2.5,tomli==2.0.1,tomlkit==0.13.0,trio==0.26.0,trio-websocket==0.11.1,typing_extensions==4.12.2,tzdata==2024.1,urllib3==2.2.2,wheel==0.43.0,wrapt==1.16.0,wsproto==1.2.0,xlrd==2.0.1,XlsxWriter==3.2.0</meta>
<status status="PASS" starttime="20240907 12:33:49.567" endtime="20240907 12:34:09.850"/>
</suite>
<statistics>
<total>
<stat pass="1" fail="0" skip="0">All Tests</stat>
</total>
<tag>
<stat pass="1" fail="0" skip="0">Pre_Req</stat>
</tag>
<suite>
<stat pass="1" fail="0" skip="0" id="s1" name="Tests">Tests</stat>
<stat pass="1" fail="0" skip="0" id="s1-s1" name="Test Verify Pre requisite">Tests.Test Verify Pre requisite</stat>
</suite>
</statistics>
<errors>
</errors>
</robot>
