<?xml version="1.0" encoding="UTF-8"?>
<robot generator="Robot 6.0.2 (Python 3.9.13 on win32)" generated="20241126 11:32:43.390" rpa="false" schemaversion="3">
<suite id="s1" name="Tests" source="C:\Nike\SAPtesting\Tests">
<kw name="Setup highest level suite" type="SETUP">
<kw name="Set Variable" library="BuiltIn">
<var>${d.test_server}</var>
<arg>${test_server}</arg>
<doc>Returns the given values which can then be assigned to a variables.</doc>
<msg timestamp="20241126 11:32:44.047" level="INFO">${d.test_server} = Dev</msg>
<status status="PASS" starttime="20241126 11:32:44.047" endtime="20241126 11:32:44.047"/>
</kw>
<kw name="Reset screenshot count variable" library="Support">
<kw name="Set Variable" library="BuiltIn">
<var>${screenshotCount}</var>
<arg>${PABOTQUEUEINDEX}_1</arg>
<doc>Returns the given values which can then be assigned to a variables.</doc>
<msg timestamp="20241126 11:32:44.049" level="INFO">${screenshotCount} = 0_1</msg>
<status status="PASS" starttime="20241126 11:32:44.047" endtime="20241126 11:32:44.049"/>
</kw>
<kw name="Set Global Variable" library="BuiltIn">
<arg>${screenshotCount}</arg>
<doc>Makes a variable available globally in all tests and suites.</doc>
<msg timestamp="20241126 11:32:44.049" level="INFO">${screenshotCount} = 0_1</msg>
<status status="PASS" starttime="20241126 11:32:44.049" endtime="20241126 11:32:44.049"/>
</kw>
<kw name="Set up screenshot directory" library="Support">
<kw name="Create Directory" library="OperatingSystem">
<arg>${OUTPUTDIR}${/}${wvar('screenshot_dir')}</arg>
<doc>Creates the specified directory.</doc>
<msg timestamp="20241126 11:32:44.050" level="INFO">Web.Dev.screenshot_dir: Screenshot</msg>
<msg timestamp="20241126 11:32:44.052" level="INFO" html="true">Created directory '&lt;a href="file://C:\Nike\SAPtesting\Output\pabot_results\0\Screenshot"&gt;C:\Nike\SAPtesting\Output\pabot_results\0\Screenshot&lt;/a&gt;'.</msg>
<status status="PASS" starttime="20241126 11:32:44.049" endtime="20241126 11:32:44.052"/>
</kw>
<status status="PASS" starttime="20241126 11:32:44.049" endtime="20241126 11:32:44.052"/>
</kw>
<status status="PASS" starttime="20241126 11:32:44.047" endtime="20241126 11:32:44.052"/>
</kw>
<kw name="Set Global Variable" library="BuiltIn">
<arg>${screenshot_taking}</arg>
<arg>${True}</arg>
<doc>Makes a variable available globally in all tests and suites.</doc>
<msg timestamp="20241126 11:32:44.053" level="INFO">${screenshot_taking} = True</msg>
<status status="PASS" starttime="20241126 11:32:44.052" endtime="20241126 11:32:44.053"/>
</kw>
<kw name="Setup linux execution" library="Support">
<kw name="Run Keyword And Return Status" library="BuiltIn">
<var>${web_test_check}</var>
<arg>Variable Should Exist</arg>
<arg>${web_test}</arg>
<doc>Runs the given keyword with given arguments and returns the status as a Boolean value.</doc>
<kw name="Variable Should Exist" library="BuiltIn">
<arg>${web_test}</arg>
<doc>Fails unless the given variable exists within the current scope.</doc>
<status status="PASS" starttime="20241126 11:32:44.054" endtime="20241126 11:32:44.055"/>
</kw>
<msg timestamp="20241126 11:32:44.055" level="INFO">${web_test_check} = True</msg>
<status status="PASS" starttime="20241126 11:32:44.054" endtime="20241126 11:32:44.055"/>
</kw>
<kw name="Run Keyword If" library="BuiltIn">
<arg>${web_test_check}</arg>
<arg>Setup Docker Execution Options</arg>
<doc>Runs the given keyword with the given arguments, if ``condition`` is true.</doc>
<kw name="Setup Docker Execution Options" library="Support_Web">
<kw name="Setup Suite Metadata" library="Support_Web">
<arg>${browser}</arg>
<kw name="Get Browser Metadata" library="BrowserSupport">
<var>&amp;{browser_information}</var>
<arg>browser=${browser}</arg>
<doc>Fetches browser metadata information
:param browser: Name of the browser for which information is fetched
:param reload: Re-read the metadata based on the browser
:return: Browser metadata information, dict of format
            {"browser_version": browser version value,
             "driver_version": driver version value}</doc>
<msg timestamp="20241126 11:32:49.376" level="INFO">&amp;{browser_information} = { browser_version=131.0.6778.86 | driver_version=130.0.6723.58  }</msg>
<status status="PASS" starttime="20241126 11:32:44.056" endtime="20241126 11:32:49.377"/>
</kw>
<kw name="Set Suite Metadata" library="BuiltIn">
<arg>test_browser_name</arg>
<arg>${browser}</arg>
<doc>Sets metadata for the current test suite.</doc>
<msg timestamp="20241126 11:32:49.377" level="INFO">Set suite metadata 'test_browser_name' to value 'chrome'.</msg>
<status status="PASS" starttime="20241126 11:32:49.377" endtime="20241126 11:32:49.377"/>
</kw>
<kw name="Set Suite Metadata" library="BuiltIn">
<arg>test_browser_version</arg>
<arg>${browser_information.browser_version}</arg>
<doc>Sets metadata for the current test suite.</doc>
<msg timestamp="20241126 11:32:49.379" level="INFO">Set suite metadata 'test_browser_version' to value '131.0.6778.86'.</msg>
<status status="PASS" starttime="20241126 11:32:49.378" endtime="20241126 11:32:49.379"/>
</kw>
<kw name="Set Suite Metadata" library="BuiltIn">
<arg>test_driver_version</arg>
<arg>${browser_information.driver_version}</arg>
<doc>Sets metadata for the current test suite.</doc>
<msg timestamp="20241126 11:32:49.380" level="INFO">Set suite metadata 'test_driver_version' to value '130.0.6723.58 '.</msg>
<status status="PASS" starttime="20241126 11:32:49.379" endtime="20241126 11:32:49.380"/>
</kw>
<status status="PASS" starttime="20241126 11:32:44.056" endtime="20241126 11:32:49.380"/>
</kw>
<kw name="Setup Global Docker Execution Options" library="Support_Web">
<kw name="Set Global Variable" library="BuiltIn">
<arg>${global_browser_options}</arg>
<arg>None</arg>
<doc>Makes a variable available globally in all tests and suites.</doc>
<msg timestamp="20241126 11:32:49.382" level="INFO">${global_browser_options} = None</msg>
<status status="PASS" starttime="20241126 11:32:49.381" endtime="20241126 11:32:49.382"/>
</kw>
<kw name="Get Environment Variable" library="OperatingSystem">
<var>${docker_check}</var>
<arg>EXECUTION_ENVIRONMENT</arg>
<arg>not_found</arg>
<doc>Returns the value of an environment variable with the given name.</doc>
<msg timestamp="20241126 11:32:49.382" level="INFO">${docker_check} = not_found</msg>
<status status="PASS" starttime="20241126 11:32:49.382" endtime="20241126 11:32:49.382"/>
</kw>
<kw name="Run Keyword And Return If" library="BuiltIn">
<arg>"${docker_check}"!="docker"</arg>
<arg>Log</arg>
<arg>Not executing on Docker</arg>
<doc>Runs the specified keyword and returns from the enclosing user keyword.</doc>
<kw name="Log" library="BuiltIn">
<arg>Not executing on Docker</arg>
<doc>Logs the given message with the given level.</doc>
<msg timestamp="20241126 11:32:49.383" level="INFO">Not executing on Docker</msg>
<status status="PASS" starttime="20241126 11:32:49.382" endtime="20241126 11:32:49.383"/>
</kw>
<msg timestamp="20241126 11:32:49.383" level="INFO">Returning from the enclosing user keyword.</msg>
<status status="PASS" starttime="20241126 11:32:49.382" endtime="20241126 11:32:49.383"/>
</kw>
<kw name="Create List" library="BuiltIn">
<var>@{options}</var>
<arg>--headless</arg>
<arg>--no-sandbox</arg>
<arg>--disable-dev-shm-usage</arg>
<doc>Returns a list containing given items.</doc>
<status status="NOT RUN" starttime="20241126 11:32:49.383" endtime="20241126 11:32:49.383"/>
</kw>
<kw name="Set Global Variable" library="BuiltIn">
<arg>@{docker_options}</arg>
<arg>@{options}</arg>
<doc>Makes a variable available globally in all tests and suites.</doc>
<status status="NOT RUN" starttime="20241126 11:32:49.383" endtime="20241126 11:32:49.383"/>
</kw>
<status status="PASS" starttime="20241126 11:32:49.380" endtime="20241126 11:32:49.383"/>
</kw>
<kw name="Create Webdriver for chrome preferences" library="Support_Web">
<kw name="Update Docker Execution Options" library="Support_Web">
<var>${list_prefs}</var>
<arg>${list_prefs}</arg>
<kw name="Run Keyword And Return Status" library="BuiltIn">
<var>${docker_check}</var>
<arg>Variable Should Exist</arg>
<arg>${docker_options}</arg>
<doc>Runs the given keyword with given arguments and returns the status as a Boolean value.</doc>
<kw name="Variable Should Exist" library="BuiltIn">
<arg>${docker_options}</arg>
<doc>Fails unless the given variable exists within the current scope.</doc>
<msg timestamp="20241126 11:32:49.387" level="FAIL">Variable '${docker_options}' does not exist.</msg>
<status status="FAIL" starttime="20241126 11:32:49.384" endtime="20241126 11:32:49.387"/>
</kw>
<msg timestamp="20241126 11:32:49.387" level="INFO">${docker_check} = False</msg>
<status status="PASS" starttime="20241126 11:32:49.384" endtime="20241126 11:32:49.387"/>
</kw>
<kw name="Get Length" library="BuiltIn">
<var>${list_prefs_length}</var>
<arg>${list_prefs}</arg>
<doc>Returns and logs the length of the given item as an integer.</doc>
<msg timestamp="20241126 11:32:49.387" level="INFO">Length is 1</msg>
<msg timestamp="20241126 11:32:49.387" level="INFO">${list_prefs_length} = 1</msg>
<status status="PASS" starttime="20241126 11:32:49.387" endtime="20241126 11:32:49.387"/>
</kw>
<kw name="Run Keyword If" library="BuiltIn">
<var>${list_prefs}</var>
<arg>${docker_check} and ${list_prefs_length}&gt;0 and ${list_prefs}[0] != []</arg>
<arg>Combine Lists</arg>
<arg>${list_prefs}</arg>
<arg>${docker_options}</arg>
<arg>ELSE IF</arg>
<arg>${docker_check}</arg>
<arg>Set Variable</arg>
<arg>${docker_options}</arg>
<arg>ELSE</arg>
<arg>Set Variable</arg>
<arg>${list_prefs}</arg>
<doc>Runs the given keyword with the given arguments, if ``condition`` is true.</doc>
<kw name="Set Variable" library="BuiltIn">
<arg>${list_prefs}</arg>
<doc>Returns the given values which can then be assigned to a variables.</doc>
<status status="PASS" starttime="20241126 11:32:49.388" endtime="20241126 11:32:49.388"/>
</kw>
<msg timestamp="20241126 11:32:49.388" level="INFO">${list_prefs} = [[]]</msg>
<status status="PASS" starttime="20241126 11:32:49.388" endtime="20241126 11:32:49.388"/>
</kw>
<msg timestamp="20241126 11:32:49.388" level="INFO">${list_prefs} = [[]]</msg>
<status status="PASS" starttime="20241126 11:32:49.384" endtime="20241126 11:32:49.388"/>
</kw>
<kw name="Create Chrome Options for download preferences" library="Support_Web">
<var>${chrome_options}</var>
<kw name="Evaluate" library="BuiltIn">
<var>${chrome_options}</var>
<arg>sys.modules['selenium.webdriver'].ChromeOptions()</arg>
<arg>sys</arg>
<doc>Evaluates the given expression in Python and returns the result.</doc>
<msg timestamp="20241126 11:32:49.389" level="INFO">${chrome_options} = &lt;selenium.webdriver.chrome.options.Options object at 0x00000252FE5FB550&gt;</msg>
<status status="PASS" starttime="20241126 11:32:49.389" endtime="20241126 11:32:49.389"/>
</kw>
<msg timestamp="20241126 11:32:49.389" level="INFO">${chrome_options} = &lt;selenium.webdriver.chrome.options.Options object at 0x00000252FE5FB550&gt;</msg>
<status status="PASS" starttime="20241126 11:32:49.388" endtime="20241126 11:32:49.389"/>
</kw>
<kw name="Update Preferences List" library="Support_Web">
<arg>${chrome_options}</arg>
<arg>@{list_prefs}</arg>
<kw name="Convert To String" library="BuiltIn">
<var>${string_prefs}</var>
<arg>${list_prefs}</arg>
<doc>Converts the given item to a Unicode string.</doc>
<msg timestamp="20241126 11:32:49.390" level="INFO">${string_prefs} = [[]]</msg>
<status status="PASS" starttime="20241126 11:32:49.390" endtime="20241126 11:32:49.390"/>
</kw>
<kw name="Return From Keyword If" library="BuiltIn">
<arg>${string_prefs} == [[]]</arg>
<doc>Returns from the enclosing user keyword if ``condition`` is true.</doc>
<msg timestamp="20241126 11:32:49.390" level="INFO">Returning from the enclosing user keyword.</msg>
<status status="PASS" starttime="20241126 11:32:49.390" endtime="20241126 11:32:49.390"/>
</kw>
<for flavor="IN">
<var>${preference}</var>
<value>@{list_prefs}</value>
<iter>
<var name="${preference}"/>
<kw name="Call Method" library="BuiltIn">
<arg>${chrome_options}</arg>
<arg>add_argument</arg>
<arg>${preference}</arg>
<doc>Calls the named method of the given object with the provided arguments.</doc>
<status status="NOT RUN" starttime="20241126 11:32:49.392" endtime="20241126 11:32:49.392"/>
</kw>
<status status="NOT RUN" starttime="20241126 11:32:49.392" endtime="20241126 11:32:49.392"/>
</iter>
<status status="NOT RUN" starttime="20241126 11:32:49.390" endtime="20241126 11:32:49.392"/>
</for>
<status status="PASS" starttime="20241126 11:32:49.389" endtime="20241126 11:32:49.392"/>
</kw>
<kw name="Call Method" library="BuiltIn">
<arg>${chrome_options}</arg>
<arg>add_experimental_option</arg>
<arg>prefs</arg>
<arg>${kw_prefs}</arg>
<doc>Calls the named method of the given object with the provided arguments.</doc>
<status status="PASS" starttime="20241126 11:32:49.392" endtime="20241126 11:32:49.393"/>
</kw>
<kw name="Set Global Variable" library="BuiltIn">
<arg>${global_browser_options}</arg>
<arg>${chrome options}</arg>
<doc>Makes a variable available globally in all tests and suites.</doc>
<msg timestamp="20241126 11:32:49.393" level="INFO">${global_browser_options} = &lt;selenium.webdriver.chrome.options.Options object at 0x00000252FE5FB550&gt;</msg>
<status status="PASS" starttime="20241126 11:32:49.393" endtime="20241126 11:32:49.393"/>
</kw>
<status status="PASS" starttime="20241126 11:32:49.383" endtime="20241126 11:32:49.393"/>
</kw>
<status status="PASS" starttime="20241126 11:32:44.056" endtime="20241126 11:32:49.394"/>
</kw>
<status status="PASS" starttime="20241126 11:32:44.055" endtime="20241126 11:32:49.394"/>
</kw>
<status status="PASS" starttime="20241126 11:32:44.053" endtime="20241126 11:32:49.394"/>
</kw>
<kw name="Set Suite Metadata" library="BuiltIn">
<arg>environment</arg>
<arg>${test_server}</arg>
<doc>Sets metadata for the current test suite.</doc>
<msg timestamp="20241126 11:32:49.394" level="INFO">Set suite metadata 'environment' to value 'Dev'.</msg>
<status status="PASS" starttime="20241126 11:32:49.394" endtime="20241126 11:32:49.394"/>
</kw>
<status status="PASS" starttime="20241126 11:32:44.046" endtime="20241126 11:32:49.394"/>
</kw>
<suite id="s1-s1" name="Test Create Rental Invoice" source="C:\Nike\SAPtesting\Tests\Test_Create_Rental_Invoice.robot">
<kw name="System Logon" library="create_rental_invoice" type="SETUP">
<kw name="Start Process" library="Process">
<arg>${symvar('SAP_SERVER')}</arg>
<doc>Starts a new process on background.</doc>
<msg timestamp="20241126 11:32:50.751" level="INFO">Sym.Dev.SAP_SERVER: C:\Program Files\SAP\FrontEnd\SAPGUI\saplogon.exe</msg>
<msg timestamp="20241126 11:32:50.751" level="INFO">Starting process:
"C:\Program Files\SAP\FrontEnd\SAPGUI\saplogon.exe"</msg>
<status status="PASS" starttime="20241126 11:32:50.749" endtime="20241126 11:32:50.776"/>
</kw>
<kw name="Connect To Session" library="SAP_Tcode_Library">
<doc>Connects to an open session SAP.</doc>
<status status="PASS" starttime="20241126 11:32:50.776" endtime="20241126 11:32:50.847"/>
</kw>
<kw name="Open Connection" library="SAP_Tcode_Library">
<arg>${symvar('Rental_Connection')}</arg>
<doc>Opens a connection to the given connection name. Be sure to provide the full connection name, including the bracket part.</doc>
<msg timestamp="20241126 11:32:50.848" level="INFO">Sym.Dev.Rental_Connection: TS4</msg>
<status status="PASS" starttime="20241126 11:32:50.847" endtime="20241126 11:32:52.911"/>
</kw>
<kw name="Input Text" library="SAP_Tcode_Library">
<arg>wnd[0]/usr/txtRSYST-MANDT</arg>
<arg>${symvar('Rental_Client')}</arg>
<doc>Inserts the given text into the text field identified by locator.
Use keyword `input password` to insert a password in a text field.</doc>
<msg timestamp="20241126 11:32:52.912" level="INFO">Sym.Dev.Rental_Client: 001</msg>
<msg timestamp="20241126 11:32:52.923" level="INFO">Typing text '001' into text field 'wnd[0]/usr/txtRSYST-MANDT'.</msg>
<status status="PASS" starttime="20241126 11:32:52.911" endtime="20241126 11:32:52.923"/>
</kw>
<kw name="Input Text" library="SAP_Tcode_Library">
<arg>wnd[0]/usr/txtRSYST-BNAME</arg>
<arg>${symvar('Rental_User')}</arg>
<doc>Inserts the given text into the text field identified by locator.
Use keyword `input password` to insert a password in a text field.</doc>
<msg timestamp="20241126 11:32:52.924" level="INFO">Sym.Dev.Rental_User: naren</msg>
<msg timestamp="20241126 11:32:52.936" level="INFO">Typing text 'naren' into text field 'wnd[0]/usr/txtRSYST-BNAME'.</msg>
<status status="PASS" starttime="20241126 11:32:52.923" endtime="20241126 11:32:52.936"/>
</kw>
<kw name="Input Password" library="SAP_Tcode_Library">
<arg>wnd[0]/usr/pwdRSYST-BCODE</arg>
<arg>${symvar('RENTAL_PASSWORD')}</arg>
<doc>Inserts the given password into the text field identified by locator.
The password is not recorded in the log.</doc>
<msg timestamp="20241126 11:32:52.937" level="INFO">Sym.Dev.RENTAL_PASSWORD: Admin@1234</msg>
<msg timestamp="20241126 11:32:52.942" level="INFO">Typing password into text field 'wnd[0]/usr/pwdRSYST-BCODE'.</msg>
<status status="PASS" starttime="20241126 11:32:52.937" endtime="20241126 11:32:52.942"/>
</kw>
<kw name="Send Vkey" library="SAP_Tcode_Library">
<arg>0</arg>
<doc>Sends a SAP virtual key combination to the window, not into an element.
If you want to send a value to a text field, use `input text` instead.</doc>
<status status="PASS" starttime="20241126 11:32:52.942" endtime="20241126 11:32:53.541"/>
</kw>
<kw name="Multiple Logon Handling" library="SAP_Tcode_Library">
<arg>wnd[1]</arg>
<arg>wnd[1]/usr/radMULTI_LOGON_OPT2</arg>
<arg>wnd[1]/tbar[0]/btn[0]</arg>
<msg timestamp="20241126 11:32:55.065" level="INFO">Multiple logon exists</msg>
<status status="PASS" starttime="20241126 11:32:53.541" endtime="20241126 11:32:55.066"/>
</kw>
<status status="PASS" starttime="20241126 11:32:50.749" endtime="20241126 11:32:55.066"/>
</kw>
<test id="s1-s1-t1" name="Create the rental Invoice" line="9">
<kw name="Rental Invoice" library="create_rental_invoice">
<for flavor="IN">
<var>${contract}</var>
<value>@{symvar('documents')}</value>
<msg timestamp="20241126 11:32:55.069" level="INFO">Sym.Dev.documents: ['40000030', '40000031']</msg>
<iter>
<var name="${contract}">40000030</var>
<kw name="Set Global Variable" library="BuiltIn">
<arg>${contract}</arg>
<doc>Makes a variable available globally in all tests and suites.</doc>
<msg timestamp="20241126 11:32:55.069" level="INFO">${contract} = 40000030</msg>
<status status="PASS" starttime="20241126 11:32:55.069" endtime="20241126 11:32:55.069"/>
</kw>
<kw name="Run Transaction" library="SAP_Tcode_Library">
<arg>/nVA42</arg>
<doc>Runs a Sap transaction. An error is given when an unknown transaction is specified.</doc>
<status status="PASS" starttime="20241126 11:32:55.071" endtime="20241126 11:32:55.830"/>
</kw>
<kw name="Input Text" library="SAP_Tcode_Library">
<arg>wnd[0]/usr/ctxtVBAK-VBELN</arg>
<arg>${contract}</arg>
<doc>Inserts the given text into the text field identified by locator.
Use keyword `input password` to insert a password in a text field.</doc>
<msg timestamp="20241126 11:32:55.842" level="INFO">Typing text '40000030' into text field 'wnd[0]/usr/ctxtVBAK-VBELN'.</msg>
<status status="PASS" starttime="20241126 11:32:55.830" endtime="20241126 11:32:55.842"/>
</kw>
<kw name="Send Vkey" library="SAP_Tcode_Library">
<arg>0</arg>
<doc>Sends a SAP virtual key combination to the window, not into an element.
If you want to send a value to a text field, use `input text` instead.</doc>
<status status="PASS" starttime="20241126 11:32:55.842" endtime="20241126 11:32:57.315"/>
</kw>
<kw name="Sleep" library="BuiltIn">
<arg>2</arg>
<doc>Pauses the test executed for the given time.</doc>
<msg timestamp="20241126 11:32:59.318" level="INFO">Slept 2 seconds</msg>
<status status="PASS" starttime="20241126 11:32:57.316" endtime="20241126 11:32:59.318"/>
</kw>
<kw name="Click Element" library="SAP_Tcode_Library">
<arg>wnd[0]/usr/subSUBSCREEN_HEADER:SAPMV45A:4021/btnBT_HEAD</arg>
<doc>Performs a single click on a given element. Used only for buttons, tabs and menu items.</doc>
<status status="PASS" starttime="20241126 11:32:59.318" endtime="20241126 11:32:59.729"/>
</kw>
<kw name="Sleep" library="BuiltIn">
<arg>5</arg>
<doc>Pauses the test executed for the given time.</doc>
<msg timestamp="20241126 11:33:04.729" level="INFO">Slept 5 seconds</msg>
<status status="PASS" starttime="20241126 11:32:59.729" endtime="20241126 11:33:04.729"/>
</kw>
<kw name="Click Element" library="SAP_Tcode_Library">
<arg>wnd[0]/usr/tabsTAXI_TABSTRIP_HEAD/tabpT\\05</arg>
<doc>Performs a single click on a given element. Used only for buttons, tabs and menu items.</doc>
<status status="PASS" starttime="20241126 11:33:04.730" endtime="20241126 11:33:05.109"/>
</kw>
<kw name="Sleep" library="BuiltIn">
<arg>2</arg>
<doc>Pauses the test executed for the given time.</doc>
<msg timestamp="20241126 11:33:07.113" level="INFO">Slept 2 seconds</msg>
<status status="PASS" starttime="20241126 11:33:05.109" endtime="20241126 11:33:07.113"/>
</kw>
<kw name="Get Row Count" library="SAP_Tcode_Library">
<var>${row}</var>
<arg>wnd[0]/usr/tabsTAXI_TABSTRIP/tabpT\\05/ssubSUBSCREEN_BODY:SAPLV60F:4201/tblSAPLV60FTCTRL_FPLAN_PERIOD</arg>
<doc>Returns the number of rows found in the specified table.</doc>
<msg timestamp="20241126 11:33:07.120" level="INFO">${row} = 34</msg>
<status status="PASS" starttime="20241126 11:33:07.113" endtime="20241126 11:33:07.120"/>
</kw>
<kw name="Log To Console" library="BuiltIn">
<arg>${row}</arg>
<doc>Logs the given message to the console.</doc>
<status status="PASS" starttime="20241126 11:33:07.120" endtime="20241126 11:33:07.120"/>
</kw>
<for flavor="IN RANGE">
<var>${i}</var>
<value>0</value>
<value>${row}</value>
<iter>
<var name="${i}">0</var>
<kw name="Run Keyword And Return Status" library="BuiltIn">
<var>${is_visible}</var>
<arg>Get Value</arg>
<arg>wnd[0]/usr/tabsTAXI_TABSTRIP/tabpT\\05/ssubSUBSCREEN_BODY:SAPLV60F:4201/tblSAPLV60FTCTRL_FPLAN_PERIOD/ctxtRV60F-ABRBE[0,${i}]</arg>
<doc>Runs the given keyword with given arguments and returns the status as a Boolean value.</doc>
<kw name="Get Value" library="SAP_Tcode_Library">
<arg>wnd[0]/usr/tabsTAXI_TABSTRIP/tabpT\\05/ssubSUBSCREEN_BODY:SAPLV60F:4201/tblSAPLV60FTCTRL_FPLAN_PERIOD/ctxtRV60F-ABRBE[0,${i}]</arg>
<doc>Gets the value of the given element. The possible return values depend on the type of element (see Return values).</doc>
<status status="PASS" starttime="20241126 11:33:07.121" endtime="20241126 11:33:07.143"/>
</kw>
<msg timestamp="20241126 11:33:07.143" level="INFO">${is_visible} = True</msg>
<status status="PASS" starttime="20241126 11:33:07.121" endtime="20241126 11:33:07.143"/>
</kw>
<kw name="Run Keyword If" library="BuiltIn">
<arg>"${is_visible}" == "False"</arg>
<arg>Exit For Loop</arg>
<doc>Runs the given keyword with the given arguments, if ``condition`` is true.</doc>
<status status="PASS" starttime="20241126 11:33:07.143" endtime="20241126 11:33:07.144"/>
</kw>
<kw name="Get Value" library="SAP_Tcode_Library">
<var>${date}</var>
<arg>wnd[0]/usr/tabsTAXI_TABSTRIP/tabpT\\05/ssubSUBSCREEN_BODY:SAPLV60F:4201/tblSAPLV60FTCTRL_FPLAN_PERIOD/ctxtRV60F-ABRBE[0,${i}]</arg>
<doc>Gets the value of the given element. The possible return values depend on the type of element (see Return values).</doc>
<msg timestamp="20241126 11:33:07.155" level="INFO">${date} = 25.11.2024</msg>
<status status="PASS" starttime="20241126 11:33:07.144" endtime="20241126 11:33:07.155"/>
</kw>
<if>
<branch type="IF" condition="'${date}' == '${rental_date}'">
<kw name="Process rental invoice" library="create_rental_invoice">
<status status="NOT RUN" starttime="20241126 11:33:07.156" endtime="20241126 11:33:07.156"/>
</kw>
<kw name="Exit For Loop" library="BuiltIn">
<doc>Stops executing the enclosing FOR loop.</doc>
<status status="NOT RUN" starttime="20241126 11:33:07.156" endtime="20241126 11:33:07.156"/>
</kw>
<status status="NOT RUN" starttime="20241126 11:33:07.155" endtime="20241126 11:33:07.156"/>
</branch>
<status status="PASS" starttime="20241126 11:33:07.155" endtime="20241126 11:33:07.156"/>
</if>
<status status="PASS" starttime="20241126 11:33:07.121" endtime="20241126 11:33:07.156"/>
</iter>
<iter>
<var name="${i}">1</var>
<kw name="Run Keyword And Return Status" library="BuiltIn">
<var>${is_visible}</var>
<arg>Get Value</arg>
<arg>wnd[0]/usr/tabsTAXI_TABSTRIP/tabpT\\05/ssubSUBSCREEN_BODY:SAPLV60F:4201/tblSAPLV60FTCTRL_FPLAN_PERIOD/ctxtRV60F-ABRBE[0,${i}]</arg>
<doc>Runs the given keyword with given arguments and returns the status as a Boolean value.</doc>
<kw name="Get Value" library="SAP_Tcode_Library">
<arg>wnd[0]/usr/tabsTAXI_TABSTRIP/tabpT\\05/ssubSUBSCREEN_BODY:SAPLV60F:4201/tblSAPLV60FTCTRL_FPLAN_PERIOD/ctxtRV60F-ABRBE[0,${i}]</arg>
<doc>Gets the value of the given element. The possible return values depend on the type of element (see Return values).</doc>
<status status="PASS" starttime="20241126 11:33:07.157" endtime="20241126 11:33:07.181"/>
</kw>
<msg timestamp="20241126 11:33:07.181" level="INFO">${is_visible} = True</msg>
<status status="PASS" starttime="20241126 11:33:07.157" endtime="20241126 11:33:07.181"/>
</kw>
<kw name="Run Keyword If" library="BuiltIn">
<arg>"${is_visible}" == "False"</arg>
<arg>Exit For Loop</arg>
<doc>Runs the given keyword with the given arguments, if ``condition`` is true.</doc>
<status status="PASS" starttime="20241126 11:33:07.181" endtime="20241126 11:33:07.182"/>
</kw>
<kw name="Get Value" library="SAP_Tcode_Library">
<var>${date}</var>
<arg>wnd[0]/usr/tabsTAXI_TABSTRIP/tabpT\\05/ssubSUBSCREEN_BODY:SAPLV60F:4201/tblSAPLV60FTCTRL_FPLAN_PERIOD/ctxtRV60F-ABRBE[0,${i}]</arg>
<doc>Gets the value of the given element. The possible return values depend on the type of element (see Return values).</doc>
<msg timestamp="20241126 11:33:07.192" level="INFO">${date} = 01.12.2024</msg>
<status status="PASS" starttime="20241126 11:33:07.182" endtime="20241126 11:33:07.192"/>
</kw>
<if>
<branch type="IF" condition="'${date}' == '${rental_date}'">
<kw name="Process rental invoice" library="create_rental_invoice">
<status status="NOT RUN" starttime="20241126 11:33:07.193" endtime="20241126 11:33:07.193"/>
</kw>
<kw name="Exit For Loop" library="BuiltIn">
<doc>Stops executing the enclosing FOR loop.</doc>
<status status="NOT RUN" starttime="20241126 11:33:07.193" endtime="20241126 11:33:07.193"/>
</kw>
<status status="NOT RUN" starttime="20241126 11:33:07.192" endtime="20241126 11:33:07.193"/>
</branch>
<status status="PASS" starttime="20241126 11:33:07.192" endtime="20241126 11:33:07.193"/>
</if>
<status status="PASS" starttime="20241126 11:33:07.156" endtime="20241126 11:33:07.193"/>
</iter>
<iter>
<var name="${i}">2</var>
<kw name="Run Keyword And Return Status" library="BuiltIn">
<var>${is_visible}</var>
<arg>Get Value</arg>
<arg>wnd[0]/usr/tabsTAXI_TABSTRIP/tabpT\\05/ssubSUBSCREEN_BODY:SAPLV60F:4201/tblSAPLV60FTCTRL_FPLAN_PERIOD/ctxtRV60F-ABRBE[0,${i}]</arg>
<doc>Runs the given keyword with given arguments and returns the status as a Boolean value.</doc>
<kw name="Get Value" library="SAP_Tcode_Library">
<arg>wnd[0]/usr/tabsTAXI_TABSTRIP/tabpT\\05/ssubSUBSCREEN_BODY:SAPLV60F:4201/tblSAPLV60FTCTRL_FPLAN_PERIOD/ctxtRV60F-ABRBE[0,${i}]</arg>
<doc>Gets the value of the given element. The possible return values depend on the type of element (see Return values).</doc>
<status status="PASS" starttime="20241126 11:33:07.194" endtime="20241126 11:33:07.216"/>
</kw>
<msg timestamp="20241126 11:33:07.217" level="INFO">${is_visible} = True</msg>
<status status="PASS" starttime="20241126 11:33:07.193" endtime="20241126 11:33:07.217"/>
</kw>
<kw name="Run Keyword If" library="BuiltIn">
<arg>"${is_visible}" == "False"</arg>
<arg>Exit For Loop</arg>
<doc>Runs the given keyword with the given arguments, if ``condition`` is true.</doc>
<status status="PASS" starttime="20241126 11:33:07.217" endtime="20241126 11:33:07.217"/>
</kw>
<kw name="Get Value" library="SAP_Tcode_Library">
<var>${date}</var>
<arg>wnd[0]/usr/tabsTAXI_TABSTRIP/tabpT\\05/ssubSUBSCREEN_BODY:SAPLV60F:4201/tblSAPLV60FTCTRL_FPLAN_PERIOD/ctxtRV60F-ABRBE[0,${i}]</arg>
<doc>Gets the value of the given element. The possible return values depend on the type of element (see Return values).</doc>
<msg timestamp="20241126 11:33:07.229" level="INFO">${date} = 01.01.2025</msg>
<status status="PASS" starttime="20241126 11:33:07.217" endtime="20241126 11:33:07.229"/>
</kw>
<if>
<branch type="IF" condition="'${date}' == '${rental_date}'">
<kw name="Process rental invoice" library="create_rental_invoice">
<status status="NOT RUN" starttime="20241126 11:33:07.230" endtime="20241126 11:33:07.230"/>
</kw>
<kw name="Exit For Loop" library="BuiltIn">
<doc>Stops executing the enclosing FOR loop.</doc>
<status status="NOT RUN" starttime="20241126 11:33:07.230" endtime="20241126 11:33:07.230"/>
</kw>
<status status="NOT RUN" starttime="20241126 11:33:07.229" endtime="20241126 11:33:07.230"/>
</branch>
<status status="PASS" starttime="20241126 11:33:07.229" endtime="20241126 11:33:07.230"/>
</if>
<status status="PASS" starttime="20241126 11:33:07.193" endtime="20241126 11:33:07.230"/>
</iter>
<iter>
<var name="${i}">3</var>
<kw name="Run Keyword And Return Status" library="BuiltIn">
<var>${is_visible}</var>
<arg>Get Value</arg>
<arg>wnd[0]/usr/tabsTAXI_TABSTRIP/tabpT\\05/ssubSUBSCREEN_BODY:SAPLV60F:4201/tblSAPLV60FTCTRL_FPLAN_PERIOD/ctxtRV60F-ABRBE[0,${i}]</arg>
<doc>Runs the given keyword with given arguments and returns the status as a Boolean value.</doc>
<kw name="Get Value" library="SAP_Tcode_Library">
<arg>wnd[0]/usr/tabsTAXI_TABSTRIP/tabpT\\05/ssubSUBSCREEN_BODY:SAPLV60F:4201/tblSAPLV60FTCTRL_FPLAN_PERIOD/ctxtRV60F-ABRBE[0,${i}]</arg>
<doc>Gets the value of the given element. The possible return values depend on the type of element (see Return values).</doc>
<status status="PASS" starttime="20241126 11:33:07.231" endtime="20241126 11:33:07.252"/>
</kw>
<msg timestamp="20241126 11:33:07.252" level="INFO">${is_visible} = True</msg>
<status status="PASS" starttime="20241126 11:33:07.231" endtime="20241126 11:33:07.252"/>
</kw>
<kw name="Run Keyword If" library="BuiltIn">
<arg>"${is_visible}" == "False"</arg>
<arg>Exit For Loop</arg>
<doc>Runs the given keyword with the given arguments, if ``condition`` is true.</doc>
<status status="PASS" starttime="20241126 11:33:07.252" endtime="20241126 11:33:07.253"/>
</kw>
<kw name="Get Value" library="SAP_Tcode_Library">
<var>${date}</var>
<arg>wnd[0]/usr/tabsTAXI_TABSTRIP/tabpT\\05/ssubSUBSCREEN_BODY:SAPLV60F:4201/tblSAPLV60FTCTRL_FPLAN_PERIOD/ctxtRV60F-ABRBE[0,${i}]</arg>
<doc>Gets the value of the given element. The possible return values depend on the type of element (see Return values).</doc>
<msg timestamp="20241126 11:33:07.264" level="INFO">${date} = 01.02.2025</msg>
<status status="PASS" starttime="20241126 11:33:07.253" endtime="20241126 11:33:07.264"/>
</kw>
<if>
<branch type="IF" condition="'${date}' == '${rental_date}'">
<kw name="Process rental invoice" library="create_rental_invoice">
<status status="NOT RUN" starttime="20241126 11:33:07.265" endtime="20241126 11:33:07.265"/>
</kw>
<kw name="Exit For Loop" library="BuiltIn">
<doc>Stops executing the enclosing FOR loop.</doc>
<status status="NOT RUN" starttime="20241126 11:33:07.265" endtime="20241126 11:33:07.265"/>
</kw>
<status status="NOT RUN" starttime="20241126 11:33:07.265" endtime="20241126 11:33:07.265"/>
</branch>
<status status="PASS" starttime="20241126 11:33:07.265" endtime="20241126 11:33:07.265"/>
</if>
<status status="PASS" starttime="20241126 11:33:07.230" endtime="20241126 11:33:07.265"/>
</iter>
<iter>
<var name="${i}">4</var>
<kw name="Run Keyword And Return Status" library="BuiltIn">
<var>${is_visible}</var>
<arg>Get Value</arg>
<arg>wnd[0]/usr/tabsTAXI_TABSTRIP/tabpT\\05/ssubSUBSCREEN_BODY:SAPLV60F:4201/tblSAPLV60FTCTRL_FPLAN_PERIOD/ctxtRV60F-ABRBE[0,${i}]</arg>
<doc>Runs the given keyword with given arguments and returns the status as a Boolean value.</doc>
<kw name="Get Value" library="SAP_Tcode_Library">
<arg>wnd[0]/usr/tabsTAXI_TABSTRIP/tabpT\\05/ssubSUBSCREEN_BODY:SAPLV60F:4201/tblSAPLV60FTCTRL_FPLAN_PERIOD/ctxtRV60F-ABRBE[0,${i}]</arg>
<doc>Gets the value of the given element. The possible return values depend on the type of element (see Return values).</doc>
<status status="PASS" starttime="20241126 11:33:07.266" endtime="20241126 11:33:07.290"/>
</kw>
<msg timestamp="20241126 11:33:07.290" level="INFO">${is_visible} = True</msg>
<status status="PASS" starttime="20241126 11:33:07.266" endtime="20241126 11:33:07.290"/>
</kw>
<kw name="Run Keyword If" library="BuiltIn">
<arg>"${is_visible}" == "False"</arg>
<arg>Exit For Loop</arg>
<doc>Runs the given keyword with the given arguments, if ``condition`` is true.</doc>
<status status="PASS" starttime="20241126 11:33:07.290" endtime="20241126 11:33:07.291"/>
</kw>
<kw name="Get Value" library="SAP_Tcode_Library">
<var>${date}</var>
<arg>wnd[0]/usr/tabsTAXI_TABSTRIP/tabpT\\05/ssubSUBSCREEN_BODY:SAPLV60F:4201/tblSAPLV60FTCTRL_FPLAN_PERIOD/ctxtRV60F-ABRBE[0,${i}]</arg>
<doc>Gets the value of the given element. The possible return values depend on the type of element (see Return values).</doc>
<msg timestamp="20241126 11:33:07.303" level="INFO">${date} = 01.03.2025</msg>
<status status="PASS" starttime="20241126 11:33:07.291" endtime="20241126 11:33:07.303"/>
</kw>
<if>
<branch type="IF" condition="'${date}' == '${rental_date}'">
<kw name="Process rental invoice" library="create_rental_invoice">
<status status="NOT RUN" starttime="20241126 11:33:07.304" endtime="20241126 11:33:07.304"/>
</kw>
<kw name="Exit For Loop" library="BuiltIn">
<doc>Stops executing the enclosing FOR loop.</doc>
<status status="NOT RUN" starttime="20241126 11:33:07.304" endtime="20241126 11:33:07.304"/>
</kw>
<status status="NOT RUN" starttime="20241126 11:33:07.304" endtime="20241126 11:33:07.304"/>
</branch>
<status status="PASS" starttime="20241126 11:33:07.303" endtime="20241126 11:33:07.304"/>
</if>
<status status="PASS" starttime="20241126 11:33:07.265" endtime="20241126 11:33:07.304"/>
</iter>
<iter>
<var name="${i}">5</var>
<kw name="Run Keyword And Return Status" library="BuiltIn">
<var>${is_visible}</var>
<arg>Get Value</arg>
<arg>wnd[0]/usr/tabsTAXI_TABSTRIP/tabpT\\05/ssubSUBSCREEN_BODY:SAPLV60F:4201/tblSAPLV60FTCTRL_FPLAN_PERIOD/ctxtRV60F-ABRBE[0,${i}]</arg>
<doc>Runs the given keyword with given arguments and returns the status as a Boolean value.</doc>
<kw name="Get Value" library="SAP_Tcode_Library">
<arg>wnd[0]/usr/tabsTAXI_TABSTRIP/tabpT\\05/ssubSUBSCREEN_BODY:SAPLV60F:4201/tblSAPLV60FTCTRL_FPLAN_PERIOD/ctxtRV60F-ABRBE[0,${i}]</arg>
<doc>Gets the value of the given element. The possible return values depend on the type of element (see Return values).</doc>
<status status="PASS" starttime="20241126 11:33:07.305" endtime="20241126 11:33:07.330"/>
</kw>
<msg timestamp="20241126 11:33:07.330" level="INFO">${is_visible} = True</msg>
<status status="PASS" starttime="20241126 11:33:07.305" endtime="20241126 11:33:07.330"/>
</kw>
<kw name="Run Keyword If" library="BuiltIn">
<arg>"${is_visible}" == "False"</arg>
<arg>Exit For Loop</arg>
<doc>Runs the given keyword with the given arguments, if ``condition`` is true.</doc>
<status status="PASS" starttime="20241126 11:33:07.330" endtime="20241126 11:33:07.331"/>
</kw>
<kw name="Get Value" library="SAP_Tcode_Library">
<var>${date}</var>
<arg>wnd[0]/usr/tabsTAXI_TABSTRIP/tabpT\\05/ssubSUBSCREEN_BODY:SAPLV60F:4201/tblSAPLV60FTCTRL_FPLAN_PERIOD/ctxtRV60F-ABRBE[0,${i}]</arg>
<doc>Gets the value of the given element. The possible return values depend on the type of element (see Return values).</doc>
<msg timestamp="20241126 11:33:07.343" level="INFO">${date} = 01.04.2025</msg>
<status status="PASS" starttime="20241126 11:33:07.331" endtime="20241126 11:33:07.343"/>
</kw>
<if>
<branch type="IF" condition="'${date}' == '${rental_date}'">
<kw name="Process rental invoice" library="create_rental_invoice">
<status status="NOT RUN" starttime="20241126 11:33:07.343" endtime="20241126 11:33:07.343"/>
</kw>
<kw name="Exit For Loop" library="BuiltIn">
<doc>Stops executing the enclosing FOR loop.</doc>
<status status="NOT RUN" starttime="20241126 11:33:07.343" endtime="20241126 11:33:07.343"/>
</kw>
<status status="NOT RUN" starttime="20241126 11:33:07.343" endtime="20241126 11:33:07.344"/>
</branch>
<status status="PASS" starttime="20241126 11:33:07.343" endtime="20241126 11:33:07.344"/>
</if>
<status status="PASS" starttime="20241126 11:33:07.304" endtime="20241126 11:33:07.344"/>
</iter>
<iter>
<var name="${i}">6</var>
<kw name="Run Keyword And Return Status" library="BuiltIn">
<var>${is_visible}</var>
<arg>Get Value</arg>
<arg>wnd[0]/usr/tabsTAXI_TABSTRIP/tabpT\\05/ssubSUBSCREEN_BODY:SAPLV60F:4201/tblSAPLV60FTCTRL_FPLAN_PERIOD/ctxtRV60F-ABRBE[0,${i}]</arg>
<doc>Runs the given keyword with given arguments and returns the status as a Boolean value.</doc>
<kw name="Get Value" library="SAP_Tcode_Library">
<arg>wnd[0]/usr/tabsTAXI_TABSTRIP/tabpT\\05/ssubSUBSCREEN_BODY:SAPLV60F:4201/tblSAPLV60FTCTRL_FPLAN_PERIOD/ctxtRV60F-ABRBE[0,${i}]</arg>
<doc>Gets the value of the given element. The possible return values depend on the type of element (see Return values).</doc>
<status status="PASS" starttime="20241126 11:33:07.344" endtime="20241126 11:33:07.367"/>
</kw>
<msg timestamp="20241126 11:33:07.367" level="INFO">${is_visible} = True</msg>
<status status="PASS" starttime="20241126 11:33:07.344" endtime="20241126 11:33:07.367"/>
</kw>
<kw name="Run Keyword If" library="BuiltIn">
<arg>"${is_visible}" == "False"</arg>
<arg>Exit For Loop</arg>
<doc>Runs the given keyword with the given arguments, if ``condition`` is true.</doc>
<status status="PASS" starttime="20241126 11:33:07.367" endtime="20241126 11:33:07.368"/>
</kw>
<kw name="Get Value" library="SAP_Tcode_Library">
<var>${date}</var>
<arg>wnd[0]/usr/tabsTAXI_TABSTRIP/tabpT\\05/ssubSUBSCREEN_BODY:SAPLV60F:4201/tblSAPLV60FTCTRL_FPLAN_PERIOD/ctxtRV60F-ABRBE[0,${i}]</arg>
<doc>Gets the value of the given element. The possible return values depend on the type of element (see Return values).</doc>
<msg timestamp="20241126 11:33:07.377" level="INFO">${date} = 01.05.2025</msg>
<status status="PASS" starttime="20241126 11:33:07.368" endtime="20241126 11:33:07.377"/>
</kw>
<if>
<branch type="IF" condition="'${date}' == '${rental_date}'">
<kw name="Process rental invoice" library="create_rental_invoice">
<status status="NOT RUN" starttime="20241126 11:33:07.377" endtime="20241126 11:33:07.378"/>
</kw>
<kw name="Exit For Loop" library="BuiltIn">
<doc>Stops executing the enclosing FOR loop.</doc>
<status status="NOT RUN" starttime="20241126 11:33:07.378" endtime="20241126 11:33:07.378"/>
</kw>
<status status="NOT RUN" starttime="20241126 11:33:07.377" endtime="20241126 11:33:07.378"/>
</branch>
<status status="PASS" starttime="20241126 11:33:07.377" endtime="20241126 11:33:07.378"/>
</if>
<status status="PASS" starttime="20241126 11:33:07.344" endtime="20241126 11:33:07.378"/>
</iter>
<iter>
<var name="${i}">7</var>
<kw name="Run Keyword And Return Status" library="BuiltIn">
<var>${is_visible}</var>
<arg>Get Value</arg>
<arg>wnd[0]/usr/tabsTAXI_TABSTRIP/tabpT\\05/ssubSUBSCREEN_BODY:SAPLV60F:4201/tblSAPLV60FTCTRL_FPLAN_PERIOD/ctxtRV60F-ABRBE[0,${i}]</arg>
<doc>Runs the given keyword with given arguments and returns the status as a Boolean value.</doc>
<kw name="Get Value" library="SAP_Tcode_Library">
<arg>wnd[0]/usr/tabsTAXI_TABSTRIP/tabpT\\05/ssubSUBSCREEN_BODY:SAPLV60F:4201/tblSAPLV60FTCTRL_FPLAN_PERIOD/ctxtRV60F-ABRBE[0,${i}]</arg>
<doc>Gets the value of the given element. The possible return values depend on the type of element (see Return values).</doc>
<status status="PASS" starttime="20241126 11:33:07.379" endtime="20241126 11:33:07.403"/>
</kw>
<msg timestamp="20241126 11:33:07.403" level="INFO">${is_visible} = True</msg>
<status status="PASS" starttime="20241126 11:33:07.378" endtime="20241126 11:33:07.404"/>
</kw>
<kw name="Run Keyword If" library="BuiltIn">
<arg>"${is_visible}" == "False"</arg>
<arg>Exit For Loop</arg>
<doc>Runs the given keyword with the given arguments, if ``condition`` is true.</doc>
<status status="PASS" starttime="20241126 11:33:07.404" endtime="20241126 11:33:07.404"/>
</kw>
<kw name="Get Value" library="SAP_Tcode_Library">
<var>${date}</var>
<arg>wnd[0]/usr/tabsTAXI_TABSTRIP/tabpT\\05/ssubSUBSCREEN_BODY:SAPLV60F:4201/tblSAPLV60FTCTRL_FPLAN_PERIOD/ctxtRV60F-ABRBE[0,${i}]</arg>
<doc>Gets the value of the given element. The possible return values depend on the type of element (see Return values).</doc>
<msg timestamp="20241126 11:33:07.414" level="INFO">${date} = 01.06.2025</msg>
<status status="PASS" starttime="20241126 11:33:07.405" endtime="20241126 11:33:07.414"/>
</kw>
<if>
<branch type="IF" condition="'${date}' == '${rental_date}'">
<kw name="Process rental invoice" library="create_rental_invoice">
<status status="NOT RUN" starttime="20241126 11:33:07.414" endtime="20241126 11:33:07.415"/>
</kw>
<kw name="Exit For Loop" library="BuiltIn">
<doc>Stops executing the enclosing FOR loop.</doc>
<status status="NOT RUN" starttime="20241126 11:33:07.415" endtime="20241126 11:33:07.415"/>
</kw>
<status status="NOT RUN" starttime="20241126 11:33:07.414" endtime="20241126 11:33:07.415"/>
</branch>
<status status="PASS" starttime="20241126 11:33:07.414" endtime="20241126 11:33:07.415"/>
</if>
<status status="PASS" starttime="20241126 11:33:07.378" endtime="20241126 11:33:07.415"/>
</iter>
<iter>
<var name="${i}">8</var>
<kw name="Run Keyword And Return Status" library="BuiltIn">
<var>${is_visible}</var>
<arg>Get Value</arg>
<arg>wnd[0]/usr/tabsTAXI_TABSTRIP/tabpT\\05/ssubSUBSCREEN_BODY:SAPLV60F:4201/tblSAPLV60FTCTRL_FPLAN_PERIOD/ctxtRV60F-ABRBE[0,${i}]</arg>
<doc>Runs the given keyword with given arguments and returns the status as a Boolean value.</doc>
<kw name="Get Value" library="SAP_Tcode_Library">
<arg>wnd[0]/usr/tabsTAXI_TABSTRIP/tabpT\\05/ssubSUBSCREEN_BODY:SAPLV60F:4201/tblSAPLV60FTCTRL_FPLAN_PERIOD/ctxtRV60F-ABRBE[0,${i}]</arg>
<doc>Gets the value of the given element. The possible return values depend on the type of element (see Return values).</doc>
<status status="PASS" starttime="20241126 11:33:07.415" endtime="20241126 11:33:07.440"/>
</kw>
<msg timestamp="20241126 11:33:07.440" level="INFO">${is_visible} = True</msg>
<status status="PASS" starttime="20241126 11:33:07.415" endtime="20241126 11:33:07.440"/>
</kw>
<kw name="Run Keyword If" library="BuiltIn">
<arg>"${is_visible}" == "False"</arg>
<arg>Exit For Loop</arg>
<doc>Runs the given keyword with the given arguments, if ``condition`` is true.</doc>
<status status="PASS" starttime="20241126 11:33:07.440" endtime="20241126 11:33:07.440"/>
</kw>
<kw name="Get Value" library="SAP_Tcode_Library">
<var>${date}</var>
<arg>wnd[0]/usr/tabsTAXI_TABSTRIP/tabpT\\05/ssubSUBSCREEN_BODY:SAPLV60F:4201/tblSAPLV60FTCTRL_FPLAN_PERIOD/ctxtRV60F-ABRBE[0,${i}]</arg>
<doc>Gets the value of the given element. The possible return values depend on the type of element (see Return values).</doc>
<msg timestamp="20241126 11:33:07.451" level="INFO">${date} = 01.07.2025</msg>
<status status="PASS" starttime="20241126 11:33:07.440" endtime="20241126 11:33:07.451"/>
</kw>
<if>
<branch type="IF" condition="'${date}' == '${rental_date}'">
<kw name="Process rental invoice" library="create_rental_invoice">
<status status="NOT RUN" starttime="20241126 11:33:07.452" endtime="20241126 11:33:07.452"/>
</kw>
<kw name="Exit For Loop" library="BuiltIn">
<doc>Stops executing the enclosing FOR loop.</doc>
<status status="NOT RUN" starttime="20241126 11:33:07.452" endtime="20241126 11:33:07.452"/>
</kw>
<status status="NOT RUN" starttime="20241126 11:33:07.451" endtime="20241126 11:33:07.452"/>
</branch>
<status status="PASS" starttime="20241126 11:33:07.451" endtime="20241126 11:33:07.452"/>
</if>
<status status="PASS" starttime="20241126 11:33:07.415" endtime="20241126 11:33:07.452"/>
</iter>
<iter>
<var name="${i}">9</var>
<kw name="Run Keyword And Return Status" library="BuiltIn">
<var>${is_visible}</var>
<arg>Get Value</arg>
<arg>wnd[0]/usr/tabsTAXI_TABSTRIP/tabpT\\05/ssubSUBSCREEN_BODY:SAPLV60F:4201/tblSAPLV60FTCTRL_FPLAN_PERIOD/ctxtRV60F-ABRBE[0,${i}]</arg>
<doc>Runs the given keyword with given arguments and returns the status as a Boolean value.</doc>
<kw name="Get Value" library="SAP_Tcode_Library">
<arg>wnd[0]/usr/tabsTAXI_TABSTRIP/tabpT\\05/ssubSUBSCREEN_BODY:SAPLV60F:4201/tblSAPLV60FTCTRL_FPLAN_PERIOD/ctxtRV60F-ABRBE[0,${i}]</arg>
<doc>Gets the value of the given element. The possible return values depend on the type of element (see Return values).</doc>
<status status="PASS" starttime="20241126 11:33:07.453" endtime="20241126 11:33:07.476"/>
</kw>
<msg timestamp="20241126 11:33:07.476" level="INFO">${is_visible} = True</msg>
<status status="PASS" starttime="20241126 11:33:07.452" endtime="20241126 11:33:07.476"/>
</kw>
<kw name="Run Keyword If" library="BuiltIn">
<arg>"${is_visible}" == "False"</arg>
<arg>Exit For Loop</arg>
<doc>Runs the given keyword with the given arguments, if ``condition`` is true.</doc>
<status status="PASS" starttime="20241126 11:33:07.476" endtime="20241126 11:33:07.477"/>
</kw>
<kw name="Get Value" library="SAP_Tcode_Library">
<var>${date}</var>
<arg>wnd[0]/usr/tabsTAXI_TABSTRIP/tabpT\\05/ssubSUBSCREEN_BODY:SAPLV60F:4201/tblSAPLV60FTCTRL_FPLAN_PERIOD/ctxtRV60F-ABRBE[0,${i}]</arg>
<doc>Gets the value of the given element. The possible return values depend on the type of element (see Return values).</doc>
<msg timestamp="20241126 11:33:07.487" level="INFO">${date} = 01.08.2025</msg>
<status status="PASS" starttime="20241126 11:33:07.477" endtime="20241126 11:33:07.487"/>
</kw>
<if>
<branch type="IF" condition="'${date}' == '${rental_date}'">
<kw name="Process rental invoice" library="create_rental_invoice">
<status status="NOT RUN" starttime="20241126 11:33:07.488" endtime="20241126 11:33:07.488"/>
</kw>
<kw name="Exit For Loop" library="BuiltIn">
<doc>Stops executing the enclosing FOR loop.</doc>
<status status="NOT RUN" starttime="20241126 11:33:07.488" endtime="20241126 11:33:07.488"/>
</kw>
<status status="NOT RUN" starttime="20241126 11:33:07.487" endtime="20241126 11:33:07.488"/>
</branch>
<status status="PASS" starttime="20241126 11:33:07.487" endtime="20241126 11:33:07.488"/>
</if>
<status status="PASS" starttime="20241126 11:33:07.452" endtime="20241126 11:33:07.488"/>
</iter>
<iter>
<var name="${i}">10</var>
<kw name="Run Keyword And Return Status" library="BuiltIn">
<var>${is_visible}</var>
<arg>Get Value</arg>
<arg>wnd[0]/usr/tabsTAXI_TABSTRIP/tabpT\\05/ssubSUBSCREEN_BODY:SAPLV60F:4201/tblSAPLV60FTCTRL_FPLAN_PERIOD/ctxtRV60F-ABRBE[0,${i}]</arg>
<doc>Runs the given keyword with given arguments and returns the status as a Boolean value.</doc>
<kw name="Get Value" library="SAP_Tcode_Library">
<arg>wnd[0]/usr/tabsTAXI_TABSTRIP/tabpT\\05/ssubSUBSCREEN_BODY:SAPLV60F:4201/tblSAPLV60FTCTRL_FPLAN_PERIOD/ctxtRV60F-ABRBE[0,${i}]</arg>
<doc>Gets the value of the given element. The possible return values depend on the type of element (see Return values).</doc>
<status status="PASS" starttime="20241126 11:33:07.489" endtime="20241126 11:33:07.511"/>
</kw>
<msg timestamp="20241126 11:33:07.512" level="INFO">${is_visible} = True</msg>
<status status="PASS" starttime="20241126 11:33:07.488" endtime="20241126 11:33:07.512"/>
</kw>
<kw name="Run Keyword If" library="BuiltIn">
<arg>"${is_visible}" == "False"</arg>
<arg>Exit For Loop</arg>
<doc>Runs the given keyword with the given arguments, if ``condition`` is true.</doc>
<status status="PASS" starttime="20241126 11:33:07.512" endtime="20241126 11:33:07.512"/>
</kw>
<kw name="Get Value" library="SAP_Tcode_Library">
<var>${date}</var>
<arg>wnd[0]/usr/tabsTAXI_TABSTRIP/tabpT\\05/ssubSUBSCREEN_BODY:SAPLV60F:4201/tblSAPLV60FTCTRL_FPLAN_PERIOD/ctxtRV60F-ABRBE[0,${i}]</arg>
<doc>Gets the value of the given element. The possible return values depend on the type of element (see Return values).</doc>
<msg timestamp="20241126 11:33:07.523" level="INFO">${date} = 01.09.2025</msg>
<status status="PASS" starttime="20241126 11:33:07.512" endtime="20241126 11:33:07.523"/>
</kw>
<if>
<branch type="IF" condition="'${date}' == '${rental_date}'">
<kw name="Process rental invoice" library="create_rental_invoice">
<status status="NOT RUN" starttime="20241126 11:33:07.524" endtime="20241126 11:33:07.524"/>
</kw>
<kw name="Exit For Loop" library="BuiltIn">
<doc>Stops executing the enclosing FOR loop.</doc>
<status status="NOT RUN" starttime="20241126 11:33:07.524" endtime="20241126 11:33:07.524"/>
</kw>
<status status="NOT RUN" starttime="20241126 11:33:07.523" endtime="20241126 11:33:07.524"/>
</branch>
<status status="PASS" starttime="20241126 11:33:07.523" endtime="20241126 11:33:07.524"/>
</if>
<status status="PASS" starttime="20241126 11:33:07.488" endtime="20241126 11:33:07.524"/>
</iter>
<iter>
<var name="${i}">11</var>
<kw name="Run Keyword And Return Status" library="BuiltIn">
<var>${is_visible}</var>
<arg>Get Value</arg>
<arg>wnd[0]/usr/tabsTAXI_TABSTRIP/tabpT\\05/ssubSUBSCREEN_BODY:SAPLV60F:4201/tblSAPLV60FTCTRL_FPLAN_PERIOD/ctxtRV60F-ABRBE[0,${i}]</arg>
<doc>Runs the given keyword with given arguments and returns the status as a Boolean value.</doc>
<kw name="Get Value" library="SAP_Tcode_Library">
<arg>wnd[0]/usr/tabsTAXI_TABSTRIP/tabpT\\05/ssubSUBSCREEN_BODY:SAPLV60F:4201/tblSAPLV60FTCTRL_FPLAN_PERIOD/ctxtRV60F-ABRBE[0,${i}]</arg>
<doc>Gets the value of the given element. The possible return values depend on the type of element (see Return values).</doc>
<status status="PASS" starttime="20241126 11:33:07.524" endtime="20241126 11:33:07.549"/>
</kw>
<msg timestamp="20241126 11:33:07.549" level="INFO">${is_visible} = True</msg>
<status status="PASS" starttime="20241126 11:33:07.524" endtime="20241126 11:33:07.549"/>
</kw>
<kw name="Run Keyword If" library="BuiltIn">
<arg>"${is_visible}" == "False"</arg>
<arg>Exit For Loop</arg>
<doc>Runs the given keyword with the given arguments, if ``condition`` is true.</doc>
<status status="PASS" starttime="20241126 11:33:07.549" endtime="20241126 11:33:07.549"/>
</kw>
<kw name="Get Value" library="SAP_Tcode_Library">
<var>${date}</var>
<arg>wnd[0]/usr/tabsTAXI_TABSTRIP/tabpT\\05/ssubSUBSCREEN_BODY:SAPLV60F:4201/tblSAPLV60FTCTRL_FPLAN_PERIOD/ctxtRV60F-ABRBE[0,${i}]</arg>
<doc>Gets the value of the given element. The possible return values depend on the type of element (see Return values).</doc>
<msg timestamp="20241126 11:33:07.561" level="INFO">${date} = 01.10.2025</msg>
<status status="PASS" starttime="20241126 11:33:07.551" endtime="20241126 11:33:07.561"/>
</kw>
<if>
<branch type="IF" condition="'${date}' == '${rental_date}'">
<kw name="Process rental invoice" library="create_rental_invoice">
<kw name="Send Vkey" library="SAP_Tcode_Library">
<arg>2</arg>
<doc>Sends a SAP virtual key combination to the window, not into an element.
If you want to send a value to a text field, use `input text` instead.</doc>
<status status="PASS" starttime="20241126 11:33:07.562" endtime="20241126 11:33:07.893"/>
</kw>
<kw name="Input Text" library="SAP_Tcode_Library">
<arg>wnd[0]/usr/ctxtFPLT-FAKSP</arg>
<arg>${EMPTY }</arg>
<doc>Inserts the given text into the text field identified by locator.
Use keyword `input password` to insert a password in a text field.</doc>
<msg timestamp="20241126 11:33:07.943" level="INFO">Typing text '' into text field 'wnd[0]/usr/ctxtFPLT-FAKSP'.</msg>
<status status="PASS" starttime="20241126 11:33:07.893" endtime="20241126 11:33:07.943"/>
</kw>
<kw name="Click Element" library="SAP_Tcode_Library">
<arg>wnd[0]/tbar[0]/btn[3]</arg>
<doc>Performs a single click on a given element. Used only for buttons, tabs and menu items.</doc>
<status status="PASS" starttime="20241126 11:33:07.943" endtime="20241126 11:33:08.311"/>
</kw>
<kw name="Click Element" library="SAP_Tcode_Library">
<arg>wnd[0]/tbar[0]/btn[3]</arg>
<doc>Performs a single click on a given element. Used only for buttons, tabs and menu items.</doc>
<status status="PASS" starttime="20241126 11:33:08.311" endtime="20241126 11:33:09.074"/>
</kw>
<kw name="Click Element" library="SAP_Tcode_Library">
<arg>wnd[0]/tbar[0]/btn[11]</arg>
<doc>Performs a single click on a given element. Used only for buttons, tabs and menu items.</doc>
<status status="PASS" starttime="20241126 11:33:09.074" endtime="20241126 11:33:09.824"/>
</kw>
<kw name="Sleep" library="BuiltIn">
<arg>5</arg>
<doc>Pauses the test executed for the given time.</doc>
<msg timestamp="20241126 11:33:14.835" level="INFO">Slept 5 seconds</msg>
<status status="PASS" starttime="20241126 11:33:09.824" endtime="20241126 11:33:14.835"/>
</kw>
<kw name="Run Transaction" library="SAP_Tcode_Library">
<arg>/nVF01</arg>
<doc>Runs a Sap transaction. An error is given when an unknown transaction is specified.</doc>
<status status="PASS" starttime="20241126 11:33:14.836" endtime="20241126 11:33:15.248"/>
</kw>
<kw name="Sleep" library="BuiltIn">
<arg>5</arg>
<doc>Pauses the test executed for the given time.</doc>
<msg timestamp="20241126 11:33:20.256" level="INFO">Slept 5 seconds</msg>
<status status="PASS" starttime="20241126 11:33:15.248" endtime="20241126 11:33:20.256"/>
</kw>
<kw name="Input Text" library="SAP_Tcode_Library">
<arg>wnd[0]/usr/tblSAPMV60ATCTRL_ERF_FAKT/ctxtKOMFK-VBELN[0,0]</arg>
<arg>${contract}</arg>
<doc>Inserts the given text into the text field identified by locator.
Use keyword `input password` to insert a password in a text field.</doc>
<msg timestamp="20241126 11:33:20.271" level="INFO">Typing text '40000030' into text field 'wnd[0]/usr/tblSAPMV60ATCTRL_ERF_FAKT/ctxtKOMFK-VBELN[0,0]'.</msg>
<status status="PASS" starttime="20241126 11:33:20.257" endtime="20241126 11:33:20.271"/>
</kw>
<kw name="Get Current Date" library="DateTime">
<var>${current_date}</var>
<arg>result_format=%d.%m.%Y</arg>
<doc>Returns current local or UTC time with an optional increment.</doc>
<msg timestamp="20241126 11:33:20.272" level="INFO">${current_date} = 26.11.2024</msg>
<status status="PASS" starttime="20241126 11:33:20.271" endtime="20241126 11:33:20.272"/>
</kw>
<kw name="Input Text" library="SAP_Tcode_Library">
<arg>wnd[0]/usr/ctxtRV60A-FKDAT</arg>
<arg>${current_date}</arg>
<doc>Inserts the given text into the text field identified by locator.
Use keyword `input password` to insert a password in a text field.</doc>
<msg timestamp="20241126 11:33:20.277" level="INFO">Typing text '26.11.2024' into text field 'wnd[0]/usr/ctxtRV60A-FKDAT'.</msg>
<status status="PASS" starttime="20241126 11:33:20.272" endtime="20241126 11:33:20.280"/>
</kw>
<kw name="Send Vkey" library="SAP_Tcode_Library">
<arg>0</arg>
<doc>Sends a SAP virtual key combination to the window, not into an element.
If you want to send a value to a text field, use `input text` instead.</doc>
<status status="PASS" starttime="20241126 11:33:20.280" endtime="20241126 11:33:20.743"/>
</kw>
<kw name="Get Value" library="SAP_Tcode_Library">
<var>${status}</var>
<arg>wnd[0]/sbar/pane[0]</arg>
<doc>Gets the value of the given element. The possible return values depend on the type of element (see Return values).</doc>
<msg timestamp="20241126 11:33:20.789" level="INFO">${status} = No billing documents were generated. Please see log.</msg>
<status status="PASS" starttime="20241126 11:33:20.743" endtime="20241126 11:33:20.789"/>
</kw>
<if>
<branch type="IF" condition="'${status}' == 'No billing documents were generated. Please see log.'">
<kw name="Log To Console" library="BuiltIn">
<arg>For ${contract} ${status}</arg>
<doc>Logs the given message to the console.</doc>
<status status="PASS" starttime="20241126 11:33:20.791" endtime="20241126 11:33:20.791"/>
</kw>
<status status="PASS" starttime="20241126 11:33:20.790" endtime="20241126 11:33:20.791"/>
</branch>
<branch type="ELSE IF" condition="'${status}' == '${EMPTY}'">
<kw name="Sleep" library="BuiltIn">
<arg>10</arg>
<doc>Pauses the test executed for the given time.</doc>
<status status="NOT RUN" starttime="20241126 11:33:20.793" endtime="20241126 11:33:20.793"/>
</kw>
<kw name="Click Element" library="SAP_Tcode_Library">
<arg>wnd[0]/usr/btnTC_HEAD</arg>
<doc>Performs a single click on a given element. Used only for buttons, tabs and menu items.</doc>
<status status="NOT RUN" starttime="20241126 11:33:20.793" endtime="20241126 11:33:20.794"/>
</kw>
<kw name="Click Element" library="SAP_Tcode_Library">
<arg>wnd[0]/usr/tabsTABSTRIP_OVERVIEW/tabpKFTE</arg>
<doc>Performs a single click on a given element. Used only for buttons, tabs and menu items.</doc>
<status status="NOT RUN" starttime="20241126 11:33:20.794" endtime="20241126 11:33:20.794"/>
</kw>
<kw name="Doubleclick Element" library="SAP_Tcode_Library">
<arg>${rental_form}</arg>
<arg>0001</arg>
<arg>Column1</arg>
<doc>Performs a double-click on a given element. Used only for shell objects.</doc>
<status status="NOT RUN" starttime="20241126 11:33:20.794" endtime="20241126 11:33:20.794"/>
</kw>
<kw name="Input Text" library="SAP_Tcode_Library">
<arg>${rental_text}</arg>
<arg>${Text}</arg>
<doc>Inserts the given text into the text field identified by locator.
Use keyword `input password` to insert a password in a text field.</doc>
<status status="NOT RUN" starttime="20241126 11:33:20.795" endtime="20241126 11:33:20.795"/>
</kw>
<kw name="Sleep" library="BuiltIn">
<arg>5</arg>
<doc>Pauses the test executed for the given time.</doc>
<status status="NOT RUN" starttime="20241126 11:33:20.795" endtime="20241126 11:33:20.796"/>
</kw>
<kw name="Click Element" library="SAP_Tcode_Library">
<arg>wnd[0]/usr/tabsTABSTRIP_OVERVIEW/tabpKFCU</arg>
<doc>Performs a single click on a given element. Used only for buttons, tabs and menu items.</doc>
<status status="NOT RUN" starttime="20241126 11:33:20.796" endtime="20241126 11:33:20.796"/>
</kw>
<kw name="Input Text" library="SAP_Tcode_Library">
<arg>wnd[0]/usr/tabsTABSTRIP_OVERVIEW/tabpKFCU/ssubSUBSCREEN_BODY:SAPMV60A:6101/ssubCUSTOMER_SCREEN:ZZBILLHEADER:0100/txtVBRK-ZEINVOICE</arg>
<arg>NA</arg>
<doc>Inserts the given text into the text field identified by locator.
Use keyword `input password` to insert a password in a text field.</doc>
<status status="NOT RUN" starttime="20241126 11:33:20.796" endtime="20241126 11:33:20.796"/>
</kw>
<kw name="Sleep" library="BuiltIn">
<arg>2</arg>
<doc>Pauses the test executed for the given time.</doc>
<status status="NOT RUN" starttime="20241126 11:33:20.796" endtime="20241126 11:33:20.796"/>
</kw>
<kw name="Click Element" library="SAP_Tcode_Library">
<arg>wnd[0]/tbar[0]/btn[11]</arg>
<doc>Performs a single click on a given element. Used only for buttons, tabs and menu items.</doc>
<status status="NOT RUN" starttime="20241126 11:33:20.797" endtime="20241126 11:33:20.797"/>
</kw>
<kw name="Sleep" library="BuiltIn">
<arg>5</arg>
<doc>Pauses the test executed for the given time.</doc>
<status status="NOT RUN" starttime="20241126 11:33:20.797" endtime="20241126 11:33:20.798"/>
</kw>
<status status="NOT RUN" starttime="20241126 11:33:20.791" endtime="20241126 11:33:20.798"/>
</branch>
<status status="PASS" starttime="20241126 11:33:20.790" endtime="20241126 11:33:20.799"/>
</if>
<status status="PASS" starttime="20241126 11:33:07.562" endtime="20241126 11:33:20.799"/>
</kw>
<kw name="Exit For Loop" library="BuiltIn">
<doc>Stops executing the enclosing FOR loop.</doc>
<msg timestamp="20241126 11:33:20.799" level="INFO">Exiting for loop altogether.</msg>
<status status="PASS" starttime="20241126 11:33:20.799" endtime="20241126 11:33:20.801"/>
</kw>
<status status="PASS" starttime="20241126 11:33:07.561" endtime="20241126 11:33:20.801"/>
</branch>
<status status="PASS" starttime="20241126 11:33:07.561" endtime="20241126 11:33:20.801"/>
</if>
<status status="PASS" starttime="20241126 11:33:07.524" endtime="20241126 11:33:20.801"/>
</iter>
<status status="PASS" starttime="20241126 11:33:07.120" endtime="20241126 11:33:20.801"/>
</for>
<status status="PASS" starttime="20241126 11:32:55.069" endtime="20241126 11:33:20.801"/>
</iter>
<iter>
<var name="${contract}">40000031</var>
<kw name="Set Global Variable" library="BuiltIn">
<arg>${contract}</arg>
<doc>Makes a variable available globally in all tests and suites.</doc>
<msg timestamp="20241126 11:33:20.803" level="INFO">${contract} = 40000031</msg>
<status status="PASS" starttime="20241126 11:33:20.802" endtime="20241126 11:33:20.803"/>
</kw>
<kw name="Run Transaction" library="SAP_Tcode_Library">
<arg>/nVA42</arg>
<doc>Runs a Sap transaction. An error is given when an unknown transaction is specified.</doc>
<status status="PASS" starttime="20241126 11:33:20.803" endtime="20241126 11:33:21.233"/>
</kw>
<kw name="Input Text" library="SAP_Tcode_Library">
<arg>wnd[0]/usr/ctxtVBAK-VBELN</arg>
<arg>${contract}</arg>
<doc>Inserts the given text into the text field identified by locator.
Use keyword `input password` to insert a password in a text field.</doc>
<msg timestamp="20241126 11:33:21.249" level="INFO">Typing text '40000031' into text field 'wnd[0]/usr/ctxtVBAK-VBELN'.</msg>
<status status="PASS" starttime="20241126 11:33:21.234" endtime="20241126 11:33:21.249"/>
</kw>
<kw name="Send Vkey" library="SAP_Tcode_Library">
<arg>0</arg>
<doc>Sends a SAP virtual key combination to the window, not into an element.
If you want to send a value to a text field, use `input text` instead.</doc>
<status status="PASS" starttime="20241126 11:33:21.251" endtime="20241126 11:33:22.890"/>
</kw>
<kw name="Sleep" library="BuiltIn">
<arg>2</arg>
<doc>Pauses the test executed for the given time.</doc>
<msg timestamp="20241126 11:33:24.900" level="INFO">Slept 2 seconds</msg>
<status status="PASS" starttime="20241126 11:33:22.890" endtime="20241126 11:33:24.900"/>
</kw>
<kw name="Click Element" library="SAP_Tcode_Library">
<arg>wnd[0]/usr/subSUBSCREEN_HEADER:SAPMV45A:4021/btnBT_HEAD</arg>
<doc>Performs a single click on a given element. Used only for buttons, tabs and menu items.</doc>
<status status="PASS" starttime="20241126 11:33:24.901" endtime="20241126 11:33:25.313"/>
</kw>
<kw name="Sleep" library="BuiltIn">
<arg>5</arg>
<doc>Pauses the test executed for the given time.</doc>
<msg timestamp="20241126 11:33:30.329" level="INFO">Slept 5 seconds</msg>
<status status="PASS" starttime="20241126 11:33:25.313" endtime="20241126 11:33:30.329"/>
</kw>
<kw name="Click Element" library="SAP_Tcode_Library">
<arg>wnd[0]/usr/tabsTAXI_TABSTRIP_HEAD/tabpT\\05</arg>
<doc>Performs a single click on a given element. Used only for buttons, tabs and menu items.</doc>
<status status="PASS" starttime="20241126 11:33:30.330" endtime="20241126 11:33:30.853"/>
</kw>
<kw name="Sleep" library="BuiltIn">
<arg>2</arg>
<doc>Pauses the test executed for the given time.</doc>
<msg timestamp="20241126 11:33:32.864" level="INFO">Slept 2 seconds</msg>
<status status="PASS" starttime="20241126 11:33:30.853" endtime="20241126 11:33:32.864"/>
</kw>
<kw name="Get Row Count" library="SAP_Tcode_Library">
<var>${row}</var>
<arg>wnd[0]/usr/tabsTAXI_TABSTRIP/tabpT\\05/ssubSUBSCREEN_BODY:SAPLV60F:4201/tblSAPLV60FTCTRL_FPLAN_PERIOD</arg>
<doc>Returns the number of rows found in the specified table.</doc>
<msg timestamp="20241126 11:33:32.871" level="INFO">${row} = 34</msg>
<status status="PASS" starttime="20241126 11:33:32.864" endtime="20241126 11:33:32.871"/>
</kw>
<kw name="Log To Console" library="BuiltIn">
<arg>${row}</arg>
<doc>Logs the given message to the console.</doc>
<status status="PASS" starttime="20241126 11:33:32.872" endtime="20241126 11:33:32.873"/>
</kw>
<for flavor="IN RANGE">
<var>${i}</var>
<value>0</value>
<value>${row}</value>
<iter>
<var name="${i}">0</var>
<kw name="Run Keyword And Return Status" library="BuiltIn">
<var>${is_visible}</var>
<arg>Get Value</arg>
<arg>wnd[0]/usr/tabsTAXI_TABSTRIP/tabpT\\05/ssubSUBSCREEN_BODY:SAPLV60F:4201/tblSAPLV60FTCTRL_FPLAN_PERIOD/ctxtRV60F-ABRBE[0,${i}]</arg>
<doc>Runs the given keyword with given arguments and returns the status as a Boolean value.</doc>
<kw name="Get Value" library="SAP_Tcode_Library">
<arg>wnd[0]/usr/tabsTAXI_TABSTRIP/tabpT\\05/ssubSUBSCREEN_BODY:SAPLV60F:4201/tblSAPLV60FTCTRL_FPLAN_PERIOD/ctxtRV60F-ABRBE[0,${i}]</arg>
<doc>Gets the value of the given element. The possible return values depend on the type of element (see Return values).</doc>
<status status="PASS" starttime="20241126 11:33:32.874" endtime="20241126 11:33:32.906"/>
</kw>
<msg timestamp="20241126 11:33:32.906" level="INFO">${is_visible} = True</msg>
<status status="PASS" starttime="20241126 11:33:32.874" endtime="20241126 11:33:32.906"/>
</kw>
<kw name="Run Keyword If" library="BuiltIn">
<arg>"${is_visible}" == "False"</arg>
<arg>Exit For Loop</arg>
<doc>Runs the given keyword with the given arguments, if ``condition`` is true.</doc>
<status status="PASS" starttime="20241126 11:33:32.907" endtime="20241126 11:33:32.908"/>
</kw>
<kw name="Get Value" library="SAP_Tcode_Library">
<var>${date}</var>
<arg>wnd[0]/usr/tabsTAXI_TABSTRIP/tabpT\\05/ssubSUBSCREEN_BODY:SAPLV60F:4201/tblSAPLV60FTCTRL_FPLAN_PERIOD/ctxtRV60F-ABRBE[0,${i}]</arg>
<doc>Gets the value of the given element. The possible return values depend on the type of element (see Return values).</doc>
<msg timestamp="20241126 11:33:32.925" level="INFO">${date} = 25.11.2024</msg>
<status status="PASS" starttime="20241126 11:33:32.908" endtime="20241126 11:33:32.925"/>
</kw>
<if>
<branch type="IF" condition="'${date}' == '${rental_date}'">
<kw name="Process rental invoice" library="create_rental_invoice">
<status status="NOT RUN" starttime="20241126 11:33:32.927" endtime="20241126 11:33:32.927"/>
</kw>
<kw name="Exit For Loop" library="BuiltIn">
<doc>Stops executing the enclosing FOR loop.</doc>
<status status="NOT RUN" starttime="20241126 11:33:32.928" endtime="20241126 11:33:32.928"/>
</kw>
<status status="NOT RUN" starttime="20241126 11:33:32.926" endtime="20241126 11:33:32.928"/>
</branch>
<status status="PASS" starttime="20241126 11:33:32.926" endtime="20241126 11:33:32.928"/>
</if>
<status status="PASS" starttime="20241126 11:33:32.874" endtime="20241126 11:33:32.928"/>
</iter>
<iter>
<var name="${i}">1</var>
<kw name="Run Keyword And Return Status" library="BuiltIn">
<var>${is_visible}</var>
<arg>Get Value</arg>
<arg>wnd[0]/usr/tabsTAXI_TABSTRIP/tabpT\\05/ssubSUBSCREEN_BODY:SAPLV60F:4201/tblSAPLV60FTCTRL_FPLAN_PERIOD/ctxtRV60F-ABRBE[0,${i}]</arg>
<doc>Runs the given keyword with given arguments and returns the status as a Boolean value.</doc>
<kw name="Get Value" library="SAP_Tcode_Library">
<arg>wnd[0]/usr/tabsTAXI_TABSTRIP/tabpT\\05/ssubSUBSCREEN_BODY:SAPLV60F:4201/tblSAPLV60FTCTRL_FPLAN_PERIOD/ctxtRV60F-ABRBE[0,${i}]</arg>
<doc>Gets the value of the given element. The possible return values depend on the type of element (see Return values).</doc>
<status status="PASS" starttime="20241126 11:33:32.929" endtime="20241126 11:33:32.962"/>
</kw>
<msg timestamp="20241126 11:33:32.962" level="INFO">${is_visible} = True</msg>
<status status="PASS" starttime="20241126 11:33:32.928" endtime="20241126 11:33:32.962"/>
</kw>
<kw name="Run Keyword If" library="BuiltIn">
<arg>"${is_visible}" == "False"</arg>
<arg>Exit For Loop</arg>
<doc>Runs the given keyword with the given arguments, if ``condition`` is true.</doc>
<status status="PASS" starttime="20241126 11:33:32.962" endtime="20241126 11:33:32.963"/>
</kw>
<kw name="Get Value" library="SAP_Tcode_Library">
<var>${date}</var>
<arg>wnd[0]/usr/tabsTAXI_TABSTRIP/tabpT\\05/ssubSUBSCREEN_BODY:SAPLV60F:4201/tblSAPLV60FTCTRL_FPLAN_PERIOD/ctxtRV60F-ABRBE[0,${i}]</arg>
<doc>Gets the value of the given element. The possible return values depend on the type of element (see Return values).</doc>
<msg timestamp="20241126 11:33:32.977" level="INFO">${date} = 01.12.2024</msg>
<status status="PASS" starttime="20241126 11:33:32.964" endtime="20241126 11:33:32.977"/>
</kw>
<if>
<branch type="IF" condition="'${date}' == '${rental_date}'">
<kw name="Process rental invoice" library="create_rental_invoice">
<status status="NOT RUN" starttime="20241126 11:33:32.978" endtime="20241126 11:33:32.978"/>
</kw>
<kw name="Exit For Loop" library="BuiltIn">
<doc>Stops executing the enclosing FOR loop.</doc>
<status status="NOT RUN" starttime="20241126 11:33:32.978" endtime="20241126 11:33:32.979"/>
</kw>
<status status="NOT RUN" starttime="20241126 11:33:32.977" endtime="20241126 11:33:32.979"/>
</branch>
<status status="PASS" starttime="20241126 11:33:32.977" endtime="20241126 11:33:32.979"/>
</if>
<status status="PASS" starttime="20241126 11:33:32.928" endtime="20241126 11:33:32.979"/>
</iter>
<iter>
<var name="${i}">2</var>
<kw name="Run Keyword And Return Status" library="BuiltIn">
<var>${is_visible}</var>
<arg>Get Value</arg>
<arg>wnd[0]/usr/tabsTAXI_TABSTRIP/tabpT\\05/ssubSUBSCREEN_BODY:SAPLV60F:4201/tblSAPLV60FTCTRL_FPLAN_PERIOD/ctxtRV60F-ABRBE[0,${i}]</arg>
<doc>Runs the given keyword with given arguments and returns the status as a Boolean value.</doc>
<kw name="Get Value" library="SAP_Tcode_Library">
<arg>wnd[0]/usr/tabsTAXI_TABSTRIP/tabpT\\05/ssubSUBSCREEN_BODY:SAPLV60F:4201/tblSAPLV60FTCTRL_FPLAN_PERIOD/ctxtRV60F-ABRBE[0,${i}]</arg>
<doc>Gets the value of the given element. The possible return values depend on the type of element (see Return values).</doc>
<status status="PASS" starttime="20241126 11:33:32.981" endtime="20241126 11:33:33.007"/>
</kw>
<msg timestamp="20241126 11:33:33.007" level="INFO">${is_visible} = True</msg>
<status status="PASS" starttime="20241126 11:33:32.980" endtime="20241126 11:33:33.007"/>
</kw>
<kw name="Run Keyword If" library="BuiltIn">
<arg>"${is_visible}" == "False"</arg>
<arg>Exit For Loop</arg>
<doc>Runs the given keyword with the given arguments, if ``condition`` is true.</doc>
<status status="PASS" starttime="20241126 11:33:33.008" endtime="20241126 11:33:33.009"/>
</kw>
<kw name="Get Value" library="SAP_Tcode_Library">
<var>${date}</var>
<arg>wnd[0]/usr/tabsTAXI_TABSTRIP/tabpT\\05/ssubSUBSCREEN_BODY:SAPLV60F:4201/tblSAPLV60FTCTRL_FPLAN_PERIOD/ctxtRV60F-ABRBE[0,${i}]</arg>
<doc>Gets the value of the given element. The possible return values depend on the type of element (see Return values).</doc>
<msg timestamp="20241126 11:33:33.023" level="INFO">${date} = 01.01.2025</msg>
<status status="PASS" starttime="20241126 11:33:33.009" endtime="20241126 11:33:33.023"/>
</kw>
<if>
<branch type="IF" condition="'${date}' == '${rental_date}'">
<kw name="Process rental invoice" library="create_rental_invoice">
<status status="NOT RUN" starttime="20241126 11:33:33.024" endtime="20241126 11:33:33.024"/>
</kw>
<kw name="Exit For Loop" library="BuiltIn">
<doc>Stops executing the enclosing FOR loop.</doc>
<status status="NOT RUN" starttime="20241126 11:33:33.024" endtime="20241126 11:33:33.026"/>
</kw>
<status status="NOT RUN" starttime="20241126 11:33:33.023" endtime="20241126 11:33:33.026"/>
</branch>
<status status="PASS" starttime="20241126 11:33:33.023" endtime="20241126 11:33:33.026"/>
</if>
<status status="PASS" starttime="20241126 11:33:32.979" endtime="20241126 11:33:33.026"/>
</iter>
<iter>
<var name="${i}">3</var>
<kw name="Run Keyword And Return Status" library="BuiltIn">
<var>${is_visible}</var>
<arg>Get Value</arg>
<arg>wnd[0]/usr/tabsTAXI_TABSTRIP/tabpT\\05/ssubSUBSCREEN_BODY:SAPLV60F:4201/tblSAPLV60FTCTRL_FPLAN_PERIOD/ctxtRV60F-ABRBE[0,${i}]</arg>
<doc>Runs the given keyword with given arguments and returns the status as a Boolean value.</doc>
<kw name="Get Value" library="SAP_Tcode_Library">
<arg>wnd[0]/usr/tabsTAXI_TABSTRIP/tabpT\\05/ssubSUBSCREEN_BODY:SAPLV60F:4201/tblSAPLV60FTCTRL_FPLAN_PERIOD/ctxtRV60F-ABRBE[0,${i}]</arg>
<doc>Gets the value of the given element. The possible return values depend on the type of element (see Return values).</doc>
<status status="PASS" starttime="20241126 11:33:33.026" endtime="20241126 11:33:33.051"/>
</kw>
<msg timestamp="20241126 11:33:33.052" level="INFO">${is_visible} = True</msg>
<status status="PASS" starttime="20241126 11:33:33.026" endtime="20241126 11:33:33.052"/>
</kw>
<kw name="Run Keyword If" library="BuiltIn">
<arg>"${is_visible}" == "False"</arg>
<arg>Exit For Loop</arg>
<doc>Runs the given keyword with the given arguments, if ``condition`` is true.</doc>
<status status="PASS" starttime="20241126 11:33:33.052" endtime="20241126 11:33:33.053"/>
</kw>
<kw name="Get Value" library="SAP_Tcode_Library">
<var>${date}</var>
<arg>wnd[0]/usr/tabsTAXI_TABSTRIP/tabpT\\05/ssubSUBSCREEN_BODY:SAPLV60F:4201/tblSAPLV60FTCTRL_FPLAN_PERIOD/ctxtRV60F-ABRBE[0,${i}]</arg>
<doc>Gets the value of the given element. The possible return values depend on the type of element (see Return values).</doc>
<msg timestamp="20241126 11:33:33.067" level="INFO">${date} = 01.02.2025</msg>
<status status="PASS" starttime="20241126 11:33:33.054" endtime="20241126 11:33:33.067"/>
</kw>
<if>
<branch type="IF" condition="'${date}' == '${rental_date}'">
<kw name="Process rental invoice" library="create_rental_invoice">
<status status="NOT RUN" starttime="20241126 11:33:33.068" endtime="20241126 11:33:33.069"/>
</kw>
<kw name="Exit For Loop" library="BuiltIn">
<doc>Stops executing the enclosing FOR loop.</doc>
<status status="NOT RUN" starttime="20241126 11:33:33.069" endtime="20241126 11:33:33.069"/>
</kw>
<status status="NOT RUN" starttime="20241126 11:33:33.068" endtime="20241126 11:33:33.069"/>
</branch>
<status status="PASS" starttime="20241126 11:33:33.067" endtime="20241126 11:33:33.070"/>
</if>
<status status="PASS" starttime="20241126 11:33:33.026" endtime="20241126 11:33:33.070"/>
</iter>
<iter>
<var name="${i}">4</var>
<kw name="Run Keyword And Return Status" library="BuiltIn">
<var>${is_visible}</var>
<arg>Get Value</arg>
<arg>wnd[0]/usr/tabsTAXI_TABSTRIP/tabpT\\05/ssubSUBSCREEN_BODY:SAPLV60F:4201/tblSAPLV60FTCTRL_FPLAN_PERIOD/ctxtRV60F-ABRBE[0,${i}]</arg>
<doc>Runs the given keyword with given arguments and returns the status as a Boolean value.</doc>
<kw name="Get Value" library="SAP_Tcode_Library">
<arg>wnd[0]/usr/tabsTAXI_TABSTRIP/tabpT\\05/ssubSUBSCREEN_BODY:SAPLV60F:4201/tblSAPLV60FTCTRL_FPLAN_PERIOD/ctxtRV60F-ABRBE[0,${i}]</arg>
<doc>Gets the value of the given element. The possible return values depend on the type of element (see Return values).</doc>
<status status="PASS" starttime="20241126 11:33:33.072" endtime="20241126 11:33:33.099"/>
</kw>
<msg timestamp="20241126 11:33:33.100" level="INFO">${is_visible} = True</msg>
<status status="PASS" starttime="20241126 11:33:33.071" endtime="20241126 11:33:33.100"/>
</kw>
<kw name="Run Keyword If" library="BuiltIn">
<arg>"${is_visible}" == "False"</arg>
<arg>Exit For Loop</arg>
<doc>Runs the given keyword with the given arguments, if ``condition`` is true.</doc>
<status status="PASS" starttime="20241126 11:33:33.100" endtime="20241126 11:33:33.101"/>
</kw>
<kw name="Get Value" library="SAP_Tcode_Library">
<var>${date}</var>
<arg>wnd[0]/usr/tabsTAXI_TABSTRIP/tabpT\\05/ssubSUBSCREEN_BODY:SAPLV60F:4201/tblSAPLV60FTCTRL_FPLAN_PERIOD/ctxtRV60F-ABRBE[0,${i}]</arg>
<doc>Gets the value of the given element. The possible return values depend on the type of element (see Return values).</doc>
<msg timestamp="20241126 11:33:33.113" level="INFO">${date} = 01.03.2025</msg>
<status status="PASS" starttime="20241126 11:33:33.101" endtime="20241126 11:33:33.113"/>
</kw>
<if>
<branch type="IF" condition="'${date}' == '${rental_date}'">
<kw name="Process rental invoice" library="create_rental_invoice">
<status status="NOT RUN" starttime="20241126 11:33:33.114" endtime="20241126 11:33:33.116"/>
</kw>
<kw name="Exit For Loop" library="BuiltIn">
<doc>Stops executing the enclosing FOR loop.</doc>
<status status="NOT RUN" starttime="20241126 11:33:33.116" endtime="20241126 11:33:33.117"/>
</kw>
<status status="NOT RUN" starttime="20241126 11:33:33.114" endtime="20241126 11:33:33.117"/>
</branch>
<status status="PASS" starttime="20241126 11:33:33.114" endtime="20241126 11:33:33.117"/>
</if>
<status status="PASS" starttime="20241126 11:33:33.070" endtime="20241126 11:33:33.117"/>
</iter>
<iter>
<var name="${i}">5</var>
<kw name="Run Keyword And Return Status" library="BuiltIn">
<var>${is_visible}</var>
<arg>Get Value</arg>
<arg>wnd[0]/usr/tabsTAXI_TABSTRIP/tabpT\\05/ssubSUBSCREEN_BODY:SAPLV60F:4201/tblSAPLV60FTCTRL_FPLAN_PERIOD/ctxtRV60F-ABRBE[0,${i}]</arg>
<doc>Runs the given keyword with given arguments and returns the status as a Boolean value.</doc>
<kw name="Get Value" library="SAP_Tcode_Library">
<arg>wnd[0]/usr/tabsTAXI_TABSTRIP/tabpT\\05/ssubSUBSCREEN_BODY:SAPLV60F:4201/tblSAPLV60FTCTRL_FPLAN_PERIOD/ctxtRV60F-ABRBE[0,${i}]</arg>
<doc>Gets the value of the given element. The possible return values depend on the type of element (see Return values).</doc>
<status status="PASS" starttime="20241126 11:33:33.119" endtime="20241126 11:33:33.146"/>
</kw>
<msg timestamp="20241126 11:33:33.148" level="INFO">${is_visible} = True</msg>
<status status="PASS" starttime="20241126 11:33:33.118" endtime="20241126 11:33:33.148"/>
</kw>
<kw name="Run Keyword If" library="BuiltIn">
<arg>"${is_visible}" == "False"</arg>
<arg>Exit For Loop</arg>
<doc>Runs the given keyword with the given arguments, if ``condition`` is true.</doc>
<status status="PASS" starttime="20241126 11:33:33.148" endtime="20241126 11:33:33.149"/>
</kw>
<kw name="Get Value" library="SAP_Tcode_Library">
<var>${date}</var>
<arg>wnd[0]/usr/tabsTAXI_TABSTRIP/tabpT\\05/ssubSUBSCREEN_BODY:SAPLV60F:4201/tblSAPLV60FTCTRL_FPLAN_PERIOD/ctxtRV60F-ABRBE[0,${i}]</arg>
<doc>Gets the value of the given element. The possible return values depend on the type of element (see Return values).</doc>
<msg timestamp="20241126 11:33:33.161" level="INFO">${date} = 01.04.2025</msg>
<status status="PASS" starttime="20241126 11:33:33.149" endtime="20241126 11:33:33.161"/>
</kw>
<if>
<branch type="IF" condition="'${date}' == '${rental_date}'">
<kw name="Process rental invoice" library="create_rental_invoice">
<status status="NOT RUN" starttime="20241126 11:33:33.163" endtime="20241126 11:33:33.163"/>
</kw>
<kw name="Exit For Loop" library="BuiltIn">
<doc>Stops executing the enclosing FOR loop.</doc>
<status status="NOT RUN" starttime="20241126 11:33:33.164" endtime="20241126 11:33:33.164"/>
</kw>
<status status="NOT RUN" starttime="20241126 11:33:33.161" endtime="20241126 11:33:33.164"/>
</branch>
<status status="PASS" starttime="20241126 11:33:33.161" endtime="20241126 11:33:33.164"/>
[...]
<kw name="Process rental invoice" library="create_rental_invoice">
<status status="NOT RUN" starttime="20241126 11:33:33.309" endtime="20241126 11:33:33.310"/>
</kw>
<kw name="Exit For Loop" library="BuiltIn">
<doc>Stops executing the enclosing FOR loop.</doc>
<status status="NOT RUN" starttime="20241126 11:33:33.310" endtime="20241126 11:33:33.310"/>
</kw>
<status status="NOT RUN" starttime="20241126 11:33:33.309" endtime="20241126 11:33:33.310"/>
</branch>
<status status="PASS" starttime="20241126 11:33:33.309" endtime="20241126 11:33:33.310"/>
</if>
<status status="PASS" starttime="20241126 11:33:33.259" endtime="20241126 11:33:33.310"/>
</iter>
<iter>
<var name="${i}">9</var>
<kw name="Run Keyword And Return Status" library="BuiltIn">
<var>${is_visible}</var>
<arg>Get Value</arg>
<arg>wnd[0]/usr/tabsTAXI_TABSTRIP/tabpT\\05/ssubSUBSCREEN_BODY:SAPLV60F:4201/tblSAPLV60FTCTRL_FPLAN_PERIOD/ctxtRV60F-ABRBE[0,${i}]</arg>
<doc>Runs the given keyword with given arguments and returns the status as a Boolean value.</doc>
<kw name="Get Value" library="SAP_Tcode_Library">
<arg>wnd[0]/usr/tabsTAXI_TABSTRIP/tabpT\\05/ssubSUBSCREEN_BODY:SAPLV60F:4201/tblSAPLV60FTCTRL_FPLAN_PERIOD/ctxtRV60F-ABRBE[0,${i}]</arg>
<doc>Gets the value of the given element. The possible return values depend on the type of element (see Return values).</doc>
<status status="PASS" starttime="20241126 11:33:33.311" endtime="20241126 11:33:33.338"/>
</kw>
<msg timestamp="20241126 11:33:33.338" level="INFO">${is_visible} = True</msg>
<status status="PASS" starttime="20241126 11:33:33.311" endtime="20241126 11:33:33.338"/>
</kw>
<kw name="Run Keyword If" library="BuiltIn">
<arg>"${is_visible}" == "False"</arg>
<arg>Exit For Loop</arg>
<doc>Runs the given keyword with the given arguments, if ``condition`` is true.</doc>
<status status="PASS" starttime="20241126 11:33:33.338" endtime="20241126 11:33:33.339"/>
</kw>
<kw name="Get Value" library="SAP_Tcode_Library">
<var>${date}</var>
<arg>wnd[0]/usr/tabsTAXI_TABSTRIP/tabpT\\05/ssubSUBSCREEN_BODY:SAPLV60F:4201/tblSAPLV60FTCTRL_FPLAN_PERIOD/ctxtRV60F-ABRBE[0,${i}]</arg>
<doc>Gets the value of the given element. The possible return values depend on the type of element (see Return values).</doc>
<msg timestamp="20241126 11:33:33.352" level="INFO">${date} = 01.08.2025</msg>
<status status="PASS" starttime="20241126 11:33:33.340" endtime="20241126 11:33:33.352"/>
</kw>
<if>
<branch type="IF" condition="'${date}' == '${rental_date}'">
<kw name="Process rental invoice" library="create_rental_invoice">
<status status="NOT RUN" starttime="20241126 11:33:33.353" endtime="20241126 11:33:33.353"/>
</kw>
<kw name="Exit For Loop" library="BuiltIn">
<doc>Stops executing the enclosing FOR loop.</doc>
<status status="NOT RUN" starttime="20241126 11:33:33.353" endtime="20241126 11:33:33.354"/>
</kw>
<status status="NOT RUN" starttime="20241126 11:33:33.352" endtime="20241126 11:33:33.354"/>
</branch>
<status status="PASS" starttime="20241126 11:33:33.352" endtime="20241126 11:33:33.354"/>
</if>
<status status="PASS" starttime="20241126 11:33:33.310" endtime="20241126 11:33:33.354"/>
</iter>
<iter>
<var name="${i}">10</var>
<kw name="Run Keyword And Return Status" library="BuiltIn">
<var>${is_visible}</var>
<arg>Get Value</arg>
<arg>wnd[0]/usr/tabsTAXI_TABSTRIP/tabpT\\05/ssubSUBSCREEN_BODY:SAPLV60F:4201/tblSAPLV60FTCTRL_FPLAN_PERIOD/ctxtRV60F-ABRBE[0,${i}]</arg>
<doc>Runs the given keyword with given arguments and returns the status as a Boolean value.</doc>
<kw name="Get Value" library="SAP_Tcode_Library">
<arg>wnd[0]/usr/tabsTAXI_TABSTRIP/tabpT\\05/ssubSUBSCREEN_BODY:SAPLV60F:4201/tblSAPLV60FTCTRL_FPLAN_PERIOD/ctxtRV60F-ABRBE[0,${i}]</arg>
<doc>Gets the value of the given element. The possible return values depend on the type of element (see Return values).</doc>
<status status="PASS" starttime="20241126 11:33:33.356" endtime="20241126 11:33:33.382"/>
</kw>
<msg timestamp="20241126 11:33:33.382" level="INFO">${is_visible} = True</msg>
<status status="PASS" starttime="20241126 11:33:33.354" endtime="20241126 11:33:33.382"/>
</kw>
<kw name="Run Keyword If" library="BuiltIn">
<arg>"${is_visible}" == "False"</arg>
<arg>Exit For Loop</arg>
<doc>Runs the given keyword with the given arguments, if ``condition`` is true.</doc>
<status status="PASS" starttime="20241126 11:33:33.382" endtime="20241126 11:33:33.383"/>
</kw>
<kw name="Get Value" library="SAP_Tcode_Library">
<var>${date}</var>
<arg>wnd[0]/usr/tabsTAXI_TABSTRIP/tabpT\\05/ssubSUBSCREEN_BODY:SAPLV60F:4201/tblSAPLV60FTCTRL_FPLAN_PERIOD/ctxtRV60F-ABRBE[0,${i}]</arg>
<doc>Gets the value of the given element. The possible return values depend on the type of element (see Return values).</doc>
<msg timestamp="20241126 11:33:33.396" level="INFO">${date} = 01.09.2025</msg>
<status status="PASS" starttime="20241126 11:33:33.384" endtime="20241126 11:33:33.396"/>
</kw>
<if>
<branch type="IF" condition="'${date}' == '${rental_date}'">
<kw name="Process rental invoice" library="create_rental_invoice">
<status status="NOT RUN" starttime="20241126 11:33:33.397" endtime="20241126 11:33:33.397"/>
</kw>
<kw name="Exit For Loop" library="BuiltIn">
<doc>Stops executing the enclosing FOR loop.</doc>
<status status="NOT RUN" starttime="20241126 11:33:33.398" endtime="20241126 11:33:33.398"/>
</kw>
<status status="NOT RUN" starttime="20241126 11:33:33.396" endtime="20241126 11:33:33.398"/>
</branch>
<status status="PASS" starttime="20241126 11:33:33.396" endtime="20241126 11:33:33.398"/>
</if>
<status status="PASS" starttime="20241126 11:33:33.354" endtime="20241126 11:33:33.398"/>
</iter>
<iter>
<var name="${i}">11</var>
<kw name="Run Keyword And Return Status" library="BuiltIn">
<var>${is_visible}</var>
<arg>Get Value</arg>
<arg>wnd[0]/usr/tabsTAXI_TABSTRIP/tabpT\\05/ssubSUBSCREEN_BODY:SAPLV60F:4201/tblSAPLV60FTCTRL_FPLAN_PERIOD/ctxtRV60F-ABRBE[0,${i}]</arg>
<doc>Runs the given keyword with given arguments and returns the status as a Boolean value.</doc>
<kw name="Get Value" library="SAP_Tcode_Library">
<arg>wnd[0]/usr/tabsTAXI_TABSTRIP/tabpT\\05/ssubSUBSCREEN_BODY:SAPLV60F:4201/tblSAPLV60FTCTRL_FPLAN_PERIOD/ctxtRV60F-ABRBE[0,${i}]</arg>
<doc>Gets the value of the given element. The possible return values depend on the type of element (see Return values).</doc>
<status status="PASS" starttime="20241126 11:33:33.400" endtime="20241126 11:33:33.425"/>
</kw>
<msg timestamp="20241126 11:33:33.425" level="INFO">${is_visible} = True</msg>
<status status="PASS" starttime="20241126 11:33:33.399" endtime="20241126 11:33:33.425"/>
</kw>
<kw name="Run Keyword If" library="BuiltIn">
<arg>"${is_visible}" == "False"</arg>
<arg>Exit For Loop</arg>
<doc>Runs the given keyword with the given arguments, if ``condition`` is true.</doc>
<status status="PASS" starttime="20241126 11:33:33.425" endtime="20241126 11:33:33.426"/>
</kw>
<kw name="Get Value" library="SAP_Tcode_Library">
<var>${date}</var>
<arg>wnd[0]/usr/tabsTAXI_TABSTRIP/tabpT\\05/ssubSUBSCREEN_BODY:SAPLV60F:4201/tblSAPLV60FTCTRL_FPLAN_PERIOD/ctxtRV60F-ABRBE[0,${i}]</arg>
<doc>Gets the value of the given element. The possible return values depend on the type of element (see Return values).</doc>
<msg timestamp="20241126 11:33:33.438" level="INFO">${date} = 01.10.2025</msg>
<status status="PASS" starttime="20241126 11:33:33.426" endtime="20241126 11:33:33.440"/>
</kw>
<if>
<branch type="IF" condition="'${date}' == '${rental_date}'">
<kw name="Process rental invoice" library="create_rental_invoice">
<kw name="Send Vkey" library="SAP_Tcode_Library">
<arg>2</arg>
<doc>Sends a SAP virtual key combination to the window, not into an element.
If you want to send a value to a text field, use `input text` instead.</doc>
<status status="PASS" starttime="20241126 11:33:33.442" endtime="20241126 11:33:33.797"/>
</kw>
<kw name="Input Text" library="SAP_Tcode_Library">
<arg>wnd[0]/usr/ctxtFPLT-FAKSP</arg>
<arg>${EMPTY }</arg>
<doc>Inserts the given text into the text field identified by locator.
Use keyword `input password` to insert a password in a text field.</doc>
<msg timestamp="20241126 11:33:33.856" level="INFO">Typing text '' into text field 'wnd[0]/usr/ctxtFPLT-FAKSP'.</msg>
<status status="PASS" starttime="20241126 11:33:33.797" endtime="20241126 11:33:33.856"/>
</kw>
<kw name="Click Element" library="SAP_Tcode_Library">
<arg>wnd[0]/tbar[0]/btn[3]</arg>
<doc>Performs a single click on a given element. Used only for buttons, tabs and menu items.</doc>
<status status="PASS" starttime="20241126 11:33:33.856" endtime="20241126 11:33:34.333"/>
</kw>
<kw name="Click Element" library="SAP_Tcode_Library">
<arg>wnd[0]/tbar[0]/btn[3]</arg>
<doc>Performs a single click on a given element. Used only for buttons, tabs and menu items.</doc>
<status status="PASS" starttime="20241126 11:33:34.333" endtime="20241126 11:33:35.164"/>
</kw>
<kw name="Click Element" library="SAP_Tcode_Library">
<arg>wnd[0]/tbar[0]/btn[11]</arg>
<doc>Performs a single click on a given element. Used only for buttons, tabs and menu items.</doc>
<status status="PASS" starttime="20241126 11:33:35.167" endtime="20241126 11:33:36.088"/>
</kw>
<kw name="Sleep" library="BuiltIn">
<arg>5</arg>
<doc>Pauses the test executed for the given time.</doc>
<msg timestamp="20241126 11:33:41.096" level="INFO">Slept 5 seconds</msg>
<status status="PASS" starttime="20241126 11:33:36.088" endtime="20241126 11:33:41.097"/>
</kw>
<kw name="Run Transaction" library="SAP_Tcode_Library">
<arg>/nVF01</arg>
<doc>Runs a Sap transaction. An error is given when an unknown transaction is specified.</doc>
<status status="PASS" starttime="20241126 11:33:41.097" endtime="20241126 11:33:41.796"/>
</kw>
<kw name="Sleep" library="BuiltIn">
<arg>5</arg>
<doc>Pauses the test executed for the given time.</doc>
<msg timestamp="20241126 11:33:46.806" level="INFO">Slept 5 seconds</msg>
<status status="PASS" starttime="20241126 11:33:41.797" endtime="20241126 11:33:46.807"/>
</kw>
<kw name="Input Text" library="SAP_Tcode_Library">
<arg>wnd[0]/usr/tblSAPMV60ATCTRL_ERF_FAKT/ctxtKOMFK-VBELN[0,0]</arg>
<arg>${contract}</arg>
<doc>Inserts the given text into the text field identified by locator.
Use keyword `input password` to insert a password in a text field.</doc>
<msg timestamp="20241126 11:33:46.822" level="INFO">Typing text '40000031' into text field 'wnd[0]/usr/tblSAPMV60ATCTRL_ERF_FAKT/ctxtKOMFK-VBELN[0,0]'.</msg>
<status status="PASS" starttime="20241126 11:33:46.807" endtime="20241126 11:33:46.823"/>
</kw>
<kw name="Get Current Date" library="DateTime">
<var>${current_date}</var>
<arg>result_format=%d.%m.%Y</arg>
<doc>Returns current local or UTC time with an optional increment.</doc>
<msg timestamp="20241126 11:33:46.824" level="INFO">${current_date} = 26.11.2024</msg>
<status status="PASS" starttime="20241126 11:33:46.823" endtime="20241126 11:33:46.824"/>
</kw>
<kw name="Input Text" library="SAP_Tcode_Library">
<arg>wnd[0]/usr/ctxtRV60A-FKDAT</arg>
<arg>${current_date}</arg>
<doc>Inserts the given text into the text field identified by locator.
Use keyword `input password` to insert a password in a text field.</doc>
<msg timestamp="20241126 11:33:46.831" level="INFO">Typing text '26.11.2024' into text field 'wnd[0]/usr/ctxtRV60A-FKDAT'.</msg>
<status status="PASS" starttime="20241126 11:33:46.824" endtime="20241126 11:33:46.831"/>
</kw>
<kw name="Send Vkey" library="SAP_Tcode_Library">
<arg>0</arg>
<doc>Sends a SAP virtual key combination to the window, not into an element.
If you want to send a value to a text field, use `input text` instead.</doc>
<status status="PASS" starttime="20241126 11:33:46.832" endtime="20241126 11:33:47.245"/>
</kw>
<kw name="Get Value" library="SAP_Tcode_Library">
<var>${status}</var>
<arg>wnd[0]/sbar/pane[0]</arg>
<doc>Gets the value of the given element. The possible return values depend on the type of element (see Return values).</doc>
<msg timestamp="20241126 11:33:47.287" level="INFO">${status} = No billing documents were generated. Please see log.</msg>
<status status="PASS" starttime="20241126 11:33:47.245" endtime="20241126 11:33:47.287"/>
</kw>
<if>
<branch type="IF" condition="'${status}' == 'No billing documents were generated. Please see log.'">
<kw name="Log To Console" library="BuiltIn">
<arg>For ${contract} ${status}</arg>
<doc>Logs the given message to the console.</doc>
<status status="PASS" starttime="20241126 11:33:47.289" endtime="20241126 11:33:47.303"/>
</kw>
<status status="PASS" starttime="20241126 11:33:47.288" endtime="20241126 11:33:47.303"/>
</branch>
<branch type="ELSE IF" condition="'${status}' == '${EMPTY}'">
<kw name="Sleep" library="BuiltIn">
<arg>10</arg>
<doc>Pauses the test executed for the given time.</doc>
<status status="NOT RUN" starttime="20241126 11:33:47.304" endtime="20241126 11:33:47.304"/>
</kw>
<kw name="Click Element" library="SAP_Tcode_Library">
<arg>wnd[0]/usr/btnTC_HEAD</arg>
<doc>Performs a single click on a given element. Used only for buttons, tabs and menu items.</doc>
<status status="NOT RUN" starttime="20241126 11:33:47.306" endtime="20241126 11:33:47.306"/>
</kw>
<kw name="Click Element" library="SAP_Tcode_Library">
<arg>wnd[0]/usr/tabsTABSTRIP_OVERVIEW/tabpKFTE</arg>
<doc>Performs a single click on a given element. Used only for buttons, tabs and menu items.</doc>
<status status="NOT RUN" starttime="20241126 11:33:47.306" endtime="20241126 11:33:47.307"/>
</kw>
<kw name="Doubleclick Element" library="SAP_Tcode_Library">
<arg>${rental_form}</arg>
<arg>0001</arg>
<arg>Column1</arg>
<doc>Performs a double-click on a given element. Used only for shell objects.</doc>
<status status="NOT RUN" starttime="20241126 11:33:47.307" endtime="20241126 11:33:47.307"/>
</kw>
<kw name="Input Text" library="SAP_Tcode_Library">
<arg>${rental_text}</arg>
<arg>${Text}</arg>
<doc>Inserts the given text into the text field identified by locator.
Use keyword `input password` to insert a password in a text field.</doc>
<status status="NOT RUN" starttime="20241126 11:33:47.307" endtime="20241126 11:33:47.308"/>
</kw>
<kw name="Sleep" library="BuiltIn">
<arg>5</arg>
<doc>Pauses the test executed for the given time.</doc>
<status status="NOT RUN" starttime="20241126 11:33:47.308" endtime="20241126 11:33:47.308"/>
</kw>
<kw name="Click Element" library="SAP_Tcode_Library">
<arg>wnd[0]/usr/tabsTABSTRIP_OVERVIEW/tabpKFCU</arg>
<doc>Performs a single click on a given element. Used only for buttons, tabs and menu items.</doc>
<status status="NOT RUN" starttime="20241126 11:33:47.308" endtime="20241126 11:33:47.308"/>
</kw>
<kw name="Input Text" library="SAP_Tcode_Library">
<arg>wnd[0]/usr/tabsTABSTRIP_OVERVIEW/tabpKFCU/ssubSUBSCREEN_BODY:SAPMV60A:6101/ssubCUSTOMER_SCREEN:ZZBILLHEADER:0100/txtVBRK-ZEINVOICE</arg>
<arg>NA</arg>
<doc>Inserts the given text into the text field identified by locator.
Use keyword `input password` to insert a password in a text field.</doc>
<status status="NOT RUN" starttime="20241126 11:33:47.308" endtime="20241126 11:33:47.309"/>
</kw>
<kw name="Sleep" library="BuiltIn">
<arg>2</arg>
<doc>Pauses the test executed for the given time.</doc>
<status status="NOT RUN" starttime="20241126 11:33:47.309" endtime="20241126 11:33:47.309"/>
</kw>
<kw name="Click Element" library="SAP_Tcode_Library">
<arg>wnd[0]/tbar[0]/btn[11]</arg>
<doc>Performs a single click on a given element. Used only for buttons, tabs and menu items.</doc>
<status status="NOT RUN" starttime="20241126 11:33:47.309" endtime="20241126 11:33:47.309"/>
</kw>
<kw name="Sleep" library="BuiltIn">
<arg>5</arg>
<doc>Pauses the test executed for the given time.</doc>
<status status="NOT RUN" starttime="20241126 11:33:47.310" endtime="20241126 11:33:47.310"/>
</kw>
<status status="NOT RUN" starttime="20241126 11:33:47.304" endtime="20241126 11:33:47.311"/>
</branch>
<status status="PASS" starttime="20241126 11:33:47.288" endtime="20241126 11:33:47.311"/>
</if>
<status status="PASS" starttime="20241126 11:33:33.441" endtime="20241126 11:33:47.311"/>
</kw>
<kw name="Exit For Loop" library="BuiltIn">
<doc>Stops executing the enclosing FOR loop.</doc>
<msg timestamp="20241126 11:33:47.313" level="INFO">Exiting for loop altogether.</msg>
<status status="PASS" starttime="20241126 11:33:47.312" endtime="20241126 11:33:47.313"/>
</kw>
<status status="PASS" starttime="20241126 11:33:33.440" endtime="20241126 11:33:47.313"/>
</branch>
<status status="PASS" starttime="20241126 11:33:33.440" endtime="20241126 11:33:47.313"/>
</if>
<status status="PASS" starttime="20241126 11:33:33.399" endtime="20241126 11:33:47.314"/>
</iter>
<status status="PASS" starttime="20241126 11:33:32.873" endtime="20241126 11:33:47.314"/>
</for>
<status status="PASS" starttime="20241126 11:33:20.801" endtime="20241126 11:33:47.314"/>
</iter>
<status status="PASS" starttime="20241126 11:32:55.068" endtime="20241126 11:33:47.315"/>
</for>
<status status="PASS" starttime="20241126 11:32:55.067" endtime="20241126 11:33:47.315"/>
</kw>
<tag>Regression</tag>
<tag>VA42</tag>
<status status="PASS" starttime="20241126 11:32:55.066" endtime="20241126 11:33:47.316"/>
</test>
<status status="PASS" starttime="20241126 11:32:49.394" endtime="20241126 11:33:47.318"/>
</suite>
<doc>Testing functionality through Robot Framework</doc>
<meta name="environment">Dev</meta>
<meta name="test_browser_name">chrome</meta>
<meta name="test_browser_version">131.0.6778.86</meta>
<meta name="test_driver_version">130.0.6723.58 </meta>
<meta name="test_environment">Dev</meta>
<meta name="test_freeze_dependencies">astroid==3.1.0,attrs==23.2.0,beautifulsoup4==4.12.3,bs4==0.0.2,certifi==2024.2.2,cffi==1.16.0,chardet==5.2.0,charset-normalizer==3.3.2,click==8.1.7,colorama==0.4.6,cryptography==42.0.5,defusedxml==0.7.1,dill==0.3.8,docutils==0.20.1,et-xmlfile==1.1.0,exceptiongroup==1.2.0,gitdb==4.0.11,GitPython==3.1.42,h11==0.14.0,idna==3.6,isort==5.13.2,Jinja2==3.1.3,jira==3.6.0,jsonpath-ng==1.6.1,jsonschema==4.21.1,jsonschema-specifications==2023.12.1,lazy-object-proxy==1.10.0,lxml==5.1.0,markdown-it-py==3.0.0,MarkupSafe==2.1.5,mccabe==0.7.0,mdurl==0.1.2,natsort==8.4.0,numpy==2.0.2,oauthlib==3.2.2,openpyxl==3.1.2,outcome==1.3.0.post0,packaging==23.2,pandas==2.2.3,pathspec==0.11.2,pillow==10.2.0,pip==24.0,platformdirs==4.2.0,ply==3.11,pycparser==2.21,Pygments==2.17.2,pylint==3.1.0,PySocks==1.7.1,python-dateutil==2.9.0.post0,pytz==2024.2,pywin32==306,PyYAML==6.0.1,referencing==0.33.0,requests==2.31.0,requests-oauthlib==1.3.1,requests-toolbelt==1.0.0,rich==13.7.1,rich-click==1.6.1,robotframework==6.0.2,robotframework-datadriver==1.9.0,robotframework-excellib==2.0.1,robotframework-jsonlibrary==0.5,robotframework-pabot==2.16.0,robotframework-pythonlibcore==4.2.0,robotframework-requests==0.9.2,robotframework-sapguilibrary==1.1,robotframework-seleniumlibrary==5.1.3,robotframework-stacktrace==0.4.1,robotframework-tidy==4.5.0,rpds-py==0.18.0,selenium==4.9.1,setuptools==68.0.0,six==1.16.0,smmap==5.0.1,sniffio==1.3.1,sortedcontainers==2.4.0,soupsieve==2.5,tomli==2.0.1,tomlkit==0.12.4,trio==0.24.0,trio-websocket==0.11.1,typing_extensions==4.10.0,tzdata==2024.2,urllib3==2.2.1,wheel==0.40.0,wrapt==1.16.0,wsproto==1.2.0</meta>
<status status="PASS" starttime="20241126 11:32:43.672" endtime="20241126 11:33:47.351"/>
</suite>
<statistics>
<total>
<stat pass="1" fail="0" skip="0">All Tests</stat>
</total>
<tag>
<stat pass="1" fail="0" skip="0">Regression</stat>
<stat pass="1" fail="0" skip="0">VA42</stat>
</tag>
<suite>
<stat pass="1" fail="0" skip="0" id="s1" name="Tests">Tests</stat>
<stat pass="1" fail="0" skip="0" id="s1-s1" name="Test Create Rental Invoice">Tests.Test Create Rental Invoice</stat>
</suite>
</statistics>
<errors>
</errors>
</robot>
