<?xml version="1.0" encoding="UTF-8"?>
<robot generator="Robot 6.0.2 (Python 3.12.1 on win32)" generated="20240608 17:21:02.754" rpa="false" schemaversion="3">
<suite id="s1" name="Tests" source="C:\SAP_Testing\SAPtesting\Tests">
<kw name="Setup highest level suite" type="SETUP">
<kw name="Set Variable" library="BuiltIn">
<var>${d.test_server}</var>
<arg>${test_server}</arg>
<doc>Returns the given values which can then be assigned to a variables.</doc>
<msg timestamp="20240608 17:21:03.601" level="INFO">${d.test_server} = Dev</msg>
<status status="PASS" starttime="20240608 17:21:03.601" endtime="20240608 17:21:03.601"/>
</kw>
<kw name="Reset screenshot count variable" library="Support">
<kw name="Set Variable" library="BuiltIn">
<var>${screenshotCount}</var>
<arg>${PABOTQUEUEINDEX}_1</arg>
<doc>Returns the given values which can then be assigned to a variables.</doc>
<msg timestamp="20240608 17:21:03.601" level="INFO">${screenshotCount} = 0_1</msg>
<status status="PASS" starttime="20240608 17:21:03.601" endtime="20240608 17:21:03.601"/>
</kw>
<kw name="Set Global Variable" library="BuiltIn">
<arg>${screenshotCount}</arg>
<doc>Makes a variable available globally in all tests and suites.</doc>
<msg timestamp="20240608 17:21:03.601" level="INFO">${screenshotCount} = 0_1</msg>
<status status="PASS" starttime="20240608 17:21:03.601" endtime="20240608 17:21:03.601"/>
</kw>
<kw name="Set up screenshot directory" library="Support">
<kw name="Create Directory" library="OperatingSystem">
<arg>${OUTPUTDIR}${/}${wvar('screenshot_dir')}</arg>
<doc>Creates the specified directory.</doc>
<msg timestamp="20240608 17:21:03.601" level="INFO">Web.Dev.screenshot_dir: Screenshot</msg>
<msg timestamp="20240608 17:21:03.616" level="INFO" html="true">Created directory '&lt;a href="file://C:\SAP_Testing\SAPtesting\Output\pabot_results\0\Screenshot"&gt;C:\SAP_Testing\SAPtesting\Output\pabot_results\0\Screenshot&lt;/a&gt;'.</msg>
<status status="PASS" starttime="20240608 17:21:03.601" endtime="20240608 17:21:03.616"/>
</kw>
<status status="PASS" starttime="20240608 17:21:03.601" endtime="20240608 17:21:03.616"/>
</kw>
<status status="PASS" starttime="20240608 17:21:03.601" endtime="20240608 17:21:03.616"/>
</kw>
<kw name="Set Global Variable" library="BuiltIn">
<arg>${screenshot_taking}</arg>
<arg>${True}</arg>
<doc>Makes a variable available globally in all tests and suites.</doc>
<msg timestamp="20240608 17:21:03.616" level="INFO">${screenshot_taking} = True</msg>
<status status="PASS" starttime="20240608 17:21:03.616" endtime="20240608 17:21:03.616"/>
</kw>
<kw name="Setup linux execution" library="Support">
<kw name="Run Keyword And Return Status" library="BuiltIn">
<var>${web_test_check}</var>
<arg>Variable Should Exist</arg>
<arg>${web_test}</arg>
<doc>Runs the given keyword with given arguments and returns the status as a Boolean value.</doc>
<kw name="Variable Should Exist" library="BuiltIn">
<arg>${web_test}</arg>
<doc>Fails unless the given variable exists within the current scope.</doc>
<status status="PASS" starttime="20240608 17:21:03.616" endtime="20240608 17:21:03.616"/>
</kw>
<msg timestamp="20240608 17:21:03.616" level="INFO">${web_test_check} = True</msg>
<status status="PASS" starttime="20240608 17:21:03.616" endtime="20240608 17:21:03.616"/>
</kw>
<kw name="Run Keyword If" library="BuiltIn">
<arg>${web_test_check}</arg>
<arg>Setup Docker Execution Options</arg>
<doc>Runs the given keyword with the given arguments, if ``condition`` is true.</doc>
<kw name="Setup Docker Execution Options" library="Support_Web">
<kw name="Setup Suite Metadata" library="Support_Web">
<arg>${browser}</arg>
<kw name="Get Browser Metadata" library="BrowserSupport">
<var>&amp;{browser_information}</var>
<arg>browser=${browser}</arg>
<doc>Fetches browser metadata information
:param browser: Name of the browser for which information is fetched
:param reload: Re-read the metadata based on the browser
:return: Browser metadata information, dict of format
            {"browser_version": browser version value,
             "driver_version": driver version value}</doc>
<msg timestamp="20240608 17:21:08.249" level="INFO">&amp;{browser_information} = { browser_version=125.0.6422.142 | driver_version=125.0.6422.141  }</msg>
<status status="PASS" starttime="20240608 17:21:03.616" endtime="20240608 17:21:08.249"/>
</kw>
<kw name="Set Suite Metadata" library="BuiltIn">
<arg>test_browser_name</arg>
<arg>${browser}</arg>
<doc>Sets metadata for the current test suite.</doc>
<msg timestamp="20240608 17:21:08.249" level="INFO">Set suite metadata 'test_browser_name' to value 'chrome'.</msg>
<status status="PASS" starttime="20240608 17:21:08.249" endtime="20240608 17:21:08.249"/>
</kw>
<kw name="Set Suite Metadata" library="BuiltIn">
<arg>test_browser_version</arg>
<arg>${browser_information.browser_version}</arg>
<doc>Sets metadata for the current test suite.</doc>
<msg timestamp="20240608 17:21:08.249" level="INFO">Set suite metadata 'test_browser_version' to value '125.0.6422.142'.</msg>
<status status="PASS" starttime="20240608 17:21:08.249" endtime="20240608 17:21:08.249"/>
</kw>
<kw name="Set Suite Metadata" library="BuiltIn">
<arg>test_driver_version</arg>
<arg>${browser_information.driver_version}</arg>
<doc>Sets metadata for the current test suite.</doc>
<msg timestamp="20240608 17:21:08.249" level="INFO">Set suite metadata 'test_driver_version' to value '125.0.6422.141 '.</msg>
<status status="PASS" starttime="20240608 17:21:08.249" endtime="20240608 17:21:08.249"/>
</kw>
<status status="PASS" starttime="20240608 17:21:03.616" endtime="20240608 17:21:08.249"/>
</kw>
<kw name="Setup Global Docker Execution Options" library="Support_Web">
<kw name="Set Global Variable" library="BuiltIn">
<arg>${global_browser_options}</arg>
<arg>None</arg>
<doc>Makes a variable available globally in all tests and suites.</doc>
<msg timestamp="20240608 17:21:08.249" level="INFO">${global_browser_options} = None</msg>
<status status="PASS" starttime="20240608 17:21:08.249" endtime="20240608 17:21:08.249"/>
</kw>
<kw name="Get Environment Variable" library="OperatingSystem">
<var>${docker_check}</var>
<arg>EXECUTION_ENVIRONMENT</arg>
<arg>not_found</arg>
<doc>Returns the value of an environment variable with the given name.</doc>
<msg timestamp="20240608 17:21:08.249" level="INFO">${docker_check} = not_found</msg>
<status status="PASS" starttime="20240608 17:21:08.249" endtime="20240608 17:21:08.249"/>
</kw>
<kw name="Run Keyword And Return If" library="BuiltIn">
<arg>"${docker_check}"!="docker"</arg>
<arg>Log</arg>
<arg>Not executing on Docker</arg>
<doc>Runs the specified keyword and returns from the enclosing user keyword.</doc>
<kw name="Log" library="BuiltIn">
<arg>Not executing on Docker</arg>
<doc>Logs the given message with the given level.</doc>
<msg timestamp="20240608 17:21:08.249" level="INFO">Not executing on Docker</msg>
<status status="PASS" starttime="20240608 17:21:08.249" endtime="20240608 17:21:08.249"/>
</kw>
<msg timestamp="20240608 17:21:08.249" level="INFO">Returning from the enclosing user keyword.</msg>
<status status="PASS" starttime="20240608 17:21:08.249" endtime="20240608 17:21:08.249"/>
</kw>
<kw name="Create List" library="BuiltIn">
<var>@{options}</var>
<arg>--headless</arg>
<arg>--no-sandbox</arg>
<arg>--disable-dev-shm-usage</arg>
<doc>Returns a list containing given items.</doc>
<status status="NOT RUN" starttime="20240608 17:21:08.249" endtime="20240608 17:21:08.249"/>
</kw>
<kw name="Set Global Variable" library="BuiltIn">
<arg>@{docker_options}</arg>
<arg>@{options}</arg>
<doc>Makes a variable available globally in all tests and suites.</doc>
<status status="NOT RUN" starttime="20240608 17:21:08.249" endtime="20240608 17:21:08.249"/>
</kw>
<status status="PASS" starttime="20240608 17:21:08.249" endtime="20240608 17:21:08.249"/>
</kw>
<kw name="Create Webdriver for chrome preferences" library="Support_Web">
<kw name="Update Docker Execution Options" library="Support_Web">
<var>${list_prefs}</var>
<arg>${list_prefs}</arg>
<kw name="Run Keyword And Return Status" library="BuiltIn">
<var>${docker_check}</var>
<arg>Variable Should Exist</arg>
<arg>${docker_options}</arg>
<doc>Runs the given keyword with given arguments and returns the status as a Boolean value.</doc>
<kw name="Variable Should Exist" library="BuiltIn">
<arg>${docker_options}</arg>
<doc>Fails unless the given variable exists within the current scope.</doc>
<msg timestamp="20240608 17:21:08.249" level="FAIL">Variable '${docker_options}' does not exist.</msg>
<status status="FAIL" starttime="20240608 17:21:08.249" endtime="20240608 17:21:08.249"/>
</kw>
<msg timestamp="20240608 17:21:08.249" level="INFO">${docker_check} = False</msg>
<status status="PASS" starttime="20240608 17:21:08.249" endtime="20240608 17:21:08.249"/>
</kw>
<kw name="Get Length" library="BuiltIn">
<var>${list_prefs_length}</var>
<arg>${list_prefs}</arg>
<doc>Returns and logs the length of the given item as an integer.</doc>
<msg timestamp="20240608 17:21:08.249" level="INFO">Length is 1</msg>
<msg timestamp="20240608 17:21:08.249" level="INFO">${list_prefs_length} = 1</msg>
<status status="PASS" starttime="20240608 17:21:08.249" endtime="20240608 17:21:08.249"/>
</kw>
<kw name="Run Keyword If" library="BuiltIn">
<var>${list_prefs}</var>
<arg>${docker_check} and ${list_prefs_length}&gt;0 and ${list_prefs}[0] != []</arg>
<arg>Combine Lists</arg>
<arg>${list_prefs}</arg>
<arg>${docker_options}</arg>
<arg>ELSE IF</arg>
<arg>${docker_check}</arg>
<arg>Set Variable</arg>
<arg>${docker_options}</arg>
<arg>ELSE</arg>
<arg>Set Variable</arg>
<arg>${list_prefs}</arg>
<doc>Runs the given keyword with the given arguments, if ``condition`` is true.</doc>
<kw name="Set Variable" library="BuiltIn">
<arg>${list_prefs}</arg>
<doc>Returns the given values which can then be assigned to a variables.</doc>
<status status="PASS" starttime="20240608 17:21:08.249" endtime="20240608 17:21:08.249"/>
</kw>
<msg timestamp="20240608 17:21:08.249" level="INFO">${list_prefs} = [[]]</msg>
<status status="PASS" starttime="20240608 17:21:08.249" endtime="20240608 17:21:08.249"/>
</kw>
<msg timestamp="20240608 17:21:08.249" level="INFO">${list_prefs} = [[]]</msg>
<status status="PASS" starttime="20240608 17:21:08.249" endtime="20240608 17:21:08.249"/>
</kw>
<kw name="Create Chrome Options for download preferences" library="Support_Web">
<var>${chrome_options}</var>
<kw name="Evaluate" library="BuiltIn">
<var>${chrome_options}</var>
<arg>sys.modules['selenium.webdriver'].ChromeOptions()</arg>
<arg>sys</arg>
<doc>Evaluates the given expression in Python and returns the result.</doc>
<msg timestamp="20240608 17:21:08.249" level="INFO">${chrome_options} = &lt;selenium.webdriver.chrome.options.Options object at 0x0000022DFCDBABD0&gt;</msg>
<status status="PASS" starttime="20240608 17:21:08.249" endtime="20240608 17:21:08.249"/>
</kw>
<msg timestamp="20240608 17:21:08.249" level="INFO">${chrome_options} = &lt;selenium.webdriver.chrome.options.Options object at 0x0000022DFCDBABD0&gt;</msg>
<status status="PASS" starttime="20240608 17:21:08.249" endtime="20240608 17:21:08.249"/>
</kw>
<kw name="Update Preferences List" library="Support_Web">
<arg>${chrome_options}</arg>
<arg>@{list_prefs}</arg>
<kw name="Convert To String" library="BuiltIn">
<var>${string_prefs}</var>
<arg>${list_prefs}</arg>
<doc>Converts the given item to a Unicode string.</doc>
<msg timestamp="20240608 17:21:08.249" level="INFO">${string_prefs} = [[]]</msg>
<status status="PASS" starttime="20240608 17:21:08.249" endtime="20240608 17:21:08.249"/>
</kw>
<kw name="Return From Keyword If" library="BuiltIn">
<arg>${string_prefs} == [[]]</arg>
<doc>Returns from the enclosing user keyword if ``condition`` is true.</doc>
<msg timestamp="20240608 17:21:08.249" level="INFO">Returning from the enclosing user keyword.</msg>
<status status="PASS" starttime="20240608 17:21:08.249" endtime="20240608 17:21:08.249"/>
</kw>
<for flavor="IN">
<var>${preference}</var>
<value>@{list_prefs}</value>
<iter>
<var name="${preference}"/>
<kw name="Call Method" library="BuiltIn">
<arg>${chrome_options}</arg>
<arg>add_argument</arg>
<arg>${preference}</arg>
<doc>Calls the named method of the given object with the provided arguments.</doc>
<status status="NOT RUN" starttime="20240608 17:21:08.249" endtime="20240608 17:21:08.249"/>
</kw>
<status status="NOT RUN" starttime="20240608 17:21:08.249" endtime="20240608 17:21:08.249"/>
</iter>
<status status="NOT RUN" starttime="20240608 17:21:08.249" endtime="20240608 17:21:08.249"/>
</for>
<status status="PASS" starttime="20240608 17:21:08.249" endtime="20240608 17:21:08.249"/>
</kw>
<kw name="Call Method" library="BuiltIn">
<arg>${chrome_options}</arg>
<arg>add_experimental_option</arg>
<arg>prefs</arg>
<arg>${kw_prefs}</arg>
<doc>Calls the named method of the given object with the provided arguments.</doc>
<status status="PASS" starttime="20240608 17:21:08.249" endtime="20240608 17:21:08.249"/>
</kw>
<kw name="Set Global Variable" library="BuiltIn">
<arg>${global_browser_options}</arg>
<arg>${chrome options}</arg>
<doc>Makes a variable available globally in all tests and suites.</doc>
<msg timestamp="20240608 17:21:08.249" level="INFO">${global_browser_options} = &lt;selenium.webdriver.chrome.options.Options object at 0x0000022DFCDBABD0&gt;</msg>
<status status="PASS" starttime="20240608 17:21:08.249" endtime="20240608 17:21:08.249"/>
</kw>
<status status="PASS" starttime="20240608 17:21:08.249" endtime="20240608 17:21:08.249"/>
</kw>
<status status="PASS" starttime="20240608 17:21:03.616" endtime="20240608 17:21:08.249"/>
</kw>
<status status="PASS" starttime="20240608 17:21:03.616" endtime="20240608 17:21:08.249"/>
</kw>
<status status="PASS" starttime="20240608 17:21:03.616" endtime="20240608 17:21:08.249"/>
</kw>
<kw name="Set Suite Metadata" library="BuiltIn">
<arg>environment</arg>
<arg>${test_server}</arg>
<doc>Sets metadata for the current test suite.</doc>
<msg timestamp="20240608 17:21:08.249" level="INFO">Set suite metadata 'environment' to value 'Dev'.</msg>
<status status="PASS" starttime="20240608 17:21:08.249" endtime="20240608 17:21:08.249"/>
</kw>
<status status="PASS" starttime="20240608 17:21:03.601" endtime="20240608 17:21:08.249"/>
</kw>
<suite id="s1-s1" name="Test spam patch enhance" source="C:\SAP_Testing\SAPtesting\Tests\Test_spam_patch_enhance.robot">
<kw name="System Logon" library="Spam_Patch_enhance" type="SETUP">
<kw name="Start Process" library="Process">
<arg>${symvar('EXE_PAD')}</arg>
<doc>Starts a new process on background.</doc>
<msg timestamp="20240608 17:21:08.264" level="INFO">Sym.Dev.EXE_PAD: C:\Program Files\SAP\FrontEnd\SAPgui\saplogon.exe</msg>
<msg timestamp="20240608 17:21:08.264" level="INFO">Starting process:
"C:\Program Files\SAP\FrontEnd\SAPgui\saplogon.exe"</msg>
<status status="PASS" starttime="20240608 17:21:08.264" endtime="20240608 17:21:08.264"/>
</kw>
<kw name="Sleep" library="BuiltIn">
<arg>5s</arg>
<doc>Pauses the test executed for the given time.</doc>
<msg timestamp="20240608 17:21:13.265" level="INFO">Slept 5 seconds</msg>
<status status="PASS" starttime="20240608 17:21:08.264" endtime="20240608 17:21:13.265"/>
</kw>
<kw name="Connect To Session" library="CustomSapGuiLibrary">
<doc>Connects to an open session SAP.</doc>
<status status="PASS" starttime="20240608 17:21:13.265" endtime="20240608 17:21:13.265"/>
</kw>
<kw name="Sleep" library="BuiltIn">
<arg>5</arg>
<doc>Pauses the test executed for the given time.</doc>
<msg timestamp="20240608 17:21:18.265" level="INFO">Slept 5 seconds</msg>
<status status="PASS" starttime="20240608 17:21:13.265" endtime="20240608 17:21:18.265"/>
</kw>
<kw name="Open Connection" library="CustomSapGuiLibrary">
<arg>${symvar('Connection_Name')}</arg>
<doc>Opens a connection to the given connection name. Be sure to provide the full connection name, including the bracket part.</doc>
<msg timestamp="20240608 17:21:18.265" level="INFO">Sym.Dev.Connection_Name: RBT</msg>
<status status="PASS" starttime="20240608 17:21:18.265" endtime="20240608 17:21:18.831"/>
</kw>
<kw name="Sleep" library="BuiltIn">
<arg>5</arg>
<doc>Pauses the test executed for the given time.</doc>
<msg timestamp="20240608 17:21:23.834" level="INFO">Slept 5 seconds</msg>
<status status="PASS" starttime="20240608 17:21:18.832" endtime="20240608 17:21:23.834"/>
</kw>
<kw name="Input Text" library="CustomSapGuiLibrary">
<arg>wnd[0]/usr/txtRSYST-MANDT</arg>
<arg>${symvar('SAP_CLIENT')}</arg>
<doc>Inserts the given text into the text field identified by locator.
Use keyword `input password` to insert a password in a text field.</doc>
<msg timestamp="20240608 17:21:23.834" level="INFO">Sym.Dev.SAP_CLIENT: 000</msg>
<msg timestamp="20240608 17:21:23.834" level="INFO">Typing text '000' into text field 'wnd[0]/usr/txtRSYST-MANDT'.</msg>
<status status="PASS" starttime="20240608 17:21:23.834" endtime="20240608 17:21:23.834"/>
</kw>
<kw name="Sleep" library="BuiltIn">
<arg>1</arg>
<doc>Pauses the test executed for the given time.</doc>
<msg timestamp="20240608 17:21:24.834" level="INFO">Slept 1 second</msg>
<status status="PASS" starttime="20240608 17:21:23.834" endtime="20240608 17:21:24.834"/>
</kw>
<kw name="Input Text" library="CustomSapGuiLibrary">
<arg>wnd[0]/usr/txtRSYST-BNAME</arg>
<arg>${symvar('SAP_USER')}</arg>
<doc>Inserts the given text into the text field identified by locator.
Use keyword `input password` to insert a password in a text field.</doc>
<msg timestamp="20240608 17:21:24.834" level="INFO">Sym.Dev.SAP_USER: DDIC</msg>
<msg timestamp="20240608 17:21:24.834" level="INFO">Typing text 'DDIC' into text field 'wnd[0]/usr/txtRSYST-BNAME'.</msg>
<status status="PASS" starttime="20240608 17:21:24.834" endtime="20240608 17:21:24.834"/>
</kw>
<kw name="Sleep" library="BuiltIn">
<arg>1</arg>
<doc>Pauses the test executed for the given time.</doc>
<msg timestamp="20240608 17:21:25.834" level="INFO">Slept 1 second</msg>
<status status="PASS" starttime="20240608 17:21:24.834" endtime="20240608 17:21:25.834"/>
</kw>
<kw name="Input Password" library="CustomSapGuiLibrary">
<arg>wnd[0]/usr/pwdRSYST-BCODE</arg>
<arg>%{SAP_PASSWORD}</arg>
<doc>Inserts the given password into the text field identified by locator.
The password is not recorded in the log.</doc>
<msg timestamp="20240608 17:21:25.834" level="INFO">Typing password into text field 'wnd[0]/usr/pwdRSYST-BCODE'.</msg>
<status status="PASS" starttime="20240608 17:21:25.834" endtime="20240608 17:21:25.834"/>
</kw>
<kw name="Sleep" library="BuiltIn">
<arg>2</arg>
<doc>Pauses the test executed for the given time.</doc>
<msg timestamp="20240608 17:21:27.835" level="INFO">Slept 2 seconds</msg>
<status status="PASS" starttime="20240608 17:21:25.834" endtime="20240608 17:21:27.835"/>
</kw>
<kw name="Send Vkey" library="CustomSapGuiLibrary">
<arg>0</arg>
<doc>Sends a SAP virtual key combination to the window, not into an element.
If you want to send a value to a text field, use `input text` instead.</doc>
<status status="PASS" starttime="20240608 17:21:27.835" endtime="20240608 17:21:28.249"/>
</kw>
<kw name="Sleep" library="BuiltIn">
<arg>5</arg>
<doc>Pauses the test executed for the given time.</doc>
<msg timestamp="20240608 17:21:33.249" level="INFO">Slept 5 seconds</msg>
<status status="PASS" starttime="20240608 17:21:28.249" endtime="20240608 17:21:33.249"/>
</kw>
<kw name="Take Screenshot" library="CustomSapGuiLibrary">
<arg>01_loginpage.jpg</arg>
<doc>Takes a screenshot, only if 'screenshots on error' has been enabled,
either at import of with keyword `enable screenshots on error`.</doc>
<msg timestamp="20240608 17:21:33.342" level="INFO" html="true">&lt;a href="01_loginpage.jpg"&gt;&lt;img src="01_loginpage.jpg" width="800px"&gt;&lt;/a&gt;</msg>
<status status="PASS" starttime="20240608 17:21:33.249" endtime="20240608 17:21:33.342"/>
</kw>
<kw name="Multiple Logon Handling" library="CustomSapGuiLibrary">
<arg>wnd[1]</arg>
<arg>wnd[1]/usr/radMULTI_LOGON_OPT2</arg>
<arg>wnd[1]/tbar[0]/btn[0]</arg>
<status status="PASS" starttime="20240608 17:21:33.342" endtime="20240608 17:21:33.342"/>
</kw>
<kw name="Sleep" library="BuiltIn">
<arg>1</arg>
<doc>Pauses the test executed for the given time.</doc>
<msg timestamp="20240608 17:21:34.343" level="INFO">Slept 1 second</msg>
<status status="PASS" starttime="20240608 17:21:33.342" endtime="20240608 17:21:34.343"/>
</kw>
<kw name="Take Screenshot" library="CustomSapGuiLibrary">
<arg>00_multi_logon_handling.jpg</arg>
<doc>Takes a screenshot, only if 'screenshots on error' has been enabled,
either at import of with keyword `enable screenshots on error`.</doc>
<msg timestamp="20240608 17:21:34.390" level="INFO" html="true">&lt;a href="00_multi_logon_handling.jpg"&gt;&lt;img src="00_multi_logon_handling.jpg" width="800px"&gt;&lt;/a&gt;</msg>
<status status="PASS" starttime="20240608 17:21:34.343" endtime="20240608 17:21:34.390"/>
</kw>
<status status="PASS" starttime="20240608 17:21:08.264" endtime="20240608 17:21:34.390"/>
</kw>
<test id="s1-s1-t1" name="Check_Spam_update" line="9">
<kw name="Spam Transaction" library="Spam_Patch_enhance">
<kw name="Run Transaction" library="CustomSapGuiLibrary">
<arg>spam</arg>
<doc>Runs a Sap transaction. An error is given when an unknown transaction is specified.</doc>
<status status="PASS" starttime="20240608 17:21:34.390" endtime="20240608 17:21:34.601"/>
</kw>
<kw name="Sleep" library="BuiltIn">
<arg>5</arg>
<doc>Pauses the test executed for the given time.</doc>
<msg timestamp="20240608 17:21:39.601" level="INFO">Slept 5 seconds</msg>
<status status="PASS" starttime="20240608 17:21:34.601" endtime="20240608 17:21:39.601"/>
</kw>
<kw name="Take Screenshot" library="CustomSapGuiLibrary">
<arg>B01_spam.jpg</arg>
<doc>Takes a screenshot, only if 'screenshots on error' has been enabled,
either at import of with keyword `enable screenshots on error`.</doc>
<msg timestamp="20240608 17:21:39.675" level="INFO" html="true">&lt;a href="B01_spam.jpg"&gt;&lt;img src="B01_spam.jpg" width="800px"&gt;&lt;/a&gt;</msg>
<status status="PASS" starttime="20240608 17:21:39.601" endtime="20240608 17:21:39.675"/>
</kw>
<status status="PASS" starttime="20240608 17:21:34.390" endtime="20240608 17:21:39.675"/>
</kw>
<kw name="Certificate Verification" library="Spam_Patch_enhance">
<kw name="Get Maintenance Certificate Text" library="CustomSapGuiLibrary">
<arg>wnd[0]/sbar/pane[0]</arg>
<msg timestamp="20240608 17:21:39.675" level="INFO">License available to proceed further</msg>
<status status="PASS" starttime="20240608 17:21:39.675" endtime="20240608 17:21:39.675"/>
</kw>
<kw name="Sleep" library="BuiltIn">
<arg>2</arg>
<doc>Pauses the test executed for the given time.</doc>
<msg timestamp="20240608 17:21:41.675" level="INFO">Slept 2 seconds</msg>
<status status="PASS" starttime="20240608 17:21:39.675" endtime="20240608 17:21:41.675"/>
</kw>
<kw name="Take Screenshot" library="CustomSapGuiLibrary">
<arg>C01_Certificate.jpg</arg>
<doc>Takes a screenshot, only if 'screenshots on error' has been enabled,
either at import of with keyword `enable screenshots on error`.</doc>
<msg timestamp="20240608 17:21:41.722" level="INFO" html="true">&lt;a href="C01_Certificate.jpg"&gt;&lt;img src="C01_Certificate.jpg" width="800px"&gt;&lt;/a&gt;</msg>
<status status="PASS" starttime="20240608 17:21:41.675" endtime="20240608 17:21:41.722"/>
</kw>
<status status="PASS" starttime="20240608 17:21:39.675" endtime="20240608 17:21:41.722"/>
</kw>
<kw name="Loading package" library="Spam_Patch_enhance">
<kw name="Click Element" library="CustomSapGuiLibrary">
<arg>wnd[0]/mbar/menu[0]/menu[0]/menu[1]</arg>
<doc>Performs a single click on a given element. Used only for buttons, tabs and menu items.</doc>
<status status="PASS" starttime="20240608 17:21:41.722" endtime="20240608 17:21:41.855"/>
</kw>
<kw name="Sleep" library="BuiltIn">
<arg>2</arg>
<doc>Pauses the test executed for the given time.</doc>
<msg timestamp="20240608 17:21:43.855" level="INFO">Slept 2 seconds</msg>
<status status="PASS" starttime="20240608 17:21:41.855" endtime="20240608 17:21:43.855"/>
</kw>
<kw name="Take Screenshot" library="CustomSapGuiLibrary">
<arg>D01_Load_1.jpg</arg>
<doc>Takes a screenshot, only if 'screenshots on error' has been enabled,
either at import of with keyword `enable screenshots on error`.</doc>
<msg timestamp="20240608 17:21:43.918" level="INFO" html="true">&lt;a href="D01_Load_1.jpg"&gt;&lt;img src="D01_Load_1.jpg" width="800px"&gt;&lt;/a&gt;</msg>
<status status="PASS" starttime="20240608 17:21:43.855" endtime="20240608 17:21:43.918"/>
</kw>
<kw name="Click Element" library="CustomSapGuiLibrary">
<arg>wnd[1]/usr/btnSPOP-OPTION1</arg>
<doc>Performs a single click on a given element. Used only for buttons, tabs and menu items.</doc>
<status status="PASS" starttime="20240608 17:21:43.918" endtime="20240608 17:21:45.637"/>
</kw>
<kw name="Sleep" library="BuiltIn">
<arg>2</arg>
<doc>Pauses the test executed for the given time.</doc>
<msg timestamp="20240608 17:21:47.637" level="INFO">Slept 2 seconds</msg>
<status status="PASS" starttime="20240608 17:21:45.637" endtime="20240608 17:21:47.637"/>
</kw>
<kw name="Take Screenshot" library="CustomSapGuiLibrary">
<arg>D02_Load_2.jpg</arg>
<doc>Takes a screenshot, only if 'screenshots on error' has been enabled,
either at import of with keyword `enable screenshots on error`.</doc>
<msg timestamp="20240608 17:21:47.688" level="INFO" html="true">&lt;a href="D02_Load_2.jpg"&gt;&lt;img src="D02_Load_2.jpg" width="800px"&gt;&lt;/a&gt;</msg>
<status status="PASS" starttime="20240608 17:21:47.637" endtime="20240608 17:21:47.688"/>
</kw>
<kw name="Click Element" library="CustomSapGuiLibrary">
<arg>wnd[0]/tbar[0]/btn[3]</arg>
<doc>Performs a single click on a given element. Used only for buttons, tabs and menu items.</doc>
<status status="PASS" starttime="20240608 17:21:47.688" endtime="20240608 17:21:47.804"/>
</kw>
<kw name="Sleep" library="BuiltIn">
<arg>2</arg>
<doc>Pauses the test executed for the given time.</doc>
<msg timestamp="20240608 17:21:49.804" level="INFO">Slept 2 seconds</msg>
<status status="PASS" starttime="20240608 17:21:47.804" endtime="20240608 17:21:49.804"/>
</kw>
<kw name="Take Screenshot" library="CustomSapGuiLibrary">
<arg>D03_Load_3.jpg</arg>
<doc>Takes a screenshot, only if 'screenshots on error' has been enabled,
either at import of with keyword `enable screenshots on error`.</doc>
<msg timestamp="20240608 17:21:49.851" level="INFO" html="true">&lt;a href="D03_Load_3.jpg"&gt;&lt;img src="D03_Load_3.jpg" width="800px"&gt;&lt;/a&gt;</msg>
<status status="PASS" starttime="20240608 17:21:49.804" endtime="20240608 17:21:49.867"/>
</kw>
<status status="PASS" starttime="20240608 17:21:41.722" endtime="20240608 17:21:49.867"/>
</kw>
<kw name="Display/Define" library="Spam_Patch_enhance">
<kw name="Click Element" library="CustomSapGuiLibrary">
<arg>wnd[0]/usr/btnPAT100-QUEUE</arg>
<doc>Performs a single click on a given element. Used only for buttons, tabs and menu items.</doc>
<status status="PASS" starttime="20240608 17:21:49.867" endtime="20240608 17:21:50.147"/>
</kw>
<kw name="Sleep" library="BuiltIn">
<arg>2</arg>
<doc>Pauses the test executed for the given time.</doc>
<msg timestamp="20240608 17:21:52.148" level="INFO">Slept 2 seconds</msg>
<status status="PASS" starttime="20240608 17:21:50.147" endtime="20240608 17:21:52.148"/>
</kw>
<kw name="Take Screenshot" library="CustomSapGuiLibrary">
<arg>E01_Display.jpg</arg>
<doc>Takes a screenshot, only if 'screenshots on error' has been enabled,
either at import of with keyword `enable screenshots on error`.</doc>
<msg timestamp="20240608 17:21:52.210" level="INFO" html="true">&lt;a href="E01_Display.jpg"&gt;&lt;img src="E01_Display.jpg" width="800px"&gt;&lt;/a&gt;</msg>
<status status="PASS" starttime="20240608 17:21:52.148" endtime="20240608 17:21:52.210"/>
</kw>
<status status="PASS" starttime="20240608 17:21:49.867" endtime="20240608 17:21:52.210"/>
</kw>
<kw name="Spam software selection" library="Spam_Patch_enhance">
<kw name="Click Element" library="CustomSapGuiLibrary">
<arg>wnd[1]/tbar[0]/btn[7]</arg>
<doc>Performs a single click on a given element. Used only for buttons, tabs and menu items.</doc>
<status status="PASS" starttime="20240608 17:21:52.210" endtime="20240608 17:21:52.496"/>
</kw>
<kw name="Sleep" library="BuiltIn">
<arg>2</arg>
<doc>Pauses the test executed for the given time.</doc>
<msg timestamp="20240608 17:21:54.496" level="INFO">Slept 2 seconds</msg>
<status status="PASS" starttime="20240608 17:21:52.496" endtime="20240608 17:21:54.496"/>
</kw>
<kw name="Take Screenshot" library="CustomSapGuiLibrary">
<arg>F01_patch_1.jpg</arg>
<doc>Takes a screenshot, only if 'screenshots on error' has been enabled,
either at import of with keyword `enable screenshots on error`.</doc>
<msg timestamp="20240608 17:21:54.537" level="INFO" html="true">&lt;a href="F01_patch_1.jpg"&gt;&lt;img src="F01_patch_1.jpg" width="800px"&gt;&lt;/a&gt;</msg>
<status status="PASS" starttime="20240608 17:21:54.496" endtime="20240608 17:21:54.537"/>
</kw>
<kw name="Spam Multiple Patch Version Select" library="CustomSapGuiLibrary">
<arg>${comp_id}</arg>
<arg>${search_comp}</arg>
<arg>${search_patch}</arg>
<msg timestamp="20240608 17:21:54.568" level="INFO">(-2147352567, 'Exception occurred.', (0, 'SAP Frontend Server', '', None, 0, -2147024809), None)
(-2147352567, 'Exception occurred.', (0, 'SAP Frontend Server', '', None, 0, -2147024809), None)
(-2147352567, 'Exception occurred.', (0, 'SAP Frontend Server', '', None, 0, -2147024809), None)</msg>
<status status="PASS" starttime="20240608 17:21:54.537" endtime="20240608 17:21:54.568"/>
</kw>
<kw name="Sleep" library="BuiltIn">
<arg>4</arg>
<doc>Pauses the test executed for the given time.</doc>
<msg timestamp="20240608 17:21:58.569" level="INFO">Slept 4 seconds</msg>
<status status="PASS" starttime="20240608 17:21:54.568" endtime="20240608 17:21:58.569"/>
</kw>
<kw name="Take Screenshot" library="CustomSapGuiLibrary">
<arg>F02_patch_2.jpg</arg>
<doc>Takes a screenshot, only if 'screenshots on error' has been enabled,
either at import of with keyword `enable screenshots on error`.</doc>
<msg timestamp="20240608 17:21:58.616" level="INFO" html="true">&lt;a href="F02_patch_2.jpg"&gt;&lt;img src="F02_patch_2.jpg" width="800px"&gt;&lt;/a&gt;</msg>
<status status="PASS" starttime="20240608 17:21:58.569" endtime="20240608 17:21:58.616"/>
</kw>
<kw name="Click Element" library="CustomSapGuiLibrary">
<arg>wnd[1]/tbar[0]/btn[0]</arg>
<doc>Performs a single click on a given element. Used only for buttons, tabs and menu items.</doc>
<status status="PASS" starttime="20240608 17:21:58.616" endtime="20240608 17:21:58.842"/>
</kw>
<kw name="Sleep" library="BuiltIn">
<arg>2</arg>
<doc>Pauses the test executed for the given time.</doc>
<msg timestamp="20240608 17:22:00.843" level="INFO">Slept 2 seconds</msg>
<status status="PASS" starttime="20240608 17:21:58.842" endtime="20240608 17:22:00.843"/>
</kw>
<kw name="Take Screenshot" library="CustomSapGuiLibrary">
<arg>F03_patch_3.jpg</arg>
<doc>Takes a screenshot, only if 'screenshots on error' has been enabled,
either at import of with keyword `enable screenshots on error`.</doc>
<msg timestamp="20240608 17:22:00.905" level="INFO" html="true">&lt;a href="F03_patch_3.jpg"&gt;&lt;img src="F03_patch_3.jpg" width="800px"&gt;&lt;/a&gt;</msg>
<status status="PASS" starttime="20240608 17:22:00.843" endtime="20240608 17:22:00.905"/>
</kw>
<kw name="Click Element" library="CustomSapGuiLibrary">
<arg>wnd[1]/tbar[0]/btn[0]</arg>
<doc>Performs a single click on a given element. Used only for buttons, tabs and menu items.</doc>
<status status="PASS" starttime="20240608 17:22:00.905" endtime="20240608 17:22:01.100"/>
</kw>
<kw name="Sleep" library="BuiltIn">
<arg>2</arg>
<doc>Pauses the test executed for the given time.</doc>
<msg timestamp="20240608 17:22:03.100" level="INFO">Slept 2 seconds</msg>
<status status="PASS" starttime="20240608 17:22:01.100" endtime="20240608 17:22:03.100"/>
</kw>
<kw name="Take Screenshot" library="CustomSapGuiLibrary">
<arg>F04_patch_4.jpg</arg>
<doc>Takes a screenshot, only if 'screenshots on error' has been enabled,
either at import of with keyword `enable screenshots on error`.</doc>
<msg timestamp="20240608 17:22:03.155" level="INFO" html="true">&lt;a href="F04_patch_4.jpg"&gt;&lt;img src="F04_patch_4.jpg" width="800px"&gt;&lt;/a&gt;</msg>
<status status="PASS" starttime="20240608 17:22:03.100" endtime="20240608 17:22:03.155"/>
</kw>
<status status="PASS" starttime="20240608 17:21:52.210" endtime="20240608 17:22:03.155"/>
</kw>
<kw name="Important SAP note handling" library="Spam_Patch_enhance">
<kw name="Is Imp Notes Existing" library="CustomSapGuiLibrary">
<arg>wnd[1]</arg>
<arg>wnd[1]/tbar[0]/btn[0]</arg>
<msg timestamp="20240608 17:22:03.218" level="INFO">Modal window does not exist.</msg>
<status status="PASS" starttime="20240608 17:22:03.156" endtime="20240608 17:22:03.219"/>
</kw>
<kw name="Take Screenshot" library="CustomSapGuiLibrary">
<arg>G01_SAP_note.jpg</arg>
<doc>Takes a screenshot, only if 'screenshots on error' has been enabled,
either at import of with keyword `enable screenshots on error`.</doc>
<msg timestamp="20240608 17:22:03.267" level="INFO" html="true">&lt;a href="G01_SAP_note.jpg"&gt;&lt;img src="G01_SAP_note.jpg" width="800px"&gt;&lt;/a&gt;</msg>
<status status="PASS" starttime="20240608 17:22:03.219" endtime="20240608 17:22:03.267"/>
</kw>
<kw name="Click Element" library="CustomSapGuiLibrary">
<arg>wnd[2]/tbar[0]/btn[0]</arg>
<doc>Performs a single click on a given element. Used only for buttons, tabs and menu items.</doc>
<msg timestamp="20240608 17:22:03.344" level="INFO" html="true">&lt;a href="sap-screenshot_1.jpg"&gt;&lt;img src="sap-screenshot_1.jpg" width="800px"&gt;&lt;/a&gt;</msg>
<msg timestamp="20240608 17:22:03.344" level="FAIL">ValueError: Cannot find element with id 'wnd[2]/tbar[0]/btn[0]'</msg>
<status status="FAIL" starttime="20240608 17:22:03.267" endtime="20240608 17:22:03.359"/>
</kw>
<kw name="Click Element" library="CustomSapGuiLibrary">
<arg>wnd[1]/usr/btnBUTTON_2</arg>
<doc>Performs a single click on a given element. Used only for buttons, tabs and menu items.</doc>
<status status="NOT RUN" starttime="20240608 17:22:03.359" endtime="20240608 17:22:03.359"/>
</kw>
<kw name="Take Screenshot" library="CustomSapGuiLibrary">
<arg>G02_Modification.jpg</arg>
<doc>Takes a screenshot, only if 'screenshots on error' has been enabled,
either at import of with keyword `enable screenshots on error`.</doc>
<status status="NOT RUN" starttime="20240608 17:22:03.359" endtime="20240608 17:22:03.359"/>
</kw>
<status status="FAIL" starttime="20240608 17:22:03.155" endtime="20240608 17:22:03.359"/>
</kw>
<tag>Regression</tag>
<tag>spampatchenhance</tag>
<status status="FAIL" starttime="20240608 17:21:34.390" endtime="20240608 17:22:03.359">ValueError: Cannot find element with id 'wnd[2]/tbar[0]/btn[0]'</status>
</test>
<test id="s1-s1-t2" name="Import Queue" line="17">
<kw name="Importing queue from support package" library="Spam_Patch_enhance">
<kw name="Click Element" library="CustomSapGuiLibrary">
<arg>wnd[0]/mbar/menu[0]/menu[3]</arg>
<doc>Performs a single click on a given element. Used only for buttons, tabs and menu items.</doc>
<status status="PASS" starttime="20240608 17:22:03.359" endtime="20240608 17:22:03.459"/>
</kw>
<kw name="Click Element" library="CustomSapGuiLibrary">
<arg>wnd[1]/tbar[0]/btn[0]</arg>
<doc>Performs a single click on a given element. Used only for buttons, tabs and menu items.</doc>
<status status="PASS" starttime="20240608 17:22:03.459" endtime="20240608 17:22:03.653"/>
</kw>
<kw name="Take Screenshot" library="CustomSapGuiLibrary">
<arg>H01_Imp_que_1.jpg</arg>
<doc>Takes a screenshot, only if 'screenshots on error' has been enabled,
either at import of with keyword `enable screenshots on error`.</doc>
<msg timestamp="20240608 17:22:03.728" level="INFO" html="true">&lt;a href="H01_Imp_que_1.jpg"&gt;&lt;img src="H01_Imp_que_1.jpg" width="800px"&gt;&lt;/a&gt;</msg>
<status status="PASS" starttime="20240608 17:22:03.653" endtime="20240608 17:22:03.728"/>
</kw>
<kw name="Click Element" library="CustomSapGuiLibrary">
<arg>wnd[1]/tbar[0]/btn[27]</arg>
<doc>Performs a single click on a given element. Used only for buttons, tabs and menu items.</doc>
<msg timestamp="20240608 17:22:03.781" level="INFO" html="true">&lt;a href="sap-screenshot_2.jpg"&gt;&lt;img src="sap-screenshot_2.jpg" width="800px"&gt;&lt;/a&gt;</msg>
<msg timestamp="20240608 17:22:03.781" level="FAIL">ValueError: Cannot find element with id 'wnd[1]/tbar[0]/btn[27]'</msg>
<status status="FAIL" starttime="20240608 17:22:03.728" endtime="20240608 17:22:03.781"/>
</kw>
<kw name="Take Screenshot" library="CustomSapGuiLibrary">
<arg>H02_Start_options.jpg</arg>
<doc>Takes a screenshot, only if 'screenshots on error' has been enabled,
either at import of with keyword `enable screenshots on error`.</doc>
<status status="NOT RUN" starttime="20240608 17:22:03.781" endtime="20240608 17:22:03.781"/>
</kw>
<kw name="Sleep" library="BuiltIn">
<arg>1</arg>
<doc>Pauses the test executed for the given time.</doc>
<status status="NOT RUN" starttime="20240608 17:22:03.781" endtime="20240608 17:22:03.781"/>
</kw>
<kw name="Select Radio Button" library="CustomSapGuiLibrary">
<arg>wnd[1]/usr/tabsSTART_OPTIONS/tabpSTART_FC1/ssubSTART_OPTIONS_SCA:SAPLOCS_UI:0701/radLAY0700-RB1_BTCHIM</arg>
<doc>Sets radio button to the specified value.</doc>
<status status="NOT RUN" starttime="20240608 17:22:03.781" endtime="20240608 17:22:03.781"/>
</kw>
<kw name="Sleep" library="BuiltIn">
<arg>1</arg>
<doc>Pauses the test executed for the given time.</doc>
<status status="NOT RUN" starttime="20240608 17:22:03.781" endtime="20240608 17:22:03.781"/>
</kw>
<kw name="Take Screenshot" library="CustomSapGuiLibrary">
<arg>H03_Start_bkgd.jpg</arg>
<doc>Takes a screenshot, only if 'screenshots on error' has been enabled,
either at import of with keyword `enable screenshots on error`.</doc>
<status status="NOT RUN" starttime="20240608 17:22:03.781" endtime="20240608 17:22:03.781"/>
</kw>
<kw name="Click Element" library="CustomSapGuiLibrary">
<arg>wnd[1]/tbar[0]/btn[0]</arg>
<doc>Performs a single click on a given element. Used only for buttons, tabs and menu items.</doc>
<status status="NOT RUN" starttime="20240608 17:22:03.797" endtime="20240608 17:22:03.797"/>
</kw>
<kw name="Sleep" library="BuiltIn">
<arg>1</arg>
<doc>Pauses the test executed for the given time.</doc>
<status status="NOT RUN" starttime="20240608 17:22:03.797" endtime="20240608 17:22:03.797"/>
</kw>
<kw name="Take Screenshot" library="CustomSapGuiLibrary">
<arg>H04_Start_bkgd_2.jpg</arg>
<doc>Takes a screenshot, only if 'screenshots on error' has been enabled,
either at import of with keyword `enable screenshots on error`.</doc>
<status status="NOT RUN" starttime="20240608 17:22:03.797" endtime="20240608 17:22:03.797"/>
</kw>
<kw name="Click Element" library="CustomSapGuiLibrary">
<arg>wnd[1]/tbar[0]/btn[25]</arg>
<doc>Performs a single click on a given element. Used only for buttons, tabs and menu items.</doc>
<status status="NOT RUN" starttime="20240608 17:22:03.797" endtime="20240608 17:22:03.797"/>
</kw>
<kw name="Take Screenshot" library="CustomSapGuiLibrary">
<arg>H05_Start_bkgd_3.jpg</arg>
<doc>Takes a screenshot, only if 'screenshots on error' has been enabled,
either at import of with keyword `enable screenshots on error`.</doc>
<status status="NOT RUN" starttime="20240608 17:22:03.797" endtime="20240608 17:22:03.797"/>
</kw>
<kw name="Sleep" library="BuiltIn">
<arg>1</arg>
<doc>Pauses the test executed for the given time.</doc>
<status status="NOT RUN" starttime="20240608 17:22:03.797" endtime="20240608 17:22:03.797"/>
</kw>
<status status="FAIL" starttime="20240608 17:22:03.359" endtime="20240608 17:22:03.797"/>
</kw>
<kw name="Confirm Queue" library="Spam_Patch_enhance">
<status status="NOT RUN" starttime="20240608 17:22:03.797" endtime="20240608 17:22:03.797"/>
</kw>
<tag>Regression</tag>
<tag>spampatchenhance</tag>
<status status="FAIL" starttime="20240608 17:22:03.359" endtime="20240608 17:22:03.797">ValueError: Cannot find element with id 'wnd[1]/tbar[0]/btn[27]'</status>
</test>
<status status="FAIL" starttime="20240608 17:21:08.249" endtime="20240608 17:22:03.797"/>
</suite>
<doc>Testing functionality through Robot Framework</doc>
<meta name="environment">Dev</meta>
<meta name="test_browser_name">chrome</meta>
<meta name="test_browser_version">125.0.6422.142</meta>
<meta name="test_driver_version">125.0.6422.141 </meta>
<meta name="test_environment">Dev</meta>
<meta name="test_freeze_dependencies">astroid==3.1.0,attrs==23.2.0,beautifulsoup4==4.12.3,bs4==0.0.2,certifi==2024.2.2,cffi==1.16.0,chardet==5.2.0,charset-normalizer==3.3.2,click==8.1.7,colorama==0.4.6,cryptography==42.0.5,defusedxml==0.7.1,dill==0.3.8,docutils==0.20.1,docx==0.2.4,docx2pdf==0.1.8,et-xmlfile==1.1.0,exceptiongroup==1.2.0,fsspec==2024.5.0,gitdb==4.0.11,GitPython==3.1.42,h11==0.14.0,idna==3.6,isort==5.13.2,Jinja2==3.1.3,jira==3.6.0,jsonpath-ng==1.6.1,jsonschema==4.21.1,jsonschema-specifications==2023.12.1,lazy-object-proxy==1.10.0,lxml==5.1.0,markdown-it-py==3.0.0,MarkupSafe==2.1.5,mccabe==0.7.0,mdurl==0.1.2,natsort==8.4.0,numpy==1.26.4,oauthlib==3.2.2,openpyxl==3.1.2,outcome==1.3.0.post0,packaging==24.0,pandas==2.2.2,pathspec==0.11.2,pillow==10.2.0,pip==24.0,platformdirs==4.2.0,ply==3.11,pycparser==2.21,Pygments==2.17.2,pylint==3.1.0,PySocks==1.7.1,python-dateutil==2.9.0.post0,python-docx==1.1.2,pytz==2024.1,pywin32==306,PyYAML==6.0.1,referencing==0.33.0,reportlab==4.2.0,requests==2.31.0,requests-oauthlib==1.4.0,requests-toolbelt==1.0.0,rich==13.7.1,rich-click==1.6.1,robotframework==6.0.2,robotframework-datadriver==1.9.0,robotframework-jsonlibrary==0.5,robotframework-pabot==2.16.0,robotframework-pythonlibcore==4.2.0,robotframework-requests==0.9.2,robotframework-sapguilibrary==1.1,robotframework-seleniumlibrary==5.1.3,robotframework-stacktrace==0.4.1,robotframework-tidy==4.5.0,rpds-py==0.18.0,selenium==4.9.1,setuptools==69.2.0,six==1.16.0,smmap==5.0.1,sniffio==1.3.1,sortedcontainers==2.4.0,soupsieve==2.5,tomli==2.0.1,tomlkit==0.12.4,tqdm==4.66.4,trio==0.24.0,trio-websocket==0.11.1,typing_extensions==4.10.0,tzdata==2024.1,urllib3==2.2.1,wheel==0.43.0,wrapt==1.16.0,wsproto==1.2.0</meta>
<status status="FAIL" starttime="20240608 17:21:03.070" endtime="20240608 17:22:04.208"/>
</suite>
<statistics>
<total>
<stat pass="0" fail="2" skip="0">All Tests</stat>
</total>
<tag>
<stat pass="0" fail="2" skip="0">Regression</stat>
<stat pass="0" fail="2" skip="0">spampatchenhance</stat>
</tag>
<suite>
<stat pass="0" fail="2" skip="0" id="s1" name="Tests">Tests</stat>
<stat pass="0" fail="2" skip="0" id="s1-s1" name="Test spam patch enhance">Tests.Test spam patch enhance</stat>
</suite>
</statistics>
<errors>
</errors>
</robot>
