<?xml version="1.0" encoding="UTF-8"?>
<robot generator="Robot 6.0.2 (Python 3.12.1 on win32)" generated="20240620 16:22:32.555" rpa="false" schemaversion="3">
<suite id="s1" name="Tests" source="C:\SAP_Testing\SAPtesting\Tests">
<kw name="Setup highest level suite" type="SETUP">
<kw name="Set Variable" library="BuiltIn">
<var>${d.test_server}</var>
<arg>${test_server}</arg>
<doc>Returns the given values which can then be assigned to a variables.</doc>
<msg timestamp="20240620 16:22:33.187" level="INFO">${d.test_server} = Dev</msg>
<status status="PASS" starttime="20240620 16:22:33.187" endtime="20240620 16:22:33.187"/>
</kw>
<kw name="Reset screenshot count variable" library="Support">
<kw name="Set Variable" library="BuiltIn">
<var>${screenshotCount}</var>
<arg>${PABOTQUEUEINDEX}_1</arg>
<doc>Returns the given values which can then be assigned to a variables.</doc>
<msg timestamp="20240620 16:22:33.188" level="INFO">${screenshotCount} = 0_1</msg>
<status status="PASS" starttime="20240620 16:22:33.188" endtime="20240620 16:22:33.188"/>
</kw>
<kw name="Set Global Variable" library="BuiltIn">
<arg>${screenshotCount}</arg>
<doc>Makes a variable available globally in all tests and suites.</doc>
<msg timestamp="20240620 16:22:33.189" level="INFO">${screenshotCount} = 0_1</msg>
<status status="PASS" starttime="20240620 16:22:33.188" endtime="20240620 16:22:33.189"/>
</kw>
<kw name="Set up screenshot directory" library="Support">
<kw name="Create Directory" library="OperatingSystem">
<arg>${OUTPUTDIR}${/}${wvar('screenshot_dir')}</arg>
<doc>Creates the specified directory.</doc>
<msg timestamp="20240620 16:22:33.190" level="INFO">Web.Dev.screenshot_dir: Screenshot</msg>
<msg timestamp="20240620 16:22:33.196" level="INFO" html="true">Created directory '&lt;a href="file://C:\SAP_Testing\SAPtesting\Output\pabot_results\0\Screenshot"&gt;C:\SAP_Testing\SAPtesting\Output\pabot_results\0\Screenshot&lt;/a&gt;'.</msg>
<status status="PASS" starttime="20240620 16:22:33.189" endtime="20240620 16:22:33.196"/>
</kw>
<status status="PASS" starttime="20240620 16:22:33.189" endtime="20240620 16:22:33.196"/>
</kw>
<status status="PASS" starttime="20240620 16:22:33.188" endtime="20240620 16:22:33.196"/>
</kw>
<kw name="Set Global Variable" library="BuiltIn">
<arg>${screenshot_taking}</arg>
<arg>${True}</arg>
<doc>Makes a variable available globally in all tests and suites.</doc>
<msg timestamp="20240620 16:22:33.197" level="INFO">${screenshot_taking} = True</msg>
<status status="PASS" starttime="20240620 16:22:33.197" endtime="20240620 16:22:33.197"/>
</kw>
<kw name="Setup linux execution" library="Support">
<kw name="Run Keyword And Return Status" library="BuiltIn">
<var>${web_test_check}</var>
<arg>Variable Should Exist</arg>
<arg>${web_test}</arg>
<doc>Runs the given keyword with given arguments and returns the status as a Boolean value.</doc>
<kw name="Variable Should Exist" library="BuiltIn">
<arg>${web_test}</arg>
<doc>Fails unless the given variable exists within the current scope.</doc>
<status status="PASS" starttime="20240620 16:22:33.198" endtime="20240620 16:22:33.199"/>
</kw>
<msg timestamp="20240620 16:22:33.199" level="INFO">${web_test_check} = True</msg>
<status status="PASS" starttime="20240620 16:22:33.198" endtime="20240620 16:22:33.199"/>
</kw>
<kw name="Run Keyword If" library="BuiltIn">
<arg>${web_test_check}</arg>
<arg>Setup Docker Execution Options</arg>
<doc>Runs the given keyword with the given arguments, if ``condition`` is true.</doc>
<kw name="Setup Docker Execution Options" library="Support_Web">
<kw name="Setup Suite Metadata" library="Support_Web">
<arg>${browser}</arg>
<kw name="Get Browser Metadata" library="BrowserSupport">
<var>&amp;{browser_information}</var>
<arg>browser=${browser}</arg>
<doc>Fetches browser metadata information
:param browser: Name of the browser for which information is fetched
:param reload: Re-read the metadata based on the browser
:return: Browser metadata information, dict of format
            {"browser_version": browser version value,
             "driver_version": driver version value}</doc>
<msg timestamp="20240620 16:22:37.994" level="INFO">&amp;{browser_information} = { browser_version=126.0.6478.62 | driver_version=126.0.6478.62  }</msg>
<status status="PASS" starttime="20240620 16:22:33.200" endtime="20240620 16:22:37.994"/>
</kw>
<kw name="Set Suite Metadata" library="BuiltIn">
<arg>test_browser_name</arg>
<arg>${browser}</arg>
<doc>Sets metadata for the current test suite.</doc>
<msg timestamp="20240620 16:22:37.995" level="INFO">Set suite metadata 'test_browser_name' to value 'chrome'.</msg>
<status status="PASS" starttime="20240620 16:22:37.995" endtime="20240620 16:22:37.995"/>
</kw>
<kw name="Set Suite Metadata" library="BuiltIn">
<arg>test_browser_version</arg>
<arg>${browser_information.browser_version}</arg>
<doc>Sets metadata for the current test suite.</doc>
<msg timestamp="20240620 16:22:37.997" level="INFO">Set suite metadata 'test_browser_version' to value '126.0.6478.62'.</msg>
<status status="PASS" starttime="20240620 16:22:37.995" endtime="20240620 16:22:37.997"/>
</kw>
<kw name="Set Suite Metadata" library="BuiltIn">
<arg>test_driver_version</arg>
<arg>${browser_information.driver_version}</arg>
<doc>Sets metadata for the current test suite.</doc>
<msg timestamp="20240620 16:22:37.998" level="INFO">Set suite metadata 'test_driver_version' to value '126.0.6478.62 '.</msg>
<status status="PASS" starttime="20240620 16:22:37.997" endtime="20240620 16:22:37.998"/>
</kw>
<status status="PASS" starttime="20240620 16:22:33.200" endtime="20240620 16:22:37.998"/>
</kw>
<kw name="Setup Global Docker Execution Options" library="Support_Web">
<kw name="Set Global Variable" library="BuiltIn">
<arg>${global_browser_options}</arg>
<arg>None</arg>
<doc>Makes a variable available globally in all tests and suites.</doc>
<msg timestamp="20240620 16:22:38.000" level="INFO">${global_browser_options} = None</msg>
<status status="PASS" starttime="20240620 16:22:37.999" endtime="20240620 16:22:38.000"/>
</kw>
<kw name="Get Environment Variable" library="OperatingSystem">
<var>${docker_check}</var>
<arg>EXECUTION_ENVIRONMENT</arg>
<arg>not_found</arg>
<doc>Returns the value of an environment variable with the given name.</doc>
<msg timestamp="20240620 16:22:38.001" level="INFO">${docker_check} = not_found</msg>
<status status="PASS" starttime="20240620 16:22:38.000" endtime="20240620 16:22:38.001"/>
</kw>
<kw name="Run Keyword And Return If" library="BuiltIn">
<arg>"${docker_check}"!="docker"</arg>
<arg>Log</arg>
<arg>Not executing on Docker</arg>
<doc>Runs the specified keyword and returns from the enclosing user keyword.</doc>
<kw name="Log" library="BuiltIn">
<arg>Not executing on Docker</arg>
<doc>Logs the given message with the given level.</doc>
<msg timestamp="20240620 16:22:38.002" level="INFO">Not executing on Docker</msg>
<status status="PASS" starttime="20240620 16:22:38.001" endtime="20240620 16:22:38.002"/>
</kw>
<msg timestamp="20240620 16:22:38.002" level="INFO">Returning from the enclosing user keyword.</msg>
<status status="PASS" starttime="20240620 16:22:38.001" endtime="20240620 16:22:38.002"/>
</kw>
<kw name="Create List" library="BuiltIn">
<var>@{options}</var>
<arg>--headless</arg>
<arg>--no-sandbox</arg>
<arg>--disable-dev-shm-usage</arg>
<doc>Returns a list containing given items.</doc>
<status status="NOT RUN" starttime="20240620 16:22:38.002" endtime="20240620 16:22:38.002"/>
</kw>
<kw name="Set Global Variable" library="BuiltIn">
<arg>@{docker_options}</arg>
<arg>@{options}</arg>
<doc>Makes a variable available globally in all tests and suites.</doc>
<status status="NOT RUN" starttime="20240620 16:22:38.002" endtime="20240620 16:22:38.003"/>
</kw>
<status status="PASS" starttime="20240620 16:22:37.998" endtime="20240620 16:22:38.003"/>
</kw>
<kw name="Create Webdriver for chrome preferences" library="Support_Web">
<kw name="Update Docker Execution Options" library="Support_Web">
<var>${list_prefs}</var>
<arg>${list_prefs}</arg>
<kw name="Run Keyword And Return Status" library="BuiltIn">
<var>${docker_check}</var>
<arg>Variable Should Exist</arg>
<arg>${docker_options}</arg>
<doc>Runs the given keyword with given arguments and returns the status as a Boolean value.</doc>
<kw name="Variable Should Exist" library="BuiltIn">
<arg>${docker_options}</arg>
<doc>Fails unless the given variable exists within the current scope.</doc>
<msg timestamp="20240620 16:22:38.007" level="FAIL">Variable '${docker_options}' does not exist.</msg>
<status status="FAIL" starttime="20240620 16:22:38.004" endtime="20240620 16:22:38.007"/>
</kw>
<msg timestamp="20240620 16:22:38.007" level="INFO">${docker_check} = False</msg>
<status status="PASS" starttime="20240620 16:22:38.004" endtime="20240620 16:22:38.007"/>
</kw>
<kw name="Get Length" library="BuiltIn">
<var>${list_prefs_length}</var>
<arg>${list_prefs}</arg>
<doc>Returns and logs the length of the given item as an integer.</doc>
<msg timestamp="20240620 16:22:38.007" level="INFO">Length is 1</msg>
<msg timestamp="20240620 16:22:38.007" level="INFO">${list_prefs_length} = 1</msg>
<status status="PASS" starttime="20240620 16:22:38.007" endtime="20240620 16:22:38.008"/>
</kw>
<kw name="Run Keyword If" library="BuiltIn">
<var>${list_prefs}</var>
<arg>${docker_check} and ${list_prefs_length}&gt;0 and ${list_prefs}[0] != []</arg>
<arg>Combine Lists</arg>
<arg>${list_prefs}</arg>
<arg>${docker_options}</arg>
<arg>ELSE IF</arg>
<arg>${docker_check}</arg>
<arg>Set Variable</arg>
<arg>${docker_options}</arg>
<arg>ELSE</arg>
<arg>Set Variable</arg>
<arg>${list_prefs}</arg>
<doc>Runs the given keyword with the given arguments, if ``condition`` is true.</doc>
<kw name="Set Variable" library="BuiltIn">
<arg>${list_prefs}</arg>
<doc>Returns the given values which can then be assigned to a variables.</doc>
<status status="PASS" starttime="20240620 16:22:38.008" endtime="20240620 16:22:38.009"/>
</kw>
<msg timestamp="20240620 16:22:38.009" level="INFO">${list_prefs} = [[]]</msg>
<status status="PASS" starttime="20240620 16:22:38.008" endtime="20240620 16:22:38.009"/>
</kw>
<msg timestamp="20240620 16:22:38.009" level="INFO">${list_prefs} = [[]]</msg>
<status status="PASS" starttime="20240620 16:22:38.003" endtime="20240620 16:22:38.009"/>
</kw>
<kw name="Create Chrome Options for download preferences" library="Support_Web">
<var>${chrome_options}</var>
<kw name="Evaluate" library="BuiltIn">
<var>${chrome_options}</var>
<arg>sys.modules['selenium.webdriver'].ChromeOptions()</arg>
<arg>sys</arg>
<doc>Evaluates the given expression in Python and returns the result.</doc>
<msg timestamp="20240620 16:22:38.010" level="INFO">${chrome_options} = &lt;selenium.webdriver.chrome.options.Options object at 0x0000028554F16F00&gt;</msg>
<status status="PASS" starttime="20240620 16:22:38.010" endtime="20240620 16:22:38.010"/>
</kw>
<msg timestamp="20240620 16:22:38.010" level="INFO">${chrome_options} = &lt;selenium.webdriver.chrome.options.Options object at 0x0000028554F16F00&gt;</msg>
<status status="PASS" starttime="20240620 16:22:38.009" endtime="20240620 16:22:38.010"/>
</kw>
<kw name="Update Preferences List" library="Support_Web">
<arg>${chrome_options}</arg>
<arg>@{list_prefs}</arg>
<kw name="Convert To String" library="BuiltIn">
<var>${string_prefs}</var>
<arg>${list_prefs}</arg>
<doc>Converts the given item to a Unicode string.</doc>
<msg timestamp="20240620 16:22:38.011" level="INFO">${string_prefs} = [[]]</msg>
<status status="PASS" starttime="20240620 16:22:38.011" endtime="20240620 16:22:38.011"/>
</kw>
<kw name="Return From Keyword If" library="BuiltIn">
<arg>${string_prefs} == [[]]</arg>
<doc>Returns from the enclosing user keyword if ``condition`` is true.</doc>
<msg timestamp="20240620 16:22:38.012" level="INFO">Returning from the enclosing user keyword.</msg>
<status status="PASS" starttime="20240620 16:22:38.011" endtime="20240620 16:22:38.012"/>
</kw>
<for flavor="IN">
<var>${preference}</var>
<value>@{list_prefs}</value>
<iter>
<var name="${preference}"/>
<kw name="Call Method" library="BuiltIn">
<arg>${chrome_options}</arg>
<arg>add_argument</arg>
<arg>${preference}</arg>
<doc>Calls the named method of the given object with the provided arguments.</doc>
<status status="NOT RUN" starttime="20240620 16:22:38.012" endtime="20240620 16:22:38.013"/>
</kw>
<status status="NOT RUN" starttime="20240620 16:22:38.012" endtime="20240620 16:22:38.013"/>
</iter>
<status status="NOT RUN" starttime="20240620 16:22:38.012" endtime="20240620 16:22:38.013"/>
</for>
<status status="PASS" starttime="20240620 16:22:38.010" endtime="20240620 16:22:38.013"/>
</kw>
<kw name="Call Method" library="BuiltIn">
<arg>${chrome_options}</arg>
<arg>add_experimental_option</arg>
<arg>prefs</arg>
<arg>${kw_prefs}</arg>
<doc>Calls the named method of the given object with the provided arguments.</doc>
<status status="PASS" starttime="20240620 16:22:38.013" endtime="20240620 16:22:38.014"/>
</kw>
<kw name="Set Global Variable" library="BuiltIn">
<arg>${global_browser_options}</arg>
<arg>${chrome options}</arg>
<doc>Makes a variable available globally in all tests and suites.</doc>
<msg timestamp="20240620 16:22:38.014" level="INFO">${global_browser_options} = &lt;selenium.webdriver.chrome.options.Options object at 0x0000028554F16F00&gt;</msg>
<status status="PASS" starttime="20240620 16:22:38.014" endtime="20240620 16:22:38.014"/>
</kw>
<status status="PASS" starttime="20240620 16:22:38.003" endtime="20240620 16:22:38.014"/>
</kw>
<status status="PASS" starttime="20240620 16:22:33.199" endtime="20240620 16:22:38.015"/>
</kw>
<status status="PASS" starttime="20240620 16:22:33.199" endtime="20240620 16:22:38.015"/>
</kw>
<status status="PASS" starttime="20240620 16:22:33.197" endtime="20240620 16:22:38.015"/>
</kw>
<kw name="Set Suite Metadata" library="BuiltIn">
<arg>environment</arg>
<arg>${test_server}</arg>
<doc>Sets metadata for the current test suite.</doc>
<msg timestamp="20240620 16:22:38.015" level="INFO">Set suite metadata 'environment' to value 'Dev'.</msg>
<status status="PASS" starttime="20240620 16:22:38.015" endtime="20240620 16:22:38.015"/>
</kw>
<status status="PASS" starttime="20240620 16:22:33.187" endtime="20240620 16:22:38.016"/>
</kw>
<suite id="s1-s1" name="Test User Administration" source="C:\SAP_Testing\SAPtesting\Tests\Test_User Administration.robot">
<test id="s1-s1-t1" name="Start TestCase" line="7">
<kw name="Start TestCase" library="User_Administration">
<kw name="Log" library="BuiltIn">
<arg>Opening browser</arg>
<doc>Logs the given message with the given level.</doc>
<msg timestamp="20240620 16:22:38.027" level="INFO">Opening browser</msg>
<status status="PASS" starttime="20240620 16:22:38.026" endtime="20240620 16:22:38.027"/>
</kw>
<kw name="Open Browser" library="SeleniumLibrary">
<arg>${symvar('url')}</arg>
<arg>${symvar('browser')}</arg>
<doc>Opens a new browser instance to the optional ``url``.</doc>
<msg timestamp="20240620 16:22:38.028" level="INFO">Sym.Dev.url: https://dev.anugalid.com/login</msg>
<msg timestamp="20240620 16:22:38.028" level="INFO">Sym.Dev.browser: Chrome</msg>
<msg timestamp="20240620 16:22:38.029" level="INFO">Opening browser 'Chrome' to base url 'https://dev.anugalid.com/login'.</msg>
<status status="PASS" starttime="20240620 16:22:38.027" endtime="20240620 16:22:40.674"/>
</kw>
<status status="PASS" starttime="20240620 16:22:38.026" endtime="20240620 16:22:40.674"/>
</kw>
<tag>Create_user</tag>
<status status="PASS" starttime="20240620 16:22:38.026" endtime="20240620 16:22:40.674"/>
</test>
<test id="s1-s1-t2" name="Submit Anugal username and password" line="10">
<kw name="Submit Anugal username and password" library="User_Administration">
<kw name="Wait Until Element Is Visible" library="SeleniumLibrary">
<arg>${symvar('user_text_box')}</arg>
<doc>Waits until the element ``locator`` is visible.</doc>
<msg timestamp="20240620 16:22:40.683" level="INFO">Sym.Dev.user_text_box: id:emailId</msg>
<status status="PASS" starttime="20240620 16:22:40.682" endtime="20240620 16:22:40.737"/>
</kw>
<kw name="Sleep" library="BuiltIn">
<arg>10</arg>
<doc>Pauses the test executed for the given time.</doc>
<msg timestamp="20240620 16:22:50.738" level="INFO">Slept 10 seconds</msg>
<status status="PASS" starttime="20240620 16:22:40.737" endtime="20240620 16:22:50.738"/>
</kw>
<kw name="Click Element" library="SeleniumLibrary">
<arg>xpath:(//div[@class='MuiStack-root css-1ed5314']//button)[2]</arg>
<doc>Click the element identified by ``locator``.</doc>
<msg timestamp="20240620 16:22:50.739" level="INFO">Clicking element 'xpath:(//div[@class='MuiStack-root css-1ed5314']//button)[2]'.</msg>
<status status="PASS" starttime="20240620 16:22:50.738" endtime="20240620 16:22:50.960"/>
</kw>
<kw name="Sleep" library="BuiltIn">
<arg>5</arg>
<doc>Pauses the test executed for the given time.</doc>
<msg timestamp="20240620 16:22:55.961" level="INFO">Slept 5 seconds</msg>
<status status="PASS" starttime="20240620 16:22:50.960" endtime="20240620 16:22:55.961"/>
</kw>
<kw name="Input Text" library="SeleniumLibrary">
<arg>xpath://*[@id="i0116"]</arg>
<arg>malayranjan.s@basiscloudsolutions.com</arg>
<doc>Types the given ``text`` into the text field identified by ``locator``.</doc>
<msg timestamp="20240620 16:22:55.961" level="INFO">Typing text 'malayranjan.s@basiscloudsolutions.com' into text field 'xpath://*[@id="i0116"]'.</msg>
<status status="PASS" starttime="20240620 16:22:55.961" endtime="20240620 16:22:56.113"/>
</kw>
<kw name="Sleep" library="BuiltIn">
<arg>3</arg>
<doc>Pauses the test executed for the given time.</doc>
<msg timestamp="20240620 16:22:59.115" level="INFO">Slept 3 seconds</msg>
<status status="PASS" starttime="20240620 16:22:56.113" endtime="20240620 16:22:59.115"/>
</kw>
<kw name="Click Element" library="SeleniumLibrary">
<arg>xpath://*[@id="idSIButton9"]</arg>
<doc>Click the element identified by ``locator``.</doc>
<msg timestamp="20240620 16:22:59.115" level="INFO">Clicking element 'xpath://*[@id="idSIButton9"]'.</msg>
<status status="PASS" starttime="20240620 16:22:59.115" endtime="20240620 16:22:59.170"/>
</kw>
<kw name="Wait Until Element Is Visible" library="SeleniumLibrary">
<arg>xpath://*[@id="i0118"]</arg>
<arg>60s</arg>
<doc>Waits until the element ``locator`` is visible.</doc>
<status status="PASS" starttime="20240620 16:22:59.171" endtime="20240620 16:23:00.497"/>
</kw>
<kw name="Input Text" library="SeleniumLibrary">
<arg>xpath://*[@id="i0118"]</arg>
<arg>Malay@Ranjan!@#</arg>
<doc>Types the given ``text`` into the text field identified by ``locator``.</doc>
<msg timestamp="20240620 16:23:00.498" level="INFO">Typing text 'Malay@Ranjan!@#' into text field 'xpath://*[@id="i0118"]'.</msg>
<status status="PASS" starttime="20240620 16:23:00.497" endtime="20240620 16:23:00.604"/>
</kw>
<kw name="Click Element" library="SeleniumLibrary">
<arg>xpath://*[@id="idSIButton9"]</arg>
<doc>Click the element identified by ``locator``.</doc>
<msg timestamp="20240620 16:23:00.605" level="INFO">Clicking element 'xpath://*[@id="idSIButton9"]'.</msg>
<status status="PASS" starttime="20240620 16:23:00.604" endtime="20240620 16:23:01.062"/>
</kw>
<kw name="Sleep" library="BuiltIn">
<arg>2</arg>
<doc>Pauses the test executed for the given time.</doc>
<msg timestamp="20240620 16:23:03.063" level="INFO">Slept 2 seconds</msg>
<status status="PASS" starttime="20240620 16:23:01.062" endtime="20240620 16:23:03.063"/>
</kw>
<kw name="Click Element" library="SeleniumLibrary">
<arg>xpath://*[@id="idBtn_Back"]</arg>
<doc>Click the element identified by ``locator``.</doc>
<msg timestamp="20240620 16:23:03.063" level="INFO">Clicking element 'xpath://*[@id="idBtn_Back"]'.</msg>
<status status="PASS" starttime="20240620 16:23:03.063" endtime="20240620 16:23:04.617"/>
</kw>
<kw name="Sleep" library="BuiltIn">
<arg>5</arg>
<doc>Pauses the test executed for the given time.</doc>
<msg timestamp="20240620 16:23:09.619" level="INFO">Slept 5 seconds</msg>
<status status="PASS" starttime="20240620 16:23:04.617" endtime="20240620 16:23:09.619"/>
</kw>
<kw name="Maximize Browser Window" library="SeleniumLibrary">
<doc>Maximizes current browser window.</doc>
<status status="PASS" starttime="20240620 16:23:09.619" endtime="20240620 16:23:09.688"/>
</kw>
<kw name="Sleep" library="BuiltIn">
<arg>20</arg>
<doc>Pauses the test executed for the given time.</doc>
<msg timestamp="20240620 16:23:29.690" level="INFO">Slept 20 seconds</msg>
<status status="PASS" starttime="20240620 16:23:09.688" endtime="20240620 16:23:29.690"/>
</kw>
<status status="PASS" starttime="20240620 16:22:40.681" endtime="20240620 16:23:29.690"/>
</kw>
<tag>Create_user</tag>
<status status="PASS" starttime="20240620 16:22:40.676" endtime="20240620 16:23:29.690"/>
</test>
<test id="s1-s1-t3" name="Create User_id" line="13">
<kw name="Create User_id" library="User_Administration">
<kw name="Click Element" library="SeleniumLibrary">
<arg>xpath://span[text()='Admin']</arg>
<doc>Click the element identified by ``locator``.</doc>
<msg timestamp="20240620 16:23:29.690" level="INFO">Clicking element 'xpath://span[text()='Admin']'.</msg>
<status status="PASS" starttime="20240620 16:23:29.690" endtime="20240620 16:23:29.810"/>
</kw>
<kw name="Sleep" library="BuiltIn">
<arg>5</arg>
<doc>Pauses the test executed for the given time.</doc>
<msg timestamp="20240620 16:23:34.812" level="INFO">Slept 5 seconds</msg>
<status status="PASS" starttime="20240620 16:23:29.811" endtime="20240620 16:23:34.812"/>
</kw>
<kw name="Click Element" library="SeleniumLibrary">
<arg>xpath://div[text()='User Administration']</arg>
<doc>Click the element identified by ``locator``.</doc>
<msg timestamp="20240620 16:23:34.812" level="INFO">Clicking element 'xpath://div[text()='User Administration']'.</msg>
<status status="PASS" starttime="20240620 16:23:34.812" endtime="20240620 16:23:34.976"/>
</kw>
<kw name="Sleep" library="BuiltIn">
<arg>2</arg>
<doc>Pauses the test executed for the given time.</doc>
<msg timestamp="20240620 16:23:36.977" level="INFO">Slept 2 seconds</msg>
<status status="PASS" starttime="20240620 16:23:34.976" endtime="20240620 16:23:36.977"/>
</kw>
<kw name="Click Element" library="SeleniumLibrary">
<arg>xpath://button[text()='Add User']</arg>
<doc>Click the element identified by ``locator``.</doc>
<msg timestamp="20240620 16:23:36.978" level="INFO">Clicking element 'xpath://button[text()='Add User']'.</msg>
<status status="PASS" starttime="20240620 16:23:36.977" endtime="20240620 16:23:37.516"/>
</kw>
<kw name="Sleep" library="BuiltIn">
<arg>4</arg>
<doc>Pauses the test executed for the given time.</doc>
<msg timestamp="20240620 16:23:41.518" level="INFO">Slept 4 seconds</msg>
<status status="PASS" starttime="20240620 16:23:37.517" endtime="20240620 16:23:41.518"/>
</kw>
<kw name="Click Element" library="SeleniumLibrary">
<arg>id:mui-component-select-userType</arg>
<doc>Click the element identified by ``locator``.</doc>
<msg timestamp="20240620 16:23:41.518" level="INFO">Clicking element 'id:mui-component-select-userType'.</msg>
<status status="PASS" starttime="20240620 16:23:41.518" endtime="20240620 16:23:41.578"/>
</kw>
<kw name="Sleep" library="BuiltIn">
<arg>1</arg>
<doc>Pauses the test executed for the given time.</doc>
<msg timestamp="20240620 16:23:42.578" level="INFO">Slept 1 second</msg>
<status status="PASS" starttime="20240620 16:23:41.578" endtime="20240620 16:23:42.578"/>
</kw>
<kw name="Click Element" library="SeleniumLibrary">
<arg>xpath://li[@data-value='User']</arg>
<doc>Click the element identified by ``locator``.</doc>
<msg timestamp="20240620 16:23:42.579" level="INFO">Clicking element 'xpath://li[@data-value='User']'.</msg>
<status status="PASS" starttime="20240620 16:23:42.578" endtime="20240620 16:23:42.636"/>
</kw>
<kw name="Sleep" library="BuiltIn">
<arg>1</arg>
<doc>Pauses the test executed for the given time.</doc>
<msg timestamp="20240620 16:23:43.638" level="INFO">Slept 1 second</msg>
<status status="PASS" starttime="20240620 16:23:42.638" endtime="20240620 16:23:43.638"/>
</kw>
<kw name="Click Element" library="SeleniumLibrary">
<arg>id:mui-component-select-roleName</arg>
<doc>Click the element identified by ``locator``.</doc>
<msg timestamp="20240620 16:23:43.638" level="INFO">Clicking element 'id:mui-component-select-roleName'.</msg>
<status status="PASS" starttime="20240620 16:23:43.638" endtime="20240620 16:23:43.692"/>
</kw>
<kw name="Sleep" library="BuiltIn">
<arg>1</arg>
<doc>Pauses the test executed for the given time.</doc>
<msg timestamp="20240620 16:23:44.693" level="INFO">Slept 1 second</msg>
<status status="PASS" starttime="20240620 16:23:43.692" endtime="20240620 16:23:44.693"/>
</kw>
<kw name="Click Element" library="SeleniumLibrary">
<arg>xpath://li[@data-value='User']</arg>
<doc>Click the element identified by ``locator``.</doc>
<msg timestamp="20240620 16:23:44.693" level="INFO">Clicking element 'xpath://li[@data-value='User']'.</msg>
<status status="PASS" starttime="20240620 16:23:44.693" endtime="20240620 16:23:44.750"/>
</kw>
<kw name="Sleep" library="BuiltIn">
<arg>1</arg>
<doc>Pauses the test executed for the given time.</doc>
<msg timestamp="20240620 16:23:45.752" level="INFO">Slept 1 second</msg>
<status status="PASS" starttime="20240620 16:23:44.751" endtime="20240620 16:23:45.752"/>
</kw>
<kw name="Input Text" library="SeleniumLibrary">
<arg>name:firstName</arg>
<arg>Malay</arg>
<doc>Types the given ``text`` into the text field identified by ``locator``.</doc>
<msg timestamp="20240620 16:23:45.752" level="INFO">Typing text 'Malay' into text field 'name:firstName'.</msg>
<status status="PASS" starttime="20240620 16:23:45.752" endtime="20240620 16:23:45.893"/>
</kw>
<kw name="Sleep" library="BuiltIn">
<arg>1</arg>
<doc>Pauses the test executed for the given time.</doc>
<msg timestamp="20240620 16:23:46.894" level="INFO">Slept 1 second</msg>
<status status="PASS" starttime="20240620 16:23:45.893" endtime="20240620 16:23:46.894"/>
</kw>
<kw name="Input Text" library="SeleniumLibrary">
<arg>name:lastName</arg>
<arg>Sahu</arg>
<doc>Types the given ``text`` into the text field identified by ``locator``.</doc>
<msg timestamp="20240620 16:23:46.894" level="INFO">Typing text 'Sahu' into text field 'name:lastName'.</msg>
<status status="PASS" starttime="20240620 16:23:46.894" endtime="20240620 16:23:47.026"/>
</kw>
<kw name="Sleep" library="BuiltIn">
<arg>1</arg>
<doc>Pauses the test executed for the given time.</doc>
<msg timestamp="20240620 16:23:48.028" level="INFO">Slept 1 second</msg>
<status status="PASS" starttime="20240620 16:23:47.026" endtime="20240620 16:23:48.028"/>
</kw>
<kw name="Input Text" library="SeleniumLibrary">
<arg>name:userId</arg>
<arg>Malays</arg>
<doc>Types the given ``text`` into the text field identified by ``locator``.</doc>
<msg timestamp="20240620 16:23:48.028" level="INFO">Typing text 'Malays' into text field 'name:userId'.</msg>
<status status="PASS" starttime="20240620 16:23:48.028" endtime="20240620 16:23:48.174"/>
</kw>
<kw name="Sleep" library="BuiltIn">
<arg>1</arg>
<doc>Pauses the test executed for the given time.</doc>
<msg timestamp="20240620 16:23:49.174" level="INFO">Slept 1 second</msg>
<status status="PASS" starttime="20240620 16:23:48.174" endtime="20240620 16:23:49.174"/>
</kw>
<kw name="Input Text" library="SeleniumLibrary">
<arg>name:email</arg>
<arg>malayranjan.s@basiscloudsolutions.com</arg>
<doc>Types the given ``text`` into the text field identified by ``locator``.</doc>
<msg timestamp="20240620 16:23:49.174" level="INFO">Typing text 'malayranjan.s@basiscloudsolutions.com' into text field 'name:email'.</msg>
<status status="PASS" starttime="20240620 16:23:49.174" endtime="20240620 16:23:49.657"/>
</kw>
<kw name="Sleep" library="BuiltIn">
<arg>1</arg>
<doc>Pauses the test executed for the given time.</doc>
<msg timestamp="20240620 16:23:50.657" level="INFO">Slept 1 second</msg>
<status status="PASS" starttime="20240620 16:23:49.657" endtime="20240620 16:23:50.657"/>
</kw>
<kw name="Input Text" library="SeleniumLibrary">
<arg>name:validFrom</arg>
<arg>11-06-2024</arg>
<doc>Types the given ``text`` into the text field identified by ``locator``.</doc>
<msg timestamp="20240620 16:23:50.657" level="INFO">Typing text '11-06-2024' into text field 'name:validFrom'.</msg>
<status status="PASS" starttime="20240620 16:23:50.657" endtime="20240620 16:23:50.772"/>
</kw>
<kw name="Sleep" library="BuiltIn">
<arg>1</arg>
<doc>Pauses the test executed for the given time.</doc>
<msg timestamp="20240620 16:23:51.773" level="INFO">Slept 1 second</msg>
<status status="PASS" starttime="20240620 16:23:50.772" endtime="20240620 16:23:51.773"/>
</kw>
<kw name="Input Text" library="SeleniumLibrary">
<arg>name:validTo</arg>
<arg>11-06-2025</arg>
<doc>Types the given ``text`` into the text field identified by ``locator``.</doc>
<msg timestamp="20240620 16:23:51.773" level="INFO">Typing text '11-06-2025' into text field 'name:validTo'.</msg>
<status status="PASS" starttime="20240620 16:23:51.773" endtime="20240620 16:23:51.888"/>
</kw>
<kw name="Sleep" library="BuiltIn">
<arg>1</arg>
<doc>Pauses the test executed for the given time.</doc>
<msg timestamp="20240620 16:23:52.889" level="INFO">Slept 1 second</msg>
<status status="PASS" starttime="20240620 16:23:51.888" endtime="20240620 16:23:52.889"/>
</kw>
<kw name="Click Element" library="SeleniumLibrary">
<arg>id:demo-multiple-checkbox</arg>
<doc>Click the element identified by ``locator``.</doc>
<msg timestamp="20240620 16:23:52.889" level="INFO">Clicking element 'id:demo-multiple-checkbox'.</msg>
<status status="PASS" starttime="20240620 16:23:52.889" endtime="20240620 16:23:52.961"/>
</kw>
<kw name="Sleep" library="BuiltIn">
<arg>1</arg>
<doc>Pauses the test executed for the given time.</doc>
<msg timestamp="20240620 16:23:53.962" level="INFO">Slept 1 second</msg>
<status status="PASS" starttime="20240620 16:23:52.961" endtime="20240620 16:23:53.962"/>
</kw>
<kw name="Click Element" library="SeleniumLibrary">
<arg>xpath:(//input[@type='checkbox'])[3]</arg>
<doc>Click the element identified by ``locator``.</doc>
<msg timestamp="20240620 16:23:53.962" level="INFO">Clicking element 'xpath:(//input[@type='checkbox'])[3]'.</msg>
<status status="PASS" starttime="20240620 16:23:53.962" endtime="20240620 16:23:54.032"/>
</kw>
<kw name="Sleep" library="BuiltIn">
<arg>1</arg>
<doc>Pauses the test executed for the given time.</doc>
<msg timestamp="20240620 16:23:55.033" level="INFO">Slept 1 second</msg>
<status status="PASS" starttime="20240620 16:23:54.032" endtime="20240620 16:23:55.033"/>
</kw>
<kw name="Click Element" library="SeleniumLibrary">
<arg>xpath://div[contains(@class,'MuiBackdrop-root MuiBackdrop-invisible')]</arg>
<doc>Click the element identified by ``locator``.</doc>
<msg timestamp="20240620 16:23:55.033" level="INFO">Clicking element 'xpath://div[contains(@class,'MuiBackdrop-root MuiBackdrop-invisible')]'.</msg>
<status status="PASS" starttime="20240620 16:23:55.033" endtime="20240620 16:23:55.081"/>
</kw>
<kw name="Sleep" library="BuiltIn">
<arg>2</arg>
<doc>Pauses the test executed for the given time.</doc>
<msg timestamp="20240620 16:23:57.082" level="INFO">Slept 2 seconds</msg>
<status status="PASS" starttime="20240620 16:23:55.081" endtime="20240620 16:23:57.082"/>
</kw>
<kw name="Click Element" library="SeleniumLibrary">
<arg>xpath://button[text()='Add']</arg>
<doc>Click the element identified by ``locator``.</doc>
<msg timestamp="20240620 16:23:57.082" level="INFO">Clicking element 'xpath://button[text()='Add']'.</msg>
<status status="PASS" starttime="20240620 16:23:57.082" endtime="20240620 16:23:57.141"/>
</kw>
<kw name="Sleep" library="BuiltIn">
<arg>7</arg>
<doc>Pauses the test executed for the given time.</doc>
<msg timestamp="20240620 16:24:04.142" level="INFO">Slept 7 seconds</msg>
<status status="PASS" starttime="20240620 16:23:57.141" endtime="20240620 16:24:04.142"/>
</kw>
<status status="PASS" starttime="20240620 16:23:29.690" endtime="20240620 16:24:04.142"/>
</kw>
<kw name="View the User id" library="User_Administration">
<kw name="Click Element" library="SeleniumLibrary">
<arg>xpath:(//span[@aria-label='view'])[1]</arg>
<doc>Click the element identified by ``locator``.</doc>
<msg timestamp="20240620 16:24:04.142" level="INFO">Clicking element 'xpath:(//span[@aria-label='view'])[1]'.</msg>
<status status="PASS" starttime="20240620 16:24:04.142" endtime="20240620 16:24:04.282"/>
</kw>
<kw name="Sleep" library="BuiltIn">
<arg>2</arg>
<doc>Pauses the test executed for the given time.</doc>
<msg timestamp="20240620 16:24:06.284" level="INFO">Slept 2 seconds</msg>
<status status="PASS" starttime="20240620 16:24:04.283" endtime="20240620 16:24:06.284"/>
</kw>
<kw name="Click Element" library="SeleniumLibrary">
<arg>xpath:(//div[@role='button'])[1]</arg>
<doc>Click the element identified by ``locator``.</doc>
<msg timestamp="20240620 16:24:06.284" level="INFO">Clicking element 'xpath:(//div[@role='button'])[1]'.</msg>
<status status="PASS" starttime="20240620 16:24:06.284" endtime="20240620 16:24:06.340"/>
</kw>
<kw name="Sleep" library="BuiltIn">
<arg>2</arg>
<doc>Pauses the test executed for the given time.</doc>
<msg timestamp="20240620 16:24:08.340" level="INFO">Slept 2 seconds</msg>
<status status="PASS" starttime="20240620 16:24:06.340" endtime="20240620 16:24:08.340"/>
</kw>
<kw name="Click Element" library="SeleniumLibrary">
<arg>xpath:(//div[@role='button'])[2]</arg>
<doc>Click the element identified by ``locator``.</doc>
<msg timestamp="20240620 16:24:08.340" level="INFO">Clicking element 'xpath:(//div[@role='button'])[2]'.</msg>
<status status="PASS" starttime="20240620 16:24:08.340" endtime="20240620 16:24:08.385"/>
</kw>
<kw name="Sleep" library="BuiltIn">
<arg>2</arg>
<doc>Pauses the test executed for the given time.</doc>
<msg timestamp="20240620 16:24:10.385" level="INFO">Slept 2 seconds</msg>
<status status="PASS" starttime="20240620 16:24:08.385" endtime="20240620 16:24:10.385"/>
</kw>
<kw name="Click Element" library="SeleniumLibrary">
<arg>xpath://div[contains(@class,'jss161 MuiBox-root')]</arg>
<doc>Click the element identified by ``locator``.</doc>
<msg timestamp="20240620 16:24:10.385" level="INFO">Clicking element 'xpath://div[contains(@class,'jss161 MuiBox-root')]'.</msg>
<status status="PASS" starttime="20240620 16:24:10.385" endtime="20240620 16:24:10.495"/>
</kw>
<kw name="Sleep" library="BuiltIn">
<arg>1</arg>
<doc>Pauses the test executed for the given time.</doc>
<msg timestamp="20240620 16:24:11.496" level="INFO">Slept 1 second</msg>
<status status="PASS" starttime="20240620 16:24:10.495" endtime="20240620 16:24:11.496"/>
</kw>
<status status="PASS" starttime="20240620 16:24:04.142" endtime="20240620 16:24:11.496"/>
</kw>
<kw name="Edit the User id" library="User_Administration">
<kw name="Click Element" library="SeleniumLibrary">
<arg>xpath:(//span[@aria-label='edit'])[1]</arg>
<doc>Click the element identified by ``locator``.</doc>
<msg timestamp="20240620 16:24:11.496" level="INFO">Clicking element 'xpath:(//span[@aria-label='edit'])[1]'.</msg>
<status status="PASS" starttime="20240620 16:24:11.496" endtime="20240620 16:24:11.741"/>
</kw>
<kw name="Sleep" library="BuiltIn">
<arg>1</arg>
<doc>Pauses the test executed for the given time.</doc>
<msg timestamp="20240620 16:24:12.741" level="INFO">Slept 1 second</msg>
<status status="PASS" starttime="20240620 16:24:11.741" endtime="20240620 16:24:12.741"/>
</kw>
<kw name="Input Text" library="SeleniumLibrary">
<arg>name:firstName</arg>
<arg>Ranjan</arg>
<doc>Types the given ``text`` into the text field identified by ``locator``.</doc>
<msg timestamp="20240620 16:24:12.741" level="INFO">Typing text 'Ranjan' into text field 'name:firstName'.</msg>
<status status="PASS" starttime="20240620 16:24:12.741" endtime="20240620 16:24:13.075"/>
</kw>
<kw name="Sleep" library="BuiltIn">
<arg>2</arg>
<doc>Pauses the test executed for the given time.</doc>
<msg timestamp="20240620 16:24:15.076" level="INFO">Slept 2 seconds</msg>
<status status="PASS" starttime="20240620 16:24:13.075" endtime="20240620 16:24:15.076"/>
</kw>
<kw name="Click Element" library="SeleniumLibrary">
<arg>xpath://button[text()='Save']</arg>
<doc>Click the element identified by ``locator``.</doc>
<msg timestamp="20240620 16:24:15.076" level="INFO">Clicking element 'xpath://button[text()='Save']'.</msg>
<status status="PASS" starttime="20240620 16:24:15.076" endtime="20240620 16:24:15.181"/>
</kw>
<kw name="Sleep" library="BuiltIn">
<arg>5</arg>
<doc>Pauses the test executed for the given time.</doc>
<msg timestamp="20240620 16:24:20.181" level="INFO">Slept 5 seconds</msg>
<status status="PASS" starttime="20240620 16:24:15.181" endtime="20240620 16:24:20.181"/>
</kw>
<status status="PASS" starttime="20240620 16:24:11.496" endtime="20240620 16:24:20.181"/>
</kw>
<kw name="Delete user id" library="User_Administration">
<kw name="Click Element" library="SeleniumLibrary">
<arg>xpath:(//span[@aria-label='delete'])[1]</arg>
<doc>Click the element identified by ``locator``.</doc>
<msg timestamp="20240620 16:24:20.181" level="INFO">Clicking element 'xpath:(//span[@aria-label='delete'])[1]'.</msg>
<status status="PASS" starttime="20240620 16:24:20.181" endtime="20240620 16:24:20.313"/>
</kw>
<kw name="Sleep" library="BuiltIn">
<arg>2</arg>
<doc>Pauses the test executed for the given time.</doc>
<msg timestamp="20240620 16:24:22.314" level="INFO">Slept 2 seconds</msg>
<status status="PASS" starttime="20240620 16:24:20.313" endtime="20240620 16:24:22.314"/>
</kw>
<kw name="Input Text" library="SeleniumLibrary">
<arg>name:deleteRole</arg>
<arg>malayranjan.s@basiscloudsolutions.com</arg>
<doc>Types the given ``text`` into the text field identified by ``locator``.</doc>
<msg timestamp="20240620 16:24:22.314" level="INFO">Typing text 'malayranjan.s@basiscloudsolutions.com' into text field 'name:deleteRole'.</msg>
<status status="PASS" starttime="20240620 16:24:22.314" endtime="20240620 16:24:23.585"/>
</kw>
<kw name="Sleep" library="BuiltIn">
<arg>2</arg>
<doc>Pauses the test executed for the given time.</doc>
<msg timestamp="20240620 16:24:25.587" level="INFO">Slept 2 seconds</msg>
<status status="PASS" starttime="20240620 16:24:23.586" endtime="20240620 16:24:25.587"/>
</kw>
<kw name="Click Element" library="SeleniumLibrary">
<arg>xpath://button[text()='Delete']</arg>
<doc>Click the element identified by ``locator``.</doc>
<msg timestamp="20240620 16:24:25.587" level="INFO">Clicking element 'xpath://button[text()='Delete']'.</msg>
<status status="PASS" starttime="20240620 16:24:25.587" endtime="20240620 16:24:25.690"/>
</kw>
<kw name="Sleep" library="BuiltIn">
<arg>2</arg>
<doc>Pauses the test executed for the given time.</doc>
<msg timestamp="20240620 16:24:27.691" level="INFO">Slept 2 seconds</msg>
<status status="PASS" starttime="20240620 16:24:25.691" endtime="20240620 16:24:27.691"/>
</kw>
<status status="PASS" starttime="20240620 16:24:20.181" endtime="20240620 16:24:27.691"/>
</kw>
<tag>Create_user</tag>
<status status="PASS" starttime="20240620 16:23:29.690" endtime="20240620 16:24:27.691"/>
</test>
<test id="s1-s1-t4" name="Finish TestCase" line="19">
<kw name="Finish TestCase" library="User_Administration">
<kw name="Close All Browsers" library="SeleniumLibrary">
<doc>Closes all open browsers and resets the browser cache.</doc>
<status status="PASS" starttime="20240620 16:24:27.691" endtime="20240620 16:24:32.239"/>
</kw>
<status status="PASS" starttime="20240620 16:24:27.691" endtime="20240620 16:24:32.239"/>
</kw>
<tag>Create_user</tag>
<status status="PASS" starttime="20240620 16:24:27.691" endtime="20240620 16:24:32.239"/>
</test>
<status status="PASS" starttime="20240620 16:22:38.016" endtime="20240620 16:24:32.239"/>
</suite>
<doc>Testing functionality through Robot Framework</doc>
<meta name="environment">Dev</meta>
<meta name="test_browser_name">chrome</meta>
<meta name="test_browser_version">126.0.6478.62</meta>
<meta name="test_driver_version">126.0.6478.62 </meta>
<meta name="test_environment">Dev</meta>
<meta name="test_freeze_dependencies">astroid==3.1.0,attrs==23.2.0,beautifulsoup4==4.12.3,bs4==0.0.2,certifi==2024.2.2,cffi==1.16.0,chardet==5.2.0,charset-normalizer==3.3.2,click==8.1.7,colorama==0.4.6,cryptography==42.0.5,defusedxml==0.7.1,dill==0.3.8,docutils==0.20.1,docx==0.2.4,docx2pdf==0.1.8,et-xmlfile==1.1.0,exceptiongroup==1.2.0,fsspec==2024.5.0,gitdb==4.0.11,GitPython==3.1.42,h11==0.14.0,idna==3.6,isort==5.13.2,Jinja2==3.1.3,jira==3.6.0,jsonpath-ng==1.6.1,jsonschema==4.21.1,jsonschema-specifications==2023.12.1,lazy-object-proxy==1.10.0,lxml==5.1.0,markdown-it-py==3.0.0,MarkupSafe==2.1.5,mccabe==0.7.0,mdurl==0.1.2,natsort==8.4.0,numpy==1.26.4,oauthlib==3.2.2,openpyxl==3.1.2,outcome==1.3.0.post0,packaging==24.0,pandas==2.2.2,pathspec==0.11.2,pillow==10.2.0,pip==24.0,platformdirs==4.2.0,ply==3.11,pycparser==2.21,Pygments==2.17.2,pylint==3.1.0,PyPDF2==3.0.1,PySocks==1.7.1,python-dateutil==2.9.0.post0,python-docx==1.1.2,pytz==2024.1,pywin32==306,PyYAML==6.0.1,referencing==0.33.0,reportlab==4.2.0,requests==2.31.0,requests-oauthlib==1.4.0,requests-toolbelt==1.0.0,rich==13.7.1,rich-click==1.6.1,robotframework==6.0.2,robotframework-datadriver==1.9.0,robotframework-jsonlibrary==0.5,robotframework-pabot==2.16.0,robotframework-pythonlibcore==4.2.0,robotframework-requests==0.9.2,robotframework-sapguilibrary==1.1,robotframework-seleniumlibrary==5.1.3,robotframework-stacktrace==0.4.1,robotframework-tidy==4.5.0,rpds-py==0.18.0,selenium==4.9.1,setuptools==69.2.0,six==1.16.0,smmap==5.0.1,sniffio==1.3.1,sortedcontainers==2.4.0,soupsieve==2.5,tomli==2.0.1,tomlkit==0.12.4,tqdm==4.66.4,trio==0.24.0,trio-websocket==0.11.1,typing_extensions==4.10.0,tzdata==2024.1,urllib3==2.2.1,wheel==0.43.0,wrapt==1.16.0,wsproto==1.2.0</meta>
<status status="PASS" starttime="20240620 16:22:32.854" endtime="20240620 16:24:32.487"/>
</suite>
<statistics>
<total>
<stat pass="4" fail="0" skip="0">All Tests</stat>
</total>
<tag>
<stat pass="4" fail="0" skip="0">Create_user</stat>
</tag>
<suite>
<stat pass="4" fail="0" skip="0" id="s1" name="Tests">Tests</stat>
<stat pass="4" fail="0" skip="0" id="s1-s1" name="Test User Administration">Tests.Test User Administration</stat>
</suite>
</statistics>
<errors>
</errors>
</robot>
