<?xml version="1.0" encoding="UTF-8"?>
<robot generator="Robot 6.0.2 (Python 3.12.4 on win32)" generated="20240916 04:41:09.823" rpa="false" schemaversion="3">
<suite id="s1" name="Tests" source="C:\SAP_Testing\SAPtesting\Tests">
<kw name="Setup highest level suite" type="SETUP">
<kw name="Set Variable" library="BuiltIn">
<var>${d.test_server}</var>
<arg>${test_server}</arg>
<doc>Returns the given values which can then be assigned to a variables.</doc>
<msg timestamp="20240916 04:41:10.705" level="INFO">${d.test_server} = Dev</msg>
<status status="PASS" starttime="20240916 04:41:10.704" endtime="20240916 04:41:10.705"/>
</kw>
<kw name="Reset screenshot count variable" library="Support">
<kw name="Set Variable" library="BuiltIn">
<var>${screenshotCount}</var>
<arg>${PABOTQUEUEINDEX}_1</arg>
<doc>Returns the given values which can then be assigned to a variables.</doc>
<msg timestamp="20240916 04:41:10.706" level="INFO">${screenshotCount} = 0_1</msg>
<status status="PASS" starttime="20240916 04:41:10.705" endtime="20240916 04:41:10.706"/>
</kw>
<kw name="Set Global Variable" library="BuiltIn">
<arg>${screenshotCount}</arg>
<doc>Makes a variable available globally in all tests and suites.</doc>
<msg timestamp="20240916 04:41:10.706" level="INFO">${screenshotCount} = 0_1</msg>
<status status="PASS" starttime="20240916 04:41:10.706" endtime="20240916 04:41:10.706"/>
</kw>
<kw name="Set up screenshot directory" library="Support">
<kw name="Create Directory" library="OperatingSystem">
<arg>${OUTPUTDIR}${/}${wvar('screenshot_dir')}</arg>
<doc>Creates the specified directory.</doc>
<msg timestamp="20240916 04:41:10.707" level="INFO">Web.Dev.screenshot_dir: Screenshot</msg>
<msg timestamp="20240916 04:41:10.712" level="INFO" html="true">Created directory '&lt;a href="file://C:\SAP_Testing\SAPtesting\Output\pabot_results\0\Screenshot"&gt;C:\SAP_Testing\SAPtesting\Output\pabot_results\0\Screenshot&lt;/a&gt;'.</msg>
<status status="PASS" starttime="20240916 04:41:10.707" endtime="20240916 04:41:10.712"/>
</kw>
<status status="PASS" starttime="20240916 04:41:10.706" endtime="20240916 04:41:10.713"/>
</kw>
<status status="PASS" starttime="20240916 04:41:10.705" endtime="20240916 04:41:10.713"/>
</kw>
<kw name="Set Global Variable" library="BuiltIn">
<arg>${screenshot_taking}</arg>
<arg>${True}</arg>
<doc>Makes a variable available globally in all tests and suites.</doc>
<msg timestamp="20240916 04:41:10.713" level="INFO">${screenshot_taking} = True</msg>
<status status="PASS" starttime="20240916 04:41:10.713" endtime="20240916 04:41:10.713"/>
</kw>
<kw name="Setup linux execution" library="Support">
<kw name="Run Keyword And Return Status" library="BuiltIn">
<var>${web_test_check}</var>
<arg>Variable Should Exist</arg>
<arg>${web_test}</arg>
<doc>Runs the given keyword with given arguments and returns the status as a Boolean value.</doc>
<kw name="Variable Should Exist" library="BuiltIn">
<arg>${web_test}</arg>
<doc>Fails unless the given variable exists within the current scope.</doc>
<status status="PASS" starttime="20240916 04:41:10.714" endtime="20240916 04:41:10.714"/>
</kw>
<msg timestamp="20240916 04:41:10.714" level="INFO">${web_test_check} = True</msg>
<status status="PASS" starttime="20240916 04:41:10.713" endtime="20240916 04:41:10.714"/>
</kw>
<kw name="Run Keyword If" library="BuiltIn">
<arg>${web_test_check}</arg>
<arg>Setup Docker Execution Options</arg>
<doc>Runs the given keyword with the given arguments, if ``condition`` is true.</doc>
<kw name="Setup Docker Execution Options" library="Support_Web">
<kw name="Setup Suite Metadata" library="Support_Web">
<arg>${browser}</arg>
<kw name="Get Browser Metadata" library="BrowserSupport">
<var>&amp;{browser_information}</var>
<arg>browser=${browser}</arg>
<doc>Fetches browser metadata information
:param browser: Name of the browser for which information is fetched
:param reload: Re-read the metadata based on the browser
:return: Browser metadata information, dict of format
            {"browser_version": browser version value,
             "driver_version": driver version value}</doc>
<msg timestamp="20240916 04:41:14.059" level="INFO">&amp;{browser_information} = { browser_version=128.0.6613.138 | driver_version=128.0.6613.119  }</msg>
<status status="PASS" starttime="20240916 04:41:10.715" endtime="20240916 04:41:14.059"/>
</kw>
<kw name="Set Suite Metadata" library="BuiltIn">
<arg>test_browser_name</arg>
<arg>${browser}</arg>
<doc>Sets metadata for the current test suite.</doc>
<msg timestamp="20240916 04:41:14.059" level="INFO">Set suite metadata 'test_browser_name' to value 'chrome'.</msg>
<status status="PASS" starttime="20240916 04:41:14.059" endtime="20240916 04:41:14.059"/>
</kw>
<kw name="Set Suite Metadata" library="BuiltIn">
<arg>test_browser_version</arg>
<arg>${browser_information.browser_version}</arg>
<doc>Sets metadata for the current test suite.</doc>
<msg timestamp="20240916 04:41:14.059" level="INFO">Set suite metadata 'test_browser_version' to value '128.0.6613.138'.</msg>
<status status="PASS" starttime="20240916 04:41:14.059" endtime="20240916 04:41:14.059"/>
</kw>
<kw name="Set Suite Metadata" library="BuiltIn">
<arg>test_driver_version</arg>
<arg>${browser_information.driver_version}</arg>
<doc>Sets metadata for the current test suite.</doc>
<msg timestamp="20240916 04:41:14.059" level="INFO">Set suite metadata 'test_driver_version' to value '128.0.6613.119 '.</msg>
<status status="PASS" starttime="20240916 04:41:14.059" endtime="20240916 04:41:14.059"/>
</kw>
<status status="PASS" starttime="20240916 04:41:10.715" endtime="20240916 04:41:14.059"/>
</kw>
<kw name="Setup Global Docker Execution Options" library="Support_Web">
<kw name="Set Global Variable" library="BuiltIn">
<arg>${global_browser_options}</arg>
<arg>None</arg>
<doc>Makes a variable available globally in all tests and suites.</doc>
<msg timestamp="20240916 04:41:14.059" level="INFO">${global_browser_options} = None</msg>
<status status="PASS" starttime="20240916 04:41:14.059" endtime="20240916 04:41:14.059"/>
</kw>
<kw name="Get Environment Variable" library="OperatingSystem">
<var>${docker_check}</var>
<arg>EXECUTION_ENVIRONMENT</arg>
<arg>not_found</arg>
<doc>Returns the value of an environment variable with the given name.</doc>
<msg timestamp="20240916 04:41:14.059" level="INFO">${docker_check} = not_found</msg>
<status status="PASS" starttime="20240916 04:41:14.059" endtime="20240916 04:41:14.059"/>
</kw>
<kw name="Run Keyword And Return If" library="BuiltIn">
<arg>"${docker_check}"!="docker"</arg>
<arg>Log</arg>
<arg>Not executing on Docker</arg>
<doc>Runs the specified keyword and returns from the enclosing user keyword.</doc>
<kw name="Log" library="BuiltIn">
<arg>Not executing on Docker</arg>
<doc>Logs the given message with the given level.</doc>
<msg timestamp="20240916 04:41:14.059" level="INFO">Not executing on Docker</msg>
<status status="PASS" starttime="20240916 04:41:14.059" endtime="20240916 04:41:14.059"/>
</kw>
<msg timestamp="20240916 04:41:14.059" level="INFO">Returning from the enclosing user keyword.</msg>
<status status="PASS" starttime="20240916 04:41:14.059" endtime="20240916 04:41:14.059"/>
</kw>
<kw name="Create List" library="BuiltIn">
<var>@{options}</var>
<arg>--headless</arg>
<arg>--no-sandbox</arg>
<arg>--disable-dev-shm-usage</arg>
<doc>Returns a list containing given items.</doc>
<status status="NOT RUN" starttime="20240916 04:41:14.059" endtime="20240916 04:41:14.059"/>
</kw>
<kw name="Set Global Variable" library="BuiltIn">
<arg>@{docker_options}</arg>
<arg>@{options}</arg>
<doc>Makes a variable available globally in all tests and suites.</doc>
<status status="NOT RUN" starttime="20240916 04:41:14.059" endtime="20240916 04:41:14.059"/>
</kw>
<status status="PASS" starttime="20240916 04:41:14.059" endtime="20240916 04:41:14.059"/>
</kw>
<kw name="Create Webdriver for chrome preferences" library="Support_Web">
<kw name="Update Docker Execution Options" library="Support_Web">
<var>${list_prefs}</var>
<arg>${list_prefs}</arg>
<kw name="Run Keyword And Return Status" library="BuiltIn">
<var>${docker_check}</var>
<arg>Variable Should Exist</arg>
<arg>${docker_options}</arg>
<doc>Runs the given keyword with given arguments and returns the status as a Boolean value.</doc>
<kw name="Variable Should Exist" library="BuiltIn">
<arg>${docker_options}</arg>
<doc>Fails unless the given variable exists within the current scope.</doc>
<msg timestamp="20240916 04:41:14.059" level="FAIL">Variable '${docker_options}' does not exist.</msg>
<status status="FAIL" starttime="20240916 04:41:14.059" endtime="20240916 04:41:14.059"/>
</kw>
<msg timestamp="20240916 04:41:14.059" level="INFO">${docker_check} = False</msg>
<status status="PASS" starttime="20240916 04:41:14.059" endtime="20240916 04:41:14.059"/>
</kw>
<kw name="Get Length" library="BuiltIn">
<var>${list_prefs_length}</var>
<arg>${list_prefs}</arg>
<doc>Returns and logs the length of the given item as an integer.</doc>
<msg timestamp="20240916 04:41:14.059" level="INFO">Length is 1</msg>
<msg timestamp="20240916 04:41:14.059" level="INFO">${list_prefs_length} = 1</msg>
<status status="PASS" starttime="20240916 04:41:14.059" endtime="20240916 04:41:14.059"/>
</kw>
<kw name="Run Keyword If" library="BuiltIn">
<var>${list_prefs}</var>
<arg>${docker_check} and ${list_prefs_length}&gt;0 and ${list_prefs}[0] != []</arg>
<arg>Combine Lists</arg>
<arg>${list_prefs}</arg>
<arg>${docker_options}</arg>
<arg>ELSE IF</arg>
<arg>${docker_check}</arg>
<arg>Set Variable</arg>
<arg>${docker_options}</arg>
<arg>ELSE</arg>
<arg>Set Variable</arg>
<arg>${list_prefs}</arg>
<doc>Runs the given keyword with the given arguments, if ``condition`` is true.</doc>
<kw name="Set Variable" library="BuiltIn">
<arg>${list_prefs}</arg>
<doc>Returns the given values which can then be assigned to a variables.</doc>
<status status="PASS" starttime="20240916 04:41:14.059" endtime="20240916 04:41:14.059"/>
</kw>
<msg timestamp="20240916 04:41:14.059" level="INFO">${list_prefs} = [[]]</msg>
<status status="PASS" starttime="20240916 04:41:14.059" endtime="20240916 04:41:14.059"/>
</kw>
<msg timestamp="20240916 04:41:14.059" level="INFO">${list_prefs} = [[]]</msg>
<status status="PASS" starttime="20240916 04:41:14.059" endtime="20240916 04:41:14.059"/>
</kw>
<kw name="Create Chrome Options for download preferences" library="Support_Web">
<var>${chrome_options}</var>
<kw name="Evaluate" library="BuiltIn">
<var>${chrome_options}</var>
<arg>sys.modules['selenium.webdriver'].ChromeOptions()</arg>
<arg>sys</arg>
<doc>Evaluates the given expression in Python and returns the result.</doc>
<msg timestamp="20240916 04:41:14.059" level="INFO">${chrome_options} = &lt;selenium.webdriver.chrome.options.Options object at 0x000002E4CCE1A7B0&gt;</msg>
<status status="PASS" starttime="20240916 04:41:14.059" endtime="20240916 04:41:14.059"/>
</kw>
<msg timestamp="20240916 04:41:14.059" level="INFO">${chrome_options} = &lt;selenium.webdriver.chrome.options.Options object at 0x000002E4CCE1A7B0&gt;</msg>
<status status="PASS" starttime="20240916 04:41:14.059" endtime="20240916 04:41:14.059"/>
</kw>
<kw name="Update Preferences List" library="Support_Web">
<arg>${chrome_options}</arg>
<arg>@{list_prefs}</arg>
<kw name="Convert To String" library="BuiltIn">
<var>${string_prefs}</var>
<arg>${list_prefs}</arg>
<doc>Converts the given item to a Unicode string.</doc>
<msg timestamp="20240916 04:41:14.059" level="INFO">${string_prefs} = [[]]</msg>
<status status="PASS" starttime="20240916 04:41:14.059" endtime="20240916 04:41:14.059"/>
</kw>
<kw name="Return From Keyword If" library="BuiltIn">
<arg>${string_prefs} == [[]]</arg>
<doc>Returns from the enclosing user keyword if ``condition`` is true.</doc>
<msg timestamp="20240916 04:41:14.059" level="INFO">Returning from the enclosing user keyword.</msg>
<status status="PASS" starttime="20240916 04:41:14.059" endtime="20240916 04:41:14.059"/>
</kw>
<for flavor="IN">
<var>${preference}</var>
<value>@{list_prefs}</value>
<iter>
<var name="${preference}"/>
<kw name="Call Method" library="BuiltIn">
<arg>${chrome_options}</arg>
<arg>add_argument</arg>
<arg>${preference}</arg>
<doc>Calls the named method of the given object with the provided arguments.</doc>
<status status="NOT RUN" starttime="20240916 04:41:14.059" endtime="20240916 04:41:14.059"/>
</kw>
<status status="NOT RUN" starttime="20240916 04:41:14.059" endtime="20240916 04:41:14.059"/>
</iter>
<status status="NOT RUN" starttime="20240916 04:41:14.059" endtime="20240916 04:41:14.059"/>
</for>
<status status="PASS" starttime="20240916 04:41:14.059" endtime="20240916 04:41:14.059"/>
</kw>
<kw name="Call Method" library="BuiltIn">
<arg>${chrome_options}</arg>
<arg>add_experimental_option</arg>
<arg>prefs</arg>
<arg>${kw_prefs}</arg>
<doc>Calls the named method of the given object with the provided arguments.</doc>
<status status="PASS" starttime="20240916 04:41:14.059" endtime="20240916 04:41:14.059"/>
</kw>
<kw name="Set Global Variable" library="BuiltIn">
<arg>${global_browser_options}</arg>
<arg>${chrome options}</arg>
<doc>Makes a variable available globally in all tests and suites.</doc>
<msg timestamp="20240916 04:41:14.059" level="INFO">${global_browser_options} = &lt;selenium.webdriver.chrome.options.Options object at 0x000002E4CCE1A7B0&gt;</msg>
<status status="PASS" starttime="20240916 04:41:14.059" endtime="20240916 04:41:14.059"/>
</kw>
<status status="PASS" starttime="20240916 04:41:14.059" endtime="20240916 04:41:14.059"/>
</kw>
<status status="PASS" starttime="20240916 04:41:10.715" endtime="20240916 04:41:14.059"/>
</kw>
<status status="PASS" starttime="20240916 04:41:10.714" endtime="20240916 04:41:14.059"/>
</kw>
<status status="PASS" starttime="20240916 04:41:10.713" endtime="20240916 04:41:14.059"/>
</kw>
<kw name="Set Suite Metadata" library="BuiltIn">
<arg>environment</arg>
<arg>${test_server}</arg>
<doc>Sets metadata for the current test suite.</doc>
<msg timestamp="20240916 04:41:14.059" level="INFO">Set suite metadata 'environment' to value 'Dev'.</msg>
<status status="PASS" starttime="20240916 04:41:14.059" endtime="20240916 04:41:14.059"/>
</kw>
<status status="PASS" starttime="20240916 04:41:10.704" endtime="20240916 04:41:14.075"/>
</kw>
<suite id="s1-s1" name="Test Verify parameter values" source="C:\SAP_Testing\SAPtesting\Tests\Test_Verify_parameter_values.robot">
<kw name="System Logon" library="Verify_parameter_values" type="SETUP">
<kw name="Start Process" library="Process">
<arg>${symvar('ABAP_SAP_SERVER')}</arg>
<doc>Starts a new process on background.</doc>
<msg timestamp="20240916 04:41:14.636" level="INFO">Sym.Dev.ABAP_SAP_SERVER: C:\Program Files (x86)\SAP\FrontEnd\SAPGUI\saplogon.exe</msg>
<msg timestamp="20240916 04:41:14.636" level="INFO">Starting process:
"C:\Program Files (x86)\SAP\FrontEnd\SAPGUI\saplogon.exe"</msg>
<status status="PASS" starttime="20240916 04:41:14.623" endtime="20240916 04:41:14.640"/>
</kw>
<kw name="Connect To Session" library="SAP_Tcode_Library">
<doc>Connects to an open session SAP.</doc>
<status status="PASS" starttime="20240916 04:41:14.640" endtime="20240916 04:41:14.667"/>
</kw>
<kw name="Open Connection" library="SAP_Tcode_Library">
<arg>${symvar('ABAP_Connection')}</arg>
<doc>Opens a connection to the given connection name. Be sure to provide the full connection name, including the bracket part.</doc>
<msg timestamp="20240916 04:41:14.667" level="INFO">Sym.Dev.ABAP_Connection: RBT</msg>
<status status="PASS" starttime="20240916 04:41:14.667" endtime="20240916 04:41:15.350"/>
</kw>
<kw name="Input Text" library="SAP_Tcode_Library">
<arg>wnd[0]/usr/txtRSYST-MANDT</arg>
<arg>${symvar('ABAP_CLIENT')}</arg>
<doc>Inserts the given text into the text field identified by locator.
Use keyword `input password` to insert a password in a text field.</doc>
<msg timestamp="20240916 04:41:15.351" level="INFO">Sym.Dev.ABAP_CLIENT: 001</msg>
<msg timestamp="20240916 04:41:15.388" level="INFO">Typing text '001' into text field 'wnd[0]/usr/txtRSYST-MANDT'.</msg>
<status status="PASS" starttime="20240916 04:41:15.350" endtime="20240916 04:41:15.388"/>
</kw>
<kw name="Input Text" library="SAP_Tcode_Library">
<arg>wnd[0]/usr/txtRSYST-BNAME</arg>
<arg>${symvar('ABAP_USER')}</arg>
<doc>Inserts the given text into the text field identified by locator.
Use keyword `input password` to insert a password in a text field.</doc>
<msg timestamp="20240916 04:41:15.388" level="INFO">Sym.Dev.ABAP_USER: BCSADMIN</msg>
<msg timestamp="20240916 04:41:15.405" level="INFO">Typing text 'BCSADMIN' into text field 'wnd[0]/usr/txtRSYST-BNAME'.</msg>
<status status="PASS" starttime="20240916 04:41:15.388" endtime="20240916 04:41:15.405"/>
</kw>
<kw name="Input Password" library="SAP_Tcode_Library">
<arg>wnd[0]/usr/pwdRSYST-BCODE</arg>
<arg>%{ABAP_PASSWORD}</arg>
<doc>Inserts the given password into the text field identified by locator.
The password is not recorded in the log.</doc>
<msg timestamp="20240916 04:41:15.411" level="INFO">Typing password into text field 'wnd[0]/usr/pwdRSYST-BCODE'.</msg>
<status status="PASS" starttime="20240916 04:41:15.406" endtime="20240916 04:41:15.411"/>
</kw>
<kw name="Send Vkey" library="SAP_Tcode_Library">
<arg>0</arg>
<doc>Sends a SAP virtual key combination to the window, not into an element.
If you want to send a value to a text field, use `input text` instead.</doc>
<status status="PASS" starttime="20240916 04:41:15.411" endtime="20240916 04:41:15.819"/>
</kw>
<kw name="Multiple Logon Handling" library="SAP_Tcode_Library">
<arg>wnd[1]</arg>
<arg>wnd[1]/usr/radMULTI_LOGON_OPT2</arg>
<arg>wnd[1]/tbar[0]/btn[0]</arg>
<status status="PASS" starttime="20240916 04:41:15.819" endtime="20240916 04:41:15.857"/>
</kw>
<status status="PASS" starttime="20240916 04:41:14.623" endtime="20240916 04:41:15.857"/>
</kw>
<test id="s1-s1-t1" name="Verifying SAP Parameter values" line="8">
<kw name="Verify parameter in RZ10" library="Verify_parameter_values">
<kw name="Run Transaction" library="SAP_Tcode_Library">
<arg>/nRZ10</arg>
<doc>Runs a Sap transaction. An error is given when an unknown transaction is specified.</doc>
<status status="PASS" starttime="20240916 04:41:15.857" endtime="20240916 04:41:15.968"/>
</kw>
<kw name="Send Vkey" library="SAP_Tcode_Library">
<arg>4</arg>
<arg>window=0</arg>
<doc>Sends a SAP virtual key combination to the window, not into an element.
If you want to send a value to a text field, use `input text` instead.</doc>
<status status="PASS" starttime="20240916 04:41:15.968" endtime="20240916 04:41:16.090"/>
</kw>
<kw name="Select Profile Label" library="SAP_Tcode_Library">
<arg>wnd[1]/usr</arg>
<arg>DEFAULT</arg>
<msg timestamp="20240916 04:41:16.139" level="INFO">Text Found: DEFAULT</msg>
<status status="PASS" starttime="20240916 04:41:16.090" endtime="20240916 04:41:16.139"/>
</kw>
<kw name="Click Element" library="SAP_Tcode_Library">
<arg>wnd[1]/tbar[0]/btn[0]</arg>
<doc>Performs a single click on a given element. Used only for buttons, tabs and menu items.</doc>
<status status="PASS" starttime="20240916 04:41:16.139" endtime="20240916 04:41:16.261"/>
</kw>
<kw name="Select Radio Button" library="SAP_Tcode_Library">
<arg>wnd[0]/usr/radSPFL1010-EXPERT</arg>
<doc>Sets radio button to the specified value.</doc>
<status status="PASS" starttime="20240916 04:41:16.261" endtime="20240916 04:41:16.266"/>
</kw>
<kw name="Click Element" library="SAP_Tcode_Library">
<arg>wnd[0]/usr/btnEDIT_PUSH</arg>
<doc>Performs a single click on a given element. Used only for buttons, tabs and menu items.</doc>
<status status="PASS" starttime="20240916 04:41:16.266" endtime="20240916 04:41:16.456"/>
</kw>
<kw name="Get Length" library="BuiltIn">
<var>${length}</var>
<arg>${parameters}</arg>
<doc>Returns and logs the length of the given item as an integer.</doc>
<msg timestamp="20240916 04:41:16.456" level="INFO">Length is 7</msg>
<msg timestamp="20240916 04:41:16.456" level="INFO">${length} = 7</msg>
<status status="PASS" starttime="20240916 04:41:16.456" endtime="20240916 04:41:16.456"/>
</kw>
<for flavor="IN RANGE">
<var>${i}</var>
<value>0</value>
<value>${length}</value>
<iter>
<var name="${i}">0</var>
<kw name="Check Parameter Found" library="SAP_Tcode_Library">
<var>${result}</var>
<arg>wnd[0]/usr</arg>
<arg>${parameters}[${i}]</arg>
<msg timestamp="20240916 04:41:17.042" level="INFO">Search text ssl/ciphersuites not found</msg>
<msg timestamp="20240916 04:41:17.042" level="INFO">${result} = Search text ssl/ciphersuites not found</msg>
<status status="PASS" starttime="20240916 04:41:16.456" endtime="20240916 04:41:17.042"/>
</kw>
<kw name="Log To Console" library="BuiltIn">
<arg>${result}</arg>
<doc>Logs the given message to the console.</doc>
<status status="PASS" starttime="20240916 04:41:17.042" endtime="20240916 04:41:17.042"/>
</kw>
<if>
<branch type="IF" condition="'${result}' == '${parameters}[${i}]'">
<kw name="Get Parameter Value" library="SAP_Tcode_Library">
<arg>wnd[0]/usr</arg>
<arg>${parameters}[${i}]</arg>
<status status="NOT RUN" starttime="20240916 04:41:17.042" endtime="20240916 04:41:17.058"/>
</kw>
<kw name="Get Value" library="SAP_Tcode_Library">
<var>${param_value}</var>
<arg>wnd[0]/usr/sub:SAPLSPF2:0030[0]/txtPARAMETER_INT_VALUES-PVALUE[0,0]</arg>
<doc>Gets the value of the given element. The possible return values depend on the type of element (see Return values).</doc>
<status status="NOT RUN" starttime="20240916 04:41:17.058" endtime="20240916 04:41:17.058"/>
</kw>
<if>
<branch type="IF" condition="'${param_value}' == '${values}[${i}]'">
<kw name="Log To Console" library="BuiltIn">
<arg>${parameters}[${i}] value is ${values}[${i}]</arg>
<doc>Logs the given message to the console.</doc>
<status status="NOT RUN" starttime="20240916 04:41:17.058" endtime="20240916 04:41:17.058"/>
</kw>
<kw name="Click Element" library="SAP_Tcode_Library">
<arg>wnd[0]/tbar[0]/btn[3]</arg>
<doc>Performs a single click on a given element. Used only for buttons, tabs and menu items.</doc>
<status status="NOT RUN" starttime="20240916 04:41:17.058" endtime="20240916 04:41:17.058"/>
</kw>
<kw name="Sleep" library="BuiltIn">
<arg>2</arg>
<doc>Pauses the test executed for the given time.</doc>
<status status="NOT RUN" starttime="20240916 04:41:17.058" endtime="20240916 04:41:17.058"/>
</kw>
<status status="NOT RUN" starttime="20240916 04:41:17.058" endtime="20240916 04:41:17.058"/>
</branch>
<branch type="ELSE">
<kw name="Sleep" library="BuiltIn">
<arg>2</arg>
<doc>Pauses the test executed for the given time.</doc>
<status status="NOT RUN" starttime="20240916 04:41:17.058" endtime="20240916 04:41:17.058"/>
</kw>
<kw name="Input Text" library="SAP_Tcode_Library">
<arg>wnd[0]/usr/sub:SAPLSPF2:0030[0]/txtPARAMETER_INT_VALUES-PVALUE[0,0]</arg>
<arg>${EMPTY}</arg>
<doc>Inserts the given text into the text field identified by locator.
Use keyword `input password` to insert a password in a text field.</doc>
<status status="NOT RUN" starttime="20240916 04:41:17.058" endtime="20240916 04:41:17.058"/>
</kw>
<kw name="Sleep" library="BuiltIn">
<arg>2</arg>
<doc>Pauses the test executed for the given time.</doc>
<status status="NOT RUN" starttime="20240916 04:41:17.058" endtime="20240916 04:41:17.058"/>
</kw>
<kw name="Input Text" library="SAP_Tcode_Library">
<arg>wnd[0]/usr/sub:SAPLSPF2:0030[0]/txtPARAMETER_INT_VALUES-PVALUE[0,0]</arg>
<arg>${values}[${i}]</arg>
<doc>Inserts the given text into the text field identified by locator.
Use keyword `input password` to insert a password in a text field.</doc>
<status status="NOT RUN" starttime="20240916 04:41:17.058" endtime="20240916 04:41:17.058"/>
</kw>
<kw name="Click Element" library="SAP_Tcode_Library">
<arg>wnd[0]/tbar[1]/btn[16]</arg>
<doc>Performs a single click on a given element. Used only for buttons, tabs and menu items.</doc>
<status status="NOT RUN" starttime="20240916 04:41:17.058" endtime="20240916 04:41:17.058"/>
</kw>
<kw name="Sleep" library="BuiltIn">
<arg>2</arg>
<doc>Pauses the test executed for the given time.</doc>
<status status="NOT RUN" starttime="20240916 04:41:17.058" endtime="20240916 04:41:17.058"/>
</kw>
<kw name="Click Element" library="SAP_Tcode_Library">
<arg>wnd[0]/tbar[1]/btn[5]</arg>
<doc>Performs a single click on a given element. Used only for buttons, tabs and menu items.</doc>
<status status="NOT RUN" starttime="20240916 04:41:17.058" endtime="20240916 04:41:17.058"/>
</kw>
<kw name="Sleep" library="BuiltIn">
<arg>2</arg>
<doc>Pauses the test executed for the given time.</doc>
<status status="NOT RUN" starttime="20240916 04:41:17.058" endtime="20240916 04:41:17.058"/>
</kw>
<kw name="Click Element" library="SAP_Tcode_Library">
<arg>wnd[0]/tbar[0]/btn[3]</arg>
<doc>Performs a single click on a given element. Used only for buttons, tabs and menu items.</doc>
<status status="NOT RUN" starttime="20240916 04:41:17.058" endtime="20240916 04:41:17.058"/>
</kw>
<kw name="Click Element" library="SAP_Tcode_Library">
<arg>wnd[0]/tbar[1]/btn[16]</arg>
<doc>Performs a single click on a given element. Used only for buttons, tabs and menu items.</doc>
<status status="NOT RUN" starttime="20240916 04:41:17.058" endtime="20240916 04:41:17.058"/>
</kw>
<status status="NOT RUN" starttime="20240916 04:41:17.058" endtime="20240916 04:41:17.058"/>
</branch>
<status status="NOT RUN" starttime="20240916 04:41:17.058" endtime="20240916 04:41:17.058"/>
</if>
<status status="NOT RUN" starttime="20240916 04:41:17.042" endtime="20240916 04:41:17.058"/>
</branch>
<branch type="ELSE">
<kw name="Sleep" library="BuiltIn">
<arg>2</arg>
<doc>Pauses the test executed for the given time.</doc>
<msg timestamp="20240916 04:41:19.058" level="INFO">Slept 2 seconds</msg>
<status status="PASS" starttime="20240916 04:41:17.058" endtime="20240916 04:41:19.058"/>
</kw>
<kw name="Click Element" library="SAP_Tcode_Library">
<arg>wnd[0]/tbar[1]/btn[5]</arg>
<doc>Performs a single click on a given element. Used only for buttons, tabs and menu items.</doc>
<status status="PASS" starttime="20240916 04:41:19.058" endtime="20240916 04:41:19.152"/>
</kw>
<kw name="Sleep" library="BuiltIn">
<arg>2</arg>
<doc>Pauses the test executed for the given time.</doc>
<msg timestamp="20240916 04:41:21.153" level="INFO">Slept 2 seconds</msg>
<status status="PASS" starttime="20240916 04:41:19.152" endtime="20240916 04:41:21.153"/>
</kw>
<kw name="Input Text" library="SAP_Tcode_Library">
<arg>wnd[0]/usr/ctxtPARAMETER_INTERNAL-PARNAME</arg>
<arg>${parameters}[${i}]</arg>
<doc>Inserts the given text into the text field identified by locator.
Use keyword `input password` to insert a password in a text field.</doc>
<msg timestamp="20240916 04:41:21.153" level="INFO">Typing text 'ssl/ciphersuites' into text field 'wnd[0]/usr/ctxtPARAMETER_INTERNAL-PARNAME'.</msg>
<status status="PASS" starttime="20240916 04:41:21.153" endtime="20240916 04:41:21.165"/>
</kw>
<kw name="Sleep" library="BuiltIn">
<arg>2</arg>
<doc>Pauses the test executed for the given time.</doc>
<msg timestamp="20240916 04:41:23.165" level="INFO">Slept 2 seconds</msg>
<status status="PASS" starttime="20240916 04:41:21.165" endtime="20240916 04:41:23.165"/>
</kw>
<kw name="Input Text" library="SAP_Tcode_Library">
<arg>wnd[0]/usr/sub:SAPLSPF2:0030[0]/txtPARAMETER_INT_VALUES-PVALUE[0,0]</arg>
<arg>${values}[${i}]</arg>
<doc>Inserts the given text into the text field identified by locator.
Use keyword `input password` to insert a password in a text field.</doc>
<msg timestamp="20240916 04:41:23.167" level="INFO">Typing text '135:PFS:HIGH::EC_X25519:EC_P256:EC_HIGH' into text field 'wnd[0]/usr/sub:SAPLSPF2:0030[0]/txtPARAMETER_INT_VALUES-PVALUE[0,0]'.</msg>
<status status="PASS" starttime="20240916 04:41:23.165" endtime="20240916 04:41:23.167"/>
</kw>
<kw name="Sleep" library="BuiltIn">
<arg>2</arg>
<doc>Pauses the test executed for the given time.</doc>
<msg timestamp="20240916 04:41:25.168" level="INFO">Slept 2 seconds</msg>
<status status="PASS" starttime="20240916 04:41:23.167" endtime="20240916 04:41:25.168"/>
</kw>
<kw name="Click Element" library="SAP_Tcode_Library">
<arg>wnd[0]/tbar[1]/btn[16]</arg>
<doc>Performs a single click on a given element. Used only for buttons, tabs and menu items.</doc>
<status status="PASS" starttime="20240916 04:41:25.168" endtime="20240916 04:41:25.230"/>
</kw>
<kw name="Sleep" library="BuiltIn">
<arg>2</arg>
<doc>Pauses the test executed for the given time.</doc>
<msg timestamp="20240916 04:41:27.230" level="INFO">Slept 2 seconds</msg>
<status status="PASS" starttime="20240916 04:41:25.230" endtime="20240916 04:41:27.230"/>
</kw>
<kw name="Click Element" library="SAP_Tcode_Library">
<arg>wnd[0]/tbar[1]/btn[5]</arg>
<doc>Performs a single click on a given element. Used only for buttons, tabs and menu items.</doc>
<status status="PASS" starttime="20240916 04:41:27.230" endtime="20240916 04:41:27.293"/>
</kw>
<kw name="Sleep" library="BuiltIn">
<arg>2</arg>
<doc>Pauses the test executed for the given time.</doc>
<msg timestamp="20240916 04:41:29.294" level="INFO">Slept 2 seconds</msg>
<status status="PASS" starttime="20240916 04:41:27.293" endtime="20240916 04:41:29.294"/>
</kw>
<kw name="Click Element" library="SAP_Tcode_Library">
<arg>wnd[0]/tbar[0]/btn[3]</arg>
<doc>Performs a single click on a given element. Used only for buttons, tabs and menu items.</doc>
<status status="PASS" starttime="20240916 04:41:29.294" endtime="20240916 04:41:29.388"/>
</kw>
<kw name="Sleep" library="BuiltIn">
<arg>2</arg>
<doc>Pauses the test executed for the given time.</doc>
<msg timestamp="20240916 04:41:31.388" level="INFO">Slept 2 seconds</msg>
<status status="PASS" starttime="20240916 04:41:29.388" endtime="20240916 04:41:31.388"/>
</kw>
<kw name="Manage Window" library="SAP_Tcode_Library">
<arg>wnd[1]</arg>
<arg>Maintain Profile 'DEFAULT' Version</arg>
<arg>wnd[1]/usr/btnKNOPF1</arg>
<status status="PASS" starttime="20240916 04:41:31.388" endtime="20240916 04:41:31.478"/>
</kw>
<kw name="Sleep" library="BuiltIn">
<arg>2</arg>
<doc>Pauses the test executed for the given time.</doc>
<msg timestamp="20240916 04:41:33.478" level="INFO">Slept 2 seconds</msg>
<status status="PASS" starttime="20240916 04:41:31.478" endtime="20240916 04:41:33.478"/>
</kw>
<kw name="Click Element" library="SAP_Tcode_Library">
<arg>wnd[0]/tbar[1]/btn[16]</arg>
<doc>Performs a single click on a given element. Used only for buttons, tabs and menu items.</doc>
<status status="PASS" starttime="20240916 04:41:33.478" endtime="20240916 04:41:33.542"/>
</kw>
<status status="PASS" starttime="20240916 04:41:17.058" endtime="20240916 04:41:33.558"/>
</branch>
<status status="PASS" starttime="20240916 04:41:17.042" endtime="20240916 04:41:33.558"/>
</if>
<status status="PASS" starttime="20240916 04:41:16.456" endtime="20240916 04:41:33.558"/>
</iter>
<iter>
<var name="${i}">1</var>
<kw name="Check Parameter Found" library="SAP_Tcode_Library">
<var>${result}</var>
<arg>wnd[0]/usr</arg>
<arg>${parameters}[${i}]</arg>
<msg timestamp="20240916 04:41:34.143" level="INFO">Search text ssl/client_ciphersuites not found</msg>
<msg timestamp="20240916 04:41:34.143" level="INFO">${result} = Search text ssl/client_ciphersuites not found</msg>
<status status="PASS" starttime="20240916 04:41:33.558" endtime="20240916 04:41:34.143"/>
</kw>
<kw name="Log To Console" library="BuiltIn">
<arg>${result}</arg>
<doc>Logs the given message to the console.</doc>
<status status="PASS" starttime="20240916 04:41:34.143" endtime="20240916 04:41:34.143"/>
</kw>
<if>
<branch type="IF" condition="'${result}' == '${parameters}[${i}]'">
<kw name="Get Parameter Value" library="SAP_Tcode_Library">
<arg>wnd[0]/usr</arg>
<arg>${parameters}[${i}]</arg>
<status status="NOT RUN" starttime="20240916 04:41:34.143" endtime="20240916 04:41:34.143"/>
</kw>
<kw name="Get Value" library="SAP_Tcode_Library">
<var>${param_value}</var>
<arg>wnd[0]/usr/sub:SAPLSPF2:0030[0]/txtPARAMETER_INT_VALUES-PVALUE[0,0]</arg>
<doc>Gets the value of the given element. The possible return values depend on the type of element (see Return values).</doc>
<status status="NOT RUN" starttime="20240916 04:41:34.143" endtime="20240916 04:41:34.143"/>
</kw>
<if>
<branch type="IF" condition="'${param_value}' == '${values}[${i}]'">
<kw name="Log To Console" library="BuiltIn">
<arg>${parameters}[${i}] value is ${values}[${i}]</arg>
<doc>Logs the given message to the console.</doc>
<status status="NOT RUN" starttime="20240916 04:41:34.143" endtime="20240916 04:41:34.143"/>
</kw>
<kw name="Click Element" library="SAP_Tcode_Library">
<arg>wnd[0]/tbar[0]/btn[3]</arg>
<doc>Performs a single click on a given element. Used only for buttons, tabs and menu items.</doc>
<status status="NOT RUN" starttime="20240916 04:41:34.143" endtime="20240916 04:41:34.143"/>
</kw>
<kw name="Sleep" library="BuiltIn">
<arg>2</arg>
<doc>Pauses the test executed for the given time.</doc>
<status status="NOT RUN" starttime="20240916 04:41:34.143" endtime="20240916 04:41:34.143"/>
</kw>
<status status="NOT RUN" starttime="20240916 04:41:34.143" endtime="20240916 04:41:34.143"/>
</branch>
<branch type="ELSE">
<kw name="Sleep" library="BuiltIn">
<arg>2</arg>
<doc>Pauses the test executed for the given time.</doc>
<status status="NOT RUN" starttime="20240916 04:41:34.159" endtime="20240916 04:41:34.159"/>
</kw>
<kw name="Input Text" library="SAP_Tcode_Library">
<arg>wnd[0]/usr/sub:SAPLSPF2:0030[0]/txtPARAMETER_INT_VALUES-PVALUE[0,0]</arg>
<arg>${EMPTY}</arg>
<doc>Inserts the given text into the text field identified by locator.
Use keyword `input password` to insert a password in a text field.</doc>
<status status="NOT RUN" starttime="20240916 04:41:34.159" endtime="20240916 04:41:34.159"/>
</kw>
<kw name="Sleep" library="BuiltIn">
<arg>2</arg>
<doc>Pauses the test executed for the given time.</doc>
<status status="NOT RUN" starttime="20240916 04:41:34.159" endtime="20240916 04:41:34.159"/>
</kw>
<kw name="Input Text" library="SAP_Tcode_Library">
<arg>wnd[0]/usr/sub:SAPLSPF2:0030[0]/txtPARAMETER_INT_VALUES-PVALUE[0,0]</arg>
<arg>${values}[${i}]</arg>
<doc>Inserts the given text into the text field identified by locator.
Use keyword `input password` to insert a password in a text field.</doc>
<status status="NOT RUN" starttime="20240916 04:41:34.159" endtime="20240916 04:41:34.159"/>
</kw>
<kw name="Click Element" library="SAP_Tcode_Library">
<arg>wnd[0]/tbar[1]/btn[16]</arg>
<doc>Performs a single click on a given element. Used only for buttons, tabs and menu items.</doc>
<status status="NOT RUN" starttime="20240916 04:41:34.159" endtime="20240916 04:41:34.159"/>
</kw>
<kw name="Sleep" library="BuiltIn">
<arg>2</arg>
<doc>Pauses the test executed for the given time.</doc>
<status status="NOT RUN" starttime="20240916 04:41:34.159" endtime="20240916 04:41:34.159"/>
</kw>
<kw name="Click Element" library="SAP_Tcode_Library">
<arg>wnd[0]/tbar[1]/btn[5]</arg>
<doc>Performs a single click on a given element. Used only for buttons, tabs and menu items.</doc>
<status status="NOT RUN" starttime="20240916 04:41:34.159" endtime="20240916 04:41:34.159"/>
</kw>
<kw name="Sleep" library="BuiltIn">
<arg>2</arg>
<doc>Pauses the test executed for the given time.</doc>
<status status="NOT RUN" starttime="20240916 04:41:34.159" endtime="20240916 04:41:34.159"/>
</kw>
<kw name="Click Element" library="SAP_Tcode_Library">
<arg>wnd[0]/tbar[0]/btn[3]</arg>
<doc>Performs a single click on a given element. Used only for buttons, tabs and menu items.</doc>
<status status="NOT RUN" starttime="20240916 04:41:34.159" endtime="20240916 04:41:34.159"/>
</kw>
<kw name="Click Element" library="SAP_Tcode_Library">
<arg>wnd[0]/tbar[1]/btn[16]</arg>
<doc>Performs a single click on a given element. Used only for buttons, tabs and menu items.</doc>
<status status="NOT RUN" starttime="20240916 04:41:34.159" endtime="20240916 04:41:34.159"/>
</kw>
<status status="NOT RUN" starttime="20240916 04:41:34.143" endtime="20240916 04:41:34.159"/>
</branch>
<status status="NOT RUN" starttime="20240916 04:41:34.143" endtime="20240916 04:41:34.159"/>
</if>
<status status="NOT RUN" starttime="20240916 04:41:34.143" endtime="20240916 04:41:34.159"/>
</branch>
<branch type="ELSE">
<kw name="Sleep" library="BuiltIn">
<arg>2</arg>
<doc>Pauses the test executed for the given time.</doc>
<msg timestamp="20240916 04:41:36.159" level="INFO">Slept 2 seconds</msg>
<status status="PASS" starttime="20240916 04:41:34.159" endtime="20240916 04:41:36.159"/>
</kw>
<kw name="Click Element" library="SAP_Tcode_Library">
<arg>wnd[0]/tbar[1]/btn[5]</arg>
<doc>Performs a single click on a given element. Used only for buttons, tabs and menu items.</doc>
<status status="PASS" starttime="20240916 04:41:36.159" endtime="20240916 04:41:36.261"/>
</kw>
<kw name="Sleep" library="BuiltIn">
<arg>2</arg>
<doc>Pauses the test executed for the given time.</doc>
<msg timestamp="20240916 04:41:38.261" level="INFO">Slept 2 seconds</msg>
<status status="PASS" starttime="20240916 04:41:36.261" endtime="20240916 04:41:38.261"/>
</kw>
<kw name="Input Text" library="SAP_Tcode_Library">
<arg>wnd[0]/usr/ctxtPARAMETER_INTERNAL-PARNAME</arg>
<arg>${parameters}[${i}]</arg>
<doc>Inserts the given text into the text field identified by locator.
Use keyword `input password` to insert a password in a text field.</doc>
<msg timestamp="20240916 04:41:38.261" level="INFO">Typing text 'ssl/client_ciphersuites' into text field 'wnd[0]/usr/ctxtPARAMETER_INTERNAL-PARNAME'.</msg>
<status status="PASS" starttime="20240916 04:41:38.261" endtime="20240916 04:41:38.261"/>
</kw>
<kw name="Sleep" library="BuiltIn">
<arg>2</arg>
<doc>Pauses the test executed for the given time.</doc>
<msg timestamp="20240916 04:41:40.261" level="INFO">Slept 2 seconds</msg>
<status status="PASS" starttime="20240916 04:41:38.261" endtime="20240916 04:41:40.261"/>
</kw>
<kw name="Input Text" library="SAP_Tcode_Library">
<arg>wnd[0]/usr/sub:SAPLSPF2:0030[0]/txtPARAMETER_INT_VALUES-PVALUE[0,0]</arg>
<arg>${values}[${i}]</arg>
<doc>Inserts the given text into the text field identified by locator.
Use keyword `input password` to insert a password in a text field.</doc>
<msg timestamp="20240916 04:41:40.261" level="INFO">Typing text '150:PFS:HIGH::EC_X25519:EC_P256:EC_HIGH' into text field 'wnd[0]/usr/sub:SAPLSPF2:0030[0]/txtPARAMETER_INT_VALUES-PVALUE[0,0]'.</msg>
<status status="PASS" starttime="20240916 04:41:40.261" endtime="20240916 04:41:40.261"/>
</kw>
<kw name="Sleep" library="BuiltIn">
<arg>2</arg>
<doc>Pauses the test executed for the given time.</doc>
<msg timestamp="20240916 04:41:42.261" level="INFO">Slept 2 seconds</msg>
<status status="PASS" starttime="20240916 04:41:40.261" endtime="20240916 04:41:42.261"/>
</kw>
<kw name="Click Element" library="SAP_Tcode_Library">
<arg>wnd[0]/tbar[1]/btn[16]</arg>
<doc>Performs a single click on a given element. Used only for buttons, tabs and menu items.</doc>
<status status="PASS" starttime="20240916 04:41:42.261" endtime="20240916 04:41:42.325"/>
</kw>
<kw name="Sleep" library="BuiltIn">
<arg>2</arg>
<doc>Pauses the test executed for the given time.</doc>
<msg timestamp="20240916 04:41:44.325" level="INFO">Slept 2 seconds</msg>
<status status="PASS" starttime="20240916 04:41:42.325" endtime="20240916 04:41:44.325"/>
</kw>
<kw name="Click Element" library="SAP_Tcode_Library">
<arg>wnd[0]/tbar[1]/btn[5]</arg>
<doc>Performs a single click on a given element. Used only for buttons, tabs and menu items.</doc>
<status status="PASS" starttime="20240916 04:41:44.325" endtime="20240916 04:41:44.386"/>
</kw>
<kw name="Sleep" library="BuiltIn">
<arg>2</arg>
<doc>Pauses the test executed for the given time.</doc>
<msg timestamp="20240916 04:41:46.386" level="INFO">Slept 2 seconds</msg>
<status status="PASS" starttime="20240916 04:41:44.386" endtime="20240916 04:41:46.386"/>
</kw>
<kw name="Click Element" library="SAP_Tcode_Library">
<arg>wnd[0]/tbar[0]/btn[3]</arg>
<doc>Performs a single click on a given element. Used only for buttons, tabs and menu items.</doc>
<status status="PASS" starttime="20240916 04:41:46.386" endtime="20240916 04:41:46.480"/>
</kw>
<kw name="Sleep" library="BuiltIn">
<arg>2</arg>
<doc>Pauses the test executed for the given time.</doc>
<msg timestamp="20240916 04:41:48.480" level="INFO">Slept 2 seconds</msg>
<status status="PASS" starttime="20240916 04:41:46.480" endtime="20240916 04:41:48.480"/>
</kw>
<kw name="Manage Window" library="SAP_Tcode_Library">
<arg>wnd[1]</arg>
<arg>Maintain Profile 'DEFAULT' Version</arg>
<arg>wnd[1]/usr/btnKNOPF1</arg>
<status status="PASS" starttime="20240916 04:41:48.480" endtime="20240916 04:41:48.569"/>
</kw>
<kw name="Sleep" library="BuiltIn">
<arg>2</arg>
<doc>Pauses the test executed for the given time.</doc>
<msg timestamp="20240916 04:41:50.570" level="INFO">Slept 2 seconds</msg>
<status status="PASS" starttime="20240916 04:41:48.569" endtime="20240916 04:41:50.570"/>
</kw>
<kw name="Click Element" library="SAP_Tcode_Library">
<arg>wnd[0]/tbar[1]/btn[16]</arg>
<doc>Performs a single click on a given element. Used only for buttons, tabs and menu items.</doc>
<status status="PASS" starttime="20240916 04:41:50.570" endtime="20240916 04:41:50.645"/>
</kw>
<status status="PASS" starttime="20240916 04:41:34.159" endtime="20240916 04:41:50.645"/>
</branch>
<status status="PASS" starttime="20240916 04:41:34.143" endtime="20240916 04:41:50.645"/>
</if>
<status status="PASS" starttime="20240916 04:41:33.558" endtime="20240916 04:41:50.645"/>
</iter>
<iter>
<var name="${i}">2</var>
<kw name="Check Parameter Found" library="SAP_Tcode_Library">
<var>${result}</var>
<arg>wnd[0]/usr</arg>
<arg>${parameters}[${i}]</arg>
<msg timestamp="20240916 04:41:51.244" level="INFO">Search text icm/HTTPS/client_sni_enabled not found</msg>
<msg timestamp="20240916 04:41:51.244" level="INFO">${result} = Search text icm/HTTPS/client_sni_enabled not found</msg>
<status status="PASS" starttime="20240916 04:41:50.645" endtime="20240916 04:41:51.244"/>
</kw>
<kw name="Log To Console" library="BuiltIn">
<arg>${result}</arg>
<doc>Logs the given message to the console.</doc>
<status status="PASS" starttime="20240916 04:41:51.244" endtime="20240916 04:41:51.247"/>
</kw>
<if>
<branch type="IF" condition="'${result}' == '${parameters}[${i}]'">
<kw name="Get Parameter Value" library="SAP_Tcode_Library">
<arg>wnd[0]/usr</arg>
<arg>${parameters}[${i}]</arg>
<status status="NOT RUN" starttime="20240916 04:41:51.247" endtime="20240916 04:41:51.247"/>
</kw>
<kw name="Get Value" library="SAP_Tcode_Library">
<var>${param_value}</var>
<arg>wnd[0]/usr/sub:SAPLSPF2:0030[0]/txtPARAMETER_INT_VALUES-PVALUE[0,0]</arg>
<doc>Gets the value of the given element. The possible return values depend on the type of element (see Return values).</doc>
<status status="NOT RUN" starttime="20240916 04:41:51.247" endtime="20240916 04:41:51.247"/>
</kw>
<if>
<branch type="IF" condition="'${param_value}' == '${values}[${i}]'">
<kw name="Log To Console" library="BuiltIn">
<arg>${parameters}[${i}] value is ${values}[${i}]</arg>
<doc>Logs the given message to the console.</doc>
<status status="NOT RUN" starttime="20240916 04:41:51.247" endtime="20240916 04:41:51.247"/>
</kw>
<kw name="Click Element" library="SAP_Tcode_Library">
<arg>wnd[0]/tbar[0]/btn[3]</arg>
<doc>Performs a single click on a given element. Used only for buttons, tabs and menu items.</doc>
<status status="NOT RUN" starttime="20240916 04:41:51.247" endtime="20240916 04:41:51.247"/>
</kw>
<kw name="Sleep" library="BuiltIn">
<arg>2</arg>
<doc>Pauses the test executed for the given time.</doc>
<status status="NOT RUN" starttime="20240916 04:41:51.247" endtime="20240916 04:41:51.247"/>
</kw>
<status status="NOT RUN" starttime="20240916 04:41:51.247" endtime="20240916 04:41:51.247"/>
</branch>
<branch type="ELSE">
<kw name="Sleep" library="BuiltIn">
<arg>2</arg>
<doc>Pauses the test executed for the given time.</doc>
<status status="NOT RUN" starttime="20240916 04:41:51.247" endtime="20240916 04:41:51.247"/>
</kw>
<kw name="Input Text" library="SAP_Tcode_Library">
<arg>wnd[0]/usr/sub:SAPLSPF2:0030[0]/txtPARAMETER_INT_VALUES-PVALUE[0,0]</arg>
<arg>${EMPTY}</arg>
<doc>Inserts the given text into the text field identified by locator.
Use keyword `input password` to insert a password in a text field.</doc>
<status status="NOT RUN" starttime="20240916 04:41:51.247" endtime="20240916 04:41:51.247"/>
</kw>
<kw name="Sleep" library="BuiltIn">
<arg>2</arg>
<doc>Pauses the test executed for the given time.</doc>
<status status="NOT RUN" starttime="20240916 04:41:51.247" endtime="20240916 04:41:51.247"/>
</kw>
<kw name="Input Text" library="SAP_Tcode_Library">
<arg>wnd[0]/usr/sub:SAPLSPF2:0030[0]/txtPARAMETER_INT_VALUES-PVALUE[0,0]</arg>
<arg>${values}[${i}]</arg>
<doc>Inserts the given text into the text field identified by locator.
Use keyword `input password` to insert a password in a text field.</doc>
<status status="NOT RUN" starttime="20240916 04:41:51.247" endtime="20240916 04:41:51.247"/>
</kw>
<kw name="Click Element" library="SAP_Tcode_Library">
<arg>wnd[0]/tbar[1]/btn[16]</arg>
<doc>Performs a single click on a given element. Used only for buttons, tabs and menu items.</doc>
<status status="NOT RUN" starttime="20240916 04:41:51.247" endtime="20240916 04:41:51.247"/>
</kw>
<kw name="Sleep" library="BuiltIn">
<arg>2</arg>
<doc>Pauses the test executed for the given time.</doc>
<status status="NOT RUN" starttime="20240916 04:41:51.247" endtime="20240916 04:41:51.247"/>
</kw>
<kw name="Click Element" library="SAP_Tcode_Library">
<arg>wnd[0]/tbar[1]/btn[5]</arg>
<doc>Performs a single click on a given element. Used only for buttons, tabs and menu items.</doc>
<status status="NOT RUN" starttime="20240916 04:41:51.247" endtime="20240916 04:41:51.247"/>
</kw>
<kw name="Sleep" library="BuiltIn">
<arg>2</arg>
<doc>Pauses the test executed for the given time.</doc>
<status status="NOT RUN" starttime="20240916 04:41:51.247" endtime="20240916 04:41:51.247"/>
</kw>
<kw name="Click Element" library="SAP_Tcode_Library">
<arg>wnd[0]/tbar[0]/btn[3]</arg>
<doc>Performs a single click on a given element. Used only for buttons, tabs and menu items.</doc>
<status status="NOT RUN" starttime="20240916 04:41:51.247" endtime="20240916 04:41:51.247"/>
</kw>
<kw name="Click Element" library="SAP_Tcode_Library">
<arg>wnd[0]/tbar[1]/btn[16]</arg>
<doc>Performs a single click on a given element. Used only for buttons, tabs and menu items.</doc>
<status status="NOT RUN" starttime="20240916 04:41:51.259" endtime="20240916 04:41:51.259"/>
</kw>
<status status="NOT RUN" starttime="20240916 04:41:51.247" endtime="20240916 04:41:51.259"/>
</branch>
<status status="NOT RUN" starttime="20240916 04:41:51.247" endtime="20240916 04:41:51.259"/>
</if>
<status status="NOT RUN" starttime="20240916 04:41:51.247" endtime="20240916 04:41:51.259"/>
</branch>
<branch type="ELSE">
<kw name="Sleep" library="BuiltIn">
<arg>2</arg>
<doc>Pauses the test executed for the given time.</doc>
<msg timestamp="20240916 04:41:53.260" level="INFO">Slept 2 seconds</msg>
<status status="PASS" starttime="20240916 04:41:51.259" endtime="20240916 04:41:53.260"/>
</kw>
<kw name="Click Element" library="SAP_Tcode_Library">
<arg>wnd[0]/tbar[1]/btn[5]</arg>
<doc>Performs a single click on a given element. Used only for buttons, tabs and menu items.</doc>
<status status="PASS" starttime="20240916 04:41:53.260" endtime="20240916 04:41:53.361"/>
</kw>
<kw name="Sleep" library="BuiltIn">
<arg>2</arg>
<doc>Pauses the test executed for the given time.</doc>
<msg timestamp="20240916 04:41:55.361" level="INFO">Slept 2 seconds</msg>
<status status="PASS" starttime="20240916 04:41:53.361" endtime="20240916 04:41:55.361"/>
</kw>
<kw name="Input Text" library="SAP_Tcode_Library">
<arg>wnd[0]/usr/ctxtPARAMETER_INTERNAL-PARNAME</arg>
<arg>${parameters}[${i}]</arg>
<doc>Inserts the given text into the text field identified by locator.
Use keyword `input password` to insert a password in a text field.</doc>
<msg timestamp="20240916 04:41:55.370" level="INFO">Typing text 'icm/HTTPS/client_sni_enabled' into text field 'wnd[0]/usr/ctxtPARAMETER_INTERNAL-PARNAME'.</msg>
<status status="PASS" starttime="20240916 04:41:55.361" endtime="20240916 04:41:55.370"/>
</kw>
<kw name="Sleep" library="BuiltIn">
<arg>2</arg>
<doc>Pauses the test executed for the given time.</doc>
<msg timestamp="20240916 04:41:57.371" level="INFO">Slept 2 seconds</msg>
<status status="PASS" starttime="20240916 04:41:55.370" endtime="20240916 04:41:57.371"/>
</kw>
<kw name="Input Text" library="SAP_Tcode_Library">
<arg>wnd[0]/usr/sub:SAPLSPF2:0030[0]/txtPARAMETER_INT_VALUES-PVALUE[0,0]</arg>
<arg>${values}[${i}]</arg>
<doc>Inserts the given text into the text field identified by locator.
Use keyword `input password` to insert a password in a text field.</doc>
<msg timestamp="20240916 04:41:57.371" level="INFO">Typing text 'TRUE' into text field 'wnd[0]/usr/sub:SAPLSPF2:0030[0]/txtPARAMETER_INT_VALUES-PVALUE[0,0]'.</msg>
<status status="PASS" starttime="20240916 04:41:57.371" endtime="20240916 04:41:57.371"/>
</kw>
<kw name="Sleep" library="BuiltIn">
<arg>2</arg>
<doc>Pauses the test executed for the given time.</doc>
<msg timestamp="20240916 04:41:59.371" level="INFO">Slept 2 seconds</msg>
<status status="PASS" starttime="20240916 04:41:57.371" endtime="20240916 04:41:59.371"/>
</kw>
<kw name="Click Element" library="SAP_Tcode_Library">
<arg>wnd[0]/tbar[1]/btn[16]</arg>
<doc>Performs a single click on a given element. Used only for buttons, tabs and menu items.</doc>
<status status="PASS" starttime="20240916 04:41:59.371" endtime="20240916 04:41:59.431"/>
</kw>
<kw name="Sleep" library="BuiltIn">
<arg>2</arg>
<doc>Pauses the test executed for the given time.</doc>
<msg timestamp="20240916 04:42:01.432" level="INFO">Slept 2 seconds</msg>
<status status="PASS" starttime="20240916 04:41:59.431" endtime="20240916 04:42:01.432"/>
</kw>
<kw name="Click Element" library="SAP_Tcode_Library">
<arg>wnd[0]/tbar[1]/btn[5]</arg>
<doc>Performs a single click on a given element. Used only for buttons, tabs and menu items.</doc>
<status status="PASS" starttime="20240916 04:42:01.432" endtime="20240916 04:42:01.495"/>
</kw>
<kw name="Sleep" library="BuiltIn">
<arg>2</arg>
<doc>Pauses the test executed for the given time.</doc>
<msg timestamp="20240916 04:42:03.496" level="INFO">Slept 2 seconds</msg>
<status status="PASS" starttime="20240916 04:42:01.495" endtime="20240916 04:42:03.496"/>
</kw>
<kw name="Click Element" library="SAP_Tcode_Library">
<arg>wnd[0]/tbar[0]/btn[3]</arg>
<doc>Performs a single click on a given element. Used only for buttons, tabs and menu items.</doc>
<status status="PASS" starttime="20240916 04:42:03.496" endtime="20240916 04:42:03.589"/>
</kw>
<kw name="Sleep" library="BuiltIn">
<arg>2</arg>
<doc>Pauses the test executed for the given time.</doc>
<msg timestamp="20240916 04:42:05.590" level="INFO">Slept 2 seconds</msg>
<status status="PASS" starttime="20240916 04:42:03.589" endtime="20240916 04:42:05.590"/>
</kw>
<kw name="Manage Window" library="SAP_Tcode_Library">
<arg>wnd[1]</arg>
<arg>Maintain Profile 'DEFAULT' Version</arg>
<arg>wnd[1]/usr/btnKNOPF1</arg>
<status status="PASS" starttime="20240916 04:42:05.590" endtime="20240916 04:42:05.686"/>
</kw>
<kw name="Sleep" library="BuiltIn">
<arg>2</arg>
<doc>Pauses the test executed for the given time.</doc>
<msg timestamp="20240916 04:42:07.686" level="INFO">Slept 2 seconds</msg>
<status status="PASS" starttime="20240916 04:42:05.686" endtime="20240916 04:42:07.686"/>
</kw>
<kw name="Click Element" library="SAP_Tcode_Library">
<arg>wnd[0]/tbar[1]/btn[16]</arg>
<doc>Performs a single click on a given element. Used only for buttons, tabs and menu items.</doc>
<status status="PASS" starttime="20240916 04:42:07.686" endtime="20240916 04:42:07.761"/>
</kw>
<status status="PASS" starttime="20240916 04:41:51.259" endtime="20240916 04:42:07.761"/>
</branch>
<status status="PASS" starttime="20240916 04:41:51.247" endtime="20240916 04:42:07.761"/>
</if>
<status status="PASS" starttime="20240916 04:41:50.645" endtime="20240916 04:42:07.761"/>
</iter>
<iter>
<var name="${i}">3</var>
<kw name="Check Parameter Found" library="SAP_Tcode_Library">
<var>${result}</var>
<arg>wnd[0]/usr</arg>
<arg>${parameters}[${i}]</arg>
<msg timestamp="20240916 04:42:08.370" level="INFO">Search text ssl/client_sni_enabled not found</msg>
<msg timestamp="20240916 04:42:08.370" level="INFO">${result} = Search text ssl/client_sni_enabled not found</msg>
<status status="PASS" starttime="20240916 04:42:07.761" endtime="20240916 04:42:08.370"/>
</kw>
<kw name="Log To Console" library="BuiltIn">
<arg>${result}</arg>
<doc>Logs the given message to the console.</doc>
<status status="PASS" starttime="20240916 04:42:08.370" endtime="20240916 04:42:08.370"/>
</kw>
<if>
<branch type="IF" condition="'${result}' == '${parameters}[${i}]'">
<kw name="Get Parameter Value" library="SAP_Tcode_Library">
<arg>wnd[0]/usr</arg>
<arg>${parameters}[${i}]</arg>
<status status="NOT RUN" starttime="20240916 04:42:08.370" endtime="20240916 04:42:08.370"/>
</kw>
<kw name="Get Value" library="SAP_Tcode_Library">
<var>${param_value}</var>
<arg>wnd[0]/usr/sub:SAPLSPF2:0030[0]/txtPARAMETER_INT_VALUES-PVALUE[0,0]</arg>
<doc>Gets the value of the given element. The possible return values depend on the type of element (see Return values).</doc>
<status status="NOT RUN" starttime="20240916 04:42:08.370" endtime="20240916 04:42:08.370"/>
</kw>
<if>
<branch type="IF" condition="'${param_value}' == '${values}[${i}]'">
<kw name="Log To Console" library="BuiltIn">
<arg>${parameters}[${i}] value is ${values}[${i}]</arg>
<doc>Logs the given message to the console.</doc>
<status status="NOT RUN" starttime="20240916 04:42:08.370" endtime="20240916 04:42:08.370"/>
</kw>
<kw name="Click Element" library="SAP_Tcode_Library">
<arg>wnd[0]/tbar[0]/btn[3]</arg>
<doc>Performs a single click on a given element. Used only for buttons, tabs and menu items.</doc>
<status status="NOT RUN" starttime="20240916 04:42:08.370" endtime="20240916 04:42:08.370"/>
</kw>
<kw name="Sleep" library="BuiltIn">
<arg>2</arg>
<doc>Pauses the test executed for the given time.</doc>
<status status="NOT RUN" starttime="20240916 04:42:08.370" endtime="20240916 04:42:08.370"/>
</kw>
<status status="NOT RUN" starttime="20240916 04:42:08.370" endtime="20240916 04:42:08.370"/>
</branch>
<branch type="ELSE">
<kw name="Sleep" library="BuiltIn">
<arg>2</arg>
<doc>Pauses the test executed for the given time.</doc>
<status status="NOT RUN" starttime="20240916 04:42:08.370" endtime="20240916 04:42:08.370"/>
</kw>
<kw name="Input Text" library="SAP_Tcode_Library">
<arg>wnd[0]/usr/sub:SAPLSPF2:0030[0]/txtPARAMETER_INT_VALUES-PVALUE[0,0]</arg>
<arg>${EMPTY}</arg>
<doc>Inserts the given text into the text field identified by locator.
Use keyword `input password` to insert a password in a text field.</doc>
<status status="NOT RUN" starttime="20240916 04:42:08.370" endtime="20240916 04:42:08.370"/>
</kw>
<kw name="Sleep" library="BuiltIn">
<arg>2</arg>
<doc>Pauses the test executed for the given time.</doc>
<status status="NOT RUN" starttime="20240916 04:42:08.370" endtime="20240916 04:42:08.370"/>
</kw>
<kw name="Input Text" library="SAP_Tcode_Library">
<arg>wnd[0]/usr/sub:SAPLSPF2:0030[0]/txtPARAMETER_INT_VALUES-PVALUE[0,0]</arg>
<arg>${values}[${i}]</arg>
<doc>Inserts the given text into the text field identified by locator.
Use keyword `input password` to insert a password in a text field.</doc>
<status status="NOT RUN" starttime="20240916 04:42:08.370" endtime="20240916 04:42:08.370"/>
</kw>
<kw name="Click Element" library="SAP_Tcode_Library">
<arg>wnd[0]/tbar[1]/btn[16]</arg>
<doc>Performs a single click on a given element. Used only for buttons, tabs and menu items.</doc>
<status status="NOT RUN" starttime="20240916 04:42:08.370" endtime="20240916 04:42:08.370"/>
</kw>
<kw name="Sleep" library="BuiltIn">
<arg>2</arg>
<doc>Pauses the test executed for the given time.</doc>
<status status="NOT RUN" starttime="20240916 04:42:08.370" endtime="20240916 04:42:08.370"/>
</kw>
<kw name="Click Element" library="SAP_Tcode_Library">
<arg>wnd[0]/tbar[1]/btn[5]</arg>
<doc>Performs a single click on a given element. Used only for buttons, tabs and menu items.</doc>
<status status="NOT RUN" starttime="20240916 04:42:08.370" endtime="20240916 04:42:08.370"/>
</kw>
<kw name="Sleep" library="BuiltIn">
<arg>2</arg>
<doc>Pauses the test executed for the given time.</doc>
<status status="NOT RUN" starttime="20240916 04:42:08.370" endtime="20240916 04:42:08.370"/>
</kw>
<kw name="Click Element" library="SAP_Tcode_Library">
<arg>wnd[0]/tbar[0]/btn[3]</arg>
<doc>Performs a single click on a given element. Used only for buttons, tabs and menu items.</doc>
<status status="NOT RUN" starttime="20240916 04:42:08.370" endtime="20240916 04:42:08.370"/>
</kw>
<kw name="Click Element" library="SAP_Tcode_Library">
<arg>wnd[0]/tbar[1]/btn[16]</arg>
<doc>Performs a single click on a given element. Used only for buttons, tabs and menu items.</doc>
<status status="NOT RUN" starttime="20240916 04:42:08.370" endtime="20240916 04:42:08.370"/>
</kw>
<status status="NOT RUN" starttime="20240916 04:42:08.370" endtime="20240916 04:42:08.370"/>
</branch>
<status status="NOT RUN" starttime="20240916 04:42:08.370" endtime="20240916 04:42:08.370"/>
</if>
<status status="NOT RUN" starttime="20240916 04:42:08.370" endtime="20240916 04:42:08.370"/>
</branch>
<branch type="ELSE">
<kw name="Sleep" library="BuiltIn">
<arg>2</arg>
<doc>Pauses the test executed for the given time.</doc>
<msg timestamp="20240916 04:42:10.370" level="INFO">Slept 2 seconds</msg>
<status status="PASS" starttime="20240916 04:42:08.370" endtime="20240916 04:42:10.370"/>
</kw>
<kw name="Click Element" library="SAP_Tcode_Library">
<arg>wnd[0]/tbar[1]/btn[5]</arg>
<doc>Performs a single click on a given element. Used only for buttons, tabs and menu items.</doc>
<status status="PASS" starttime="20240916 04:42:10.370" endtime="20240916 04:42:10.454"/>
</kw>
<kw name="Sleep" library="BuiltIn">
<arg>2</arg>
<doc>Pauses the test executed for the given time.</doc>
<msg timestamp="20240916 04:42:12.454" level="INFO">Slept 2 seconds</msg>
<status status="PASS" starttime="20240916 04:42:10.454" endtime="20240916 04:42:12.454"/>
</kw>
<kw name="Input Text" library="SAP_Tcode_Library">
<arg>wnd[0]/usr/ctxtPARAMETER_INTERNAL-PARNAME</arg>
<arg>${parameters}[${i}]</arg>
<doc>Inserts the given text into the text field identified by locator.
Use keyword `input password` to insert a password in a text field.</doc>
<msg timestamp="20240916 04:42:12.454" level="INFO">Typing text 'ssl/client_sni_enabled' into text field 'wnd[0]/usr/ctxtPARAMETER_INTERNAL-PARNAME'.</msg>
<status status="PASS" starttime="20240916 04:42:12.454" endtime="20240916 04:42:12.454"/>
</kw>
<kw name="Sleep" library="BuiltIn">
<arg>2</arg>
<doc>Pauses the test executed for the given time.</doc>
<msg timestamp="20240916 04:42:14.454" level="INFO">Slept 2 seconds</msg>
<status status="PASS" starttime="20240916 04:42:12.454" endtime="20240916 04:42:14.454"/>
</kw>
<kw name="Input Text" library="SAP_Tcode_Library">
<arg>wnd[0]/usr/sub:SAPLSPF2:0030[0]/txtPARAMETER_INT_VALUES-PVALUE[0,0]</arg>
<arg>${values}[${i}]</arg>
<doc>Inserts the given text into the text field identified by locator.
Use keyword `input password` to insert a password in a text field.</doc>
<msg timestamp="20240916 04:42:14.454" level="INFO">Typing text 'TRUE' into text field 'wnd[0]/usr/sub:SAPLSPF2:0030[0]/txtPARAMETER_INT_VALUES-PVALUE[0,0]'.</msg>
<status status="PASS" starttime="20240916 04:42:14.454" endtime="20240916 04:42:14.454"/>
</kw>
<kw name="Sleep" library="BuiltIn">
<arg>2</arg>
<doc>Pauses the test executed for the given time.</doc>
<msg timestamp="20240916 04:42:16.455" level="INFO">Slept 2 seconds</msg>
<status status="PASS" starttime="20240916 04:42:14.454" endtime="20240916 04:42:16.455"/>
</kw>
<kw name="Click Element" library="SAP_Tcode_Library">
<arg>wnd[0]/tbar[1]/btn[16]</arg>
<doc>Performs a single click on a given element. Used only for buttons, tabs and menu items.</doc>
<status status="PASS" starttime="20240916 04:42:16.455" endtime="20240916 04:42:16.531"/>
</kw>
<kw name="Sleep" library="BuiltIn">
<arg>2</arg>
<doc>Pauses the test executed for the given time.</doc>
<msg timestamp="20240916 04:42:18.532" level="INFO">Slept 2 seconds</msg>
<status status="PASS" starttime="20240916 04:42:16.531" endtime="20240916 04:42:18.532"/>
</kw>
<kw name="Click Element" library="SAP_Tcode_Library">
<arg>wnd[0]/tbar[1]/btn[5]</arg>
<doc>Performs a single click on a given element. Used only for buttons, tabs and menu items.</doc>
<status status="PASS" starttime="20240916 04:42:18.532" endtime="20240916 04:42:18.606"/>
</kw>
<kw name="Sleep" library="BuiltIn">
<arg>2</arg>
<doc>Pauses the test executed for the given time.</doc>
<msg timestamp="20240916 04:42:20.607" level="INFO">Slept 2 seconds</msg>
<status status="PASS" starttime="20240916 04:42:18.606" endtime="20240916 04:42:20.607"/>
</kw>
<kw name="Click Element" library="SAP_Tcode_Library">
<arg>wnd[0]/tbar[0]/btn[3]</arg>
<doc>Performs a single click on a given element. Used only for buttons, tabs and menu items.</doc>
<status status="PASS" starttime="20240916 04:42:20.607" endtime="20240916 04:42:20.698"/>
</kw>
<kw name="Sleep" library="BuiltIn">
<arg>2</arg>
<doc>Pauses the test executed for the given time.</doc>
<msg timestamp="20240916 04:42:22.699" level="INFO">Slept 2 seconds</msg>
<status status="PASS" starttime="20240916 04:42:20.698" endtime="20240916 04:42:22.699"/>
</kw>
<kw name="Manage Window" library="SAP_Tcode_Library">
<arg>wnd[1]</arg>
<arg>Maintain Profile 'DEFAULT' Version</arg>
<arg>wnd[1]/usr/btnKNOPF1</arg>
<status status="PASS" starttime="20240916 04:42:22.699" endtime="20240916 04:42:22.777"/>
</kw>
<kw name="Sleep" library="BuiltIn">
<arg>2</arg>
<doc>Pauses the test executed for the given time.</doc>
<msg timestamp="20240916 04:42:24.777" level="INFO">Slept 2 seconds</msg>
<status status="PASS" starttime="20240916 04:42:22.777" endtime="20240916 04:42:24.777"/>
</kw>
<kw name="Click Element" library="SAP_Tcode_Library">
<arg>wnd[0]/tbar[1]/btn[16]</arg>
<doc>Performs a single click on a given element. Used only for buttons, tabs and menu items.</doc>
<status status="PASS" starttime="20240916 04:42:24.777" endtime="20240916 04:42:24.839"/>
</kw>
<status status="PASS" starttime="20240916 04:42:08.370" endtime="20240916 04:42:24.839"/>
</branch>
<status status="PASS" starttime="20240916 04:42:08.370" endtime="20240916 04:42:24.839"/>
</if>
<status status="PASS" starttime="20240916 04:42:07.761" endtime="20240916 04:42:24.839"/>
</iter>
<iter>
<var name="${i}">4</var>
<kw name="Check Parameter Found" library="SAP_Tcode_Library">
<var>${result}</var>
<arg>wnd[0]/usr</arg>
<arg>${parameters}[${i}]</arg>
<msg timestamp="20240916 04:42:25.504" level="INFO">Search text SETENV_26 not found</msg>
<msg timestamp="20240916 04:42:25.504" level="INFO">${result} = Search text SETENV_26 not found</msg>
<status status="PASS" starttime="20240916 04:42:24.839" endtime="20240916 04:42:25.504"/>
</kw>
<kw name="Log To Console" library="BuiltIn">
<arg>${result}</arg>
<doc>Logs the given message to the console.</doc>
<status status="PASS" starttime="20240916 04:42:25.504" endtime="20240916 04:42:25.504"/>
</kw>
<if>
<branch type="IF" condition="'${result}' == '${parameters}[${i}]'">
<kw name="Get Parameter Value" library="SAP_Tcode_Library">
<arg>wnd[0]/usr</arg>
<arg>${parameters}[${i}]</arg>
<status status="NOT RUN" starttime="20240916 04:42:25.504" endtime="20240916 04:42:25.504"/>
</kw>
<kw name="Get Value" library="SAP_Tcode_Library">
<var>${param_value}</var>
<arg>wnd[0]/usr/sub:SAPLSPF2:0030[0]/txtPARAMETER_INT_VALUES-PVALUE[0,0]</arg>
<doc>Gets the value of the given element. The possible return values depend on the type of element (see Return values).</doc>
<status status="NOT RUN" starttime="20240916 04:42:25.511" endtime="20240916 04:42:25.511"/>
</kw>
<if>
<branch type="IF" condition="'${param_value}' == '${values}[${i}]'">
<kw name="Log To Console" library="BuiltIn">
<arg>${parameters}[${i}] value is ${values}[${i}]</arg>
<doc>Logs the given message to the console.</doc>
<status status="NOT RUN" starttime="20240916 04:42:25.511" endtime="20240916 04:42:25.511"/>
</kw>
<kw name="Click Element" library="SAP_Tcode_Library">
<arg>wnd[0]/tbar[0]/btn[3]</arg>
<doc>Performs a single click on a given element. Used only for buttons, tabs and menu items.</doc>
<status status="NOT RUN" starttime="20240916 04:42:25.511" endtime="20240916 04:42:25.511"/>
</kw>
<kw name="Sleep" library="BuiltIn">
<arg>2</arg>
<doc>Pauses the test executed for the given time.</doc>
<status status="NOT RUN" starttime="20240916 04:42:25.511" endtime="20240916 04:42:25.511"/>
</kw>
<status status="NOT RUN" starttime="20240916 04:42:25.511" endtime="20240916 04:42:25.511"/>
</branch>
<branch type="ELSE">
<kw name="Sleep" library="BuiltIn">
<arg>2</arg>
<doc>Pauses the test executed for the given time.</doc>
<status status="NOT RUN" starttime="20240916 04:42:25.511" endtime="20240916 04:42:25.511"/>
</kw>
<kw name="Input Text" library="SAP_Tcode_Library">
<arg>wnd[0]/usr/sub:SAPLSPF2:0030[0]/txtPARAMETER_INT_VALUES-PVALUE[0,0]</arg>
<arg>${EMPTY}</arg>
<doc>Inserts the given text into the text field identified by locator.
Use keyword `input password` to insert a password in a text field.</doc>
<status status="NOT RUN" starttime="20240916 04:42:25.511" endtime="20240916 04:42:25.511"/>
</kw>
<kw name="Sleep" library="BuiltIn">
<arg>2</arg>
<doc>Pauses the test executed for the given time.</doc>
<status status="NOT RUN" starttime="20240916 04:42:25.511" endtime="20240916 04:42:25.511"/>
</kw>
<kw name="Input Text" library="SAP_Tcode_Library">
<arg>wnd[0]/usr/sub:SAPLSPF2:0030[0]/txtPARAMETER_INT_VALUES-PVALUE[0,0]</arg>
<arg>${values}[${i}]</arg>
<doc>Inserts the given text into the text field identified by locator.
Use keyword `input password` to insert a password in a text field.</doc>
<status status="NOT RUN" starttime="20240916 04:42:25.511" endtime="20240916 04:42:25.511"/>
</kw>
<kw name="Click Element" library="SAP_Tcode_Library">
<arg>wnd[0]/tbar[1]/btn[16]</arg>
<doc>Performs a single click on a given element. Used only for buttons, tabs and menu items.</doc>
<status status="NOT RUN" starttime="20240916 04:42:25.511" endtime="20240916 04:42:25.511"/>
</kw>
<kw name="Sleep" library="BuiltIn">
<arg>2</arg>
<doc>Pauses the test executed for the given time.</doc>
<status status="NOT RUN" starttime="20240916 04:42:25.511" endtime="20240916 04:42:25.511"/>
</kw>
<kw name="Click Element" library="SAP_Tcode_Library">
<arg>wnd[0]/tbar[1]/btn[5]</arg>
<doc>Performs a single click on a given element. Used only for buttons, tabs and menu items.</doc>
<status status="NOT RUN" starttime="20240916 04:42:25.511" endtime="20240916 04:42:25.511"/>
</kw>
<kw name="Sleep" library="BuiltIn">
<arg>2</arg>
<doc>Pauses the test executed for the given time.</doc>
<status status="NOT RUN" starttime="20240916 04:42:25.511" endtime="20240916 04:42:25.511"/>
</kw>
<kw name="Click Element" library="SAP_Tcode_Library">
<arg>wnd[0]/tbar[0]/btn[3]</arg>
<doc>Performs a single click on a given element. Used only for buttons, tabs and menu items.</doc>
<status status="NOT RUN" starttime="20240916 04:42:25.511" endtime="20240916 04:42:25.511"/>
</kw>
<kw name="Click Element" library="SAP_Tcode_Library">
<arg>wnd[0]/tbar[1]/btn[16]</arg>
<doc>Performs a single click on a given element. Used only for buttons, tabs and menu items.</doc>
<status status="NOT RUN" starttime="20240916 04:42:25.511" endtime="20240916 04:42:25.511"/>
</kw>
<status status="NOT RUN" starttime="20240916 04:42:25.511" endtime="20240916 04:42:25.511"/>
</branch>
<status status="NOT RUN" starttime="20240916 04:42:25.511" endtime="20240916 04:42:25.511"/>
</if>
<status status="NOT RUN" starttime="20240916 04:42:25.504" endtime="20240916 04:42:25.511"/>
</branch>
<branch type="ELSE">
<kw name="Sleep" library="BuiltIn">
<arg>2</arg>
<doc>Pauses the test executed for the given time.</doc>
<msg timestamp="20240916 04:42:27.512" level="INFO">Slept 2 seconds</msg>
<status status="PASS" starttime="20240916 04:42:25.511" endtime="20240916 04:42:27.512"/>
</kw>
<kw name="Click Element" library="SAP_Tcode_Library">
<arg>wnd[0]/tbar[1]/btn[5]</arg>
<doc>Performs a single click on a given element. Used only for buttons, tabs and menu items.</doc>
<status status="PASS" starttime="20240916 04:42:27.512" endtime="20240916 04:42:27.607"/>
</kw>
<kw name="Sleep" library="BuiltIn">
<arg>2</arg>
<doc>Pauses the test executed for the given time.</doc>
<msg timestamp="20240916 04:42:29.607" level="INFO">Slept 2 seconds</msg>
<status status="PASS" starttime="20240916 04:42:27.607" endtime="20240916 04:42:29.607"/>
</kw>
<kw name="Input Text" library="SAP_Tcode_Library">
<arg>wnd[0]/usr/ctxtPARAMETER_INTERNAL-PARNAME</arg>
<arg>${parameters}[${i}]</arg>
<doc>Inserts the given text into the text field identified by locator.
Use keyword `input password` to insert a password in a text field.</doc>
<msg timestamp="20240916 04:42:29.607" level="INFO">Typing text 'SETENV_26' into text field 'wnd[0]/usr/ctxtPARAMETER_INTERNAL-PARNAME'.</msg>
<status status="PASS" starttime="20240916 04:42:29.607" endtime="20240916 04:42:29.607"/>
</kw>
<kw name="Sleep" library="BuiltIn">
<arg>2</arg>
<doc>Pauses the test executed for the given time.</doc>
<msg timestamp="20240916 04:42:31.620" level="INFO">Slept 2 seconds</msg>
<status status="PASS" starttime="20240916 04:42:29.607" endtime="20240916 04:42:31.620"/>
</kw>
<kw name="Input Text" library="SAP_Tcode_Library">
<arg>wnd[0]/usr/sub:SAPLSPF2:0030[0]/txtPARAMETER_INT_VALUES-PVALUE[0,0]</arg>
<arg>${values}[${i}]</arg>
<doc>Inserts the given text into the text field identified by locator.
Use keyword `input password` to insert a password in a text field.</doc>
<msg timestamp="20240916 04:42:31.631" level="INFO">Typing text 'SECUDIR=$(DIR_INSTANCE)$(DIR_SEP)sec' into text field 'wnd[0]/usr/sub:SAPLSPF2:0030[0]/txtPARAMETER_INT_VALUES-PVALUE[0,0]'.</msg>
<status status="PASS" starttime="20240916 04:42:31.620" endtime="20240916 04:42:31.631"/>
</kw>
<kw name="Sleep" library="BuiltIn">
<arg>2</arg>
<doc>Pauses the test executed for the given time.</doc>
<msg timestamp="20240916 04:42:33.633" level="INFO">Slept 2 seconds</msg>
<status status="PASS" starttime="20240916 04:42:31.633" endtime="20240916 04:42:33.633"/>
</kw>
<kw name="Click Element" library="SAP_Tcode_Library">
<arg>wnd[0]/tbar[1]/btn[16]</arg>
<doc>Performs a single click on a given element. Used only for buttons, tabs and menu items.</doc>
<status status="PASS" starttime="20240916 04:42:33.633" endtime="20240916 04:42:33.705"/>
</kw>
<kw name="Sleep" library="BuiltIn">
<arg>2</arg>
<doc>Pauses the test executed for the given time.</doc>
<msg timestamp="20240916 04:42:35.705" level="INFO">Slept 2 seconds</msg>
<status status="PASS" starttime="20240916 04:42:33.705" endtime="20240916 04:42:35.705"/>
</kw>
<kw name="Click Element" library="SAP_Tcode_Library">
<arg>wnd[0]/tbar[1]/btn[5]</arg>
<doc>Performs a single click on a given element. Used only for buttons, tabs and menu items.</doc>
<status status="PASS" starttime="20240916 04:42:35.705" endtime="20240916 04:42:35.777"/>
</kw>
<kw name="Sleep" library="BuiltIn">
<arg>2</arg>
<doc>Pauses the test executed for the given time.</doc>
<msg timestamp="20240916 04:42:37.777" level="INFO">Slept 2 seconds</msg>
<status status="PASS" starttime="20240916 04:42:35.777" endtime="20240916 04:42:37.777"/>
</kw>
<kw name="Click Element" library="SAP_Tcode_Library">
<arg>wnd[0]/tbar[0]/btn[3]</arg>
<doc>Performs a single click on a given element. Used only for buttons, tabs and menu items.</doc>
<status status="PASS" starttime="20240916 04:42:37.777" endtime="20240916 04:42:37.873"/>
</kw>
<kw name="Sleep" library="BuiltIn">
<arg>2</arg>
<doc>Pauses the test executed for the given time.</doc>
<msg timestamp="20240916 04:42:39.873" level="INFO">Slept 2 seconds</msg>
<status status="PASS" starttime="20240916 04:42:37.873" endtime="20240916 04:42:39.873"/>
</kw>
<kw name="Manage Window" library="SAP_Tcode_Library">
<arg>wnd[1]</arg>
<arg>Maintain Profile 'DEFAULT' Version</arg>
<arg>wnd[1]/usr/btnKNOPF1</arg>
<status status="PASS" starttime="20240916 04:42:39.873" endtime="20240916 04:42:39.968"/>
</kw>
<kw name="Sleep" library="BuiltIn">
<arg>2</arg>
<doc>Pauses the test executed for the given time.</doc>
<msg timestamp="20240916 04:42:41.969" level="INFO">Slept 2 seconds</msg>
<status status="PASS" starttime="20240916 04:42:39.969" endtime="20240916 04:42:41.969"/>
</kw>
<kw name="Click Element" library="SAP_Tcode_Library">
<arg>wnd[0]/tbar[1]/btn[16]</arg>
<doc>Performs a single click on a given element. Used only for buttons, tabs and menu items.</doc>
<status status="PASS" starttime="20240916 04:42:41.969" endtime="20240916 04:42:42.047"/>
</kw>
<status status="PASS" starttime="20240916 04:42:25.511" endtime="20240916 04:42:42.047"/>
</branch>
<status status="PASS" starttime="20240916 04:42:25.504" endtime="20240916 04:42:42.047"/>
</if>
<status status="PASS" starttime="20240916 04:42:24.839" endtime="20240916 04:42:42.047"/>
</iter>
<iter>
<var name="${i}">5</var>
<kw name="Check Parameter Found" library="SAP_Tcode_Library">
<var>${result}</var>
<arg>wnd[0]/usr</arg>
<arg>${parameters}[${i}]</arg>
<msg timestamp="20240916 04:42:42.730" level="INFO">Search text SETENV_27 not found</msg>
<msg timestamp="20240916 04:42:42.730" level="INFO">${result} = Search text SETENV_27 not found</msg>
<status status="PASS" starttime="20240916 04:42:42.047" endtime="20240916 04:42:42.730"/>
</kw>
<kw name="Log To Console" library="BuiltIn">
<arg>${result}</arg>
<doc>Logs the given message to the console.</doc>
<status status="PASS" starttime="20240916 04:42:42.730" endtime="20240916 04:42:42.730"/>
</kw>
<if>
<branch type="IF" condition="'${result}' == '${parameters}[${i}]'">
<kw name="Get Parameter Value" library="SAP_Tcode_Library">
<arg>wnd[0]/usr</arg>
<arg>${parameters}[${i}]</arg>
<status status="NOT RUN" starttime="20240916 04:42:42.730" endtime="20240916 04:42:42.730"/>
</kw>
<kw name="Get Value" library="SAP_Tcode_Library">
<var>${param_value}</var>
<arg>wnd[0]/usr/sub:SAPLSPF2:0030[0]/txtPARAMETER_INT_VALUES-PVALUE[0,0]</arg>
<doc>Gets the value of the given element. The possible return values depend on the type of element (see Return values).</doc>
<status status="NOT RUN" starttime="20240916 04:42:42.730" endtime="20240916 04:42:42.730"/>
</kw>
<if>
<branch type="IF" condition="'${param_value}' == '${values}[${i}]'">
<kw name="Log To Console" library="BuiltIn">
<arg>${parameters}[${i}] value is ${values}[${i}]</arg>
<doc>Logs the given message to the console.</doc>
<status status="NOT RUN" starttime="20240916 04:42:42.730" endtime="20240916 04:42:42.730"/>
</kw>
<kw name="Click Element" library="SAP_Tcode_Library">
<arg>wnd[0]/tbar[0]/btn[3]</arg>
<doc>Performs a single click on a given element. Used only for buttons, tabs and menu items.</doc>
<status status="NOT RUN" starttime="20240916 04:42:42.730" endtime="20240916 04:42:42.730"/>
</kw>
<kw name="Sleep" library="BuiltIn">
<arg>2</arg>
<doc>Pauses the test executed for the given time.</doc>
<status status="NOT RUN" starttime="20240916 04:42:42.730" endtime="20240916 04:42:42.730"/>
</kw>
<status status="NOT RUN" starttime="20240916 04:42:42.730" endtime="20240916 04:42:42.730"/>
</branch>
<branch type="ELSE">
<kw name="Sleep" library="BuiltIn">
<arg>2</arg>
<doc>Pauses the test executed for the given time.</doc>
<status status="NOT RUN" starttime="20240916 04:42:42.730" endtime="20240916 04:42:42.730"/>
</kw>
<kw name="Input Text" library="SAP_Tcode_Library">
<arg>wnd[0]/usr/sub:SAPLSPF2:0030[0]/txtPARAMETER_INT_VALUES-PVALUE[0,0]</arg>
<arg>${EMPTY}</arg>
<doc>Inserts the given text into the text field identified by locator.
Use keyword `input password` to insert a password in a text field.</doc>
<status status="NOT RUN" starttime="20240916 04:42:42.730" endtime="20240916 04:42:42.730"/>
</kw>
<kw name="Sleep" library="BuiltIn">
<arg>2</arg>
<doc>Pauses the test executed for the given time.</doc>
<status status="NOT RUN" starttime="20240916 04:42:42.730" endtime="20240916 04:42:42.730"/>
</kw>
<kw name="Input Text" library="SAP_Tcode_Library">
<arg>wnd[0]/usr/sub:SAPLSPF2:0030[0]/txtPARAMETER_INT_VALUES-PVALUE[0,0]</arg>
<arg>${values}[${i}]</arg>
<doc>Inserts the given text into the text field identified by locator.
Use keyword `input password` to insert a password in a text field.</doc>
<status status="NOT RUN" starttime="20240916 04:42:42.730" endtime="20240916 04:42:42.730"/>
</kw>
<kw name="Click Element" library="SAP_Tcode_Library">
<arg>wnd[0]/tbar[1]/btn[16]</arg>
<doc>Performs a single click on a given element. Used only for buttons, tabs and menu items.</doc>
<status status="NOT RUN" starttime="20240916 04:42:42.730" endtime="20240916 04:42:42.730"/>
</kw>
<kw name="Sleep" library="BuiltIn">
<arg>2</arg>
<doc>Pauses the test executed for the given time.</doc>
<status status="NOT RUN" starttime="20240916 04:42:42.730" endtime="20240916 04:42:42.730"/>
</kw>
<kw name="Click Element" library="SAP_Tcode_Library">
<arg>wnd[0]/tbar[1]/btn[5]</arg>
<doc>Performs a single click on a given element. Used only for buttons, tabs and menu items.</doc>
<status status="NOT RUN" starttime="20240916 04:42:42.730" endtime="20240916 04:42:42.730"/>
</kw>
<kw name="Sleep" library="BuiltIn">
<arg>2</arg>
<doc>Pauses the test executed for the given time.</doc>
<status status="NOT RUN" starttime="20240916 04:42:42.730" endtime="20240916 04:42:42.730"/>
</kw>
<kw name="Click Element" library="SAP_Tcode_Library">
<arg>wnd[0]/tbar[0]/btn[3]</arg>
<doc>Performs a single click on a given element. Used only for buttons, tabs and menu items.</doc>
<status status="NOT RUN" starttime="20240916 04:42:42.730" endtime="20240916 04:42:42.730"/>
</kw>
<kw name="Click Element" library="SAP_Tcode_Library">
<arg>wnd[0]/tbar[1]/btn[16]</arg>
<doc>Performs a single click on a given element. Used only for buttons, tabs and menu items.</doc>
<status status="NOT RUN" starttime="20240916 04:42:42.730" endtime="20240916 04:42:42.730"/>
</kw>
<status status="NOT RUN" starttime="20240916 04:42:42.730" endtime="20240916 04:42:42.730"/>
</branch>
<status status="NOT RUN" starttime="20240916 04:42:42.730" endtime="20240916 04:42:42.730"/>
</if>
<status status="NOT RUN" starttime="20240916 04:42:42.730" endtime="20240916 04:42:42.730"/>
</branch>
<branch type="ELSE">
<kw name="Sleep" library="BuiltIn">
<arg>2</arg>
<doc>Pauses the test executed for the given time.</doc>
<msg timestamp="20240916 04:42:44.730" level="INFO">Slept 2 seconds</msg>
<status status="PASS" starttime="20240916 04:42:42.730" endtime="20240916 04:42:44.730"/>
</kw>
<kw name="Click Element" library="SAP_Tcode_Library">
<arg>wnd[0]/tbar[1]/btn[5]</arg>
<doc>Performs a single click on a given element. Used only for buttons, tabs and menu items.</doc>
<status status="PASS" starttime="20240916 04:42:44.730" endtime="20240916 04:42:44.824"/>
</kw>
<kw name="Sleep" library="BuiltIn">
<arg>2</arg>
<doc>Pauses the test executed for the given time.</doc>
<msg timestamp="20240916 04:42:46.824" level="INFO">Slept 2 seconds</msg>
<status status="PASS" starttime="20240916 04:42:44.824" endtime="20240916 04:42:46.824"/>
</kw>
<kw name="Input Text" library="SAP_Tcode_Library">
<arg>wnd[0]/usr/ctxtPARAMETER_INTERNAL-PARNAME</arg>
<arg>${parameters}[${i}]</arg>
<doc>Inserts the given text into the text field identified by locator.
Use keyword `input password` to insert a password in a text field.</doc>
<msg timestamp="20240916 04:42:46.824" level="INFO">Typing text 'SETENV_27' into text field 'wnd[0]/usr/ctxtPARAMETER_INTERNAL-PARNAME'.</msg>
[...]
<status status="PASS" starttime="20240916 04:42:52.898" endtime="20240916 04:42:52.967"/>
</kw>
<kw name="Sleep" library="BuiltIn">
<arg>2</arg>
<doc>Pauses the test executed for the given time.</doc>
<msg timestamp="20240916 04:42:54.968" level="INFO">Slept 2 seconds</msg>
<status status="PASS" starttime="20240916 04:42:52.967" endtime="20240916 04:42:54.968"/>
</kw>
<kw name="Click Element" library="SAP_Tcode_Library">
<arg>wnd[0]/tbar[0]/btn[3]</arg>
<doc>Performs a single click on a given element. Used only for buttons, tabs and menu items.</doc>
<status status="PASS" starttime="20240916 04:42:54.968" endtime="20240916 04:42:55.045"/>
</kw>
<kw name="Sleep" library="BuiltIn">
<arg>2</arg>
<doc>Pauses the test executed for the given time.</doc>
<msg timestamp="20240916 04:42:57.046" level="INFO">Slept 2 seconds</msg>
<status status="PASS" starttime="20240916 04:42:55.045" endtime="20240916 04:42:57.046"/>
</kw>
<kw name="Manage Window" library="SAP_Tcode_Library">
<arg>wnd[1]</arg>
<arg>Maintain Profile 'DEFAULT' Version</arg>
<arg>wnd[1]/usr/btnKNOPF1</arg>
<status status="PASS" starttime="20240916 04:42:57.046" endtime="20240916 04:42:57.121"/>
</kw>
<kw name="Sleep" library="BuiltIn">
<arg>2</arg>
<doc>Pauses the test executed for the given time.</doc>
<msg timestamp="20240916 04:42:59.122" level="INFO">Slept 2 seconds</msg>
<status status="PASS" starttime="20240916 04:42:57.121" endtime="20240916 04:42:59.122"/>
</kw>
<kw name="Click Element" library="SAP_Tcode_Library">
<arg>wnd[0]/tbar[1]/btn[16]</arg>
<doc>Performs a single click on a given element. Used only for buttons, tabs and menu items.</doc>
<status status="PASS" starttime="20240916 04:42:59.122" endtime="20240916 04:42:59.184"/>
</kw>
<status status="PASS" starttime="20240916 04:42:42.730" endtime="20240916 04:42:59.184"/>
</branch>
<status status="PASS" starttime="20240916 04:42:42.730" endtime="20240916 04:42:59.184"/>
</if>
<status status="PASS" starttime="20240916 04:42:42.047" endtime="20240916 04:42:59.184"/>
</iter>
<iter>
<var name="${i}">6</var>
<kw name="Check Parameter Found" library="SAP_Tcode_Library">
<var>${result}</var>
<arg>wnd[0]/usr</arg>
<arg>${parameters}[${i}]</arg>
<msg timestamp="20240916 04:42:59.855" level="INFO">Search text SETENV_28 not found</msg>
<msg timestamp="20240916 04:42:59.855" level="INFO">${result} = Search text SETENV_28 not found</msg>
<status status="PASS" starttime="20240916 04:42:59.184" endtime="20240916 04:42:59.855"/>
</kw>
<kw name="Log To Console" library="BuiltIn">
<arg>${result}</arg>
<doc>Logs the given message to the console.</doc>
<status status="PASS" starttime="20240916 04:42:59.855" endtime="20240916 04:42:59.855"/>
</kw>
<if>
<branch type="IF" condition="'${result}' == '${parameters}[${i}]'">
<kw name="Get Parameter Value" library="SAP_Tcode_Library">
<arg>wnd[0]/usr</arg>
<arg>${parameters}[${i}]</arg>
<status status="NOT RUN" starttime="20240916 04:42:59.865" endtime="20240916 04:42:59.865"/>
</kw>
<kw name="Get Value" library="SAP_Tcode_Library">
<var>${param_value}</var>
<arg>wnd[0]/usr/sub:SAPLSPF2:0030[0]/txtPARAMETER_INT_VALUES-PVALUE[0,0]</arg>
<doc>Gets the value of the given element. The possible return values depend on the type of element (see Return values).</doc>
<status status="NOT RUN" starttime="20240916 04:42:59.865" endtime="20240916 04:42:59.865"/>
</kw>
<if>
<branch type="IF" condition="'${param_value}' == '${values}[${i}]'">
<kw name="Log To Console" library="BuiltIn">
<arg>${parameters}[${i}] value is ${values}[${i}]</arg>
<doc>Logs the given message to the console.</doc>
<status status="NOT RUN" starttime="20240916 04:42:59.865" endtime="20240916 04:42:59.865"/>
</kw>
<kw name="Click Element" library="SAP_Tcode_Library">
<arg>wnd[0]/tbar[0]/btn[3]</arg>
<doc>Performs a single click on a given element. Used only for buttons, tabs and menu items.</doc>
<status status="NOT RUN" starttime="20240916 04:42:59.865" endtime="20240916 04:42:59.865"/>
</kw>
<kw name="Sleep" library="BuiltIn">
<arg>2</arg>
<doc>Pauses the test executed for the given time.</doc>
<status status="NOT RUN" starttime="20240916 04:42:59.865" endtime="20240916 04:42:59.865"/>
</kw>
<status status="NOT RUN" starttime="20240916 04:42:59.865" endtime="20240916 04:42:59.865"/>
</branch>
<branch type="ELSE">
<kw name="Sleep" library="BuiltIn">
<arg>2</arg>
<doc>Pauses the test executed for the given time.</doc>
<status status="NOT RUN" starttime="20240916 04:42:59.865" endtime="20240916 04:42:59.865"/>
</kw>
<kw name="Input Text" library="SAP_Tcode_Library">
<arg>wnd[0]/usr/sub:SAPLSPF2:0030[0]/txtPARAMETER_INT_VALUES-PVALUE[0,0]</arg>
<arg>${EMPTY}</arg>
<doc>Inserts the given text into the text field identified by locator.
Use keyword `input password` to insert a password in a text field.</doc>
<status status="NOT RUN" starttime="20240916 04:42:59.865" endtime="20240916 04:42:59.865"/>
</kw>
<kw name="Sleep" library="BuiltIn">
<arg>2</arg>
<doc>Pauses the test executed for the given time.</doc>
<status status="NOT RUN" starttime="20240916 04:42:59.865" endtime="20240916 04:42:59.865"/>
</kw>
<kw name="Input Text" library="SAP_Tcode_Library">
<arg>wnd[0]/usr/sub:SAPLSPF2:0030[0]/txtPARAMETER_INT_VALUES-PVALUE[0,0]</arg>
<arg>${values}[${i}]</arg>
<doc>Inserts the given text into the text field identified by locator.
Use keyword `input password` to insert a password in a text field.</doc>
<status status="NOT RUN" starttime="20240916 04:42:59.865" endtime="20240916 04:42:59.865"/>
</kw>
<kw name="Click Element" library="SAP_Tcode_Library">
<arg>wnd[0]/tbar[1]/btn[16]</arg>
<doc>Performs a single click on a given element. Used only for buttons, tabs and menu items.</doc>
<status status="NOT RUN" starttime="20240916 04:42:59.865" endtime="20240916 04:42:59.865"/>
</kw>
<kw name="Sleep" library="BuiltIn">
<arg>2</arg>
<doc>Pauses the test executed for the given time.</doc>
<status status="NOT RUN" starttime="20240916 04:42:59.865" endtime="20240916 04:42:59.865"/>
</kw>
<kw name="Click Element" library="SAP_Tcode_Library">
<arg>wnd[0]/tbar[1]/btn[5]</arg>
<doc>Performs a single click on a given element. Used only for buttons, tabs and menu items.</doc>
<status status="NOT RUN" starttime="20240916 04:42:59.865" endtime="20240916 04:42:59.865"/>
</kw>
<kw name="Sleep" library="BuiltIn">
<arg>2</arg>
<doc>Pauses the test executed for the given time.</doc>
<status status="NOT RUN" starttime="20240916 04:42:59.865" endtime="20240916 04:42:59.865"/>
</kw>
<kw name="Click Element" library="SAP_Tcode_Library">
<arg>wnd[0]/tbar[0]/btn[3]</arg>
<doc>Performs a single click on a given element. Used only for buttons, tabs and menu items.</doc>
<status status="NOT RUN" starttime="20240916 04:42:59.865" endtime="20240916 04:42:59.865"/>
</kw>
<kw name="Click Element" library="SAP_Tcode_Library">
<arg>wnd[0]/tbar[1]/btn[16]</arg>
<doc>Performs a single click on a given element. Used only for buttons, tabs and menu items.</doc>
<status status="NOT RUN" starttime="20240916 04:42:59.865" endtime="20240916 04:42:59.865"/>
</kw>
<status status="NOT RUN" starttime="20240916 04:42:59.865" endtime="20240916 04:42:59.865"/>
</branch>
<status status="NOT RUN" starttime="20240916 04:42:59.865" endtime="20240916 04:42:59.865"/>
</if>
<status status="NOT RUN" starttime="20240916 04:42:59.865" endtime="20240916 04:42:59.865"/>
</branch>
<branch type="ELSE">
<kw name="Sleep" library="BuiltIn">
<arg>2</arg>
<doc>Pauses the test executed for the given time.</doc>
<msg timestamp="20240916 04:43:01.866" level="INFO">Slept 2 seconds</msg>
<status status="PASS" starttime="20240916 04:42:59.865" endtime="20240916 04:43:01.866"/>
</kw>
<kw name="Click Element" library="SAP_Tcode_Library">
<arg>wnd[0]/tbar[1]/btn[5]</arg>
<doc>Performs a single click on a given element. Used only for buttons, tabs and menu items.</doc>
<status status="PASS" starttime="20240916 04:43:01.866" endtime="20240916 04:43:01.960"/>
</kw>
<kw name="Sleep" library="BuiltIn">
<arg>2</arg>
<doc>Pauses the test executed for the given time.</doc>
<msg timestamp="20240916 04:43:03.960" level="INFO">Slept 2 seconds</msg>
<status status="PASS" starttime="20240916 04:43:01.960" endtime="20240916 04:43:03.960"/>
</kw>
<kw name="Input Text" library="SAP_Tcode_Library">
<arg>wnd[0]/usr/ctxtPARAMETER_INTERNAL-PARNAME</arg>
<arg>${parameters}[${i}]</arg>
<doc>Inserts the given text into the text field identified by locator.
Use keyword `input password` to insert a password in a text field.</doc>
<msg timestamp="20240916 04:43:03.964" level="INFO">Typing text 'SETENV_28' into text field 'wnd[0]/usr/ctxtPARAMETER_INTERNAL-PARNAME'.</msg>
<status status="PASS" starttime="20240916 04:43:03.960" endtime="20240916 04:43:03.964"/>
</kw>
<kw name="Sleep" library="BuiltIn">
<arg>2</arg>
<doc>Pauses the test executed for the given time.</doc>
<msg timestamp="20240916 04:43:05.965" level="INFO">Slept 2 seconds</msg>
<status status="PASS" starttime="20240916 04:43:03.964" endtime="20240916 04:43:05.965"/>
</kw>
<kw name="Input Text" library="SAP_Tcode_Library">
<arg>wnd[0]/usr/sub:SAPLSPF2:0030[0]/txtPARAMETER_INT_VALUES-PVALUE[0,0]</arg>
<arg>${values}[${i}]</arg>
<doc>Inserts the given text into the text field identified by locator.
Use keyword `input password` to insert a password in a text field.</doc>
<msg timestamp="20240916 04:43:05.965" level="INFO">Typing text 'SAPSSL_CLIENT_SNI_ENABLED=TRUE' into text field 'wnd[0]/usr/sub:SAPLSPF2:0030[0]/txtPARAMETER_INT_VALUES-PVALUE[0,0]'.</msg>
<status status="PASS" starttime="20240916 04:43:05.965" endtime="20240916 04:43:05.965"/>
</kw>
<kw name="Sleep" library="BuiltIn">
<arg>2</arg>
<doc>Pauses the test executed for the given time.</doc>
<msg timestamp="20240916 04:43:07.965" level="INFO">Slept 2 seconds</msg>
<status status="PASS" starttime="20240916 04:43:05.965" endtime="20240916 04:43:07.965"/>
</kw>
<kw name="Click Element" library="SAP_Tcode_Library">
<arg>wnd[0]/tbar[1]/btn[16]</arg>
<doc>Performs a single click on a given element. Used only for buttons, tabs and menu items.</doc>
<status status="PASS" starttime="20240916 04:43:07.965" endtime="20240916 04:43:08.035"/>
</kw>
<kw name="Sleep" library="BuiltIn">
<arg>2</arg>
<doc>Pauses the test executed for the given time.</doc>
<msg timestamp="20240916 04:43:10.035" level="INFO">Slept 2 seconds</msg>
<status status="PASS" starttime="20240916 04:43:08.035" endtime="20240916 04:43:10.035"/>
</kw>
<kw name="Click Element" library="SAP_Tcode_Library">
<arg>wnd[0]/tbar[1]/btn[5]</arg>
<doc>Performs a single click on a given element. Used only for buttons, tabs and menu items.</doc>
<status status="PASS" starttime="20240916 04:43:10.035" endtime="20240916 04:43:10.105"/>
</kw>
<kw name="Sleep" library="BuiltIn">
<arg>2</arg>
<doc>Pauses the test executed for the given time.</doc>
<msg timestamp="20240916 04:43:12.105" level="INFO">Slept 2 seconds</msg>
<status status="PASS" starttime="20240916 04:43:10.105" endtime="20240916 04:43:12.105"/>
</kw>
<kw name="Click Element" library="SAP_Tcode_Library">
<arg>wnd[0]/tbar[0]/btn[3]</arg>
<doc>Performs a single click on a given element. Used only for buttons, tabs and menu items.</doc>
<status status="PASS" starttime="20240916 04:43:12.105" endtime="20240916 04:43:12.183"/>
</kw>
<kw name="Sleep" library="BuiltIn">
<arg>2</arg>
<doc>Pauses the test executed for the given time.</doc>
<msg timestamp="20240916 04:43:14.199" level="INFO">Slept 2 seconds</msg>
<status status="PASS" starttime="20240916 04:43:12.183" endtime="20240916 04:43:14.199"/>
</kw>
<kw name="Manage Window" library="SAP_Tcode_Library">
<arg>wnd[1]</arg>
<arg>Maintain Profile 'DEFAULT' Version</arg>
<arg>wnd[1]/usr/btnKNOPF1</arg>
<status status="PASS" starttime="20240916 04:43:14.199" endtime="20240916 04:43:14.283"/>
</kw>
<kw name="Sleep" library="BuiltIn">
<arg>2</arg>
<doc>Pauses the test executed for the given time.</doc>
<msg timestamp="20240916 04:43:16.284" level="INFO">Slept 2 seconds</msg>
<status status="PASS" starttime="20240916 04:43:14.283" endtime="20240916 04:43:16.284"/>
</kw>
<kw name="Click Element" library="SAP_Tcode_Library">
<arg>wnd[0]/tbar[1]/btn[16]</arg>
<doc>Performs a single click on a given element. Used only for buttons, tabs and menu items.</doc>
<status status="PASS" starttime="20240916 04:43:16.284" endtime="20240916 04:43:16.355"/>
</kw>
<status status="PASS" starttime="20240916 04:42:59.865" endtime="20240916 04:43:16.355"/>
</branch>
<status status="PASS" starttime="20240916 04:42:59.865" endtime="20240916 04:43:16.355"/>
</if>
<status status="PASS" starttime="20240916 04:42:59.184" endtime="20240916 04:43:16.355"/>
</iter>
<status status="PASS" starttime="20240916 04:41:16.456" endtime="20240916 04:43:16.355"/>
</for>
<kw name="Sleep" library="BuiltIn">
<arg>2</arg>
<doc>Pauses the test executed for the given time.</doc>
<msg timestamp="20240916 04:43:18.356" level="INFO">Slept 2 seconds</msg>
<status status="PASS" starttime="20240916 04:43:16.355" endtime="20240916 04:43:18.356"/>
</kw>
<kw name="Click Element" library="SAP_Tcode_Library">
<arg>wnd[0]/tbar[0]/btn[3]</arg>
<doc>Performs a single click on a given element. Used only for buttons, tabs and menu items.</doc>
<status status="PASS" starttime="20240916 04:43:18.356" endtime="20240916 04:43:18.454"/>
</kw>
<kw name="Sleep" library="BuiltIn">
<arg>2</arg>
<doc>Pauses the test executed for the given time.</doc>
<msg timestamp="20240916 04:43:20.455" level="INFO">Slept 2 seconds</msg>
<status status="PASS" starttime="20240916 04:43:18.454" endtime="20240916 04:43:20.455"/>
</kw>
<kw name="Click Element" library="SAP_Tcode_Library">
<arg>wnd[0]/tbar[0]/btn[11]</arg>
<doc>Performs a single click on a given element. Used only for buttons, tabs and menu items.</doc>
<status status="PASS" starttime="20240916 04:43:20.455" endtime="20240916 04:43:20.549"/>
</kw>
<kw name="Sleep" library="BuiltIn">
<arg>2</arg>
<doc>Pauses the test executed for the given time.</doc>
<msg timestamp="20240916 04:43:22.550" level="INFO">Slept 2 seconds</msg>
<status status="PASS" starttime="20240916 04:43:20.549" endtime="20240916 04:43:22.550"/>
</kw>
<kw name="Click Element" library="SAP_Tcode_Library">
<arg>wnd[1]/usr/btnSPOP-OPTION1</arg>
<doc>Performs a single click on a given element. Used only for buttons, tabs and menu items.</doc>
<status status="PASS" starttime="20240916 04:43:22.550" endtime="20240916 04:43:22.637"/>
</kw>
<kw name="Sleep" library="BuiltIn">
<arg>2</arg>
<doc>Pauses the test executed for the given time.</doc>
<msg timestamp="20240916 04:43:24.637" level="INFO">Slept 2 seconds</msg>
<status status="PASS" starttime="20240916 04:43:22.637" endtime="20240916 04:43:24.637"/>
</kw>
<kw name="Window Handling" library="SAP_Tcode_Library">
<arg>wnd[1]</arg>
<arg>Information</arg>
<arg>wnd[1]/tbar[0]/btn[0]</arg>
<msg timestamp="20240916 04:43:24.637" level="INFO">Error: (-2147352567, 'Exception occurred.', (619, 'SAP Frontend Server', 'The control could not be found by id.', 'C:\\Program Files (x86)\\SAP\\FrontEnd\\SAPGUI\\sapfront.HLP', 393215, 0), None)</msg>
<status status="PASS" starttime="20240916 04:43:24.637" endtime="20240916 04:43:24.637"/>
</kw>
<kw name="Sleep" library="BuiltIn">
<arg>2</arg>
<doc>Pauses the test executed for the given time.</doc>
<msg timestamp="20240916 04:43:26.637" level="INFO">Slept 2 seconds</msg>
<status status="PASS" starttime="20240916 04:43:24.637" endtime="20240916 04:43:26.637"/>
</kw>
<kw name="Window Handling" library="SAP_Tcode_Library">
<arg>wnd[1]</arg>
<arg>Note</arg>
<arg>wnd[1]/tbar[0]/btn[0]</arg>
<msg timestamp="20240916 04:43:26.637" level="INFO">Error: (-2147352567, 'Exception occurred.', (619, 'SAP Frontend Server', 'The control could not be found by id.', 'C:\\Program Files (x86)\\SAP\\FrontEnd\\SAPGUI\\sapfront.HLP', 393215, 0), None)</msg>
<status status="PASS" starttime="20240916 04:43:26.637" endtime="20240916 04:43:26.637"/>
</kw>
<kw name="Sleep" library="BuiltIn">
<arg>2</arg>
<doc>Pauses the test executed for the given time.</doc>
<msg timestamp="20240916 04:43:28.638" level="INFO">Slept 2 seconds</msg>
<status status="PASS" starttime="20240916 04:43:26.637" endtime="20240916 04:43:28.638"/>
</kw>
<kw name="Log To Console" library="BuiltIn">
<arg>**gbStart**copilot_status1**splitKeyValue**System ${symvar('ABAP_Connection')} client ${symvar('ABAP_CLIENT')} -- Profile Parameter values are added successfully**gbEnd**</arg>
<doc>Logs the given message to the console.</doc>
<msg timestamp="20240916 04:43:28.638" level="INFO">Sym.Dev.ABAP_Connection: RBT</msg>
<msg timestamp="20240916 04:43:28.638" level="INFO">Sym.Dev.ABAP_CLIENT: 001</msg>
<status status="PASS" starttime="20240916 04:43:28.638" endtime="20240916 04:43:28.638"/>
</kw>
<status status="PASS" starttime="20240916 04:41:15.857" endtime="20240916 04:43:28.638"/>
</kw>
<tag>verifyparam</tag>
<status status="PASS" starttime="20240916 04:41:15.857" endtime="20240916 04:43:28.638"/>
</test>
<kw name="System Logout" library="Verify_parameter_values" type="TEARDOWN">
<kw name="Run Transaction" library="SAP_Tcode_Library">
<arg>/nex</arg>
<doc>Runs a Sap transaction. An error is given when an unknown transaction is specified.</doc>
<status status="PASS" starttime="20240916 04:43:28.638" endtime="20240916 04:43:28.669"/>
</kw>
<status status="PASS" starttime="20240916 04:43:28.638" endtime="20240916 04:43:28.669"/>
</kw>
<status status="PASS" starttime="20240916 04:41:14.075" endtime="20240916 04:43:28.669"/>
</suite>
<doc>Testing functionality through Robot Framework</doc>
<meta name="environment">Dev</meta>
<meta name="test_browser_name">chrome</meta>
<meta name="test_browser_version">128.0.6613.138</meta>
<meta name="test_driver_version">128.0.6613.119 </meta>
<meta name="test_environment">Dev</meta>
<meta name="test_freeze_dependencies">astroid==3.2.3,attrs==23.2.0,beautifulsoup4==4.12.3,bs4==0.0.2,certifi==2024.7.4,cffi==1.16.0,chardet==5.2.0,charset-normalizer==3.3.2,click==8.1.7,colorama==0.4.6,cryptography==42.0.8,defusedxml==0.7.1,dill==0.3.8,docutils==0.21.2,et-xmlfile==1.1.0,ExcelLib==0.0.1b2,exceptiongroup==1.2.2,gitdb==4.0.11,GitPython==3.1.43,h11==0.14.0,idna==3.7,isort==5.13.2,Jinja2==3.1.4,jira==3.8.0,jsonpath-ng==1.6.1,jsonschema==4.23.0,jsonschema-specifications==2023.12.1,lazy-object-proxy==1.10.0,lxml==5.2.2,markdown-it-py==3.0.0,MarkupSafe==2.1.5,mccabe==0.7.0,mdurl==0.1.2,natsort==8.4.0,numpy==2.0.0,oauthlib==3.2.2,openpyxl==3.1.5,outcome==1.3.0.post0,packaging==24.1,pandas==2.2.2,pathspec==0.11.2,pillow==10.4.0,pip==24.1.2,platformdirs==4.2.2,ply==3.11,pycparser==2.22,Pygments==2.18.0,pylint==3.2.5,PySocks==1.7.1,python-dateutil==2.9.0.post0,pytz==2024.1,pywin32==306,PyYAML==6.0.1,referencing==0.35.1,requests==2.32.3,requests-oauthlib==2.0.0,requests-toolbelt==1.0.0,rich==13.7.1,rich-click==1.6.1,robotframework==6.0.2,robotframework-datadriver==1.9.0,robotframework-excellib==2.0.1,robotframework-jsonlibrary==0.5,robotframework-pabot==2.16.0,robotframework-pythonlibcore==4.2.0,robotframework-requests==0.9.2,robotframework-sapguilibrary==1.1,robotframework-seleniumlibrary==5.1.3,robotframework-stacktrace==0.4.1,robotframework-tidy==4.5.0,rpds-py==0.19.0,selenium==4.9.1,setuptools==71.0.2,six==1.16.0,smmap==5.0.1,sniffio==1.3.1,sortedcontainers==2.4.0,soupsieve==2.5,tomli==2.0.1,tomlkit==0.13.0,trio==0.26.0,trio-websocket==0.11.1,typing_extensions==4.12.2,tzdata==2024.1,urllib3==2.2.2,wheel==0.43.0,wrapt==1.16.0,wsproto==1.2.0,xlrd==2.0.1,XlsxWriter==3.2.0</meta>
<status status="PASS" starttime="20240916 04:41:10.338" endtime="20240916 04:43:28.738"/>
</suite>
<statistics>
<total>
<stat pass="1" fail="0" skip="0">All Tests</stat>
</total>
<tag>
<stat pass="1" fail="0" skip="0">verifyparam</stat>
</tag>
<suite>
<stat pass="1" fail="0" skip="0" id="s1" name="Tests">Tests</stat>
<stat pass="1" fail="0" skip="0" id="s1-s1" name="Test Verify parameter values">Tests.Test Verify parameter values</stat>
</suite>
</statistics>
<errors>
</errors>
</robot>
