<?xml version="1.0" encoding="UTF-8"?>
<robot generator="Robot 6.0.2 (Python 3.12.3 on win32)" generated="20240517 09:46:40.014" rpa="false" schemaversion="3">
<suite id="s1" name="Tests" source="D:\RobotFramework\SAPtesting\Tests">
<kw name="Setup highest level suite" type="SETUP">
<kw name="Set Variable" library="BuiltIn">
<var>${d.test_server}</var>
<arg>${test_server}</arg>
<doc>Returns the given values which can then be assigned to a variables.</doc>
<msg timestamp="20240517 09:46:40.745" level="INFO">${d.test_server} = Dev</msg>
<status status="PASS" starttime="20240517 09:46:40.745" endtime="20240517 09:46:40.745"/>
</kw>
<kw name="Reset screenshot count variable" library="Support">
<kw name="Set Variable" library="BuiltIn">
<var>${screenshotCount}</var>
<arg>${PABOTQUEUEINDEX}_1</arg>
<doc>Returns the given values which can then be assigned to a variables.</doc>
<msg timestamp="20240517 09:46:40.746" level="INFO">${screenshotCount} = 0_1</msg>
<status status="PASS" starttime="20240517 09:46:40.746" endtime="20240517 09:46:40.746"/>
</kw>
<kw name="Set Global Variable" library="BuiltIn">
<arg>${screenshotCount}</arg>
<doc>Makes a variable available globally in all tests and suites.</doc>
<msg timestamp="20240517 09:46:40.747" level="INFO">${screenshotCount} = 0_1</msg>
<status status="PASS" starttime="20240517 09:46:40.746" endtime="20240517 09:46:40.747"/>
</kw>
<kw name="Set up screenshot directory" library="Support">
<kw name="Create Directory" library="OperatingSystem">
<arg>${OUTPUTDIR}${/}${wvar('screenshot_dir')}</arg>
<doc>Creates the specified directory.</doc>
<msg timestamp="20240517 09:46:40.748" level="INFO">Web.Dev.screenshot_dir: Screenshot</msg>
<msg timestamp="20240517 09:46:40.750" level="INFO" html="true">Created directory '&lt;a href="file://D:\RobotFramework\SAPtesting\Output\pabot_results\0\Screenshot"&gt;D:\RobotFramework\SAPtesting\Output\pabot_results\0\Screenshot&lt;/a&gt;'.</msg>
<status status="PASS" starttime="20240517 09:46:40.747" endtime="20240517 09:46:40.750"/>
</kw>
<status status="PASS" starttime="20240517 09:46:40.747" endtime="20240517 09:46:40.750"/>
</kw>
<status status="PASS" starttime="20240517 09:46:40.745" endtime="20240517 09:46:40.750"/>
</kw>
<kw name="Set Global Variable" library="BuiltIn">
<arg>${screenshot_taking}</arg>
<arg>${True}</arg>
<doc>Makes a variable available globally in all tests and suites.</doc>
<msg timestamp="20240517 09:46:40.751" level="INFO">${screenshot_taking} = True</msg>
<status status="PASS" starttime="20240517 09:46:40.751" endtime="20240517 09:46:40.751"/>
</kw>
<kw name="Setup linux execution" library="Support">
<kw name="Run Keyword And Return Status" library="BuiltIn">
<var>${web_test_check}</var>
<arg>Variable Should Exist</arg>
<arg>${web_test}</arg>
<doc>Runs the given keyword with given arguments and returns the status as a Boolean value.</doc>
<kw name="Variable Should Exist" library="BuiltIn">
<arg>${web_test}</arg>
<doc>Fails unless the given variable exists within the current scope.</doc>
<status status="PASS" starttime="20240517 09:46:40.752" endtime="20240517 09:46:40.752"/>
</kw>
<msg timestamp="20240517 09:46:40.752" level="INFO">${web_test_check} = True</msg>
<status status="PASS" starttime="20240517 09:46:40.751" endtime="20240517 09:46:40.753"/>
</kw>
<kw name="Run Keyword If" library="BuiltIn">
<arg>${web_test_check}</arg>
<arg>Setup Docker Execution Options</arg>
<doc>Runs the given keyword with the given arguments, if ``condition`` is true.</doc>
<kw name="Setup Docker Execution Options" library="Support_Web">
<kw name="Setup Suite Metadata" library="Support_Web">
<arg>${browser}</arg>
<kw name="Get Browser Metadata" library="BrowserSupport">
<var>&amp;{browser_information}</var>
<arg>browser=${browser}</arg>
<doc>Fetches browser metadata information
:param browser: Name of the browser for which information is fetched
:param reload: Re-read the metadata based on the browser
:return: Browser metadata information, dict of format
            {"browser_version": browser version value,
             "driver_version": driver version value}</doc>
<msg timestamp="20240517 09:46:44.791" level="INFO">&amp;{browser_information} = { browser_version=124.0.6367.119 | driver_version=124.0.6367.207  }</msg>
<status status="PASS" starttime="20240517 09:46:40.753" endtime="20240517 09:46:44.791"/>
</kw>
<kw name="Set Suite Metadata" library="BuiltIn">
<arg>test_browser_name</arg>
<arg>${browser}</arg>
<doc>Sets metadata for the current test suite.</doc>
<msg timestamp="20240517 09:46:44.792" level="INFO">Set suite metadata 'test_browser_name' to value 'chrome'.</msg>
<status status="PASS" starttime="20240517 09:46:44.791" endtime="20240517 09:46:44.792"/>
</kw>
<kw name="Set Suite Metadata" library="BuiltIn">
<arg>test_browser_version</arg>
<arg>${browser_information.browser_version}</arg>
<doc>Sets metadata for the current test suite.</doc>
<msg timestamp="20240517 09:46:44.793" level="INFO">Set suite metadata 'test_browser_version' to value '124.0.6367.119'.</msg>
<status status="PASS" starttime="20240517 09:46:44.792" endtime="20240517 09:46:44.793"/>
</kw>
<kw name="Set Suite Metadata" library="BuiltIn">
<arg>test_driver_version</arg>
<arg>${browser_information.driver_version}</arg>
<doc>Sets metadata for the current test suite.</doc>
<msg timestamp="20240517 09:46:44.795" level="INFO">Set suite metadata 'test_driver_version' to value '124.0.6367.207 '.</msg>
<status status="PASS" starttime="20240517 09:46:44.794" endtime="20240517 09:46:44.795"/>
</kw>
<status status="PASS" starttime="20240517 09:46:40.753" endtime="20240517 09:46:44.795"/>
</kw>
<kw name="Setup Global Docker Execution Options" library="Support_Web">
<kw name="Set Global Variable" library="BuiltIn">
<arg>${global_browser_options}</arg>
<arg>None</arg>
<doc>Makes a variable available globally in all tests and suites.</doc>
<msg timestamp="20240517 09:46:44.797" level="INFO">${global_browser_options} = None</msg>
<status status="PASS" starttime="20240517 09:46:44.796" endtime="20240517 09:46:44.797"/>
</kw>
<kw name="Get Environment Variable" library="OperatingSystem">
<var>${docker_check}</var>
<arg>EXECUTION_ENVIRONMENT</arg>
<arg>not_found</arg>
<doc>Returns the value of an environment variable with the given name.</doc>
<msg timestamp="20240517 09:46:44.798" level="INFO">${docker_check} = not_found</msg>
<status status="PASS" starttime="20240517 09:46:44.798" endtime="20240517 09:46:44.798"/>
</kw>
<kw name="Run Keyword And Return If" library="BuiltIn">
<arg>"${docker_check}"!="docker"</arg>
<arg>Log</arg>
<arg>Not executing on Docker</arg>
<doc>Runs the specified keyword and returns from the enclosing user keyword.</doc>
<kw name="Log" library="BuiltIn">
<arg>Not executing on Docker</arg>
<doc>Logs the given message with the given level.</doc>
<msg timestamp="20240517 09:46:44.799" level="INFO">Not executing on Docker</msg>
<status status="PASS" starttime="20240517 09:46:44.799" endtime="20240517 09:46:44.799"/>
</kw>
<msg timestamp="20240517 09:46:44.799" level="INFO">Returning from the enclosing user keyword.</msg>
<status status="PASS" starttime="20240517 09:46:44.798" endtime="20240517 09:46:44.799"/>
</kw>
<kw name="Create List" library="BuiltIn">
<var>@{options}</var>
<arg>--headless</arg>
<arg>--no-sandbox</arg>
<arg>--disable-dev-shm-usage</arg>
<doc>Returns a list containing given items.</doc>
<status status="NOT RUN" starttime="20240517 09:46:44.800" endtime="20240517 09:46:44.800"/>
</kw>
<kw name="Set Global Variable" library="BuiltIn">
<arg>@{docker_options}</arg>
<arg>@{options}</arg>
<doc>Makes a variable available globally in all tests and suites.</doc>
<status status="NOT RUN" starttime="20240517 09:46:44.800" endtime="20240517 09:46:44.800"/>
</kw>
<status status="PASS" starttime="20240517 09:46:44.795" endtime="20240517 09:46:44.800"/>
</kw>
<kw name="Create Webdriver for chrome preferences" library="Support_Web">
<kw name="Update Docker Execution Options" library="Support_Web">
<var>${list_prefs}</var>
<arg>${list_prefs}</arg>
<kw name="Run Keyword And Return Status" library="BuiltIn">
<var>${docker_check}</var>
<arg>Variable Should Exist</arg>
<arg>${docker_options}</arg>
<doc>Runs the given keyword with given arguments and returns the status as a Boolean value.</doc>
<kw name="Variable Should Exist" library="BuiltIn">
<arg>${docker_options}</arg>
<doc>Fails unless the given variable exists within the current scope.</doc>
<msg timestamp="20240517 09:46:44.804" level="FAIL">Variable '${docker_options}' does not exist.</msg>
<status status="FAIL" starttime="20240517 09:46:44.802" endtime="20240517 09:46:44.804"/>
</kw>
<msg timestamp="20240517 09:46:44.804" level="INFO">${docker_check} = False</msg>
<status status="PASS" starttime="20240517 09:46:44.802" endtime="20240517 09:46:44.804"/>
</kw>
<kw name="Get Length" library="BuiltIn">
<var>${list_prefs_length}</var>
<arg>${list_prefs}</arg>
<doc>Returns and logs the length of the given item as an integer.</doc>
<msg timestamp="20240517 09:46:44.805" level="INFO">Length is 1</msg>
<msg timestamp="20240517 09:46:44.805" level="INFO">${list_prefs_length} = 1</msg>
<status status="PASS" starttime="20240517 09:46:44.804" endtime="20240517 09:46:44.805"/>
</kw>
<kw name="Run Keyword If" library="BuiltIn">
<var>${list_prefs}</var>
<arg>${docker_check} and ${list_prefs_length}&gt;0 and ${list_prefs}[0] != []</arg>
<arg>Combine Lists</arg>
<arg>${list_prefs}</arg>
<arg>${docker_options}</arg>
<arg>ELSE IF</arg>
<arg>${docker_check}</arg>
<arg>Set Variable</arg>
<arg>${docker_options}</arg>
<arg>ELSE</arg>
<arg>Set Variable</arg>
<arg>${list_prefs}</arg>
<doc>Runs the given keyword with the given arguments, if ``condition`` is true.</doc>
<kw name="Set Variable" library="BuiltIn">
<arg>${list_prefs}</arg>
<doc>Returns the given values which can then be assigned to a variables.</doc>
<status status="PASS" starttime="20240517 09:46:44.805" endtime="20240517 09:46:44.806"/>
</kw>
<msg timestamp="20240517 09:46:44.806" level="INFO">${list_prefs} = [[]]</msg>
<status status="PASS" starttime="20240517 09:46:44.805" endtime="20240517 09:46:44.806"/>
</kw>
<msg timestamp="20240517 09:46:44.806" level="INFO">${list_prefs} = [[]]</msg>
<status status="PASS" starttime="20240517 09:46:44.801" endtime="20240517 09:46:44.806"/>
</kw>
<kw name="Create Chrome Options for download preferences" library="Support_Web">
<var>${chrome_options}</var>
<kw name="Evaluate" library="BuiltIn">
<var>${chrome_options}</var>
<arg>sys.modules['selenium.webdriver'].ChromeOptions()</arg>
<arg>sys</arg>
<doc>Evaluates the given expression in Python and returns the result.</doc>
<msg timestamp="20240517 09:46:44.807" level="INFO">${chrome_options} = &lt;selenium.webdriver.chrome.options.Options object at 0x000002AA5A9B5DC0&gt;</msg>
<status status="PASS" starttime="20240517 09:46:44.807" endtime="20240517 09:46:44.807"/>
</kw>
<msg timestamp="20240517 09:46:44.807" level="INFO">${chrome_options} = &lt;selenium.webdriver.chrome.options.Options object at 0x000002AA5A9B5DC0&gt;</msg>
<status status="PASS" starttime="20240517 09:46:44.806" endtime="20240517 09:46:44.807"/>
</kw>
<kw name="Update Preferences List" library="Support_Web">
<arg>${chrome_options}</arg>
<arg>@{list_prefs}</arg>
<kw name="Convert To String" library="BuiltIn">
<var>${string_prefs}</var>
<arg>${list_prefs}</arg>
<doc>Converts the given item to a Unicode string.</doc>
<msg timestamp="20240517 09:46:44.808" level="INFO">${string_prefs} = [[]]</msg>
<status status="PASS" starttime="20240517 09:46:44.808" endtime="20240517 09:46:44.808"/>
</kw>
<kw name="Return From Keyword If" library="BuiltIn">
<arg>${string_prefs} == [[]]</arg>
<doc>Returns from the enclosing user keyword if ``condition`` is true.</doc>
<msg timestamp="20240517 09:46:44.809" level="INFO">Returning from the enclosing user keyword.</msg>
<status status="PASS" starttime="20240517 09:46:44.808" endtime="20240517 09:46:44.809"/>
</kw>
<for flavor="IN">
<var>${preference}</var>
<value>@{list_prefs}</value>
<iter>
<var name="${preference}"/>
<kw name="Call Method" library="BuiltIn">
<arg>${chrome_options}</arg>
<arg>add_argument</arg>
<arg>${preference}</arg>
<doc>Calls the named method of the given object with the provided arguments.</doc>
<status status="NOT RUN" starttime="20240517 09:46:44.809" endtime="20240517 09:46:44.810"/>
</kw>
<status status="NOT RUN" starttime="20240517 09:46:44.809" endtime="20240517 09:46:44.810"/>
</iter>
<status status="NOT RUN" starttime="20240517 09:46:44.809" endtime="20240517 09:46:44.810"/>
</for>
<status status="PASS" starttime="20240517 09:46:44.807" endtime="20240517 09:46:44.810"/>
</kw>
<kw name="Call Method" library="BuiltIn">
<arg>${chrome_options}</arg>
<arg>add_experimental_option</arg>
<arg>prefs</arg>
<arg>${kw_prefs}</arg>
<doc>Calls the named method of the given object with the provided arguments.</doc>
<status status="PASS" starttime="20240517 09:46:44.810" endtime="20240517 09:46:44.810"/>
</kw>
<kw name="Set Global Variable" library="BuiltIn">
<arg>${global_browser_options}</arg>
<arg>${chrome options}</arg>
<doc>Makes a variable available globally in all tests and suites.</doc>
<msg timestamp="20240517 09:46:44.811" level="INFO">${global_browser_options} = &lt;selenium.webdriver.chrome.options.Options object at 0x000002AA5A9B5DC0&gt;</msg>
<status status="PASS" starttime="20240517 09:46:44.810" endtime="20240517 09:46:44.811"/>
</kw>
<status status="PASS" starttime="20240517 09:46:44.801" endtime="20240517 09:46:44.811"/>
</kw>
<status status="PASS" starttime="20240517 09:46:40.753" endtime="20240517 09:46:44.811"/>
</kw>
<status status="PASS" starttime="20240517 09:46:40.753" endtime="20240517 09:46:44.811"/>
</kw>
<status status="PASS" starttime="20240517 09:46:40.751" endtime="20240517 09:46:44.811"/>
</kw>
<kw name="Set Suite Metadata" library="BuiltIn">
<arg>environment</arg>
<arg>${test_server}</arg>
<doc>Sets metadata for the current test suite.</doc>
<msg timestamp="20240517 09:46:44.812" level="INFO">Set suite metadata 'environment' to value 'Dev'.</msg>
<status status="PASS" starttime="20240517 09:46:44.812" endtime="20240517 09:46:44.812"/>
</kw>
<status status="PASS" starttime="20240517 09:46:40.744" endtime="20240517 09:46:44.812"/>
</kw>
<suite id="s1-s1" name="Test Spampatch" source="D:\RobotFramework\SAPtesting\Tests\Test_Spampatch.robot">
<kw name="System Logon" library="Spampatch" type="SETUP">
<kw name="Start Process" library="Process">
<arg>${symvar('Nike_SAP')}</arg>
<doc>Starts a new process on background.</doc>
<msg timestamp="20240517 09:46:44.920" level="INFO">Sym.Dev.Nike_SAP: C:\Program Files\SAP\FrontEnd\SAPGUI\saplogon.exe</msg>
<msg timestamp="20240517 09:46:44.920" level="INFO">Starting process:
"C:\Program Files\SAP\FrontEnd\SAPGUI\saplogon.exe"</msg>
<status status="PASS" starttime="20240517 09:46:44.919" endtime="20240517 09:46:44.928"/>
</kw>
<kw name="Sleep" library="BuiltIn">
<arg>5</arg>
<doc>Pauses the test executed for the given time.</doc>
<msg timestamp="20240517 09:46:49.930" level="INFO">Slept 5 seconds</msg>
<status status="PASS" starttime="20240517 09:46:44.929" endtime="20240517 09:46:49.930"/>
</kw>
<kw name="Connect To Session" library="CustomSapGuiLibrary">
<doc>Connects to an open session SAP.</doc>
<status status="PASS" starttime="20240517 09:46:49.930" endtime="20240517 09:46:49.943"/>
</kw>
<kw name="Sleep" library="BuiltIn">
<arg>5</arg>
<doc>Pauses the test executed for the given time.</doc>
<msg timestamp="20240517 09:46:54.945" level="INFO">Slept 5 seconds</msg>
<status status="PASS" starttime="20240517 09:46:49.944" endtime="20240517 09:46:54.945"/>
</kw>
<kw name="Open Connection" library="CustomSapGuiLibrary">
<arg>${symvar('Nike_connection')}</arg>
<doc>Opens a connection to the given connection name. Be sure to provide the full connection name, including the bracket part.</doc>
<msg timestamp="20240517 09:46:54.947" level="INFO">Sym.Dev.Nike_connection: CFG</msg>
<status status="PASS" starttime="20240517 09:46:54.946" endtime="20240517 09:46:55.743"/>
</kw>
<kw name="Sleep" library="BuiltIn">
<arg>5</arg>
<doc>Pauses the test executed for the given time.</doc>
<msg timestamp="20240517 09:47:00.744" level="INFO">Slept 5 seconds</msg>
<status status="PASS" starttime="20240517 09:46:55.744" endtime="20240517 09:47:00.744"/>
</kw>
<kw name="Input Text" library="CustomSapGuiLibrary">
<arg>wnd[0]/usr/txtRSYST-MANDT</arg>
<arg>${symvar('CFG_CLIENT')}</arg>
<doc>Inserts the given text into the text field identified by locator.
Use keyword `input password` to insert a password in a text field.</doc>
<msg timestamp="20240517 09:47:00.746" level="INFO">Sym.Dev.CFG_CLIENT: 000</msg>
<msg timestamp="20240517 09:47:00.753" level="INFO">Typing text '000' into text field 'wnd[0]/usr/txtRSYST-MANDT'.</msg>
<status status="PASS" starttime="20240517 09:47:00.744" endtime="20240517 09:47:00.754"/>
</kw>
<kw name="Sleep" library="BuiltIn">
<arg>1</arg>
<doc>Pauses the test executed for the given time.</doc>
<msg timestamp="20240517 09:47:01.754" level="INFO">Slept 1 second</msg>
<status status="PASS" starttime="20240517 09:47:00.754" endtime="20240517 09:47:01.754"/>
</kw>
<kw name="Input Text" library="CustomSapGuiLibrary">
<arg>wnd[0]/usr/txtRSYST-BNAME</arg>
<arg>${symvar('CFG_USER')}</arg>
<doc>Inserts the given text into the text field identified by locator.
Use keyword `input password` to insert a password in a text field.</doc>
<msg timestamp="20240517 09:47:01.756" level="INFO">Sym.Dev.CFG_USER: basisadmin</msg>
<msg timestamp="20240517 09:47:01.772" level="INFO">Typing text 'basisadmin' into text field 'wnd[0]/usr/txtRSYST-BNAME'.</msg>
<status status="PASS" starttime="20240517 09:47:01.754" endtime="20240517 09:47:01.772"/>
</kw>
<kw name="Sleep" library="BuiltIn">
<arg>1</arg>
<doc>Pauses the test executed for the given time.</doc>
<msg timestamp="20240517 09:47:02.773" level="INFO">Slept 1 second</msg>
<status status="PASS" starttime="20240517 09:47:01.772" endtime="20240517 09:47:02.773"/>
</kw>
<kw name="Input Password" library="CustomSapGuiLibrary">
<arg>wnd[0]/usr/pwdRSYST-BCODE</arg>
<arg>%{CFG_PASS}</arg>
<doc>Inserts the given password into the text field identified by locator.
The password is not recorded in the log.</doc>
<msg timestamp="20240517 09:47:02.780" level="INFO">Typing password into text field 'wnd[0]/usr/pwdRSYST-BCODE'.</msg>
<status status="PASS" starttime="20240517 09:47:02.773" endtime="20240517 09:47:02.781"/>
</kw>
<kw name="Sleep" library="BuiltIn">
<arg>2</arg>
<doc>Pauses the test executed for the given time.</doc>
<msg timestamp="20240517 09:47:04.782" level="INFO">Slept 2 seconds</msg>
<status status="PASS" starttime="20240517 09:47:02.781" endtime="20240517 09:47:04.782"/>
</kw>
<kw name="Send Vkey" library="CustomSapGuiLibrary">
<arg>0</arg>
<doc>Sends a SAP virtual key combination to the window, not into an element.
If you want to send a value to a text field, use `input text` instead.</doc>
<status status="PASS" starttime="20240517 09:47:04.782" endtime="20240517 09:47:05.367"/>
</kw>
<kw name="Sleep" library="BuiltIn">
<arg>5</arg>
<doc>Pauses the test executed for the given time.</doc>
<msg timestamp="20240517 09:47:10.369" level="INFO">Slept 5 seconds</msg>
<status status="PASS" starttime="20240517 09:47:05.368" endtime="20240517 09:47:10.369"/>
</kw>
<kw name="Take Screenshot" library="CustomSapGuiLibrary">
<arg>01_loginpage.jpg</arg>
<doc>Takes a screenshot, only if 'screenshots on error' has been enabled,
either at import of with keyword `enable screenshots on error`.</doc>
<msg timestamp="20240517 09:47:10.467" level="INFO" html="true">&lt;a href="01_loginpage.jpg"&gt;&lt;img src="01_loginpage.jpg" width="800px"&gt;&lt;/a&gt;</msg>
<status status="PASS" starttime="20240517 09:47:10.369" endtime="20240517 09:47:10.467"/>
</kw>
<kw name="Multiple Logon Handling" library="CustomSapGuiLibrary">
<arg>wnd[1]</arg>
<arg>wnd[1]/usr/radMULTI_LOGON_OPT2</arg>
<arg>wnd[1]/tbar[0]/btn[0]</arg>
<status status="PASS" starttime="20240517 09:47:10.467" endtime="20240517 09:47:10.468"/>
</kw>
<kw name="Sleep" library="BuiltIn">
<arg>1</arg>
<doc>Pauses the test executed for the given time.</doc>
<msg timestamp="20240517 09:47:11.470" level="INFO">Slept 1 second</msg>
<status status="PASS" starttime="20240517 09:47:10.468" endtime="20240517 09:47:11.470"/>
</kw>
<kw name="Take Screenshot" library="CustomSapGuiLibrary">
<arg>00_multi_logon_handling.jpg</arg>
<doc>Takes a screenshot, only if 'screenshots on error' has been enabled,
either at import of with keyword `enable screenshots on error`.</doc>
<msg timestamp="20240517 09:47:11.527" level="INFO" html="true">&lt;a href="00_multi_logon_handling.jpg"&gt;&lt;img src="00_multi_logon_handling.jpg" width="800px"&gt;&lt;/a&gt;</msg>
<status status="PASS" starttime="20240517 09:47:11.471" endtime="20240517 09:47:11.527"/>
</kw>
<status status="PASS" starttime="20240517 09:46:44.918" endtime="20240517 09:47:11.527"/>
</kw>
<test id="s1-s1-t1" name="Check_Spam_update" line="10">
<kw name="Spam Transaction" library="Spampatch">
<kw name="Run Transaction" library="CustomSapGuiLibrary">
<arg>spam</arg>
<doc>Runs a Sap transaction. An error is given when an unknown transaction is specified.</doc>
<status status="PASS" starttime="20240517 09:47:11.528" endtime="20240517 09:47:12.513"/>
</kw>
<kw name="Sleep" library="BuiltIn">
<arg>5</arg>
<doc>Pauses the test executed for the given time.</doc>
<msg timestamp="20240517 09:47:17.514" level="INFO">Slept 5 seconds</msg>
<status status="PASS" starttime="20240517 09:47:12.514" endtime="20240517 09:47:17.514"/>
</kw>
<kw name="Take Screenshot" library="CustomSapGuiLibrary">
<arg>001_spam.jpg</arg>
<doc>Takes a screenshot, only if 'screenshots on error' has been enabled,
either at import of with keyword `enable screenshots on error`.</doc>
<msg timestamp="20240517 09:47:17.561" level="INFO" html="true">&lt;a href="001_spam.jpg"&gt;&lt;img src="001_spam.jpg" width="800px"&gt;&lt;/a&gt;</msg>
<status status="PASS" starttime="20240517 09:47:17.514" endtime="20240517 09:47:17.561"/>
</kw>
<status status="PASS" starttime="20240517 09:47:11.528" endtime="20240517 09:47:17.561"/>
</kw>
<kw name="Certificate Verification" library="Spampatch">
<kw name="Get Maintenance Certificate Text" library="CustomSapGuiLibrary">
<arg>wnd[0]/sbar/pane[0]</arg>
<msg timestamp="20240517 09:47:17.564" level="INFO">License available to proceed further</msg>
<status status="PASS" starttime="20240517 09:47:17.562" endtime="20240517 09:47:17.564"/>
</kw>
<kw name="Sleep" library="BuiltIn">
<arg>2</arg>
<doc>Pauses the test executed for the given time.</doc>
<msg timestamp="20240517 09:47:19.566" level="INFO">Slept 2 seconds</msg>
<status status="PASS" starttime="20240517 09:47:17.564" endtime="20240517 09:47:19.566"/>
</kw>
<kw name="Take Screenshot" library="CustomSapGuiLibrary">
<arg>002_Certificate.jpg</arg>
<doc>Takes a screenshot, only if 'screenshots on error' has been enabled,
either at import of with keyword `enable screenshots on error`.</doc>
<msg timestamp="20240517 09:47:19.629" level="INFO" html="true">&lt;a href="002_Certificate.jpg"&gt;&lt;img src="002_Certificate.jpg" width="800px"&gt;&lt;/a&gt;</msg>
<status status="PASS" starttime="20240517 09:47:19.566" endtime="20240517 09:47:19.629"/>
</kw>
<status status="PASS" starttime="20240517 09:47:17.561" endtime="20240517 09:47:19.629"/>
</kw>
<kw name="Loading package" library="Spampatch">
<kw name="Click Element" library="CustomSapGuiLibrary">
<arg>wnd[0]/mbar/menu[0]/menu[0]/menu[1]</arg>
<doc>Performs a single click on a given element. Used only for buttons, tabs and menu items.</doc>
<status status="PASS" starttime="20240517 09:47:19.630" endtime="20240517 09:47:19.763"/>
</kw>
<kw name="Sleep" library="BuiltIn">
<arg>2</arg>
<doc>Pauses the test executed for the given time.</doc>
<msg timestamp="20240517 09:47:21.764" level="INFO">Slept 2 seconds</msg>
<status status="PASS" starttime="20240517 09:47:19.763" endtime="20240517 09:47:21.764"/>
</kw>
<kw name="Take Screenshot" library="CustomSapGuiLibrary">
<arg>003_Load_1.jpg</arg>
<doc>Takes a screenshot, only if 'screenshots on error' has been enabled,
either at import of with keyword `enable screenshots on error`.</doc>
<msg timestamp="20240517 09:47:21.830" level="INFO" html="true">&lt;a href="003_Load_1.jpg"&gt;&lt;img src="003_Load_1.jpg" width="800px"&gt;&lt;/a&gt;</msg>
<status status="PASS" starttime="20240517 09:47:21.765" endtime="20240517 09:47:21.830"/>
</kw>
<kw name="Click Element" library="CustomSapGuiLibrary">
<arg>wnd[1]/usr/btnSPOP-OPTION1</arg>
<doc>Performs a single click on a given element. Used only for buttons, tabs and menu items.</doc>
<status status="PASS" starttime="20240517 09:47:21.830" endtime="20240517 09:47:24.036"/>
</kw>
<kw name="Sleep" library="BuiltIn">
<arg>2</arg>
<doc>Pauses the test executed for the given time.</doc>
<msg timestamp="20240517 09:47:26.037" level="INFO">Slept 2 seconds</msg>
<status status="PASS" starttime="20240517 09:47:24.036" endtime="20240517 09:47:26.037"/>
</kw>
<kw name="Take Screenshot" library="CustomSapGuiLibrary">
<arg>004_Load_2.jpg</arg>
<doc>Takes a screenshot, only if 'screenshots on error' has been enabled,
either at import of with keyword `enable screenshots on error`.</doc>
<msg timestamp="20240517 09:47:26.108" level="INFO" html="true">&lt;a href="004_Load_2.jpg"&gt;&lt;img src="004_Load_2.jpg" width="800px"&gt;&lt;/a&gt;</msg>
<status status="PASS" starttime="20240517 09:47:26.037" endtime="20240517 09:47:26.108"/>
</kw>
<kw name="Click Element" library="CustomSapGuiLibrary">
<arg>wnd[0]/tbar[0]/btn[3]</arg>
<doc>Performs a single click on a given element. Used only for buttons, tabs and menu items.</doc>
<status status="PASS" starttime="20240517 09:47:26.108" endtime="20240517 09:47:26.483"/>
</kw>
<kw name="Sleep" library="BuiltIn">
<arg>2</arg>
<doc>Pauses the test executed for the given time.</doc>
<msg timestamp="20240517 09:47:28.483" level="INFO">Slept 2 seconds</msg>
<status status="PASS" starttime="20240517 09:47:26.483" endtime="20240517 09:47:28.483"/>
</kw>
<kw name="Take Screenshot" library="CustomSapGuiLibrary">
<arg>005_Load_3.jpg</arg>
<doc>Takes a screenshot, only if 'screenshots on error' has been enabled,
either at import of with keyword `enable screenshots on error`.</doc>
<msg timestamp="20240517 09:47:28.552" level="INFO" html="true">&lt;a href="005_Load_3.jpg"&gt;&lt;img src="005_Load_3.jpg" width="800px"&gt;&lt;/a&gt;</msg>
<status status="PASS" starttime="20240517 09:47:28.483" endtime="20240517 09:47:28.552"/>
</kw>
<status status="PASS" starttime="20240517 09:47:19.630" endtime="20240517 09:47:28.553"/>
</kw>
<kw name="Display/Define" library="Spampatch">
<kw name="Click Element" library="CustomSapGuiLibrary">
<arg>wnd[0]/usr/btnPAT100-QUEUE</arg>
<doc>Performs a single click on a given element. Used only for buttons, tabs and menu items.</doc>
<status status="PASS" starttime="20240517 09:47:28.553" endtime="20240517 09:47:29.569"/>
</kw>
<kw name="Sleep" library="BuiltIn">
<arg>2</arg>
<doc>Pauses the test executed for the given time.</doc>
<msg timestamp="20240517 09:47:31.571" level="INFO">Slept 2 seconds</msg>
<status status="PASS" starttime="20240517 09:47:29.571" endtime="20240517 09:47:31.571"/>
</kw>
<kw name="Take Screenshot" library="CustomSapGuiLibrary">
<arg>006_Display.jpg</arg>
<doc>Takes a screenshot, only if 'screenshots on error' has been enabled,
either at import of with keyword `enable screenshots on error`.</doc>
<msg timestamp="20240517 09:47:31.619" level="INFO" html="true">&lt;a href="006_Display.jpg"&gt;&lt;img src="006_Display.jpg" width="800px"&gt;&lt;/a&gt;</msg>
<status status="PASS" starttime="20240517 09:47:31.571" endtime="20240517 09:47:31.619"/>
</kw>
<status status="PASS" starttime="20240517 09:47:28.553" endtime="20240517 09:47:31.619"/>
</kw>
<kw name="Spam Component selection" library="Spampatch">
<kw name="Select Spam Based On Text" library="CustomSapGuiLibrary">
<var>${row}</var>
<arg>wnd[1]/usr/cntlCOMP_ONLY_CONTROL/shellcont/shell</arg>
<arg>${symvar('patch_comp')}</arg>
<msg timestamp="20240517 09:47:31.620" level="INFO">Sym.Dev.patch_comp: BNWVS</msg>
<msg timestamp="20240517 09:47:31.634" level="INFO">33
0
SAP_BASIS
not found
1
SAP_ABA
not found
2
SAP_GWFND
not found
3
SAP_UI
not found
4
ST-PI
not found
5
SAP_BW
not found
6
UIBAS001
not found
7
GRCPINW
not found
8
MDG_FND
not found
9
S4FND
not found
10
MDG_APPL
not found
11
S4CEXT
not found
12
S4CORE
not found
13
S4HCM
not found
14
EA-DFPS
not found
15
EA-PS
not found
16
FI-CAX
not found
17
IS-OIL
not found
18
IS-PRA
not found
19
IS-PS-CA
not found
20
IS-UT
not found
21
S4COREOP
not found
22
S4DEPREC
not found
23
GBX01HR5
not found
24
UIAPFI70
not found
25
UIS4HOP1
not found
26
AIFGEN
not found
27
BNWVS
Text Found in ${row}</msg>
<msg timestamp="20240517 09:47:31.635" level="INFO">${row} = 27</msg>
<status status="PASS" starttime="20240517 09:47:31.619" endtime="20240517 09:47:31.635"/>
</kw>
<kw name="Log" library="BuiltIn">
<arg>${row}</arg>
<doc>Logs the given message with the given level.</doc>
<msg timestamp="20240517 09:47:31.635" level="INFO">27</msg>
<status status="PASS" starttime="20240517 09:47:31.635" endtime="20240517 09:47:31.635"/>
</kw>
<kw name="Take Screenshot" library="CustomSapGuiLibrary">
<arg>007_Spam_component1.jpg</arg>
<doc>Takes a screenshot, only if 'screenshots on error' has been enabled,
either at import of with keyword `enable screenshots on error`.</doc>
<msg timestamp="20240517 09:47:31.708" level="INFO" html="true">&lt;a href="007_Spam_component1.jpg"&gt;&lt;img src="007_Spam_component1.jpg" width="800px"&gt;&lt;/a&gt;</msg>
<status status="PASS" starttime="20240517 09:47:31.635" endtime="20240517 09:47:31.708"/>
</kw>
<kw name="Select Table Row" library="CustomSapGuiLibrary">
<arg>wnd[1]/usr/cntlCOMP_ONLY_CONTROL/shellcont/shell</arg>
<arg>${row}</arg>
<doc>Selects an entire row of a table. This can either be a TableControl or a GridView 'table_id'
which is contained within a shell object. The row is an index to select the row, starting from 0.</doc>
<status status="PASS" starttime="20240517 09:47:31.708" endtime="20240517 09:47:31.720"/>
</kw>
<kw name="Sleep" library="BuiltIn">
<arg>2</arg>
<doc>Pauses the test executed for the given time.</doc>
<msg timestamp="20240517 09:47:33.722" level="INFO">Slept 2 seconds</msg>
<status status="PASS" starttime="20240517 09:47:31.720" endtime="20240517 09:47:33.722"/>
</kw>
<kw name="Take Screenshot" library="CustomSapGuiLibrary">
<arg>008_Spam_component2.jpg</arg>
<doc>Takes a screenshot, only if 'screenshots on error' has been enabled,
either at import of with keyword `enable screenshots on error`.</doc>
<msg timestamp="20240517 09:47:33.784" level="INFO" html="true">&lt;a href="008_Spam_component2.jpg"&gt;&lt;img src="008_Spam_component2.jpg" width="800px"&gt;&lt;/a&gt;</msg>
<status status="PASS" starttime="20240517 09:47:33.722" endtime="20240517 09:47:33.784"/>
</kw>
<kw name="Click Element" library="CustomSapGuiLibrary">
<arg>wnd[1]/tbar[0]/btn[0]</arg>
<doc>Performs a single click on a given element. Used only for buttons, tabs and menu items.</doc>
<status status="PASS" starttime="20240517 09:47:33.784" endtime="20240517 09:47:33.946"/>
</kw>
<kw name="Sleep" library="BuiltIn">
<arg>2</arg>
<doc>Pauses the test executed for the given time.</doc>
<msg timestamp="20240517 09:47:35.947" level="INFO">Slept 2 seconds</msg>
<status status="PASS" starttime="20240517 09:47:33.946" endtime="20240517 09:47:35.947"/>
</kw>
<kw name="Take Screenshot" library="CustomSapGuiLibrary">
<arg>009_Spam_component3.jpg</arg>
<doc>Takes a screenshot, only if 'screenshots on error' has been enabled,
either at import of with keyword `enable screenshots on error`.</doc>
<msg timestamp="20240517 09:47:36.012" level="INFO" html="true">&lt;a href="009_Spam_component3.jpg"&gt;&lt;img src="009_Spam_component3.jpg" width="800px"&gt;&lt;/a&gt;</msg>
<status status="PASS" starttime="20240517 09:47:35.947" endtime="20240517 09:47:36.012"/>
</kw>
<status status="PASS" starttime="20240517 09:47:31.619" endtime="20240517 09:47:36.012"/>
</kw>
<kw name="Spam Patch selection" library="Spampatch">
<kw name="Spam Search And Select Label" library="CustomSapGuiLibrary">
<var>${patch_value}</var>
<arg>wnd[1]/usr</arg>
<arg>${symvar('patch_vers')}</arg>
<msg timestamp="20240517 09:47:36.013" level="INFO">Sym.Dev.patch_vers: SAPK-70A03INBNWVS</msg>
<msg timestamp="20240517 09:48:30.417" level="INFO">0
1
2
3
4
5
6
7
8
9
10
11
12
13
14
15
16
17
18
19
20
21
22
23
24
25
26
27
28
29
30
31
32
33
34
35
36
37
38
39
40
41
42
43
44
45
46
47
48
49
Text not found after scrolling through all pages.</msg>
<msg timestamp="20240517 09:48:30.417" level="INFO">${patch_value} = None</msg>
<status status="PASS" starttime="20240517 09:47:36.013" endtime="20240517 09:48:30.417"/>
</kw>
<kw name="Log" library="BuiltIn">
<arg>${patch_value}</arg>
<doc>Logs the given message with the given level.</doc>
<msg timestamp="20240517 09:48:30.418" level="INFO">None</msg>
<status status="PASS" starttime="20240517 09:48:30.418" endtime="20240517 09:48:30.418"/>
</kw>
<kw name="Sleep" library="BuiltIn">
<arg>2</arg>
<doc>Pauses the test executed for the given time.</doc>
<msg timestamp="20240517 09:48:32.419" level="INFO">Slept 2 seconds</msg>
<status status="PASS" starttime="20240517 09:48:30.418" endtime="20240517 09:48:32.419"/>
</kw>
<kw name="Take Screenshot" library="CustomSapGuiLibrary">
<arg>010_patch_select1.jpg</arg>
<doc>Takes a screenshot, only if 'screenshots on error' has been enabled,
either at import of with keyword `enable screenshots on error`.</doc>
<msg timestamp="20240517 09:48:32.469" level="INFO" html="true">&lt;a href="010_patch_select1.jpg"&gt;&lt;img src="010_patch_select1.jpg" width="800px"&gt;&lt;/a&gt;</msg>
<status status="PASS" starttime="20240517 09:48:32.419" endtime="20240517 09:48:32.469"/>
</kw>
<kw name="Click Element" library="CustomSapGuiLibrary">
<arg>wnd[1]/tbar[0]/btn[0]</arg>
<doc>Performs a single click on a given element. Used only for buttons, tabs and menu items.</doc>
<status status="PASS" starttime="20240517 09:48:32.469" endtime="20240517 09:48:34.936"/>
</kw>
<kw name="Sleep" library="BuiltIn">
<arg>2</arg>
<doc>Pauses the test executed for the given time.</doc>
<msg timestamp="20240517 09:48:36.938" level="INFO">Slept 2 seconds</msg>
<status status="PASS" starttime="20240517 09:48:34.936" endtime="20240517 09:48:36.938"/>
</kw>
<kw name="Take Screenshot" library="CustomSapGuiLibrary">
<arg>011_patch_select2.jpg</arg>
<doc>Takes a screenshot, only if 'screenshots on error' has been enabled,
either at import of with keyword `enable screenshots on error`.</doc>
<msg timestamp="20240517 09:48:36.994" level="INFO" html="true">&lt;a href="011_patch_select2.jpg"&gt;&lt;img src="011_patch_select2.jpg" width="800px"&gt;&lt;/a&gt;</msg>
<status status="PASS" starttime="20240517 09:48:36.938" endtime="20240517 09:48:36.994"/>
</kw>
<status status="PASS" starttime="20240517 09:47:36.012" endtime="20240517 09:48:36.995"/>
</kw>
<kw name="Important SAP note handling" library="Spampatch">
<kw name="Is Imp Notes Existing" library="CustomSapGuiLibrary">
<arg>wnd[1]</arg>
<arg>wnd[1]/tbar[0]/btn[0]</arg>
<msg timestamp="20240517 09:48:36.998" level="INFO">Modal window does not exist.</msg>
<status status="PASS" starttime="20240517 09:48:36.995" endtime="20240517 09:48:36.998"/>
</kw>
<kw name="Sleep" library="BuiltIn">
<arg>2</arg>
<doc>Pauses the test executed for the given time.</doc>
<msg timestamp="20240517 09:48:38.998" level="INFO">Slept 2 seconds</msg>
<status status="PASS" starttime="20240517 09:48:36.998" endtime="20240517 09:48:38.998"/>
</kw>
<kw name="Take Screenshot" library="CustomSapGuiLibrary">
<arg>012_SAP_note.jpg</arg>
<doc>Takes a screenshot, only if 'screenshots on error' has been enabled,
either at import of with keyword `enable screenshots on error`.</doc>
<msg timestamp="20240517 09:48:39.070" level="INFO" html="true">&lt;a href="012_SAP_note.jpg"&gt;&lt;img src="012_SAP_note.jpg" width="800px"&gt;&lt;/a&gt;</msg>
<status status="PASS" starttime="20240517 09:48:38.998" endtime="20240517 09:48:39.070"/>
</kw>
<kw name="Click Element" library="CustomSapGuiLibrary">
<arg>wnd[1]/usr/btnBUTTON_2</arg>
<doc>Performs a single click on a given element. Used only for buttons, tabs and menu items.</doc>
<status status="PASS" starttime="20240517 09:48:39.070" endtime="20240517 09:48:39.282"/>
</kw>
<kw name="Sleep" library="BuiltIn">
<arg>2</arg>
<doc>Pauses the test executed for the given time.</doc>
<msg timestamp="20240517 09:48:41.284" level="INFO">Slept 2 seconds</msg>
<status status="PASS" starttime="20240517 09:48:39.282" endtime="20240517 09:48:41.284"/>
</kw>
<kw name="Take Screenshot" library="CustomSapGuiLibrary">
<arg>013_Modification.jpg</arg>
<doc>Takes a screenshot, only if 'screenshots on error' has been enabled,
either at import of with keyword `enable screenshots on error`.</doc>
<msg timestamp="20240517 09:48:41.364" level="INFO" html="true">&lt;a href="013_Modification.jpg"&gt;&lt;img src="013_Modification.jpg" width="800px"&gt;&lt;/a&gt;</msg>
<status status="PASS" starttime="20240517 09:48:41.284" endtime="20240517 09:48:41.364"/>
</kw>
<status status="PASS" starttime="20240517 09:48:36.995" endtime="20240517 09:48:41.364"/>
</kw>
<tag>Regression</tag>
<tag>spampatch</tag>
<status status="PASS" starttime="20240517 09:47:11.528" endtime="20240517 09:48:41.364"/>
</test>
<test id="s1-s1-t2" name="Import Queue" line="19">
<kw name="Importing queue from support package" library="Spampatch">
<kw name="Click Element" library="CustomSapGuiLibrary">
<arg>wnd[0]/mbar/menu[0]/menu[3]</arg>
<doc>Performs a single click on a given element. Used only for buttons, tabs and menu items.</doc>
<status status="PASS" starttime="20240517 09:48:41.367" endtime="20240517 09:48:41.552"/>
</kw>
<kw name="Sleep" library="BuiltIn">
<arg>2</arg>
<doc>Pauses the test executed for the given time.</doc>
<msg timestamp="20240517 09:48:43.554" level="INFO">Slept 2 seconds</msg>
<status status="PASS" starttime="20240517 09:48:41.552" endtime="20240517 09:48:43.554"/>
</kw>
<kw name="Take Screenshot" library="CustomSapGuiLibrary">
<arg>014_Imp_que_1.jpg</arg>
<doc>Takes a screenshot, only if 'screenshots on error' has been enabled,
either at import of with keyword `enable screenshots on error`.</doc>
<msg timestamp="20240517 09:48:43.621" level="INFO" html="true">&lt;a href="014_Imp_que_1.jpg"&gt;&lt;img src="014_Imp_que_1.jpg" width="800px"&gt;&lt;/a&gt;</msg>
<status status="PASS" starttime="20240517 09:48:43.554" endtime="20240517 09:48:43.621"/>
</kw>
<kw name="Click Element" library="CustomSapGuiLibrary">
<arg>wnd[1]/tbar[0]/btn[27]</arg>
<doc>Performs a single click on a given element. Used only for buttons, tabs and menu items.</doc>
<status status="PASS" starttime="20240517 09:48:43.621" endtime="20240517 09:48:43.746"/>
</kw>
<kw name="Sleep" library="BuiltIn">
<arg>2</arg>
<doc>Pauses the test executed for the given time.</doc>
<msg timestamp="20240517 09:48:45.747" level="INFO">Slept 2 seconds</msg>
<status status="PASS" starttime="20240517 09:48:43.746" endtime="20240517 09:48:45.747"/>
</kw>
<kw name="Take Screenshot" library="CustomSapGuiLibrary">
<arg>015_Imp_que_2.jpg</arg>
<doc>Takes a screenshot, only if 'screenshots on error' has been enabled,
either at import of with keyword `enable screenshots on error`.</doc>
<msg timestamp="20240517 09:48:45.817" level="INFO" html="true">&lt;a href="015_Imp_que_2.jpg"&gt;&lt;img src="015_Imp_que_2.jpg" width="800px"&gt;&lt;/a&gt;</msg>
<status status="PASS" starttime="20240517 09:48:45.747" endtime="20240517 09:48:45.817"/>
</kw>
<status status="PASS" starttime="20240517 09:48:41.366" endtime="20240517 09:48:45.818"/>
</kw>
<kw name="Start Options" library="Spampatch">
<kw name="Select Radio Button" library="CustomSapGuiLibrary">
<arg>wnd[1]/usr/tabsSTART_OPTIONS/tabpSTART_FC1/ssubSTART_OPTIONS_SCA:SAPLOCS_UI:0701/radLAY0700-RB1_DIA</arg>
<doc>Sets radio button to the specified value.</doc>
<status status="PASS" starttime="20240517 09:48:45.818" endtime="20240517 09:48:45.824"/>
</kw>
<kw name="Sleep" library="BuiltIn">
<arg>2</arg>
<doc>Pauses the test executed for the given time.</doc>
<msg timestamp="20240517 09:48:47.825" level="INFO">Slept 2 seconds</msg>
<status status="PASS" starttime="20240517 09:48:45.825" endtime="20240517 09:48:47.825"/>
</kw>
<kw name="Take Screenshot" library="CustomSapGuiLibrary">
<arg>016_prep_dial.jpg</arg>
<doc>Takes a screenshot, only if 'screenshots on error' has been enabled,
either at import of with keyword `enable screenshots on error`.</doc>
<msg timestamp="20240517 09:48:47.893" level="INFO" html="true">&lt;a href="016_prep_dial.jpg"&gt;&lt;img src="016_prep_dial.jpg" width="800px"&gt;&lt;/a&gt;</msg>
<status status="PASS" starttime="20240517 09:48:47.825" endtime="20240517 09:48:47.893"/>
</kw>
<kw name="Click Element" library="CustomSapGuiLibrary">
<arg>wnd[1]/usr/tabsSTART_OPTIONS/tabpSTART_FC2</arg>
<doc>Performs a single click on a given element. Used only for buttons, tabs and menu items.</doc>
<status status="PASS" starttime="20240517 09:48:47.893" endtime="20240517 09:48:47.963"/>
</kw>
<kw name="Sleep" library="BuiltIn">
<arg>2</arg>
<doc>Pauses the test executed for the given time.</doc>
<msg timestamp="20240517 09:48:49.964" level="INFO">Slept 2 seconds</msg>
<status status="PASS" starttime="20240517 09:48:47.963" endtime="20240517 09:48:49.964"/>
</kw>
<kw name="Take Screenshot" library="CustomSapGuiLibrary">
<arg>017_import_select.jpg</arg>
<doc>Takes a screenshot, only if 'screenshots on error' has been enabled,
either at import of with keyword `enable screenshots on error`.</doc>
<msg timestamp="20240517 09:48:50.026" level="INFO" html="true">&lt;a href="017_import_select.jpg"&gt;&lt;img src="017_import_select.jpg" width="800px"&gt;&lt;/a&gt;</msg>
<status status="PASS" starttime="20240517 09:48:49.964" endtime="20240517 09:48:50.026"/>
</kw>
<kw name="Select Radio Button" library="CustomSapGuiLibrary">
<arg>wnd[1]/usr/tabsSTART_OPTIONS/tabpSTART_FC2/ssubSTART_OPTIONS_SCA:SAPLOCS_UI:0702/radLAY0700-RB2_BTCHIM</arg>
<doc>Sets radio button to the specified value.</doc>
<status status="PASS" starttime="20240517 09:48:50.026" endtime="20240517 09:48:50.116"/>
</kw>
<kw name="Sleep" library="BuiltIn">
<arg>2</arg>
<doc>Pauses the test executed for the given time.</doc>
<msg timestamp="20240517 09:48:52.118" level="INFO">Slept 2 seconds</msg>
<status status="PASS" starttime="20240517 09:48:50.117" endtime="20240517 09:48:52.118"/>
</kw>
<kw name="Take Screenshot" library="CustomSapGuiLibrary">
<arg>018_import_bkgd.jpg</arg>
<doc>Takes a screenshot, only if 'screenshots on error' has been enabled,
either at import of with keyword `enable screenshots on error`.</doc>
<msg timestamp="20240517 09:48:52.195" level="INFO" html="true">&lt;a href="018_import_bkgd.jpg"&gt;&lt;img src="018_import_bkgd.jpg" width="800px"&gt;&lt;/a&gt;</msg>
<status status="PASS" starttime="20240517 09:48:52.118" endtime="20240517 09:48:52.196"/>
</kw>
<status status="PASS" starttime="20240517 09:48:45.818" endtime="20240517 09:48:52.196"/>
</kw>
<kw name="Import Option" library="Spampatch">
<kw name="Click Element" library="CustomSapGuiLibrary">
<arg>wnd[1]/tbar[0]/btn[0]</arg>
<doc>Performs a single click on a given element. Used only for buttons, tabs and menu items.</doc>
<status status="PASS" starttime="20240517 09:48:52.196" endtime="20240517 09:48:52.325"/>
</kw>
<kw name="Sleep" library="BuiltIn">
<arg>1</arg>
<doc>Pauses the test executed for the given time.</doc>
<msg timestamp="20240517 09:48:53.325" level="INFO">Slept 1 second</msg>
<status status="PASS" starttime="20240517 09:48:52.325" endtime="20240517 09:48:53.325"/>
</kw>
<kw name="Take Screenshot" library="CustomSapGuiLibrary">
<arg>019_import1.jpg</arg>
<doc>Takes a screenshot, only if 'screenshots on error' has been enabled,
either at import of with keyword `enable screenshots on error`.</doc>
<msg timestamp="20240517 09:48:53.372" level="INFO" html="true">&lt;a href="019_import1.jpg"&gt;&lt;img src="019_import1.jpg" width="800px"&gt;&lt;/a&gt;</msg>
<status status="PASS" starttime="20240517 09:48:53.325" endtime="20240517 09:48:53.372"/>
</kw>
<kw name="Click Element" library="CustomSapGuiLibrary">
<arg>wnd[1]/tbar[0]/btn[25]</arg>
<doc>Performs a single click on a given element. Used only for buttons, tabs and menu items.</doc>
<status status="PASS" starttime="20240517 09:48:53.372" endtime="20240517 09:48:53.547"/>
</kw>
<kw name="Take Screenshot" library="CustomSapGuiLibrary">
<arg>020_import2.jpg</arg>
<doc>Takes a screenshot, only if 'screenshots on error' has been enabled,
either at import of with keyword `enable screenshots on error`.</doc>
<msg timestamp="20240517 09:48:53.630" level="INFO" html="true">&lt;a href="020_import2.jpg"&gt;&lt;img src="020_import2.jpg" width="800px"&gt;&lt;/a&gt;</msg>
<status status="PASS" starttime="20240517 09:48:53.547" endtime="20240517 09:48:53.630"/>
</kw>
<kw name="Sleep" library="BuiltIn">
<arg>3</arg>
<doc>Pauses the test executed for the given time.</doc>
<msg timestamp="20240517 09:48:56.634" level="INFO">Slept 3 seconds</msg>
<status status="PASS" starttime="20240517 09:48:53.630" endtime="20240517 09:48:56.634"/>
</kw>
<kw name="Is Errors During Disassembling Existing" library="CustomSapGuiLibrary">
<arg>wnd[0]</arg>
<arg>wnd[0]/tbar[1]/btn[20]</arg>
<msg timestamp="20240517 09:48:57.305" level="INFO">Window exists</msg>
<status status="PASS" starttime="20240517 09:48:56.634" endtime="20240517 09:48:57.305"/>
</kw>
<kw name="Sleep" library="BuiltIn">
<arg>2</arg>
<doc>Pauses the test executed for the given time.</doc>
<msg timestamp="20240517 09:48:59.306" level="INFO">Slept 2 seconds</msg>
<status status="PASS" starttime="20240517 09:48:57.306" endtime="20240517 09:48:59.306"/>
</kw>
<kw name="Take Screenshot" library="CustomSapGuiLibrary">
<arg>021_ignore.jpg</arg>
<doc>Takes a screenshot, only if 'screenshots on error' has been enabled,
either at import of with keyword `enable screenshots on error`.</doc>
<msg timestamp="20240517 09:48:59.378" level="INFO" html="true">&lt;a href="021_ignore.jpg"&gt;&lt;img src="021_ignore.jpg" width="800px"&gt;&lt;/a&gt;</msg>
<status status="PASS" starttime="20240517 09:48:59.306" endtime="20240517 09:48:59.378"/>
</kw>
<kw name="Is User Defined Existing" library="CustomSapGuiLibrary">
<arg>wnd[1]</arg>
<arg>wnd[1]/tbar[0]/btn[0]</arg>
<msg timestamp="20240517 09:49:08.096" level="INFO">Window exists
Error: name 'modal_continue_id' is not defined</msg>
<status status="PASS" starttime="20240517 09:48:59.378" endtime="20240517 09:49:08.096"/>
</kw>
<kw name="Sleep" library="BuiltIn">
<arg>2</arg>
<doc>Pauses the test executed for the given time.</doc>
<msg timestamp="20240517 09:49:10.097" level="INFO">Slept 2 seconds</msg>
<status status="PASS" starttime="20240517 09:49:08.096" endtime="20240517 09:49:10.097"/>
</kw>
<kw name="Take Screenshot" library="CustomSapGuiLibrary">
<arg>022_User_defined.jpg</arg>
<doc>Takes a screenshot, only if 'screenshots on error' has been enabled,
either at import of with keyword `enable screenshots on error`.</doc>
<msg timestamp="20240517 09:49:10.157" level="INFO" html="true">&lt;a href="022_User_defined.jpg"&gt;&lt;img src="022_User_defined.jpg" width="800px"&gt;&lt;/a&gt;</msg>
<status status="PASS" starttime="20240517 09:49:10.097" endtime="20240517 09:49:10.158"/>
</kw>
<status status="PASS" starttime="20240517 09:48:52.196" endtime="20240517 09:49:10.158"/>
</kw>
<tag>Regression</tag>
<tag>spampatch</tag>
<status status="PASS" starttime="20240517 09:48:41.365" endtime="20240517 09:49:10.158"/>
</test>
<status status="PASS" starttime="20240517 09:46:44.812" endtime="20240517 09:49:10.161"/>
</suite>
<doc>Testing functionality through Robot Framework</doc>
<meta name="environment">Dev</meta>
<meta name="test_browser_name">chrome</meta>
<meta name="test_browser_version">124.0.6367.119</meta>
<meta name="test_driver_version">124.0.6367.207 </meta>
<meta name="test_environment">Dev</meta>
<meta name="test_freeze_dependencies">astroid==3.1.0,attrs==23.2.0,beautifulsoup4==4.12.3,bs4==0.0.2,certifi==2024.2.2,cffi==1.16.0,chardet==5.2.0,charset-normalizer==3.3.2,click==8.1.7,colorama==0.4.6,cryptography==42.0.5,defusedxml==0.7.1,dill==0.3.8,docutils==0.21.2,exceptiongroup==1.2.1,gitdb==4.0.11,GitPython==3.1.43,h11==0.14.0,idna==3.7,isort==5.13.2,Jinja2==3.1.3,jira==3.8.0,jsonpath-ng==1.6.1,jsonschema==4.21.1,jsonschema-specifications==2023.12.1,lazy-object-proxy==1.10.0,lxml==5.2.1,markdown-it-py==3.0.0,MarkupSafe==2.1.5,mccabe==0.7.0,mdurl==0.1.2,natsort==8.4.0,oauthlib==3.2.2,outcome==1.3.0.post0,packaging==24.0,pathspec==0.11.2,pillow==10.3.0,pip==24.0,platformdirs==4.2.1,ply==3.11,pycparser==2.22,Pygments==2.17.2,pylint==3.1.0,PySocks==1.7.1,pywin32==306,PyYAML==6.0.1,referencing==0.35.0,reportlab==4.2.0,requests==2.31.0,requests-oauthlib==2.0.0,requests-toolbelt==1.0.0,rich==13.7.1,rich-click==1.6.1,robotframework==6.0.2,robotframework-datadriver==1.9.0,robotframework-jsonlibrary==0.5,robotframework-pabot==2.16.0,robotframework-pythonlibcore==4.2.0,robotframework-requests==0.9.2,robotframework-sapguilibrary==1.1,robotframework-seleniumlibrary==5.1.3,robotframework-stacktrace==0.4.1,robotframework-tidy==4.5.0,rpds-py==0.18.0,selenium==4.9.1,setuptools==69.5.1,smmap==5.0.1,sniffio==1.3.1,sortedcontainers==2.4.0,soupsieve==2.5,tomli==2.0.1,tomlkit==0.12.4,trio==0.25.0,trio-websocket==0.11.1,typing_extensions==4.11.0,urllib3==2.2.1,wheel==0.43.0,wrapt==1.16.0,wsproto==1.2.0</meta>
<status status="PASS" starttime="20240517 09:46:40.372" endtime="20240517 09:49:10.658"/>
</suite>
<statistics>
<total>
<stat pass="2" fail="0" skip="0">All Tests</stat>
</total>
<tag>
<stat pass="2" fail="0" skip="0">Regression</stat>
<stat pass="2" fail="0" skip="0">spampatch</stat>
</tag>
<suite>
<stat pass="2" fail="0" skip="0" id="s1" name="Tests">Tests</stat>
<stat pass="2" fail="0" skip="0" id="s1-s1" name="Test Spampatch">Tests.Test Spampatch</stat>
</suite>
</statistics>
<errors>
</errors>
</robot>
