<?xml version="1.0" encoding="UTF-8"?>
<robot generator="Robot 6.0.2 (Python 3.12.1 on win32)" generated="20240522 17:09:26.561" rpa="false" schemaversion="3">
<suite id="s1" name="Tests" source="C:\SAP_Testing\SAPtesting\Tests">
<kw name="Setup highest level suite" type="SETUP">
<kw name="Set Variable" library="BuiltIn">
<var>${d.test_server}</var>
<arg>${test_server}</arg>
<doc>Returns the given values which can then be assigned to a variables.</doc>
<msg timestamp="20240522 17:09:27.151" level="INFO">${d.test_server} = Dev</msg>
<status status="PASS" starttime="20240522 17:09:27.150" endtime="20240522 17:09:27.151"/>
</kw>
<kw name="Reset screenshot count variable" library="Support">
<kw name="Set Variable" library="BuiltIn">
<var>${screenshotCount}</var>
<arg>${PABOTQUEUEINDEX}_1</arg>
<doc>Returns the given values which can then be assigned to a variables.</doc>
<msg timestamp="20240522 17:09:27.151" level="INFO">${screenshotCount} = 0_1</msg>
<status status="PASS" starttime="20240522 17:09:27.151" endtime="20240522 17:09:27.151"/>
</kw>
<kw name="Set Global Variable" library="BuiltIn">
<arg>${screenshotCount}</arg>
<doc>Makes a variable available globally in all tests and suites.</doc>
<msg timestamp="20240522 17:09:27.152" level="INFO">${screenshotCount} = 0_1</msg>
<status status="PASS" starttime="20240522 17:09:27.152" endtime="20240522 17:09:27.152"/>
</kw>
<kw name="Set up screenshot directory" library="Support">
<kw name="Create Directory" library="OperatingSystem">
<arg>${OUTPUTDIR}${/}${wvar('screenshot_dir')}</arg>
<doc>Creates the specified directory.</doc>
<msg timestamp="20240522 17:09:27.153" level="INFO">Web.Dev.screenshot_dir: Screenshot</msg>
<msg timestamp="20240522 17:09:27.158" level="INFO" html="true">Created directory '&lt;a href="file://C:\SAP_Testing\SAPtesting\Output\pabot_results\0\Screenshot"&gt;C:\SAP_Testing\SAPtesting\Output\pabot_results\0\Screenshot&lt;/a&gt;'.</msg>
<status status="PASS" starttime="20240522 17:09:27.152" endtime="20240522 17:09:27.158"/>
</kw>
<status status="PASS" starttime="20240522 17:09:27.152" endtime="20240522 17:09:27.159"/>
</kw>
<status status="PASS" starttime="20240522 17:09:27.151" endtime="20240522 17:09:27.159"/>
</kw>
<kw name="Set Global Variable" library="BuiltIn">
<arg>${screenshot_taking}</arg>
<arg>${True}</arg>
<doc>Makes a variable available globally in all tests and suites.</doc>
<msg timestamp="20240522 17:09:27.159" level="INFO">${screenshot_taking} = True</msg>
<status status="PASS" starttime="20240522 17:09:27.159" endtime="20240522 17:09:27.159"/>
</kw>
<kw name="Setup linux execution" library="Support">
<kw name="Run Keyword And Return Status" library="BuiltIn">
<var>${web_test_check}</var>
<arg>Variable Should Exist</arg>
<arg>${web_test}</arg>
<doc>Runs the given keyword with given arguments and returns the status as a Boolean value.</doc>
<kw name="Variable Should Exist" library="BuiltIn">
<arg>${web_test}</arg>
<doc>Fails unless the given variable exists within the current scope.</doc>
<status status="PASS" starttime="20240522 17:09:27.160" endtime="20240522 17:09:27.161"/>
</kw>
<msg timestamp="20240522 17:09:27.161" level="INFO">${web_test_check} = True</msg>
<status status="PASS" starttime="20240522 17:09:27.160" endtime="20240522 17:09:27.161"/>
</kw>
<kw name="Run Keyword If" library="BuiltIn">
<arg>${web_test_check}</arg>
<arg>Setup Docker Execution Options</arg>
<doc>Runs the given keyword with the given arguments, if ``condition`` is true.</doc>
<kw name="Setup Docker Execution Options" library="Support_Web">
<kw name="Setup Suite Metadata" library="Support_Web">
<arg>${browser}</arg>
<kw name="Get Browser Metadata" library="BrowserSupport">
<var>&amp;{browser_information}</var>
<arg>browser=${browser}</arg>
<doc>Fetches browser metadata information
:param browser: Name of the browser for which information is fetched
:param reload: Re-read the metadata based on the browser
:return: Browser metadata information, dict of format
            {"browser_version": browser version value,
             "driver_version": driver version value}</doc>
<msg timestamp="20240522 17:09:31.989" level="INFO">&amp;{browser_information} = { browser_version=125.0.6422.61 | driver_version=125.0.6422.76  }</msg>
<status status="PASS" starttime="20240522 17:09:27.162" endtime="20240522 17:09:31.989"/>
</kw>
<kw name="Set Suite Metadata" library="BuiltIn">
<arg>test_browser_name</arg>
<arg>${browser}</arg>
<doc>Sets metadata for the current test suite.</doc>
<msg timestamp="20240522 17:09:31.989" level="INFO">Set suite metadata 'test_browser_name' to value 'chrome'.</msg>
<status status="PASS" starttime="20240522 17:09:31.989" endtime="20240522 17:09:31.989"/>
</kw>
<kw name="Set Suite Metadata" library="BuiltIn">
<arg>test_browser_version</arg>
<arg>${browser_information.browser_version}</arg>
<doc>Sets metadata for the current test suite.</doc>
<msg timestamp="20240522 17:09:31.989" level="INFO">Set suite metadata 'test_browser_version' to value '125.0.6422.61'.</msg>
<status status="PASS" starttime="20240522 17:09:31.989" endtime="20240522 17:09:31.989"/>
</kw>
<kw name="Set Suite Metadata" library="BuiltIn">
<arg>test_driver_version</arg>
<arg>${browser_information.driver_version}</arg>
<doc>Sets metadata for the current test suite.</doc>
<msg timestamp="20240522 17:09:31.989" level="INFO">Set suite metadata 'test_driver_version' to value '125.0.6422.76 '.</msg>
<status status="PASS" starttime="20240522 17:09:31.989" endtime="20240522 17:09:31.989"/>
</kw>
<status status="PASS" starttime="20240522 17:09:27.161" endtime="20240522 17:09:31.989"/>
</kw>
<kw name="Setup Global Docker Execution Options" library="Support_Web">
<kw name="Set Global Variable" library="BuiltIn">
<arg>${global_browser_options}</arg>
<arg>None</arg>
<doc>Makes a variable available globally in all tests and suites.</doc>
<msg timestamp="20240522 17:09:31.989" level="INFO">${global_browser_options} = None</msg>
<status status="PASS" starttime="20240522 17:09:31.989" endtime="20240522 17:09:31.989"/>
</kw>
<kw name="Get Environment Variable" library="OperatingSystem">
<var>${docker_check}</var>
<arg>EXECUTION_ENVIRONMENT</arg>
<arg>not_found</arg>
<doc>Returns the value of an environment variable with the given name.</doc>
<msg timestamp="20240522 17:09:31.989" level="INFO">${docker_check} = not_found</msg>
<status status="PASS" starttime="20240522 17:09:31.989" endtime="20240522 17:09:31.989"/>
</kw>
<kw name="Run Keyword And Return If" library="BuiltIn">
<arg>"${docker_check}"!="docker"</arg>
<arg>Log</arg>
<arg>Not executing on Docker</arg>
<doc>Runs the specified keyword and returns from the enclosing user keyword.</doc>
<kw name="Log" library="BuiltIn">
<arg>Not executing on Docker</arg>
<doc>Logs the given message with the given level.</doc>
<msg timestamp="20240522 17:09:31.989" level="INFO">Not executing on Docker</msg>
<status status="PASS" starttime="20240522 17:09:31.989" endtime="20240522 17:09:31.989"/>
</kw>
<msg timestamp="20240522 17:09:31.989" level="INFO">Returning from the enclosing user keyword.</msg>
<status status="PASS" starttime="20240522 17:09:31.989" endtime="20240522 17:09:31.989"/>
</kw>
<kw name="Create List" library="BuiltIn">
<var>@{options}</var>
<arg>--headless</arg>
<arg>--no-sandbox</arg>
<arg>--disable-dev-shm-usage</arg>
<doc>Returns a list containing given items.</doc>
<status status="NOT RUN" starttime="20240522 17:09:31.989" endtime="20240522 17:09:31.989"/>
</kw>
<kw name="Set Global Variable" library="BuiltIn">
<arg>@{docker_options}</arg>
<arg>@{options}</arg>
<doc>Makes a variable available globally in all tests and suites.</doc>
<status status="NOT RUN" starttime="20240522 17:09:31.989" endtime="20240522 17:09:31.989"/>
</kw>
<status status="PASS" starttime="20240522 17:09:31.989" endtime="20240522 17:09:31.989"/>
</kw>
<kw name="Create Webdriver for chrome preferences" library="Support_Web">
<kw name="Update Docker Execution Options" library="Support_Web">
<var>${list_prefs}</var>
<arg>${list_prefs}</arg>
<kw name="Run Keyword And Return Status" library="BuiltIn">
<var>${docker_check}</var>
<arg>Variable Should Exist</arg>
<arg>${docker_options}</arg>
<doc>Runs the given keyword with given arguments and returns the status as a Boolean value.</doc>
<kw name="Variable Should Exist" library="BuiltIn">
<arg>${docker_options}</arg>
<doc>Fails unless the given variable exists within the current scope.</doc>
<msg timestamp="20240522 17:09:31.989" level="FAIL">Variable '${docker_options}' does not exist.</msg>
<status status="FAIL" starttime="20240522 17:09:31.989" endtime="20240522 17:09:31.989"/>
</kw>
<msg timestamp="20240522 17:09:31.989" level="INFO">${docker_check} = False</msg>
<status status="PASS" starttime="20240522 17:09:31.989" endtime="20240522 17:09:31.989"/>
</kw>
<kw name="Get Length" library="BuiltIn">
<var>${list_prefs_length}</var>
<arg>${list_prefs}</arg>
<doc>Returns and logs the length of the given item as an integer.</doc>
<msg timestamp="20240522 17:09:31.989" level="INFO">Length is 1</msg>
<msg timestamp="20240522 17:09:31.989" level="INFO">${list_prefs_length} = 1</msg>
<status status="PASS" starttime="20240522 17:09:31.989" endtime="20240522 17:09:31.989"/>
</kw>
<kw name="Run Keyword If" library="BuiltIn">
<var>${list_prefs}</var>
<arg>${docker_check} and ${list_prefs_length}&gt;0 and ${list_prefs}[0] != []</arg>
<arg>Combine Lists</arg>
<arg>${list_prefs}</arg>
<arg>${docker_options}</arg>
<arg>ELSE IF</arg>
<arg>${docker_check}</arg>
<arg>Set Variable</arg>
<arg>${docker_options}</arg>
<arg>ELSE</arg>
<arg>Set Variable</arg>
<arg>${list_prefs}</arg>
<doc>Runs the given keyword with the given arguments, if ``condition`` is true.</doc>
<kw name="Set Variable" library="BuiltIn">
<arg>${list_prefs}</arg>
<doc>Returns the given values which can then be assigned to a variables.</doc>
<status status="PASS" starttime="20240522 17:09:31.989" endtime="20240522 17:09:31.989"/>
</kw>
<msg timestamp="20240522 17:09:31.989" level="INFO">${list_prefs} = [[]]</msg>
<status status="PASS" starttime="20240522 17:09:31.989" endtime="20240522 17:09:31.989"/>
</kw>
<msg timestamp="20240522 17:09:31.989" level="INFO">${list_prefs} = [[]]</msg>
<status status="PASS" starttime="20240522 17:09:31.989" endtime="20240522 17:09:31.989"/>
</kw>
<kw name="Create Chrome Options for download preferences" library="Support_Web">
<var>${chrome_options}</var>
<kw name="Evaluate" library="BuiltIn">
<var>${chrome_options}</var>
<arg>sys.modules['selenium.webdriver'].ChromeOptions()</arg>
<arg>sys</arg>
<doc>Evaluates the given expression in Python and returns the result.</doc>
<msg timestamp="20240522 17:09:31.989" level="INFO">${chrome_options} = &lt;selenium.webdriver.chrome.options.Options object at 0x0000020D05AB7F20&gt;</msg>
<status status="PASS" starttime="20240522 17:09:31.989" endtime="20240522 17:09:31.989"/>
</kw>
<msg timestamp="20240522 17:09:31.989" level="INFO">${chrome_options} = &lt;selenium.webdriver.chrome.options.Options object at 0x0000020D05AB7F20&gt;</msg>
<status status="PASS" starttime="20240522 17:09:31.989" endtime="20240522 17:09:31.989"/>
</kw>
<kw name="Update Preferences List" library="Support_Web">
<arg>${chrome_options}</arg>
<arg>@{list_prefs}</arg>
<kw name="Convert To String" library="BuiltIn">
<var>${string_prefs}</var>
<arg>${list_prefs}</arg>
<doc>Converts the given item to a Unicode string.</doc>
<msg timestamp="20240522 17:09:31.989" level="INFO">${string_prefs} = [[]]</msg>
<status status="PASS" starttime="20240522 17:09:31.989" endtime="20240522 17:09:31.989"/>
</kw>
<kw name="Return From Keyword If" library="BuiltIn">
<arg>${string_prefs} == [[]]</arg>
<doc>Returns from the enclosing user keyword if ``condition`` is true.</doc>
<msg timestamp="20240522 17:09:31.989" level="INFO">Returning from the enclosing user keyword.</msg>
<status status="PASS" starttime="20240522 17:09:31.989" endtime="20240522 17:09:31.989"/>
</kw>
<for flavor="IN">
<var>${preference}</var>
<value>@{list_prefs}</value>
<iter>
<var name="${preference}"/>
<kw name="Call Method" library="BuiltIn">
<arg>${chrome_options}</arg>
<arg>add_argument</arg>
<arg>${preference}</arg>
<doc>Calls the named method of the given object with the provided arguments.</doc>
<status status="NOT RUN" starttime="20240522 17:09:31.989" endtime="20240522 17:09:31.989"/>
</kw>
<status status="NOT RUN" starttime="20240522 17:09:31.989" endtime="20240522 17:09:31.989"/>
</iter>
<status status="NOT RUN" starttime="20240522 17:09:31.989" endtime="20240522 17:09:31.989"/>
</for>
<status status="PASS" starttime="20240522 17:09:31.989" endtime="20240522 17:09:31.989"/>
</kw>
<kw name="Call Method" library="BuiltIn">
<arg>${chrome_options}</arg>
<arg>add_experimental_option</arg>
<arg>prefs</arg>
<arg>${kw_prefs}</arg>
<doc>Calls the named method of the given object with the provided arguments.</doc>
<status status="PASS" starttime="20240522 17:09:31.989" endtime="20240522 17:09:31.989"/>
</kw>
<kw name="Set Global Variable" library="BuiltIn">
<arg>${global_browser_options}</arg>
<arg>${chrome options}</arg>
<doc>Makes a variable available globally in all tests and suites.</doc>
<msg timestamp="20240522 17:09:31.989" level="INFO">${global_browser_options} = &lt;selenium.webdriver.chrome.options.Options object at 0x0000020D05AB7F20&gt;</msg>
<status status="PASS" starttime="20240522 17:09:31.989" endtime="20240522 17:09:31.989"/>
</kw>
<status status="PASS" starttime="20240522 17:09:31.989" endtime="20240522 17:09:31.989"/>
</kw>
<status status="PASS" starttime="20240522 17:09:27.161" endtime="20240522 17:09:31.989"/>
</kw>
<status status="PASS" starttime="20240522 17:09:27.161" endtime="20240522 17:09:31.989"/>
</kw>
<status status="PASS" starttime="20240522 17:09:27.160" endtime="20240522 17:09:31.989"/>
</kw>
<kw name="Set Suite Metadata" library="BuiltIn">
<arg>environment</arg>
<arg>${test_server}</arg>
<doc>Sets metadata for the current test suite.</doc>
<msg timestamp="20240522 17:09:31.989" level="INFO">Set suite metadata 'environment' to value 'Dev'.</msg>
<status status="PASS" starttime="20240522 17:09:31.989" endtime="20240522 17:09:31.989"/>
</kw>
<status status="PASS" starttime="20240522 17:09:27.150" endtime="20240522 17:09:31.989"/>
</kw>
<suite id="s1-s1" name="Test Monthly Compliance Report SAP - Copy" source="C:\SAP_Testing\SAPtesting\Tests\Test_Monthly_Compliance_Report_SAP - Copy.robot">
<test id="s1-s1-t1" name="System Logon" line="11">
<kw name="System Logon" library="Monthly_Compliance_Report_SAP_V7">
<kw name="Start Process" library="Process">
<arg>${symvar('SAP_SERVER')}</arg>
<doc>Starts a new process on background.</doc>
<msg timestamp="20240522 17:09:32.613" level="INFO">Sym.Dev.SAP_SERVER: C:\Program Files\SAP\FrontEnd\SAPGUI\saplogon.exe</msg>
<msg timestamp="20240522 17:09:32.613" level="INFO">Starting process:
"C:\Program Files\SAP\FrontEnd\SAPGUI\saplogon.exe"</msg>
<status status="PASS" starttime="20240522 17:09:32.612" endtime="20240522 17:09:32.616"/>
</kw>
<kw name="Sleep" library="BuiltIn">
<arg>10s</arg>
<doc>Pauses the test executed for the given time.</doc>
<msg timestamp="20240522 17:09:42.618" level="INFO">Slept 10 seconds</msg>
<status status="PASS" starttime="20240522 17:09:32.616" endtime="20240522 17:09:42.618"/>
</kw>
<kw name="Connect To Session" library="SAP_Tcode_Library">
<doc>Connects to an open session SAP.</doc>
<status status="PASS" starttime="20240522 17:09:42.618" endtime="20240522 17:09:42.618"/>
</kw>
<kw name="Open Connection" library="SAP_Tcode_Library">
<arg>${symvar('SAP_connection')}</arg>
<doc>Opens a connection to the given connection name. Be sure to provide the full connection name, including the bracket part.</doc>
<msg timestamp="20240522 17:09:42.618" level="INFO">Sym.Dev.SAP_connection: BIS</msg>
<status status="PASS" starttime="20240522 17:09:42.618" endtime="20240522 17:09:43.621"/>
</kw>
<kw name="Input Text" library="SAP_Tcode_Library">
<arg>wnd[0]/usr/txtRSYST-MANDT</arg>
<arg>${symvar('Client_Id')}</arg>
<doc>Inserts the given text into the text field identified by locator.
Use keyword `input password` to insert a password in a text field.</doc>
<msg timestamp="20240522 17:09:43.630" level="INFO">Sym.Dev.Client_Id: 001</msg>
<msg timestamp="20240522 17:09:43.639" level="INFO">Typing text '001' into text field 'wnd[0]/usr/txtRSYST-MANDT'.</msg>
<status status="PASS" starttime="20240522 17:09:43.621" endtime="20240522 17:09:43.639"/>
</kw>
<kw name="Input Text" library="SAP_Tcode_Library">
<arg>wnd[0]/usr/txtRSYST-BNAME</arg>
<arg>${symvar('User_Name')}</arg>
<doc>Inserts the given text into the text field identified by locator.
Use keyword `input password` to insert a password in a text field.</doc>
<msg timestamp="20240522 17:09:43.641" level="INFO">Sym.Dev.User_Name: SELENIUM</msg>
<msg timestamp="20240522 17:09:43.662" level="INFO">Typing text 'SELENIUM' into text field 'wnd[0]/usr/txtRSYST-BNAME'.</msg>
<status status="PASS" starttime="20240522 17:09:43.640" endtime="20240522 17:09:43.662"/>
</kw>
<kw name="Input Password" library="SAP_Tcode_Library">
<arg>wnd[0]/usr/pwdRSYST-BCODE</arg>
<arg>${symvar('User_Password')}</arg>
<doc>Inserts the given password into the text field identified by locator.
The password is not recorded in the log.</doc>
<msg timestamp="20240522 17:09:43.665" level="INFO">Sym.Dev.User_Password: Test@12345</msg>
<msg timestamp="20240522 17:09:43.671" level="INFO">Typing password into text field 'wnd[0]/usr/pwdRSYST-BCODE'.</msg>
<status status="PASS" starttime="20240522 17:09:43.663" endtime="20240522 17:09:43.671"/>
</kw>
<kw name="Send Vkey" library="SAP_Tcode_Library">
<arg>0</arg>
<doc>Sends a SAP virtual key combination to the window, not into an element.
If you want to send a value to a text field, use `input text` instead.</doc>
<status status="PASS" starttime="20240522 17:09:43.672" endtime="20240522 17:09:44.100"/>
</kw>
<kw name="Multiple Logon Handling" library="SAP_Tcode_Library">
<arg>wnd[1]</arg>
<arg>wnd[1]/usr/radMULTI_LOGON_OPT2</arg>
<arg>wnd[1]/tbar[0]/btn[0]</arg>
<msg timestamp="20240522 17:09:44.761" level="INFO">Multiple logon exists</msg>
<status status="PASS" starttime="20240522 17:09:44.101" endtime="20240522 17:09:44.761"/>
</kw>
<kw name="Sleep" library="BuiltIn">
<arg>1</arg>
<doc>Pauses the test executed for the given time.</doc>
<msg timestamp="20240522 17:09:45.761" level="INFO">Slept 1 second</msg>
<status status="PASS" starttime="20240522 17:09:44.761" endtime="20240522 17:09:45.761"/>
</kw>
<status status="PASS" starttime="20240522 17:09:32.612" endtime="20240522 17:09:45.761"/>
</kw>
<tag>compliance_report</tag>
<tag>Regression</tag>
<status status="PASS" starttime="20240522 17:09:32.612" endtime="20240522 17:09:45.761"/>
</test>
<test id="s1-s1-t2" name="Executing Monthly compliance report" line="14">
<kw name="Executing Monthly compliance report" library="Monthly_Compliance_Report_SAP_V7">
<kw name="Maximize Window" library="SAP_Tcode_Library">
<doc>Maximizes the SapGui window.</doc>
<status status="PASS" starttime="20240522 17:09:45.761" endtime="20240522 17:09:45.761"/>
</kw>
<kw name="Run Transaction" library="SAP_Tcode_Library">
<arg>SUIM</arg>
<doc>Runs a Sap transaction. An error is given when an unknown transaction is specified.</doc>
<status status="PASS" starttime="20240522 17:09:45.761" endtime="20240522 17:09:46.903"/>
</kw>
<kw name="Click Node Link" library="SAP_Tcode_Library">
<arg>${tree_id}</arg>
<arg>${link_id1}</arg>
<arg>${link_id2}</arg>
<arg>${link_id3}</arg>
<arg>${link_id4}</arg>
<arg>${link_id5}</arg>
<doc>Selects a link of a TableTreeControl 'tree_id' which is contained within a shell object.</doc>
<status status="PASS" starttime="20240522 17:09:46.903" endtime="20240522 17:09:47.807"/>
</kw>
<kw name="Sleep" library="BuiltIn">
<arg>1</arg>
<doc>Pauses the test executed for the given time.</doc>
<msg timestamp="20240522 17:09:48.808" level="INFO">Slept 1 second</msg>
<status status="PASS" starttime="20240522 17:09:47.807" endtime="20240522 17:09:48.808"/>
</kw>
<kw name="Click Element" library="SAP_Tcode_Library">
<arg>wnd[0]/usr/tabsTABSTRIP_TAB/tabpTAB2</arg>
<doc>Performs a single click on a given element. Used only for buttons, tabs and menu items.</doc>
<status status="PASS" starttime="20240522 17:09:48.808" endtime="20240522 17:09:49.082"/>
</kw>
<kw name="Sleep" library="BuiltIn">
<arg>1</arg>
<doc>Pauses the test executed for the given time.</doc>
<msg timestamp="20240522 17:09:50.082" level="INFO">Slept 1 second</msg>
<status status="PASS" starttime="20240522 17:09:49.082" endtime="20240522 17:09:50.082"/>
</kw>
<kw name="Input Text" library="SAP_Tcode_Library">
<arg>wnd[0]/usr/tabsTABSTRIP_TAB/tabpTAB2/ssub%_SUBSCREEN_TAB:RSUSR100N:1200/ctxtF_PROF-LOW</arg>
<arg>s*</arg>
<doc>Inserts the given text into the text field identified by locator.
Use keyword `input password` to insert a password in a text field.</doc>
<msg timestamp="20240522 17:09:50.082" level="INFO">Typing text 's*' into text field 'wnd[0]/usr/tabsTABSTRIP_TAB/tabpTAB2/ssub%_SUBSCREEN_TAB:RSUSR100N:1200/ctxtF_PROF-LOW'.</msg>
<status status="PASS" starttime="20240522 17:09:50.082" endtime="20240522 17:09:50.082"/>
</kw>
<kw name="Send Vkey" library="SAP_Tcode_Library">
<arg>0</arg>
<doc>Sends a SAP virtual key combination to the window, not into an element.
If you want to send a value to a text field, use `input text` instead.</doc>
<status status="PASS" starttime="20240522 17:09:50.082" endtime="20240522 17:09:50.420"/>
</kw>
<kw name="Select Checkbox" library="SAP_Tcode_Library">
<arg>wnd[0]/usr/tabsTABSTRIP_TAB/tabpTAB2/ssub%_SUBSCREEN_TAB:RSUSR100N:1200/chkPROF</arg>
<doc>Selects checkbox identified by locator.
Does nothing if the checkbox is already selected.</doc>
<status status="PASS" starttime="20240522 17:09:50.420" endtime="20240522 17:09:50.435"/>
</kw>
<kw name="Input Text" library="SAP_Tcode_Library">
<arg>wnd[0]/usr/ctxtFDATE</arg>
<arg>${start_date}</arg>
<doc>Inserts the given text into the text field identified by locator.
Use keyword `input password` to insert a password in a text field.</doc>
<msg timestamp="20240522 17:09:50.435" level="INFO">Typing text '01.02.2024' into text field 'wnd[0]/usr/ctxtFDATE'.</msg>
<status status="PASS" starttime="20240522 17:09:50.435" endtime="20240522 17:09:50.435"/>
</kw>
<kw name="Input Text" library="SAP_Tcode_Library">
<arg>wnd[0]/usr/ctxtTDATE</arg>
<arg>${end_date}</arg>
<doc>Inserts the given text into the text field identified by locator.
Use keyword `input password` to insert a password in a text field.</doc>
<msg timestamp="20240522 17:09:50.435" level="INFO">Typing text '29.02.2024' into text field 'wnd[0]/usr/ctxtTDATE'.</msg>
<status status="PASS" starttime="20240522 17:09:50.435" endtime="20240522 17:09:50.435"/>
</kw>
<kw name="Take Screenshot" library="SAP_Tcode_Library">
<arg>req1_output.jpg</arg>
<doc>Takes a screenshot, only if 'screenshots on error' has been enabled,
either at import of with keyword `enable screenshots on error`.</doc>
<msg timestamp="20240522 17:09:50.520" level="INFO" html="true">&lt;a href="req1_output.jpg"&gt;&lt;img src="req1_output.jpg" width="800px"&gt;&lt;/a&gt;</msg>
<status status="PASS" starttime="20240522 17:09:50.435" endtime="20240522 17:09:50.520"/>
</kw>
<kw name="Sleep" library="BuiltIn">
<arg>3</arg>
<doc>Pauses the test executed for the given time.</doc>
<msg timestamp="20240522 17:09:53.521" level="INFO">Slept 3 seconds</msg>
<status status="PASS" starttime="20240522 17:09:50.520" endtime="20240522 17:09:53.521"/>
</kw>
<kw name="Click Element" library="SAP_Tcode_Library">
<arg>wnd[0]/mbar/menu[0]/menu[0]</arg>
<doc>Performs a single click on a given element. Used only for buttons, tabs and menu items.</doc>
<status status="PASS" starttime="20240522 17:09:53.521" endtime="20240522 17:10:11.115"/>
</kw>
<kw name="Sleep" library="BuiltIn">
<arg>1</arg>
<doc>Pauses the test executed for the given time.</doc>
<msg timestamp="20240522 17:10:12.115" level="INFO">Slept 1 second</msg>
<status status="PASS" starttime="20240522 17:10:11.115" endtime="20240522 17:10:12.115"/>
</kw>
<kw name="Click Element" library="SAP_Tcode_Library">
<arg>wnd[0]/mbar/menu[0]/menu[3]/menu[1]</arg>
<doc>Performs a single click on a given element. Used only for buttons, tabs and menu items.</doc>
<status status="PASS" starttime="20240522 17:10:12.115" endtime="20240522 17:10:12.639"/>
</kw>
<kw name="Sleep" library="BuiltIn">
<arg>1</arg>
<doc>Pauses the test executed for the given time.</doc>
<msg timestamp="20240522 17:10:13.639" level="INFO">Slept 1 second</msg>
<status status="PASS" starttime="20240522 17:10:12.639" endtime="20240522 17:10:13.639"/>
</kw>
<kw name="Select Radio Button" library="SAP_Tcode_Library">
<arg>wnd[1]/usr/subSUBSCREEN_STEPLOOP:SAPLSPO5:0150/sub:SAPLSPO5:0150/radSPOPLI-SELFLAG[1,0]</arg>
<doc>Sets radio button to the specified value.</doc>
<status status="PASS" starttime="20240522 17:10:13.639" endtime="20240522 17:10:13.639"/>
</kw>
<kw name="Click Element" library="SAP_Tcode_Library">
<arg>wnd[1]/tbar[0]/btn[0]</arg>
<doc>Performs a single click on a given element. Used only for buttons, tabs and menu items.</doc>
<status status="PASS" starttime="20240522 17:10:13.639" endtime="20240522 17:10:14.803"/>
</kw>
<kw name="Sleep" library="BuiltIn">
<arg>1</arg>
<doc>Pauses the test executed for the given time.</doc>
<msg timestamp="20240522 17:10:15.804" level="INFO">Slept 1 second</msg>
<status status="PASS" starttime="20240522 17:10:14.803" endtime="20240522 17:10:15.804"/>
</kw>
<kw name="Input Text" library="SAP_Tcode_Library">
<arg>wnd[1]/usr/ctxtDY_PATH</arg>
<arg>${Results_Directory_Path}</arg>
<doc>Inserts the given text into the text field identified by locator.
Use keyword `input password` to insert a password in a text field.</doc>
<msg timestamp="20240522 17:10:15.804" level="INFO">Typing text 'C:\Users\Administrator\Documents\Results' into text field 'wnd[1]/usr/ctxtDY_PATH'.</msg>
<status status="PASS" starttime="20240522 17:10:15.804" endtime="20240522 17:10:15.804"/>
</kw>
<kw name="Input Text" library="SAP_Tcode_Library">
<arg>wnd[1]/usr/ctxtDY_FILENAME</arg>
<arg>${Req_Result1_Filename}</arg>
<doc>Inserts the given text into the text field identified by locator.
Use keyword `input password` to insert a password in a text field.</doc>
<msg timestamp="20240522 17:10:15.819" level="INFO">Typing text 'SAP_Profiles.xls' into text field 'wnd[1]/usr/ctxtDY_FILENAME'.</msg>
<status status="PASS" starttime="20240522 17:10:15.804" endtime="20240522 17:10:15.819"/>
</kw>
<kw name="Sleep" library="BuiltIn">
<arg>1</arg>
<doc>Pauses the test executed for the given time.</doc>
<msg timestamp="20240522 17:10:16.820" level="INFO">Slept 1 second</msg>
<status status="PASS" starttime="20240522 17:10:15.819" endtime="20240522 17:10:16.820"/>
</kw>
<kw name="Click Element" library="SAP_Tcode_Library">
<arg>wnd[1]/tbar[0]/btn[0]</arg>
<doc>Performs a single click on a given element. Used only for buttons, tabs and menu items.</doc>
<status status="PASS" starttime="20240522 17:10:16.820" endtime="20240522 17:10:19.155"/>
</kw>
<kw name="Sleep" library="BuiltIn">
<arg>1</arg>
<doc>Pauses the test executed for the given time.</doc>
<msg timestamp="20240522 17:10:20.156" level="INFO">Slept 1 second</msg>
<status status="PASS" starttime="20240522 17:10:19.155" endtime="20240522 17:10:20.156"/>
</kw>
<kw name="Log To Console" library="BuiltIn">
<arg>Requirement 1 completed</arg>
<doc>Logs the given message to the console.</doc>
<status status="PASS" starttime="20240522 17:10:20.156" endtime="20240522 17:10:20.156"/>
</kw>
<kw name="Click Element" library="SAP_Tcode_Library">
<arg>wnd[0]/tbar[0]/btn[3]</arg>
<doc>Performs a single click on a given element. Used only for buttons, tabs and menu items.</doc>
<status status="PASS" starttime="20240522 17:10:20.156" endtime="20240522 17:10:20.711"/>
</kw>
<kw name="Sleep" library="BuiltIn">
<arg>1</arg>
<doc>Pauses the test executed for the given time.</doc>
<msg timestamp="20240522 17:10:21.711" level="INFO">Slept 1 second</msg>
<status status="PASS" starttime="20240522 17:10:20.711" endtime="20240522 17:10:21.711"/>
</kw>
<kw name="Select Checkbox" library="SAP_Tcode_Library">
<arg>wnd[0]/usr/tabsTABSTRIP_TAB/tabpTAB1/ssub%_SUBSCREEN_TAB:RSUSR100N:1100/chkUSER_CRT</arg>
<doc>Selects checkbox identified by locator.
Does nothing if the checkbox is already selected.</doc>
<status status="PASS" starttime="20240522 17:10:21.711" endtime="20240522 17:10:21.711"/>
</kw>
<kw name="Take Screenshot" library="SAP_Tcode_Library">
<arg>req2_output.jpg</arg>
<doc>Takes a screenshot, only if 'screenshots on error' has been enabled,
either at import of with keyword `enable screenshots on error`.</doc>
<msg timestamp="20240522 17:10:21.755" level="INFO" html="true">&lt;a href="req2_output.jpg"&gt;&lt;img src="req2_output.jpg" width="800px"&gt;&lt;/a&gt;</msg>
<status status="PASS" starttime="20240522 17:10:21.711" endtime="20240522 17:10:21.755"/>
</kw>
<kw name="Sleep" library="BuiltIn">
<arg>2</arg>
<doc>Pauses the test executed for the given time.</doc>
<msg timestamp="20240522 17:10:23.755" level="INFO">Slept 2 seconds</msg>
<status status="PASS" starttime="20240522 17:10:21.755" endtime="20240522 17:10:23.755"/>
</kw>
<kw name="Click Element" library="SAP_Tcode_Library">
<arg>wnd[0]/mbar/menu[0]/menu[0]</arg>
<doc>Performs a single click on a given element. Used only for buttons, tabs and menu items.</doc>
<status status="PASS" starttime="20240522 17:10:23.755" endtime="20240522 17:10:40.808"/>
</kw>
<kw name="Sleep" library="BuiltIn">
<arg>1</arg>
<doc>Pauses the test executed for the given time.</doc>
<msg timestamp="20240522 17:10:41.809" level="INFO">Slept 1 second</msg>
<status status="PASS" starttime="20240522 17:10:40.808" endtime="20240522 17:10:41.809"/>
</kw>
<kw name="Take Screenshot" library="SAP_Tcode_Library">
<arg>req2_output2.jpg</arg>
<doc>Takes a screenshot, only if 'screenshots on error' has been enabled,
either at import of with keyword `enable screenshots on error`.</doc>
<msg timestamp="20240522 17:10:41.860" level="INFO" html="true">&lt;a href="req2_output2.jpg"&gt;&lt;img src="req2_output2.jpg" width="800px"&gt;&lt;/a&gt;</msg>
<status status="PASS" starttime="20240522 17:10:41.809" endtime="20240522 17:10:41.860"/>
</kw>
<kw name="Click Element" library="SAP_Tcode_Library">
<arg>wnd[0]/mbar/menu[0]/menu[3]/menu[1]</arg>
<doc>Performs a single click on a given element. Used only for buttons, tabs and menu items.</doc>
<status status="PASS" starttime="20240522 17:10:41.860" endtime="20240522 17:10:42.934"/>
</kw>
<kw name="Sleep" library="BuiltIn">
<arg>1</arg>
<doc>Pauses the test executed for the given time.</doc>
<msg timestamp="20240522 17:10:43.934" level="INFO">Slept 1 second</msg>
<status status="PASS" starttime="20240522 17:10:42.934" endtime="20240522 17:10:43.934"/>
</kw>
<kw name="Select Radio Button" library="SAP_Tcode_Library">
<arg>wnd[1]/usr/subSUBSCREEN_STEPLOOP:SAPLSPO5:0150/sub:SAPLSPO5:0150/radSPOPLI-SELFLAG[1,0]</arg>
<doc>Sets radio button to the specified value.</doc>
<status status="PASS" starttime="20240522 17:10:43.934" endtime="20240522 17:10:43.934"/>
</kw>
<kw name="Click Element" library="SAP_Tcode_Library">
<arg>wnd[1]/tbar[0]/btn[0]</arg>
<doc>Performs a single click on a given element. Used only for buttons, tabs and menu items.</doc>
<status status="PASS" starttime="20240522 17:10:43.934" endtime="20240522 17:10:45.662"/>
</kw>
<kw name="Sleep" library="BuiltIn">
<arg>1</arg>
<doc>Pauses the test executed for the given time.</doc>
<msg timestamp="20240522 17:10:46.662" level="INFO">Slept 1 second</msg>
<status status="PASS" starttime="20240522 17:10:45.662" endtime="20240522 17:10:46.662"/>
</kw>
<kw name="Input Text" library="SAP_Tcode_Library">
<arg>wnd[1]/usr/ctxtDY_PATH</arg>
<arg>${Results_Directory_Path}</arg>
<doc>Inserts the given text into the text field identified by locator.
Use keyword `input password` to insert a password in a text field.</doc>
<msg timestamp="20240522 17:10:46.662" level="INFO">Typing text 'C:\Users\Administrator\Documents\Results' into text field 'wnd[1]/usr/ctxtDY_PATH'.</msg>
<status status="PASS" starttime="20240522 17:10:46.662" endtime="20240522 17:10:46.662"/>
</kw>
<kw name="Input Text" library="SAP_Tcode_Library">
<arg>wnd[1]/usr/ctxtDY_FILENAME</arg>
<arg>${Req_Result2_Filename}</arg>
<doc>Inserts the given text into the text field identified by locator.
Use keyword `input password` to insert a password in a text field.</doc>
<msg timestamp="20240522 17:10:46.678" level="INFO">Typing text 'User_Accounts.xls' into text field 'wnd[1]/usr/ctxtDY_FILENAME'.</msg>
<status status="PASS" starttime="20240522 17:10:46.662" endtime="20240522 17:10:46.678"/>
</kw>
<kw name="Click Element" library="SAP_Tcode_Library">
<arg>wnd[1]/tbar[0]/btn[0]</arg>
<doc>Performs a single click on a given element. Used only for buttons, tabs and menu items.</doc>
<status status="PASS" starttime="20240522 17:10:46.678" endtime="20240522 17:10:49.093"/>
</kw>
<kw name="Sleep" library="BuiltIn">
<arg>1</arg>
<doc>Pauses the test executed for the given time.</doc>
<msg timestamp="20240522 17:10:50.093" level="INFO">Slept 1 second</msg>
<status status="PASS" starttime="20240522 17:10:49.093" endtime="20240522 17:10:50.093"/>
</kw>
<kw name="Log To Console" library="BuiltIn">
<arg>Requirement 2 completed</arg>
<doc>Logs the given message to the console.</doc>
<status status="PASS" starttime="20240522 17:10:50.093" endtime="20240522 17:10:50.093"/>
</kw>
<kw name="Click Element" library="SAP_Tcode_Library">
<arg>wnd[0]/tbar[0]/btn[3]</arg>
<doc>Performs a single click on a given element. Used only for buttons, tabs and menu items.</doc>
<status status="PASS" starttime="20240522 17:10:50.093" endtime="20240522 17:10:50.624"/>
</kw>
<kw name="Select Checkbox" library="SAP_Tcode_Library">
<arg>wnd[0]/usr/tabsTABSTRIP_TAB/tabpTAB1/ssub%_SUBSCREEN_TAB:RSUSR100N:1100/chkUSER_CRT</arg>
<doc>Selects checkbox identified by locator.
Does nothing if the checkbox is already selected.</doc>
<status status="PASS" starttime="20240522 17:10:50.624" endtime="20240522 17:10:50.639"/>
</kw>
<kw name="Select Checkbox" library="SAP_Tcode_Library">
<arg>wnd[0]/usr/tabsTABSTRIP_TAB/tabpTAB1/ssub%_SUBSCREEN_TAB:RSUSR100N:1100/chkPASS</arg>
<doc>Selects checkbox identified by locator.
Does nothing if the checkbox is already selected.</doc>
<status status="PASS" starttime="20240522 17:10:50.639" endtime="20240522 17:10:50.639"/>
</kw>
<kw name="Select Checkbox" library="SAP_Tcode_Library">
<arg>wnd[0]/usr/tabsTABSTRIP_TAB/tabpTAB1/ssub%_SUBSCREEN_TAB:RSUSR100N:1100/chkSECU</arg>
<doc>Selects checkbox identified by locator.
Does nothing if the checkbox is already selected.</doc>
<status status="PASS" starttime="20240522 17:10:50.639" endtime="20240522 17:10:50.655"/>
</kw>
<kw name="Select Checkbox" library="SAP_Tcode_Library">
<arg>wnd[0]/usr/tabsTABSTRIP_TAB/tabpTAB1/ssub%_SUBSCREEN_TAB:RSUSR100N:1100/chkUSER_DEL</arg>
<doc>Selects checkbox identified by locator.
Does nothing if the checkbox is already selected.</doc>
<status status="PASS" starttime="20240522 17:10:50.655" endtime="20240522 17:10:50.662"/>
</kw>
<kw name="Select Checkbox" library="SAP_Tcode_Library">
<arg>wnd[0]/usr/tabsTABSTRIP_TAB/tabpTAB1/ssub%_SUBSCREEN_TAB:RSUSR100N:1100/chkTYPE</arg>
<doc>Selects checkbox identified by locator.
Does nothing if the checkbox is already selected.</doc>
<status status="PASS" starttime="20240522 17:10:50.662" endtime="20240522 17:10:50.662"/>
</kw>
<kw name="Select Checkbox" library="SAP_Tcode_Library">
<arg>wnd[0]/usr/tabsTABSTRIP_TAB/tabpTAB1/ssub%_SUBSCREEN_TAB:RSUSR100N:1100/chkALOCK_S</arg>
<doc>Selects checkbox identified by locator.
Does nothing if the checkbox is already selected.</doc>
<status status="PASS" starttime="20240522 17:10:50.662" endtime="20240522 17:10:50.662"/>
</kw>
<kw name="Select Checkbox" library="SAP_Tcode_Library">
<arg>wnd[0]/usr/tabsTABSTRIP_TAB/tabpTAB1/ssub%_SUBSCREEN_TAB:RSUSR100N:1100/chkALOCK_D</arg>
<doc>Selects checkbox identified by locator.
Does nothing if the checkbox is already selected.</doc>
<status status="PASS" starttime="20240522 17:10:50.662" endtime="20240522 17:10:50.677"/>
</kw>
<kw name="Select Checkbox" library="SAP_Tcode_Library">
<arg>wnd[0]/usr/tabsTABSTRIP_TAB/tabpTAB1/ssub%_SUBSCREEN_TAB:RSUSR100N:1100/chkFLOCK_S</arg>
<doc>Selects checkbox identified by locator.
Does nothing if the checkbox is already selected.</doc>
<status status="PASS" starttime="20240522 17:10:50.677" endtime="20240522 17:10:50.677"/>
</kw>
<kw name="Select Checkbox" library="SAP_Tcode_Library">
<arg>wnd[0]/usr/tabsTABSTRIP_TAB/tabpTAB1/ssub%_SUBSCREEN_TAB:RSUSR100N:1100/chkFLOCK_D</arg>
<doc>Selects checkbox identified by locator.
Does nothing if the checkbox is already selected.</doc>
<status status="PASS" starttime="20240522 17:10:50.677" endtime="20240522 17:10:50.693"/>
</kw>
<kw name="Select Checkbox" library="SAP_Tcode_Library">
<arg>wnd[0]/usr/tabsTABSTRIP_TAB/tabpTAB1/ssub%_SUBSCREEN_TAB:RSUSR100N:1100/chkTVAL</arg>
<doc>Selects checkbox identified by locator.
Does nothing if the checkbox is already selected.</doc>
<status status="PASS" starttime="20240522 17:10:50.693" endtime="20240522 17:10:50.693"/>
</kw>
<kw name="Select Checkbox" library="SAP_Tcode_Library">
<arg>wnd[0]/usr/tabsTABSTRIP_TAB/tabpTAB1/ssub%_SUBSCREEN_TAB:RSUSR100N:1100/chkACCNT</arg>
<doc>Selects checkbox identified by locator.
Does nothing if the checkbox is already selected.</doc>
<status status="PASS" starttime="20240522 17:10:50.693" endtime="20240522 17:10:50.693"/>
</kw>
<kw name="Select Checkbox" library="SAP_Tcode_Library">
<arg>wnd[0]/usr/tabsTABSTRIP_TAB/tabpTAB1/ssub%_SUBSCREEN_TAB:RSUSR100N:1100/chkLICENSE</arg>
<doc>Selects checkbox identified by locator.
Does nothing if the checkbox is already selected.</doc>
<status status="PASS" starttime="20240522 17:10:50.693" endtime="20240522 17:10:50.709"/>
</kw>
<kw name="Select Checkbox" library="SAP_Tcode_Library">
<arg>wnd[0]/usr/tabsTABSTRIP_TAB/tabpTAB1/ssub%_SUBSCREEN_TAB:RSUSR100N:1100/chkREFUS</arg>
<doc>Selects checkbox identified by locator.
Does nothing if the checkbox is already selected.</doc>
<status status="PASS" starttime="20240522 17:10:50.709" endtime="20240522 17:10:50.709"/>
</kw>
<kw name="Select Checkbox" library="SAP_Tcode_Library">
<arg>wnd[0]/usr/tabsTABSTRIP_TAB/tabpTAB1/ssub%_SUBSCREEN_TAB:RSUSR100N:1100/chkGROUP</arg>
<doc>Selects checkbox identified by locator.
Does nothing if the checkbox is already selected.</doc>
<status status="PASS" starttime="20240522 17:10:50.709" endtime="20240522 17:10:50.709"/>
</kw>
<kw name="Select Checkbox" library="SAP_Tcode_Library">
<arg>wnd[0]/usr/tabsTABSTRIP_TAB/tabpTAB1/ssub%_SUBSCREEN_TAB:RSUSR100N:1100/chkADDRS</arg>
<doc>Selects checkbox identified by locator.
Does nothing if the checkbox is already selected.</doc>
<status status="PASS" starttime="20240522 17:10:50.724" endtime="20240522 17:10:50.724"/>
</kw>
<kw name="Select Checkbox" library="SAP_Tcode_Library">
<arg>wnd[0]/usr/tabsTABSTRIP_TAB/tabpTAB1/ssub%_SUBSCREEN_TAB:RSUSR100N:1100/chkALIAS</arg>
<doc>Selects checkbox identified by locator.
Does nothing if the checkbox is already selected.</doc>
<status status="PASS" starttime="20240522 17:10:50.724" endtime="20240522 17:10:50.724"/>
</kw>
<kw name="Select Checkbox" library="SAP_Tcode_Library">
<arg>wnd[0]/usr/tabsTABSTRIP_TAB/tabpTAB1/ssub%_SUBSCREEN_TAB:RSUSR100N:1100/chkSNC</arg>
<doc>Selects checkbox identified by locator.
Does nothing if the checkbox is already selected.</doc>
<status status="PASS" starttime="20240522 17:10:50.724" endtime="20240522 17:10:50.740"/>
</kw>
<kw name="Sleep" library="BuiltIn">
<arg>2</arg>
<doc>Pauses the test executed for the given time.</doc>
<msg timestamp="20240522 17:10:52.740" level="INFO">Slept 2 seconds</msg>
<status status="PASS" starttime="20240522 17:10:50.740" endtime="20240522 17:10:52.740"/>
</kw>
<kw name="Input Text" library="SAP_Tcode_Library">
<arg>wnd[0]/usr/ctxtFDATE</arg>
<arg>${start_date_Req6}</arg>
<doc>Inserts the given text into the text field identified by locator.
Use keyword `input password` to insert a password in a text field.</doc>
<msg timestamp="20240522 17:10:52.740" level="INFO">Typing text '01.04.2023' into text field 'wnd[0]/usr/ctxtFDATE'.</msg>
<status status="PASS" starttime="20240522 17:10:52.740" endtime="20240522 17:10:52.740"/>
</kw>
<kw name="Input Text" library="SAP_Tcode_Library">
<arg>wnd[0]/usr/ctxtTDATE</arg>
<arg>${end_date_Req6}</arg>
<doc>Inserts the given text into the text field identified by locator.
Use keyword `input password` to insert a password in a text field.</doc>
<msg timestamp="20240522 17:10:52.740" level="INFO">Typing text '01.04.2024' into text field 'wnd[0]/usr/ctxtTDATE'.</msg>
<status status="PASS" starttime="20240522 17:10:52.740" endtime="20240522 17:10:52.740"/>
</kw>
<kw name="Take Screenshot" library="SAP_Tcode_Library">
<arg>Req6_input.jpg</arg>
<doc>Takes a screenshot, only if 'screenshots on error' has been enabled,
either at import of with keyword `enable screenshots on error`.</doc>
<msg timestamp="20240522 17:10:52.790" level="INFO" html="true">&lt;a href="Req6_input.jpg"&gt;&lt;img src="Req6_input.jpg" width="800px"&gt;&lt;/a&gt;</msg>
<status status="PASS" starttime="20240522 17:10:52.740" endtime="20240522 17:10:52.806"/>
</kw>
<kw name="Sleep" library="BuiltIn">
<arg>3</arg>
<doc>Pauses the test executed for the given time.</doc>
<msg timestamp="20240522 17:10:55.806" level="INFO">Slept 3 seconds</msg>
<status status="PASS" starttime="20240522 17:10:52.806" endtime="20240522 17:10:55.806"/>
</kw>
<kw name="Click Element" library="SAP_Tcode_Library">
<arg>wnd[0]/mbar/menu[0]/menu[0]</arg>
<doc>Performs a single click on a given element. Used only for buttons, tabs and menu items.</doc>
<status status="PASS" starttime="20240522 17:10:55.806" endtime="20240522 17:12:37.632"/>
</kw>
<kw name="Sleep" library="BuiltIn">
<arg>3</arg>
<doc>Pauses the test executed for the given time.</doc>
<msg timestamp="20240522 17:12:40.649" level="INFO">Slept 3 seconds</msg>
<status status="PASS" starttime="20240522 17:12:37.632" endtime="20240522 17:12:40.649"/>
</kw>
<kw name="Take Screenshot" library="SAP_Tcode_Library">
<arg>Req6_output.jpg</arg>
<doc>Takes a screenshot, only if 'screenshots on error' has been enabled,
either at import of with keyword `enable screenshots on error`.</doc>
<msg timestamp="20240522 17:12:40.696" level="INFO" html="true">&lt;a href="Req6_output.jpg"&gt;&lt;img src="Req6_output.jpg" width="800px"&gt;&lt;/a&gt;</msg>
<status status="PASS" starttime="20240522 17:12:40.649" endtime="20240522 17:12:40.696"/>
</kw>
<kw name="Click Element" library="SAP_Tcode_Library">
<arg>wnd[0]/mbar/menu[0]/menu[3]/menu[1]</arg>
<doc>Performs a single click on a given element. Used only for buttons, tabs and menu items.</doc>
<status status="PASS" starttime="20240522 17:12:40.696" endtime="20240522 17:12:44.866"/>
</kw>
<kw name="Sleep" library="BuiltIn">
<arg>1</arg>
<doc>Pauses the test executed for the given time.</doc>
<msg timestamp="20240522 17:12:45.867" level="INFO">Slept 1 second</msg>
<status status="PASS" starttime="20240522 17:12:44.866" endtime="20240522 17:12:45.867"/>
</kw>
<kw name="Select Radio Button" library="SAP_Tcode_Library">
<arg>wnd[1]/usr/subSUBSCREEN_STEPLOOP:SAPLSPO5:0150/sub:SAPLSPO5:0150/radSPOPLI-SELFLAG[1,0]</arg>
<doc>Sets radio button to the specified value.</doc>
<status status="PASS" starttime="20240522 17:12:45.867" endtime="20240522 17:12:45.872"/>
</kw>
<kw name="Click Element" library="SAP_Tcode_Library">
<arg>wnd[1]/tbar[0]/btn[0]</arg>
<doc>Performs a single click on a given element. Used only for buttons, tabs and menu items.</doc>
<status status="PASS" starttime="20240522 17:12:45.872" endtime="20240522 17:12:54.727"/>
</kw>
<kw name="Sleep" library="BuiltIn">
<arg>1</arg>
<doc>Pauses the test executed for the given time.</doc>
<msg timestamp="20240522 17:12:55.727" level="INFO">Slept 1 second</msg>
<status status="PASS" starttime="20240522 17:12:54.727" endtime="20240522 17:12:55.727"/>
</kw>
<kw name="Input Text" library="SAP_Tcode_Library">
<arg>wnd[1]/usr/ctxtDY_PATH</arg>
<arg>${Results_Directory_Path}</arg>
<doc>Inserts the given text into the text field identified by locator.
Use keyword `input password` to insert a password in a text field.</doc>
<msg timestamp="20240522 17:12:55.727" level="INFO">Typing text 'C:\Users\Administrator\Documents\Results' into text field 'wnd[1]/usr/ctxtDY_PATH'.</msg>
<status status="PASS" starttime="20240522 17:12:55.727" endtime="20240522 17:12:55.727"/>
</kw>
<kw name="Input Text" library="SAP_Tcode_Library">
<arg>wnd[1]/usr/ctxtDY_FILENAME</arg>
<arg>${Req_Result6_Filename}</arg>
<doc>Inserts the given text into the text field identified by locator.
Use keyword `input password` to insert a password in a text field.</doc>
<msg timestamp="20240522 17:12:55.743" level="INFO">Typing text 'SAP_Support_Users.xls' into text field 'wnd[1]/usr/ctxtDY_FILENAME'.</msg>
<status status="PASS" starttime="20240522 17:12:55.727" endtime="20240522 17:12:55.743"/>
</kw>
<kw name="Sleep" library="BuiltIn">
<arg>1</arg>
<doc>Pauses the test executed for the given time.</doc>
<msg timestamp="20240522 17:12:56.744" level="INFO">Slept 1 second</msg>
<status status="PASS" starttime="20240522 17:12:55.743" endtime="20240522 17:12:56.744"/>
</kw>
<kw name="Click Element" library="SAP_Tcode_Library">
<arg>wnd[1]/tbar[0]/btn[0]</arg>
<doc>Performs a single click on a given element. Used only for buttons, tabs and menu items.</doc>
<status status="PASS" starttime="20240522 17:12:56.744" endtime="20240522 17:13:00.085"/>
</kw>
<kw name="Sleep" library="BuiltIn">
<arg>1</arg>
<doc>Pauses the test executed for the given time.</doc>
<msg timestamp="20240522 17:13:01.086" level="INFO">Slept 1 second</msg>
<status status="PASS" starttime="20240522 17:13:00.085" endtime="20240522 17:13:01.086"/>
</kw>
<kw name="Log To Console" library="BuiltIn">
<arg>Requirement 6 completed</arg>
<doc>Logs the given message to the console.</doc>
<status status="PASS" starttime="20240522 17:13:01.086" endtime="20240522 17:13:01.086"/>
</kw>
<kw name="Click Element" library="SAP_Tcode_Library">
<arg>wnd[0]/tbar[0]/btn[3]</arg>
<doc>Performs a single click on a given element. Used only for buttons, tabs and menu items.</doc>
<status status="PASS" starttime="20240522 17:13:01.086" endtime="20240522 17:13:01.662"/>
</kw>
<kw name="Click Element" library="SAP_Tcode_Library">
<arg>wnd[0]/tbar[0]/btn[3]</arg>
<doc>Performs a single click on a given element. Used only for buttons, tabs and menu items.</doc>
<status status="PASS" starttime="20240522 17:13:01.662" endtime="20240522 17:13:02.164"/>
</kw>
<kw name="Sleep" library="BuiltIn">
<arg>1</arg>
<doc>Pauses the test executed for the given time.</doc>
<msg timestamp="20240522 17:13:03.165" level="INFO">Slept 1 second</msg>
<status status="PASS" starttime="20240522 17:13:02.164" endtime="20240522 17:13:03.165"/>
</kw>
<kw name="Click Node Link" library="SAP_Tcode_Library">
<arg>${tree_id}</arg>
<arg>${link_id6}</arg>
<arg>${link_id7}</arg>
<arg>${link_id8}</arg>
<arg>${link_id9}</arg>
<arg>${link_id5}</arg>
<doc>Selects a link of a TableTreeControl 'tree_id' which is contained within a shell object.</doc>
<status status="PASS" starttime="20240522 17:13:03.165" endtime="20240522 17:13:04.119"/>
</kw>
<kw name="Sleep" library="BuiltIn">
<arg>1</arg>
<doc>Pauses the test executed for the given time.</doc>
<msg timestamp="20240522 17:13:05.120" level="INFO">Slept 1 second</msg>
<status status="PASS" starttime="20240522 17:13:04.119" endtime="20240522 17:13:05.120"/>
</kw>
<kw name="Click Element" library="SAP_Tcode_Library">
<arg>wnd[0]/usr/tabsTABSTRIP_TAB/tabpTAB4</arg>
<doc>Performs a single click on a given element. Used only for buttons, tabs and menu items.</doc>
<status status="PASS" starttime="20240522 17:13:05.120" endtime="20240522 17:13:05.380"/>
</kw>
<kw name="Sleep" library="BuiltIn">
<arg>1</arg>
<doc>Pauses the test executed for the given time.</doc>
<msg timestamp="20240522 17:13:06.380" level="INFO">Slept 1 second</msg>
<status status="PASS" starttime="20240522 17:13:05.380" endtime="20240522 17:13:06.380"/>
</kw>
<kw name="Input Text" library="SAP_Tcode_Library">
<arg>wnd[0]/usr/tabsTABSTRIP_TAB/tabpTAB4/ssub%_SUBSCREEN_TAB:RSUSR002:1004/ctxtOBJ1</arg>
<arg>S_TCODE</arg>
<doc>Inserts the given text into the text field identified by locator.
Use keyword `input password` to insert a password in a text field.</doc>
<msg timestamp="20240522 17:13:06.380" level="INFO">Typing text 'S_TCODE' into text field 'wnd[0]/usr/tabsTABSTRIP_TAB/tabpTAB4/ssub%_SUBSCREEN_TAB:RSUSR002:1004/ctxtOBJ1'.</msg>
<status status="PASS" starttime="20240522 17:13:06.380" endtime="20240522 17:13:06.380"/>
</kw>
<kw name="Send Vkey" library="SAP_Tcode_Library">
<arg>0</arg>
<doc>Sends a SAP virtual key combination to the window, not into an element.
If you want to send a value to a text field, use `input text` instead.</doc>
<status status="PASS" starttime="20240522 17:13:06.380" endtime="20240522 17:13:06.786"/>
</kw>
<kw name="Input Text" library="SAP_Tcode_Library">
<arg>wnd[0]/usr/tabsTABSTRIP_TAB/tabpTAB4/ssub%_SUBSCREEN_TAB:RSUSR002:1004/txtVAL101</arg>
<arg>STMS</arg>
<doc>Inserts the given text into the text field identified by locator.
Use keyword `input password` to insert a password in a text field.</doc>
<msg timestamp="20240522 17:13:06.802" level="INFO">Typing text 'STMS' into text field 'wnd[0]/usr/tabsTABSTRIP_TAB/tabpTAB4/ssub%_SUBSCREEN_TAB:RSUSR002:1004/txtVAL101'.</msg>
<status status="PASS" starttime="20240522 17:13:06.786" endtime="20240522 17:13:06.802"/>
</kw>
<kw name="Send Vkey" library="SAP_Tcode_Library">
<arg>0</arg>
<doc>Sends a SAP virtual key combination to the window, not into an element.
If you want to send a value to a text field, use `input text` instead.</doc>
<status status="PASS" starttime="20240522 17:13:06.802" endtime="20240522 17:13:07.172"/>
</kw>
<kw name="Input Text" library="SAP_Tcode_Library">
<arg>wnd[0]/usr/tabsTABSTRIP_TAB/tabpTAB4/ssub%_SUBSCREEN_TAB:RSUSR002:1004/ctxtOBJ2</arg>
<arg>S_CTS_ADMI</arg>
<doc>Inserts the given text into the text field identified by locator.
Use keyword `input password` to insert a password in a text field.</doc>
<msg timestamp="20240522 17:13:07.172" level="INFO">Typing text 'S_CTS_ADMI' into text field 'wnd[0]/usr/tabsTABSTRIP_TAB/tabpTAB4/ssub%_SUBSCREEN_TAB:RSUSR002:1004/ctxtOBJ2'.</msg>
<status status="PASS" starttime="20240522 17:13:07.172" endtime="20240522 17:13:07.172"/>
</kw>
<kw name="Send Vkey" library="SAP_Tcode_Library">
<arg>0</arg>
<doc>Sends a SAP virtual key combination to the window, not into an element.
If you want to send a value to a text field, use `input text` instead.</doc>
<status status="PASS" starttime="20240522 17:13:07.172" endtime="20240522 17:13:07.590"/>
</kw>
<kw name="Input Text" library="SAP_Tcode_Library">
<arg>wnd[0]/usr/tabsTABSTRIP_TAB/tabpTAB4/ssub%_SUBSCREEN_TAB:RSUSR002:1004/txtVAL201</arg>
<arg>IMPA</arg>
<doc>Inserts the given text into the text field identified by locator.
Use keyword `input password` to insert a password in a text field.</doc>
<msg timestamp="20240522 17:13:07.606" level="INFO">Typing text 'IMPA' into text field 'wnd[0]/usr/tabsTABSTRIP_TAB/tabpTAB4/ssub%_SUBSCREEN_TAB:RSUSR002:1004/txtVAL201'.</msg>
<status status="PASS" starttime="20240522 17:13:07.590" endtime="20240522 17:13:07.606"/>
</kw>
<kw name="Send Vkey" library="SAP_Tcode_Library">
<arg>0</arg>
<doc>Sends a SAP virtual key combination to the window, not into an element.
If you want to send a value to a text field, use `input text` instead.</doc>
<status status="PASS" starttime="20240522 17:13:07.606" endtime="20240522 17:13:08.008"/>
</kw>
<kw name="Sleep" library="BuiltIn">
<arg>1</arg>
<doc>Pauses the test executed for the given time.</doc>
<msg timestamp="20240522 17:13:09.008" level="INFO">Slept 1 second</msg>
<status status="PASS" starttime="20240522 17:13:08.008" endtime="20240522 17:13:09.008"/>
</kw>
<kw name="Take Screenshot" library="SAP_Tcode_Library">
<arg>req3_output.jpg</arg>
<doc>Takes a screenshot, only if 'screenshots on error' has been enabled,
either at import of with keyword `enable screenshots on error`.</doc>
<msg timestamp="20240522 17:13:09.071" level="INFO" html="true">&lt;a href="req3_output.jpg"&gt;&lt;img src="req3_output.jpg" width="800px"&gt;&lt;/a&gt;</msg>
<status status="PASS" starttime="20240522 17:13:09.008" endtime="20240522 17:13:09.071"/>
</kw>
<kw name="Sleep" library="BuiltIn">
<arg>2</arg>
<doc>Pauses the test executed for the given time.</doc>
<msg timestamp="20240522 17:13:11.071" level="INFO">Slept 2 seconds</msg>
<status status="PASS" starttime="20240522 17:13:09.071" endtime="20240522 17:13:11.071"/>
</kw>
<kw name="Click Element" library="SAP_Tcode_Library">
<arg>wnd[0]/mbar/menu[0]/menu[0]</arg>
<doc>Performs a single click on a given element. Used only for buttons, tabs and menu items.</doc>
<status status="PASS" starttime="20240522 17:13:11.071" endtime="20240522 17:13:47.049"/>
</kw>
<kw name="Sleep" library="BuiltIn">
<arg>1</arg>
<doc>Pauses the test executed for the given time.</doc>
<msg timestamp="20240522 17:13:48.049" level="INFO">Slept 1 second</msg>
<status status="PASS" starttime="20240522 17:13:47.049" endtime="20240522 17:13:48.049"/>
</kw>
<kw name="Take Screenshot" library="SAP_Tcode_Library">
<arg>req3_output2.jpg</arg>
<doc>Takes a screenshot, only if 'screenshots on error' has been enabled,
either at import of with keyword `enable screenshots on error`.</doc>
<msg timestamp="20240522 17:13:48.094" level="INFO" html="true">&lt;a href="req3_output2.jpg"&gt;&lt;img src="req3_output2.jpg" width="800px"&gt;&lt;/a&gt;</msg>
<status status="PASS" starttime="20240522 17:13:48.049" endtime="20240522 17:13:48.094"/>
</kw>
<kw name="Click Element" library="SAP_Tcode_Library">
<arg>wnd[0]/mbar/menu[0]/menu[3]/menu[2]</arg>
<doc>Performs a single click on a given element. Used only for buttons, tabs and menu items.</doc>
<status status="PASS" starttime="20240522 17:13:48.094" endtime="20240522 17:13:49.121"/>
</kw>
<kw name="Sleep" library="BuiltIn">
<arg>1</arg>
<doc>Pauses the test executed for the given time.</doc>
<msg timestamp="20240522 17:13:50.121" level="INFO">Slept 1 second</msg>
<status status="PASS" starttime="20240522 17:13:49.121" endtime="20240522 17:13:50.121"/>
</kw>
<kw name="Select Radio Button" library="SAP_Tcode_Library">
<arg>wnd[1]/usr/subSUBSCREEN_STEPLOOP:SAPLSPO5:0150/sub:SAPLSPO5:0150/radSPOPLI-SELFLAG[1,0]</arg>
<doc>Sets radio button to the specified value.</doc>
<status status="PASS" starttime="20240522 17:13:50.121" endtime="20240522 17:13:50.121"/>
</kw>
<kw name="Click Element" library="SAP_Tcode_Library">
<arg>wnd[1]/tbar[0]/btn[0]</arg>
<doc>Performs a single click on a given element. Used only for buttons, tabs and menu items.</doc>
<status status="PASS" starttime="20240522 17:13:50.121" endtime="20240522 17:13:51.672"/>
</kw>
<kw name="Sleep" library="BuiltIn">
<arg>1</arg>
<doc>Pauses the test executed for the given time.</doc>
<msg timestamp="20240522 17:13:52.672" level="INFO">Slept 1 second</msg>
<status status="PASS" starttime="20240522 17:13:51.672" endtime="20240522 17:13:52.672"/>
</kw>
<kw name="Input Text" library="SAP_Tcode_Library">
<arg>wnd[1]/usr/ctxtDY_PATH</arg>
<arg>${Results_Directory_Path}</arg>
<doc>Inserts the given text into the text field identified by locator.
Use keyword `input password` to insert a password in a text field.</doc>
<msg timestamp="20240522 17:13:52.677" level="INFO">Typing text 'C:\Users\Administrator\Documents\Results' into text field 'wnd[1]/usr/ctxtDY_PATH'.</msg>
<status status="PASS" starttime="20240522 17:13:52.672" endtime="20240522 17:13:52.677"/>
</kw>
<kw name="Input Text" library="SAP_Tcode_Library">
<arg>wnd[1]/usr/ctxtDY_FILENAME</arg>
<arg>${Req_Result3_Filename}</arg>
<doc>Inserts the given text into the text field identified by locator.
Use keyword `input password` to insert a password in a text field.</doc>
<msg timestamp="20240522 17:13:52.677" level="INFO">Typing text 'Users_By_Complex_Selection.xls' into text field 'wnd[1]/usr/ctxtDY_FILENAME'.</msg>
<status status="PASS" starttime="20240522 17:13:52.677" endtime="20240522 17:13:52.677"/>
</kw>
<kw name="Click Element" library="SAP_Tcode_Library">
<arg>wnd[1]/tbar[0]/btn[0]</arg>
<doc>Performs a single click on a given element. Used only for buttons, tabs and menu items.</doc>
<status status="PASS" starttime="20240522 17:13:52.677" endtime="20240522 17:13:54.981"/>
</kw>
<kw name="Sleep" library="BuiltIn">
<arg>1</arg>
<doc>Pauses the test executed for the given time.</doc>
<msg timestamp="20240522 17:13:55.989" level="INFO">Slept 1 second</msg>
<status status="PASS" starttime="20240522 17:13:54.981" endtime="20240522 17:13:55.989"/>
</kw>
<kw name="Log To Console" library="BuiltIn">
<arg>Requirement 3 completed</arg>
<doc>Logs the given message to the console.</doc>
<status status="PASS" starttime="20240522 17:13:55.989" endtime="20240522 17:13:55.989"/>
</kw>
<kw name="Click Element" library="SAP_Tcode_Library">
<arg>wnd[0]/tbar[0]/btn[3]</arg>
<doc>Performs a single click on a given element. Used only for buttons, tabs and menu items.</doc>
<status status="PASS" starttime="20240522 17:13:55.989" endtime="20240522 17:13:56.543"/>
</kw>
<kw name="Click Element" library="SAP_Tcode_Library">
<arg>wnd[0]/tbar[0]/btn[3]</arg>
<doc>Performs a single click on a given element. Used only for buttons, tabs and menu items.</doc>
<status status="PASS" starttime="20240522 17:13:56.543" endtime="20240522 17:13:57.061"/>
</kw>
<kw name="Sleep" library="BuiltIn">
<arg>1</arg>
<doc>Pauses the test executed for the given time.</doc>
<msg timestamp="20240522 17:13:58.061" level="INFO">Slept 1 second</msg>
<status status="PASS" starttime="20240522 17:13:57.061" endtime="20240522 17:13:58.061"/>
</kw>
<kw name="Click Node Link" library="SAP_Tcode_Library">
<arg>${tree_id}</arg>
<arg>${link_id6}</arg>
<arg>${link_id7}</arg>
<arg>${link_id8}</arg>
<arg>${link_id9}</arg>
<arg>${link_id5}</arg>
<doc>Selects a link of a TableTreeControl 'tree_id' which is contained within a shell object.</doc>
<status status="PASS" starttime="20240522 17:13:58.061" endtime="20240522 17:13:58.405"/>
</kw>
<kw name="Sleep" library="BuiltIn">
<arg>1</arg>
<doc>Pauses the test executed for the given time.</doc>
<msg timestamp="20240522 17:13:59.405" level="INFO">Slept 1 second</msg>
<status status="PASS" starttime="20240522 17:13:58.405" endtime="20240522 17:13:59.405"/>
</kw>
<kw name="Click Element" library="SAP_Tcode_Library">
<arg>wnd[0]/usr/tabsTABSTRIP_TAB/tabpTAB4</arg>
<doc>Performs a single click on a given element. Used only for buttons, tabs and menu items.</doc>
<status status="PASS" starttime="20240522 17:13:59.405" endtime="20240522 17:13:59.674"/>
</kw>
<kw name="Input Text" library="SAP_Tcode_Library">
<arg>wnd[0]/usr/tabsTABSTRIP_TAB/tabpTAB4/ssub%_SUBSCREEN_TAB:RSUSR002:1004/ctxtOBJ1</arg>
<arg>S_BTCH_ADM</arg>
<doc>Inserts the given text into the text field identified by locator.
Use keyword `input password` to insert a password in a text field.</doc>
<msg timestamp="20240522 17:13:59.690" level="INFO">Typing text 'S_BTCH_ADM' into text field 'wnd[0]/usr/tabsTABSTRIP_TAB/tabpTAB4/ssub%_SUBSCREEN_TAB:RSUSR002:1004/ctxtOBJ1'.</msg>
<status status="PASS" starttime="20240522 17:13:59.674" endtime="20240522 17:13:59.690"/>
</kw>
<kw name="Send Vkey" library="SAP_Tcode_Library">
<arg>0</arg>
<doc>Sends a SAP virtual key combination to the window, not into an element.
If you want to send a value to a text field, use `input text` instead.</doc>
<status status="PASS" starttime="20240522 17:13:59.690" endtime="20240522 17:13:59.992"/>
</kw>
<kw name="Input Text" library="SAP_Tcode_Library">
<arg>wnd[0]/usr/tabsTABSTRIP_TAB/tabpTAB4/ssub%_SUBSCREEN_TAB:RSUSR002:1004/txtVAL101</arg>
<arg>Y</arg>
<doc>Inserts the given text into the text field identified by locator.
Use keyword `input password` to insert a password in a text field.</doc>
<msg timestamp="20240522 17:13:59.992" level="INFO">Typing text 'Y' into text field 'wnd[0]/usr/tabsTABSTRIP_TAB/tabpTAB4/ssub%_SUBSCREEN_TAB:RSUSR002:1004/txtVAL101'.</msg>
<status status="PASS" starttime="20240522 17:13:59.992" endtime="20240522 17:13:59.992"/>
</kw>
<kw name="Send Vkey" library="SAP_Tcode_Library">
<arg>0</arg>
<doc>Sends a SAP virtual key combination to the window, not into an element.
If you want to send a value to a text field, use `input text` instead.</doc>
<status status="PASS" starttime="20240522 17:13:59.992" endtime="20240522 17:14:00.316"/>
</kw>
<kw name="Input Text" library="SAP_Tcode_Library">
<arg>wnd[0]/usr/tabsTABSTRIP_TAB/tabpTAB4/ssub%_SUBSCREEN_TAB:RSUSR002:1004/ctxtOBJ2</arg>
<arg>S_BTCH_JOB</arg>
<doc>Inserts the given text into the text field identified by locator.
Use keyword `input password` to insert a password in a text field.</doc>
<msg timestamp="20240522 17:14:00.316" level="INFO">Typing text 'S_BTCH_JOB' into text field 'wnd[0]/usr/tabsTABSTRIP_TAB/tabpTAB4/ssub%_SUBSCREEN_TAB:RSUSR002:1004/ctxtOBJ2'.</msg>
<status status="PASS" starttime="20240522 17:14:00.316" endtime="20240522 17:14:00.316"/>
</kw>
<kw name="Send Vkey" library="SAP_Tcode_Library">
<arg>0</arg>
<doc>Sends a SAP virtual key combination to the window, not into an element.
If you want to send a value to a text field, use `input text` instead.</doc>
<status status="PASS" starttime="20240522 17:14:00.316" endtime="20240522 17:14:00.633"/>
</kw>
<kw name="Input Text" library="SAP_Tcode_Library">
<arg>wnd[0]/usr/tabsTABSTRIP_TAB/tabpTAB4/ssub%_SUBSCREEN_TAB:RSUSR002:1004/txtVAL201</arg>
<arg>DELE</arg>
<doc>Inserts the given text into the text field identified by locator.
Use keyword `input password` to insert a password in a text field.</doc>
<msg timestamp="20240522 17:14:00.633" level="INFO">Typing text 'DELE' into text field 'wnd[0]/usr/tabsTABSTRIP_TAB/tabpTAB4/ssub%_SUBSCREEN_TAB:RSUSR002:1004/txtVAL201'.</msg>
<status status="PASS" starttime="20240522 17:14:00.633" endtime="20240522 17:14:00.633"/>
</kw>
<kw name="Input Text" library="SAP_Tcode_Library">
<arg>wnd[0]/usr/tabsTABSTRIP_TAB/tabpTAB4/ssub%_SUBSCREEN_TAB:RSUSR002:1004/txtVAL202</arg>
<arg>RELE</arg>
<doc>Inserts the given text into the text field identified by locator.
Use keyword `input password` to insert a password in a text field.</doc>
<msg timestamp="20240522 17:14:00.649" level="INFO">Typing text 'RELE' into text field 'wnd[0]/usr/tabsTABSTRIP_TAB/tabpTAB4/ssub%_SUBSCREEN_TAB:RSUSR002:1004/txtVAL202'.</msg>
<status status="PASS" starttime="20240522 17:14:00.633" endtime="20240522 17:14:00.649"/>
</kw>
<kw name="Send Vkey" library="SAP_Tcode_Library">
<arg>0</arg>
<doc>Sends a SAP virtual key combination to the window, not into an element.
If you want to send a value to a text field, use `input text` instead.</doc>
<status status="PASS" starttime="20240522 17:14:00.649" endtime="20240522 17:14:00.966"/>
</kw>
<kw name="Input Text" library="SAP_Tcode_Library">
<arg>wnd[0]/usr/tabsTABSTRIP_TAB/tabpTAB4/ssub%_SUBSCREEN_TAB:RSUSR002:1004/ctxtOBJ3</arg>
<arg>S_TCODE</arg>
<doc>Inserts the given text into the text field identified by locator.
Use keyword `input password` to insert a password in a text field.</doc>
<msg timestamp="20240522 17:14:00.966" level="INFO">Typing text 'S_TCODE' into text field 'wnd[0]/usr/tabsTABSTRIP_TAB/tabpTAB4/ssub%_SUBSCREEN_TAB:RSUSR002:1004/ctxtOBJ3'.</msg>
<status status="PASS" starttime="20240522 17:14:00.966" endtime="20240522 17:14:00.966"/>
</kw>
<kw name="Send Vkey" library="SAP_Tcode_Library">
<arg>0</arg>
<doc>Sends a SAP virtual key combination to the window, not into an element.
If you want to send a value to a text field, use `input text` instead.</doc>
<status status="PASS" starttime="20240522 17:14:00.966" endtime="20240522 17:14:01.299"/>
</kw>
<kw name="Input Text" library="SAP_Tcode_Library">
<arg>wnd[0]/usr/tabsTABSTRIP_TAB/tabpTAB4/ssub%_SUBSCREEN_TAB:RSUSR002:1004/txtVAL301</arg>
<arg>SM36*</arg>
<doc>Inserts the given text into the text field identified by locator.
Use keyword `input password` to insert a password in a text field.</doc>
<msg timestamp="20240522 17:14:01.314" level="INFO">Typing text 'SM36*' into text field 'wnd[0]/usr/tabsTABSTRIP_TAB/tabpTAB4/ssub%_SUBSCREEN_TAB:RSUSR002:1004/txtVAL301'.</msg>
<status status="PASS" starttime="20240522 17:14:01.299" endtime="20240522 17:14:01.314"/>
</kw>
<kw name="Input Text" library="SAP_Tcode_Library">
<arg>wnd[0]/usr/tabsTABSTRIP_TAB/tabpTAB4/ssub%_SUBSCREEN_TAB:RSUSR002:1004/txtVAL302</arg>
<arg>SM37*</arg>
<doc>Inserts the given text into the text field identified by locator.
Use keyword `input password` to insert a password in a text field.</doc>
<msg timestamp="20240522 17:14:01.321" level="INFO">Typing text 'SM37*' into text field 'wnd[0]/usr/tabsTABSTRIP_TAB/tabpTAB4/ssub%_SUBSCREEN_TAB:RSUSR002:1004/txtVAL302'.</msg>
<status status="PASS" starttime="20240522 17:14:01.314" endtime="20240522 17:14:01.321"/>
</kw>
<kw name="Take Screenshot" library="SAP_Tcode_Library">
<arg>req7_output.jpg</arg>
<doc>Takes a screenshot, only if 'screenshots on error' has been enabled,
either at import of with keyword `enable screenshots on error`.</doc>
<msg timestamp="20240522 17:14:01.368" level="INFO" html="true">&lt;a href="req7_output.jpg"&gt;&lt;img src="req7_output.jpg" width="800px"&gt;&lt;/a&gt;</msg>
<status status="PASS" starttime="20240522 17:14:01.321" endtime="20240522 17:14:01.368"/>
</kw>
<kw name="Sleep" library="BuiltIn">
<arg>2</arg>
<doc>Pauses the test executed for the given time.</doc>
<msg timestamp="20240522 17:14:03.369" level="INFO">Slept 2 seconds</msg>
<status status="PASS" starttime="20240522 17:14:01.368" endtime="20240522 17:14:03.369"/>
</kw>
<kw name="Click Element" library="SAP_Tcode_Library">
<arg>wnd[0]/mbar/menu[0]/menu[0]</arg>
<doc>Performs a single click on a given element. Used only for buttons, tabs and menu items.</doc>
<status status="PASS" starttime="20240522 17:14:03.369" endtime="20240522 17:14:39.808"/>
</kw>
<kw name="Sleep" library="BuiltIn">
<arg>1</arg>
<doc>Pauses the test executed for the given time.</doc>
<msg timestamp="20240522 17:14:40.808" level="INFO">Slept 1 second</msg>
<status status="PASS" starttime="20240522 17:14:39.808" endtime="20240522 17:14:40.808"/>
</kw>
<kw name="Take Screenshot" library="SAP_Tcode_Library">
<arg>req7_output2.jpg</arg>
<doc>Takes a screenshot, only if 'screenshots on error' has been enabled,
either at import of with keyword `enable screenshots on error`.</doc>
<msg timestamp="20240522 17:14:40.871" level="INFO" html="true">&lt;a href="req7_output2.jpg"&gt;&lt;img src="req7_output2.jpg" width="800px"&gt;&lt;/a&gt;</msg>
<status status="PASS" starttime="20240522 17:14:40.808" endtime="20240522 17:14:40.871"/>
</kw>
<kw name="Click Element" library="SAP_Tcode_Library">
<arg>wnd[0]/mbar/menu[0]/menu[3]/menu[1]</arg>
<doc>Performs a single click on a given element. Used only for buttons, tabs and menu items.</doc>
<status status="PASS" starttime="20240522 17:14:40.871" endtime="20240522 17:14:41.363"/>
</kw>
<kw name="Sleep" library="BuiltIn">
<arg>1</arg>
<doc>Pauses the test executed for the given time.</doc>
<msg timestamp="20240522 17:14:42.363" level="INFO">Slept 1 second</msg>
<status status="PASS" starttime="20240522 17:14:41.363" endtime="20240522 17:14:42.363"/>
</kw>
<kw name="Click Element" library="SAP_Tcode_Library">
<arg>wnd[1]/tbar[0]/btn[0]</arg>
<doc>Performs a single click on a given element. Used only for buttons, tabs and menu items.</doc>
<status status="PASS" starttime="20240522 17:14:42.363" endtime="20240522 17:14:45.637"/>
</kw>
<kw name="Sleep" library="BuiltIn">
<arg>1</arg>
<doc>Pauses the test executed for the given time.</doc>
<msg timestamp="20240522 17:14:46.638" level="INFO">Slept 1 second</msg>
<status status="PASS" starttime="20240522 17:14:45.637" endtime="20240522 17:14:46.638"/>
</kw>
<kw name="Input Text" library="SAP_Tcode_Library">
<arg>wnd[1]/usr/ctxtDY_PATH</arg>
<arg>${Results_Directory_Path}</arg>
<doc>Inserts the given text into the text field identified by locator.
Use keyword `input password` to insert a password in a text field.</doc>
<msg timestamp="20240522 17:14:46.638" level="INFO">Typing text 'C:\Users\Administrator\Documents\Results' into text field 'wnd[1]/usr/ctxtDY_PATH'.</msg>
<status status="PASS" starttime="20240522 17:14:46.638" endtime="20240522 17:14:46.638"/>
</kw>
<kw name="Input Text" library="SAP_Tcode_Library">
<arg>wnd[1]/usr/ctxtDY_FILENAME</arg>
<arg>${Req_Result7_Filename}</arg>
<doc>Inserts the given text into the text field identified by locator.
Use keyword `input password` to insert a password in a text field.</doc>
<msg timestamp="20240522 17:14:46.654" level="INFO">Typing text 'Batch_Job_Users.xlsx' into text field 'wnd[1]/usr/ctxtDY_FILENAME'.</msg>
<status status="PASS" starttime="20240522 17:14:46.638" endtime="20240522 17:14:46.654"/>
</kw>
<kw name="Click Element" library="SAP_Tcode_Library">
<arg>wnd[1]/tbar[0]/btn[0]</arg>
<doc>Performs a single click on a given element. Used only for buttons, tabs and menu items.</doc>
<status status="PASS" starttime="20240522 17:14:46.654" endtime="20240522 17:14:49.016"/>
</kw>
<kw name="Sleep" library="BuiltIn">
<arg>1</arg>
<doc>Pauses the test executed for the given time.</doc>
<msg timestamp="20240522 17:14:50.016" level="INFO">Slept 1 second</msg>
<status status="PASS" starttime="20240522 17:14:49.016" endtime="20240522 17:14:50.016"/>
</kw>
<kw name="Log To Console" library="BuiltIn">
<arg>Requirement 7 completed</arg>
<doc>Logs the given message to the console.</doc>
<status status="PASS" starttime="20240522 17:14:50.016" endtime="20240522 17:14:50.016"/>
</kw>
<kw name="Req7 Usernames Extract" library="SAP_Tcode_Library">
<arg>${file_loc}</arg>
<status status="PASS" starttime="20240522 17:14:50.016" endtime="20240522 17:14:50.601"/>
</kw>
<kw name="Click Element" library="SAP_Tcode_Library">
<arg>wnd[0]/tbar[0]/btn[3]</arg>
<doc>Performs a single click on a given element. Used only for buttons, tabs and menu items.</doc>
<status status="PASS" starttime="20240522 17:14:50.601" endtime="20240522 17:14:51.236"/>
</kw>
<kw name="Sleep" library="BuiltIn">
<arg>1</arg>
<doc>Pauses the test executed for the given time.</doc>
<msg timestamp="20240522 17:14:52.237" level="INFO">Slept 1 second</msg>
<status status="PASS" starttime="20240522 17:14:51.236" endtime="20240522 17:14:52.237"/>
</kw>
<kw name="Click Element" library="SAP_Tcode_Library">
<arg>wnd[0]/usr/btn%_USER_%_APP_%-VALU_PUSH</arg>
<doc>Performs a single click on a given element. Used only for buttons, tabs and menu items.</doc>
<status status="PASS" starttime="20240522 17:14:52.237" endtime="20240522 17:14:52.565"/>
</kw>
<kw name="Sleep" library="BuiltIn">
<arg>1</arg>
<doc>Pauses the test executed for the given time.</doc>
<msg timestamp="20240522 17:14:53.566" level="INFO">Slept 1 second</msg>
<status status="PASS" starttime="20240522 17:14:52.565" endtime="20240522 17:14:53.566"/>
</kw>
<kw name="Click Element" library="SAP_Tcode_Library">
<arg>wnd[1]/tbar[0]/btn[23]</arg>
<doc>Performs a single click on a given element. Used only for buttons, tabs and menu items.</doc>
<status status="PASS" starttime="20240522 17:14:53.566" endtime="20240522 17:14:54.992"/>
</kw>
<kw name="Input Text" library="SAP_Tcode_Library">
<arg>wnd[2]/usr/ctxtDY_PATH</arg>
<arg>${Req7_usernames_path}</arg>
<doc>Inserts the given text into the text field identified by locator.
Use keyword `input password` to insert a password in a text field.</doc>
<msg timestamp="20240522 17:14:55.055" level="INFO">Typing text 'C:\SAP_Testing\SAPtesting' into text field 'wnd[2]/usr/ctxtDY_PATH'.</msg>
<status status="PASS" starttime="20240522 17:14:54.992" endtime="20240522 17:14:55.055"/>
</kw>
<kw name="Input Text" library="SAP_Tcode_Library">
<arg>wnd[2]/usr/ctxtDY_FILENAME</arg>
<arg>${Req7_usernames_textfile}</arg>
<doc>Inserts the given text into the text field identified by locator.
Use keyword `input password` to insert a password in a text field.</doc>
<msg timestamp="20240522 17:14:55.055" level="INFO">Typing text 'output_req7.txt' into text field 'wnd[2]/usr/ctxtDY_FILENAME'.</msg>
<status status="PASS" starttime="20240522 17:14:55.055" endtime="20240522 17:14:55.055"/>
</kw>
<kw name="Click Element" library="SAP_Tcode_Library">
<arg>wnd[2]/tbar[0]/btn[0]</arg>
<doc>Performs a single click on a given element. Used only for buttons, tabs and menu items.</doc>
<status status="PASS" starttime="20240522 17:14:55.055" endtime="20240522 17:14:57.269"/>
</kw>
<kw name="Click Element" library="SAP_Tcode_Library">
<arg>wnd[1]/tbar[0]/btn[8]</arg>
<doc>Performs a single click on a given element. Used only for buttons, tabs and menu items.</doc>
<status status="PASS" starttime="20240522 17:14:57.269" endtime="20240522 17:15:05.605"/>
</kw>
<kw name="Sleep" library="BuiltIn">
<arg>1</arg>
<doc>Pauses the test executed for the given time.</doc>
<msg timestamp="20240522 17:15:06.606" level="INFO">Slept 1 second</msg>
<status status="PASS" starttime="20240522 17:15:05.605" endtime="20240522 17:15:06.606"/>
</kw>
<kw name="Click Element" library="SAP_Tcode_Library">
<arg>wnd[0]/mbar/menu[0]/menu[0]</arg>
<doc>Performs a single click on a given element. Used only for buttons, tabs and menu items.</doc>
<status status="PASS" starttime="20240522 17:15:06.606" endtime="20240522 17:15:07.768"/>
</kw>
<kw name="Click Element" library="SAP_Tcode_Library">
<arg>wnd[1]/tbar[0]/btn[0]</arg>
<doc>Performs a single click on a given element. Used only for buttons, tabs and menu items.</doc>
<status status="PASS" starttime="20240522 17:15:07.768" endtime="20240522 17:15:09.159"/>
</kw>
<kw name="Click Element" library="SAP_Tcode_Library">
<arg>wnd[0]/mbar/menu[0]/menu[3]/menu[1]</arg>
<doc>Performs a single click on a given element. Used only for buttons, tabs and menu items.</doc>
<status status="PASS" starttime="20240522 17:15:09.159" endtime="20240522 17:15:09.712"/>
</kw>
<kw name="Click Element" library="SAP_Tcode_Library">
<arg>wnd[1]/tbar[0]/btn[0]</arg>
<doc>Performs a single click on a given element. Used only for buttons, tabs and menu items.</doc>
<status status="PASS" starttime="20240522 17:15:09.712" endtime="20240522 17:15:11.758"/>
</kw>
<kw name="Sleep" library="BuiltIn">
<arg>1</arg>
<doc>Pauses the test executed for the given time.</doc>
<msg timestamp="20240522 17:15:12.758" level="INFO">Slept 1 second</msg>
<status status="PASS" starttime="20240522 17:15:11.758" endtime="20240522 17:15:12.758"/>
</kw>
<kw name="Input Text" library="SAP_Tcode_Library">
<arg>wnd[1]/usr/ctxtDY_PATH</arg>
<arg>${Results_Directory_Path}</arg>
<doc>Inserts the given text into the text field identified by locator.
Use keyword `input password` to insert a password in a text field.</doc>
<msg timestamp="20240522 17:15:12.763" level="INFO">Typing text 'C:\Users\Administrator\Documents\Results' into text field 'wnd[1]/usr/ctxtDY_PATH'.</msg>
<status status="PASS" starttime="20240522 17:15:12.758" endtime="20240522 17:15:12.763"/>
</kw>
<kw name="Input Text" library="SAP_Tcode_Library">
<arg>wnd[1]/usr/ctxtDY_FILENAME</arg>
<arg>${Req_Result7_usernames_Filename}</arg>
<doc>Inserts the given text into the text field identified by locator.
Use keyword `input password` to insert a password in a text field.</doc>
<msg timestamp="20240522 17:15:12.763" level="INFO">Typing text 'Req7_users_filter.xlsx' into text field 'wnd[1]/usr/ctxtDY_FILENAME'.</msg>
<status status="PASS" starttime="20240522 17:15:12.763" endtime="20240522 17:15:12.763"/>
</kw>
<kw name="Sleep" library="BuiltIn">
<arg>1</arg>
<doc>Pauses the test executed for the given time.</doc>
<msg timestamp="20240522 17:15:13.763" level="INFO">Slept 1 second</msg>
<status status="PASS" starttime="20240522 17:15:12.763" endtime="20240522 17:15:13.763"/>
</kw>
<kw name="Click Element" library="SAP_Tcode_Library">
<arg>wnd[1]/tbar[0]/btn[0]</arg>
<doc>Performs a single click on a given element. Used only for buttons, tabs and menu items.</doc>
<status status="PASS" starttime="20240522 17:15:13.763" endtime="20240522 17:15:15.674"/>
</kw>
<kw name="Log To Console" library="BuiltIn">
<arg>Req 7 completed</arg>
<doc>Logs the given message to the console.</doc>
<status status="PASS" starttime="20240522 17:15:15.674" endtime="20240522 17:15:15.674"/>
</kw>
<kw name="Click Element" library="SAP_Tcode_Library">
<arg>wnd[0]/tbar[0]/btn[3]</arg>
<doc>Performs a single click on a given element. Used only for buttons, tabs and menu items.</doc>
<status status="PASS" starttime="20240522 17:15:15.680" endtime="20240522 17:15:16.346"/>
</kw>
<kw name="Click Element" library="SAP_Tcode_Library">
<arg>wnd[0]/tbar[0]/btn[3]</arg>
<doc>Performs a single click on a given element. Used only for buttons, tabs and menu items.</doc>
<status status="PASS" starttime="20240522 17:15:16.346" endtime="20240522 17:15:16.864"/>
</kw>
<kw name="Sleep" library="BuiltIn">
<arg>1</arg>
<doc>Pauses the test executed for the given time.</doc>
<msg timestamp="20240522 17:15:17.864" level="INFO">Slept 1 second</msg>
<status status="PASS" starttime="20240522 17:15:16.864" endtime="20240522 17:15:17.864"/>
</kw>
<kw name="Click Node Link" library="SAP_Tcode_Library">
<arg>${tree_id}</arg>
<arg>${link_id6}</arg>
<arg>${link_id7}</arg>
<arg>${link_id8}</arg>
<arg>${link_id9}</arg>
<arg>${link_id5}</arg>
<doc>Selects a link of a TableTreeControl 'tree_id' which is contained within a shell object.</doc>
<status status="PASS" starttime="20240522 17:15:17.864" endtime="20240522 17:15:18.192"/>
</kw>
<kw name="Sleep" library="BuiltIn">
<arg>1</arg>
<doc>Pauses the test executed for the given time.</doc>
<msg timestamp="20240522 17:15:19.193" level="INFO">Slept 1 second</msg>
<status status="PASS" starttime="20240522 17:15:18.192" endtime="20240522 17:15:19.193"/>
</kw>
<kw name="Click Element" library="SAP_Tcode_Library">
<arg>wnd[0]/usr/tabsTABSTRIP_TAB/tabpTAB4</arg>
<doc>Performs a single click on a given element. Used only for buttons, tabs and menu items.</doc>
<status status="PASS" starttime="20240522 17:15:19.193" endtime="20240522 17:15:19.429"/>
</kw>
<kw name="Input Text" library="SAP_Tcode_Library">
<arg>wnd[0]/usr/tabsTABSTRIP_TAB/tabpTAB4/ssub%_SUBSCREEN_TAB:RSUSR002:1004/ctxtOBJ1</arg>
<arg>S_TCODE</arg>
<doc>Inserts the given text into the text field identified by locator.
Use keyword `input password` to insert a password in a text field.</doc>
<msg timestamp="20240522 17:15:19.444" level="INFO">Typing text 'S_TCODE' into text field 'wnd[0]/usr/tabsTABSTRIP_TAB/tabpTAB4/ssub%_SUBSCREEN_TAB:RSUSR002:1004/ctxtOBJ1'.</msg>
<status status="PASS" starttime="20240522 17:15:19.429" endtime="20240522 17:15:19.444"/>
</kw>
<kw name="Send Vkey" library="SAP_Tcode_Library">
<arg>0</arg>
<doc>Sends a SAP virtual key combination to the window, not into an element.
If you want to send a value to a text field, use `input text` instead.</doc>
<status status="PASS" starttime="20240522 17:15:19.444" endtime="20240522 17:15:19.777"/>
</kw>
<kw name="Input Text" library="SAP_Tcode_Library">
<arg>wnd[0]/usr/tabsTABSTRIP_TAB/tabpTAB4/ssub%_SUBSCREEN_TAB:RSUSR002:1004/txtVAL101</arg>
<arg>STMS</arg>
<doc>Inserts the given text into the text field identified by locator.
Use keyword `input password` to insert a password in a text field.</doc>
<msg timestamp="20240522 17:15:19.815" level="INFO">Typing text 'STMS' into text field 'wnd[0]/usr/tabsTABSTRIP_TAB/tabpTAB4/ssub%_SUBSCREEN_TAB:RSUSR002:1004/txtVAL101'.</msg>
<status status="PASS" starttime="20240522 17:15:19.777" endtime="20240522 17:15:19.815"/>
</kw>
<kw name="Send Vkey" library="SAP_Tcode_Library">
<arg>0</arg>
[...]
<status status="PASS" starttime="20240522 17:17:04.713" endtime="20240522 17:17:04.729"/>
</kw>
<kw name="Click Element" library="SAP_Tcode_Library">
<arg>wnd[1]/tbar[0]/btn[0]</arg>
<doc>Performs a single click on a given element. Used only for buttons, tabs and menu items.</doc>
<status status="PASS" starttime="20240522 17:17:04.729" endtime="20240522 17:17:07.096"/>
</kw>
<kw name="Sleep" library="BuiltIn">
<arg>1</arg>
<doc>Pauses the test executed for the given time.</doc>
<msg timestamp="20240522 17:17:08.096" level="INFO">Slept 1 second</msg>
<status status="PASS" starttime="20240522 17:17:07.096" endtime="20240522 17:17:08.096"/>
</kw>
<kw name="Log To Console" library="BuiltIn">
<arg>Requirement 10 completed</arg>
<doc>Logs the given message to the console.</doc>
<status status="PASS" starttime="20240522 17:17:08.096" endtime="20240522 17:17:08.096"/>
</kw>
<kw name="Click Element" library="SAP_Tcode_Library">
<arg>wnd[0]/tbar[0]/btn[3]</arg>
<doc>Performs a single click on a given element. Used only for buttons, tabs and menu items.</doc>
<status status="PASS" starttime="20240522 17:17:08.096" endtime="20240522 17:17:08.658"/>
</kw>
<kw name="Sleep" library="BuiltIn">
<arg>1</arg>
<doc>Pauses the test executed for the given time.</doc>
<msg timestamp="20240522 17:17:09.658" level="INFO">Slept 1 second</msg>
<status status="PASS" starttime="20240522 17:17:08.658" endtime="20240522 17:17:09.658"/>
</kw>
<kw name="Click Element" library="SAP_Tcode_Library">
<arg>wnd[0]/tbar[0]/btn[3]</arg>
<doc>Performs a single click on a given element. Used only for buttons, tabs and menu items.</doc>
<status status="PASS" starttime="20240522 17:17:09.658" endtime="20240522 17:17:10.143"/>
</kw>
<kw name="Sleep" library="BuiltIn">
<arg>1</arg>
<doc>Pauses the test executed for the given time.</doc>
<msg timestamp="20240522 17:17:11.143" level="INFO">Slept 1 second</msg>
<status status="PASS" starttime="20240522 17:17:10.143" endtime="20240522 17:17:11.143"/>
</kw>
<kw name="Click Element" library="SAP_Tcode_Library">
<arg>wnd[0]/tbar[0]/btn[3]</arg>
<doc>Performs a single click on a given element. Used only for buttons, tabs and menu items.</doc>
<status status="PASS" starttime="20240522 17:17:11.143" endtime="20240522 17:17:11.418"/>
</kw>
<kw name="Sleep" library="BuiltIn">
<arg>1</arg>
<doc>Pauses the test executed for the given time.</doc>
<msg timestamp="20240522 17:17:12.418" level="INFO">Slept 1 second</msg>
<status status="PASS" starttime="20240522 17:17:11.418" endtime="20240522 17:17:12.418"/>
</kw>
<kw name="Run Transaction" library="SAP_Tcode_Library">
<arg>Usmm</arg>
<doc>Runs a Sap transaction. An error is given when an unknown transaction is specified.</doc>
<status status="PASS" starttime="20240522 17:17:12.418" endtime="20240522 17:17:13.095"/>
</kw>
<kw name="Send Vkey" library="SAP_Tcode_Library">
<arg>0</arg>
<doc>Sends a SAP virtual key combination to the window, not into an element.
If you want to send a value to a text field, use `input text` instead.</doc>
<status status="PASS" starttime="20240522 17:17:13.095" endtime="20240522 17:17:13.343"/>
</kw>
<kw name="Sleep" library="BuiltIn">
<arg>1</arg>
<doc>Pauses the test executed for the given time.</doc>
<msg timestamp="20240522 17:17:14.344" level="INFO">Slept 1 second</msg>
<status status="PASS" starttime="20240522 17:17:13.343" endtime="20240522 17:17:14.344"/>
</kw>
<kw name="Click Element" library="SAP_Tcode_Library">
<arg>wnd[0]/tbar[1]/btn[18]</arg>
<doc>Performs a single click on a given element. Used only for buttons, tabs and menu items.</doc>
<status status="PASS" starttime="20240522 17:17:14.344" endtime="20240522 17:17:17.464"/>
</kw>
<kw name="Sleep" library="BuiltIn">
<arg>3</arg>
<doc>Pauses the test executed for the given time.</doc>
<msg timestamp="20240522 17:17:20.465" level="INFO">Slept 3 seconds</msg>
<status status="PASS" starttime="20240522 17:17:17.464" endtime="20240522 17:17:20.465"/>
</kw>
<kw name="Take Screenshot" library="SAP_Tcode_Library">
<arg>Req5_output.jpg</arg>
<doc>Takes a screenshot, only if 'screenshots on error' has been enabled,
either at import of with keyword `enable screenshots on error`.</doc>
<msg timestamp="20240522 17:17:20.512" level="INFO" html="true">&lt;a href="Req5_output.jpg"&gt;&lt;img src="Req5_output.jpg" width="800px"&gt;&lt;/a&gt;</msg>
<status status="PASS" starttime="20240522 17:17:20.465" endtime="20240522 17:17:20.512"/>
</kw>
<kw name="Sap Tcode Usmm Reg5" library="SAP_Tcode_Library">
<status status="PASS" starttime="20240522 17:17:20.512" endtime="20240522 17:17:22.189"/>
</kw>
<kw name="Sleep" library="BuiltIn">
<arg>1</arg>
<doc>Pauses the test executed for the given time.</doc>
<msg timestamp="20240522 17:17:23.189" level="INFO">Slept 1 second</msg>
<status status="PASS" starttime="20240522 17:17:22.189" endtime="20240522 17:17:23.189"/>
</kw>
<kw name="Select Radio Button" library="SAP_Tcode_Library">
<arg>wnd[1]/usr/subSUBSCREEN_STEPLOOP:SAPLSPO5:0150/sub:SAPLSPO5:0150/radSPOPLI-SELFLAG[1,0]</arg>
<doc>Sets radio button to the specified value.</doc>
<status status="PASS" starttime="20240522 17:17:23.189" endtime="20240522 17:17:23.189"/>
</kw>
<kw name="Click Element" library="SAP_Tcode_Library">
<arg>wnd[1]/tbar[0]/btn[0]</arg>
<doc>Performs a single click on a given element. Used only for buttons, tabs and menu items.</doc>
<status status="PASS" starttime="20240522 17:17:23.189" endtime="20240522 17:17:25.041"/>
</kw>
<kw name="Input Text" library="SAP_Tcode_Library">
<arg>wnd[1]/usr/ctxtDY_PATH</arg>
<arg>${Results_Directory_Path}</arg>
<doc>Inserts the given text into the text field identified by locator.
Use keyword `input password` to insert a password in a text field.</doc>
<msg timestamp="20240522 17:17:25.057" level="INFO">Typing text 'C:\Users\Administrator\Documents\Results' into text field 'wnd[1]/usr/ctxtDY_PATH'.</msg>
<status status="PASS" starttime="20240522 17:17:25.041" endtime="20240522 17:17:25.057"/>
</kw>
<kw name="Input Text" library="SAP_Tcode_Library">
<arg>wnd[1]/usr/ctxtDY_FILENAME</arg>
<arg>${Req_Result5_Filename}</arg>
<doc>Inserts the given text into the text field identified by locator.
Use keyword `input password` to insert a password in a text field.</doc>
<msg timestamp="20240522 17:17:25.073" level="INFO">Typing text 'Licensed_Users.xls' into text field 'wnd[1]/usr/ctxtDY_FILENAME'.</msg>
<status status="PASS" starttime="20240522 17:17:25.057" endtime="20240522 17:17:25.073"/>
</kw>
<kw name="Sleep" library="BuiltIn">
<arg>1</arg>
<doc>Pauses the test executed for the given time.</doc>
<msg timestamp="20240522 17:17:26.073" level="INFO">Slept 1 second</msg>
<status status="PASS" starttime="20240522 17:17:25.073" endtime="20240522 17:17:26.073"/>
</kw>
<kw name="Click Element" library="SAP_Tcode_Library">
<arg>wnd[1]/tbar[0]/btn[0]</arg>
<doc>Performs a single click on a given element. Used only for buttons, tabs and menu items.</doc>
<status status="PASS" starttime="20240522 17:17:26.073" endtime="20240522 17:17:27.818"/>
</kw>
<kw name="Sleep" library="BuiltIn">
<arg>1</arg>
<doc>Pauses the test executed for the given time.</doc>
<msg timestamp="20240522 17:17:28.819" level="INFO">Slept 1 second</msg>
<status status="PASS" starttime="20240522 17:17:27.818" endtime="20240522 17:17:28.819"/>
</kw>
<kw name="Select Table Column" library="SAP_Tcode_Library">
<arg>wnd[0]/usr/cntlSLIM_USER_CONTAINER/shellcont/shell</arg>
<arg>LICENSE_TYPE</arg>
<doc>Selects an entire column of a GridView 'table_id' which is contained within a shell object.</doc>
<status status="PASS" starttime="20240522 17:17:28.819" endtime="20240522 17:17:28.835"/>
</kw>
<kw name="Sleep" library="BuiltIn">
<arg>1</arg>
<doc>Pauses the test executed for the given time.</doc>
<msg timestamp="20240522 17:17:29.835" level="INFO">Slept 1 second</msg>
<status status="PASS" starttime="20240522 17:17:28.835" endtime="20240522 17:17:29.835"/>
</kw>
<kw name="Click Toolbar Button" library="SAP_Tcode_Library">
<arg>wnd[0]/usr/cntlSLIM_USER_CONTAINER/shellcont/shell</arg>
<arg>&amp;MB_FILTER</arg>
<doc>Clicks a button of a toolbar within a GridView 'table_id' which is contained within a shell object.
Use the Scripting tracker recorder to find the 'button_id' of the button to click</doc>
<status status="PASS" starttime="20240522 17:17:29.835" endtime="20240522 17:17:30.168"/>
</kw>
<kw name="Sleep" library="BuiltIn">
<arg>1</arg>
<doc>Pauses the test executed for the given time.</doc>
<msg timestamp="20240522 17:17:31.169" level="INFO">Slept 1 second</msg>
<status status="PASS" starttime="20240522 17:17:30.168" endtime="20240522 17:17:31.169"/>
</kw>
<kw name="Click Element" library="SAP_Tcode_Library">
<arg>wnd[1]/tbar[0]/btn[2]</arg>
<doc>Performs a single click on a given element. Used only for buttons, tabs and menu items.</doc>
<status status="PASS" starttime="20240522 17:17:31.169" endtime="20240522 17:17:31.879"/>
</kw>
<kw name="Sleep" library="BuiltIn">
<arg>1</arg>
<doc>Pauses the test executed for the given time.</doc>
<msg timestamp="20240522 17:17:32.880" level="INFO">Slept 1 second</msg>
<status status="PASS" starttime="20240522 17:17:31.879" endtime="20240522 17:17:32.880"/>
</kw>
<kw name="Click Element" library="SAP_Tcode_Library">
<arg>wnd[2]/tbar[0]/btn[0]</arg>
<doc>Performs a single click on a given element. Used only for buttons, tabs and menu items.</doc>
<status status="PASS" starttime="20240522 17:17:32.880" endtime="20240522 17:17:33.435"/>
</kw>
<kw name="Set Focus" library="SAP_Tcode_Library">
<arg>wnd[1]/usr/ssub%_SUBSCREEN_FREESEL:SAPLSSEL:1105/ctxt%%DYN001-HIGH</arg>
<doc>Sets the focus to the given element.</doc>
<status status="PASS" starttime="20240522 17:17:33.435" endtime="20240522 17:17:33.493"/>
</kw>
<kw name="Send Vkey" library="SAP_Tcode_Library">
<arg>4</arg>
<doc>Sends a SAP virtual key combination to the window, not into an element.
If you want to send a value to a text field, use `input text` instead.</doc>
<status status="PASS" starttime="20240522 17:17:33.493" endtime="20240522 17:17:34.158"/>
</kw>
<kw name="Sleep" library="BuiltIn">
<arg>1</arg>
<doc>Pauses the test executed for the given time.</doc>
<msg timestamp="20240522 17:17:35.158" level="INFO">Slept 1 second</msg>
<status status="PASS" starttime="20240522 17:17:34.158" endtime="20240522 17:17:35.158"/>
</kw>
<kw name="Set Focus" library="SAP_Tcode_Library">
<arg>wnd[2]/usr/lbl[1,7]</arg>
<doc>Sets the focus to the given element.</doc>
<status status="PASS" starttime="20240522 17:17:35.158" endtime="20240522 17:17:35.158"/>
</kw>
<kw name="Sleep" library="BuiltIn">
<arg>1</arg>
<doc>Pauses the test executed for the given time.</doc>
<msg timestamp="20240522 17:17:36.159" level="INFO">Slept 1 second</msg>
<status status="PASS" starttime="20240522 17:17:35.158" endtime="20240522 17:17:36.159"/>
</kw>
<kw name="Click Element" library="SAP_Tcode_Library">
<arg>wnd[2]/tbar[0]/btn[0]</arg>
<doc>Performs a single click on a given element. Used only for buttons, tabs and menu items.</doc>
<status status="PASS" starttime="20240522 17:17:36.159" endtime="20240522 17:17:36.489"/>
</kw>
<kw name="Sleep" library="BuiltIn">
<arg>1</arg>
<doc>Pauses the test executed for the given time.</doc>
<msg timestamp="20240522 17:17:37.490" level="INFO">Slept 1 second</msg>
<status status="PASS" starttime="20240522 17:17:36.489" endtime="20240522 17:17:37.490"/>
</kw>
<kw name="Click Element" library="SAP_Tcode_Library">
<arg>wnd[1]/tbar[0]/btn[0]</arg>
<doc>Performs a single click on a given element. Used only for buttons, tabs and menu items.</doc>
<status status="PASS" starttime="20240522 17:17:37.490" endtime="20240522 17:17:38.081"/>
</kw>
<kw name="Sleep" library="BuiltIn">
<arg>1</arg>
<doc>Pauses the test executed for the given time.</doc>
<msg timestamp="20240522 17:17:39.081" level="INFO">Slept 1 second</msg>
<status status="PASS" starttime="20240522 17:17:38.081" endtime="20240522 17:17:39.081"/>
</kw>
<kw name="Take Screenshot" library="SAP_Tcode_Library">
<arg>Req5_NoID.jpg</arg>
<doc>Takes a screenshot, only if 'screenshots on error' has been enabled,
either at import of with keyword `enable screenshots on error`.</doc>
<msg timestamp="20240522 17:17:39.140" level="INFO" html="true">&lt;a href="Req5_NoID.jpg"&gt;&lt;img src="Req5_NoID.jpg" width="800px"&gt;&lt;/a&gt;</msg>
<status status="PASS" starttime="20240522 17:17:39.081" endtime="20240522 17:17:39.140"/>
</kw>
<kw name="Sap Tcode Usmm Reg5" library="SAP_Tcode_Library">
<status status="PASS" starttime="20240522 17:17:39.140" endtime="20240522 17:17:40.261"/>
</kw>
<kw name="Sleep" library="BuiltIn">
<arg>1</arg>
<doc>Pauses the test executed for the given time.</doc>
<msg timestamp="20240522 17:17:41.261" level="INFO">Slept 1 second</msg>
<status status="PASS" starttime="20240522 17:17:40.261" endtime="20240522 17:17:41.261"/>
</kw>
<kw name="Select Radio Button" library="SAP_Tcode_Library">
<arg>wnd[1]/usr/subSUBSCREEN_STEPLOOP:SAPLSPO5:0150/sub:SAPLSPO5:0150/radSPOPLI-SELFLAG[1,0]</arg>
<doc>Sets radio button to the specified value.</doc>
<status status="PASS" starttime="20240522 17:17:41.261" endtime="20240522 17:17:41.261"/>
</kw>
<kw name="Click Element" library="SAP_Tcode_Library">
<arg>wnd[1]/tbar[0]/btn[0]</arg>
<doc>Performs a single click on a given element. Used only for buttons, tabs and menu items.</doc>
<status status="PASS" starttime="20240522 17:17:41.261" endtime="20240522 17:17:42.216"/>
</kw>
<kw name="Input Text" library="SAP_Tcode_Library">
<arg>wnd[1]/usr/ctxtDY_PATH</arg>
<arg>${Results_Directory_Path}</arg>
<doc>Inserts the given text into the text field identified by locator.
Use keyword `input password` to insert a password in a text field.</doc>
<msg timestamp="20240522 17:17:42.239" level="INFO">Typing text 'C:\Users\Administrator\Documents\Results' into text field 'wnd[1]/usr/ctxtDY_PATH'.</msg>
<status status="PASS" starttime="20240522 17:17:42.216" endtime="20240522 17:17:42.239"/>
</kw>
<kw name="Input Text" library="SAP_Tcode_Library">
<arg>wnd[1]/usr/ctxtDY_FILENAME</arg>
<arg>${Req_Result5_noid_Filename}</arg>
<doc>Inserts the given text into the text field identified by locator.
Use keyword `input password` to insert a password in a text field.</doc>
<msg timestamp="20240522 17:17:42.254" level="INFO">Typing text 'Users_with_no_license.xls' into text field 'wnd[1]/usr/ctxtDY_FILENAME'.</msg>
<status status="PASS" starttime="20240522 17:17:42.239" endtime="20240522 17:17:42.254"/>
</kw>
<kw name="Sleep" library="BuiltIn">
<arg>1</arg>
<doc>Pauses the test executed for the given time.</doc>
<msg timestamp="20240522 17:17:43.255" level="INFO">Slept 1 second</msg>
<status status="PASS" starttime="20240522 17:17:42.254" endtime="20240522 17:17:43.255"/>
</kw>
<kw name="Click Element" library="SAP_Tcode_Library">
<arg>wnd[1]/tbar[0]/btn[0]</arg>
<doc>Performs a single click on a given element. Used only for buttons, tabs and menu items.</doc>
<status status="PASS" starttime="20240522 17:17:43.255" endtime="20240522 17:17:44.766"/>
</kw>
<kw name="Image Resize" library="SAP_Tcode_Library">
<arg>${directory}</arg>
<msg timestamp="20240522 17:17:45.236" level="INFO">All images have been resized.</msg>
<status status="PASS" starttime="20240522 17:17:44.766" endtime="20240522 17:17:45.236"/>
</kw>
<kw name="Mcr Report Pdf" library="SAP_Tcode_Library">
<arg>${images_directory}</arg>
<msg timestamp="20240522 17:17:45.581" level="INFO">Data from test.xlsx has been successfully added to output.docx as a table.</msg>
<msg timestamp="20240522 17:17:45.581" level="FAIL">com_error: (-2147221005, 'Invalid class string', None, None)</msg>
<status status="FAIL" starttime="20240522 17:17:45.236" endtime="20240522 17:17:45.581"/>
</kw>
<status status="FAIL" starttime="20240522 17:09:45.761" endtime="20240522 17:17:45.581"/>
</kw>
<tag>compliance_report</tag>
<tag>Regression</tag>
<status status="FAIL" starttime="20240522 17:09:45.761" endtime="20240522 17:17:45.581">com_error: (-2147221005, 'Invalid class string', None, None)</status>
</test>
<test id="s1-s1-t3" name="System Logout" line="35">
<kw name="System Logout" library="Monthly_Compliance_Report_SAP_V7">
<kw name="Run Transaction" library="SAP_Tcode_Library">
<arg>/nex</arg>
<doc>Runs a Sap transaction. An error is given when an unknown transaction is specified.</doc>
<status status="PASS" starttime="20240522 17:17:45.581" endtime="20240522 17:17:45.949"/>
</kw>
<kw name="Sleep" library="BuiltIn">
<arg>5</arg>
<doc>Pauses the test executed for the given time.</doc>
<msg timestamp="20240522 17:17:50.950" level="INFO">Slept 5 seconds</msg>
<status status="PASS" starttime="20240522 17:17:45.949" endtime="20240522 17:17:50.950"/>
</kw>
<kw name="Sleep" library="BuiltIn">
<arg>10</arg>
<doc>Pauses the test executed for the given time.</doc>
<msg timestamp="20240522 17:18:00.950" level="INFO">Slept 10 seconds</msg>
<status status="PASS" starttime="20240522 17:17:50.950" endtime="20240522 17:18:00.950"/>
</kw>
<status status="PASS" starttime="20240522 17:17:45.581" endtime="20240522 17:18:00.950"/>
</kw>
<tag>compliance_report</tag>
<tag>Regression</tag>
<status status="PASS" starttime="20240522 17:17:45.581" endtime="20240522 17:18:00.950"/>
</test>
<status status="FAIL" starttime="20240522 17:09:31.989" endtime="20240522 17:18:00.950"/>
</suite>
<doc>Testing functionality through Robot Framework</doc>
<meta name="environment">Dev</meta>
<meta name="test_browser_name">chrome</meta>
<meta name="test_browser_version">125.0.6422.61</meta>
<meta name="test_driver_version">125.0.6422.76 </meta>
<meta name="test_environment">Dev</meta>
<meta name="test_freeze_dependencies">astroid==3.1.0,attrs==23.2.0,beautifulsoup4==4.12.3,bs4==0.0.2,certifi==2024.2.2,cffi==1.16.0,chardet==5.2.0,charset-normalizer==3.3.2,click==8.1.7,colorama==0.4.6,cryptography==42.0.5,defusedxml==0.7.1,dill==0.3.8,docutils==0.20.1,docx==0.2.4,docx2pdf==0.1.8,et-xmlfile==1.1.0,exceptiongroup==1.2.0,fsspec==2024.5.0,gitdb==4.0.11,GitPython==3.1.42,h11==0.14.0,idna==3.6,isort==5.13.2,Jinja2==3.1.3,jira==3.6.0,jsonpath-ng==1.6.1,jsonschema==4.21.1,jsonschema-specifications==2023.12.1,lazy-object-proxy==1.10.0,lxml==5.1.0,markdown-it-py==3.0.0,MarkupSafe==2.1.5,mccabe==0.7.0,mdurl==0.1.2,natsort==8.4.0,numpy==1.26.4,oauthlib==3.2.2,openpyxl==3.1.2,outcome==1.3.0.post0,packaging==24.0,pandas==2.2.2,pathspec==0.11.2,pillow==10.2.0,pip==24.0,platformdirs==4.2.0,ply==3.11,pycparser==2.21,Pygments==2.17.2,pylint==3.1.0,PySocks==1.7.1,python-dateutil==2.9.0.post0,python-docx==1.1.2,pytz==2024.1,pywin32==306,PyYAML==6.0.1,referencing==0.33.0,reportlab==4.2.0,requests==2.31.0,requests-oauthlib==1.4.0,requests-toolbelt==1.0.0,rich==13.7.1,rich-click==1.6.1,robotframework==6.0.2,robotframework-datadriver==1.9.0,robotframework-jsonlibrary==0.5,robotframework-pabot==2.16.0,robotframework-pythonlibcore==4.2.0,robotframework-requests==0.9.2,robotframework-sapguilibrary==1.1,robotframework-seleniumlibrary==5.1.3,robotframework-stacktrace==0.4.1,robotframework-tidy==4.5.0,rpds-py==0.18.0,selenium==4.9.1,setuptools==69.2.0,six==1.16.0,smmap==5.0.1,sniffio==1.3.1,sortedcontainers==2.4.0,soupsieve==2.5,tomli==2.0.1,tomlkit==0.12.4,tqdm==4.66.4,trio==0.24.0,trio-websocket==0.11.1,typing_extensions==4.10.0,tzdata==2024.1,urllib3==2.2.1,wheel==0.43.0,wrapt==1.16.0,wsproto==1.2.0</meta>
<status status="FAIL" starttime="20240522 17:09:26.862" endtime="20240522 17:18:01.323"/>
</suite>
<statistics>
<total>
<stat pass="2" fail="1" skip="0">All Tests</stat>
</total>
<tag>
<stat pass="2" fail="1" skip="0">compliance_report</stat>
<stat pass="2" fail="1" skip="0">Regression</stat>
</tag>
<suite>
<stat pass="2" fail="1" skip="0" id="s1" name="Tests">Tests</stat>
<stat pass="2" fail="1" skip="0" id="s1-s1" name="Test Monthly Compliance Report SAP - Copy">Tests.Test Monthly Compliance Report SAP - Copy</stat>
</suite>
</statistics>
<errors>
</errors>
</robot>
