<?xml version="1.0" encoding="UTF-8"?>
<robot generator="Robot 6.0.2 (Python 3.12.4 on win32)" generated="20241014 09:05:30.361" rpa="false" schemaversion="3">
<suite id="s1" name="Tests" source="C:\SAP_Testing\SAPtesting\Tests">
<kw name="Setup highest level suite" type="SETUP">
<kw name="Set Variable" library="BuiltIn">
<var>${d.test_server}</var>
<arg>${test_server}</arg>
<doc>Returns the given values which can then be assigned to a variables.</doc>
<msg timestamp="20241014 09:05:31.249" level="INFO">${d.test_server} = Dev</msg>
<status status="PASS" starttime="20241014 09:05:31.248" endtime="20241014 09:05:31.249"/>
</kw>
<kw name="Reset screenshot count variable" library="Support">
<kw name="Set Variable" library="BuiltIn">
<var>${screenshotCount}</var>
<arg>${PABOTQUEUEINDEX}_1</arg>
<doc>Returns the given values which can then be assigned to a variables.</doc>
<msg timestamp="20241014 09:05:31.250" level="INFO">${screenshotCount} = 0_1</msg>
<status status="PASS" starttime="20241014 09:05:31.249" endtime="20241014 09:05:31.250"/>
</kw>
<kw name="Set Global Variable" library="BuiltIn">
<arg>${screenshotCount}</arg>
<doc>Makes a variable available globally in all tests and suites.</doc>
<msg timestamp="20241014 09:05:31.250" level="INFO">${screenshotCount} = 0_1</msg>
<status status="PASS" starttime="20241014 09:05:31.250" endtime="20241014 09:05:31.250"/>
</kw>
<kw name="Set up screenshot directory" library="Support">
<kw name="Create Directory" library="OperatingSystem">
<arg>${OUTPUTDIR}${/}${wvar('screenshot_dir')}</arg>
<doc>Creates the specified directory.</doc>
<msg timestamp="20241014 09:05:31.251" level="INFO">Web.Dev.screenshot_dir: Screenshot</msg>
<msg timestamp="20241014 09:05:31.255" level="INFO" html="true">Created directory '&lt;a href="file://C:\SAP_Testing\SAPtesting\Output\pabot_results\0\Screenshot"&gt;C:\SAP_Testing\SAPtesting\Output\pabot_results\0\Screenshot&lt;/a&gt;'.</msg>
<status status="PASS" starttime="20241014 09:05:31.251" endtime="20241014 09:05:31.255"/>
</kw>
<status status="PASS" starttime="20241014 09:05:31.250" endtime="20241014 09:05:31.255"/>
</kw>
<status status="PASS" starttime="20241014 09:05:31.249" endtime="20241014 09:05:31.256"/>
</kw>
<kw name="Set Global Variable" library="BuiltIn">
<arg>${screenshot_taking}</arg>
<arg>${True}</arg>
<doc>Makes a variable available globally in all tests and suites.</doc>
<msg timestamp="20241014 09:05:31.256" level="INFO">${screenshot_taking} = True</msg>
<status status="PASS" starttime="20241014 09:05:31.256" endtime="20241014 09:05:31.256"/>
</kw>
<kw name="Setup linux execution" library="Support">
<kw name="Run Keyword And Return Status" library="BuiltIn">
<var>${web_test_check}</var>
<arg>Variable Should Exist</arg>
<arg>${web_test}</arg>
<doc>Runs the given keyword with given arguments and returns the status as a Boolean value.</doc>
<kw name="Variable Should Exist" library="BuiltIn">
<arg>${web_test}</arg>
<doc>Fails unless the given variable exists within the current scope.</doc>
<status status="PASS" starttime="20241014 09:05:31.257" endtime="20241014 09:05:31.257"/>
</kw>
<msg timestamp="20241014 09:05:31.257" level="INFO">${web_test_check} = True</msg>
<status status="PASS" starttime="20241014 09:05:31.256" endtime="20241014 09:05:31.257"/>
</kw>
<kw name="Run Keyword If" library="BuiltIn">
<arg>${web_test_check}</arg>
<arg>Setup Docker Execution Options</arg>
<doc>Runs the given keyword with the given arguments, if ``condition`` is true.</doc>
<kw name="Setup Docker Execution Options" library="Support_Web">
<kw name="Setup Suite Metadata" library="Support_Web">
<arg>${browser}</arg>
<kw name="Get Browser Metadata" library="BrowserSupport">
<var>&amp;{browser_information}</var>
<arg>browser=${browser}</arg>
<doc>Fetches browser metadata information
:param browser: Name of the browser for which information is fetched
:param reload: Re-read the metadata based on the browser
:return: Browser metadata information, dict of format
            {"browser_version": browser version value,
             "driver_version": driver version value}</doc>
<msg timestamp="20241014 09:05:34.753" level="INFO">&amp;{browser_information} = { browser_version=129.0.6668.100 | driver_version=128.0.6613.119  }</msg>
<status status="PASS" starttime="20241014 09:05:31.258" endtime="20241014 09:05:34.753"/>
</kw>
<kw name="Set Suite Metadata" library="BuiltIn">
<arg>test_browser_name</arg>
<arg>${browser}</arg>
<doc>Sets metadata for the current test suite.</doc>
<msg timestamp="20241014 09:05:34.753" level="INFO">Set suite metadata 'test_browser_name' to value 'chrome'.</msg>
<status status="PASS" starttime="20241014 09:05:34.753" endtime="20241014 09:05:34.753"/>
</kw>
<kw name="Set Suite Metadata" library="BuiltIn">
<arg>test_browser_version</arg>
<arg>${browser_information.browser_version}</arg>
<doc>Sets metadata for the current test suite.</doc>
<msg timestamp="20241014 09:05:34.753" level="INFO">Set suite metadata 'test_browser_version' to value '129.0.6668.100'.</msg>
<status status="PASS" starttime="20241014 09:05:34.753" endtime="20241014 09:05:34.753"/>
</kw>
<kw name="Set Suite Metadata" library="BuiltIn">
<arg>test_driver_version</arg>
<arg>${browser_information.driver_version}</arg>
<doc>Sets metadata for the current test suite.</doc>
<msg timestamp="20241014 09:05:34.753" level="INFO">Set suite metadata 'test_driver_version' to value '128.0.6613.119 '.</msg>
<status status="PASS" starttime="20241014 09:05:34.753" endtime="20241014 09:05:34.753"/>
</kw>
<status status="PASS" starttime="20241014 09:05:31.258" endtime="20241014 09:05:34.753"/>
</kw>
<kw name="Setup Global Docker Execution Options" library="Support_Web">
<kw name="Set Global Variable" library="BuiltIn">
<arg>${global_browser_options}</arg>
<arg>None</arg>
<doc>Makes a variable available globally in all tests and suites.</doc>
<msg timestamp="20241014 09:05:34.753" level="INFO">${global_browser_options} = None</msg>
<status status="PASS" starttime="20241014 09:05:34.753" endtime="20241014 09:05:34.753"/>
</kw>
<kw name="Get Environment Variable" library="OperatingSystem">
<var>${docker_check}</var>
<arg>EXECUTION_ENVIRONMENT</arg>
<arg>not_found</arg>
<doc>Returns the value of an environment variable with the given name.</doc>
<msg timestamp="20241014 09:05:34.753" level="INFO">${docker_check} = not_found</msg>
<status status="PASS" starttime="20241014 09:05:34.753" endtime="20241014 09:05:34.753"/>
</kw>
<kw name="Run Keyword And Return If" library="BuiltIn">
<arg>"${docker_check}"!="docker"</arg>
<arg>Log</arg>
<arg>Not executing on Docker</arg>
<doc>Runs the specified keyword and returns from the enclosing user keyword.</doc>
<kw name="Log" library="BuiltIn">
<arg>Not executing on Docker</arg>
<doc>Logs the given message with the given level.</doc>
<msg timestamp="20241014 09:05:34.753" level="INFO">Not executing on Docker</msg>
<status status="PASS" starttime="20241014 09:05:34.753" endtime="20241014 09:05:34.753"/>
</kw>
<msg timestamp="20241014 09:05:34.753" level="INFO">Returning from the enclosing user keyword.</msg>
<status status="PASS" starttime="20241014 09:05:34.753" endtime="20241014 09:05:34.753"/>
</kw>
<kw name="Create List" library="BuiltIn">
<var>@{options}</var>
<arg>--headless</arg>
<arg>--no-sandbox</arg>
<arg>--disable-dev-shm-usage</arg>
<doc>Returns a list containing given items.</doc>
<status status="NOT RUN" starttime="20241014 09:05:34.753" endtime="20241014 09:05:34.753"/>
</kw>
<kw name="Set Global Variable" library="BuiltIn">
<arg>@{docker_options}</arg>
<arg>@{options}</arg>
<doc>Makes a variable available globally in all tests and suites.</doc>
<status status="NOT RUN" starttime="20241014 09:05:34.753" endtime="20241014 09:05:34.753"/>
</kw>
<status status="PASS" starttime="20241014 09:05:34.753" endtime="20241014 09:05:34.753"/>
</kw>
<kw name="Create Webdriver for chrome preferences" library="Support_Web">
<kw name="Update Docker Execution Options" library="Support_Web">
<var>${list_prefs}</var>
<arg>${list_prefs}</arg>
<kw name="Run Keyword And Return Status" library="BuiltIn">
<var>${docker_check}</var>
<arg>Variable Should Exist</arg>
<arg>${docker_options}</arg>
<doc>Runs the given keyword with given arguments and returns the status as a Boolean value.</doc>
<kw name="Variable Should Exist" library="BuiltIn">
<arg>${docker_options}</arg>
<doc>Fails unless the given variable exists within the current scope.</doc>
<msg timestamp="20241014 09:05:34.753" level="FAIL">Variable '${docker_options}' does not exist.</msg>
<status status="FAIL" starttime="20241014 09:05:34.753" endtime="20241014 09:05:34.753"/>
</kw>
<msg timestamp="20241014 09:05:34.753" level="INFO">${docker_check} = False</msg>
<status status="PASS" starttime="20241014 09:05:34.753" endtime="20241014 09:05:34.753"/>
</kw>
<kw name="Get Length" library="BuiltIn">
<var>${list_prefs_length}</var>
<arg>${list_prefs}</arg>
<doc>Returns and logs the length of the given item as an integer.</doc>
<msg timestamp="20241014 09:05:34.753" level="INFO">Length is 1</msg>
<msg timestamp="20241014 09:05:34.753" level="INFO">${list_prefs_length} = 1</msg>
<status status="PASS" starttime="20241014 09:05:34.753" endtime="20241014 09:05:34.753"/>
</kw>
<kw name="Run Keyword If" library="BuiltIn">
<var>${list_prefs}</var>
<arg>${docker_check} and ${list_prefs_length}&gt;0 and ${list_prefs}[0] != []</arg>
<arg>Combine Lists</arg>
<arg>${list_prefs}</arg>
<arg>${docker_options}</arg>
<arg>ELSE IF</arg>
<arg>${docker_check}</arg>
<arg>Set Variable</arg>
<arg>${docker_options}</arg>
<arg>ELSE</arg>
<arg>Set Variable</arg>
<arg>${list_prefs}</arg>
<doc>Runs the given keyword with the given arguments, if ``condition`` is true.</doc>
<kw name="Set Variable" library="BuiltIn">
<arg>${list_prefs}</arg>
<doc>Returns the given values which can then be assigned to a variables.</doc>
<status status="PASS" starttime="20241014 09:05:34.753" endtime="20241014 09:05:34.753"/>
</kw>
<msg timestamp="20241014 09:05:34.753" level="INFO">${list_prefs} = [[]]</msg>
<status status="PASS" starttime="20241014 09:05:34.753" endtime="20241014 09:05:34.753"/>
</kw>
<msg timestamp="20241014 09:05:34.753" level="INFO">${list_prefs} = [[]]</msg>
<status status="PASS" starttime="20241014 09:05:34.753" endtime="20241014 09:05:34.753"/>
</kw>
<kw name="Create Chrome Options for download preferences" library="Support_Web">
<var>${chrome_options}</var>
<kw name="Evaluate" library="BuiltIn">
<var>${chrome_options}</var>
<arg>sys.modules['selenium.webdriver'].ChromeOptions()</arg>
<arg>sys</arg>
<doc>Evaluates the given expression in Python and returns the result.</doc>
<msg timestamp="20241014 09:05:34.753" level="INFO">${chrome_options} = &lt;selenium.webdriver.chrome.options.Options object at 0x000002A47E6B2810&gt;</msg>
<status status="PASS" starttime="20241014 09:05:34.753" endtime="20241014 09:05:34.753"/>
</kw>
<msg timestamp="20241014 09:05:34.753" level="INFO">${chrome_options} = &lt;selenium.webdriver.chrome.options.Options object at 0x000002A47E6B2810&gt;</msg>
<status status="PASS" starttime="20241014 09:05:34.753" endtime="20241014 09:05:34.753"/>
</kw>
<kw name="Update Preferences List" library="Support_Web">
<arg>${chrome_options}</arg>
<arg>@{list_prefs}</arg>
<kw name="Convert To String" library="BuiltIn">
<var>${string_prefs}</var>
<arg>${list_prefs}</arg>
<doc>Converts the given item to a Unicode string.</doc>
<msg timestamp="20241014 09:05:34.753" level="INFO">${string_prefs} = [[]]</msg>
<status status="PASS" starttime="20241014 09:05:34.753" endtime="20241014 09:05:34.753"/>
</kw>
<kw name="Return From Keyword If" library="BuiltIn">
<arg>${string_prefs} == [[]]</arg>
<doc>Returns from the enclosing user keyword if ``condition`` is true.</doc>
<msg timestamp="20241014 09:05:34.753" level="INFO">Returning from the enclosing user keyword.</msg>
<status status="PASS" starttime="20241014 09:05:34.753" endtime="20241014 09:05:34.753"/>
</kw>
<for flavor="IN">
<var>${preference}</var>
<value>@{list_prefs}</value>
<iter>
<var name="${preference}"/>
<kw name="Call Method" library="BuiltIn">
<arg>${chrome_options}</arg>
<arg>add_argument</arg>
<arg>${preference}</arg>
<doc>Calls the named method of the given object with the provided arguments.</doc>
<status status="NOT RUN" starttime="20241014 09:05:34.753" endtime="20241014 09:05:34.753"/>
</kw>
<status status="NOT RUN" starttime="20241014 09:05:34.753" endtime="20241014 09:05:34.753"/>
</iter>
<status status="NOT RUN" starttime="20241014 09:05:34.753" endtime="20241014 09:05:34.753"/>
</for>
<status status="PASS" starttime="20241014 09:05:34.753" endtime="20241014 09:05:34.753"/>
</kw>
<kw name="Call Method" library="BuiltIn">
<arg>${chrome_options}</arg>
<arg>add_experimental_option</arg>
<arg>prefs</arg>
<arg>${kw_prefs}</arg>
<doc>Calls the named method of the given object with the provided arguments.</doc>
<status status="PASS" starttime="20241014 09:05:34.753" endtime="20241014 09:05:34.753"/>
</kw>
<kw name="Set Global Variable" library="BuiltIn">
<arg>${global_browser_options}</arg>
<arg>${chrome options}</arg>
<doc>Makes a variable available globally in all tests and suites.</doc>
<msg timestamp="20241014 09:05:34.753" level="INFO">${global_browser_options} = &lt;selenium.webdriver.chrome.options.Options object at 0x000002A47E6B2810&gt;</msg>
<status status="PASS" starttime="20241014 09:05:34.753" endtime="20241014 09:05:34.753"/>
</kw>
<status status="PASS" starttime="20241014 09:05:34.753" endtime="20241014 09:05:34.753"/>
</kw>
<status status="PASS" starttime="20241014 09:05:31.258" endtime="20241014 09:05:34.753"/>
</kw>
<status status="PASS" starttime="20241014 09:05:31.257" endtime="20241014 09:05:34.753"/>
</kw>
<status status="PASS" starttime="20241014 09:05:31.256" endtime="20241014 09:05:34.753"/>
</kw>
<kw name="Set Suite Metadata" library="BuiltIn">
<arg>environment</arg>
<arg>${test_server}</arg>
<doc>Sets metadata for the current test suite.</doc>
<msg timestamp="20241014 09:05:34.753" level="INFO">Set suite metadata 'environment' to value 'Dev'.</msg>
<status status="PASS" starttime="20241014 09:05:34.753" endtime="20241014 09:05:34.753"/>
</kw>
<status status="PASS" starttime="20241014 09:05:31.247" endtime="20241014 09:05:34.769"/>
</kw>
<suite id="s1-s1" name="Test Idoc" source="C:\SAP_Testing\SAPtesting\Tests\Test_Idoc.robot">
<kw name="System Logon" library="Idoc" type="SETUP">
<kw name="Start Process" library="Process">
<arg>${symvar('SAP_SERVER')}</arg>
<doc>Starts a new process on background.</doc>
<msg timestamp="20241014 09:05:35.325" level="INFO">Sym.Dev.SAP_SERVER: C:\Program Files (x86)\SAP\FrontEnd\SAPGUI\saplogon.exe</msg>
<msg timestamp="20241014 09:05:35.325" level="INFO">Starting process:
"C:\Program Files (x86)\SAP\FrontEnd\SAPGUI\saplogon.exe"</msg>
<status status="PASS" starttime="20241014 09:05:35.325" endtime="20241014 09:05:35.342"/>
</kw>
<kw name="Sleep" library="BuiltIn">
<arg>5</arg>
<doc>Pauses the test executed for the given time.</doc>
<msg timestamp="20241014 09:05:40.342" level="INFO">Slept 5 seconds</msg>
<status status="PASS" starttime="20241014 09:05:35.342" endtime="20241014 09:05:40.342"/>
</kw>
<kw name="Connect To Session" library="SAP_Tcode_Library">
<doc>Connects to an open session SAP.</doc>
<status status="PASS" starttime="20241014 09:05:40.342" endtime="20241014 09:05:40.344"/>
</kw>
<kw name="Open Connection" library="SAP_Tcode_Library">
<arg>${symvar('Idoc_SID')}</arg>
<doc>Opens a connection to the given connection name. Be sure to provide the full connection name, including the bracket part.</doc>
<msg timestamp="20241014 09:05:40.344" level="INFO">Sym.Dev.Idoc_SID: BIS</msg>
<status status="PASS" starttime="20241014 09:05:40.344" endtime="20241014 09:05:42.287"/>
</kw>
<kw name="Sleep" library="BuiltIn">
<arg>2</arg>
<doc>Pauses the test executed for the given time.</doc>
<msg timestamp="20241014 09:05:44.287" level="INFO">Slept 2 seconds</msg>
<status status="PASS" starttime="20241014 09:05:42.287" endtime="20241014 09:05:44.287"/>
</kw>
<kw name="Input Text" library="SAP_Tcode_Library">
<arg>wnd[0]/usr/txtRSYST-MANDT</arg>
<arg>${symvar('Idoc_Client')}</arg>
<doc>Inserts the given text into the text field identified by locator.
Use keyword `input password` to insert a password in a text field.</doc>
<msg timestamp="20241014 09:05:44.287" level="INFO">Sym.Dev.Idoc_Client: 800</msg>
<msg timestamp="20241014 09:05:44.294" level="INFO">Typing text '800' into text field 'wnd[0]/usr/txtRSYST-MANDT'.</msg>
<status status="PASS" starttime="20241014 09:05:44.287" endtime="20241014 09:05:44.295"/>
</kw>
<kw name="Sleep" library="BuiltIn">
<arg>2</arg>
<doc>Pauses the test executed for the given time.</doc>
<msg timestamp="20241014 09:05:46.296" level="INFO">Slept 2 seconds</msg>
<status status="PASS" starttime="20241014 09:05:44.295" endtime="20241014 09:05:46.296"/>
</kw>
<kw name="Input Text" library="SAP_Tcode_Library">
<arg>wnd[0]/usr/txtRSYST-BNAME</arg>
<arg>${symvar('Idoc_User')}</arg>
<doc>Inserts the given text into the text field identified by locator.
Use keyword `input password` to insert a password in a text field.</doc>
<msg timestamp="20241014 09:05:46.297" level="INFO">Sym.Dev.Idoc_User: bcsadmin</msg>
<msg timestamp="20241014 09:05:46.310" level="INFO">Typing text 'bcsadmin' into text field 'wnd[0]/usr/txtRSYST-BNAME'.</msg>
<status status="PASS" starttime="20241014 09:05:46.296" endtime="20241014 09:05:46.310"/>
</kw>
<kw name="Sleep" library="BuiltIn">
<arg>2</arg>
<doc>Pauses the test executed for the given time.</doc>
<msg timestamp="20241014 09:05:48.310" level="INFO">Slept 2 seconds</msg>
<status status="PASS" starttime="20241014 09:05:46.310" endtime="20241014 09:05:48.310"/>
</kw>
<kw name="Input Password" library="SAP_Tcode_Library">
<arg>wnd[0]/usr/pwdRSYST-BCODE</arg>
<arg>${symvar('Idoc_Pass')}</arg>
<doc>Inserts the given password into the text field identified by locator.
The password is not recorded in the log.</doc>
<msg timestamp="20241014 09:05:48.311" level="INFO">Sym.Dev.Idoc_Pass: admin@123</msg>
<msg timestamp="20241014 09:05:48.311" level="INFO">Typing password into text field 'wnd[0]/usr/pwdRSYST-BCODE'.</msg>
<status status="PASS" starttime="20241014 09:05:48.310" endtime="20241014 09:05:48.311"/>
</kw>
<kw name="Send Vkey" library="SAP_Tcode_Library">
<arg>0</arg>
<doc>Sends a SAP virtual key combination to the window, not into an element.
If you want to send a value to a text field, use `input text` instead.</doc>
<status status="PASS" starttime="20241014 09:05:48.316" endtime="20241014 09:05:48.759"/>
</kw>
<kw name="Multiple Logon Handling" library="SAP_Tcode_Library">
<arg>wnd[1]</arg>
<arg>wnd[1]/usr/radMULTI_LOGON_OPT2</arg>
<arg>wnd[1]/tbar[0]/btn[0]</arg>
<msg timestamp="20241014 09:05:49.594" level="INFO">Multiple logon exists</msg>
<status status="PASS" starttime="20241014 09:05:48.759" endtime="20241014 09:05:49.594"/>
</kw>
<kw name="Sleep" library="BuiltIn">
<arg>2</arg>
<doc>Pauses the test executed for the given time.</doc>
<msg timestamp="20241014 09:05:51.594" level="INFO">Slept 2 seconds</msg>
<status status="PASS" starttime="20241014 09:05:49.594" endtime="20241014 09:05:51.594"/>
</kw>
<status status="PASS" starttime="20241014 09:05:35.325" endtime="20241014 09:05:51.594"/>
</kw>
<test id="s1-s1-t1" name="Re-execute the Idoc" line="8">
<kw name="Execute Idoc" library="Idoc">
<kw name="Run Transaction" library="SAP_Tcode_Library">
<arg>/nBD83</arg>
<doc>Runs a Sap transaction. An error is given when an unknown transaction is specified.</doc>
<status status="PASS" starttime="20241014 09:05:51.594" endtime="20241014 09:05:52.075"/>
</kw>
<kw name="Sleep" library="BuiltIn">
<arg>2</arg>
<doc>Pauses the test executed for the given time.</doc>
<msg timestamp="20241014 09:05:54.076" level="INFO">Slept 2 seconds</msg>
<status status="PASS" starttime="20241014 09:05:52.075" endtime="20241014 09:05:54.076"/>
</kw>
<kw name="Input Text" library="SAP_Tcode_Library">
<arg>wnd[0]/usr/txtSO_DOCNU-LOW</arg>
<arg>${symvar('document_no')}</arg>
<doc>Inserts the given text into the text field identified by locator.
Use keyword `input password` to insert a password in a text field.</doc>
<msg timestamp="20241014 09:05:54.076" level="INFO">Sym.Dev.document_no: 0000000003548763</msg>
<msg timestamp="20241014 09:05:54.076" level="INFO">Typing text '0000000003548763' into text field 'wnd[0]/usr/txtSO_DOCNU-LOW'.</msg>
<status status="PASS" starttime="20241014 09:05:54.076" endtime="20241014 09:05:54.076"/>
</kw>
<kw name="Sleep" library="BuiltIn">
<arg>2</arg>
<doc>Pauses the test executed for the given time.</doc>
<msg timestamp="20241014 09:05:56.076" level="INFO">Slept 2 seconds</msg>
<status status="PASS" starttime="20241014 09:05:54.076" endtime="20241014 09:05:56.076"/>
</kw>
<kw name="Click Element" library="SAP_Tcode_Library">
<arg>wnd[0]/tbar[1]/btn[8]</arg>
<doc>Performs a single click on a given element. Used only for buttons, tabs and menu items.</doc>
<status status="PASS" starttime="20241014 09:05:56.076" endtime="20241014 09:05:56.404"/>
</kw>
<kw name="Sleep" library="BuiltIn">
<arg>5</arg>
<doc>Pauses the test executed for the given time.</doc>
<msg timestamp="20241014 09:06:01.404" level="INFO">Slept 5 seconds</msg>
<status status="PASS" starttime="20241014 09:05:56.404" endtime="20241014 09:06:01.404"/>
</kw>
<status status="PASS" starttime="20241014 09:05:51.594" endtime="20241014 09:06:01.404"/>
</kw>
<tag>Idoc</tag>
<status status="PASS" starttime="20241014 09:05:51.594" endtime="20241014 09:06:01.404"/>
</test>
<kw name="System Logout" library="Idoc" type="TEARDOWN">
<kw name="Run Transaction" library="SAP_Tcode_Library">
<arg>/nex</arg>
<doc>Runs a Sap transaction. An error is given when an unknown transaction is specified.</doc>
<status status="PASS" starttime="20241014 09:06:01.404" endtime="20241014 09:06:01.613"/>
</kw>
<status status="PASS" starttime="20241014 09:06:01.404" endtime="20241014 09:06:01.613"/>
</kw>
<status status="PASS" starttime="20241014 09:05:34.769" endtime="20241014 09:06:01.613"/>
</suite>
<doc>Testing functionality through Robot Framework</doc>
<meta name="environment">Dev</meta>
<meta name="test_browser_name">chrome</meta>
<meta name="test_browser_version">129.0.6668.100</meta>
<meta name="test_driver_version">128.0.6613.119 </meta>
<meta name="test_environment">Dev</meta>
<meta name="test_freeze_dependencies">astroid==3.2.3,attrs==23.2.0,beautifulsoup4==4.12.3,bs4==0.0.2,certifi==2024.7.4,cffi==1.16.0,chardet==5.2.0,charset-normalizer==3.3.2,click==8.1.7,colorama==0.4.6,cryptography==42.0.8,defusedxml==0.7.1,dill==0.3.8,docutils==0.21.2,et-xmlfile==1.1.0,ExcelLib==0.0.1b2,exceptiongroup==1.2.2,gitdb==4.0.11,GitPython==3.1.43,h11==0.14.0,idna==3.7,isort==5.13.2,Jinja2==3.1.4,jira==3.8.0,jsonpath-ng==1.6.1,jsonschema==4.23.0,jsonschema-specifications==2023.12.1,lazy-object-proxy==1.10.0,lxml==5.2.2,markdown-it-py==3.0.0,MarkupSafe==2.1.5,mccabe==0.7.0,mdurl==0.1.2,natsort==8.4.0,numpy==2.0.0,oauthlib==3.2.2,openpyxl==3.1.5,outcome==1.3.0.post0,packaging==24.1,pandas==2.2.2,pathspec==0.11.2,pillow==10.4.0,pip==24.1.2,platformdirs==4.2.2,ply==3.11,pycparser==2.22,Pygments==2.18.0,pylint==3.2.5,PySocks==1.7.1,python-dateutil==2.9.0.post0,pytz==2024.1,pywin32==306,PyYAML==6.0.1,referencing==0.35.1,requests==2.32.3,requests-oauthlib==2.0.0,requests-toolbelt==1.0.0,rich==13.7.1,rich-click==1.6.1,robotframework==6.0.2,robotframework-datadriver==1.9.0,robotframework-excellib==2.0.1,robotframework-jsonlibrary==0.5,robotframework-pabot==2.16.0,robotframework-pythonlibcore==4.2.0,robotframework-requests==0.9.2,robotframework-sapguilibrary==1.1,robotframework-seleniumlibrary==5.1.3,robotframework-stacktrace==0.4.1,robotframework-tidy==4.5.0,rpds-py==0.19.0,selenium==4.9.1,setuptools==71.0.2,six==1.16.0,smmap==5.0.1,sniffio==1.3.1,sortedcontainers==2.4.0,soupsieve==2.5,tomli==2.0.1,tomlkit==0.13.0,trio==0.26.0,trio-websocket==0.11.1,typing_extensions==4.12.2,tzdata==2024.1,urllib3==2.2.2,wheel==0.43.0,wrapt==1.16.0,wsproto==1.2.0,xlrd==2.0.1,XlsxWriter==3.2.0</meta>
<status status="PASS" starttime="20241014 09:05:30.873" endtime="20241014 09:06:01.677"/>
</suite>
<statistics>
<total>
<stat pass="1" fail="0" skip="0">All Tests</stat>
</total>
<tag>
<stat pass="1" fail="0" skip="0">Idoc</stat>
</tag>
<suite>
<stat pass="1" fail="0" skip="0" id="s1" name="Tests">Tests</stat>
<stat pass="1" fail="0" skip="0" id="s1-s1" name="Test Idoc">Tests.Test Idoc</stat>
</suite>
</statistics>
<errors>
</errors>
</robot>
