<?xml version="1.0" encoding="UTF-8"?>
<robot generator="Robot 6.0.2 (Python 3.12.4 on win32)" generated="20240730 06:20:16.061" rpa="false" schemaversion="3">
<suite id="s1" name="Tests" source="C:\SAP_Testing\SAPtesting\Tests">
<kw name="Setup highest level suite" type="SETUP">
<kw name="Set Variable" library="BuiltIn">
<var>${d.test_server}</var>
<arg>${test_server}</arg>
<doc>Returns the given values which can then be assigned to a variables.</doc>
<msg timestamp="20240730 06:20:16.923" level="INFO">${d.test_server} = Dev</msg>
<status status="PASS" starttime="20240730 06:20:16.923" endtime="20240730 06:20:16.923"/>
</kw>
<kw name="Reset screenshot count variable" library="Support">
<kw name="Set Variable" library="BuiltIn">
<var>${screenshotCount}</var>
<arg>${PABOTQUEUEINDEX}_1</arg>
<doc>Returns the given values which can then be assigned to a variables.</doc>
<msg timestamp="20240730 06:20:16.924" level="INFO">${screenshotCount} = 0_1</msg>
<status status="PASS" starttime="20240730 06:20:16.924" endtime="20240730 06:20:16.924"/>
</kw>
<kw name="Set Global Variable" library="BuiltIn">
<arg>${screenshotCount}</arg>
<doc>Makes a variable available globally in all tests and suites.</doc>
<msg timestamp="20240730 06:20:16.925" level="INFO">${screenshotCount} = 0_1</msg>
<status status="PASS" starttime="20240730 06:20:16.924" endtime="20240730 06:20:16.925"/>
</kw>
<kw name="Set up screenshot directory" library="Support">
<kw name="Create Directory" library="OperatingSystem">
<arg>${OUTPUTDIR}${/}${wvar('screenshot_dir')}</arg>
<doc>Creates the specified directory.</doc>
<msg timestamp="20240730 06:20:16.926" level="INFO">Web.Dev.screenshot_dir: Screenshot</msg>
<msg timestamp="20240730 06:20:16.930" level="INFO" html="true">Created directory '&lt;a href="file://C:\SAP_Testing\SAPtesting\Output\pabot_results\0\Screenshot"&gt;C:\SAP_Testing\SAPtesting\Output\pabot_results\0\Screenshot&lt;/a&gt;'.</msg>
<status status="PASS" starttime="20240730 06:20:16.925" endtime="20240730 06:20:16.930"/>
</kw>
<status status="PASS" starttime="20240730 06:20:16.925" endtime="20240730 06:20:16.930"/>
</kw>
<status status="PASS" starttime="20240730 06:20:16.923" endtime="20240730 06:20:16.930"/>
</kw>
<kw name="Set Global Variable" library="BuiltIn">
<arg>${screenshot_taking}</arg>
<arg>${True}</arg>
<doc>Makes a variable available globally in all tests and suites.</doc>
<msg timestamp="20240730 06:20:16.930" level="INFO">${screenshot_taking} = True</msg>
<status status="PASS" starttime="20240730 06:20:16.930" endtime="20240730 06:20:16.930"/>
</kw>
<kw name="Setup linux execution" library="Support">
<kw name="Run Keyword And Return Status" library="BuiltIn">
<var>${web_test_check}</var>
<arg>Variable Should Exist</arg>
<arg>${web_test}</arg>
<doc>Runs the given keyword with given arguments and returns the status as a Boolean value.</doc>
<kw name="Variable Should Exist" library="BuiltIn">
<arg>${web_test}</arg>
<doc>Fails unless the given variable exists within the current scope.</doc>
<status status="PASS" starttime="20240730 06:20:16.931" endtime="20240730 06:20:16.931"/>
</kw>
<msg timestamp="20240730 06:20:16.932" level="INFO">${web_test_check} = True</msg>
<status status="PASS" starttime="20240730 06:20:16.931" endtime="20240730 06:20:16.932"/>
</kw>
<kw name="Run Keyword If" library="BuiltIn">
<arg>${web_test_check}</arg>
<arg>Setup Docker Execution Options</arg>
<doc>Runs the given keyword with the given arguments, if ``condition`` is true.</doc>
<kw name="Setup Docker Execution Options" library="Support_Web">
<kw name="Setup Suite Metadata" library="Support_Web">
<arg>${browser}</arg>
<kw name="Get Browser Metadata" library="BrowserSupport">
<var>&amp;{browser_information}</var>
<arg>browser=${browser}</arg>
<doc>Fetches browser metadata information
:param browser: Name of the browser for which information is fetched
:param reload: Re-read the metadata based on the browser
:return: Browser metadata information, dict of format
            {"browser_version": browser version value,
             "driver_version": driver version value}</doc>
<msg timestamp="20240730 06:20:20.060" level="INFO">&amp;{browser_information} = { browser_version=127.0.6533.73 | driver_version=126.0.6478.182  }</msg>
<status status="PASS" starttime="20240730 06:20:16.932" endtime="20240730 06:20:20.060"/>
</kw>
<kw name="Set Suite Metadata" library="BuiltIn">
<arg>test_browser_name</arg>
<arg>${browser}</arg>
<doc>Sets metadata for the current test suite.</doc>
<msg timestamp="20240730 06:20:20.061" level="INFO">Set suite metadata 'test_browser_name' to value 'chrome'.</msg>
<status status="PASS" starttime="20240730 06:20:20.060" endtime="20240730 06:20:20.061"/>
</kw>
<kw name="Set Suite Metadata" library="BuiltIn">
<arg>test_browser_version</arg>
<arg>${browser_information.browser_version}</arg>
<doc>Sets metadata for the current test suite.</doc>
<msg timestamp="20240730 06:20:20.062" level="INFO">Set suite metadata 'test_browser_version' to value '127.0.6533.73'.</msg>
<status status="PASS" starttime="20240730 06:20:20.061" endtime="20240730 06:20:20.062"/>
</kw>
<kw name="Set Suite Metadata" library="BuiltIn">
<arg>test_driver_version</arg>
<arg>${browser_information.driver_version}</arg>
<doc>Sets metadata for the current test suite.</doc>
<msg timestamp="20240730 06:20:20.063" level="INFO">Set suite metadata 'test_driver_version' to value '126.0.6478.182 '.</msg>
<status status="PASS" starttime="20240730 06:20:20.062" endtime="20240730 06:20:20.063"/>
</kw>
<status status="PASS" starttime="20240730 06:20:16.932" endtime="20240730 06:20:20.063"/>
</kw>
<kw name="Setup Global Docker Execution Options" library="Support_Web">
<kw name="Set Global Variable" library="BuiltIn">
<arg>${global_browser_options}</arg>
<arg>None</arg>
<doc>Makes a variable available globally in all tests and suites.</doc>
<msg timestamp="20240730 06:20:20.064" level="INFO">${global_browser_options} = None</msg>
<status status="PASS" starttime="20240730 06:20:20.063" endtime="20240730 06:20:20.064"/>
</kw>
<kw name="Get Environment Variable" library="OperatingSystem">
<var>${docker_check}</var>
<arg>EXECUTION_ENVIRONMENT</arg>
<arg>not_found</arg>
<doc>Returns the value of an environment variable with the given name.</doc>
<msg timestamp="20240730 06:20:20.065" level="INFO">${docker_check} = not_found</msg>
<status status="PASS" starttime="20240730 06:20:20.064" endtime="20240730 06:20:20.065"/>
</kw>
<kw name="Run Keyword And Return If" library="BuiltIn">
<arg>"${docker_check}"!="docker"</arg>
<arg>Log</arg>
<arg>Not executing on Docker</arg>
<doc>Runs the specified keyword and returns from the enclosing user keyword.</doc>
<kw name="Log" library="BuiltIn">
<arg>Not executing on Docker</arg>
<doc>Logs the given message with the given level.</doc>
<msg timestamp="20240730 06:20:20.065" level="INFO">Not executing on Docker</msg>
<status status="PASS" starttime="20240730 06:20:20.065" endtime="20240730 06:20:20.065"/>
</kw>
<msg timestamp="20240730 06:20:20.065" level="INFO">Returning from the enclosing user keyword.</msg>
<status status="PASS" starttime="20240730 06:20:20.065" endtime="20240730 06:20:20.066"/>
</kw>
<kw name="Create List" library="BuiltIn">
<var>@{options}</var>
<arg>--headless</arg>
<arg>--no-sandbox</arg>
<arg>--disable-dev-shm-usage</arg>
<doc>Returns a list containing given items.</doc>
<status status="NOT RUN" starttime="20240730 06:20:20.066" endtime="20240730 06:20:20.066"/>
</kw>
<kw name="Set Global Variable" library="BuiltIn">
<arg>@{docker_options}</arg>
<arg>@{options}</arg>
<doc>Makes a variable available globally in all tests and suites.</doc>
<status status="NOT RUN" starttime="20240730 06:20:20.066" endtime="20240730 06:20:20.066"/>
</kw>
<status status="PASS" starttime="20240730 06:20:20.063" endtime="20240730 06:20:20.066"/>
</kw>
<kw name="Create Webdriver for chrome preferences" library="Support_Web">
<kw name="Update Docker Execution Options" library="Support_Web">
<var>${list_prefs}</var>
<arg>${list_prefs}</arg>
<kw name="Run Keyword And Return Status" library="BuiltIn">
<var>${docker_check}</var>
<arg>Variable Should Exist</arg>
<arg>${docker_options}</arg>
<doc>Runs the given keyword with given arguments and returns the status as a Boolean value.</doc>
<kw name="Variable Should Exist" library="BuiltIn">
<arg>${docker_options}</arg>
<doc>Fails unless the given variable exists within the current scope.</doc>
<msg timestamp="20240730 06:20:20.069" level="FAIL">Variable '${docker_options}' does not exist.</msg>
<status status="FAIL" starttime="20240730 06:20:20.067" endtime="20240730 06:20:20.069"/>
</kw>
<msg timestamp="20240730 06:20:20.069" level="INFO">${docker_check} = False</msg>
<status status="PASS" starttime="20240730 06:20:20.067" endtime="20240730 06:20:20.069"/>
</kw>
<kw name="Get Length" library="BuiltIn">
<var>${list_prefs_length}</var>
<arg>${list_prefs}</arg>
<doc>Returns and logs the length of the given item as an integer.</doc>
<msg timestamp="20240730 06:20:20.069" level="INFO">Length is 1</msg>
<msg timestamp="20240730 06:20:20.069" level="INFO">${list_prefs_length} = 1</msg>
<status status="PASS" starttime="20240730 06:20:20.069" endtime="20240730 06:20:20.069"/>
</kw>
<kw name="Run Keyword If" library="BuiltIn">
<var>${list_prefs}</var>
<arg>${docker_check} and ${list_prefs_length}&gt;0 and ${list_prefs}[0] != []</arg>
<arg>Combine Lists</arg>
<arg>${list_prefs}</arg>
<arg>${docker_options}</arg>
<arg>ELSE IF</arg>
<arg>${docker_check}</arg>
<arg>Set Variable</arg>
<arg>${docker_options}</arg>
<arg>ELSE</arg>
<arg>Set Variable</arg>
<arg>${list_prefs}</arg>
<doc>Runs the given keyword with the given arguments, if ``condition`` is true.</doc>
<kw name="Set Variable" library="BuiltIn">
<arg>${list_prefs}</arg>
<doc>Returns the given values which can then be assigned to a variables.</doc>
<status status="PASS" starttime="20240730 06:20:20.070" endtime="20240730 06:20:20.070"/>
</kw>
<msg timestamp="20240730 06:20:20.070" level="INFO">${list_prefs} = [[]]</msg>
<status status="PASS" starttime="20240730 06:20:20.070" endtime="20240730 06:20:20.070"/>
</kw>
<msg timestamp="20240730 06:20:20.070" level="INFO">${list_prefs} = [[]]</msg>
<status status="PASS" starttime="20240730 06:20:20.066" endtime="20240730 06:20:20.070"/>
</kw>
<kw name="Create Chrome Options for download preferences" library="Support_Web">
<var>${chrome_options}</var>
<kw name="Evaluate" library="BuiltIn">
<var>${chrome_options}</var>
<arg>sys.modules['selenium.webdriver'].ChromeOptions()</arg>
<arg>sys</arg>
<doc>Evaluates the given expression in Python and returns the result.</doc>
<msg timestamp="20240730 06:20:20.071" level="INFO">${chrome_options} = &lt;selenium.webdriver.chrome.options.Options object at 0x0000019AD84145F0&gt;</msg>
<status status="PASS" starttime="20240730 06:20:20.071" endtime="20240730 06:20:20.071"/>
</kw>
<msg timestamp="20240730 06:20:20.071" level="INFO">${chrome_options} = &lt;selenium.webdriver.chrome.options.Options object at 0x0000019AD84145F0&gt;</msg>
<status status="PASS" starttime="20240730 06:20:20.071" endtime="20240730 06:20:20.071"/>
</kw>
<kw name="Update Preferences List" library="Support_Web">
<arg>${chrome_options}</arg>
<arg>@{list_prefs}</arg>
<kw name="Convert To String" library="BuiltIn">
<var>${string_prefs}</var>
<arg>${list_prefs}</arg>
<doc>Converts the given item to a Unicode string.</doc>
<msg timestamp="20240730 06:20:20.072" level="INFO">${string_prefs} = [[]]</msg>
<status status="PASS" starttime="20240730 06:20:20.072" endtime="20240730 06:20:20.072"/>
</kw>
<kw name="Return From Keyword If" library="BuiltIn">
<arg>${string_prefs} == [[]]</arg>
<doc>Returns from the enclosing user keyword if ``condition`` is true.</doc>
<msg timestamp="20240730 06:20:20.072" level="INFO">Returning from the enclosing user keyword.</msg>
<status status="PASS" starttime="20240730 06:20:20.072" endtime="20240730 06:20:20.072"/>
</kw>
<for flavor="IN">
<var>${preference}</var>
<value>@{list_prefs}</value>
<iter>
<var name="${preference}"/>
<kw name="Call Method" library="BuiltIn">
<arg>${chrome_options}</arg>
<arg>add_argument</arg>
<arg>${preference}</arg>
<doc>Calls the named method of the given object with the provided arguments.</doc>
<status status="NOT RUN" starttime="20240730 06:20:20.073" endtime="20240730 06:20:20.073"/>
</kw>
<status status="NOT RUN" starttime="20240730 06:20:20.073" endtime="20240730 06:20:20.073"/>
</iter>
<status status="NOT RUN" starttime="20240730 06:20:20.073" endtime="20240730 06:20:20.073"/>
</for>
<status status="PASS" starttime="20240730 06:20:20.071" endtime="20240730 06:20:20.073"/>
</kw>
<kw name="Call Method" library="BuiltIn">
<arg>${chrome_options}</arg>
<arg>add_experimental_option</arg>
<arg>prefs</arg>
<arg>${kw_prefs}</arg>
<doc>Calls the named method of the given object with the provided arguments.</doc>
<status status="PASS" starttime="20240730 06:20:20.073" endtime="20240730 06:20:20.074"/>
</kw>
<kw name="Set Global Variable" library="BuiltIn">
<arg>${global_browser_options}</arg>
<arg>${chrome options}</arg>
<doc>Makes a variable available globally in all tests and suites.</doc>
<msg timestamp="20240730 06:20:20.074" level="INFO">${global_browser_options} = &lt;selenium.webdriver.chrome.options.Options object at 0x0000019AD84145F0&gt;</msg>
<status status="PASS" starttime="20240730 06:20:20.074" endtime="20240730 06:20:20.074"/>
</kw>
<status status="PASS" starttime="20240730 06:20:20.066" endtime="20240730 06:20:20.074"/>
</kw>
<status status="PASS" starttime="20240730 06:20:16.932" endtime="20240730 06:20:20.074"/>
</kw>
<status status="PASS" starttime="20240730 06:20:16.932" endtime="20240730 06:20:20.074"/>
</kw>
<status status="PASS" starttime="20240730 06:20:16.931" endtime="20240730 06:20:20.074"/>
</kw>
<kw name="Set Suite Metadata" library="BuiltIn">
<arg>environment</arg>
<arg>${test_server}</arg>
<doc>Sets metadata for the current test suite.</doc>
<msg timestamp="20240730 06:20:20.075" level="INFO">Set suite metadata 'environment' to value 'Dev'.</msg>
<status status="PASS" starttime="20240730 06:20:20.075" endtime="20240730 06:20:20.075"/>
</kw>
<status status="PASS" starttime="20240730 06:20:16.922" endtime="20240730 06:20:20.075"/>
</kw>
<suite id="s1-s1" name="Test Trigger Cancelled Job" source="C:\SAP_Testing\SAPtesting\Tests\Test_Trigger_Cancelled_Job.robot">
<kw name="System Logon" library="Trigger_Cancelled_Job" type="SETUP">
<kw name="Start Process" library="Process">
<arg>${symvar('SAP_SERVER')}</arg>
<doc>Starts a new process on background.</doc>
<msg timestamp="20240730 06:20:20.098" level="INFO">Sym.Dev.SAP_SERVER: C:\Program Files (x86)\SAP\FrontEnd\SAPGUI\saplogon.exe</msg>
<msg timestamp="20240730 06:20:20.098" level="INFO">Starting process:
"C:\Program Files (x86)\SAP\FrontEnd\SAPGUI\saplogon.exe"</msg>
<status status="PASS" starttime="20240730 06:20:20.098" endtime="20240730 06:20:20.102"/>
</kw>
<kw name="Connect To Session" library="SAP_Tcode_Library">
<doc>Connects to an open session SAP.</doc>
<status status="PASS" starttime="20240730 06:20:20.102" endtime="20240730 06:20:20.126"/>
</kw>
<kw name="Open Connection" library="SAP_Tcode_Library">
<arg>${symvar('connection')}</arg>
<doc>Opens a connection to the given connection name. Be sure to provide the full connection name, including the bracket part.</doc>
<msg timestamp="20240730 06:20:20.127" level="INFO">Sym.Dev.connection: BPM</msg>
<status status="PASS" starttime="20240730 06:20:20.126" endtime="20240730 06:20:21.000"/>
</kw>
<kw name="Input Text" library="SAP_Tcode_Library">
<arg>wnd[0]/usr/txtRSYST-MANDT</arg>
<arg>${symvar('sap_client')}</arg>
<doc>Inserts the given text into the text field identified by locator.
Use keyword `input password` to insert a password in a text field.</doc>
<msg timestamp="20240730 06:20:21.003" level="INFO">Sym.Dev.sap_client: 800</msg>
<msg timestamp="20240730 06:20:21.040" level="INFO">Typing text '800' into text field 'wnd[0]/usr/txtRSYST-MANDT'.</msg>
<status status="PASS" starttime="20240730 06:20:21.000" endtime="20240730 06:20:21.040"/>
</kw>
<kw name="Input Text" library="SAP_Tcode_Library">
<arg>wnd[0]/usr/txtRSYST-BNAME</arg>
<arg>${symvar('sap_user')}</arg>
<doc>Inserts the given text into the text field identified by locator.
Use keyword `input password` to insert a password in a text field.</doc>
<msg timestamp="20240730 06:20:21.042" level="INFO">Sym.Dev.sap_user: BCSADMIN</msg>
<msg timestamp="20240730 06:20:21.052" level="INFO">Typing text 'BCSADMIN' into text field 'wnd[0]/usr/txtRSYST-BNAME'.</msg>
<status status="PASS" starttime="20240730 06:20:21.041" endtime="20240730 06:20:21.052"/>
</kw>
<kw name="Input Password" library="SAP_Tcode_Library">
<arg>wnd[0]/usr/pwdRSYST-BCODE</arg>
<arg>%{SAP_PASSWORD}</arg>
<doc>Inserts the given password into the text field identified by locator.
The password is not recorded in the log.</doc>
<msg timestamp="20240730 06:20:21.057" level="INFO">Typing password into text field 'wnd[0]/usr/pwdRSYST-BCODE'.</msg>
<status status="PASS" starttime="20240730 06:20:21.052" endtime="20240730 06:20:21.057"/>
</kw>
<kw name="Send Vkey" library="SAP_Tcode_Library">
<arg>0</arg>
<doc>Sends a SAP virtual key combination to the window, not into an element.
If you want to send a value to a text field, use `input text` instead.</doc>
<status status="PASS" starttime="20240730 06:20:21.057" endtime="20240730 06:20:21.957"/>
</kw>
<kw name="Multiple Logon Handling" library="SAP_Tcode_Library">
<arg>wnd[1]</arg>
<arg>wnd[1]/usr/radMULTI_LOGON_OPT2</arg>
<arg>wnd[1]/tbar[0]/btn[0]</arg>
<status status="PASS" starttime="20240730 06:20:21.958" endtime="20240730 06:20:21.988"/>
</kw>
<status status="PASS" starttime="20240730 06:20:20.098" endtime="20240730 06:20:21.988"/>
</kw>
<test id="s1-s1-t1" name="Resheduling the cancelled job" line="8">
<kw name="Trigger cancelled job" library="Trigger_Cancelled_Job">
<kw name="Run Transaction" library="SAP_Tcode_Library">
<arg>/nsm37</arg>
<doc>Runs a Sap transaction. An error is given when an unknown transaction is specified.</doc>
<status status="PASS" starttime="20240730 06:20:21.989" endtime="20240730 06:20:22.476"/>
</kw>
<kw name="Input Text" library="SAP_Tcode_Library">
<arg>wnd[0]/usr/txtBTCH2170-JOBNAME</arg>
<arg>${EMPTY}</arg>
<doc>Inserts the given text into the text field identified by locator.
Use keyword `input password` to insert a password in a text field.</doc>
<msg timestamp="20240730 06:20:22.489" level="INFO">Typing text '' into text field 'wnd[0]/usr/txtBTCH2170-JOBNAME'.</msg>
<status status="PASS" starttime="20240730 06:20:22.477" endtime="20240730 06:20:22.489"/>
</kw>
<kw name="Input Text" library="SAP_Tcode_Library">
<arg>wnd[0]/usr/txtBTCH2170-JOBNAME</arg>
<arg>${symvar('job_name')}</arg>
<doc>Inserts the given text into the text field identified by locator.
Use keyword `input password` to insert a password in a text field.</doc>
<msg timestamp="20240730 06:20:22.490" level="INFO">Sym.Dev.job_name: *</msg>
<msg timestamp="20240730 06:20:22.500" level="INFO">Typing text '*' into text field 'wnd[0]/usr/txtBTCH2170-JOBNAME'.</msg>
<status status="PASS" starttime="20240730 06:20:22.489" endtime="20240730 06:20:22.500"/>
</kw>
<kw name="Input Text" library="SAP_Tcode_Library">
<arg>wnd[0]/usr/txtBTCH2170-USERNAME</arg>
<arg>${EMPTY}</arg>
<doc>Inserts the given text into the text field identified by locator.
Use keyword `input password` to insert a password in a text field.</doc>
<msg timestamp="20240730 06:20:22.507" level="INFO">Typing text '' into text field 'wnd[0]/usr/txtBTCH2170-USERNAME'.</msg>
<status status="PASS" starttime="20240730 06:20:22.500" endtime="20240730 06:20:22.507"/>
</kw>
<kw name="Input Text" library="SAP_Tcode_Library">
<arg>wnd[0]/usr/txtBTCH2170-USERNAME</arg>
<arg>${symvar('job_user_name')}</arg>
<doc>Inserts the given text into the text field identified by locator.
Use keyword `input password` to insert a password in a text field.</doc>
<msg timestamp="20240730 06:20:22.508" level="INFO">Sym.Dev.job_user_name: BCSADMIN</msg>
<msg timestamp="20240730 06:20:22.513" level="INFO">Typing text 'BCSADMIN' into text field 'wnd[0]/usr/txtBTCH2170-USERNAME'.</msg>
<status status="PASS" starttime="20240730 06:20:22.507" endtime="20240730 06:20:22.513"/>
</kw>
<kw name="Get Value" library="SAP_Tcode_Library">
<var>${value}</var>
<arg>wnd[0]/usr/chkBTCH2170-PRELIM</arg>
<doc>Gets the value of the given element. The possible return values depend on the type of element (see Return values).</doc>
<msg timestamp="20240730 06:20:22.518" level="INFO">${value} = unchecked</msg>
<status status="PASS" starttime="20240730 06:20:22.513" endtime="20240730 06:20:22.518"/>
</kw>
<kw name="Log To Console" library="BuiltIn">
<arg>${value}</arg>
<doc>Logs the given message to the console.</doc>
<status status="PASS" starttime="20240730 06:20:22.518" endtime="20240730 06:20:22.518"/>
</kw>
<if>
<branch type="IF" condition="'${value}' == 'checked'">
<kw name="Unselect Checkbox" library="SAP_Tcode_Library">
<arg>wnd[0]/usr/chkBTCH2170-PRELIM</arg>
<doc>Removes selection of checkbox identified by locator.
Does nothing if the checkbox is not selected.</doc>
<status status="NOT RUN" starttime="20240730 06:20:22.519" endtime="20240730 06:20:22.519"/>
</kw>
<status status="NOT RUN" starttime="20240730 06:20:22.518" endtime="20240730 06:20:22.519"/>
</branch>
<status status="PASS" starttime="20240730 06:20:22.518" endtime="20240730 06:20:22.519"/>
</if>
<kw name="Get Value" library="SAP_Tcode_Library">
<var>${value1}</var>
<arg>wnd[0]/usr/chkBTCH2170-SCHEDUL</arg>
<doc>Gets the value of the given element. The possible return values depend on the type of element (see Return values).</doc>
<msg timestamp="20240730 06:20:22.524" level="INFO">${value1} = checked</msg>
<status status="PASS" starttime="20240730 06:20:22.519" endtime="20240730 06:20:22.524"/>
</kw>
<kw name="Log To Console" library="BuiltIn">
<arg>${value1}</arg>
<doc>Logs the given message to the console.</doc>
<status status="PASS" starttime="20240730 06:20:22.524" endtime="20240730 06:20:22.524"/>
</kw>
<if>
<branch type="IF" condition="'${value1}' == 'checked'">
<kw name="Unselect Checkbox" library="SAP_Tcode_Library">
<arg>wnd[0]/usr/chkBTCH2170-SCHEDUL</arg>
<doc>Removes selection of checkbox identified by locator.
Does nothing if the checkbox is not selected.</doc>
<status status="PASS" starttime="20240730 06:20:22.525" endtime="20240730 06:20:22.529"/>
</kw>
<status status="PASS" starttime="20240730 06:20:22.524" endtime="20240730 06:20:22.530"/>
</branch>
<status status="PASS" starttime="20240730 06:20:22.524" endtime="20240730 06:20:22.530"/>
</if>
<kw name="Get Value" library="SAP_Tcode_Library">
<var>${value2}</var>
<arg>wnd[0]/usr/chkBTCH2170-READY</arg>
<doc>Gets the value of the given element. The possible return values depend on the type of element (see Return values).</doc>
<msg timestamp="20240730 06:20:22.536" level="INFO">${value2} = checked</msg>
<status status="PASS" starttime="20240730 06:20:22.530" endtime="20240730 06:20:22.536"/>
</kw>
<kw name="Log To Console" library="BuiltIn">
<arg>${value2}</arg>
<doc>Logs the given message to the console.</doc>
<status status="PASS" starttime="20240730 06:20:22.536" endtime="20240730 06:20:22.536"/>
</kw>
<if>
<branch type="IF" condition="'${value2}' == 'checked'">
<kw name="Unselect Checkbox" library="SAP_Tcode_Library">
<arg>wnd[0]/usr/chkBTCH2170-READY</arg>
<doc>Removes selection of checkbox identified by locator.
Does nothing if the checkbox is not selected.</doc>
<status status="PASS" starttime="20240730 06:20:22.537" endtime="20240730 06:20:22.542"/>
</kw>
<status status="PASS" starttime="20240730 06:20:22.536" endtime="20240730 06:20:22.542"/>
</branch>
<status status="PASS" starttime="20240730 06:20:22.536" endtime="20240730 06:20:22.542"/>
</if>
<kw name="Get Value" library="SAP_Tcode_Library">
<var>${value3}</var>
<arg>wnd[0]/usr/chkBTCH2170-RUNNING</arg>
<doc>Gets the value of the given element. The possible return values depend on the type of element (see Return values).</doc>
<msg timestamp="20240730 06:20:22.547" level="INFO">${value3} = checked</msg>
<status status="PASS" starttime="20240730 06:20:22.542" endtime="20240730 06:20:22.547"/>
</kw>
<kw name="Log To Console" library="BuiltIn">
<arg>${value3}</arg>
<doc>Logs the given message to the console.</doc>
<status status="PASS" starttime="20240730 06:20:22.547" endtime="20240730 06:20:22.547"/>
</kw>
<if>
<branch type="IF" condition="'${value3}' == 'checked'">
<kw name="Unselect Checkbox" library="SAP_Tcode_Library">
<arg>wnd[0]/usr/chkBTCH2170-RUNNING</arg>
<doc>Removes selection of checkbox identified by locator.
Does nothing if the checkbox is not selected.</doc>
<status status="PASS" starttime="20240730 06:20:22.548" endtime="20240730 06:20:22.552"/>
</kw>
<status status="PASS" starttime="20240730 06:20:22.547" endtime="20240730 06:20:22.553"/>
</branch>
<status status="PASS" starttime="20240730 06:20:22.547" endtime="20240730 06:20:22.553"/>
</if>
<kw name="Get Value" library="SAP_Tcode_Library">
<var>${value}</var>
<arg>wnd[0]/usr/chkBTCH2170-FINISHED</arg>
<doc>Gets the value of the given element. The possible return values depend on the type of element (see Return values).</doc>
<msg timestamp="20240730 06:20:22.557" level="INFO">${value} = checked</msg>
<status status="PASS" starttime="20240730 06:20:22.553" endtime="20240730 06:20:22.557"/>
</kw>
<kw name="Log To Console" library="BuiltIn">
<arg>${value}</arg>
<doc>Logs the given message to the console.</doc>
<status status="PASS" starttime="20240730 06:20:22.557" endtime="20240730 06:20:22.558"/>
</kw>
<if>
<branch type="IF" condition="'${value}' == 'checked'">
<kw name="Unselect Checkbox" library="SAP_Tcode_Library">
<arg>wnd[0]/usr/chkBTCH2170-FINISHED</arg>
<doc>Removes selection of checkbox identified by locator.
Does nothing if the checkbox is not selected.</doc>
<status status="PASS" starttime="20240730 06:20:22.558" endtime="20240730 06:20:22.564"/>
</kw>
<status status="PASS" starttime="20240730 06:20:22.558" endtime="20240730 06:20:22.564"/>
</branch>
<status status="PASS" starttime="20240730 06:20:22.558" endtime="20240730 06:20:22.564"/>
</if>
<kw name="Get Value" library="SAP_Tcode_Library">
<var>${value}</var>
<arg>wnd[0]/usr/chkBTCH2170-ABORTED</arg>
<doc>Gets the value of the given element. The possible return values depend on the type of element (see Return values).</doc>
<msg timestamp="20240730 06:20:22.569" level="INFO">${value} = checked</msg>
<status status="PASS" starttime="20240730 06:20:22.564" endtime="20240730 06:20:22.569"/>
</kw>
<kw name="Log To Console" library="BuiltIn">
<arg>${value}</arg>
<doc>Logs the given message to the console.</doc>
<status status="PASS" starttime="20240730 06:20:22.569" endtime="20240730 06:20:22.570"/>
</kw>
<if>
<branch type="IF" condition="'${value}' == 'checked'">
<kw name="Select Checkbox" library="SAP_Tcode_Library">
<arg>wnd[0]/usr/chkBTCH2170-ABORTED</arg>
<doc>Selects checkbox identified by locator.
Does nothing if the checkbox is already selected.</doc>
<status status="PASS" starttime="20240730 06:20:22.570" endtime="20240730 06:20:22.575"/>
</kw>
<status status="PASS" starttime="20240730 06:20:22.570" endtime="20240730 06:20:22.575"/>
</branch>
<status status="PASS" starttime="20240730 06:20:22.570" endtime="20240730 06:20:22.575"/>
</if>
<kw name="Input Text" library="SAP_Tcode_Library">
<arg>wnd[0]/usr/ctxtBTCH2170-FROM_DATE</arg>
<arg>${EMPTY}</arg>
<doc>Inserts the given text into the text field identified by locator.
Use keyword `input password` to insert a password in a text field.</doc>
<msg timestamp="20240730 06:20:22.581" level="INFO">Typing text '' into text field 'wnd[0]/usr/ctxtBTCH2170-FROM_DATE'.</msg>
<status status="PASS" starttime="20240730 06:20:22.575" endtime="20240730 06:20:22.581"/>
</kw>
<kw name="Sleep" library="BuiltIn">
<arg>5</arg>
<doc>Pauses the test executed for the given time.</doc>
<msg timestamp="20240730 06:20:27.582" level="INFO">Slept 5 seconds</msg>
<status status="PASS" starttime="20240730 06:20:22.581" endtime="20240730 06:20:27.582"/>
</kw>
<kw name="Click Element" library="SAP_Tcode_Library">
<arg>wnd[0]/tbar[1]/btn[8]</arg>
<doc>Performs a single click on a given element. Used only for buttons, tabs and menu items.</doc>
<status status="PASS" starttime="20240730 06:20:27.582" endtime="20240730 06:20:28.476"/>
</kw>
<kw name="Sleep" library="BuiltIn">
<arg>5</arg>
<doc>Pauses the test executed for the given time.</doc>
<msg timestamp="20240730 06:20:33.476" level="INFO">Slept 5 seconds</msg>
<status status="PASS" starttime="20240730 06:20:28.476" endtime="20240730 06:20:33.476"/>
</kw>
<kw name="Spam Search And Select Label" library="SAP_Tcode_Library">
<arg>wnd[0]/usr</arg>
<arg>CRBPA:DC_CONTROLLER(BCS_CALM)</arg>
<msg timestamp="20240730 06:20:34.208" level="INFO">Text Found: CRBPA:DC_CONTROLLER(BCS_CALM)
Error: (-2147352567, 'Exception occurred.', (619, 'SAP Frontend Server', 'The control could not be found by id.', 'C:\\Program Files (x86)\\SAP\\FrontEnd\\SAPGUI\\sapfront.HLP', 393215, 0), None)</msg>
<status status="PASS" starttime="20240730 06:20:33.476" endtime="20240730 06:20:34.208"/>
</kw>
<kw name="Sleep" library="BuiltIn">
<arg>5</arg>
<doc>Pauses the test executed for the given time.</doc>
<msg timestamp="20240730 06:20:39.208" level="INFO">Slept 5 seconds</msg>
<status status="PASS" starttime="20240730 06:20:34.208" endtime="20240730 06:20:39.208"/>
</kw>
<kw name="Click Element" library="SAP_Tcode_Library">
<arg>wnd[0]/mbar/menu[0]/menu[13]</arg>
<doc>Performs a single click on a given element. Used only for buttons, tabs and menu items.</doc>
<status status="PASS" starttime="20240730 06:20:39.208" endtime="20240730 06:20:39.506"/>
</kw>
<kw name="Sleep" library="BuiltIn">
<arg>5</arg>
<doc>Pauses the test executed for the given time.</doc>
<msg timestamp="20240730 06:20:44.507" level="INFO">Slept 5 seconds</msg>
<status status="PASS" starttime="20240730 06:20:39.506" endtime="20240730 06:20:44.507"/>
</kw>
<kw name="Click Element" library="SAP_Tcode_Library">
<arg>wnd[1]/tbar[0]/btn[0]</arg>
<doc>Performs a single click on a given element. Used only for buttons, tabs and menu items.</doc>
<status status="PASS" starttime="20240730 06:20:44.507" endtime="20240730 06:20:44.858"/>
</kw>
<kw name="Sleep" library="BuiltIn">
<arg>5</arg>
<doc>Pauses the test executed for the given time.</doc>
<msg timestamp="20240730 06:20:49.859" level="INFO">Slept 5 seconds</msg>
<status status="PASS" starttime="20240730 06:20:44.858" endtime="20240730 06:20:49.859"/>
</kw>
<kw name="Window Handling" library="SAP_Tcode_Library">
<arg>wnd[2]</arg>
<arg>Warning</arg>
<arg>wnd[2]/tbar[0]/btn[0]</arg>
<status status="PASS" starttime="20240730 06:20:49.859" endtime="20240730 06:20:50.261"/>
</kw>
<kw name="Sleep" library="BuiltIn">
<arg>5</arg>
<doc>Pauses the test executed for the given time.</doc>
<msg timestamp="20240730 06:20:55.262" level="INFO">Slept 5 seconds</msg>
<status status="PASS" starttime="20240730 06:20:50.262" endtime="20240730 06:20:55.262"/>
</kw>
<kw name="Get Value" library="SAP_Tcode_Library">
<var>${log}</var>
<arg>wnd[0]/sbar/pane[0]</arg>
<doc>Gets the value of the given element. The possible return values depend on the type of element (see Return values).</doc>
<msg timestamp="20240730 06:20:55.267" level="INFO">${log} = Job CRBPA:DC_CONTROLLER(BCS_CALM) copied with status: Scheduled</msg>
<status status="PASS" starttime="20240730 06:20:55.262" endtime="20240730 06:20:55.267"/>
</kw>
<kw name="Log To Console" library="BuiltIn">
<arg>${log}</arg>
<doc>Logs the given message to the console.</doc>
<status status="PASS" starttime="20240730 06:20:55.268" endtime="20240730 06:20:55.268"/>
</kw>
<kw name="Click Element" library="SAP_Tcode_Library">
<arg>wnd[0]/tbar[0]/btn[3]</arg>
<doc>Performs a single click on a given element. Used only for buttons, tabs and menu items.</doc>
<status status="PASS" starttime="20240730 06:20:55.268" endtime="20240730 06:20:55.511"/>
</kw>
<kw name="Sleep" library="BuiltIn">
<arg>5</arg>
<doc>Pauses the test executed for the given time.</doc>
<msg timestamp="20240730 06:21:00.513" level="INFO">Slept 5 seconds</msg>
<status status="PASS" starttime="20240730 06:20:55.512" endtime="20240730 06:21:00.513"/>
</kw>
<kw name="Select Checkbox" library="SAP_Tcode_Library">
<arg>wnd[0]/usr/chkBTCH2170-PRELIM</arg>
<doc>Selects checkbox identified by locator.
Does nothing if the checkbox is already selected.</doc>
<status status="PASS" starttime="20240730 06:21:00.513" endtime="20240730 06:21:00.519"/>
</kw>
<kw name="Unselect Checkbox" library="SAP_Tcode_Library">
<arg>wnd[0]/usr/chkBTCH2170-SCHEDUL</arg>
<doc>Removes selection of checkbox identified by locator.
Does nothing if the checkbox is not selected.</doc>
<status status="PASS" starttime="20240730 06:21:00.519" endtime="20240730 06:21:00.524"/>
</kw>
<kw name="Unselect Checkbox" library="SAP_Tcode_Library">
<arg>wnd[0]/usr/chkBTCH2170-READY</arg>
<doc>Removes selection of checkbox identified by locator.
Does nothing if the checkbox is not selected.</doc>
<status status="PASS" starttime="20240730 06:21:00.524" endtime="20240730 06:21:00.529"/>
</kw>
<kw name="Unselect Checkbox" library="SAP_Tcode_Library">
<arg>wnd[0]/usr/chkBTCH2170-RUNNING</arg>
<doc>Removes selection of checkbox identified by locator.
Does nothing if the checkbox is not selected.</doc>
<status status="PASS" starttime="20240730 06:21:00.529" endtime="20240730 06:21:00.534"/>
</kw>
<kw name="Unselect Checkbox" library="SAP_Tcode_Library">
<arg>wnd[0]/usr/chkBTCH2170-FINISHED</arg>
<doc>Removes selection of checkbox identified by locator.
Does nothing if the checkbox is not selected.</doc>
<status status="PASS" starttime="20240730 06:21:00.534" endtime="20240730 06:21:00.539"/>
</kw>
<kw name="Unselect Checkbox" library="SAP_Tcode_Library">
<arg>wnd[0]/usr/chkBTCH2170-ABORTED</arg>
<doc>Removes selection of checkbox identified by locator.
Does nothing if the checkbox is not selected.</doc>
<status status="PASS" starttime="20240730 06:21:00.539" endtime="20240730 06:21:00.544"/>
</kw>
<kw name="Sleep" library="BuiltIn">
<arg>5</arg>
<doc>Pauses the test executed for the given time.</doc>
<msg timestamp="20240730 06:21:05.545" level="INFO">Slept 5 seconds</msg>
<status status="PASS" starttime="20240730 06:21:00.545" endtime="20240730 06:21:05.545"/>
</kw>
<kw name="Click Element" library="SAP_Tcode_Library">
<arg>wnd[0]/tbar[1]/btn[8]</arg>
<doc>Performs a single click on a given element. Used only for buttons, tabs and menu items.</doc>
<status status="PASS" starttime="20240730 06:21:05.545" endtime="20240730 06:21:05.836"/>
</kw>
<kw name="Sleep" library="BuiltIn">
<arg>5</arg>
<doc>Pauses the test executed for the given time.</doc>
<msg timestamp="20240730 06:21:10.836" level="INFO">Slept 5 seconds</msg>
<status status="PASS" starttime="20240730 06:21:05.836" endtime="20240730 06:21:10.836"/>
</kw>
<kw name="Spam Search And Select Label" library="SAP_Tcode_Library">
<arg>wnd[0]/usr</arg>
<arg>CRBPA:DC_CONTROLLER(BCS_CALM)</arg>
<msg timestamp="20240730 06:21:11.089" level="INFO">Text Found: CRBPA:DC_CONTROLLER(BCS_CALM)
Error: (-2147352567, 'Exception occurred.', (619, 'SAP Frontend Server', 'The control could not be found by id.', 'C:\\Program Files (x86)\\SAP\\FrontEnd\\SAPGUI\\sapfront.HLP', 393215, 0), None)</msg>
<status status="PASS" starttime="20240730 06:21:10.836" endtime="20240730 06:21:11.089"/>
</kw>
<kw name="Click Element" library="SAP_Tcode_Library">
<arg>wnd[0]/mbar/menu[0]/menu[2]</arg>
<doc>Performs a single click on a given element. Used only for buttons, tabs and menu items.</doc>
<status status="PASS" starttime="20240730 06:21:11.089" endtime="20240730 06:21:11.353"/>
</kw>
<kw name="Click Element" library="SAP_Tcode_Library">
<arg>wnd[0]/tbar[1]/btn[5]</arg>
<doc>Performs a single click on a given element. Used only for buttons, tabs and menu items.</doc>
<status status="PASS" starttime="20240730 06:21:11.353" endtime="20240730 06:21:11.616"/>
</kw>
<kw name="Click Element" library="SAP_Tcode_Library">
<arg>wnd[1]/usr/btnSOFORT_PUSH</arg>
<doc>Performs a single click on a given element. Used only for buttons, tabs and menu items.</doc>
<status status="PASS" starttime="20240730 06:21:11.616" endtime="20240730 06:21:11.864"/>
</kw>
<kw name="Click Element" library="SAP_Tcode_Library">
<arg>wnd[1]/tbar[0]/btn[11]</arg>
<doc>Performs a single click on a given element. Used only for buttons, tabs and menu items.</doc>
<status status="PASS" starttime="20240730 06:21:11.864" endtime="20240730 06:21:12.173"/>
</kw>
<status status="PASS" starttime="20240730 06:20:21.989" endtime="20240730 06:21:12.173"/>
</kw>
<tag>TriggerJob</tag>
<status status="PASS" starttime="20240730 06:20:21.989" endtime="20240730 06:21:12.173"/>
</test>
<kw name="System Logout" library="Trigger_Cancelled_Job" type="TEARDOWN">
<kw name="Run Transaction" library="SAP_Tcode_Library">
<arg>/nex</arg>
<doc>Runs a Sap transaction. An error is given when an unknown transaction is specified.</doc>
<status status="PASS" starttime="20240730 06:21:12.179" endtime="20240730 06:21:12.385"/>
</kw>
<status status="PASS" starttime="20240730 06:21:12.179" endtime="20240730 06:21:12.386"/>
</kw>
<status status="PASS" starttime="20240730 06:20:20.075" endtime="20240730 06:21:12.386"/>
</suite>
<doc>Testing functionality through Robot Framework</doc>
<meta name="environment">Dev</meta>
<meta name="test_browser_name">chrome</meta>
<meta name="test_browser_version">127.0.6533.73</meta>
<meta name="test_driver_version">126.0.6478.182 </meta>
<meta name="test_environment">Dev</meta>
<meta name="test_freeze_dependencies">astroid==3.2.3,attrs==23.2.0,beautifulsoup4==4.12.3,bs4==0.0.2,certifi==2024.7.4,cffi==1.16.0,chardet==5.2.0,charset-normalizer==3.3.2,click==8.1.7,colorama==0.4.6,cryptography==42.0.8,defusedxml==0.7.1,dill==0.3.8,docutils==0.21.2,et-xmlfile==1.1.0,ExcelLib==0.0.1b2,exceptiongroup==1.2.2,gitdb==4.0.11,GitPython==3.1.43,h11==0.14.0,idna==3.7,isort==5.13.2,Jinja2==3.1.4,jira==3.8.0,jsonpath-ng==1.6.1,jsonschema==4.23.0,jsonschema-specifications==2023.12.1,lazy-object-proxy==1.10.0,lxml==5.2.2,markdown-it-py==3.0.0,MarkupSafe==2.1.5,mccabe==0.7.0,mdurl==0.1.2,natsort==8.4.0,numpy==2.0.0,oauthlib==3.2.2,openpyxl==3.1.5,outcome==1.3.0.post0,packaging==24.1,pandas==2.2.2,pathspec==0.11.2,pillow==10.4.0,pip==24.1.2,platformdirs==4.2.2,ply==3.11,pycparser==2.22,Pygments==2.18.0,pylint==3.2.5,PySocks==1.7.1,python-dateutil==2.9.0.post0,pytz==2024.1,pywin32==306,PyYAML==6.0.1,referencing==0.35.1,requests==2.32.3,requests-oauthlib==2.0.0,requests-toolbelt==1.0.0,rich==13.7.1,rich-click==1.6.1,robotframework==6.0.2,robotframework-datadriver==1.9.0,robotframework-excellib==2.0.1,robotframework-jsonlibrary==0.5,robotframework-pabot==2.16.0,robotframework-pythonlibcore==4.2.0,robotframework-requests==0.9.2,robotframework-sapguilibrary==1.1,robotframework-seleniumlibrary==5.1.3,robotframework-stacktrace==0.4.1,robotframework-tidy==4.5.0,rpds-py==0.19.0,selenium==4.9.1,setuptools==71.0.2,six==1.16.0,smmap==5.0.1,sniffio==1.3.1,sortedcontainers==2.4.0,soupsieve==2.5,tomli==2.0.1,tomlkit==0.13.0,trio==0.26.0,trio-websocket==0.11.1,typing_extensions==4.12.2,tzdata==2024.1,urllib3==2.2.2,wheel==0.43.0,wrapt==1.16.0,wsproto==1.2.0,xlrd==2.0.1,XlsxWriter==3.2.0</meta>
<status status="PASS" starttime="20240730 06:20:16.553" endtime="20240730 06:21:12.454"/>
</suite>
<statistics>
<total>
<stat pass="1" fail="0" skip="0">All Tests</stat>
</total>
<tag>
<stat pass="1" fail="0" skip="0">TriggerJob</stat>
</tag>
<suite>
<stat pass="1" fail="0" skip="0" id="s1" name="Tests">Tests</stat>
<stat pass="1" fail="0" skip="0" id="s1-s1" name="Test Trigger Cancelled Job">Tests.Test Trigger Cancelled Job</stat>
</suite>
</statistics>
<errors>
</errors>
</robot>
