<?xml version="1.0" encoding="UTF-8"?>
<robot generator="Robot 6.0.2 (Python 3.12.1 on win32)" generated="20240220 12:30:11.998" rpa="false" schemaversion="3">
<suite id="s1" name="Tests" source="C:\SAP_Testing\SAPtesting\Tests">
<kw name="Setup highest level suite" type="SETUP">
<kw name="Set Variable" library="BuiltIn">
<var>${d.test_server}</var>
<arg>${test_server}</arg>
<doc>Returns the given values which can then be assigned to a variables.</doc>
<msg timestamp="20240220 12:30:12.654" level="INFO">${d.test_server} = Dev</msg>
<status status="PASS" starttime="20240220 12:30:12.653" endtime="20240220 12:30:12.654"/>
</kw>
<kw name="Reset screenshot count variable" library="Support">
<kw name="Set Variable" library="BuiltIn">
<var>${screenshotCount}</var>
<arg>${PABOTQUEUEINDEX}_1</arg>
<doc>Returns the given values which can then be assigned to a variables.</doc>
<msg timestamp="20240220 12:30:12.655" level="INFO">${screenshotCount} = 0_1</msg>
<status status="PASS" starttime="20240220 12:30:12.654" endtime="20240220 12:30:12.655"/>
</kw>
<kw name="Set Global Variable" library="BuiltIn">
<arg>${screenshotCount}</arg>
<doc>Makes a variable available globally in all tests and suites.</doc>
<msg timestamp="20240220 12:30:12.656" level="INFO">${screenshotCount} = 0_1</msg>
<status status="PASS" starttime="20240220 12:30:12.655" endtime="20240220 12:30:12.656"/>
</kw>
<kw name="Set up screenshot directory" library="Support">
<kw name="Create Directory" library="OperatingSystem">
<arg>${OUTPUTDIR}${/}${wvar('screenshot_dir')}</arg>
<doc>Creates the specified directory.</doc>
<msg timestamp="20240220 12:30:12.657" level="INFO">Web.Dev.screenshot_dir: Screenshot</msg>
<msg timestamp="20240220 12:30:12.662" level="INFO" html="true">Created directory '&lt;a href="file://C:\SAP_Testing\SAPtesting\Output\pabot_results\0\Screenshot"&gt;C:\SAP_Testing\SAPtesting\Output\pabot_results\0\Screenshot&lt;/a&gt;'.</msg>
<status status="PASS" starttime="20240220 12:30:12.656" endtime="20240220 12:30:12.663"/>
</kw>
<status status="PASS" starttime="20240220 12:30:12.656" endtime="20240220 12:30:12.663"/>
</kw>
<status status="PASS" starttime="20240220 12:30:12.654" endtime="20240220 12:30:12.663"/>
</kw>
<kw name="Set Global Variable" library="BuiltIn">
<arg>${screenshot_taking}</arg>
<arg>${True}</arg>
<doc>Makes a variable available globally in all tests and suites.</doc>
<msg timestamp="20240220 12:30:12.664" level="INFO">${screenshot_taking} = True</msg>
<status status="PASS" starttime="20240220 12:30:12.663" endtime="20240220 12:30:12.664"/>
</kw>
<kw name="Setup linux execution" library="Support">
<kw name="Run Keyword And Return Status" library="BuiltIn">
<var>${web_test_check}</var>
<arg>Variable Should Exist</arg>
<arg>${web_test}</arg>
<doc>Runs the given keyword with given arguments and returns the status as a Boolean value.</doc>
<kw name="Variable Should Exist" library="BuiltIn">
<arg>${web_test}</arg>
<doc>Fails unless the given variable exists within the current scope.</doc>
<status status="PASS" starttime="20240220 12:30:12.664" endtime="20240220 12:30:12.665"/>
</kw>
<msg timestamp="20240220 12:30:12.665" level="INFO">${web_test_check} = True</msg>
<status status="PASS" starttime="20240220 12:30:12.664" endtime="20240220 12:30:12.665"/>
</kw>
<kw name="Run Keyword If" library="BuiltIn">
<arg>${web_test_check}</arg>
<arg>Setup Docker Execution Options</arg>
<doc>Runs the given keyword with the given arguments, if ``condition`` is true.</doc>
<kw name="Setup Docker Execution Options" library="Support_Web">
<kw name="Setup Suite Metadata" library="Support_Web">
<arg>${browser}</arg>
<kw name="Get Browser Metadata" library="BrowserSupport">
<var>&amp;{browser_information}</var>
<arg>browser=${browser}</arg>
<doc>Fetches browser metadata information
:param browser: Name of the browser for which information is fetched
:param reload: Re-read the metadata based on the browser
:return: Browser metadata information, dict of format
            {"browser_version": browser version value,
             "driver_version": driver version value}</doc>
<msg timestamp="20240220 12:30:15.905" level="INFO">&amp;{browser_information} = { browser_version=121.0.6167.185 | driver_version=121.0.6167.85  }</msg>
<status status="PASS" starttime="20240220 12:30:12.666" endtime="20240220 12:30:15.905"/>
</kw>
<kw name="Set Suite Metadata" library="BuiltIn">
<arg>test_browser_name</arg>
<arg>${browser}</arg>
<doc>Sets metadata for the current test suite.</doc>
<msg timestamp="20240220 12:30:15.906" level="INFO">Set suite metadata 'test_browser_name' to value 'chrome'.</msg>
<status status="PASS" starttime="20240220 12:30:15.905" endtime="20240220 12:30:15.906"/>
</kw>
<kw name="Set Suite Metadata" library="BuiltIn">
<arg>test_browser_version</arg>
<arg>${browser_information.browser_version}</arg>
<doc>Sets metadata for the current test suite.</doc>
<msg timestamp="20240220 12:30:15.907" level="INFO">Set suite metadata 'test_browser_version' to value '121.0.6167.185'.</msg>
<status status="PASS" starttime="20240220 12:30:15.906" endtime="20240220 12:30:15.907"/>
</kw>
<kw name="Set Suite Metadata" library="BuiltIn">
<arg>test_driver_version</arg>
<arg>${browser_information.driver_version}</arg>
<doc>Sets metadata for the current test suite.</doc>
<msg timestamp="20240220 12:30:15.908" level="INFO">Set suite metadata 'test_driver_version' to value '121.0.6167.85 '.</msg>
<status status="PASS" starttime="20240220 12:30:15.907" endtime="20240220 12:30:15.908"/>
</kw>
<status status="PASS" starttime="20240220 12:30:12.666" endtime="20240220 12:30:15.909"/>
</kw>
<kw name="Setup Global Docker Execution Options" library="Support_Web">
<kw name="Set Global Variable" library="BuiltIn">
<arg>${global_browser_options}</arg>
<arg>None</arg>
<doc>Makes a variable available globally in all tests and suites.</doc>
<msg timestamp="20240220 12:30:15.910" level="INFO">${global_browser_options} = None</msg>
<status status="PASS" starttime="20240220 12:30:15.909" endtime="20240220 12:30:15.910"/>
</kw>
<kw name="Get Environment Variable" library="OperatingSystem">
<var>${docker_check}</var>
<arg>EXECUTION_ENVIRONMENT</arg>
<arg>not_found</arg>
<doc>Returns the value of an environment variable with the given name.</doc>
<msg timestamp="20240220 12:30:15.910" level="INFO">${docker_check} = not_found</msg>
<status status="PASS" starttime="20240220 12:30:15.910" endtime="20240220 12:30:15.910"/>
</kw>
<kw name="Run Keyword And Return If" library="BuiltIn">
<arg>"${docker_check}"!="docker"</arg>
<arg>Log</arg>
<arg>Not executing on Docker</arg>
<doc>Runs the specified keyword and returns from the enclosing user keyword.</doc>
<kw name="Log" library="BuiltIn">
<arg>Not executing on Docker</arg>
<doc>Logs the given message with the given level.</doc>
<msg timestamp="20240220 12:30:15.912" level="INFO">Not executing on Docker</msg>
<status status="PASS" starttime="20240220 12:30:15.910" endtime="20240220 12:30:15.912"/>
</kw>
<msg timestamp="20240220 12:30:15.912" level="INFO">Returning from the enclosing user keyword.</msg>
<status status="PASS" starttime="20240220 12:30:15.910" endtime="20240220 12:30:15.912"/>
</kw>
<kw name="Create List" library="BuiltIn">
<var>@{options}</var>
<arg>--headless</arg>
<arg>--no-sandbox</arg>
<arg>--disable-dev-shm-usage</arg>
<doc>Returns a list containing given items.</doc>
<status status="NOT RUN" starttime="20240220 12:30:15.912" endtime="20240220 12:30:15.912"/>
</kw>
<kw name="Set Global Variable" library="BuiltIn">
<arg>@{docker_options}</arg>
<arg>@{options}</arg>
<doc>Makes a variable available globally in all tests and suites.</doc>
<status status="NOT RUN" starttime="20240220 12:30:15.913" endtime="20240220 12:30:15.913"/>
</kw>
<status status="PASS" starttime="20240220 12:30:15.909" endtime="20240220 12:30:15.913"/>
</kw>
<kw name="Create Webdriver for chrome preferences" library="Support_Web">
<kw name="Update Docker Execution Options" library="Support_Web">
<var>${list_prefs}</var>
<arg>${list_prefs}</arg>
<kw name="Run Keyword And Return Status" library="BuiltIn">
<var>${docker_check}</var>
<arg>Variable Should Exist</arg>
<arg>${docker_options}</arg>
<doc>Runs the given keyword with given arguments and returns the status as a Boolean value.</doc>
<kw name="Variable Should Exist" library="BuiltIn">
<arg>${docker_options}</arg>
<doc>Fails unless the given variable exists within the current scope.</doc>
<msg timestamp="20240220 12:30:15.915" level="FAIL">Variable '${docker_options}' does not exist.</msg>
<status status="FAIL" starttime="20240220 12:30:15.914" endtime="20240220 12:30:15.915"/>
</kw>
<msg timestamp="20240220 12:30:15.915" level="INFO">${docker_check} = False</msg>
<status status="PASS" starttime="20240220 12:30:15.914" endtime="20240220 12:30:15.915"/>
</kw>
<kw name="Get Length" library="BuiltIn">
<var>${list_prefs_length}</var>
<arg>${list_prefs}</arg>
<doc>Returns and logs the length of the given item as an integer.</doc>
<msg timestamp="20240220 12:30:15.917" level="INFO">Length is 1</msg>
<msg timestamp="20240220 12:30:15.917" level="INFO">${list_prefs_length} = 1</msg>
<status status="PASS" starttime="20240220 12:30:15.917" endtime="20240220 12:30:15.917"/>
</kw>
<kw name="Run Keyword If" library="BuiltIn">
<var>${list_prefs}</var>
<arg>${docker_check} and ${list_prefs_length}&gt;0 and ${list_prefs}[0] != []</arg>
<arg>Combine Lists</arg>
<arg>${list_prefs}</arg>
<arg>${docker_options}</arg>
<arg>ELSE IF</arg>
<arg>${docker_check}</arg>
<arg>Set Variable</arg>
<arg>${docker_options}</arg>
<arg>ELSE</arg>
<arg>Set Variable</arg>
<arg>${list_prefs}</arg>
<doc>Runs the given keyword with the given arguments, if ``condition`` is true.</doc>
<kw name="Set Variable" library="BuiltIn">
<arg>${list_prefs}</arg>
<doc>Returns the given values which can then be assigned to a variables.</doc>
<status status="PASS" starttime="20240220 12:30:15.918" endtime="20240220 12:30:15.918"/>
</kw>
<msg timestamp="20240220 12:30:15.918" level="INFO">${list_prefs} = [[]]</msg>
<status status="PASS" starttime="20240220 12:30:15.917" endtime="20240220 12:30:15.918"/>
</kw>
<msg timestamp="20240220 12:30:15.918" level="INFO">${list_prefs} = [[]]</msg>
<status status="PASS" starttime="20240220 12:30:15.913" endtime="20240220 12:30:15.918"/>
</kw>
<kw name="Create Chrome Options for download preferences" library="Support_Web">
<var>${chrome_options}</var>
<kw name="Evaluate" library="BuiltIn">
<var>${chrome_options}</var>
<arg>sys.modules['selenium.webdriver'].ChromeOptions()</arg>
<arg>sys</arg>
<doc>Evaluates the given expression in Python and returns the result.</doc>
<msg timestamp="20240220 12:30:15.919" level="INFO">${chrome_options} = &lt;selenium.webdriver.chrome.options.Options object at 0x000002361428D310&gt;</msg>
<status status="PASS" starttime="20240220 12:30:15.919" endtime="20240220 12:30:15.919"/>
</kw>
<msg timestamp="20240220 12:30:15.919" level="INFO">${chrome_options} = &lt;selenium.webdriver.chrome.options.Options object at 0x000002361428D310&gt;</msg>
<status status="PASS" starttime="20240220 12:30:15.918" endtime="20240220 12:30:15.919"/>
</kw>
<kw name="Update Preferences List" library="Support_Web">
<arg>${chrome_options}</arg>
<arg>@{list_prefs}</arg>
<kw name="Convert To String" library="BuiltIn">
<var>${string_prefs}</var>
<arg>${list_prefs}</arg>
<doc>Converts the given item to a Unicode string.</doc>
<msg timestamp="20240220 12:30:15.920" level="INFO">${string_prefs} = [[]]</msg>
<status status="PASS" starttime="20240220 12:30:15.920" endtime="20240220 12:30:15.920"/>
</kw>
<kw name="Return From Keyword If" library="BuiltIn">
<arg>${string_prefs} == [[]]</arg>
<doc>Returns from the enclosing user keyword if ``condition`` is true.</doc>
<msg timestamp="20240220 12:30:15.921" level="INFO">Returning from the enclosing user keyword.</msg>
<status status="PASS" starttime="20240220 12:30:15.920" endtime="20240220 12:30:15.921"/>
</kw>
<for flavor="IN">
<var>${preference}</var>
<value>@{list_prefs}</value>
<iter>
<var name="${preference}"/>
<kw name="Call Method" library="BuiltIn">
<arg>${chrome_options}</arg>
<arg>add_argument</arg>
<arg>${preference}</arg>
<doc>Calls the named method of the given object with the provided arguments.</doc>
<status status="NOT RUN" starttime="20240220 12:30:15.921" endtime="20240220 12:30:15.921"/>
</kw>
<status status="NOT RUN" starttime="20240220 12:30:15.921" endtime="20240220 12:30:15.922"/>
</iter>
<status status="NOT RUN" starttime="20240220 12:30:15.921" endtime="20240220 12:30:15.922"/>
</for>
<status status="PASS" starttime="20240220 12:30:15.919" endtime="20240220 12:30:15.922"/>
</kw>
<kw name="Call Method" library="BuiltIn">
<arg>${chrome_options}</arg>
<arg>add_experimental_option</arg>
<arg>prefs</arg>
<arg>${kw_prefs}</arg>
<doc>Calls the named method of the given object with the provided arguments.</doc>
<status status="PASS" starttime="20240220 12:30:15.922" endtime="20240220 12:30:15.922"/>
</kw>
<kw name="Set Global Variable" library="BuiltIn">
<arg>${global_browser_options}</arg>
<arg>${chrome options}</arg>
<doc>Makes a variable available globally in all tests and suites.</doc>
<msg timestamp="20240220 12:30:15.923" level="INFO">${global_browser_options} = &lt;selenium.webdriver.chrome.options.Options object at 0x000002361428D310&gt;</msg>
<status status="PASS" starttime="20240220 12:30:15.922" endtime="20240220 12:30:15.923"/>
</kw>
<status status="PASS" starttime="20240220 12:30:15.913" endtime="20240220 12:30:15.923"/>
</kw>
<status status="PASS" starttime="20240220 12:30:12.666" endtime="20240220 12:30:15.923"/>
</kw>
<status status="PASS" starttime="20240220 12:30:12.665" endtime="20240220 12:30:15.923"/>
</kw>
<status status="PASS" starttime="20240220 12:30:12.664" endtime="20240220 12:30:15.923"/>
</kw>
<kw name="Set Suite Metadata" library="BuiltIn">
<arg>environment</arg>
<arg>${test_server}</arg>
<doc>Sets metadata for the current test suite.</doc>
<msg timestamp="20240220 12:30:15.924" level="INFO">Set suite metadata 'environment' to value 'Dev'.</msg>
<status status="PASS" starttime="20240220 12:30:15.924" endtime="20240220 12:30:15.924"/>
</kw>
<status status="PASS" starttime="20240220 12:30:12.653" endtime="20240220 12:30:15.924"/>
</kw>
<suite id="s1-s1" name="Test invoice creation" source="C:\SAP_Testing\SAPtesting\Tests\Test_invoice_creation.robot">
<kw name="SAP logon" library="Invoice_Creation" type="SETUP">
<kw name="Start Process" library="Process">
<arg>${SAP_SERVER}</arg>
<doc>Starts a new process on background.</doc>
<msg timestamp="20240220 12:30:16.201" level="INFO">Starting process:
"C:\Program Files (x86)\SAP\FrontEnd\SAPgui\saplogon.exe"</msg>
<status status="PASS" starttime="20240220 12:30:16.201" endtime="20240220 12:30:16.201"/>
</kw>
<kw name="Sleep" library="BuiltIn">
<arg>10s</arg>
<doc>Pauses the test executed for the given time.</doc>
<msg timestamp="20240220 12:30:26.201" level="INFO">Slept 10 seconds</msg>
<status status="PASS" starttime="20240220 12:30:16.201" endtime="20240220 12:30:26.201"/>
</kw>
<kw name="Connect To Session" library="CustomSapGuiLibrary">
<doc>Connects to an open session SAP.</doc>
<status status="PASS" starttime="20240220 12:30:26.201" endtime="20240220 12:30:26.205"/>
</kw>
<kw name="Open Connection" library="CustomSapGuiLibrary">
<arg>BIS</arg>
<doc>Opens a connection to the given connection name. Be sure to provide the full connection name, including the bracket part.</doc>
<status status="PASS" starttime="20240220 12:30:26.205" endtime="20240220 12:30:28.630"/>
</kw>
<kw name="Input Text" library="CustomSapGuiLibrary">
<arg>wnd[0]/usr/txtRSYST-MANDT</arg>
<arg>800</arg>
<doc>Inserts the given text into the text field identified by locator.
Use keyword `input password` to insert a password in a text field.</doc>
<msg timestamp="20240220 12:30:28.642" level="INFO">Typing text '800' into text field 'wnd[0]/usr/txtRSYST-MANDT'.</msg>
<status status="PASS" starttime="20240220 12:30:28.630" endtime="20240220 12:30:28.642"/>
</kw>
<kw name="Input Text" library="CustomSapGuiLibrary">
<arg>${FIELD_USER}</arg>
<arg>lokeshk</arg>
<doc>Inserts the given text into the text field identified by locator.
Use keyword `input password` to insert a password in a text field.</doc>
<msg timestamp="20240220 12:30:28.660" level="INFO">Typing text 'lokeshk' into text field 'wnd[0]/usr/txtRSYST-BNAME'.</msg>
<status status="PASS" starttime="20240220 12:30:28.642" endtime="20240220 12:30:28.660"/>
</kw>
<kw name="Input Password" library="CustomSapGuiLibrary">
<arg>${FIELD_PASSWORD}</arg>
<arg>Test@12345</arg>
<doc>Inserts the given password into the text field identified by locator.
The password is not recorded in the log.</doc>
<msg timestamp="20240220 12:30:28.666" level="INFO">Typing password into text field 'wnd[0]/usr/pwdRSYST-BCODE'.</msg>
<status status="PASS" starttime="20240220 12:30:28.660" endtime="20240220 12:30:28.666"/>
</kw>
<kw name="Send Vkey" library="CustomSapGuiLibrary">
<arg>0</arg>
<doc>Sends a SAP virtual key combination to the window, not into an element.
If you want to send a value to a text field, use `input text` instead.</doc>
<status status="PASS" starttime="20240220 12:30:28.668" endtime="20240220 12:30:29.824"/>
</kw>
<kw name="Sleep" library="BuiltIn">
<arg>10s</arg>
<doc>Pauses the test executed for the given time.</doc>
<msg timestamp="20240220 12:30:39.824" level="INFO">Slept 10 seconds</msg>
<status status="PASS" starttime="20240220 12:30:29.824" endtime="20240220 12:30:39.824"/>
</kw>
<status status="PASS" starttime="20240220 12:30:16.201" endtime="20240220 12:30:39.824"/>
</kw>
<test id="s1-s1-t1" name="Interlinked transactions for Invoice" line="8">
<kw name="SAP logon" library="Invoice_Creation">
<kw name="Start Process" library="Process">
<arg>${SAP_SERVER}</arg>
<doc>Starts a new process on background.</doc>
<msg timestamp="20240220 12:30:39.824" level="INFO">Starting process:
"C:\Program Files (x86)\SAP\FrontEnd\SAPgui\saplogon.exe"</msg>
<status status="PASS" starttime="20240220 12:30:39.824" endtime="20240220 12:30:39.824"/>
</kw>
<kw name="Sleep" library="BuiltIn">
<arg>10s</arg>
<doc>Pauses the test executed for the given time.</doc>
<msg timestamp="20240220 12:30:49.825" level="INFO">Slept 10 seconds</msg>
<status status="PASS" starttime="20240220 12:30:39.824" endtime="20240220 12:30:49.825"/>
</kw>
<kw name="Connect To Session" library="CustomSapGuiLibrary">
<doc>Connects to an open session SAP.</doc>
<status status="PASS" starttime="20240220 12:30:49.825" endtime="20240220 12:30:49.829"/>
</kw>
<kw name="Open Connection" library="CustomSapGuiLibrary">
<arg>BIS</arg>
<doc>Opens a connection to the given connection name. Be sure to provide the full connection name, including the bracket part.</doc>
<status status="PASS" starttime="20240220 12:30:49.829" endtime="20240220 12:30:51.842"/>
</kw>
<kw name="Input Text" library="CustomSapGuiLibrary">
<arg>wnd[0]/usr/txtRSYST-MANDT</arg>
<arg>800</arg>
<doc>Inserts the given text into the text field identified by locator.
Use keyword `input password` to insert a password in a text field.</doc>
<msg timestamp="20240220 12:30:51.850" level="INFO">Typing text '800' into text field 'wnd[0]/usr/txtRSYST-MANDT'.</msg>
<status status="PASS" starttime="20240220 12:30:51.842" endtime="20240220 12:30:51.850"/>
</kw>
<kw name="Input Text" library="CustomSapGuiLibrary">
<arg>${FIELD_USER}</arg>
<arg>lokeshk</arg>
<doc>Inserts the given text into the text field identified by locator.
Use keyword `input password` to insert a password in a text field.</doc>
<msg timestamp="20240220 12:30:51.871" level="INFO">Typing text 'lokeshk' into text field 'wnd[0]/usr/txtRSYST-BNAME'.</msg>
<status status="PASS" starttime="20240220 12:30:51.851" endtime="20240220 12:30:51.871"/>
</kw>
<kw name="Input Password" library="CustomSapGuiLibrary">
<arg>${FIELD_PASSWORD}</arg>
<arg>Test@12345</arg>
<doc>Inserts the given password into the text field identified by locator.
The password is not recorded in the log.</doc>
<msg timestamp="20240220 12:30:51.879" level="INFO">Typing password into text field 'wnd[0]/usr/pwdRSYST-BCODE'.</msg>
<status status="PASS" starttime="20240220 12:30:51.872" endtime="20240220 12:30:51.879"/>
</kw>
<kw name="Send Vkey" library="CustomSapGuiLibrary">
<arg>0</arg>
<doc>Sends a SAP virtual key combination to the window, not into an element.
If you want to send a value to a text field, use `input text` instead.</doc>
<status status="PASS" starttime="20240220 12:30:51.879" endtime="20240220 12:30:52.382"/>
</kw>
<kw name="Sleep" library="BuiltIn">
<arg>10s</arg>
<doc>Pauses the test executed for the given time.</doc>
<msg timestamp="20240220 12:31:02.384" level="INFO">Slept 10 seconds</msg>
<status status="PASS" starttime="20240220 12:30:52.382" endtime="20240220 12:31:02.384"/>
</kw>
<status status="PASS" starttime="20240220 12:30:39.824" endtime="20240220 12:31:02.384"/>
</kw>
<kw name="FB70 Invoice entry" library="Invoice_Creation">
<kw name="Count Excel Rows" library="CustomSapGuiLibrary">
<var>${user_count}</var>
<arg>${excel_path}</arg>
<msg timestamp="20240220 12:31:02.393" level="INFO">2</msg>
<msg timestamp="20240220 12:31:02.393" level="INFO">${user_count} = 2</msg>
<status status="PASS" starttime="20240220 12:31:02.384" endtime="20240220 12:31:02.393"/>
</kw>
<kw name="Evaluate" library="BuiltIn">
<var>${rows}</var>
<arg>${user_count} + 1</arg>
<doc>Evaluates the given expression in Python and returns the result.</doc>
<msg timestamp="20240220 12:31:02.393" level="INFO">${rows} = 3</msg>
<status status="PASS" starttime="20240220 12:31:02.393" endtime="20240220 12:31:02.393"/>
</kw>
<kw name="Set Global Variable" library="BuiltIn">
<arg>${rows}</arg>
<doc>Makes a variable available globally in all tests and suites.</doc>
<msg timestamp="20240220 12:31:02.393" level="INFO">${rows} = 3</msg>
<status status="PASS" starttime="20240220 12:31:02.393" endtime="20240220 12:31:02.393"/>
</kw>
<for flavor="IN RANGE">
<var>${row_count}</var>
<value>2</value>
<value>${rows}</value>
<iter>
<var name="${row_count}">2</var>
<kw name="Set Global Variable" library="BuiltIn">
<arg>${row_count}</arg>
<doc>Makes a variable available globally in all tests and suites.</doc>
<msg timestamp="20240220 12:31:02.393" level="INFO">${row_count} = 2</msg>
<status status="PASS" starttime="20240220 12:31:02.393" endtime="20240220 12:31:02.393"/>
</kw>
<kw name="Read Excel" library="Invoice_Creation">
<var>${customer}</var>
<arg>${excel_path}</arg>
<arg>${sheet_name}</arg>
<arg>${row_count}</arg>
<arg>1</arg>
<kw name="Open Excel Document" library="ExcelLibrary">
<arg>${filepath}</arg>
<arg>1</arg>
<doc>Opens xlsx document file.</doc>
<status status="PASS" starttime="20240220 12:31:02.393" endtime="20240220 12:31:02.393"/>
</kw>
<kw name="Get Sheet" library="ExcelLibrary">
<arg>${sheetname}</arg>
<doc>Returns a page from the current document.</doc>
<status status="PASS" starttime="20240220 12:31:02.393" endtime="20240220 12:31:02.393"/>
</kw>
<kw name="Read Excel Cell" library="ExcelLibrary">
<var>${data}</var>
<arg>${rownum}</arg>
<arg>${colnum}</arg>
<doc>Returns content of a cell.</doc>
<msg timestamp="20240220 12:31:02.393" level="INFO">${data} = CMS0000043</msg>
<status status="PASS" starttime="20240220 12:31:02.393" endtime="20240220 12:31:02.393"/>
</kw>
<kw name="Close Current Excel Document" library="ExcelLibrary">
<doc>Closes current document.</doc>
<status status="PASS" starttime="20240220 12:31:02.393" endtime="20240220 12:31:02.393"/>
</kw>
<msg timestamp="20240220 12:31:02.393" level="INFO">${customer} = CMS0000043</msg>
<status status="PASS" starttime="20240220 12:31:02.393" endtime="20240220 12:31:02.393"/>
</kw>
<kw name="Log To Console" library="BuiltIn">
<arg>${customer}</arg>
<doc>Logs the given message to the console.</doc>
<status status="PASS" starttime="20240220 12:31:02.393" endtime="20240220 12:31:02.393"/>
</kw>
<kw name="Set Global Variable" library="BuiltIn">
<arg>${customer}</arg>
<doc>Makes a variable available globally in all tests and suites.</doc>
<msg timestamp="20240220 12:31:02.393" level="INFO">${customer} = CMS0000043</msg>
<status status="PASS" starttime="20240220 12:31:02.393" endtime="20240220 12:31:02.393"/>
</kw>
<kw name="Read Excel" library="Invoice_Creation">
<var>${invoice_date}</var>
<arg>${excel_path}</arg>
<arg>${sheet_name}</arg>
<arg>${row_count}</arg>
<arg>2</arg>
<kw name="Open Excel Document" library="ExcelLibrary">
<arg>${filepath}</arg>
<arg>1</arg>
<doc>Opens xlsx document file.</doc>
<status status="PASS" starttime="20240220 12:31:02.393" endtime="20240220 12:31:02.408"/>
</kw>
<kw name="Get Sheet" library="ExcelLibrary">
<arg>${sheetname}</arg>
<doc>Returns a page from the current document.</doc>
<status status="PASS" starttime="20240220 12:31:02.408" endtime="20240220 12:31:02.408"/>
</kw>
<kw name="Read Excel Cell" library="ExcelLibrary">
<var>${data}</var>
<arg>${rownum}</arg>
<arg>${colnum}</arg>
<doc>Returns content of a cell.</doc>
<msg timestamp="20240220 12:31:02.408" level="INFO">${data} = 20.02.2024</msg>
<status status="PASS" starttime="20240220 12:31:02.408" endtime="20240220 12:31:02.408"/>
</kw>
<kw name="Close Current Excel Document" library="ExcelLibrary">
<doc>Closes current document.</doc>
<status status="PASS" starttime="20240220 12:31:02.408" endtime="20240220 12:31:02.408"/>
</kw>
<msg timestamp="20240220 12:31:02.408" level="INFO">${invoice_date} = 20.02.2024</msg>
<status status="PASS" starttime="20240220 12:31:02.393" endtime="20240220 12:31:02.408"/>
</kw>
<kw name="Log To Console" library="BuiltIn">
<arg>${invoice_date}</arg>
<doc>Logs the given message to the console.</doc>
<status status="PASS" starttime="20240220 12:31:02.408" endtime="20240220 12:31:02.408"/>
</kw>
<kw name="Set Global Variable" library="BuiltIn">
<arg>${invoice_date}</arg>
<doc>Makes a variable available globally in all tests and suites.</doc>
<msg timestamp="20240220 12:31:02.408" level="INFO">${invoice_date} = 20.02.2024</msg>
<status status="PASS" starttime="20240220 12:31:02.408" endtime="20240220 12:31:02.408"/>
</kw>
<kw name="Read Excel" library="Invoice_Creation">
<var>${amount}</var>
<arg>${excel_path}</arg>
<arg>${sheet_name}</arg>
<arg>${row_count}</arg>
<arg>3</arg>
<kw name="Open Excel Document" library="ExcelLibrary">
<arg>${filepath}</arg>
<arg>1</arg>
<doc>Opens xlsx document file.</doc>
<status status="PASS" starttime="20240220 12:31:02.408" endtime="20240220 12:31:02.417"/>
</kw>
<kw name="Get Sheet" library="ExcelLibrary">
<arg>${sheetname}</arg>
<doc>Returns a page from the current document.</doc>
<status status="PASS" starttime="20240220 12:31:02.417" endtime="20240220 12:31:02.417"/>
</kw>
<kw name="Read Excel Cell" library="ExcelLibrary">
<var>${data}</var>
<arg>${rownum}</arg>
<arg>${colnum}</arg>
<doc>Returns content of a cell.</doc>
<msg timestamp="20240220 12:31:02.417" level="INFO">${data} = 1000</msg>
<status status="PASS" starttime="20240220 12:31:02.417" endtime="20240220 12:31:02.417"/>
</kw>
<kw name="Close Current Excel Document" library="ExcelLibrary">
<doc>Closes current document.</doc>
<status status="PASS" starttime="20240220 12:31:02.417" endtime="20240220 12:31:02.417"/>
</kw>
<msg timestamp="20240220 12:31:02.417" level="INFO">${amount} = 1000</msg>
<status status="PASS" starttime="20240220 12:31:02.408" endtime="20240220 12:31:02.417"/>
</kw>
<kw name="Log To Console" library="BuiltIn">
<arg>${amount}</arg>
<doc>Logs the given message to the console.</doc>
<status status="PASS" starttime="20240220 12:31:02.417" endtime="20240220 12:31:02.417"/>
</kw>
<kw name="Set Global Variable" library="BuiltIn">
<arg>${amount}</arg>
<doc>Makes a variable available globally in all tests and suites.</doc>
<msg timestamp="20240220 12:31:02.417" level="INFO">${amount} = 1000</msg>
<status status="PASS" starttime="20240220 12:31:02.417" endtime="20240220 12:31:02.417"/>
</kw>
<kw name="Read Excel" library="Invoice_Creation">
<var>${text}</var>
<arg>${excel_path}</arg>
<arg>${sheet_name}</arg>
<arg>${row_count}</arg>
<arg>4</arg>
<kw name="Open Excel Document" library="ExcelLibrary">
<arg>${filepath}</arg>
<arg>1</arg>
<doc>Opens xlsx document file.</doc>
<status status="PASS" starttime="20240220 12:31:02.417" endtime="20240220 12:31:02.424"/>
</kw>
<kw name="Get Sheet" library="ExcelLibrary">
<arg>${sheetname}</arg>
<doc>Returns a page from the current document.</doc>
<status status="PASS" starttime="20240220 12:31:02.424" endtime="20240220 12:31:02.424"/>
</kw>
<kw name="Read Excel Cell" library="ExcelLibrary">
<var>${data}</var>
<arg>${rownum}</arg>
<arg>${colnum}</arg>
<doc>Returns content of a cell.</doc>
<msg timestamp="20240220 12:31:02.424" level="INFO">${data} = Robo Test</msg>
<status status="PASS" starttime="20240220 12:31:02.424" endtime="20240220 12:31:02.424"/>
</kw>
<kw name="Close Current Excel Document" library="ExcelLibrary">
<doc>Closes current document.</doc>
<status status="PASS" starttime="20240220 12:31:02.424" endtime="20240220 12:31:02.424"/>
</kw>
<msg timestamp="20240220 12:31:02.424" level="INFO">${text} = Robo Test</msg>
<status status="PASS" starttime="20240220 12:31:02.417" endtime="20240220 12:31:02.424"/>
</kw>
<kw name="Log To Console" library="BuiltIn">
<arg>${text}</arg>
<doc>Logs the given message to the console.</doc>
<status status="PASS" starttime="20240220 12:31:02.424" endtime="20240220 12:31:02.424"/>
</kw>
<kw name="Set Global Variable" library="BuiltIn">
<arg>${text}</arg>
<doc>Makes a variable available globally in all tests and suites.</doc>
<msg timestamp="20240220 12:31:02.424" level="INFO">${text} = Robo Test</msg>
<status status="PASS" starttime="20240220 12:31:02.424" endtime="20240220 12:31:02.424"/>
</kw>
<kw name="Read Excel" library="Invoice_Creation">
<var>${gl_amount}</var>
<arg>${excel_path}</arg>
<arg>${sheet_name}</arg>
<arg>${row_count}</arg>
<arg>5</arg>
<kw name="Open Excel Document" library="ExcelLibrary">
<arg>${filepath}</arg>
<arg>1</arg>
<doc>Opens xlsx document file.</doc>
<status status="PASS" starttime="20240220 12:31:02.424" endtime="20240220 12:31:02.424"/>
</kw>
<kw name="Get Sheet" library="ExcelLibrary">
<arg>${sheetname}</arg>
<doc>Returns a page from the current document.</doc>
<status status="PASS" starttime="20240220 12:31:02.424" endtime="20240220 12:31:02.424"/>
</kw>
<kw name="Read Excel Cell" library="ExcelLibrary">
<var>${data}</var>
<arg>${rownum}</arg>
<arg>${colnum}</arg>
<doc>Returns content of a cell.</doc>
<msg timestamp="20240220 12:31:02.424" level="INFO">${data} = 40001</msg>
<status status="PASS" starttime="20240220 12:31:02.424" endtime="20240220 12:31:02.424"/>
</kw>
<kw name="Close Current Excel Document" library="ExcelLibrary">
<doc>Closes current document.</doc>
<status status="PASS" starttime="20240220 12:31:02.424" endtime="20240220 12:31:02.424"/>
</kw>
<msg timestamp="20240220 12:31:02.424" level="INFO">${gl_amount} = 40001</msg>
<status status="PASS" starttime="20240220 12:31:02.424" endtime="20240220 12:31:02.424"/>
</kw>
<kw name="Log To Console" library="BuiltIn">
<arg>${gl_amount}</arg>
<doc>Logs the given message to the console.</doc>
<status status="PASS" starttime="20240220 12:31:02.424" endtime="20240220 12:31:02.424"/>
</kw>
<kw name="Set Global Variable" library="BuiltIn">
<arg>${gl_amount}</arg>
<doc>Makes a variable available globally in all tests and suites.</doc>
<msg timestamp="20240220 12:31:02.440" level="INFO">${gl_amount} = 40001</msg>
<status status="PASS" starttime="20240220 12:31:02.424" endtime="20240220 12:31:02.440"/>
</kw>
<kw name="Read Excel" library="Invoice_Creation">
<var>${amount_cur_doc}</var>
<arg>${excel_path}</arg>
<arg>${sheet_name}</arg>
<arg>${row_count}</arg>
<arg>6</arg>
<kw name="Open Excel Document" library="ExcelLibrary">
<arg>${filepath}</arg>
<arg>1</arg>
<doc>Opens xlsx document file.</doc>
<status status="PASS" starttime="20240220 12:31:02.440" endtime="20240220 12:31:02.440"/>
</kw>
<kw name="Get Sheet" library="ExcelLibrary">
<arg>${sheetname}</arg>
<doc>Returns a page from the current document.</doc>
<status status="PASS" starttime="20240220 12:31:02.440" endtime="20240220 12:31:02.440"/>
</kw>
<kw name="Read Excel Cell" library="ExcelLibrary">
<var>${data}</var>
<arg>${rownum}</arg>
<arg>${colnum}</arg>
<doc>Returns content of a cell.</doc>
<msg timestamp="20240220 12:31:02.440" level="INFO">${data} = 1000</msg>
<status status="PASS" starttime="20240220 12:31:02.440" endtime="20240220 12:31:02.449"/>
</kw>
<kw name="Close Current Excel Document" library="ExcelLibrary">
<doc>Closes current document.</doc>
<status status="PASS" starttime="20240220 12:31:02.449" endtime="20240220 12:31:02.449"/>
</kw>
<msg timestamp="20240220 12:31:02.449" level="INFO">${amount_cur_doc} = 1000</msg>
<status status="PASS" starttime="20240220 12:31:02.440" endtime="20240220 12:31:02.449"/>
</kw>
<kw name="Log To Console" library="BuiltIn">
<arg>${amount_cur_doc}</arg>
<doc>Logs the given message to the console.</doc>
<status status="PASS" starttime="20240220 12:31:02.449" endtime="20240220 12:31:02.449"/>
</kw>
<kw name="Set Global Variable" library="BuiltIn">
<arg>${amount_cur_doc}</arg>
<doc>Makes a variable available globally in all tests and suites.</doc>
<msg timestamp="20240220 12:31:02.449" level="INFO">${amount_cur_doc} = 1000</msg>
<status status="PASS" starttime="20240220 12:31:02.449" endtime="20240220 12:31:02.449"/>
</kw>
<kw name="Read Excel" library="Invoice_Creation">
<var>${cost_center}</var>
<arg>${excel_path}</arg>
<arg>${sheet_name}</arg>
<arg>${row_count}</arg>
<arg>7</arg>
<kw name="Open Excel Document" library="ExcelLibrary">
<arg>${filepath}</arg>
<arg>1</arg>
<doc>Opens xlsx document file.</doc>
<status status="PASS" starttime="20240220 12:31:02.449" endtime="20240220 12:31:02.456"/>
</kw>
<kw name="Get Sheet" library="ExcelLibrary">
<arg>${sheetname}</arg>
<doc>Returns a page from the current document.</doc>
<status status="PASS" starttime="20240220 12:31:02.456" endtime="20240220 12:31:02.456"/>
</kw>
<kw name="Read Excel Cell" library="ExcelLibrary">
<var>${data}</var>
<arg>${rownum}</arg>
<arg>${colnum}</arg>
<doc>Returns content of a cell.</doc>
<msg timestamp="20240220 12:31:02.456" level="INFO">${data} = 329</msg>
<status status="PASS" starttime="20240220 12:31:02.456" endtime="20240220 12:31:02.456"/>
</kw>
<kw name="Close Current Excel Document" library="ExcelLibrary">
<doc>Closes current document.</doc>
<status status="PASS" starttime="20240220 12:31:02.456" endtime="20240220 12:31:02.456"/>
</kw>
<msg timestamp="20240220 12:31:02.456" level="INFO">${cost_center} = 329</msg>
<status status="PASS" starttime="20240220 12:31:02.449" endtime="20240220 12:31:02.456"/>
</kw>
<kw name="Log To Console" library="BuiltIn">
<arg>${cost_center}</arg>
<doc>Logs the given message to the console.</doc>
<status status="PASS" starttime="20240220 12:31:02.456" endtime="20240220 12:31:02.456"/>
</kw>
<kw name="Set Global Variable" library="BuiltIn">
<arg>${cost_center}</arg>
<doc>Makes a variable available globally in all tests and suites.</doc>
<msg timestamp="20240220 12:31:02.456" level="INFO">${cost_center} = 329</msg>
<status status="PASS" starttime="20240220 12:31:02.456" endtime="20240220 12:31:02.456"/>
</kw>
<kw name="Transaction FB70" library="Invoice_Creation">
<kw name="Run Transaction" library="CustomSapGuiLibrary">
<arg>FB70</arg>
<doc>Runs a Sap transaction. An error is given when an unknown transaction is specified.</doc>
<status status="PASS" starttime="20240220 12:31:02.456" endtime="20240220 12:31:04.775"/>
</kw>
<kw name="Sleep" library="BuiltIn">
<arg>5</arg>
<doc>Pauses the test executed for the given time.</doc>
<msg timestamp="20240220 12:31:09.776" level="INFO">Slept 5 seconds</msg>
<status status="PASS" starttime="20240220 12:31:04.775" endtime="20240220 12:31:09.776"/>
</kw>
<kw name="Input Text" library="CustomSapGuiLibrary">
<arg>wnd[0]/usr/tabsTS/tabpMAIN/ssubPAGE:SAPLFDCB:0510/ctxtINVFO-ACCNT</arg>
<arg>${customer}</arg>
<doc>Inserts the given text into the text field identified by locator.
Use keyword `input password` to insert a password in a text field.</doc>
<msg timestamp="20240220 12:31:09.783" level="INFO">Typing text 'CMS0000043' into text field 'wnd[0]/usr/tabsTS/tabpMAIN/ssubPAGE:SAPLFDCB:0510/ctxtINVFO-ACCNT'.</msg>
<status status="PASS" starttime="20240220 12:31:09.776" endtime="20240220 12:31:09.783"/>
</kw>
<kw name="Sleep" library="BuiltIn">
<arg>5</arg>
<doc>Pauses the test executed for the given time.</doc>
<msg timestamp="20240220 12:31:14.793" level="INFO">Slept 5 seconds</msg>
<status status="PASS" starttime="20240220 12:31:09.783" endtime="20240220 12:31:14.793"/>
</kw>
<kw name="Input Text" library="CustomSapGuiLibrary">
<arg>wnd[0]/usr/tabsTS/tabpMAIN/ssubPAGE:SAPLFDCB:0510/ctxtINVFO-BLDAT</arg>
<arg>${invoice_date}</arg>
<doc>Inserts the given text into the text field identified by locator.
Use keyword `input password` to insert a password in a text field.</doc>
<msg timestamp="20240220 12:31:14.793" level="INFO">Typing text '20.02.2024' into text field 'wnd[0]/usr/tabsTS/tabpMAIN/ssubPAGE:SAPLFDCB:0510/ctxtINVFO-BLDAT'.</msg>
<status status="PASS" starttime="20240220 12:31:14.793" endtime="20240220 12:31:14.793"/>
</kw>
<kw name="Sleep" library="BuiltIn">
<arg>5</arg>
<doc>Pauses the test executed for the given time.</doc>
<msg timestamp="20240220 12:31:19.801" level="INFO">Slept 5 seconds</msg>
<status status="PASS" starttime="20240220 12:31:14.793" endtime="20240220 12:31:19.801"/>
</kw>
<kw name="Input Text" library="CustomSapGuiLibrary">
<arg>wnd[0]/usr/tabsTS/tabpMAIN/ssubPAGE:SAPLFDCB:0510/txtINVFO-WRBTR</arg>
<arg>${amount}</arg>
<doc>Inserts the given text into the text field identified by locator.
Use keyword `input password` to insert a password in a text field.</doc>
<msg timestamp="20240220 12:31:19.805" level="INFO">Typing text '1000' into text field 'wnd[0]/usr/tabsTS/tabpMAIN/ssubPAGE:SAPLFDCB:0510/txtINVFO-WRBTR'.</msg>
<status status="PASS" starttime="20240220 12:31:19.801" endtime="20240220 12:31:19.805"/>
</kw>
<kw name="Sleep" library="BuiltIn">
<arg>5</arg>
<doc>Pauses the test executed for the given time.</doc>
<msg timestamp="20240220 12:31:24.806" level="INFO">Slept 5 seconds</msg>
<status status="PASS" starttime="20240220 12:31:19.805" endtime="20240220 12:31:24.806"/>
</kw>
<kw name="Input Text" library="CustomSapGuiLibrary">
<arg>wnd[0]/usr/tabsTS/tabpMAIN/ssubPAGE:SAPLFDCB:0510/ctxtINVFO-SGTXT</arg>
<arg>${text}</arg>
<doc>Inserts the given text into the text field identified by locator.
Use keyword `input password` to insert a password in a text field.</doc>
<msg timestamp="20240220 12:31:24.813" level="INFO">Typing text 'Robo Test' into text field 'wnd[0]/usr/tabsTS/tabpMAIN/ssubPAGE:SAPLFDCB:0510/ctxtINVFO-SGTXT'.</msg>
<status status="PASS" starttime="20240220 12:31:24.806" endtime="20240220 12:31:24.813"/>
</kw>
<kw name="Sleep" library="BuiltIn">
<arg>5</arg>
<doc>Pauses the test executed for the given time.</doc>
<msg timestamp="20240220 12:31:29.814" level="INFO">Slept 5 seconds</msg>
<status status="PASS" starttime="20240220 12:31:24.813" endtime="20240220 12:31:29.814"/>
</kw>
<kw name="Input Text" library="CustomSapGuiLibrary">
<arg>wnd[0]/usr/subITEMS:SAPLFSKB:0100/tblSAPLFSKBTABLE/ctxtACGL_ITEM-HKONT[1,0]</arg>
<arg>${gl_amount}</arg>
<doc>Inserts the given text into the text field identified by locator.
Use keyword `input password` to insert a password in a text field.</doc>
<msg timestamp="20240220 12:31:29.819" level="INFO">Typing text '40001' into text field 'wnd[0]/usr/subITEMS:SAPLFSKB:0100/tblSAPLFSKBTABLE/ctxtACGL_ITEM-HKONT[1,0]'.</msg>
<status status="PASS" starttime="20240220 12:31:29.814" endtime="20240220 12:31:29.819"/>
</kw>
<kw name="Sleep" library="BuiltIn">
<arg>5</arg>
<doc>Pauses the test executed for the given time.</doc>
<msg timestamp="20240220 12:31:34.819" level="INFO">Slept 5 seconds</msg>
<status status="PASS" starttime="20240220 12:31:29.819" endtime="20240220 12:31:34.819"/>
</kw>
<kw name="Input Text" library="CustomSapGuiLibrary">
<arg>wnd[0]/usr/subITEMS:SAPLFSKB:0100/tblSAPLFSKBTABLE/txtACGL_ITEM-WRBTR[4,0]</arg>
<arg>${amount_cur_doc}</arg>
<doc>Inserts the given text into the text field identified by locator.
Use keyword `input password` to insert a password in a text field.</doc>
<msg timestamp="20240220 12:31:34.830" level="INFO">Typing text '1000' into text field 'wnd[0]/usr/subITEMS:SAPLFSKB:0100/tblSAPLFSKBTABLE/txtACGL_ITEM-WRBTR[4,0]'.</msg>
<status status="PASS" starttime="20240220 12:31:34.819" endtime="20240220 12:31:34.830"/>
</kw>
<kw name="Sleep" library="BuiltIn">
<arg>5</arg>
<doc>Pauses the test executed for the given time.</doc>
<msg timestamp="20240220 12:31:39.830" level="INFO">Slept 5 seconds</msg>
<status status="PASS" starttime="20240220 12:31:34.830" endtime="20240220 12:31:39.830"/>
</kw>
<kw name="Input Text" library="CustomSapGuiLibrary">
<arg>wnd[0]/usr/subITEMS:SAPLFSKB:0100/tblSAPLFSKBTABLE/ctxtACGL_ITEM-KOSTL[17,0]</arg>
<arg>${cost_center}</arg>
<doc>Inserts the given text into the text field identified by locator.
Use keyword `input password` to insert a password in a text field.</doc>
<msg timestamp="20240220 12:31:39.855" level="INFO">Typing text '329' into text field 'wnd[0]/usr/subITEMS:SAPLFSKB:0100/tblSAPLFSKBTABLE/ctxtACGL_ITEM-KOSTL[17,0]'.</msg>
<status status="PASS" starttime="20240220 12:31:39.830" endtime="20240220 12:31:39.855"/>
</kw>
<kw name="Sleep" library="BuiltIn">
<arg>5</arg>
<doc>Pauses the test executed for the given time.</doc>
<msg timestamp="20240220 12:31:44.856" level="INFO">Slept 5 seconds</msg>
<status status="PASS" starttime="20240220 12:31:39.855" endtime="20240220 12:31:44.856"/>
</kw>
<kw name="Click Element" library="CustomSapGuiLibrary">
<arg>wnd[0]/tbar[0]/btn[11]</arg>
<doc>Performs a single click on a given element. Used only for buttons, tabs and menu items.</doc>
<status status="PASS" starttime="20240220 12:31:44.856" endtime="20240220 12:31:46.301"/>
</kw>
<kw name="Sleep" library="BuiltIn">
<arg>5</arg>
<doc>Pauses the test executed for the given time.</doc>
<msg timestamp="20240220 12:31:51.301" level="INFO">Slept 5 seconds</msg>
<status status="PASS" starttime="20240220 12:31:46.301" endtime="20240220 12:31:51.301"/>
</kw>
<kw name="Get Value" library="CustomSapGuiLibrary">
<var>${output}</var>
<arg>wnd[0]/sbar/pane[0]</arg>
<doc>Gets the value of the given element. The possible return values depend on the type of element (see Return values).</doc>
<msg timestamp="20240220 12:31:51.304" level="INFO">${output} = Document 1800000424 was posted in company code 3000</msg>
<status status="PASS" starttime="20240220 12:31:51.301" endtime="20240220 12:31:51.304"/>
</kw>
<kw name="Log To Console" library="BuiltIn">
<arg>${output}</arg>
<doc>Logs the given message to the console.</doc>
<status status="PASS" starttime="20240220 12:31:51.304" endtime="20240220 12:31:51.304"/>
</kw>
<kw name="Write Excel" library="Invoice_Creation">
<arg>${excel_path}</arg>
<arg>${sheet_name}</arg>
<arg>${row_count}</arg>
<arg>8</arg>
<arg>${output}</arg>
<kw name="Open Excel Document" library="ExcelLibrary">
<arg>${filepath}</arg>
<arg>1</arg>
<doc>Opens xlsx document file.</doc>
<status status="PASS" starttime="20240220 12:31:51.304" endtime="20240220 12:31:51.316"/>
</kw>
<kw name="Get Sheet" library="ExcelLibrary">
<arg>${sheetname}</arg>
<doc>Returns a page from the current document.</doc>
<status status="PASS" starttime="20240220 12:31:51.316" endtime="20240220 12:31:51.316"/>
</kw>
<kw name="Write Excel Cell" library="ExcelLibrary">
<arg>${rownum}</arg>
<arg>${colnum}</arg>
<arg>${cell_value}</arg>
<arg>${sheetname}</arg>
<doc>Writes value to the cell.</doc>
<status status="PASS" starttime="20240220 12:31:51.316" endtime="20240220 12:31:51.316"/>
</kw>
<kw name="Save Excel Document" library="ExcelLibrary">
<arg>${excel_path}</arg>
<doc>Saves the current document to disk.</doc>
<status status="PASS" starttime="20240220 12:31:51.316" endtime="20240220 12:31:51.332"/>
</kw>
<kw name="Close Current Excel Document" library="ExcelLibrary">
<doc>Closes current document.</doc>
<status status="PASS" starttime="20240220 12:31:51.332" endtime="20240220 12:31:51.332"/>
</kw>
<status status="PASS" starttime="20240220 12:31:51.304" endtime="20240220 12:31:51.332"/>
</kw>
<kw name="Get Document Number" library="CustomSapGuiLibrary">
<var>${document}</var>
<arg>wnd[0]/sbar/pane[0]</arg>
<msg timestamp="20240220 12:31:51.332" level="INFO">${document} = 1800000424</msg>
<status status="PASS" starttime="20240220 12:31:51.332" endtime="20240220 12:31:51.332"/>
</kw>
<kw name="Log To Console" library="BuiltIn">
<arg>${document}</arg>
<doc>Logs the given message to the console.</doc>
<status status="PASS" starttime="20240220 12:31:51.332" endtime="20240220 12:31:51.348"/>
</kw>
<kw name="Write Excel" library="Invoice_Creation">
<arg>${excel_path}</arg>
<arg>${sheet_name}</arg>
<arg>${row_count}</arg>
<arg>9</arg>
<arg>${document}</arg>
<kw name="Open Excel Document" library="ExcelLibrary">
<arg>${filepath}</arg>
<arg>1</arg>
<doc>Opens xlsx document file.</doc>
<status status="PASS" starttime="20240220 12:31:51.348" endtime="20240220 12:31:51.348"/>
</kw>
<kw name="Get Sheet" library="ExcelLibrary">
<arg>${sheetname}</arg>
<doc>Returns a page from the current document.</doc>
<status status="PASS" starttime="20240220 12:31:51.348" endtime="20240220 12:31:51.348"/>
</kw>
<kw name="Write Excel Cell" library="ExcelLibrary">
<arg>${rownum}</arg>
<arg>${colnum}</arg>
<arg>${cell_value}</arg>
<arg>${sheetname}</arg>
<doc>Writes value to the cell.</doc>
<status status="PASS" starttime="20240220 12:31:51.348" endtime="20240220 12:31:51.348"/>
</kw>
<kw name="Save Excel Document" library="ExcelLibrary">
<arg>${excel_path}</arg>
<doc>Saves the current document to disk.</doc>
<status status="PASS" starttime="20240220 12:31:51.348" endtime="20240220 12:31:51.364"/>
</kw>
<kw name="Close Current Excel Document" library="ExcelLibrary">
<doc>Closes current document.</doc>
<status status="PASS" starttime="20240220 12:31:51.364" endtime="20240220 12:31:51.364"/>
</kw>
<status status="PASS" starttime="20240220 12:31:51.348" endtime="20240220 12:31:51.364"/>
</kw>
<kw name="Get Company Code" library="CustomSapGuiLibrary">
<var>${company_code}</var>
<arg>${output}</arg>
<msg timestamp="20240220 12:31:51.364" level="INFO">${company_code} = 3000</msg>
<status status="PASS" starttime="20240220 12:31:51.364" endtime="20240220 12:31:51.364"/>
</kw>
<kw name="Log To Console" library="BuiltIn">
<arg>${company_code}</arg>
<doc>Logs the given message to the console.</doc>
<status status="PASS" starttime="20240220 12:31:51.364" endtime="20240220 12:31:51.364"/>
</kw>
<kw name="Write Excel" library="Invoice_Creation">
<arg>${excel_path}</arg>
<arg>${sheet_name}</arg>
<arg>${row_count}</arg>
<arg>10</arg>
<arg>${company_code}</arg>
<kw name="Open Excel Document" library="ExcelLibrary">
<arg>${filepath}</arg>
<arg>1</arg>
<doc>Opens xlsx document file.</doc>
<status status="PASS" starttime="20240220 12:31:51.364" endtime="20240220 12:31:51.379"/>
</kw>
<kw name="Get Sheet" library="ExcelLibrary">
<arg>${sheetname}</arg>
<doc>Returns a page from the current document.</doc>
<status status="PASS" starttime="20240220 12:31:51.379" endtime="20240220 12:31:51.379"/>
</kw>
<kw name="Write Excel Cell" library="ExcelLibrary">
<arg>${rownum}</arg>
<arg>${colnum}</arg>
<arg>${cell_value}</arg>
<arg>${sheetname}</arg>
<doc>Writes value to the cell.</doc>
<status status="PASS" starttime="20240220 12:31:51.379" endtime="20240220 12:31:51.379"/>
</kw>
<kw name="Save Excel Document" library="ExcelLibrary">
<arg>${excel_path}</arg>
<doc>Saves the current document to disk.</doc>
<status status="PASS" starttime="20240220 12:31:51.379" endtime="20240220 12:31:51.395"/>
</kw>
<kw name="Close Current Excel Document" library="ExcelLibrary">
<doc>Closes current document.</doc>
<status status="PASS" starttime="20240220 12:31:51.395" endtime="20240220 12:31:51.395"/>
</kw>
<status status="PASS" starttime="20240220 12:31:51.364" endtime="20240220 12:31:51.395"/>
</kw>
<status status="PASS" starttime="20240220 12:31:02.456" endtime="20240220 12:31:51.395"/>
</kw>
<status status="PASS" starttime="20240220 12:31:02.393" endtime="20240220 12:31:51.395"/>
</iter>
<status status="PASS" starttime="20240220 12:31:02.393" endtime="20240220 12:31:51.395"/>
</for>
<status status="PASS" starttime="20240220 12:31:02.384" endtime="20240220 12:31:51.395"/>
</kw>
<kw name="FB03 display the invoice document" library="Invoice_Creation">
<for flavor="IN RANGE">
<var>${row_count}</var>
<value>2</value>
<value>${rows}</value>
<iter>
<var name="${row_count}">2</var>
<kw name="Read Excel" library="Invoice_Creation">
<var>${document}</var>
<arg>${excel_path}</arg>
<arg>${sheet_name}</arg>
<arg>${row_count}</arg>
<arg>9</arg>
<kw name="Open Excel Document" library="ExcelLibrary">
<arg>${filepath}</arg>
<arg>1</arg>
<doc>Opens xlsx document file.</doc>
<status status="PASS" starttime="20240220 12:31:51.395" endtime="20240220 12:31:51.404"/>
</kw>
<kw name="Get Sheet" library="ExcelLibrary">
<arg>${sheetname}</arg>
<doc>Returns a page from the current document.</doc>
<status status="PASS" starttime="20240220 12:31:51.404" endtime="20240220 12:31:51.404"/>
</kw>
<kw name="Read Excel Cell" library="ExcelLibrary">
<var>${data}</var>
<arg>${rownum}</arg>
<arg>${colnum}</arg>
<doc>Returns content of a cell.</doc>
<msg timestamp="20240220 12:31:51.404" level="INFO">${data} = 1800000424</msg>
<status status="PASS" starttime="20240220 12:31:51.404" endtime="20240220 12:31:51.404"/>
</kw>
<kw name="Close Current Excel Document" library="ExcelLibrary">
<doc>Closes current document.</doc>
<status status="PASS" starttime="20240220 12:31:51.404" endtime="20240220 12:31:51.404"/>
</kw>
<msg timestamp="20240220 12:31:51.404" level="INFO">${document} = 1800000424</msg>
<status status="PASS" starttime="20240220 12:31:51.395" endtime="20240220 12:31:51.404"/>
</kw>
<kw name="Log To Console" library="BuiltIn">
<arg>${document}</arg>
<doc>Logs the given message to the console.</doc>
<status status="PASS" starttime="20240220 12:31:51.404" endtime="20240220 12:31:51.404"/>
</kw>
<kw name="Set Global Variable" library="BuiltIn">
<arg>${document}</arg>
<doc>Makes a variable available globally in all tests and suites.</doc>
<msg timestamp="20240220 12:31:51.404" level="INFO">${document} = 1800000424</msg>
<status status="PASS" starttime="20240220 12:31:51.404" endtime="20240220 12:31:51.404"/>
</kw>
<kw name="Read Excel" library="Invoice_Creation">
<var>${company_code}</var>
<arg>${excel_path}</arg>
<arg>${sheet_name}</arg>
<arg>${row_count}</arg>
<arg>10</arg>
<kw name="Open Excel Document" library="ExcelLibrary">
<arg>${filepath}</arg>
<arg>1</arg>
<doc>Opens xlsx document file.</doc>
<status status="PASS" starttime="20240220 12:31:51.411" endtime="20240220 12:31:51.411"/>
</kw>
<kw name="Get Sheet" library="ExcelLibrary">
<arg>${sheetname}</arg>
<doc>Returns a page from the current document.</doc>
<status status="PASS" starttime="20240220 12:31:51.411" endtime="20240220 12:31:51.411"/>
</kw>
<kw name="Read Excel Cell" library="ExcelLibrary">
<var>${data}</var>
<arg>${rownum}</arg>
<arg>${colnum}</arg>
<doc>Returns content of a cell.</doc>
<msg timestamp="20240220 12:31:51.411" level="INFO">${data} = 3000</msg>
<status status="PASS" starttime="20240220 12:31:51.411" endtime="20240220 12:31:51.411"/>
</kw>
<kw name="Close Current Excel Document" library="ExcelLibrary">
<doc>Closes current document.</doc>
<status status="PASS" starttime="20240220 12:31:51.411" endtime="20240220 12:31:51.411"/>
</kw>
<msg timestamp="20240220 12:31:51.411" level="INFO">${company_code} = 3000</msg>
<status status="PASS" starttime="20240220 12:31:51.404" endtime="20240220 12:31:51.411"/>
</kw>
<kw name="Log To Console" library="BuiltIn">
<arg>${company_code}</arg>
<doc>Logs the given message to the console.</doc>
<status status="PASS" starttime="20240220 12:31:51.411" endtime="20240220 12:31:51.411"/>
</kw>
<kw name="Set Global Variable" library="BuiltIn">
<arg>${company_code}</arg>
<doc>Makes a variable available globally in all tests and suites.</doc>
<msg timestamp="20240220 12:31:51.411" level="INFO">${company_code} = 3000</msg>
<status status="PASS" starttime="20240220 12:31:51.411" endtime="20240220 12:31:51.411"/>
</kw>
<kw name="Read Excel" library="Invoice_Creation">
<var>${fiscal_year}</var>
<arg>${excel_path}</arg>
<arg>${sheet_name}</arg>
<arg>${row_count}</arg>
<arg>11</arg>
<kw name="Open Excel Document" library="ExcelLibrary">
<arg>${filepath}</arg>
<arg>1</arg>
<doc>Opens xlsx document file.</doc>
<status status="PASS" starttime="20240220 12:31:51.411" endtime="20240220 12:31:51.411"/>
</kw>
<kw name="Get Sheet" library="ExcelLibrary">
<arg>${sheetname}</arg>
<doc>Returns a page from the current document.</doc>
<status status="PASS" starttime="20240220 12:31:51.411" endtime="20240220 12:31:51.411"/>
</kw>
<kw name="Read Excel Cell" library="ExcelLibrary">
<var>${data}</var>
<arg>${rownum}</arg>
<arg>${colnum}</arg>
<doc>Returns content of a cell.</doc>
<msg timestamp="20240220 12:31:51.411" level="INFO">${data} = 2024</msg>
<status status="PASS" starttime="20240220 12:31:51.411" endtime="20240220 12:31:51.411"/>
</kw>
<kw name="Close Current Excel Document" library="ExcelLibrary">
<doc>Closes current document.</doc>
<status status="PASS" starttime="20240220 12:31:51.411" endtime="20240220 12:31:51.411"/>
</kw>
<msg timestamp="20240220 12:31:51.411" level="INFO">${fiscal_year} = 2024</msg>
<status status="PASS" starttime="20240220 12:31:51.411" endtime="20240220 12:31:51.411"/>
</kw>
<kw name="Log To Console" library="BuiltIn">
<arg>${fiscal_year}</arg>
<doc>Logs the given message to the console.</doc>
<status status="PASS" starttime="20240220 12:31:51.411" endtime="20240220 12:31:51.427"/>
</kw>
<kw name="Set Global Variable" library="BuiltIn">
<arg>${fiscal_year}</arg>
<doc>Makes a variable available globally in all tests and suites.</doc>
<msg timestamp="20240220 12:31:51.427" level="INFO">${fiscal_year} = 2024</msg>
<status status="PASS" starttime="20240220 12:31:51.427" endtime="20240220 12:31:51.427"/>
</kw>
<status status="PASS" starttime="20240220 12:31:51.395" endtime="20240220 12:31:51.427"/>
</iter>
<status status="PASS" starttime="20240220 12:31:51.395" endtime="20240220 12:31:51.427"/>
</for>
<status status="PASS" starttime="20240220 12:31:51.395" endtime="20240220 12:31:51.427"/>
</kw>
<kw name="Transaction code FB03" library="Invoice_Creation">
<kw name="Run Transaction" library="CustomSapGuiLibrary">
<arg>/nFB03</arg>
<doc>Runs a Sap transaction. An error is given when an unknown transaction is specified.</doc>
<status status="PASS" starttime="20240220 12:31:51.427" endtime="20240220 12:31:51.743"/>
</kw>
<kw name="Sleep" library="BuiltIn">
<arg>5</arg>
<doc>Pauses the test executed for the given time.</doc>
<msg timestamp="20240220 12:31:56.744" level="INFO">Slept 5 seconds</msg>
<status status="PASS" starttime="20240220 12:31:51.743" endtime="20240220 12:31:56.744"/>
</kw>
<kw name="Input Text" library="CustomSapGuiLibrary">
<arg>wnd[0]/usr/txtRF05L-BELNR</arg>
<arg>${document}</arg>
<doc>Inserts the given text into the text field identified by locator.
Use keyword `input password` to insert a password in a text field.</doc>
<msg timestamp="20240220 12:31:56.751" level="INFO">Typing text '1800000424' into text field 'wnd[0]/usr/txtRF05L-BELNR'.</msg>
<status status="PASS" starttime="20240220 12:31:56.744" endtime="20240220 12:31:56.751"/>
</kw>
<kw name="Sleep" library="BuiltIn">
<arg>5</arg>
<doc>Pauses the test executed for the given time.</doc>
<msg timestamp="20240220 12:32:01.751" level="INFO">Slept 5 seconds</msg>
<status status="PASS" starttime="20240220 12:31:56.751" endtime="20240220 12:32:01.751"/>
</kw>
<kw name="Input Text" library="CustomSapGuiLibrary">
<arg>wnd[0]/usr/ctxtRF05L-BUKRS</arg>
<arg>${company_code}</arg>
<doc>Inserts the given text into the text field identified by locator.
Use keyword `input password` to insert a password in a text field.</doc>
<msg timestamp="20240220 12:32:01.758" level="INFO">Typing text '3000' into text field 'wnd[0]/usr/ctxtRF05L-BUKRS'.</msg>
<status status="PASS" starttime="20240220 12:32:01.751" endtime="20240220 12:32:01.758"/>
</kw>
<kw name="Sleep" library="BuiltIn">
<arg>5</arg>
<doc>Pauses the test executed for the given time.</doc>
<msg timestamp="20240220 12:32:06.758" level="INFO">Slept 5 seconds</msg>
<status status="PASS" starttime="20240220 12:32:01.758" endtime="20240220 12:32:06.758"/>
</kw>
<kw name="Input Text" library="CustomSapGuiLibrary">
<arg>wnd[0]/usr/txtRF05L-GJAHR</arg>
<arg>${fiscal_year}</arg>
<doc>Inserts the given text into the text field identified by locator.
Use keyword `input password` to insert a password in a text field.</doc>
<msg timestamp="20240220 12:32:06.763" level="INFO">Typing text '2024' into text field 'wnd[0]/usr/txtRF05L-GJAHR'.</msg>
<status status="PASS" starttime="20240220 12:32:06.758" endtime="20240220 12:32:06.763"/>
</kw>
<kw name="Sleep" library="BuiltIn">
<arg>5</arg>
<doc>Pauses the test executed for the given time.</doc>
<msg timestamp="20240220 12:32:11.764" level="INFO">Slept 5 seconds</msg>
<status status="PASS" starttime="20240220 12:32:06.763" endtime="20240220 12:32:11.764"/>
</kw>
<kw name="Send Vkey" library="CustomSapGuiLibrary">
<arg>0</arg>
<doc>Sends a SAP virtual key combination to the window, not into an element.
If you want to send a value to a text field, use `input text` instead.</doc>
<status status="PASS" starttime="20240220 12:32:11.764" endtime="20240220 12:32:13.058"/>
</kw>
<status status="PASS" starttime="20240220 12:31:51.427" endtime="20240220 12:32:13.058"/>
</kw>
<tag>invoice</tag>
<tag>Regression</tag>
<status status="PASS" starttime="20240220 12:30:39.824" endtime="20240220 12:32:13.058"/>
</test>
<kw name="SAP Logout" library="Invoice_Creation" type="TEARDOWN">
<kw name="Run Transaction" library="CustomSapGuiLibrary">
<arg>/nex</arg>
<doc>Runs a Sap transaction. An error is given when an unknown transaction is specified.</doc>
<status status="PASS" starttime="20240220 12:32:13.058" endtime="20240220 12:32:13.565"/>
</kw>
<kw name="Sleep" library="BuiltIn">
<arg>5</arg>
<doc>Pauses the test executed for the given time.</doc>
<msg timestamp="20240220 12:32:18.566" level="INFO">Slept 5 seconds</msg>
<status status="PASS" starttime="20240220 12:32:13.565" endtime="20240220 12:32:18.566"/>
</kw>
<status status="PASS" starttime="20240220 12:32:13.058" endtime="20240220 12:32:18.566"/>
</kw>
<status status="PASS" starttime="20240220 12:30:15.924" endtime="20240220 12:32:18.566"/>
</suite>
<doc>Testing functionality through Robot Framework</doc>
<meta name="environment">Dev</meta>
<meta name="test_browser_name">chrome</meta>
<meta name="test_browser_version">121.0.6167.185</meta>
<meta name="test_driver_version">121.0.6167.85 </meta>
<meta name="test_environment">Dev</meta>
<meta name="test_freeze_dependencies">astroid==3.0.3,attrs==23.2.0,beautifulsoup4==4.12.3,bs4==0.0.2,certifi==2024.2.2,cffi==1.16.0,chardet==5.2.0,charset-normalizer==3.3.2,click==8.1.7,colorama==0.4.6,cryptography==42.0.2,defusedxml==0.7.1,dill==0.3.8,docutils==0.20.1,et-xmlfile==1.1.0,exceptiongroup==1.2.0,gitdb==4.0.11,GitPython==3.1.41,h11==0.14.0,idna==3.6,isort==5.13.2,Jinja2==3.1.3,jira==3.6.0,jsonpath-ng==1.6.1,jsonschema==4.21.1,jsonschema-specifications==2023.12.1,lazy-object-proxy==1.10.0,lxml==5.1.0,markdown-it-py==3.0.0,MarkupSafe==2.1.5,mccabe==0.7.0,mdurl==0.1.2,natsort==8.4.0,oauthlib==3.2.2,openpyxl==3.1.2,outcome==1.3.0.post0,packaging==23.2,pathspec==0.11.2,pillow==10.2.0,pip==24.0,platformdirs==4.2.0,ply==3.11,pycparser==2.21,Pygments==2.17.2,pylint==3.0.3,PySocks==1.7.1,pywin32==306,PyYAML==6.0.1,referencing==0.33.0,reportlab==4.1.0,requests==2.31.0,requests-oauthlib==1.3.1,requests-toolbelt==1.0.0,rich==13.7.0,rich-click==1.6.1,robotframework==6.0.2,robotframework-datadriver==1.9.0,robotframework-excellib==2.0.1,robotframework-jsonlibrary==0.5,robotframework-pabot==2.16.0,robotframework-pythonlibcore==4.2.0,robotframework-requests==0.9.2,robotframework-sapguilibrary==1.1,robotframework-seleniumlibrary==5.1.3,robotframework-stacktrace==0.4.1,robotframework-tidy==4.5.0,rpds-py==0.17.1,selenium==4.9.1,setuptools==69.0.3,smmap==5.0.1,sniffio==1.3.0,sortedcontainers==2.4.0,soupsieve==2.5,tomli==2.0.1,tomlkit==0.12.3,trio==0.24.0,trio-websocket==0.11.1,typing_extensions==4.9.0,urllib3==2.2.0,wheel==0.42.0,wrapt==1.16.0,wsproto==1.2.0</meta>
<status status="PASS" starttime="20240220 12:30:12.285" endtime="20240220 12:32:18.925"/>
</suite>
<statistics>
<total>
<stat pass="1" fail="0" skip="0">All Tests</stat>
</total>
<tag>
<stat pass="1" fail="0" skip="0">invoice</stat>
<stat pass="1" fail="0" skip="0">Regression</stat>
</tag>
<suite>
<stat pass="1" fail="0" skip="0" id="s1" name="Tests">Tests</stat>
<stat pass="1" fail="0" skip="0" id="s1-s1" name="Test invoice creation">Tests.Test invoice creation</stat>
</suite>
</statistics>
<errors>
</errors>
</robot>
