<?xml version="1.0" encoding="UTF-8"?>
<robot generator="Robot 6.0.2 (Python 3.9.13 on win32)" generated="20241126 15:00:44.124" rpa="false" schemaversion="3">
<suite id="s1" name="Tests" source="C:\Nike\SAPtesting\Tests">
<kw name="Setup highest level suite" type="SETUP">
<kw name="Set Variable" library="BuiltIn">
<var>${d.test_server}</var>
<arg>${test_server}</arg>
<doc>Returns the given values which can then be assigned to a variables.</doc>
<msg timestamp="20241126 15:00:44.780" level="INFO">${d.test_server} = Dev</msg>
<status status="PASS" starttime="20241126 15:00:44.780" endtime="20241126 15:00:44.780"/>
</kw>
<kw name="Reset screenshot count variable" library="Support">
<kw name="Set Variable" library="BuiltIn">
<var>${screenshotCount}</var>
<arg>${PABOTQUEUEINDEX}_1</arg>
<doc>Returns the given values which can then be assigned to a variables.</doc>
<msg timestamp="20241126 15:00:44.780" level="INFO">${screenshotCount} = 0_1</msg>
<status status="PASS" starttime="20241126 15:00:44.780" endtime="20241126 15:00:44.780"/>
</kw>
<kw name="Set Global Variable" library="BuiltIn">
<arg>${screenshotCount}</arg>
<doc>Makes a variable available globally in all tests and suites.</doc>
<msg timestamp="20241126 15:00:44.780" level="INFO">${screenshotCount} = 0_1</msg>
<status status="PASS" starttime="20241126 15:00:44.780" endtime="20241126 15:00:44.780"/>
</kw>
<kw name="Set up screenshot directory" library="Support">
<kw name="Create Directory" library="OperatingSystem">
<arg>${OUTPUTDIR}${/}${wvar('screenshot_dir')}</arg>
<doc>Creates the specified directory.</doc>
<msg timestamp="20241126 15:00:44.787" level="INFO">Web.Dev.screenshot_dir: Screenshot</msg>
<msg timestamp="20241126 15:00:44.787" level="INFO" html="true">Created directory '&lt;a href="file://C:\Nike\SAPtesting\Output\pabot_results\0\Screenshot"&gt;C:\Nike\SAPtesting\Output\pabot_results\0\Screenshot&lt;/a&gt;'.</msg>
<status status="PASS" starttime="20241126 15:00:44.780" endtime="20241126 15:00:44.787"/>
</kw>
<status status="PASS" starttime="20241126 15:00:44.780" endtime="20241126 15:00:44.787"/>
</kw>
<status status="PASS" starttime="20241126 15:00:44.780" endtime="20241126 15:00:44.787"/>
</kw>
<kw name="Set Global Variable" library="BuiltIn">
<arg>${screenshot_taking}</arg>
<arg>${True}</arg>
<doc>Makes a variable available globally in all tests and suites.</doc>
<msg timestamp="20241126 15:00:44.787" level="INFO">${screenshot_taking} = True</msg>
<status status="PASS" starttime="20241126 15:00:44.787" endtime="20241126 15:00:44.787"/>
</kw>
<kw name="Setup linux execution" library="Support">
<kw name="Run Keyword And Return Status" library="BuiltIn">
<var>${web_test_check}</var>
<arg>Variable Should Exist</arg>
<arg>${web_test}</arg>
<doc>Runs the given keyword with given arguments and returns the status as a Boolean value.</doc>
<kw name="Variable Should Exist" library="BuiltIn">
<arg>${web_test}</arg>
<doc>Fails unless the given variable exists within the current scope.</doc>
<status status="PASS" starttime="20241126 15:00:44.787" endtime="20241126 15:00:44.790"/>
</kw>
<msg timestamp="20241126 15:00:44.790" level="INFO">${web_test_check} = True</msg>
<status status="PASS" starttime="20241126 15:00:44.787" endtime="20241126 15:00:44.790"/>
</kw>
<kw name="Run Keyword If" library="BuiltIn">
<arg>${web_test_check}</arg>
<arg>Setup Docker Execution Options</arg>
<doc>Runs the given keyword with the given arguments, if ``condition`` is true.</doc>
<kw name="Setup Docker Execution Options" library="Support_Web">
<kw name="Setup Suite Metadata" library="Support_Web">
<arg>${browser}</arg>
<kw name="Get Browser Metadata" library="BrowserSupport">
<var>&amp;{browser_information}</var>
<arg>browser=${browser}</arg>
<doc>Fetches browser metadata information
:param browser: Name of the browser for which information is fetched
:param reload: Re-read the metadata based on the browser
:return: Browser metadata information, dict of format
            {"browser_version": browser version value,
             "driver_version": driver version value}</doc>
<msg timestamp="20241126 15:00:50.190" level="INFO">&amp;{browser_information} = { browser_version=131.0.6778.86 | driver_version=130.0.6723.58  }</msg>
<status status="PASS" starttime="20241126 15:00:44.790" endtime="20241126 15:00:50.190"/>
</kw>
<kw name="Set Suite Metadata" library="BuiltIn">
<arg>test_browser_name</arg>
<arg>${browser}</arg>
<doc>Sets metadata for the current test suite.</doc>
<msg timestamp="20241126 15:00:50.190" level="INFO">Set suite metadata 'test_browser_name' to value 'chrome'.</msg>
<status status="PASS" starttime="20241126 15:00:50.190" endtime="20241126 15:00:50.190"/>
</kw>
<kw name="Set Suite Metadata" library="BuiltIn">
<arg>test_browser_version</arg>
<arg>${browser_information.browser_version}</arg>
<doc>Sets metadata for the current test suite.</doc>
<msg timestamp="20241126 15:00:50.190" level="INFO">Set suite metadata 'test_browser_version' to value '131.0.6778.86'.</msg>
<status status="PASS" starttime="20241126 15:00:50.190" endtime="20241126 15:00:50.190"/>
</kw>
<kw name="Set Suite Metadata" library="BuiltIn">
<arg>test_driver_version</arg>
<arg>${browser_information.driver_version}</arg>
<doc>Sets metadata for the current test suite.</doc>
<msg timestamp="20241126 15:00:50.190" level="INFO">Set suite metadata 'test_driver_version' to value '130.0.6723.58 '.</msg>
<status status="PASS" starttime="20241126 15:00:50.190" endtime="20241126 15:00:50.190"/>
</kw>
<status status="PASS" starttime="20241126 15:00:44.790" endtime="20241126 15:00:50.190"/>
</kw>
<kw name="Setup Global Docker Execution Options" library="Support_Web">
<kw name="Set Global Variable" library="BuiltIn">
<arg>${global_browser_options}</arg>
<arg>None</arg>
<doc>Makes a variable available globally in all tests and suites.</doc>
<msg timestamp="20241126 15:00:50.190" level="INFO">${global_browser_options} = None</msg>
<status status="PASS" starttime="20241126 15:00:50.190" endtime="20241126 15:00:50.190"/>
</kw>
<kw name="Get Environment Variable" library="OperatingSystem">
<var>${docker_check}</var>
<arg>EXECUTION_ENVIRONMENT</arg>
<arg>not_found</arg>
<doc>Returns the value of an environment variable with the given name.</doc>
<msg timestamp="20241126 15:00:50.190" level="INFO">${docker_check} = not_found</msg>
<status status="PASS" starttime="20241126 15:00:50.190" endtime="20241126 15:00:50.190"/>
</kw>
<kw name="Run Keyword And Return If" library="BuiltIn">
<arg>"${docker_check}"!="docker"</arg>
<arg>Log</arg>
<arg>Not executing on Docker</arg>
<doc>Runs the specified keyword and returns from the enclosing user keyword.</doc>
<kw name="Log" library="BuiltIn">
<arg>Not executing on Docker</arg>
<doc>Logs the given message with the given level.</doc>
<msg timestamp="20241126 15:00:50.195" level="INFO">Not executing on Docker</msg>
<status status="PASS" starttime="20241126 15:00:50.195" endtime="20241126 15:00:50.195"/>
</kw>
<msg timestamp="20241126 15:00:50.195" level="INFO">Returning from the enclosing user keyword.</msg>
<status status="PASS" starttime="20241126 15:00:50.190" endtime="20241126 15:00:50.195"/>
</kw>
<kw name="Create List" library="BuiltIn">
<var>@{options}</var>
<arg>--headless</arg>
<arg>--no-sandbox</arg>
<arg>--disable-dev-shm-usage</arg>
<doc>Returns a list containing given items.</doc>
<status status="NOT RUN" starttime="20241126 15:00:50.195" endtime="20241126 15:00:50.195"/>
</kw>
<kw name="Set Global Variable" library="BuiltIn">
<arg>@{docker_options}</arg>
<arg>@{options}</arg>
<doc>Makes a variable available globally in all tests and suites.</doc>
<status status="NOT RUN" starttime="20241126 15:00:50.195" endtime="20241126 15:00:50.195"/>
</kw>
<status status="PASS" starttime="20241126 15:00:50.190" endtime="20241126 15:00:50.195"/>
</kw>
<kw name="Create Webdriver for chrome preferences" library="Support_Web">
<kw name="Update Docker Execution Options" library="Support_Web">
<var>${list_prefs}</var>
<arg>${list_prefs}</arg>
<kw name="Run Keyword And Return Status" library="BuiltIn">
<var>${docker_check}</var>
<arg>Variable Should Exist</arg>
<arg>${docker_options}</arg>
<doc>Runs the given keyword with given arguments and returns the status as a Boolean value.</doc>
<kw name="Variable Should Exist" library="BuiltIn">
<arg>${docker_options}</arg>
<doc>Fails unless the given variable exists within the current scope.</doc>
<msg timestamp="20241126 15:00:50.195" level="FAIL">Variable '${docker_options}' does not exist.</msg>
<status status="FAIL" starttime="20241126 15:00:50.195" endtime="20241126 15:00:50.195"/>
</kw>
<msg timestamp="20241126 15:00:50.195" level="INFO">${docker_check} = False</msg>
<status status="PASS" starttime="20241126 15:00:50.195" endtime="20241126 15:00:50.195"/>
</kw>
<kw name="Get Length" library="BuiltIn">
<var>${list_prefs_length}</var>
<arg>${list_prefs}</arg>
<doc>Returns and logs the length of the given item as an integer.</doc>
<msg timestamp="20241126 15:00:50.195" level="INFO">Length is 1</msg>
<msg timestamp="20241126 15:00:50.195" level="INFO">${list_prefs_length} = 1</msg>
<status status="PASS" starttime="20241126 15:00:50.195" endtime="20241126 15:00:50.195"/>
</kw>
<kw name="Run Keyword If" library="BuiltIn">
<var>${list_prefs}</var>
<arg>${docker_check} and ${list_prefs_length}&gt;0 and ${list_prefs}[0] != []</arg>
<arg>Combine Lists</arg>
<arg>${list_prefs}</arg>
<arg>${docker_options}</arg>
<arg>ELSE IF</arg>
<arg>${docker_check}</arg>
<arg>Set Variable</arg>
<arg>${docker_options}</arg>
<arg>ELSE</arg>
<arg>Set Variable</arg>
<arg>${list_prefs}</arg>
<doc>Runs the given keyword with the given arguments, if ``condition`` is true.</doc>
<kw name="Set Variable" library="BuiltIn">
<arg>${list_prefs}</arg>
<doc>Returns the given values which can then be assigned to a variables.</doc>
<status status="PASS" starttime="20241126 15:00:50.195" endtime="20241126 15:00:50.195"/>
</kw>
<msg timestamp="20241126 15:00:50.195" level="INFO">${list_prefs} = [[]]</msg>
<status status="PASS" starttime="20241126 15:00:50.195" endtime="20241126 15:00:50.195"/>
</kw>
<msg timestamp="20241126 15:00:50.195" level="INFO">${list_prefs} = [[]]</msg>
<status status="PASS" starttime="20241126 15:00:50.195" endtime="20241126 15:00:50.195"/>
</kw>
<kw name="Create Chrome Options for download preferences" library="Support_Web">
<var>${chrome_options}</var>
<kw name="Evaluate" library="BuiltIn">
<var>${chrome_options}</var>
<arg>sys.modules['selenium.webdriver'].ChromeOptions()</arg>
<arg>sys</arg>
<doc>Evaluates the given expression in Python and returns the result.</doc>
<msg timestamp="20241126 15:00:50.195" level="INFO">${chrome_options} = &lt;selenium.webdriver.chrome.options.Options object at 0x0000016F4009B550&gt;</msg>
<status status="PASS" starttime="20241126 15:00:50.195" endtime="20241126 15:00:50.195"/>
</kw>
<msg timestamp="20241126 15:00:50.195" level="INFO">${chrome_options} = &lt;selenium.webdriver.chrome.options.Options object at 0x0000016F4009B550&gt;</msg>
<status status="PASS" starttime="20241126 15:00:50.195" endtime="20241126 15:00:50.200"/>
</kw>
<kw name="Update Preferences List" library="Support_Web">
<arg>${chrome_options}</arg>
<arg>@{list_prefs}</arg>
<kw name="Convert To String" library="BuiltIn">
<var>${string_prefs}</var>
<arg>${list_prefs}</arg>
<doc>Converts the given item to a Unicode string.</doc>
<msg timestamp="20241126 15:00:50.200" level="INFO">${string_prefs} = [[]]</msg>
<status status="PASS" starttime="20241126 15:00:50.200" endtime="20241126 15:00:50.200"/>
</kw>
<kw name="Return From Keyword If" library="BuiltIn">
<arg>${string_prefs} == [[]]</arg>
<doc>Returns from the enclosing user keyword if ``condition`` is true.</doc>
<msg timestamp="20241126 15:00:50.200" level="INFO">Returning from the enclosing user keyword.</msg>
<status status="PASS" starttime="20241126 15:00:50.200" endtime="20241126 15:00:50.200"/>
</kw>
<for flavor="IN">
<var>${preference}</var>
<value>@{list_prefs}</value>
<iter>
<var name="${preference}"/>
<kw name="Call Method" library="BuiltIn">
<arg>${chrome_options}</arg>
<arg>add_argument</arg>
<arg>${preference}</arg>
<doc>Calls the named method of the given object with the provided arguments.</doc>
<status status="NOT RUN" starttime="20241126 15:00:50.200" endtime="20241126 15:00:50.200"/>
</kw>
<status status="NOT RUN" starttime="20241126 15:00:50.200" endtime="20241126 15:00:50.200"/>
</iter>
<status status="NOT RUN" starttime="20241126 15:00:50.200" endtime="20241126 15:00:50.200"/>
</for>
<status status="PASS" starttime="20241126 15:00:50.200" endtime="20241126 15:00:50.200"/>
</kw>
<kw name="Call Method" library="BuiltIn">
<arg>${chrome_options}</arg>
<arg>add_experimental_option</arg>
<arg>prefs</arg>
<arg>${kw_prefs}</arg>
<doc>Calls the named method of the given object with the provided arguments.</doc>
<status status="PASS" starttime="20241126 15:00:50.200" endtime="20241126 15:00:50.200"/>
</kw>
<kw name="Set Global Variable" library="BuiltIn">
<arg>${global_browser_options}</arg>
<arg>${chrome options}</arg>
<doc>Makes a variable available globally in all tests and suites.</doc>
<msg timestamp="20241126 15:00:50.200" level="INFO">${global_browser_options} = &lt;selenium.webdriver.chrome.options.Options object at 0x0000016F4009B550&gt;</msg>
<status status="PASS" starttime="20241126 15:00:50.200" endtime="20241126 15:00:50.200"/>
</kw>
<status status="PASS" starttime="20241126 15:00:50.195" endtime="20241126 15:00:50.200"/>
</kw>
<status status="PASS" starttime="20241126 15:00:44.790" endtime="20241126 15:00:50.200"/>
</kw>
<status status="PASS" starttime="20241126 15:00:44.790" endtime="20241126 15:00:50.200"/>
</kw>
<status status="PASS" starttime="20241126 15:00:44.787" endtime="20241126 15:00:50.200"/>
</kw>
<kw name="Set Suite Metadata" library="BuiltIn">
<arg>environment</arg>
<arg>${test_server}</arg>
<doc>Sets metadata for the current test suite.</doc>
<msg timestamp="20241126 15:00:50.200" level="INFO">Set suite metadata 'environment' to value 'Dev'.</msg>
<status status="PASS" starttime="20241126 15:00:50.200" endtime="20241126 15:00:50.200"/>
</kw>
<status status="PASS" starttime="20241126 15:00:44.780" endtime="20241126 15:00:50.200"/>
</kw>
<suite id="s1-s1" name="Test Create Rental Invoice" source="C:\Nike\SAPtesting\Tests\Test_Create_Rental_Invoice.robot">
<kw name="System Logon" library="create_rental_invoice" type="SETUP">
<kw name="Start Process" library="Process">
<arg>${symvar('SAP_SERVER')}</arg>
<doc>Starts a new process on background.</doc>
<msg timestamp="20241126 15:00:51.294" level="INFO">Sym.Dev.SAP_SERVER: C:\Program Files\SAP\FrontEnd\SAPGUI\saplogon.exe</msg>
<msg timestamp="20241126 15:00:51.294" level="INFO">Starting process:
"C:\Program Files\SAP\FrontEnd\SAPGUI\saplogon.exe"</msg>
<status status="PASS" starttime="20241126 15:00:51.294" endtime="20241126 15:00:51.302"/>
</kw>
<kw name="Connect To Session" library="SAP_Tcode_Library">
<doc>Connects to an open session SAP.</doc>
<status status="PASS" starttime="20241126 15:00:51.303" endtime="20241126 15:00:51.349"/>
</kw>
<kw name="Open Connection" library="SAP_Tcode_Library">
<arg>${symvar('Rental_Connection')}</arg>
<doc>Opens a connection to the given connection name. Be sure to provide the full connection name, including the bracket part.</doc>
<msg timestamp="20241126 15:00:51.349" level="INFO">Sym.Dev.Rental_Connection: TS4</msg>
<status status="PASS" starttime="20241126 15:00:51.349" endtime="20241126 15:00:53.500"/>
</kw>
<kw name="Input Text" library="SAP_Tcode_Library">
<arg>wnd[0]/usr/txtRSYST-MANDT</arg>
<arg>${symvar('Rental_Client')}</arg>
<doc>Inserts the given text into the text field identified by locator.
Use keyword `input password` to insert a password in a text field.</doc>
<msg timestamp="20241126 15:00:53.500" level="INFO">Sym.Dev.Rental_Client: 001</msg>
<msg timestamp="20241126 15:00:53.506" level="INFO">Typing text '001' into text field 'wnd[0]/usr/txtRSYST-MANDT'.</msg>
<status status="PASS" starttime="20241126 15:00:53.500" endtime="20241126 15:00:53.506"/>
</kw>
<kw name="Input Text" library="SAP_Tcode_Library">
<arg>wnd[0]/usr/txtRSYST-BNAME</arg>
<arg>${symvar('Rental_User')}</arg>
<doc>Inserts the given text into the text field identified by locator.
Use keyword `input password` to insert a password in a text field.</doc>
<msg timestamp="20241126 15:00:53.506" level="INFO">Sym.Dev.Rental_User: naren</msg>
<msg timestamp="20241126 15:00:53.510" level="INFO">Typing text 'naren' into text field 'wnd[0]/usr/txtRSYST-BNAME'.</msg>
<status status="PASS" starttime="20241126 15:00:53.506" endtime="20241126 15:00:53.510"/>
</kw>
<kw name="Input Password" library="SAP_Tcode_Library">
<arg>wnd[0]/usr/pwdRSYST-BCODE</arg>
<arg>${symvar('RENTAL_PASSWORD')}</arg>
<doc>Inserts the given password into the text field identified by locator.
The password is not recorded in the log.</doc>
<msg timestamp="20241126 15:00:53.510" level="INFO">Sym.Dev.RENTAL_PASSWORD: Admin@1234</msg>
<msg timestamp="20241126 15:00:53.520" level="INFO">Typing password into text field 'wnd[0]/usr/pwdRSYST-BCODE'.</msg>
<status status="PASS" starttime="20241126 15:00:53.510" endtime="20241126 15:00:53.520"/>
</kw>
<kw name="Send Vkey" library="SAP_Tcode_Library">
<arg>0</arg>
<doc>Sends a SAP virtual key combination to the window, not into an element.
If you want to send a value to a text field, use `input text` instead.</doc>
<status status="PASS" starttime="20241126 15:00:53.520" endtime="20241126 15:00:55.590"/>
</kw>
<kw name="Multiple Logon Handling" library="SAP_Tcode_Library">
<arg>wnd[1]</arg>
<arg>wnd[1]/usr/radMULTI_LOGON_OPT2</arg>
<arg>wnd[1]/tbar[0]/btn[0]</arg>
<status status="PASS" starttime="20241126 15:00:55.590" endtime="20241126 15:00:55.600"/>
</kw>
<status status="PASS" starttime="20241126 15:00:51.294" endtime="20241126 15:00:55.600"/>
</kw>
<test id="s1-s1-t1" name="Create the rental Invoice" line="9">
<kw name="Rental Invoice" library="create_rental_invoice">
<for flavor="IN">
<var>${contract}</var>
<value>@{symvar('documents')}</value>
<msg timestamp="20241126 15:00:55.604" level="INFO">Sym.Dev.documents: ['40000030', '40000031', '40000042']</msg>
<iter>
<var name="${contract}">40000030</var>
<kw name="Set Global Variable" library="BuiltIn">
<arg>${contract}</arg>
<doc>Makes a variable available globally in all tests and suites.</doc>
<msg timestamp="20241126 15:00:55.604" level="INFO">${contract} = 40000030</msg>
<status status="PASS" starttime="20241126 15:00:55.604" endtime="20241126 15:00:55.604"/>
</kw>
<kw name="Run Transaction" library="SAP_Tcode_Library">
<arg>/nVF01</arg>
<doc>Runs a Sap transaction. An error is given when an unknown transaction is specified.</doc>
<status status="PASS" starttime="20241126 15:00:55.604" endtime="20241126 15:00:56.319"/>
</kw>
<kw name="Sleep" library="BuiltIn">
<arg>5</arg>
<doc>Pauses the test executed for the given time.</doc>
<msg timestamp="20241126 15:01:01.330" level="INFO">Slept 5 seconds</msg>
<status status="PASS" starttime="20241126 15:00:56.319" endtime="20241126 15:01:01.330"/>
</kw>
<kw name="Input Text" library="SAP_Tcode_Library">
<arg>wnd[0]/usr/tblSAPMV60ATCTRL_ERF_FAKT/ctxtKOMFK-VBELN[0,0]</arg>
<arg>${contract}</arg>
<doc>Inserts the given text into the text field identified by locator.
Use keyword `input password` to insert a password in a text field.</doc>
<msg timestamp="20241126 15:01:01.340" level="INFO">Typing text '40000030' into text field 'wnd[0]/usr/tblSAPMV60ATCTRL_ERF_FAKT/ctxtKOMFK-VBELN[0,0]'.</msg>
<status status="PASS" starttime="20241126 15:01:01.330" endtime="20241126 15:01:01.340"/>
</kw>
<kw name="Get Current Date" library="DateTime">
<var>${current_date}</var>
<arg>result_format=%d.%m.%Y</arg>
<doc>Returns current local or UTC time with an optional increment.</doc>
<msg timestamp="20241126 15:01:01.340" level="INFO">${current_date} = 26.11.2024</msg>
<status status="PASS" starttime="20241126 15:01:01.340" endtime="20241126 15:01:01.340"/>
</kw>
<kw name="Input Text" library="SAP_Tcode_Library">
<arg>wnd[0]/usr/ctxtRV60A-FKDAT</arg>
<arg>${current_date}</arg>
<doc>Inserts the given text into the text field identified by locator.
Use keyword `input password` to insert a password in a text field.</doc>
<msg timestamp="20241126 15:01:01.340" level="INFO">Typing text '26.11.2024' into text field 'wnd[0]/usr/ctxtRV60A-FKDAT'.</msg>
<status status="PASS" starttime="20241126 15:01:01.340" endtime="20241126 15:01:01.340"/>
</kw>
<kw name="Send Vkey" library="SAP_Tcode_Library">
<arg>0</arg>
<doc>Sends a SAP virtual key combination to the window, not into an element.
If you want to send a value to a text field, use `input text` instead.</doc>
<status status="PASS" starttime="20241126 15:01:01.340" endtime="20241126 15:01:01.936"/>
</kw>
<kw name="Get Value" library="SAP_Tcode_Library">
<var>${status}</var>
<arg>wnd[0]/sbar/pane[0]</arg>
<doc>Gets the value of the given element. The possible return values depend on the type of element (see Return values).</doc>
<msg timestamp="20241126 15:01:01.970" level="INFO">${status} = No billing documents were generated. Please see log.</msg>
<status status="PASS" starttime="20241126 15:01:01.936" endtime="20241126 15:01:01.970"/>
</kw>
<if>
<branch type="IF" condition="'${status}' == 'No billing documents were generated. Please see log.'">
<kw name="Log To Console" library="BuiltIn">
<arg>For ${contract} ${status}</arg>
<doc>Logs the given message to the console.</doc>
<status status="PASS" starttime="20241126 15:01:01.970" endtime="20241126 15:01:01.970"/>
</kw>
<status status="PASS" starttime="20241126 15:01:01.970" endtime="20241126 15:01:01.970"/>
</branch>
<branch type="ELSE IF" condition="'${status}' == '${EMPTY}'">
<kw name="Sleep" library="BuiltIn">
<arg>10</arg>
<doc>Pauses the test executed for the given time.</doc>
<status status="NOT RUN" starttime="20241126 15:01:01.970" endtime="20241126 15:01:01.970"/>
</kw>
<kw name="Click Element" library="SAP_Tcode_Library">
<arg>wnd[0]/usr/btnTC_HEAD</arg>
<doc>Performs a single click on a given element. Used only for buttons, tabs and menu items.</doc>
<status status="NOT RUN" starttime="20241126 15:01:01.970" endtime="20241126 15:01:01.970"/>
</kw>
<kw name="Click Element" library="SAP_Tcode_Library">
<arg>wnd[0]/usr/tabsTABSTRIP_OVERVIEW/tabpKFTE</arg>
<doc>Performs a single click on a given element. Used only for buttons, tabs and menu items.</doc>
<status status="NOT RUN" starttime="20241126 15:01:01.970" endtime="20241126 15:01:01.970"/>
</kw>
<kw name="Doubleclick Element" library="SAP_Tcode_Library">
<arg>${rental_form}</arg>
<arg>0001</arg>
<arg>Column1</arg>
<doc>Performs a double-click on a given element. Used only for shell objects.</doc>
<status status="NOT RUN" starttime="20241126 15:01:01.970" endtime="20241126 15:01:01.970"/>
</kw>
<kw name="Input Text" library="SAP_Tcode_Library">
<arg>${rental_text}</arg>
<arg>${Text}</arg>
<doc>Inserts the given text into the text field identified by locator.
Use keyword `input password` to insert a password in a text field.</doc>
<status status="NOT RUN" starttime="20241126 15:01:01.970" endtime="20241126 15:01:01.970"/>
</kw>
<kw name="Sleep" library="BuiltIn">
<arg>5</arg>
<doc>Pauses the test executed for the given time.</doc>
<status status="NOT RUN" starttime="20241126 15:01:01.970" endtime="20241126 15:01:01.970"/>
</kw>
<kw name="Click Element" library="SAP_Tcode_Library">
<arg>wnd[0]/usr/tabsTABSTRIP_OVERVIEW/tabpKFCU</arg>
<doc>Performs a single click on a given element. Used only for buttons, tabs and menu items.</doc>
<status status="NOT RUN" starttime="20241126 15:01:01.970" endtime="20241126 15:01:01.970"/>
</kw>
<kw name="Input Text" library="SAP_Tcode_Library">
<arg>wnd[0]/usr/tabsTABSTRIP_OVERVIEW/tabpKFCU/ssubSUBSCREEN_BODY:SAPMV60A:6101/ssubCUSTOMER_SCREEN:ZZBILLHEADER:0100/txtVBRK-ZEINVOICE</arg>
<arg>NA</arg>
<doc>Inserts the given text into the text field identified by locator.
Use keyword `input password` to insert a password in a text field.</doc>
<status status="NOT RUN" starttime="20241126 15:01:01.970" endtime="20241126 15:01:01.970"/>
</kw>
<kw name="Sleep" library="BuiltIn">
<arg>2</arg>
<doc>Pauses the test executed for the given time.</doc>
<status status="NOT RUN" starttime="20241126 15:01:01.970" endtime="20241126 15:01:01.970"/>
</kw>
<kw name="Click Element" library="SAP_Tcode_Library">
<arg>wnd[0]/tbar[0]/btn[11]</arg>
<doc>Performs a single click on a given element. Used only for buttons, tabs and menu items.</doc>
<status status="NOT RUN" starttime="20241126 15:01:01.970" endtime="20241126 15:01:01.970"/>
</kw>
<kw name="Get Value" library="SAP_Tcode_Library">
<var>${output}</var>
<arg>wnd[0]/sbar/pane[0]</arg>
<doc>Gets the value of the given element. The possible return values depend on the type of element (see Return values).</doc>
<status status="NOT RUN" starttime="20241126 15:01:01.970" endtime="20241126 15:01:01.970"/>
</kw>
<kw name="Log To Console" library="BuiltIn">
<arg>${output}</arg>
<doc>Logs the given message to the console.</doc>
<status status="NOT RUN" starttime="20241126 15:01:01.970" endtime="20241126 15:01:01.970"/>
</kw>
<kw name="Sleep" library="BuiltIn">
<arg>5</arg>
<doc>Pauses the test executed for the given time.</doc>
<status status="NOT RUN" starttime="20241126 15:01:01.970" endtime="20241126 15:01:01.970"/>
</kw>
<status status="NOT RUN" starttime="20241126 15:01:01.970" endtime="20241126 15:01:01.970"/>
</branch>
<status status="PASS" starttime="20241126 15:01:01.970" endtime="20241126 15:01:01.970"/>
</if>
<status status="PASS" starttime="20241126 15:00:55.604" endtime="20241126 15:01:01.970"/>
</iter>
<iter>
<var name="${contract}">40000031</var>
<kw name="Set Global Variable" library="BuiltIn">
<arg>${contract}</arg>
<doc>Makes a variable available globally in all tests and suites.</doc>
<msg timestamp="20241126 15:01:01.970" level="INFO">${contract} = 40000031</msg>
<status status="PASS" starttime="20241126 15:01:01.970" endtime="20241126 15:01:01.970"/>
</kw>
<kw name="Run Transaction" library="SAP_Tcode_Library">
<arg>/nVF01</arg>
<doc>Runs a Sap transaction. An error is given when an unknown transaction is specified.</doc>
<status status="PASS" starttime="20241126 15:01:01.970" endtime="20241126 15:01:02.870"/>
</kw>
<kw name="Sleep" library="BuiltIn">
<arg>5</arg>
<doc>Pauses the test executed for the given time.</doc>
<msg timestamp="20241126 15:01:07.878" level="INFO">Slept 5 seconds</msg>
<status status="PASS" starttime="20241126 15:01:02.870" endtime="20241126 15:01:07.878"/>
</kw>
<kw name="Input Text" library="SAP_Tcode_Library">
<arg>wnd[0]/usr/tblSAPMV60ATCTRL_ERF_FAKT/ctxtKOMFK-VBELN[0,0]</arg>
<arg>${contract}</arg>
<doc>Inserts the given text into the text field identified by locator.
Use keyword `input password` to insert a password in a text field.</doc>
<msg timestamp="20241126 15:01:07.888" level="INFO">Typing text '40000031' into text field 'wnd[0]/usr/tblSAPMV60ATCTRL_ERF_FAKT/ctxtKOMFK-VBELN[0,0]'.</msg>
<status status="PASS" starttime="20241126 15:01:07.878" endtime="20241126 15:01:07.888"/>
</kw>
<kw name="Get Current Date" library="DateTime">
<var>${current_date}</var>
<arg>result_format=%d.%m.%Y</arg>
<doc>Returns current local or UTC time with an optional increment.</doc>
<msg timestamp="20241126 15:01:07.888" level="INFO">${current_date} = 26.11.2024</msg>
<status status="PASS" starttime="20241126 15:01:07.888" endtime="20241126 15:01:07.888"/>
</kw>
<kw name="Input Text" library="SAP_Tcode_Library">
<arg>wnd[0]/usr/ctxtRV60A-FKDAT</arg>
<arg>${current_date}</arg>
<doc>Inserts the given text into the text field identified by locator.
Use keyword `input password` to insert a password in a text field.</doc>
<msg timestamp="20241126 15:01:07.888" level="INFO">Typing text '26.11.2024' into text field 'wnd[0]/usr/ctxtRV60A-FKDAT'.</msg>
<status status="PASS" starttime="20241126 15:01:07.888" endtime="20241126 15:01:07.888"/>
</kw>
<kw name="Send Vkey" library="SAP_Tcode_Library">
<arg>0</arg>
<doc>Sends a SAP virtual key combination to the window, not into an element.
If you want to send a value to a text field, use `input text` instead.</doc>
<status status="PASS" starttime="20241126 15:01:07.888" endtime="20241126 15:01:08.324"/>
</kw>
<kw name="Get Value" library="SAP_Tcode_Library">
<var>${status}</var>
<arg>wnd[0]/sbar/pane[0]</arg>
<doc>Gets the value of the given element. The possible return values depend on the type of element (see Return values).</doc>
<msg timestamp="20241126 15:01:08.355" level="INFO">${status} = No billing documents were generated. Please see log.</msg>
<status status="PASS" starttime="20241126 15:01:08.324" endtime="20241126 15:01:08.355"/>
</kw>
<if>
<branch type="IF" condition="'${status}' == 'No billing documents were generated. Please see log.'">
<kw name="Log To Console" library="BuiltIn">
<arg>For ${contract} ${status}</arg>
<doc>Logs the given message to the console.</doc>
<status status="PASS" starttime="20241126 15:01:08.355" endtime="20241126 15:01:08.377"/>
</kw>
<status status="PASS" starttime="20241126 15:01:08.355" endtime="20241126 15:01:08.377"/>
</branch>
<branch type="ELSE IF" condition="'${status}' == '${EMPTY}'">
<kw name="Sleep" library="BuiltIn">
<arg>10</arg>
<doc>Pauses the test executed for the given time.</doc>
<status status="NOT RUN" starttime="20241126 15:01:08.377" endtime="20241126 15:01:08.377"/>
</kw>
<kw name="Click Element" library="SAP_Tcode_Library">
<arg>wnd[0]/usr/btnTC_HEAD</arg>
<doc>Performs a single click on a given element. Used only for buttons, tabs and menu items.</doc>
<status status="NOT RUN" starttime="20241126 15:01:08.377" endtime="20241126 15:01:08.377"/>
</kw>
<kw name="Click Element" library="SAP_Tcode_Library">
<arg>wnd[0]/usr/tabsTABSTRIP_OVERVIEW/tabpKFTE</arg>
<doc>Performs a single click on a given element. Used only for buttons, tabs and menu items.</doc>
<status status="NOT RUN" starttime="20241126 15:01:08.377" endtime="20241126 15:01:08.377"/>
</kw>
<kw name="Doubleclick Element" library="SAP_Tcode_Library">
<arg>${rental_form}</arg>
<arg>0001</arg>
<arg>Column1</arg>
<doc>Performs a double-click on a given element. Used only for shell objects.</doc>
<status status="NOT RUN" starttime="20241126 15:01:08.377" endtime="20241126 15:01:08.377"/>
</kw>
<kw name="Input Text" library="SAP_Tcode_Library">
<arg>${rental_text}</arg>
<arg>${Text}</arg>
<doc>Inserts the given text into the text field identified by locator.
Use keyword `input password` to insert a password in a text field.</doc>
<status status="NOT RUN" starttime="20241126 15:01:08.377" endtime="20241126 15:01:08.377"/>
</kw>
<kw name="Sleep" library="BuiltIn">
<arg>5</arg>
<doc>Pauses the test executed for the given time.</doc>
<status status="NOT RUN" starttime="20241126 15:01:08.377" endtime="20241126 15:01:08.377"/>
</kw>
<kw name="Click Element" library="SAP_Tcode_Library">
<arg>wnd[0]/usr/tabsTABSTRIP_OVERVIEW/tabpKFCU</arg>
<doc>Performs a single click on a given element. Used only for buttons, tabs and menu items.</doc>
<status status="NOT RUN" starttime="20241126 15:01:08.377" endtime="20241126 15:01:08.377"/>
</kw>
<kw name="Input Text" library="SAP_Tcode_Library">
<arg>wnd[0]/usr/tabsTABSTRIP_OVERVIEW/tabpKFCU/ssubSUBSCREEN_BODY:SAPMV60A:6101/ssubCUSTOMER_SCREEN:ZZBILLHEADER:0100/txtVBRK-ZEINVOICE</arg>
<arg>NA</arg>
<doc>Inserts the given text into the text field identified by locator.
Use keyword `input password` to insert a password in a text field.</doc>
<status status="NOT RUN" starttime="20241126 15:01:08.377" endtime="20241126 15:01:08.377"/>
</kw>
<kw name="Sleep" library="BuiltIn">
<arg>2</arg>
<doc>Pauses the test executed for the given time.</doc>
<status status="NOT RUN" starttime="20241126 15:01:08.377" endtime="20241126 15:01:08.377"/>
</kw>
<kw name="Click Element" library="SAP_Tcode_Library">
<arg>wnd[0]/tbar[0]/btn[11]</arg>
<doc>Performs a single click on a given element. Used only for buttons, tabs and menu items.</doc>
<status status="NOT RUN" starttime="20241126 15:01:08.377" endtime="20241126 15:01:08.377"/>
</kw>
<kw name="Get Value" library="SAP_Tcode_Library">
<var>${output}</var>
<arg>wnd[0]/sbar/pane[0]</arg>
<doc>Gets the value of the given element. The possible return values depend on the type of element (see Return values).</doc>
<status status="NOT RUN" starttime="20241126 15:01:08.377" endtime="20241126 15:01:08.377"/>
</kw>
<kw name="Log To Console" library="BuiltIn">
<arg>${output}</arg>
<doc>Logs the given message to the console.</doc>
<status status="NOT RUN" starttime="20241126 15:01:08.377" endtime="20241126 15:01:08.377"/>
</kw>
<kw name="Sleep" library="BuiltIn">
<arg>5</arg>
<doc>Pauses the test executed for the given time.</doc>
<status status="NOT RUN" starttime="20241126 15:01:08.377" endtime="20241126 15:01:08.377"/>
</kw>
<status status="NOT RUN" starttime="20241126 15:01:08.377" endtime="20241126 15:01:08.377"/>
</branch>
<status status="PASS" starttime="20241126 15:01:08.355" endtime="20241126 15:01:08.377"/>
</if>
<status status="PASS" starttime="20241126 15:01:01.970" endtime="20241126 15:01:08.377"/>
</iter>
<iter>
<var name="${contract}">40000042</var>
<kw name="Set Global Variable" library="BuiltIn">
<arg>${contract}</arg>
<doc>Makes a variable available globally in all tests and suites.</doc>
<msg timestamp="20241126 15:01:08.377" level="INFO">${contract} = 40000042</msg>
<status status="PASS" starttime="20241126 15:01:08.377" endtime="20241126 15:01:08.377"/>
</kw>
<kw name="Run Transaction" library="SAP_Tcode_Library">
<arg>/nVF01</arg>
<doc>Runs a Sap transaction. An error is given when an unknown transaction is specified.</doc>
<status status="PASS" starttime="20241126 15:01:08.377" endtime="20241126 15:01:08.779"/>
</kw>
<kw name="Sleep" library="BuiltIn">
<arg>5</arg>
<doc>Pauses the test executed for the given time.</doc>
<msg timestamp="20241126 15:01:13.781" level="INFO">Slept 5 seconds</msg>
<status status="PASS" starttime="20241126 15:01:08.779" endtime="20241126 15:01:13.781"/>
</kw>
<kw name="Input Text" library="SAP_Tcode_Library">
<arg>wnd[0]/usr/tblSAPMV60ATCTRL_ERF_FAKT/ctxtKOMFK-VBELN[0,0]</arg>
<arg>${contract}</arg>
<doc>Inserts the given text into the text field identified by locator.
Use keyword `input password` to insert a password in a text field.</doc>
<msg timestamp="20241126 15:01:13.793" level="INFO">Typing text '40000042' into text field 'wnd[0]/usr/tblSAPMV60ATCTRL_ERF_FAKT/ctxtKOMFK-VBELN[0,0]'.</msg>
<status status="PASS" starttime="20241126 15:01:13.781" endtime="20241126 15:01:13.793"/>
</kw>
<kw name="Get Current Date" library="DateTime">
<var>${current_date}</var>
<arg>result_format=%d.%m.%Y</arg>
<doc>Returns current local or UTC time with an optional increment.</doc>
<msg timestamp="20241126 15:01:13.793" level="INFO">${current_date} = 26.11.2024</msg>
<status status="PASS" starttime="20241126 15:01:13.793" endtime="20241126 15:01:13.793"/>
</kw>
<kw name="Input Text" library="SAP_Tcode_Library">
<arg>wnd[0]/usr/ctxtRV60A-FKDAT</arg>
<arg>${current_date}</arg>
<doc>Inserts the given text into the text field identified by locator.
Use keyword `input password` to insert a password in a text field.</doc>
<msg timestamp="20241126 15:01:13.798" level="INFO">Typing text '26.11.2024' into text field 'wnd[0]/usr/ctxtRV60A-FKDAT'.</msg>
<status status="PASS" starttime="20241126 15:01:13.793" endtime="20241126 15:01:13.798"/>
</kw>
<kw name="Send Vkey" library="SAP_Tcode_Library">
<arg>0</arg>
<doc>Sends a SAP virtual key combination to the window, not into an element.
If you want to send a value to a text field, use `input text` instead.</doc>
<status status="PASS" starttime="20241126 15:01:13.798" endtime="20241126 15:01:14.165"/>
</kw>
<kw name="Get Value" library="SAP_Tcode_Library">
<var>${status}</var>
<arg>wnd[0]/sbar/pane[0]</arg>
<doc>Gets the value of the given element. The possible return values depend on the type of element (see Return values).</doc>
<msg timestamp="20241126 15:01:14.206" level="INFO">${status} = No billing documents were generated. Please see log.</msg>
<status status="PASS" starttime="20241126 15:01:14.165" endtime="20241126 15:01:14.206"/>
</kw>
<if>
<branch type="IF" condition="'${status}' == 'No billing documents were generated. Please see log.'">
<kw name="Log To Console" library="BuiltIn">
<arg>For ${contract} ${status}</arg>
<doc>Logs the given message to the console.</doc>
<status status="PASS" starttime="20241126 15:01:14.206" endtime="20241126 15:01:14.206"/>
</kw>
<status status="PASS" starttime="20241126 15:01:14.206" endtime="20241126 15:01:14.206"/>
</branch>
<branch type="ELSE IF" condition="'${status}' == '${EMPTY}'">
<kw name="Sleep" library="BuiltIn">
<arg>10</arg>
<doc>Pauses the test executed for the given time.</doc>
<status status="NOT RUN" starttime="20241126 15:01:14.206" endtime="20241126 15:01:14.206"/>
</kw>
<kw name="Click Element" library="SAP_Tcode_Library">
<arg>wnd[0]/usr/btnTC_HEAD</arg>
<doc>Performs a single click on a given element. Used only for buttons, tabs and menu items.</doc>
<status status="NOT RUN" starttime="20241126 15:01:14.206" endtime="20241126 15:01:14.206"/>
</kw>
<kw name="Click Element" library="SAP_Tcode_Library">
<arg>wnd[0]/usr/tabsTABSTRIP_OVERVIEW/tabpKFTE</arg>
<doc>Performs a single click on a given element. Used only for buttons, tabs and menu items.</doc>
<status status="NOT RUN" starttime="20241126 15:01:14.206" endtime="20241126 15:01:14.206"/>
</kw>
<kw name="Doubleclick Element" library="SAP_Tcode_Library">
<arg>${rental_form}</arg>
<arg>0001</arg>
<arg>Column1</arg>
<doc>Performs a double-click on a given element. Used only for shell objects.</doc>
<status status="NOT RUN" starttime="20241126 15:01:14.206" endtime="20241126 15:01:14.206"/>
</kw>
<kw name="Input Text" library="SAP_Tcode_Library">
<arg>${rental_text}</arg>
<arg>${Text}</arg>
<doc>Inserts the given text into the text field identified by locator.
Use keyword `input password` to insert a password in a text field.</doc>
<status status="NOT RUN" starttime="20241126 15:01:14.206" endtime="20241126 15:01:14.206"/>
</kw>
<kw name="Sleep" library="BuiltIn">
<arg>5</arg>
<doc>Pauses the test executed for the given time.</doc>
<status status="NOT RUN" starttime="20241126 15:01:14.206" endtime="20241126 15:01:14.206"/>
</kw>
<kw name="Click Element" library="SAP_Tcode_Library">
<arg>wnd[0]/usr/tabsTABSTRIP_OVERVIEW/tabpKFCU</arg>
<doc>Performs a single click on a given element. Used only for buttons, tabs and menu items.</doc>
<status status="NOT RUN" starttime="20241126 15:01:14.206" endtime="20241126 15:01:14.206"/>
</kw>
<kw name="Input Text" library="SAP_Tcode_Library">
<arg>wnd[0]/usr/tabsTABSTRIP_OVERVIEW/tabpKFCU/ssubSUBSCREEN_BODY:SAPMV60A:6101/ssubCUSTOMER_SCREEN:ZZBILLHEADER:0100/txtVBRK-ZEINVOICE</arg>
<arg>NA</arg>
<doc>Inserts the given text into the text field identified by locator.
Use keyword `input password` to insert a password in a text field.</doc>
<status status="NOT RUN" starttime="20241126 15:01:14.206" endtime="20241126 15:01:14.206"/>
</kw>
<kw name="Sleep" library="BuiltIn">
<arg>2</arg>
<doc>Pauses the test executed for the given time.</doc>
<status status="NOT RUN" starttime="20241126 15:01:14.206" endtime="20241126 15:01:14.206"/>
</kw>
<kw name="Click Element" library="SAP_Tcode_Library">
<arg>wnd[0]/tbar[0]/btn[11]</arg>
<doc>Performs a single click on a given element. Used only for buttons, tabs and menu items.</doc>
<status status="NOT RUN" starttime="20241126 15:01:14.206" endtime="20241126 15:01:14.206"/>
</kw>
<kw name="Get Value" library="SAP_Tcode_Library">
<var>${output}</var>
<arg>wnd[0]/sbar/pane[0]</arg>
<doc>Gets the value of the given element. The possible return values depend on the type of element (see Return values).</doc>
<status status="NOT RUN" starttime="20241126 15:01:14.206" endtime="20241126 15:01:14.206"/>
</kw>
<kw name="Log To Console" library="BuiltIn">
<arg>${output}</arg>
<doc>Logs the given message to the console.</doc>
<status status="NOT RUN" starttime="20241126 15:01:14.206" endtime="20241126 15:01:14.206"/>
</kw>
<kw name="Sleep" library="BuiltIn">
<arg>5</arg>
<doc>Pauses the test executed for the given time.</doc>
<status status="NOT RUN" starttime="20241126 15:01:14.206" endtime="20241126 15:01:14.206"/>
</kw>
<status status="NOT RUN" starttime="20241126 15:01:14.206" endtime="20241126 15:01:14.206"/>
</branch>
<status status="PASS" starttime="20241126 15:01:14.206" endtime="20241126 15:01:14.206"/>
</if>
<status status="PASS" starttime="20241126 15:01:08.377" endtime="20241126 15:01:14.206"/>
</iter>
<status status="PASS" starttime="20241126 15:00:55.604" endtime="20241126 15:01:14.206"/>
</for>
<status status="PASS" starttime="20241126 15:00:55.604" endtime="20241126 15:01:14.206"/>
</kw>
<tag>Regression</tag>
<tag>VF01</tag>
<status status="PASS" starttime="20241126 15:00:55.602" endtime="20241126 15:01:14.206"/>
</test>
<kw name="System Logout" library="create_rental_invoice" type="TEARDOWN">
<kw name="Run Transaction" library="SAP_Tcode_Library">
<arg>/nex</arg>
<doc>Runs a Sap transaction. An error is given when an unknown transaction is specified.</doc>
<status status="PASS" starttime="20241126 15:01:14.206" endtime="20241126 15:01:14.561"/>
</kw>
<status status="PASS" starttime="20241126 15:01:14.206" endtime="20241126 15:01:14.562"/>
</kw>
<status status="PASS" starttime="20241126 15:00:50.200" endtime="20241126 15:01:14.562"/>
</suite>
<doc>Testing functionality through Robot Framework</doc>
<meta name="environment">Dev</meta>
<meta name="test_browser_name">chrome</meta>
<meta name="test_browser_version">131.0.6778.86</meta>
<meta name="test_driver_version">130.0.6723.58 </meta>
<meta name="test_environment">Dev</meta>
<meta name="test_freeze_dependencies">astroid==3.1.0,attrs==23.2.0,beautifulsoup4==4.12.3,bs4==0.0.2,certifi==2024.2.2,cffi==1.16.0,chardet==5.2.0,charset-normalizer==3.3.2,click==8.1.7,colorama==0.4.6,cryptography==42.0.5,defusedxml==0.7.1,dill==0.3.8,docutils==0.20.1,et-xmlfile==1.1.0,exceptiongroup==1.2.0,gitdb==4.0.11,GitPython==3.1.42,h11==0.14.0,idna==3.6,isort==5.13.2,Jinja2==3.1.3,jira==3.6.0,jsonpath-ng==1.6.1,jsonschema==4.21.1,jsonschema-specifications==2023.12.1,lazy-object-proxy==1.10.0,lxml==5.1.0,markdown-it-py==3.0.0,MarkupSafe==2.1.5,mccabe==0.7.0,mdurl==0.1.2,natsort==8.4.0,numpy==2.0.2,oauthlib==3.2.2,openpyxl==3.1.2,outcome==1.3.0.post0,packaging==23.2,pandas==2.2.3,pathspec==0.11.2,pillow==10.2.0,pip==24.0,platformdirs==4.2.0,ply==3.11,pycparser==2.21,Pygments==2.17.2,pylint==3.1.0,PySocks==1.7.1,python-dateutil==2.9.0.post0,pytz==2024.2,pywin32==306,PyYAML==6.0.1,referencing==0.33.0,requests==2.31.0,requests-oauthlib==1.3.1,requests-toolbelt==1.0.0,rich==13.7.1,rich-click==1.6.1,robotframework==6.0.2,robotframework-datadriver==1.9.0,robotframework-excellib==2.0.1,robotframework-jsonlibrary==0.5,robotframework-pabot==2.16.0,robotframework-pythonlibcore==4.2.0,robotframework-requests==0.9.2,robotframework-sapguilibrary==1.1,robotframework-seleniumlibrary==5.1.3,robotframework-stacktrace==0.4.1,robotframework-tidy==4.5.0,rpds-py==0.18.0,selenium==4.9.1,setuptools==68.0.0,six==1.16.0,smmap==5.0.1,sniffio==1.3.1,sortedcontainers==2.4.0,soupsieve==2.5,tomli==2.0.1,tomlkit==0.12.4,trio==0.24.0,trio-websocket==0.11.1,typing_extensions==4.10.0,tzdata==2024.2,urllib3==2.2.1,wheel==0.40.0,wrapt==1.16.0,wsproto==1.2.0</meta>
<status status="PASS" starttime="20241126 15:00:44.405" endtime="20241126 15:01:14.619"/>
</suite>
<statistics>
<total>
<stat pass="1" fail="0" skip="0">All Tests</stat>
</total>
<tag>
<stat pass="1" fail="0" skip="0">Regression</stat>
<stat pass="1" fail="0" skip="0">VF01</stat>
</tag>
<suite>
<stat pass="1" fail="0" skip="0" id="s1" name="Tests">Tests</stat>
<stat pass="1" fail="0" skip="0" id="s1-s1" name="Test Create Rental Invoice">Tests.Test Create Rental Invoice</stat>
</suite>
</statistics>
<errors>
</errors>
</robot>
