<?xml version="1.0" encoding="UTF-8"?>
<robot generator="Robot 6.0.2 (Python 3.12.4 on win32)" generated="20240720 11:54:17.475" rpa="false" schemaversion="3">
<suite id="s1" name="Tests" source="C:\SAP_Testing\SAPtesting\Tests">
<kw name="Setup highest level suite" type="SETUP">
<kw name="Set Variable" library="BuiltIn">
<var>${d.test_server}</var>
<arg>${test_server}</arg>
<doc>Returns the given values which can then be assigned to a variables.</doc>
<msg timestamp="20240720 11:54:18.329" level="INFO">${d.test_server} = Dev</msg>
<status status="PASS" starttime="20240720 11:54:18.329" endtime="20240720 11:54:18.329"/>
</kw>
<kw name="Reset screenshot count variable" library="Support">
<kw name="Set Variable" library="BuiltIn">
<var>${screenshotCount}</var>
<arg>${PABOTQUEUEINDEX}_1</arg>
<doc>Returns the given values which can then be assigned to a variables.</doc>
<msg timestamp="20240720 11:54:18.330" level="INFO">${screenshotCount} = 0_1</msg>
<status status="PASS" starttime="20240720 11:54:18.330" endtime="20240720 11:54:18.330"/>
</kw>
<kw name="Set Global Variable" library="BuiltIn">
<arg>${screenshotCount}</arg>
<doc>Makes a variable available globally in all tests and suites.</doc>
<msg timestamp="20240720 11:54:18.330" level="INFO">${screenshotCount} = 0_1</msg>
<status status="PASS" starttime="20240720 11:54:18.330" endtime="20240720 11:54:18.330"/>
</kw>
<kw name="Set up screenshot directory" library="Support">
<kw name="Create Directory" library="OperatingSystem">
<arg>${OUTPUTDIR}${/}${wvar('screenshot_dir')}</arg>
<doc>Creates the specified directory.</doc>
<msg timestamp="20240720 11:54:18.332" level="INFO">Web.Dev.screenshot_dir: Screenshot</msg>
<msg timestamp="20240720 11:54:18.337" level="INFO" html="true">Created directory '&lt;a href="file://C:\SAP_Testing\SAPtesting\Output\pabot_results\0\Screenshot"&gt;C:\SAP_Testing\SAPtesting\Output\pabot_results\0\Screenshot&lt;/a&gt;'.</msg>
<status status="PASS" starttime="20240720 11:54:18.331" endtime="20240720 11:54:18.337"/>
</kw>
<status status="PASS" starttime="20240720 11:54:18.331" endtime="20240720 11:54:18.337"/>
</kw>
<status status="PASS" starttime="20240720 11:54:18.329" endtime="20240720 11:54:18.337"/>
</kw>
<kw name="Set Global Variable" library="BuiltIn">
<arg>${screenshot_taking}</arg>
<arg>${True}</arg>
<doc>Makes a variable available globally in all tests and suites.</doc>
<msg timestamp="20240720 11:54:18.338" level="INFO">${screenshot_taking} = True</msg>
<status status="PASS" starttime="20240720 11:54:18.337" endtime="20240720 11:54:18.338"/>
</kw>
<kw name="Setup linux execution" library="Support">
<kw name="Run Keyword And Return Status" library="BuiltIn">
<var>${web_test_check}</var>
<arg>Variable Should Exist</arg>
<arg>${web_test}</arg>
<doc>Runs the given keyword with given arguments and returns the status as a Boolean value.</doc>
<kw name="Variable Should Exist" library="BuiltIn">
<arg>${web_test}</arg>
<doc>Fails unless the given variable exists within the current scope.</doc>
<status status="PASS" starttime="20240720 11:54:18.339" endtime="20240720 11:54:18.339"/>
</kw>
<msg timestamp="20240720 11:54:18.339" level="INFO">${web_test_check} = True</msg>
<status status="PASS" starttime="20240720 11:54:18.338" endtime="20240720 11:54:18.339"/>
</kw>
<kw name="Run Keyword If" library="BuiltIn">
<arg>${web_test_check}</arg>
<arg>Setup Docker Execution Options</arg>
<doc>Runs the given keyword with the given arguments, if ``condition`` is true.</doc>
<kw name="Setup Docker Execution Options" library="Support_Web">
<kw name="Setup Suite Metadata" library="Support_Web">
<arg>${browser}</arg>
<kw name="Get Browser Metadata" library="BrowserSupport">
<var>&amp;{browser_information}</var>
<arg>browser=${browser}</arg>
<doc>Fetches browser metadata information
:param browser: Name of the browser for which information is fetched
:param reload: Re-read the metadata based on the browser
:return: Browser metadata information, dict of format
            {"browser_version": browser version value,
             "driver_version": driver version value}</doc>
<msg timestamp="20240720 11:54:21.476" level="INFO">&amp;{browser_information} = { browser_version=126.0.6478.128 | driver_version=126.0.6478.182  }</msg>
<status status="PASS" starttime="20240720 11:54:18.340" endtime="20240720 11:54:21.476"/>
</kw>
<kw name="Set Suite Metadata" library="BuiltIn">
<arg>test_browser_name</arg>
<arg>${browser}</arg>
<doc>Sets metadata for the current test suite.</doc>
<msg timestamp="20240720 11:54:21.476" level="INFO">Set suite metadata 'test_browser_name' to value 'chrome'.</msg>
<status status="PASS" starttime="20240720 11:54:21.476" endtime="20240720 11:54:21.476"/>
</kw>
<kw name="Set Suite Metadata" library="BuiltIn">
<arg>test_browser_version</arg>
<arg>${browser_information.browser_version}</arg>
<doc>Sets metadata for the current test suite.</doc>
<msg timestamp="20240720 11:54:21.476" level="INFO">Set suite metadata 'test_browser_version' to value '126.0.6478.128'.</msg>
<status status="PASS" starttime="20240720 11:54:21.476" endtime="20240720 11:54:21.476"/>
</kw>
<kw name="Set Suite Metadata" library="BuiltIn">
<arg>test_driver_version</arg>
<arg>${browser_information.driver_version}</arg>
<doc>Sets metadata for the current test suite.</doc>
<msg timestamp="20240720 11:54:21.476" level="INFO">Set suite metadata 'test_driver_version' to value '126.0.6478.182 '.</msg>
<status status="PASS" starttime="20240720 11:54:21.476" endtime="20240720 11:54:21.476"/>
</kw>
<status status="PASS" starttime="20240720 11:54:18.340" endtime="20240720 11:54:21.476"/>
</kw>
<kw name="Setup Global Docker Execution Options" library="Support_Web">
<kw name="Set Global Variable" library="BuiltIn">
<arg>${global_browser_options}</arg>
<arg>None</arg>
<doc>Makes a variable available globally in all tests and suites.</doc>
<msg timestamp="20240720 11:54:21.476" level="INFO">${global_browser_options} = None</msg>
<status status="PASS" starttime="20240720 11:54:21.476" endtime="20240720 11:54:21.476"/>
</kw>
<kw name="Get Environment Variable" library="OperatingSystem">
<var>${docker_check}</var>
<arg>EXECUTION_ENVIRONMENT</arg>
<arg>not_found</arg>
<doc>Returns the value of an environment variable with the given name.</doc>
<msg timestamp="20240720 11:54:21.476" level="INFO">${docker_check} = not_found</msg>
<status status="PASS" starttime="20240720 11:54:21.476" endtime="20240720 11:54:21.476"/>
</kw>
<kw name="Run Keyword And Return If" library="BuiltIn">
<arg>"${docker_check}"!="docker"</arg>
<arg>Log</arg>
<arg>Not executing on Docker</arg>
<doc>Runs the specified keyword and returns from the enclosing user keyword.</doc>
<kw name="Log" library="BuiltIn">
<arg>Not executing on Docker</arg>
<doc>Logs the given message with the given level.</doc>
<msg timestamp="20240720 11:54:21.476" level="INFO">Not executing on Docker</msg>
<status status="PASS" starttime="20240720 11:54:21.476" endtime="20240720 11:54:21.476"/>
</kw>
<msg timestamp="20240720 11:54:21.476" level="INFO">Returning from the enclosing user keyword.</msg>
<status status="PASS" starttime="20240720 11:54:21.476" endtime="20240720 11:54:21.476"/>
</kw>
<kw name="Create List" library="BuiltIn">
<var>@{options}</var>
<arg>--headless</arg>
<arg>--no-sandbox</arg>
<arg>--disable-dev-shm-usage</arg>
<doc>Returns a list containing given items.</doc>
<status status="NOT RUN" starttime="20240720 11:54:21.476" endtime="20240720 11:54:21.476"/>
</kw>
<kw name="Set Global Variable" library="BuiltIn">
<arg>@{docker_options}</arg>
<arg>@{options}</arg>
<doc>Makes a variable available globally in all tests and suites.</doc>
<status status="NOT RUN" starttime="20240720 11:54:21.476" endtime="20240720 11:54:21.476"/>
</kw>
<status status="PASS" starttime="20240720 11:54:21.476" endtime="20240720 11:54:21.476"/>
</kw>
<kw name="Create Webdriver for chrome preferences" library="Support_Web">
<kw name="Update Docker Execution Options" library="Support_Web">
<var>${list_prefs}</var>
<arg>${list_prefs}</arg>
<kw name="Run Keyword And Return Status" library="BuiltIn">
<var>${docker_check}</var>
<arg>Variable Should Exist</arg>
<arg>${docker_options}</arg>
<doc>Runs the given keyword with given arguments and returns the status as a Boolean value.</doc>
<kw name="Variable Should Exist" library="BuiltIn">
<arg>${docker_options}</arg>
<doc>Fails unless the given variable exists within the current scope.</doc>
<msg timestamp="20240720 11:54:21.483" level="FAIL">Variable '${docker_options}' does not exist.</msg>
<status status="FAIL" starttime="20240720 11:54:21.483" endtime="20240720 11:54:21.483"/>
</kw>
<msg timestamp="20240720 11:54:21.483" level="INFO">${docker_check} = False</msg>
<status status="PASS" starttime="20240720 11:54:21.483" endtime="20240720 11:54:21.483"/>
</kw>
<kw name="Get Length" library="BuiltIn">
<var>${list_prefs_length}</var>
<arg>${list_prefs}</arg>
<doc>Returns and logs the length of the given item as an integer.</doc>
<msg timestamp="20240720 11:54:21.483" level="INFO">Length is 1</msg>
<msg timestamp="20240720 11:54:21.483" level="INFO">${list_prefs_length} = 1</msg>
<status status="PASS" starttime="20240720 11:54:21.483" endtime="20240720 11:54:21.483"/>
</kw>
<kw name="Run Keyword If" library="BuiltIn">
<var>${list_prefs}</var>
<arg>${docker_check} and ${list_prefs_length}&gt;0 and ${list_prefs}[0] != []</arg>
<arg>Combine Lists</arg>
<arg>${list_prefs}</arg>
<arg>${docker_options}</arg>
<arg>ELSE IF</arg>
<arg>${docker_check}</arg>
<arg>Set Variable</arg>
<arg>${docker_options}</arg>
<arg>ELSE</arg>
<arg>Set Variable</arg>
<arg>${list_prefs}</arg>
<doc>Runs the given keyword with the given arguments, if ``condition`` is true.</doc>
<kw name="Set Variable" library="BuiltIn">
<arg>${list_prefs}</arg>
<doc>Returns the given values which can then be assigned to a variables.</doc>
<status status="PASS" starttime="20240720 11:54:21.483" endtime="20240720 11:54:21.483"/>
</kw>
<msg timestamp="20240720 11:54:21.483" level="INFO">${list_prefs} = [[]]</msg>
<status status="PASS" starttime="20240720 11:54:21.483" endtime="20240720 11:54:21.483"/>
</kw>
<msg timestamp="20240720 11:54:21.483" level="INFO">${list_prefs} = [[]]</msg>
<status status="PASS" starttime="20240720 11:54:21.483" endtime="20240720 11:54:21.483"/>
</kw>
<kw name="Create Chrome Options for download preferences" library="Support_Web">
<var>${chrome_options}</var>
<kw name="Evaluate" library="BuiltIn">
<var>${chrome_options}</var>
<arg>sys.modules['selenium.webdriver'].ChromeOptions()</arg>
<arg>sys</arg>
<doc>Evaluates the given expression in Python and returns the result.</doc>
<msg timestamp="20240720 11:54:21.483" level="INFO">${chrome_options} = &lt;selenium.webdriver.chrome.options.Options object at 0x000001C3C7B64710&gt;</msg>
<status status="PASS" starttime="20240720 11:54:21.483" endtime="20240720 11:54:21.483"/>
</kw>
<msg timestamp="20240720 11:54:21.483" level="INFO">${chrome_options} = &lt;selenium.webdriver.chrome.options.Options object at 0x000001C3C7B64710&gt;</msg>
<status status="PASS" starttime="20240720 11:54:21.483" endtime="20240720 11:54:21.483"/>
</kw>
<kw name="Update Preferences List" library="Support_Web">
<arg>${chrome_options}</arg>
<arg>@{list_prefs}</arg>
<kw name="Convert To String" library="BuiltIn">
<var>${string_prefs}</var>
<arg>${list_prefs}</arg>
<doc>Converts the given item to a Unicode string.</doc>
<msg timestamp="20240720 11:54:21.483" level="INFO">${string_prefs} = [[]]</msg>
<status status="PASS" starttime="20240720 11:54:21.483" endtime="20240720 11:54:21.483"/>
</kw>
<kw name="Return From Keyword If" library="BuiltIn">
<arg>${string_prefs} == [[]]</arg>
<doc>Returns from the enclosing user keyword if ``condition`` is true.</doc>
<msg timestamp="20240720 11:54:21.483" level="INFO">Returning from the enclosing user keyword.</msg>
<status status="PASS" starttime="20240720 11:54:21.483" endtime="20240720 11:54:21.483"/>
</kw>
<for flavor="IN">
<var>${preference}</var>
<value>@{list_prefs}</value>
<iter>
<var name="${preference}"/>
<kw name="Call Method" library="BuiltIn">
<arg>${chrome_options}</arg>
<arg>add_argument</arg>
<arg>${preference}</arg>
<doc>Calls the named method of the given object with the provided arguments.</doc>
<status status="NOT RUN" starttime="20240720 11:54:21.483" endtime="20240720 11:54:21.483"/>
</kw>
<status status="NOT RUN" starttime="20240720 11:54:21.483" endtime="20240720 11:54:21.483"/>
</iter>
<status status="NOT RUN" starttime="20240720 11:54:21.483" endtime="20240720 11:54:21.483"/>
</for>
<status status="PASS" starttime="20240720 11:54:21.483" endtime="20240720 11:54:21.483"/>
</kw>
<kw name="Call Method" library="BuiltIn">
<arg>${chrome_options}</arg>
<arg>add_experimental_option</arg>
<arg>prefs</arg>
<arg>${kw_prefs}</arg>
<doc>Calls the named method of the given object with the provided arguments.</doc>
<status status="PASS" starttime="20240720 11:54:21.483" endtime="20240720 11:54:21.483"/>
</kw>
<kw name="Set Global Variable" library="BuiltIn">
<arg>${global_browser_options}</arg>
<arg>${chrome options}</arg>
<doc>Makes a variable available globally in all tests and suites.</doc>
<msg timestamp="20240720 11:54:21.483" level="INFO">${global_browser_options} = &lt;selenium.webdriver.chrome.options.Options object at 0x000001C3C7B64710&gt;</msg>
<status status="PASS" starttime="20240720 11:54:21.483" endtime="20240720 11:54:21.483"/>
</kw>
<status status="PASS" starttime="20240720 11:54:21.476" endtime="20240720 11:54:21.483"/>
</kw>
<status status="PASS" starttime="20240720 11:54:18.339" endtime="20240720 11:54:21.483"/>
</kw>
<status status="PASS" starttime="20240720 11:54:18.339" endtime="20240720 11:54:21.483"/>
</kw>
<status status="PASS" starttime="20240720 11:54:18.338" endtime="20240720 11:54:21.483"/>
</kw>
<kw name="Set Suite Metadata" library="BuiltIn">
<arg>environment</arg>
<arg>${test_server}</arg>
<doc>Sets metadata for the current test suite.</doc>
<msg timestamp="20240720 11:54:21.483" level="INFO">Set suite metadata 'environment' to value 'Dev'.</msg>
<status status="PASS" starttime="20240720 11:54:21.483" endtime="20240720 11:54:21.483"/>
</kw>
<status status="PASS" starttime="20240720 11:54:18.328" endtime="20240720 11:54:21.492"/>
</kw>
<suite id="s1-s1" name="Test Display Document" source="C:\SAP_Testing\SAPtesting\Tests\Test_Display_Document.robot">
<kw name="SAP logon" library="Display_Document" type="SETUP">
<kw name="Start Process" library="Process">
<arg>${symvar('SAP_SERVER')}</arg>
<doc>Starts a new process on background.</doc>
<msg timestamp="20240720 11:54:21.684" level="INFO">Sym.Dev.SAP_SERVER: C:\Program Files (x86)\SAP\FrontEnd\SAPGUI\saplogon.exe</msg>
<msg timestamp="20240720 11:54:21.684" level="INFO">Starting process:
"C:\Program Files (x86)\SAP\FrontEnd\SAPGUI\saplogon.exe"</msg>
<status status="PASS" starttime="20240720 11:54:21.684" endtime="20240720 11:54:21.698"/>
</kw>
<kw name="Sleep" library="BuiltIn">
<arg>10s</arg>
<doc>Pauses the test executed for the given time.</doc>
<msg timestamp="20240720 11:54:31.698" level="INFO">Slept 10 seconds</msg>
<status status="PASS" starttime="20240720 11:54:21.698" endtime="20240720 11:54:31.698"/>
</kw>
<kw name="Connect To Session" library="CustomSapGuiLibrary">
<doc>Connects to an open session SAP.</doc>
<status status="PASS" starttime="20240720 11:54:31.698" endtime="20240720 11:54:31.703"/>
</kw>
<kw name="Open Connection" library="CustomSapGuiLibrary">
<arg>${symvar('connection')}</arg>
<doc>Opens a connection to the given connection name. Be sure to provide the full connection name, including the bracket part.</doc>
<msg timestamp="20240720 11:54:31.703" level="INFO">Sym.Dev.connection: BPM</msg>
<status status="PASS" starttime="20240720 11:54:31.703" endtime="20240720 11:54:32.592"/>
</kw>
<kw name="Sleep" library="BuiltIn">
<arg>2</arg>
<doc>Pauses the test executed for the given time.</doc>
<msg timestamp="20240720 11:54:34.593" level="INFO">Slept 2 seconds</msg>
<status status="PASS" starttime="20240720 11:54:32.592" endtime="20240720 11:54:34.593"/>
</kw>
<kw name="Input Text" library="CustomSapGuiLibrary">
<arg>wnd[0]/usr/txtRSYST-MANDT</arg>
<arg>${symvar('sap_client')}</arg>
<doc>Inserts the given text into the text field identified by locator.
Use keyword `input password` to insert a password in a text field.</doc>
<msg timestamp="20240720 11:54:34.593" level="INFO">Sym.Dev.sap_client: 800</msg>
<msg timestamp="20240720 11:54:34.600" level="INFO">Typing text '800' into text field 'wnd[0]/usr/txtRSYST-MANDT'.</msg>
<status status="PASS" starttime="20240720 11:54:34.593" endtime="20240720 11:54:34.600"/>
</kw>
<kw name="Sleep" library="BuiltIn">
<arg>2</arg>
<doc>Pauses the test executed for the given time.</doc>
<msg timestamp="20240720 11:54:36.600" level="INFO">Slept 2 seconds</msg>
<status status="PASS" starttime="20240720 11:54:34.600" endtime="20240720 11:54:36.600"/>
</kw>
<kw name="Input Text" library="CustomSapGuiLibrary">
<arg>wnd[0]/usr/txtRSYST-BNAME</arg>
<arg>${symvar('sap_user')}</arg>
<doc>Inserts the given text into the text field identified by locator.
Use keyword `input password` to insert a password in a text field.</doc>
<msg timestamp="20240720 11:54:36.600" level="INFO">Sym.Dev.sap_user: BCSADMIN</msg>
<msg timestamp="20240720 11:54:36.606" level="INFO">Typing text 'BCSADMIN' into text field 'wnd[0]/usr/txtRSYST-BNAME'.</msg>
<status status="PASS" starttime="20240720 11:54:36.600" endtime="20240720 11:54:36.606"/>
</kw>
<kw name="Sleep" library="BuiltIn">
<arg>2</arg>
<doc>Pauses the test executed for the given time.</doc>
<msg timestamp="20240720 11:54:38.607" level="INFO">Slept 2 seconds</msg>
<status status="PASS" starttime="20240720 11:54:36.606" endtime="20240720 11:54:38.607"/>
</kw>
<kw name="Input Password" library="CustomSapGuiLibrary">
<arg>wnd[0]/usr/pwdRSYST-BCODE</arg>
<arg>${symvar('sap_pass')}</arg>
<doc>Inserts the given password into the text field identified by locator.
The password is not recorded in the log.</doc>
<msg timestamp="20240720 11:54:38.607" level="INFO">Sym.Dev.sap_pass: admin@123</msg>
<msg timestamp="20240720 11:54:38.607" level="INFO">Typing password into text field 'wnd[0]/usr/pwdRSYST-BCODE'.</msg>
<status status="PASS" starttime="20240720 11:54:38.607" endtime="20240720 11:54:38.607"/>
</kw>
<kw name="Send Vkey" library="CustomSapGuiLibrary">
<arg>0</arg>
<doc>Sends a SAP virtual key combination to the window, not into an element.
If you want to send a value to a text field, use `input text` instead.</doc>
<status status="PASS" starttime="20240720 11:54:38.607" endtime="20240720 11:54:39.319"/>
</kw>
<kw name="Sleep" library="BuiltIn">
<arg>3s</arg>
<doc>Pauses the test executed for the given time.</doc>
<msg timestamp="20240720 11:54:42.319" level="INFO">Slept 3 seconds</msg>
<status status="PASS" starttime="20240720 11:54:39.319" endtime="20240720 11:54:42.319"/>
</kw>
<kw name="Multiple Logon Handling" library="CustomSapGuiLibrary">
<arg>wnd[1]</arg>
<arg>wnd[1]/usr/radMULTI_LOGON_OPT2</arg>
<arg>wnd[1]/tbar[0]/btn[0]</arg>
<msg timestamp="20240720 11:54:42.647" level="INFO">Multiple logon exists</msg>
<status status="PASS" starttime="20240720 11:54:42.319" endtime="20240720 11:54:42.647"/>
</kw>
<kw name="Sleep" library="BuiltIn">
<arg>5s</arg>
<doc>Pauses the test executed for the given time.</doc>
<msg timestamp="20240720 11:54:47.647" level="INFO">Slept 5 seconds</msg>
<status status="PASS" starttime="20240720 11:54:42.647" endtime="20240720 11:54:47.647"/>
</kw>
<status status="PASS" starttime="20240720 11:54:21.684" endtime="20240720 11:54:47.647"/>
</kw>
<test id="s1-s1-t1" name="Interlinked transactions for Invoice" line="8">
<kw name="FB03 display the invoice document" library="Display_Document">
<kw name="Run Transaction" library="CustomSapGuiLibrary">
<arg>/nFB03</arg>
<doc>Runs a Sap transaction. An error is given when an unknown transaction is specified.</doc>
<status status="PASS" starttime="20240720 11:54:47.647" endtime="20240720 11:54:48.819"/>
</kw>
<kw name="Count Excel Rows" library="CustomSapGuiLibrary">
<var>${user_count}</var>
<arg>${symvar('vendor_excel_path')}</arg>
<msg timestamp="20240720 11:54:48.835" level="INFO">Sym.Dev.vendor_excel_path: C:\RobotFramework\sap_testing\Tests\Resource\Vendar_Invoice.xlsx</msg>
<msg timestamp="20240720 11:54:48.835" level="INFO">4</msg>
<msg timestamp="20240720 11:54:48.835" level="INFO">${user_count} = 4</msg>
<status status="PASS" starttime="20240720 11:54:48.819" endtime="20240720 11:54:48.835"/>
</kw>
<kw name="Evaluate" library="BuiltIn">
<var>${rows}</var>
<arg>${user_count} + 1</arg>
<doc>Evaluates the given expression in Python and returns the result.</doc>
<msg timestamp="20240720 11:54:48.835" level="INFO">${rows} = 5</msg>
<status status="PASS" starttime="20240720 11:54:48.835" endtime="20240720 11:54:48.835"/>
</kw>
<kw name="Log To Console" library="BuiltIn">
<arg>${rows}</arg>
<doc>Logs the given message to the console.</doc>
<status status="PASS" starttime="20240720 11:54:48.835" endtime="20240720 11:54:48.835"/>
</kw>
<kw name="Sleep" library="BuiltIn">
<arg>5</arg>
<doc>Pauses the test executed for the given time.</doc>
<msg timestamp="20240720 11:54:53.835" level="INFO">Slept 5 seconds</msg>
<status status="PASS" starttime="20240720 11:54:48.835" endtime="20240720 11:54:53.835"/>
</kw>
<for flavor="IN RANGE">
<var>${row_count}</var>
<value>2</value>
<value>${rows}</value>
<iter>
<var name="${row_count}">2</var>
<kw name="Read Excel" library="Display_Document">
<var>${document}</var>
<arg>${symvar('vendor_excel_path')}</arg>
<arg>${symvar('sheet_name')}</arg>
<arg>${row_count}</arg>
<arg>9</arg>
<msg timestamp="20240720 11:54:53.835" level="INFO">Sym.Dev.vendor_excel_path: C:\RobotFramework\sap_testing\Tests\Resource\Vendar_Invoice.xlsx</msg>
<msg timestamp="20240720 11:54:53.835" level="INFO">Sym.Dev.sheet_name: INPUT</msg>
<kw name="Open Excel Document" library="ExcelLibrary">
<arg>${filepath}</arg>
<arg>1</arg>
<doc>Opens xlsx document file.</doc>
<status status="PASS" starttime="20240720 11:54:53.835" endtime="20240720 11:54:53.835"/>
</kw>
<kw name="Get Sheet" library="ExcelLibrary">
<arg>${sheetname}</arg>
<doc>Returns a page from the current document.</doc>
<status status="PASS" starttime="20240720 11:54:53.835" endtime="20240720 11:54:53.835"/>
</kw>
<kw name="Read Excel Cell" library="ExcelLibrary">
<var>${data}</var>
<arg>${rownum}</arg>
<arg>${colnum}</arg>
<doc>Returns content of a cell.</doc>
<msg timestamp="20240720 11:54:53.835" level="INFO">${data} = 200000008</msg>
<status status="PASS" starttime="20240720 11:54:53.835" endtime="20240720 11:54:53.835"/>
</kw>
<kw name="Close Current Excel Document" library="ExcelLibrary">
<doc>Closes current document.</doc>
<status status="PASS" starttime="20240720 11:54:53.835" endtime="20240720 11:54:53.835"/>
</kw>
<msg timestamp="20240720 11:54:53.835" level="INFO">${document} = 200000008</msg>
<status status="PASS" starttime="20240720 11:54:53.835" endtime="20240720 11:54:53.835"/>
</kw>
<kw name="Log To Console" library="BuiltIn">
<arg>${document}</arg>
<doc>Logs the given message to the console.</doc>
<status status="PASS" starttime="20240720 11:54:53.835" endtime="20240720 11:54:53.835"/>
</kw>
<kw name="Set Global Variable" library="BuiltIn">
<arg>${document}</arg>
<doc>Makes a variable available globally in all tests and suites.</doc>
<msg timestamp="20240720 11:54:53.835" level="INFO">${document} = 200000008</msg>
<status status="PASS" starttime="20240720 11:54:53.835" endtime="20240720 11:54:53.835"/>
</kw>
<kw name="Read Excel" library="Display_Document">
<var>${company_code}</var>
<arg>${symvar('vendor_excel_path')}</arg>
<arg>${symvar('sheet_name')}</arg>
<arg>${row_count}</arg>
<arg>10</arg>
<msg timestamp="20240720 11:54:53.835" level="INFO">Sym.Dev.vendor_excel_path: C:\RobotFramework\sap_testing\Tests\Resource\Vendar_Invoice.xlsx</msg>
<msg timestamp="20240720 11:54:53.835" level="INFO">Sym.Dev.sheet_name: INPUT</msg>
<kw name="Open Excel Document" library="ExcelLibrary">
<arg>${filepath}</arg>
<arg>1</arg>
<doc>Opens xlsx document file.</doc>
<status status="PASS" starttime="20240720 11:54:53.835" endtime="20240720 11:54:53.850"/>
</kw>
<kw name="Get Sheet" library="ExcelLibrary">
<arg>${sheetname}</arg>
<doc>Returns a page from the current document.</doc>
<status status="PASS" starttime="20240720 11:54:53.850" endtime="20240720 11:54:53.850"/>
</kw>
<kw name="Read Excel Cell" library="ExcelLibrary">
<var>${data}</var>
<arg>${rownum}</arg>
<arg>${colnum}</arg>
<doc>Returns content of a cell.</doc>
<msg timestamp="20240720 11:54:53.850" level="INFO">${data} = BCS1</msg>
<status status="PASS" starttime="20240720 11:54:53.850" endtime="20240720 11:54:53.850"/>
</kw>
<kw name="Close Current Excel Document" library="ExcelLibrary">
<doc>Closes current document.</doc>
<status status="PASS" starttime="20240720 11:54:53.850" endtime="20240720 11:54:53.850"/>
</kw>
<msg timestamp="20240720 11:54:53.850" level="INFO">${company_code} = BCS1</msg>
<status status="PASS" starttime="20240720 11:54:53.835" endtime="20240720 11:54:53.850"/>
</kw>
<kw name="Log To Console" library="BuiltIn">
<arg>${company_code}</arg>
<doc>Logs the given message to the console.</doc>
<status status="PASS" starttime="20240720 11:54:53.850" endtime="20240720 11:54:53.850"/>
</kw>
<kw name="Set Global Variable" library="BuiltIn">
<arg>${company_code}</arg>
<doc>Makes a variable available globally in all tests and suites.</doc>
<msg timestamp="20240720 11:54:53.850" level="INFO">${company_code} = BCS1</msg>
<status status="PASS" starttime="20240720 11:54:53.850" endtime="20240720 11:54:53.850"/>
</kw>
<kw name="Read Excel" library="Display_Document">
<var>${fiscal_year}</var>
<arg>${symvar('vendor_excel_path')}</arg>
<arg>${symvar('sheet_name')}</arg>
<arg>${row_count}</arg>
<arg>11</arg>
<msg timestamp="20240720 11:54:53.850" level="INFO">Sym.Dev.vendor_excel_path: C:\RobotFramework\sap_testing\Tests\Resource\Vendar_Invoice.xlsx</msg>
<msg timestamp="20240720 11:54:53.850" level="INFO">Sym.Dev.sheet_name: INPUT</msg>
<kw name="Open Excel Document" library="ExcelLibrary">
<arg>${filepath}</arg>
<arg>1</arg>
<doc>Opens xlsx document file.</doc>
<status status="PASS" starttime="20240720 11:54:53.850" endtime="20240720 11:54:53.850"/>
</kw>
<kw name="Get Sheet" library="ExcelLibrary">
<arg>${sheetname}</arg>
<doc>Returns a page from the current document.</doc>
<status status="PASS" starttime="20240720 11:54:53.850" endtime="20240720 11:54:53.850"/>
</kw>
<kw name="Read Excel Cell" library="ExcelLibrary">
<var>${data}</var>
<arg>${rownum}</arg>
<arg>${colnum}</arg>
<doc>Returns content of a cell.</doc>
<msg timestamp="20240720 11:54:53.850" level="INFO">${data} = 2024</msg>
<status status="PASS" starttime="20240720 11:54:53.850" endtime="20240720 11:54:53.850"/>
</kw>
<kw name="Close Current Excel Document" library="ExcelLibrary">
<doc>Closes current document.</doc>
<status status="PASS" starttime="20240720 11:54:53.850" endtime="20240720 11:54:53.850"/>
</kw>
<msg timestamp="20240720 11:54:53.850" level="INFO">${fiscal_year} = 2024</msg>
<status status="PASS" starttime="20240720 11:54:53.850" endtime="20240720 11:54:53.850"/>
</kw>
<kw name="Log To Console" library="BuiltIn">
<arg>${fiscal_year}</arg>
<doc>Logs the given message to the console.</doc>
<status status="PASS" starttime="20240720 11:54:53.850" endtime="20240720 11:54:53.850"/>
</kw>
<kw name="Set Global Variable" library="BuiltIn">
<arg>${fiscal_year}</arg>
<doc>Makes a variable available globally in all tests and suites.</doc>
<msg timestamp="20240720 11:54:53.850" level="INFO">${fiscal_year} = 2024</msg>
<status status="PASS" starttime="20240720 11:54:53.850" endtime="20240720 11:54:53.850"/>
</kw>
<kw name="Transaction code FB03" library="Display_Document">
<kw name="Input Text" library="CustomSapGuiLibrary">
<arg>wnd[0]/usr/txtRF05L-BELNR</arg>
<arg>${document}</arg>
<doc>Inserts the given text into the text field identified by locator.
Use keyword `input password` to insert a password in a text field.</doc>
<msg timestamp="20240720 11:54:53.873" level="INFO">Typing text '200000008' into text field 'wnd[0]/usr/txtRF05L-BELNR'.</msg>
<status status="PASS" starttime="20240720 11:54:53.850" endtime="20240720 11:54:53.873"/>
</kw>
<kw name="Sleep" library="BuiltIn">
<arg>2</arg>
<doc>Pauses the test executed for the given time.</doc>
<msg timestamp="20240720 11:54:55.874" level="INFO">Slept 2 seconds</msg>
<status status="PASS" starttime="20240720 11:54:53.873" endtime="20240720 11:54:55.874"/>
</kw>
<kw name="Input Text" library="CustomSapGuiLibrary">
<arg>wnd[0]/usr/ctxtRF05L-BUKRS</arg>
<arg>${company_code}</arg>
<doc>Inserts the given text into the text field identified by locator.
Use keyword `input password` to insert a password in a text field.</doc>
<msg timestamp="20240720 11:54:55.877" level="INFO">Typing text 'BCS1' into text field 'wnd[0]/usr/ctxtRF05L-BUKRS'.</msg>
<status status="PASS" starttime="20240720 11:54:55.874" endtime="20240720 11:54:55.877"/>
</kw>
<kw name="Sleep" library="BuiltIn">
<arg>2</arg>
<doc>Pauses the test executed for the given time.</doc>
<msg timestamp="20240720 11:54:57.878" level="INFO">Slept 2 seconds</msg>
<status status="PASS" starttime="20240720 11:54:55.877" endtime="20240720 11:54:57.878"/>
</kw>
<kw name="Input Text" library="CustomSapGuiLibrary">
<arg>wnd[0]/usr/txtRF05L-GJAHR</arg>
<arg>${fiscal_year}</arg>
<doc>Inserts the given text into the text field identified by locator.
Use keyword `input password` to insert a password in a text field.</doc>
<msg timestamp="20240720 11:54:57.882" level="INFO">Typing text '2024' into text field 'wnd[0]/usr/txtRF05L-GJAHR'.</msg>
<status status="PASS" starttime="20240720 11:54:57.878" endtime="20240720 11:54:57.882"/>
</kw>
<kw name="Sleep" library="BuiltIn">
<arg>2</arg>
<doc>Pauses the test executed for the given time.</doc>
<msg timestamp="20240720 11:54:59.882" level="INFO">Slept 2 seconds</msg>
<status status="PASS" starttime="20240720 11:54:57.882" endtime="20240720 11:54:59.882"/>
</kw>
<kw name="Send Vkey" library="CustomSapGuiLibrary">
<arg>0</arg>
<doc>Sends a SAP virtual key combination to the window, not into an element.
If you want to send a value to a text field, use `input text` instead.</doc>
<status status="PASS" starttime="20240720 11:54:59.882" endtime="20240720 11:55:01.350"/>
</kw>
<kw name="Sleep" library="BuiltIn">
<arg>5</arg>
<doc>Pauses the test executed for the given time.</doc>
<msg timestamp="20240720 11:55:06.350" level="INFO">Slept 5 seconds</msg>
<status status="PASS" starttime="20240720 11:55:01.350" endtime="20240720 11:55:06.350"/>
</kw>
<kw name="Click Element" library="CustomSapGuiLibrary">
<arg>wnd[0]/tbar[0]/btn[3]</arg>
<doc>Performs a single click on a given element. Used only for buttons, tabs and menu items.</doc>
<status status="PASS" starttime="20240720 11:55:06.350" endtime="20240720 11:55:06.588"/>
</kw>
<kw name="Sleep" library="BuiltIn">
<arg>5</arg>
<doc>Pauses the test executed for the given time.</doc>
<msg timestamp="20240720 11:55:11.588" level="INFO">Slept 5 seconds</msg>
<status status="PASS" starttime="20240720 11:55:06.588" endtime="20240720 11:55:11.588"/>
</kw>
<status status="PASS" starttime="20240720 11:54:53.850" endtime="20240720 11:55:11.588"/>
</kw>
<status status="PASS" starttime="20240720 11:54:53.835" endtime="20240720 11:55:11.588"/>
</iter>
<iter>
<var name="${row_count}">3</var>
<kw name="Read Excel" library="Display_Document">
<var>${document}</var>
<arg>${symvar('vendor_excel_path')}</arg>
<arg>${symvar('sheet_name')}</arg>
<arg>${row_count}</arg>
<arg>9</arg>
<msg timestamp="20240720 11:55:11.588" level="INFO">Sym.Dev.vendor_excel_path: C:\RobotFramework\sap_testing\Tests\Resource\Vendar_Invoice.xlsx</msg>
<msg timestamp="20240720 11:55:11.588" level="INFO">Sym.Dev.sheet_name: INPUT</msg>
<kw name="Open Excel Document" library="ExcelLibrary">
<arg>${filepath}</arg>
<arg>1</arg>
<doc>Opens xlsx document file.</doc>
<status status="PASS" starttime="20240720 11:55:11.588" endtime="20240720 11:55:11.595"/>
</kw>
<kw name="Get Sheet" library="ExcelLibrary">
<arg>${sheetname}</arg>
<doc>Returns a page from the current document.</doc>
<status status="PASS" starttime="20240720 11:55:11.595" endtime="20240720 11:55:11.595"/>
</kw>
<kw name="Read Excel Cell" library="ExcelLibrary">
<var>${data}</var>
<arg>${rownum}</arg>
<arg>${colnum}</arg>
<doc>Returns content of a cell.</doc>
<msg timestamp="20240720 11:55:11.595" level="INFO">${data} = 200000009</msg>
<status status="PASS" starttime="20240720 11:55:11.595" endtime="20240720 11:55:11.595"/>
</kw>
<kw name="Close Current Excel Document" library="ExcelLibrary">
<doc>Closes current document.</doc>
<status status="PASS" starttime="20240720 11:55:11.595" endtime="20240720 11:55:11.595"/>
</kw>
<msg timestamp="20240720 11:55:11.595" level="INFO">${document} = 200000009</msg>
<status status="PASS" starttime="20240720 11:55:11.588" endtime="20240720 11:55:11.595"/>
</kw>
<kw name="Log To Console" library="BuiltIn">
<arg>${document}</arg>
<doc>Logs the given message to the console.</doc>
<status status="PASS" starttime="20240720 11:55:11.595" endtime="20240720 11:55:11.595"/>
</kw>
<kw name="Set Global Variable" library="BuiltIn">
<arg>${document}</arg>
<doc>Makes a variable available globally in all tests and suites.</doc>
<msg timestamp="20240720 11:55:11.595" level="INFO">${document} = 200000009</msg>
<status status="PASS" starttime="20240720 11:55:11.595" endtime="20240720 11:55:11.595"/>
</kw>
<kw name="Read Excel" library="Display_Document">
<var>${company_code}</var>
<arg>${symvar('vendor_excel_path')}</arg>
<arg>${symvar('sheet_name')}</arg>
<arg>${row_count}</arg>
<arg>10</arg>
<msg timestamp="20240720 11:55:11.595" level="INFO">Sym.Dev.vendor_excel_path: C:\RobotFramework\sap_testing\Tests\Resource\Vendar_Invoice.xlsx</msg>
<msg timestamp="20240720 11:55:11.595" level="INFO">Sym.Dev.sheet_name: INPUT</msg>
<kw name="Open Excel Document" library="ExcelLibrary">
<arg>${filepath}</arg>
<arg>1</arg>
<doc>Opens xlsx document file.</doc>
<status status="PASS" starttime="20240720 11:55:11.595" endtime="20240720 11:55:11.600"/>
</kw>
<kw name="Get Sheet" library="ExcelLibrary">
<arg>${sheetname}</arg>
<doc>Returns a page from the current document.</doc>
<status status="PASS" starttime="20240720 11:55:11.600" endtime="20240720 11:55:11.600"/>
</kw>
<kw name="Read Excel Cell" library="ExcelLibrary">
<var>${data}</var>
<arg>${rownum}</arg>
<arg>${colnum}</arg>
<doc>Returns content of a cell.</doc>
<msg timestamp="20240720 11:55:11.600" level="INFO">${data} = BCS1</msg>
<status status="PASS" starttime="20240720 11:55:11.600" endtime="20240720 11:55:11.600"/>
</kw>
<kw name="Close Current Excel Document" library="ExcelLibrary">
<doc>Closes current document.</doc>
<status status="PASS" starttime="20240720 11:55:11.600" endtime="20240720 11:55:11.600"/>
</kw>
<msg timestamp="20240720 11:55:11.600" level="INFO">${company_code} = BCS1</msg>
<status status="PASS" starttime="20240720 11:55:11.595" endtime="20240720 11:55:11.600"/>
</kw>
<kw name="Log To Console" library="BuiltIn">
<arg>${company_code}</arg>
<doc>Logs the given message to the console.</doc>
<status status="PASS" starttime="20240720 11:55:11.600" endtime="20240720 11:55:11.600"/>
</kw>
<kw name="Set Global Variable" library="BuiltIn">
<arg>${company_code}</arg>
<doc>Makes a variable available globally in all tests and suites.</doc>
<msg timestamp="20240720 11:55:11.600" level="INFO">${company_code} = BCS1</msg>
<status status="PASS" starttime="20240720 11:55:11.600" endtime="20240720 11:55:11.600"/>
</kw>
<kw name="Read Excel" library="Display_Document">
<var>${fiscal_year}</var>
<arg>${symvar('vendor_excel_path')}</arg>
<arg>${symvar('sheet_name')}</arg>
<arg>${row_count}</arg>
<arg>11</arg>
<msg timestamp="20240720 11:55:11.600" level="INFO">Sym.Dev.vendor_excel_path: C:\RobotFramework\sap_testing\Tests\Resource\Vendar_Invoice.xlsx</msg>
<msg timestamp="20240720 11:55:11.600" level="INFO">Sym.Dev.sheet_name: INPUT</msg>
<kw name="Open Excel Document" library="ExcelLibrary">
<arg>${filepath}</arg>
<arg>1</arg>
<doc>Opens xlsx document file.</doc>
<status status="PASS" starttime="20240720 11:55:11.600" endtime="20240720 11:55:11.611"/>
</kw>
<kw name="Get Sheet" library="ExcelLibrary">
<arg>${sheetname}</arg>
<doc>Returns a page from the current document.</doc>
<status status="PASS" starttime="20240720 11:55:11.611" endtime="20240720 11:55:11.611"/>
</kw>
<kw name="Read Excel Cell" library="ExcelLibrary">
<var>${data}</var>
<arg>${rownum}</arg>
<arg>${colnum}</arg>
<doc>Returns content of a cell.</doc>
<msg timestamp="20240720 11:55:11.611" level="INFO">${data} = 2024</msg>
<status status="PASS" starttime="20240720 11:55:11.611" endtime="20240720 11:55:11.611"/>
</kw>
<kw name="Close Current Excel Document" library="ExcelLibrary">
<doc>Closes current document.</doc>
<status status="PASS" starttime="20240720 11:55:11.611" endtime="20240720 11:55:11.611"/>
</kw>
<msg timestamp="20240720 11:55:11.611" level="INFO">${fiscal_year} = 2024</msg>
<status status="PASS" starttime="20240720 11:55:11.600" endtime="20240720 11:55:11.611"/>
</kw>
<kw name="Log To Console" library="BuiltIn">
<arg>${fiscal_year}</arg>
<doc>Logs the given message to the console.</doc>
<status status="PASS" starttime="20240720 11:55:11.611" endtime="20240720 11:55:11.611"/>
</kw>
<kw name="Set Global Variable" library="BuiltIn">
<arg>${fiscal_year}</arg>
<doc>Makes a variable available globally in all tests and suites.</doc>
<msg timestamp="20240720 11:55:11.611" level="INFO">${fiscal_year} = 2024</msg>
<status status="PASS" starttime="20240720 11:55:11.611" endtime="20240720 11:55:11.611"/>
</kw>
<kw name="Transaction code FB03" library="Display_Document">
<kw name="Input Text" library="CustomSapGuiLibrary">
<arg>wnd[0]/usr/txtRF05L-BELNR</arg>
<arg>${document}</arg>
<doc>Inserts the given text into the text field identified by locator.
Use keyword `input password` to insert a password in a text field.</doc>
<msg timestamp="20240720 11:55:11.618" level="INFO">Typing text '200000009' into text field 'wnd[0]/usr/txtRF05L-BELNR'.</msg>
<status status="PASS" starttime="20240720 11:55:11.611" endtime="20240720 11:55:11.618"/>
</kw>
<kw name="Sleep" library="BuiltIn">
<arg>2</arg>
<doc>Pauses the test executed for the given time.</doc>
<msg timestamp="20240720 11:55:13.618" level="INFO">Slept 2 seconds</msg>
<status status="PASS" starttime="20240720 11:55:11.618" endtime="20240720 11:55:13.618"/>
</kw>
<kw name="Input Text" library="CustomSapGuiLibrary">
<arg>wnd[0]/usr/ctxtRF05L-BUKRS</arg>
<arg>${company_code}</arg>
<doc>Inserts the given text into the text field identified by locator.
Use keyword `input password` to insert a password in a text field.</doc>
<msg timestamp="20240720 11:55:13.623" level="INFO">Typing text 'BCS1' into text field 'wnd[0]/usr/ctxtRF05L-BUKRS'.</msg>
<status status="PASS" starttime="20240720 11:55:13.618" endtime="20240720 11:55:13.623"/>
</kw>
<kw name="Sleep" library="BuiltIn">
<arg>2</arg>
<doc>Pauses the test executed for the given time.</doc>
<msg timestamp="20240720 11:55:15.623" level="INFO">Slept 2 seconds</msg>
<status status="PASS" starttime="20240720 11:55:13.623" endtime="20240720 11:55:15.623"/>
</kw>
<kw name="Input Text" library="CustomSapGuiLibrary">
<arg>wnd[0]/usr/txtRF05L-GJAHR</arg>
<arg>${fiscal_year}</arg>
<doc>Inserts the given text into the text field identified by locator.
Use keyword `input password` to insert a password in a text field.</doc>
<msg timestamp="20240720 11:55:15.627" level="INFO">Typing text '2024' into text field 'wnd[0]/usr/txtRF05L-GJAHR'.</msg>
<status status="PASS" starttime="20240720 11:55:15.623" endtime="20240720 11:55:15.627"/>
</kw>
<kw name="Sleep" library="BuiltIn">
<arg>2</arg>
<doc>Pauses the test executed for the given time.</doc>
<msg timestamp="20240720 11:55:17.627" level="INFO">Slept 2 seconds</msg>
<status status="PASS" starttime="20240720 11:55:15.627" endtime="20240720 11:55:17.627"/>
</kw>
<kw name="Send Vkey" library="CustomSapGuiLibrary">
<arg>0</arg>
<doc>Sends a SAP virtual key combination to the window, not into an element.
If you want to send a value to a text field, use `input text` instead.</doc>
<status status="PASS" starttime="20240720 11:55:17.627" endtime="20240720 11:55:18.382"/>
</kw>
<kw name="Sleep" library="BuiltIn">
<arg>5</arg>
<doc>Pauses the test executed for the given time.</doc>
<msg timestamp="20240720 11:55:23.382" level="INFO">Slept 5 seconds</msg>
<status status="PASS" starttime="20240720 11:55:18.382" endtime="20240720 11:55:23.382"/>
</kw>
<kw name="Click Element" library="CustomSapGuiLibrary">
<arg>wnd[0]/tbar[0]/btn[3]</arg>
<doc>Performs a single click on a given element. Used only for buttons, tabs and menu items.</doc>
<status status="PASS" starttime="20240720 11:55:23.382" endtime="20240720 11:55:23.638"/>
</kw>
<kw name="Sleep" library="BuiltIn">
<arg>5</arg>
<doc>Pauses the test executed for the given time.</doc>
<msg timestamp="20240720 11:55:28.638" level="INFO">Slept 5 seconds</msg>
<status status="PASS" starttime="20240720 11:55:23.638" endtime="20240720 11:55:28.638"/>
</kw>
<status status="PASS" starttime="20240720 11:55:11.611" endtime="20240720 11:55:28.638"/>
</kw>
<status status="PASS" starttime="20240720 11:55:11.588" endtime="20240720 11:55:28.638"/>
</iter>
<iter>
<var name="${row_count}">4</var>
<kw name="Read Excel" library="Display_Document">
<var>${document}</var>
<arg>${symvar('vendor_excel_path')}</arg>
<arg>${symvar('sheet_name')}</arg>
<arg>${row_count}</arg>
<arg>9</arg>
<msg timestamp="20240720 11:55:28.638" level="INFO">Sym.Dev.vendor_excel_path: C:\RobotFramework\sap_testing\Tests\Resource\Vendar_Invoice.xlsx</msg>
<msg timestamp="20240720 11:55:28.638" level="INFO">Sym.Dev.sheet_name: INPUT</msg>
<kw name="Open Excel Document" library="ExcelLibrary">
<arg>${filepath}</arg>
<arg>1</arg>
<doc>Opens xlsx document file.</doc>
<status status="PASS" starttime="20240720 11:55:28.638" endtime="20240720 11:55:28.642"/>
</kw>
<kw name="Get Sheet" library="ExcelLibrary">
<arg>${sheetname}</arg>
<doc>Returns a page from the current document.</doc>
<status status="PASS" starttime="20240720 11:55:28.642" endtime="20240720 11:55:28.642"/>
</kw>
<kw name="Read Excel Cell" library="ExcelLibrary">
<var>${data}</var>
<arg>${rownum}</arg>
<arg>${colnum}</arg>
<doc>Returns content of a cell.</doc>
<msg timestamp="20240720 11:55:28.642" level="INFO">${data} = 200000010</msg>
<status status="PASS" starttime="20240720 11:55:28.642" endtime="20240720 11:55:28.642"/>
</kw>
<kw name="Close Current Excel Document" library="ExcelLibrary">
<doc>Closes current document.</doc>
<status status="PASS" starttime="20240720 11:55:28.642" endtime="20240720 11:55:28.642"/>
</kw>
<msg timestamp="20240720 11:55:28.642" level="INFO">${document} = 200000010</msg>
<status status="PASS" starttime="20240720 11:55:28.638" endtime="20240720 11:55:28.642"/>
</kw>
<kw name="Log To Console" library="BuiltIn">
<arg>${document}</arg>
<doc>Logs the given message to the console.</doc>
<status status="PASS" starttime="20240720 11:55:28.642" endtime="20240720 11:55:28.642"/>
</kw>
<kw name="Set Global Variable" library="BuiltIn">
<arg>${document}</arg>
<doc>Makes a variable available globally in all tests and suites.</doc>
<msg timestamp="20240720 11:55:28.642" level="INFO">${document} = 200000010</msg>
<status status="PASS" starttime="20240720 11:55:28.642" endtime="20240720 11:55:28.642"/>
</kw>
<kw name="Read Excel" library="Display_Document">
<var>${company_code}</var>
<arg>${symvar('vendor_excel_path')}</arg>
<arg>${symvar('sheet_name')}</arg>
<arg>${row_count}</arg>
<arg>10</arg>
<msg timestamp="20240720 11:55:28.642" level="INFO">Sym.Dev.vendor_excel_path: C:\RobotFramework\sap_testing\Tests\Resource\Vendar_Invoice.xlsx</msg>
<msg timestamp="20240720 11:55:28.642" level="INFO">Sym.Dev.sheet_name: INPUT</msg>
<kw name="Open Excel Document" library="ExcelLibrary">
<arg>${filepath}</arg>
<arg>1</arg>
<doc>Opens xlsx document file.</doc>
<status status="PASS" starttime="20240720 11:55:28.642" endtime="20240720 11:55:28.642"/>
</kw>
<kw name="Get Sheet" library="ExcelLibrary">
<arg>${sheetname}</arg>
<doc>Returns a page from the current document.</doc>
<status status="PASS" starttime="20240720 11:55:28.642" endtime="20240720 11:55:28.642"/>
</kw>
<kw name="Read Excel Cell" library="ExcelLibrary">
<var>${data}</var>
<arg>${rownum}</arg>
<arg>${colnum}</arg>
<doc>Returns content of a cell.</doc>
<msg timestamp="20240720 11:55:28.642" level="INFO">${data} = BCS1</msg>
<status status="PASS" starttime="20240720 11:55:28.642" endtime="20240720 11:55:28.642"/>
</kw>
<kw name="Close Current Excel Document" library="ExcelLibrary">
<doc>Closes current document.</doc>
<status status="PASS" starttime="20240720 11:55:28.642" endtime="20240720 11:55:28.642"/>
</kw>
<msg timestamp="20240720 11:55:28.642" level="INFO">${company_code} = BCS1</msg>
<status status="PASS" starttime="20240720 11:55:28.642" endtime="20240720 11:55:28.642"/>
</kw>
<kw name="Log To Console" library="BuiltIn">
<arg>${company_code}</arg>
<doc>Logs the given message to the console.</doc>
<status status="PASS" starttime="20240720 11:55:28.642" endtime="20240720 11:55:28.642"/>
</kw>
<kw name="Set Global Variable" library="BuiltIn">
<arg>${company_code}</arg>
<doc>Makes a variable available globally in all tests and suites.</doc>
<msg timestamp="20240720 11:55:28.642" level="INFO">${company_code} = BCS1</msg>
<status status="PASS" starttime="20240720 11:55:28.642" endtime="20240720 11:55:28.642"/>
</kw>
<kw name="Read Excel" library="Display_Document">
<var>${fiscal_year}</var>
<arg>${symvar('vendor_excel_path')}</arg>
<arg>${symvar('sheet_name')}</arg>
<arg>${row_count}</arg>
<arg>11</arg>
<msg timestamp="20240720 11:55:28.642" level="INFO">Sym.Dev.vendor_excel_path: C:\RobotFramework\sap_testing\Tests\Resource\Vendar_Invoice.xlsx</msg>
<msg timestamp="20240720 11:55:28.658" level="INFO">Sym.Dev.sheet_name: INPUT</msg>
<kw name="Open Excel Document" library="ExcelLibrary">
<arg>${filepath}</arg>
<arg>1</arg>
<doc>Opens xlsx document file.</doc>
<status status="PASS" starttime="20240720 11:55:28.658" endtime="20240720 11:55:28.663"/>
</kw>
<kw name="Get Sheet" library="ExcelLibrary">
<arg>${sheetname}</arg>
<doc>Returns a page from the current document.</doc>
<status status="PASS" starttime="20240720 11:55:28.663" endtime="20240720 11:55:28.663"/>
</kw>
<kw name="Read Excel Cell" library="ExcelLibrary">
<var>${data}</var>
<arg>${rownum}</arg>
<arg>${colnum}</arg>
<doc>Returns content of a cell.</doc>
<msg timestamp="20240720 11:55:28.663" level="INFO">${data} = 2024</msg>
<status status="PASS" starttime="20240720 11:55:28.663" endtime="20240720 11:55:28.663"/>
</kw>
<kw name="Close Current Excel Document" library="ExcelLibrary">
<doc>Closes current document.</doc>
<status status="PASS" starttime="20240720 11:55:28.663" endtime="20240720 11:55:28.663"/>
</kw>
<msg timestamp="20240720 11:55:28.663" level="INFO">${fiscal_year} = 2024</msg>
<status status="PASS" starttime="20240720 11:55:28.642" endtime="20240720 11:55:28.663"/>
</kw>
<kw name="Log To Console" library="BuiltIn">
<arg>${fiscal_year}</arg>
<doc>Logs the given message to the console.</doc>
<status status="PASS" starttime="20240720 11:55:28.663" endtime="20240720 11:55:28.663"/>
</kw>
<kw name="Set Global Variable" library="BuiltIn">
<arg>${fiscal_year}</arg>
<doc>Makes a variable available globally in all tests and suites.</doc>
<msg timestamp="20240720 11:55:28.663" level="INFO">${fiscal_year} = 2024</msg>
<status status="PASS" starttime="20240720 11:55:28.663" endtime="20240720 11:55:28.663"/>
</kw>
<kw name="Transaction code FB03" library="Display_Document">
<kw name="Input Text" library="CustomSapGuiLibrary">
<arg>wnd[0]/usr/txtRF05L-BELNR</arg>
<arg>${document}</arg>
<doc>Inserts the given text into the text field identified by locator.
Use keyword `input password` to insert a password in a text field.</doc>
<msg timestamp="20240720 11:55:28.673" level="INFO">Typing text '200000010' into text field 'wnd[0]/usr/txtRF05L-BELNR'.</msg>
<status status="PASS" starttime="20240720 11:55:28.663" endtime="20240720 11:55:28.673"/>
</kw>
<kw name="Sleep" library="BuiltIn">
<arg>2</arg>
<doc>Pauses the test executed for the given time.</doc>
<msg timestamp="20240720 11:55:30.674" level="INFO">Slept 2 seconds</msg>
<status status="PASS" starttime="20240720 11:55:28.673" endtime="20240720 11:55:30.674"/>
</kw>
<kw name="Input Text" library="CustomSapGuiLibrary">
<arg>wnd[0]/usr/ctxtRF05L-BUKRS</arg>
<arg>${company_code}</arg>
<doc>Inserts the given text into the text field identified by locator.
Use keyword `input password` to insert a password in a text field.</doc>
<msg timestamp="20240720 11:55:30.679" level="INFO">Typing text 'BCS1' into text field 'wnd[0]/usr/ctxtRF05L-BUKRS'.</msg>
<status status="PASS" starttime="20240720 11:55:30.674" endtime="20240720 11:55:30.679"/>
</kw>
<kw name="Sleep" library="BuiltIn">
<arg>2</arg>
<doc>Pauses the test executed for the given time.</doc>
<msg timestamp="20240720 11:55:32.679" level="INFO">Slept 2 seconds</msg>
<status status="PASS" starttime="20240720 11:55:30.679" endtime="20240720 11:55:32.679"/>
</kw>
<kw name="Input Text" library="CustomSapGuiLibrary">
<arg>wnd[0]/usr/txtRF05L-GJAHR</arg>
<arg>${fiscal_year}</arg>
<doc>Inserts the given text into the text field identified by locator.
Use keyword `input password` to insert a password in a text field.</doc>
<msg timestamp="20240720 11:55:32.684" level="INFO">Typing text '2024' into text field 'wnd[0]/usr/txtRF05L-GJAHR'.</msg>
<status status="PASS" starttime="20240720 11:55:32.679" endtime="20240720 11:55:32.684"/>
</kw>
<kw name="Sleep" library="BuiltIn">
<arg>2</arg>
<doc>Pauses the test executed for the given time.</doc>
<msg timestamp="20240720 11:55:34.684" level="INFO">Slept 2 seconds</msg>
<status status="PASS" starttime="20240720 11:55:32.684" endtime="20240720 11:55:34.684"/>
</kw>
<kw name="Send Vkey" library="CustomSapGuiLibrary">
<arg>0</arg>
<doc>Sends a SAP virtual key combination to the window, not into an element.
If you want to send a value to a text field, use `input text` instead.</doc>
<status status="PASS" starttime="20240720 11:55:34.684" endtime="20240720 11:55:35.425"/>
</kw>
<kw name="Sleep" library="BuiltIn">
<arg>5</arg>
<doc>Pauses the test executed for the given time.</doc>
<msg timestamp="20240720 11:55:40.425" level="INFO">Slept 5 seconds</msg>
<status status="PASS" starttime="20240720 11:55:35.425" endtime="20240720 11:55:40.425"/>
</kw>
<kw name="Click Element" library="CustomSapGuiLibrary">
<arg>wnd[0]/tbar[0]/btn[3]</arg>
<doc>Performs a single click on a given element. Used only for buttons, tabs and menu items.</doc>
<status status="PASS" starttime="20240720 11:55:40.425" endtime="20240720 11:55:40.676"/>
</kw>
<kw name="Sleep" library="BuiltIn">
<arg>5</arg>
<doc>Pauses the test executed for the given time.</doc>
<msg timestamp="20240720 11:55:45.676" level="INFO">Slept 5 seconds</msg>
<status status="PASS" starttime="20240720 11:55:40.676" endtime="20240720 11:55:45.676"/>
</kw>
<status status="PASS" starttime="20240720 11:55:28.663" endtime="20240720 11:55:45.676"/>
</kw>
<status status="PASS" starttime="20240720 11:55:28.638" endtime="20240720 11:55:45.676"/>
</iter>
<status status="PASS" starttime="20240720 11:54:53.835" endtime="20240720 11:55:45.676"/>
</for>
<status status="PASS" starttime="20240720 11:54:47.647" endtime="20240720 11:55:45.676"/>
</kw>
<tag>Vendor_doc</tag>
<status status="PASS" starttime="20240720 11:54:47.647" endtime="20240720 11:55:45.676"/>
</test>
<kw name="SAP Logout" library="Display_Document" type="TEARDOWN">
<kw name="Run Transaction" library="CustomSapGuiLibrary">
<arg>/nex</arg>
<doc>Runs a Sap transaction. An error is given when an unknown transaction is specified.</doc>
<status status="PASS" starttime="20240720 11:55:45.679" endtime="20240720 11:55:46.026"/>
</kw>
<kw name="Sleep" library="BuiltIn">
<arg>5</arg>
<doc>Pauses the test executed for the given time.</doc>
<msg timestamp="20240720 11:55:51.027" level="INFO">Slept 5 seconds</msg>
<status status="PASS" starttime="20240720 11:55:46.026" endtime="20240720 11:55:51.027"/>
</kw>
<status status="PASS" starttime="20240720 11:55:45.679" endtime="20240720 11:55:51.027"/>
</kw>
<status status="PASS" starttime="20240720 11:54:21.492" endtime="20240720 11:55:51.027"/>
</suite>
<doc>Testing functionality through Robot Framework</doc>
<meta name="environment">Dev</meta>
<meta name="test_browser_name">chrome</meta>
<meta name="test_browser_version">126.0.6478.128</meta>
<meta name="test_driver_version">126.0.6478.182 </meta>
<meta name="test_environment">Dev</meta>
<meta name="test_freeze_dependencies">astroid==3.2.3,attrs==23.2.0,beautifulsoup4==4.12.3,bs4==0.0.2,certifi==2024.7.4,cffi==1.16.0,chardet==5.2.0,charset-normalizer==3.3.2,click==8.1.7,colorama==0.4.6,cryptography==42.0.8,defusedxml==0.7.1,dill==0.3.8,docutils==0.21.2,et-xmlfile==1.1.0,ExcelLib==0.0.1b2,exceptiongroup==1.2.2,gitdb==4.0.11,GitPython==3.1.43,h11==0.14.0,idna==3.7,isort==5.13.2,Jinja2==3.1.4,jira==3.8.0,jsonpath-ng==1.6.1,jsonschema==4.23.0,jsonschema-specifications==2023.12.1,lazy-object-proxy==1.10.0,lxml==5.2.2,markdown-it-py==3.0.0,MarkupSafe==2.1.5,mccabe==0.7.0,mdurl==0.1.2,natsort==8.4.0,numpy==2.0.0,oauthlib==3.2.2,openpyxl==3.1.5,outcome==1.3.0.post0,packaging==24.1,pandas==2.2.2,pathspec==0.11.2,pillow==10.4.0,pip==24.1.2,platformdirs==4.2.2,ply==3.11,pycparser==2.22,Pygments==2.18.0,pylint==3.2.5,PySocks==1.7.1,python-dateutil==2.9.0.post0,pytz==2024.1,pywin32==306,PyYAML==6.0.1,referencing==0.35.1,requests==2.32.3,requests-oauthlib==2.0.0,requests-toolbelt==1.0.0,rich==13.7.1,rich-click==1.6.1,robotframework==6.0.2,robotframework-datadriver==1.9.0,robotframework-excellib==2.0.1,robotframework-jsonlibrary==0.5,robotframework-pabot==2.16.0,robotframework-pythonlibcore==4.2.0,robotframework-requests==0.9.2,robotframework-sapguilibrary==1.1,robotframework-seleniumlibrary==5.1.3,robotframework-stacktrace==0.4.1,robotframework-tidy==4.5.0,rpds-py==0.19.0,selenium==4.9.1,setuptools==71.0.2,six==1.16.0,smmap==5.0.1,sniffio==1.3.1,sortedcontainers==2.4.0,soupsieve==2.5,tomli==2.0.1,tomlkit==0.13.0,trio==0.26.0,trio-websocket==0.11.1,typing_extensions==4.12.2,tzdata==2024.1,urllib3==2.2.2,wheel==0.43.0,wrapt==1.16.0,wsproto==1.2.0,xlrd==2.0.1,XlsxWriter==3.2.0</meta>
<status status="PASS" starttime="20240720 11:54:17.970" endtime="20240720 11:55:51.059"/>
</suite>
<statistics>
<total>
<stat pass="1" fail="0" skip="0">All Tests</stat>
</total>
<tag>
<stat pass="1" fail="0" skip="0">Vendor_doc</stat>
</tag>
<suite>
<stat pass="1" fail="0" skip="0" id="s1" name="Tests">Tests</stat>
<stat pass="1" fail="0" skip="0" id="s1-s1" name="Test Display Document">Tests.Test Display Document</stat>
</suite>
</statistics>
<errors>
</errors>
</robot>
