<?xml version="1.0" encoding="UTF-8"?>
<robot generator="Robot 6.0.2 (Python 3.12.1 on win32)" generated="20240711 18:33:58.997" rpa="false" schemaversion="3">
<suite id="s1" name="Tests" source="C:\SAP_Testing\SAPtesting\Tests">
<kw name="Setup highest level suite" type="SETUP">
<kw name="Set Variable" library="BuiltIn">
<var>${d.test_server}</var>
<arg>${test_server}</arg>
<doc>Returns the given values which can then be assigned to a variables.</doc>
<msg timestamp="20240711 18:33:59.670" level="INFO">${d.test_server} = Dev</msg>
<status status="PASS" starttime="20240711 18:33:59.669" endtime="20240711 18:33:59.670"/>
</kw>
<kw name="Reset screenshot count variable" library="Support">
<kw name="Set Variable" library="BuiltIn">
<var>${screenshotCount}</var>
<arg>${PABOTQUEUEINDEX}_1</arg>
<doc>Returns the given values which can then be assigned to a variables.</doc>
<msg timestamp="20240711 18:33:59.670" level="INFO">${screenshotCount} = 0_1</msg>
<status status="PASS" starttime="20240711 18:33:59.670" endtime="20240711 18:33:59.670"/>
</kw>
<kw name="Set Global Variable" library="BuiltIn">
<arg>${screenshotCount}</arg>
<doc>Makes a variable available globally in all tests and suites.</doc>
<msg timestamp="20240711 18:33:59.671" level="INFO">${screenshotCount} = 0_1</msg>
<status status="PASS" starttime="20240711 18:33:59.671" endtime="20240711 18:33:59.671"/>
</kw>
<kw name="Set up screenshot directory" library="Support">
<kw name="Create Directory" library="OperatingSystem">
<arg>${OUTPUTDIR}${/}${wvar('screenshot_dir')}</arg>
<doc>Creates the specified directory.</doc>
<msg timestamp="20240711 18:33:59.672" level="INFO">Web.Dev.screenshot_dir: Screenshot</msg>
<msg timestamp="20240711 18:33:59.677" level="INFO" html="true">Created directory '&lt;a href="file://C:\SAP_Testing\SAPtesting\Output\pabot_results\0\Screenshot"&gt;C:\SAP_Testing\SAPtesting\Output\pabot_results\0\Screenshot&lt;/a&gt;'.</msg>
<status status="PASS" starttime="20240711 18:33:59.671" endtime="20240711 18:33:59.677"/>
</kw>
<status status="PASS" starttime="20240711 18:33:59.671" endtime="20240711 18:33:59.678"/>
</kw>
<status status="PASS" starttime="20240711 18:33:59.670" endtime="20240711 18:33:59.678"/>
</kw>
<kw name="Set Global Variable" library="BuiltIn">
<arg>${screenshot_taking}</arg>
<arg>${True}</arg>
<doc>Makes a variable available globally in all tests and suites.</doc>
<msg timestamp="20240711 18:33:59.678" level="INFO">${screenshot_taking} = True</msg>
<status status="PASS" starttime="20240711 18:33:59.678" endtime="20240711 18:33:59.678"/>
</kw>
<kw name="Setup linux execution" library="Support">
<kw name="Run Keyword And Return Status" library="BuiltIn">
<var>${web_test_check}</var>
<arg>Variable Should Exist</arg>
<arg>${web_test}</arg>
<doc>Runs the given keyword with given arguments and returns the status as a Boolean value.</doc>
<kw name="Variable Should Exist" library="BuiltIn">
<arg>${web_test}</arg>
<doc>Fails unless the given variable exists within the current scope.</doc>
<status status="PASS" starttime="20240711 18:33:59.679" endtime="20240711 18:33:59.679"/>
</kw>
<msg timestamp="20240711 18:33:59.679" level="INFO">${web_test_check} = True</msg>
<status status="PASS" starttime="20240711 18:33:59.679" endtime="20240711 18:33:59.679"/>
</kw>
<kw name="Run Keyword If" library="BuiltIn">
<arg>${web_test_check}</arg>
<arg>Setup Docker Execution Options</arg>
<doc>Runs the given keyword with the given arguments, if ``condition`` is true.</doc>
<kw name="Setup Docker Execution Options" library="Support_Web">
<kw name="Setup Suite Metadata" library="Support_Web">
<arg>${browser}</arg>
<kw name="Get Browser Metadata" library="BrowserSupport">
<var>&amp;{browser_information}</var>
<arg>browser=${browser}</arg>
<doc>Fetches browser metadata information
:param browser: Name of the browser for which information is fetched
:param reload: Re-read the metadata based on the browser
:return: Browser metadata information, dict of format
            {"browser_version": browser version value,
             "driver_version": driver version value}</doc>
<msg timestamp="20240711 18:34:02.754" level="INFO">&amp;{browser_information} = { browser_version=126.0.6478.127 | driver_version=125.0.6422.141  }</msg>
<status status="PASS" starttime="20240711 18:33:59.680" endtime="20240711 18:34:02.754"/>
</kw>
<kw name="Set Suite Metadata" library="BuiltIn">
<arg>test_browser_name</arg>
<arg>${browser}</arg>
<doc>Sets metadata for the current test suite.</doc>
<msg timestamp="20240711 18:34:02.754" level="INFO">Set suite metadata 'test_browser_name' to value 'chrome'.</msg>
<status status="PASS" starttime="20240711 18:34:02.754" endtime="20240711 18:34:02.754"/>
</kw>
<kw name="Set Suite Metadata" library="BuiltIn">
<arg>test_browser_version</arg>
<arg>${browser_information.browser_version}</arg>
<doc>Sets metadata for the current test suite.</doc>
<msg timestamp="20240711 18:34:02.754" level="INFO">Set suite metadata 'test_browser_version' to value '126.0.6478.127'.</msg>
<status status="PASS" starttime="20240711 18:34:02.754" endtime="20240711 18:34:02.754"/>
</kw>
<kw name="Set Suite Metadata" library="BuiltIn">
<arg>test_driver_version</arg>
<arg>${browser_information.driver_version}</arg>
<doc>Sets metadata for the current test suite.</doc>
<msg timestamp="20240711 18:34:02.754" level="INFO">Set suite metadata 'test_driver_version' to value '125.0.6422.141 '.</msg>
<status status="PASS" starttime="20240711 18:34:02.754" endtime="20240711 18:34:02.754"/>
</kw>
<status status="PASS" starttime="20240711 18:33:59.680" endtime="20240711 18:34:02.754"/>
</kw>
<kw name="Setup Global Docker Execution Options" library="Support_Web">
<kw name="Set Global Variable" library="BuiltIn">
<arg>${global_browser_options}</arg>
<arg>None</arg>
<doc>Makes a variable available globally in all tests and suites.</doc>
<msg timestamp="20240711 18:34:02.754" level="INFO">${global_browser_options} = None</msg>
<status status="PASS" starttime="20240711 18:34:02.754" endtime="20240711 18:34:02.754"/>
</kw>
<kw name="Get Environment Variable" library="OperatingSystem">
<var>${docker_check}</var>
<arg>EXECUTION_ENVIRONMENT</arg>
<arg>not_found</arg>
<doc>Returns the value of an environment variable with the given name.</doc>
<msg timestamp="20240711 18:34:02.754" level="INFO">${docker_check} = not_found</msg>
<status status="PASS" starttime="20240711 18:34:02.754" endtime="20240711 18:34:02.754"/>
</kw>
<kw name="Run Keyword And Return If" library="BuiltIn">
<arg>"${docker_check}"!="docker"</arg>
<arg>Log</arg>
<arg>Not executing on Docker</arg>
<doc>Runs the specified keyword and returns from the enclosing user keyword.</doc>
<kw name="Log" library="BuiltIn">
<arg>Not executing on Docker</arg>
<doc>Logs the given message with the given level.</doc>
<msg timestamp="20240711 18:34:02.754" level="INFO">Not executing on Docker</msg>
<status status="PASS" starttime="20240711 18:34:02.754" endtime="20240711 18:34:02.754"/>
</kw>
<msg timestamp="20240711 18:34:02.754" level="INFO">Returning from the enclosing user keyword.</msg>
<status status="PASS" starttime="20240711 18:34:02.754" endtime="20240711 18:34:02.754"/>
</kw>
<kw name="Create List" library="BuiltIn">
<var>@{options}</var>
<arg>--headless</arg>
<arg>--no-sandbox</arg>
<arg>--disable-dev-shm-usage</arg>
<doc>Returns a list containing given items.</doc>
<status status="NOT RUN" starttime="20240711 18:34:02.754" endtime="20240711 18:34:02.754"/>
</kw>
<kw name="Set Global Variable" library="BuiltIn">
<arg>@{docker_options}</arg>
<arg>@{options}</arg>
<doc>Makes a variable available globally in all tests and suites.</doc>
<status status="NOT RUN" starttime="20240711 18:34:02.754" endtime="20240711 18:34:02.754"/>
</kw>
<status status="PASS" starttime="20240711 18:34:02.754" endtime="20240711 18:34:02.754"/>
</kw>
<kw name="Create Webdriver for chrome preferences" library="Support_Web">
<kw name="Update Docker Execution Options" library="Support_Web">
<var>${list_prefs}</var>
<arg>${list_prefs}</arg>
<kw name="Run Keyword And Return Status" library="BuiltIn">
<var>${docker_check}</var>
<arg>Variable Should Exist</arg>
<arg>${docker_options}</arg>
<doc>Runs the given keyword with given arguments and returns the status as a Boolean value.</doc>
<kw name="Variable Should Exist" library="BuiltIn">
<arg>${docker_options}</arg>
<doc>Fails unless the given variable exists within the current scope.</doc>
<msg timestamp="20240711 18:34:02.754" level="FAIL">Variable '${docker_options}' does not exist.</msg>
<status status="FAIL" starttime="20240711 18:34:02.754" endtime="20240711 18:34:02.754"/>
</kw>
<msg timestamp="20240711 18:34:02.754" level="INFO">${docker_check} = False</msg>
<status status="PASS" starttime="20240711 18:34:02.754" endtime="20240711 18:34:02.754"/>
</kw>
<kw name="Get Length" library="BuiltIn">
<var>${list_prefs_length}</var>
<arg>${list_prefs}</arg>
<doc>Returns and logs the length of the given item as an integer.</doc>
<msg timestamp="20240711 18:34:02.754" level="INFO">Length is 1</msg>
<msg timestamp="20240711 18:34:02.754" level="INFO">${list_prefs_length} = 1</msg>
<status status="PASS" starttime="20240711 18:34:02.754" endtime="20240711 18:34:02.754"/>
</kw>
<kw name="Run Keyword If" library="BuiltIn">
<var>${list_prefs}</var>
<arg>${docker_check} and ${list_prefs_length}&gt;0 and ${list_prefs}[0] != []</arg>
<arg>Combine Lists</arg>
<arg>${list_prefs}</arg>
<arg>${docker_options}</arg>
<arg>ELSE IF</arg>
<arg>${docker_check}</arg>
<arg>Set Variable</arg>
<arg>${docker_options}</arg>
<arg>ELSE</arg>
<arg>Set Variable</arg>
<arg>${list_prefs}</arg>
<doc>Runs the given keyword with the given arguments, if ``condition`` is true.</doc>
<kw name="Set Variable" library="BuiltIn">
<arg>${list_prefs}</arg>
<doc>Returns the given values which can then be assigned to a variables.</doc>
<status status="PASS" starttime="20240711 18:34:02.754" endtime="20240711 18:34:02.754"/>
</kw>
<msg timestamp="20240711 18:34:02.754" level="INFO">${list_prefs} = [[]]</msg>
<status status="PASS" starttime="20240711 18:34:02.754" endtime="20240711 18:34:02.754"/>
</kw>
<msg timestamp="20240711 18:34:02.754" level="INFO">${list_prefs} = [[]]</msg>
<status status="PASS" starttime="20240711 18:34:02.754" endtime="20240711 18:34:02.754"/>
</kw>
<kw name="Create Chrome Options for download preferences" library="Support_Web">
<var>${chrome_options}</var>
<kw name="Evaluate" library="BuiltIn">
<var>${chrome_options}</var>
<arg>sys.modules['selenium.webdriver'].ChromeOptions()</arg>
<arg>sys</arg>
<doc>Evaluates the given expression in Python and returns the result.</doc>
<msg timestamp="20240711 18:34:02.754" level="INFO">${chrome_options} = &lt;selenium.webdriver.chrome.options.Options object at 0x000001B899536AB0&gt;</msg>
<status status="PASS" starttime="20240711 18:34:02.754" endtime="20240711 18:34:02.754"/>
</kw>
<msg timestamp="20240711 18:34:02.754" level="INFO">${chrome_options} = &lt;selenium.webdriver.chrome.options.Options object at 0x000001B899536AB0&gt;</msg>
<status status="PASS" starttime="20240711 18:34:02.754" endtime="20240711 18:34:02.754"/>
</kw>
<kw name="Update Preferences List" library="Support_Web">
<arg>${chrome_options}</arg>
<arg>@{list_prefs}</arg>
<kw name="Convert To String" library="BuiltIn">
<var>${string_prefs}</var>
<arg>${list_prefs}</arg>
<doc>Converts the given item to a Unicode string.</doc>
<msg timestamp="20240711 18:34:02.754" level="INFO">${string_prefs} = [[]]</msg>
<status status="PASS" starttime="20240711 18:34:02.754" endtime="20240711 18:34:02.754"/>
</kw>
<kw name="Return From Keyword If" library="BuiltIn">
<arg>${string_prefs} == [[]]</arg>
<doc>Returns from the enclosing user keyword if ``condition`` is true.</doc>
<msg timestamp="20240711 18:34:02.754" level="INFO">Returning from the enclosing user keyword.</msg>
<status status="PASS" starttime="20240711 18:34:02.754" endtime="20240711 18:34:02.754"/>
</kw>
<for flavor="IN">
<var>${preference}</var>
<value>@{list_prefs}</value>
<iter>
<var name="${preference}"/>
<kw name="Call Method" library="BuiltIn">
<arg>${chrome_options}</arg>
<arg>add_argument</arg>
<arg>${preference}</arg>
<doc>Calls the named method of the given object with the provided arguments.</doc>
<status status="NOT RUN" starttime="20240711 18:34:02.754" endtime="20240711 18:34:02.754"/>
</kw>
<status status="NOT RUN" starttime="20240711 18:34:02.754" endtime="20240711 18:34:02.754"/>
</iter>
<status status="NOT RUN" starttime="20240711 18:34:02.754" endtime="20240711 18:34:02.754"/>
</for>
<status status="PASS" starttime="20240711 18:34:02.754" endtime="20240711 18:34:02.754"/>
</kw>
<kw name="Call Method" library="BuiltIn">
<arg>${chrome_options}</arg>
<arg>add_experimental_option</arg>
<arg>prefs</arg>
<arg>${kw_prefs}</arg>
<doc>Calls the named method of the given object with the provided arguments.</doc>
<status status="PASS" starttime="20240711 18:34:02.754" endtime="20240711 18:34:02.754"/>
</kw>
<kw name="Set Global Variable" library="BuiltIn">
<arg>${global_browser_options}</arg>
<arg>${chrome options}</arg>
<doc>Makes a variable available globally in all tests and suites.</doc>
<msg timestamp="20240711 18:34:02.754" level="INFO">${global_browser_options} = &lt;selenium.webdriver.chrome.options.Options object at 0x000001B899536AB0&gt;</msg>
<status status="PASS" starttime="20240711 18:34:02.754" endtime="20240711 18:34:02.754"/>
</kw>
<status status="PASS" starttime="20240711 18:34:02.754" endtime="20240711 18:34:02.754"/>
</kw>
<status status="PASS" starttime="20240711 18:33:59.679" endtime="20240711 18:34:02.754"/>
</kw>
<status status="PASS" starttime="20240711 18:33:59.679" endtime="20240711 18:34:02.754"/>
</kw>
<status status="PASS" starttime="20240711 18:33:59.678" endtime="20240711 18:34:02.754"/>
</kw>
<kw name="Set Suite Metadata" library="BuiltIn">
<arg>environment</arg>
<arg>${test_server}</arg>
<doc>Sets metadata for the current test suite.</doc>
<msg timestamp="20240711 18:34:02.754" level="INFO">Set suite metadata 'environment' to value 'Dev'.</msg>
<status status="PASS" starttime="20240711 18:34:02.754" endtime="20240711 18:34:02.754"/>
</kw>
<status status="PASS" starttime="20240711 18:33:59.669" endtime="20240711 18:34:02.754"/>
</kw>
<suite id="s1-s1" name="Test Addon" source="C:\SAP_Testing\SAPtesting\Tests\Test_Addon.robot">
<kw name="System Logon" library="Addon" type="SETUP">
<kw name="Start Process" library="Process">
<arg>${symvar('EXE_PAD')}</arg>
<doc>Starts a new process on background.</doc>
<msg timestamp="20240711 18:34:02.823" level="INFO">Sym.Dev.EXE_PAD: C:\Program Files\SAP\FrontEnd\SAPGUI\saplogon.exe</msg>
<msg timestamp="20240711 18:34:02.823" level="INFO">Starting process:
"C:\Program Files\SAP\FrontEnd\SAPGUI\saplogon.exe"</msg>
<status status="PASS" starttime="20240711 18:34:02.823" endtime="20240711 18:34:02.823"/>
</kw>
<kw name="Sleep" library="BuiltIn">
<arg>5s</arg>
<doc>Pauses the test executed for the given time.</doc>
<msg timestamp="20240711 18:34:07.823" level="INFO">Slept 5 seconds</msg>
<status status="PASS" starttime="20240711 18:34:02.823" endtime="20240711 18:34:07.823"/>
</kw>
<kw name="Connect To Session" library="CustomSapGuiLibrary">
<doc>Connects to an open session SAP.</doc>
<status status="PASS" starttime="20240711 18:34:07.823" endtime="20240711 18:34:07.823"/>
</kw>
<kw name="Sleep" library="BuiltIn">
<arg>5</arg>
<doc>Pauses the test executed for the given time.</doc>
<msg timestamp="20240711 18:34:12.824" level="INFO">Slept 5 seconds</msg>
<status status="PASS" starttime="20240711 18:34:07.823" endtime="20240711 18:34:12.824"/>
</kw>
<kw name="Open Connection" library="CustomSapGuiLibrary">
<arg>${symvar('Connection_Name')}</arg>
<doc>Opens a connection to the given connection name. Be sure to provide the full connection name, including the bracket part.</doc>
<msg timestamp="20240711 18:34:12.824" level="INFO">Sym.Dev.Connection_Name: RBT</msg>
<status status="PASS" starttime="20240711 18:34:12.824" endtime="20240711 18:34:13.301"/>
</kw>
<kw name="Sleep" library="BuiltIn">
<arg>5</arg>
<doc>Pauses the test executed for the given time.</doc>
<msg timestamp="20240711 18:34:18.302" level="INFO">Slept 5 seconds</msg>
<status status="PASS" starttime="20240711 18:34:13.301" endtime="20240711 18:34:18.302"/>
</kw>
<kw name="Input Text" library="CustomSapGuiLibrary">
<arg>wnd[0]/usr/txtRSYST-MANDT</arg>
<arg>${symvar('SAP_CLIENT')}</arg>
<doc>Inserts the given text into the text field identified by locator.
Use keyword `input password` to insert a password in a text field.</doc>
<msg timestamp="20240711 18:34:18.302" level="INFO">Sym.Dev.SAP_CLIENT: 000</msg>
<msg timestamp="20240711 18:34:18.302" level="INFO">Typing text '000' into text field 'wnd[0]/usr/txtRSYST-MANDT'.</msg>
<status status="PASS" starttime="20240711 18:34:18.302" endtime="20240711 18:34:18.302"/>
</kw>
<kw name="Sleep" library="BuiltIn">
<arg>1</arg>
<doc>Pauses the test executed for the given time.</doc>
<msg timestamp="20240711 18:34:19.303" level="INFO">Slept 1 second</msg>
<status status="PASS" starttime="20240711 18:34:18.302" endtime="20240711 18:34:19.303"/>
</kw>
<kw name="Input Text" library="CustomSapGuiLibrary">
<arg>wnd[0]/usr/txtRSYST-BNAME</arg>
<arg>${symvar('SAP_USER')}</arg>
<doc>Inserts the given text into the text field identified by locator.
Use keyword `input password` to insert a password in a text field.</doc>
<msg timestamp="20240711 18:34:19.303" level="INFO">Sym.Dev.SAP_USER: DDIC</msg>
<msg timestamp="20240711 18:34:19.303" level="INFO">Typing text 'DDIC' into text field 'wnd[0]/usr/txtRSYST-BNAME'.</msg>
<status status="PASS" starttime="20240711 18:34:19.303" endtime="20240711 18:34:19.303"/>
</kw>
<kw name="Sleep" library="BuiltIn">
<arg>1</arg>
<doc>Pauses the test executed for the given time.</doc>
<msg timestamp="20240711 18:34:20.303" level="INFO">Slept 1 second</msg>
<status status="PASS" starttime="20240711 18:34:19.303" endtime="20240711 18:34:20.303"/>
</kw>
<kw name="Input Password" library="CustomSapGuiLibrary">
<arg>wnd[0]/usr/pwdRSYST-BCODE</arg>
<arg>Sym@rocks2023</arg>
<doc>Inserts the given password into the text field identified by locator.
The password is not recorded in the log.</doc>
<msg timestamp="20240711 18:34:20.303" level="INFO">Typing password into text field 'wnd[0]/usr/pwdRSYST-BCODE'.</msg>
<status status="PASS" starttime="20240711 18:34:20.303" endtime="20240711 18:34:20.303"/>
</kw>
<kw name="Sleep" library="BuiltIn">
<arg>2</arg>
<doc>Pauses the test executed for the given time.</doc>
<msg timestamp="20240711 18:34:22.304" level="INFO">Slept 2 seconds</msg>
<status status="PASS" starttime="20240711 18:34:20.303" endtime="20240711 18:34:22.304"/>
</kw>
<kw name="Send Vkey" library="CustomSapGuiLibrary">
<arg>0</arg>
<doc>Sends a SAP virtual key combination to the window, not into an element.
If you want to send a value to a text field, use `input text` instead.</doc>
<status status="PASS" starttime="20240711 18:34:22.304" endtime="20240711 18:34:22.526"/>
</kw>
<kw name="Sleep" library="BuiltIn">
<arg>5</arg>
<doc>Pauses the test executed for the given time.</doc>
<msg timestamp="20240711 18:34:27.526" level="INFO">Slept 5 seconds</msg>
<status status="PASS" starttime="20240711 18:34:22.526" endtime="20240711 18:34:27.526"/>
</kw>
<kw name="Take Screenshot" library="CustomSapGuiLibrary">
<arg>01_loginpage.jpg</arg>
<doc>Takes a screenshot, only if 'screenshots on error' has been enabled,
either at import of with keyword `enable screenshots on error`.</doc>
<msg timestamp="20240711 18:34:27.616" level="INFO" html="true">&lt;a href="01_loginpage.jpg"&gt;&lt;img src="01_loginpage.jpg" width="800px"&gt;&lt;/a&gt;</msg>
<status status="PASS" starttime="20240711 18:34:27.526" endtime="20240711 18:34:27.616"/>
</kw>
<kw name="Multiple Logon Handling" library="CustomSapGuiLibrary">
<arg>wnd[1]</arg>
<arg>wnd[1]/usr/radMULTI_LOGON_OPT2</arg>
<arg>wnd[1]/tbar[0]/btn[0]</arg>
<msg timestamp="20240711 18:34:27.909" level="INFO">Multiple logon exists</msg>
<status status="PASS" starttime="20240711 18:34:27.617" endtime="20240711 18:34:27.909"/>
</kw>
<kw name="Sleep" library="BuiltIn">
<arg>1</arg>
<doc>Pauses the test executed for the given time.</doc>
<msg timestamp="20240711 18:34:28.910" level="INFO">Slept 1 second</msg>
<status status="PASS" starttime="20240711 18:34:27.909" endtime="20240711 18:34:28.910"/>
</kw>
<status status="PASS" starttime="20240711 18:34:02.823" endtime="20240711 18:34:28.910"/>
</kw>
<test id="s1-s1-t1" name="Check_Saint Transation Code" line="9">
<kw name="Saint Transation Code" library="Addon">
<kw name="Run Transaction" library="CustomSapGuiLibrary">
<arg>Saint</arg>
<doc>Runs a Sap transaction. An error is given when an unknown transaction is specified.</doc>
<status status="PASS" starttime="20240711 18:34:28.910" endtime="20240711 18:34:29.067"/>
</kw>
<kw name="Sleep" library="BuiltIn">
<arg>2</arg>
<doc>Pauses the test executed for the given time.</doc>
<msg timestamp="20240711 18:34:31.067" level="INFO">Slept 2 seconds</msg>
<status status="PASS" starttime="20240711 18:34:29.067" endtime="20240711 18:34:31.067"/>
</kw>
<kw name="Take Screenshot" library="CustomSapGuiLibrary">
<arg>02_saintfrontpage.jpg</arg>
<doc>Takes a screenshot, only if 'screenshots on error' has been enabled,
either at import of with keyword `enable screenshots on error`.</doc>
<msg timestamp="20240711 18:34:31.114" level="INFO" html="true">&lt;a href="02_saintfrontpage.jpg"&gt;&lt;img src="02_saintfrontpage.jpg" width="800px"&gt;&lt;/a&gt;</msg>
<status status="PASS" starttime="20240711 18:34:31.067" endtime="20240711 18:34:31.114"/>
</kw>
<kw name="Sleep" library="BuiltIn">
<arg>1</arg>
<doc>Pauses the test executed for the given time.</doc>
<msg timestamp="20240711 18:34:32.115" level="INFO">Slept 1 second</msg>
<status status="PASS" starttime="20240711 18:34:31.114" endtime="20240711 18:34:32.115"/>
</kw>
<kw name="Get Maintenance Certificate Text" library="CustomSapGuiLibrary">
<arg>${certificate_id}</arg>
<msg timestamp="20240711 18:34:32.115" level="INFO">License available to proceed further</msg>
<status status="PASS" starttime="20240711 18:34:32.115" endtime="20240711 18:34:32.115"/>
</kw>
<kw name="Take Screenshot" library="CustomSapGuiLibrary">
<arg>03_certificate.jpg</arg>
<doc>Takes a screenshot, only if 'screenshots on error' has been enabled,
either at import of with keyword `enable screenshots on error`.</doc>
<msg timestamp="20240711 18:34:32.164" level="INFO" html="true">&lt;a href="03_certificate.jpg"&gt;&lt;img src="03_certificate.jpg" width="800px"&gt;&lt;/a&gt;</msg>
<status status="PASS" starttime="20240711 18:34:32.115" endtime="20240711 18:34:32.164"/>
</kw>
<kw name="Sleep" library="BuiltIn">
<arg>5</arg>
<doc>Pauses the test executed for the given time.</doc>
<msg timestamp="20240711 18:34:37.165" level="INFO">Slept 5 seconds</msg>
<status status="PASS" starttime="20240711 18:34:32.164" endtime="20240711 18:34:37.165"/>
</kw>
<kw name="Click Element" library="CustomSapGuiLibrary">
<arg>wnd[0]/mbar/menu[0]/menu[0]/menu[1]</arg>
<doc>Performs a single click on a given element. Used only for buttons, tabs and menu items.</doc>
<status status="PASS" starttime="20240711 18:34:37.165" endtime="20240711 18:34:37.372"/>
</kw>
<kw name="Sleep" library="BuiltIn">
<arg>3</arg>
<doc>Pauses the test executed for the given time.</doc>
<msg timestamp="20240711 18:34:40.372" level="INFO">Slept 3 seconds</msg>
<status status="PASS" starttime="20240711 18:34:37.372" endtime="20240711 18:34:40.372"/>
</kw>
<kw name="Click Element" library="CustomSapGuiLibrary">
<arg>wnd[1]/usr/btnBUTTON_1</arg>
<doc>Performs a single click on a given element. Used only for buttons, tabs and menu items.</doc>
<status status="PASS" starttime="20240711 18:34:40.372" endtime="20240711 18:34:40.598"/>
</kw>
<kw name="Sleep" library="BuiltIn">
<arg>3</arg>
<doc>Pauses the test executed for the given time.</doc>
<msg timestamp="20240711 18:34:43.598" level="INFO">Slept 3 seconds</msg>
<status status="PASS" starttime="20240711 18:34:40.598" endtime="20240711 18:34:43.598"/>
</kw>
<kw name="Click Element" library="CustomSapGuiLibrary">
<arg>wnd[0]/tbar[0]/btn[3]</arg>
<doc>Performs a single click on a given element. Used only for buttons, tabs and menu items.</doc>
<status status="PASS" starttime="20240711 18:34:43.598" endtime="20240711 18:34:43.726"/>
</kw>
<kw name="Sleep" library="BuiltIn">
<arg>3</arg>
<doc>Pauses the test executed for the given time.</doc>
<msg timestamp="20240711 18:34:46.726" level="INFO">Slept 3 seconds</msg>
<status status="PASS" starttime="20240711 18:34:43.726" endtime="20240711 18:34:46.726"/>
</kw>
<kw name="Take Screenshot" library="CustomSapGuiLibrary">
<arg>04_Saint1.jpg</arg>
<doc>Takes a screenshot, only if 'screenshots on error' has been enabled,
either at import of with keyword `enable screenshots on error`.</doc>
<msg timestamp="20240711 18:34:46.773" level="INFO" html="true">&lt;a href="04_Saint1.jpg"&gt;&lt;img src="04_Saint1.jpg" width="800px"&gt;&lt;/a&gt;</msg>
<status status="PASS" starttime="20240711 18:34:46.726" endtime="20240711 18:34:46.773"/>
</kw>
<kw name="Click Element" library="CustomSapGuiLibrary">
<arg>wnd[0]/usr/btnBUTTON_NEXT</arg>
<doc>Performs a single click on a given element. Used only for buttons, tabs and menu items.</doc>
<status status="PASS" starttime="20240711 18:34:46.773" endtime="20240711 18:34:46.853"/>
</kw>
<kw name="Sleep" library="BuiltIn">
<arg>2</arg>
<doc>Pauses the test executed for the given time.</doc>
<msg timestamp="20240711 18:34:48.854" level="INFO">Slept 2 seconds</msg>
<status status="PASS" starttime="20240711 18:34:46.853" endtime="20240711 18:34:48.854"/>
</kw>
<kw name="Take Screenshot" library="CustomSapGuiLibrary">
<arg>05_saint2.jpg</arg>
<doc>Takes a screenshot, only if 'screenshots on error' has been enabled,
either at import of with keyword `enable screenshots on error`.</doc>
<msg timestamp="20240711 18:34:48.885" level="INFO" html="true">&lt;a href="05_saint2.jpg"&gt;&lt;img src="05_saint2.jpg" width="800px"&gt;&lt;/a&gt;</msg>
<status status="PASS" starttime="20240711 18:34:48.854" endtime="20240711 18:34:48.885"/>
</kw>
<status status="PASS" starttime="20240711 18:34:28.910" endtime="20240711 18:34:48.885"/>
</kw>
<kw name="Get Cell Text From SAP Table" library="Addon">
<kw name="Find Addon Rows" library="CustomSapGuiLibrary">
<var>${foundRow}</var>
<arg>wnd[0]/usr/subLIST_AREA:SAPLSAINT_UI:0104/tblSAPLSAINT_UIADDON_TO_INSTALL</arg>
<arg>${symvar('addOn')}</arg>
<msg timestamp="20240711 18:34:48.885" level="INFO">Sym.Dev.addOn: [BNWVS,    ST-A/PI]</msg>
<msg timestamp="20240711 18:34:48.963" level="INFO">['ConfigureLayout', 'DeselectAllColumns', 'DumpState', 'FindAllByName', 'FindAllByNameEx', 'FindById', 'FindByName', 'FindByNameEx', 'GetAbsoluteRow', 'GetCell', 'ReorderTable', 'SelectAllColumns', 'SetFocus', 'ShowContextMenu', 'Visualize', '_ApplyTypes_', '_FlagAsMethod', '_LazyAddAttr_', '_NewEnum', '_Release_', '_UpdateWithITypeInfo_', '__AttrToID__', '__LazyMap__', '__bool__', '__call__', '__class__', '__delattr__', '__dict__', '__dir__', '__doc__', '__eq__', '__format__', '__ge__', '__getattr__', '__getattribute__', '__getitem__', '__getstate__', '__gt__', '__hash__', '__init__', '__init_subclass__', '__int__', '__le__', '__len__', '__lt__', '__module__', '__ne__', '__new__', '__reduce__', '__reduce_ex__', '__repr__', '__setattr__', '__setitem__', '__sizeof__', '__str__', '__subclasshook__', '__weakref__', '_builtMethods_', '_dir_ole_', '_enum_', '_find_dispatch_type_', '_get_good_object_', '_get_good_single_object_', '_lazydata_', '_make_method_', '_mapCachedItems_', '_oleobj_', '_olerepr_', '_print_details_', '_proc_', '_unicode_to_string_', '_username_', '_wrap_dispatch_']
(-2147352567, 'Exception occurred.', (613, 'SAP Frontend Server', 'The method got an invalid argument.', 'C:\\Program Files\\SAP\\FrontEnd\\SAPGUI\\sapfront.HLP', 393215, 0), None)
(-2147352567, 'Exception occurred.', (613, 'SAP Frontend Server', 'The method got an invalid argument.', 'C:\\Program Files\\SAP\\FrontEnd\\SAPGUI\\sapfront.HLP', 393215, 0), None)
(-2147352567, 'Exception occurred.', (613, 'SAP Frontend Server', 'The method got an invalid argument.', 'C:\\Program Files\\SAP\\FrontEnd\\SAPGUI\\sapfront.HLP', 393215, 0), None)
(-2147352567, 'Exception occurred.', (613, 'SAP Frontend Server', 'The method got an invalid argument.', 'C:\\Program Files\\SAP\\FrontEnd\\SAPGUI\\sapfront.HLP', 393215, 0), None)
(-2147352567, 'Exception occurred.', (613, 'SAP Frontend Server', 'The method got an invalid argument.', 'C:\\Program Files\\SAP\\FrontEnd\\SAPGUI\\sapfront.HLP', 393215, 0), None)
(-2147352567, 'Exception occurred.', (613, 'SAP Frontend Server', 'The method got an invalid argument.', 'C:\\Program Files\\SAP\\FrontEnd\\SAPGUI\\sapfront.HLP', 393215, 0), None)
(-2147352567, 'Exception occurred.', (613, 'SAP Frontend Server', 'The method got an invalid argument.', 'C:\\Program Files\\SAP\\FrontEnd\\SAPGUI\\sapfront.HLP', 393215, 0), None)
(-2147352567, 'Exception occurred.', (613, 'SAP Frontend Server', 'The method got an invalid argument.', 'C:\\Program Files\\SAP\\FrontEnd\\SAPGUI\\sapfront.HLP', 393215, 0), None)
(-2147352567, 'Exception occurred.', (613, 'SAP Frontend Server', 'The method got an invalid argument.', 'C:\\Program Files\\SAP\\FrontEnd\\SAPGUI\\sapfront.HLP', 393215, 0), None)
(-2147352567, 'Exception occurred.', (613, 'SAP Frontend Server', 'The method got an invalid argument.', 'C:\\Program Files\\SAP\\FrontEnd\\SAPGUI\\sapfront.HLP', 393215, 0), None)
(-2147352567, 'Exception occurred.', (613, 'SAP Frontend Server', 'The method got an invalid argument.', 'C:\\Program Files\\SAP\\FrontEnd\\SAPGUI\\sapfront.HLP', 393215, 0), None)
(-2147352567, 'Exception occurred.', (613, 'SAP Frontend Server', 'The method got an invalid argument.', 'C:\\Program Files\\SAP\\FrontEnd\\SAPGUI\\sapfront.HLP', 393215, 0), None)
(-2147352567, 'Exception occurred.', (613, 'SAP Frontend Server', 'The method got an invalid argument.', 'C:\\Program Files\\SAP\\FrontEnd\\SAPGUI\\sapfront.HLP', 393215, 0), None)
(-2147352567, 'Exception occurred.', (613, 'SAP Frontend Server', 'The method got an invalid argument.', 'C:\\Program Files\\SAP\\FrontEnd\\SAPGUI\\sapfront.HLP', 393215, 0), None)
(-2147352567, 'Exception occurred.', (613, 'SAP Frontend Server', 'The method got an invalid argument.', 'C:\\Program Files\\SAP\\FrontEnd\\SAPGUI\\sapfront.HLP', 393215, 0), None)
(-2147352567, 'Exception occurred.', (613, 'SAP Frontend Server', 'The method got an invalid argument.', 'C:\\Program Files\\SAP\\FrontEnd\\SAPGUI\\sapfront.HLP', 393215, 0), None)
(-2147352567, 'Exception occurred.', (613, 'SAP Frontend Server', 'The method got an invalid argument.', 'C:\\Program Files\\SAP\\FrontEnd\\SAPGUI\\sapfront.HLP', 393215, 0), None)
(-2147352567, 'Exception occurred.', (613, 'SAP Frontend Server', 'The method got an invalid argument.', 'C:\\Program Files\\SAP\\FrontEnd\\SAPGUI\\sapfront.HLP', 393215, 0), None)
(-2147352567, 'Exception occurred.', (613, 'SAP Frontend Server', 'The method got an invalid argument.', 'C:\\Program Files\\SAP\\FrontEnd\\SAPGUI\\sapfront.HLP', 393215, 0), None)</msg>
<msg timestamp="20240711 18:34:48.963" level="INFO">${foundRow} = []</msg>
<status status="PASS" starttime="20240711 18:34:48.885" endtime="20240711 18:34:48.963"/>
</kw>
<kw name="Log" library="BuiltIn">
<arg>Found text in row: ${foundRow}</arg>
<doc>Logs the given message with the given level.</doc>
<msg timestamp="20240711 18:34:48.963" level="INFO">Found text in row: []</msg>
<status status="PASS" starttime="20240711 18:34:48.963" endtime="20240711 18:34:48.963"/>
</kw>
<for flavor="IN">
<var>${row_index}</var>
<value>@{foundRow}</value>
<iter>
<var name="${row_index}"/>
<kw name="Select Table Row" library="CustomSapGuiLibrary">
<arg>wnd[0]/usr/subLIST_AREA:SAPLSAINT_UI:0104/tblSAPLSAINT_UIADDON_TO_INSTALL</arg>
<arg>${row_index}</arg>
<doc>Selects an entire row of a table. This can either be a TableControl or a GridView 'table_id'
which is contained within a shell object. The row is an index to select the row, starting from 0.</doc>
<status status="NOT RUN" starttime="20240711 18:34:48.963" endtime="20240711 18:34:48.963"/>
</kw>
<status status="NOT RUN" starttime="20240711 18:34:48.963" endtime="20240711 18:34:48.963"/>
</iter>
<status status="NOT RUN" starttime="20240711 18:34:48.963" endtime="20240711 18:34:48.963"/>
</for>
<kw name="Take Screenshot" library="CustomSapGuiLibrary">
<arg>06_saint4.jpg</arg>
<doc>Takes a screenshot, only if 'screenshots on error' has been enabled,
either at import of with keyword `enable screenshots on error`.</doc>
<msg timestamp="20240711 18:34:49.016" level="INFO" html="true">&lt;a href="06_saint4.jpg"&gt;&lt;img src="06_saint4.jpg" width="800px"&gt;&lt;/a&gt;</msg>
<status status="PASS" starttime="20240711 18:34:48.963" endtime="20240711 18:34:49.016"/>
</kw>
<kw name="Click Element" library="CustomSapGuiLibrary">
<arg>wnd[0]/usr/btnBUTTON_NEXT</arg>
<doc>Performs a single click on a given element. Used only for buttons, tabs and menu items.</doc>
<status status="PASS" starttime="20240711 18:34:49.016" endtime="20240711 18:34:49.063"/>
</kw>
<kw name="Sleep" library="BuiltIn">
<arg>4</arg>
<doc>Pauses the test executed for the given time.</doc>
<msg timestamp="20240711 18:34:53.064" level="INFO">Slept 4 seconds</msg>
<status status="PASS" starttime="20240711 18:34:49.063" endtime="20240711 18:34:53.064"/>
</kw>
<status status="PASS" starttime="20240711 18:34:48.885" endtime="20240711 18:34:53.064"/>
</kw>
<tag>RBTLOGIN</tag>
<tag>Regression</tag>
<status status="PASS" starttime="20240711 18:34:28.910" endtime="20240711 18:34:53.064"/>
</test>
<test id="s1-s1-t2" name="Selecting the path for the Addon" line="13">
<kw name="Patch selection for the Addon" library="Addon">
<kw name="Saint Patch Select" library="CustomSapGuiLibrary">
<arg>${symvar('addOn')}</arg>
<arg>${symvar('Patch')}</arg>
<msg timestamp="20240711 18:34:53.064" level="INFO">Sym.Dev.addOn: [BNWVS,    ST-A/PI]</msg>
<msg timestamp="20240711 18:34:53.064" level="INFO">Sym.Dev.Patch: [SAPK-70001INBNWVS,    SAPKITABC5]</msg>
<msg timestamp="20240711 18:34:53.064" level="INFO">(-2147352567, 'Exception occurred.', (619, 'SAP Frontend Server', 'The control could not be found by id.', 'C:\\Program Files\\SAP\\FrontEnd\\SAPGUI\\sapfront.HLP', 393215, 0), None)</msg>
<status status="PASS" starttime="20240711 18:34:53.064" endtime="20240711 18:34:53.064"/>
</kw>
<kw name="Log" library="BuiltIn">
<arg>${symvar('addOn')}</arg>
<doc>Logs the given message with the given level.</doc>
<msg timestamp="20240711 18:34:53.064" level="INFO">Sym.Dev.addOn: [BNWVS,    ST-A/PI]</msg>
<msg timestamp="20240711 18:34:53.064" level="INFO">[BNWVS,    ST-A/PI]</msg>
<status status="PASS" starttime="20240711 18:34:53.064" endtime="20240711 18:34:53.064"/>
</kw>
<kw name="Log" library="BuiltIn">
<arg>${symvar('Patch')}</arg>
<doc>Logs the given message with the given level.</doc>
<msg timestamp="20240711 18:34:53.064" level="INFO">Sym.Dev.Patch: [SAPK-70001INBNWVS,    SAPKITABC5]</msg>
<msg timestamp="20240711 18:34:53.064" level="INFO">[SAPK-70001INBNWVS,    SAPKITABC5]</msg>
<status status="PASS" starttime="20240711 18:34:53.064" endtime="20240711 18:34:53.064"/>
</kw>
<kw name="Sleep" library="BuiltIn">
<arg>10</arg>
<doc>Pauses the test executed for the given time.</doc>
<msg timestamp="20240711 18:35:03.064" level="INFO">Slept 10 seconds</msg>
<status status="PASS" starttime="20240711 18:34:53.064" endtime="20240711 18:35:03.064"/>
</kw>
<kw name="Take Screenshot" library="CustomSapGuiLibrary">
<arg>07_saint5.1.jpg</arg>
<doc>Takes a screenshot, only if 'screenshots on error' has been enabled,
either at import of with keyword `enable screenshots on error`.</doc>
<msg timestamp="20240711 18:35:03.092" level="INFO" html="true">&lt;a href="07_saint5.1.jpg"&gt;&lt;img src="07_saint5.1.jpg" width="800px"&gt;&lt;/a&gt;</msg>
<status status="PASS" starttime="20240711 18:35:03.064" endtime="20240711 18:35:03.092"/>
</kw>
<kw name="Sleep" library="BuiltIn">
<arg>10</arg>
<doc>Pauses the test executed for the given time.</doc>
<msg timestamp="20240711 18:35:13.092" level="INFO">Slept 10 seconds</msg>
<status status="PASS" starttime="20240711 18:35:03.092" endtime="20240711 18:35:13.092"/>
</kw>
<kw name="Click Element" library="CustomSapGuiLibrary">
<arg>wnd[0]/usr/btnBUTTON_NEXT</arg>
<doc>Performs a single click on a given element. Used only for buttons, tabs and menu items.</doc>
<status status="PASS" starttime="20240711 18:35:13.092" endtime="20240711 18:35:13.152"/>
</kw>
<kw name="Take Screenshot" library="CustomSapGuiLibrary">
<arg>08_saint5.2.jpg</arg>
<doc>Takes a screenshot, only if 'screenshots on error' has been enabled,
either at import of with keyword `enable screenshots on error`.</doc>
<msg timestamp="20240711 18:35:13.199" level="INFO" html="true">&lt;a href="08_saint5.2.jpg"&gt;&lt;img src="08_saint5.2.jpg" width="800px"&gt;&lt;/a&gt;</msg>
<status status="PASS" starttime="20240711 18:35:13.152" endtime="20240711 18:35:13.199"/>
</kw>
<kw name="Click Element" library="CustomSapGuiLibrary">
<arg>wnd[0]/usr/btnBUTTON_NEXT</arg>
<doc>Performs a single click on a given element. Used only for buttons, tabs and menu items.</doc>
<status status="PASS" starttime="20240711 18:35:13.199" endtime="20240711 18:35:13.252"/>
</kw>
<kw name="Take Screenshot" library="CustomSapGuiLibrary">
<arg>09_saint6.jpg</arg>
<doc>Takes a screenshot, only if 'screenshots on error' has been enabled,
either at import of with keyword `enable screenshots on error`.</doc>
<msg timestamp="20240711 18:35:13.299" level="INFO" html="true">&lt;a href="09_saint6.jpg"&gt;&lt;img src="09_saint6.jpg" width="800px"&gt;&lt;/a&gt;</msg>
<status status="PASS" starttime="20240711 18:35:13.252" endtime="20240711 18:35:13.299"/>
</kw>
<kw name="Click Element" library="CustomSapGuiLibrary">
<arg>wnd[1]/usr/btnBUTTON_2</arg>
<doc>Performs a single click on a given element. Used only for buttons, tabs and menu items.</doc>
<msg timestamp="20240711 18:35:13.368" level="INFO" html="true">&lt;a href="sap-screenshot_1.jpg"&gt;&lt;img src="sap-screenshot_1.jpg" width="800px"&gt;&lt;/a&gt;</msg>
<msg timestamp="20240711 18:35:13.368" level="FAIL">ValueError: Cannot find element with id 'wnd[1]/usr/btnBUTTON_2'</msg>
<status status="FAIL" starttime="20240711 18:35:13.299" endtime="20240711 18:35:13.384"/>
</kw>
<kw name="Take Screenshot" library="CustomSapGuiLibrary">
<arg>10_saint7.jpg</arg>
<doc>Takes a screenshot, only if 'screenshots on error' has been enabled,
either at import of with keyword `enable screenshots on error`.</doc>
<status status="NOT RUN" starttime="20240711 18:35:13.384" endtime="20240711 18:35:13.384"/>
</kw>
<status status="FAIL" starttime="20240711 18:34:53.064" endtime="20240711 18:35:13.384"/>
</kw>
<tag>RBTLOGIN</tag>
<tag>Regression</tag>
<status status="FAIL" starttime="20240711 18:34:53.064" endtime="20240711 18:35:13.384">ValueError: Cannot find element with id 'wnd[1]/usr/btnBUTTON_2'</status>
</test>
<kw name="System Logout" library="Addon" type="TEARDOWN">
<kw name="Run Transaction" library="CustomSapGuiLibrary">
<arg>/nex</arg>
<doc>Runs a Sap transaction. An error is given when an unknown transaction is specified.</doc>
<status status="PASS" starttime="20240711 18:35:13.384" endtime="20240711 18:35:13.415"/>
</kw>
<kw name="Sleep" library="BuiltIn">
<arg>5</arg>
<doc>Pauses the test executed for the given time.</doc>
<msg timestamp="20240711 18:35:18.416" level="INFO">Slept 5 seconds</msg>
<status status="PASS" starttime="20240711 18:35:13.415" endtime="20240711 18:35:18.416"/>
</kw>
<kw name="Take Screenshot" library="CustomSapGuiLibrary">
<arg>17_logoutpage.jpg</arg>
<doc>Takes a screenshot, only if 'screenshots on error' has been enabled,
either at import of with keyword `enable screenshots on error`.</doc>
<msg timestamp="20240711 18:35:18.481" level="INFO" html="true">&lt;a href="17_logoutpage.jpg"&gt;&lt;img src="17_logoutpage.jpg" width="800px"&gt;&lt;/a&gt;</msg>
<status status="PASS" starttime="20240711 18:35:18.416" endtime="20240711 18:35:18.481"/>
</kw>
<kw name="Create Pdf" library="PDF">
<arg>${screenshot_directory}</arg>
<arg>${output_pdf}</arg>
<status status="PASS" starttime="20240711 18:35:18.481" endtime="20240711 18:35:26.466"/>
</kw>
<kw name="Sleep" library="BuiltIn">
<arg>2</arg>
<doc>Pauses the test executed for the given time.</doc>
<msg timestamp="20240711 18:35:28.467" level="INFO">Slept 2 seconds</msg>
<status status="PASS" starttime="20240711 18:35:26.466" endtime="20240711 18:35:28.467"/>
</kw>
<status status="PASS" starttime="20240711 18:35:13.384" endtime="20240711 18:35:28.467"/>
</kw>
<status status="FAIL" starttime="20240711 18:34:02.754" endtime="20240711 18:35:28.467"/>
</suite>
<doc>Testing functionality through Robot Framework</doc>
<meta name="environment">Dev</meta>
<meta name="test_browser_name">chrome</meta>
<meta name="test_browser_version">126.0.6478.127</meta>
<meta name="test_driver_version">125.0.6422.141 </meta>
<meta name="test_environment">Dev</meta>
<meta name="test_freeze_dependencies">astroid==3.1.0,attrs==23.2.0,beautifulsoup4==4.12.3,bs4==0.0.2,certifi==2024.2.2,cffi==1.16.0,chardet==5.2.0,charset-normalizer==3.3.2,click==8.1.7,colorama==0.4.6,cryptography==42.0.5,defusedxml==0.7.1,dill==0.3.8,docutils==0.20.1,docx==0.2.4,docx2pdf==0.1.8,et-xmlfile==1.1.0,exceptiongroup==1.2.0,fsspec==2024.5.0,gitdb==4.0.11,GitPython==3.1.42,h11==0.14.0,idna==3.6,isort==5.13.2,Jinja2==3.1.3,jira==3.6.0,jsonpath-ng==1.6.1,jsonschema==4.21.1,jsonschema-specifications==2023.12.1,lazy-object-proxy==1.10.0,lxml==5.1.0,markdown-it-py==3.0.0,MarkupSafe==2.1.5,mccabe==0.7.0,mdurl==0.1.2,natsort==8.4.0,numpy==1.26.4,oauthlib==3.2.2,openpyxl==3.1.2,outcome==1.3.0.post0,packaging==24.0,pandas==2.2.2,pathspec==0.11.2,pillow==10.2.0,pip==24.0,platformdirs==4.2.0,ply==3.11,pycparser==2.21,Pygments==2.17.2,pylint==3.1.0,PyPDF2==3.0.1,PySocks==1.7.1,python-dateutil==2.9.0.post0,python-docx==1.1.2,pytz==2024.1,pywin32==306,PyYAML==6.0.1,referencing==0.33.0,reportlab==4.2.0,requests==2.31.0,requests-oauthlib==1.4.0,requests-toolbelt==1.0.0,rich==13.7.1,rich-click==1.6.1,robotframework==6.0.2,robotframework-datadriver==1.9.0,robotframework-jsonlibrary==0.5,robotframework-pabot==2.16.0,robotframework-pythonlibcore==4.2.0,robotframework-requests==0.9.2,robotframework-sapguilibrary==1.1,robotframework-seleniumlibrary==5.1.3,robotframework-stacktrace==0.4.1,robotframework-tidy==4.5.0,rpds-py==0.18.0,selenium==4.9.1,setuptools==69.2.0,six==1.16.0,smmap==5.0.1,sniffio==1.3.1,sortedcontainers==2.4.0,soupsieve==2.5,tomli==2.0.1,tomlkit==0.12.4,tqdm==4.66.4,trio==0.24.0,trio-websocket==0.11.1,typing_extensions==4.10.0,tzdata==2024.1,urllib3==2.2.1,wheel==0.43.0,wrapt==1.16.0,wsproto==1.2.0</meta>
<status status="FAIL" starttime="20240711 18:33:59.220" endtime="20240711 18:35:28.867"/>
</suite>
<statistics>
<total>
<stat pass="1" fail="1" skip="0">All Tests</stat>
</total>
<tag>
<stat pass="1" fail="1" skip="0">RBTLOGIN</stat>
<stat pass="1" fail="1" skip="0">Regression</stat>
</tag>
<suite>
<stat pass="1" fail="1" skip="0" id="s1" name="Tests">Tests</stat>
<stat pass="1" fail="1" skip="0" id="s1-s1" name="Test Addon">Tests.Test Addon</stat>
</suite>
</statistics>
<errors>
</errors>
</robot>
