<?xml version="1.0" encoding="UTF-8"?>
<robot generator="Robot 6.0.2 (Python 3.12.4 on win32)" generated="20240907 13:30:05.890" rpa="false" schemaversion="3">
<suite id="s1" name="Tests" source="C:\SAP_Testing\SAPtesting\Tests">
<kw name="Setup highest level suite" type="SETUP">
<kw name="Set Variable" library="BuiltIn">
<var>${d.test_server}</var>
<arg>${test_server}</arg>
<doc>Returns the given values which can then be assigned to a variables.</doc>
<msg timestamp="20240907 13:30:06.774" level="INFO">${d.test_server} = Dev</msg>
<status status="PASS" starttime="20240907 13:30:06.774" endtime="20240907 13:30:06.774"/>
</kw>
<kw name="Reset screenshot count variable" library="Support">
<kw name="Set Variable" library="BuiltIn">
<var>${screenshotCount}</var>
<arg>${PABOTQUEUEINDEX}_1</arg>
<doc>Returns the given values which can then be assigned to a variables.</doc>
<msg timestamp="20240907 13:30:06.775" level="INFO">${screenshotCount} = 0_1</msg>
<status status="PASS" starttime="20240907 13:30:06.775" endtime="20240907 13:30:06.775"/>
</kw>
<kw name="Set Global Variable" library="BuiltIn">
<arg>${screenshotCount}</arg>
<doc>Makes a variable available globally in all tests and suites.</doc>
<msg timestamp="20240907 13:30:06.776" level="INFO">${screenshotCount} = 0_1</msg>
<status status="PASS" starttime="20240907 13:30:06.775" endtime="20240907 13:30:06.776"/>
</kw>
<kw name="Set up screenshot directory" library="Support">
<kw name="Create Directory" library="OperatingSystem">
<arg>${OUTPUTDIR}${/}${wvar('screenshot_dir')}</arg>
<doc>Creates the specified directory.</doc>
<msg timestamp="20240907 13:30:06.777" level="INFO">Web.Dev.screenshot_dir: Screenshot</msg>
<msg timestamp="20240907 13:30:06.782" level="INFO" html="true">Created directory '&lt;a href="file://C:\SAP_Testing\SAPtesting\Output\pabot_results\0\Screenshot"&gt;C:\SAP_Testing\SAPtesting\Output\pabot_results\0\Screenshot&lt;/a&gt;'.</msg>
<status status="PASS" starttime="20240907 13:30:06.776" endtime="20240907 13:30:06.782"/>
</kw>
<status status="PASS" starttime="20240907 13:30:06.776" endtime="20240907 13:30:06.783"/>
</kw>
<status status="PASS" starttime="20240907 13:30:06.774" endtime="20240907 13:30:06.783"/>
</kw>
<kw name="Set Global Variable" library="BuiltIn">
<arg>${screenshot_taking}</arg>
<arg>${True}</arg>
<doc>Makes a variable available globally in all tests and suites.</doc>
<msg timestamp="20240907 13:30:06.783" level="INFO">${screenshot_taking} = True</msg>
<status status="PASS" starttime="20240907 13:30:06.783" endtime="20240907 13:30:06.783"/>
</kw>
<kw name="Setup linux execution" library="Support">
<kw name="Run Keyword And Return Status" library="BuiltIn">
<var>${web_test_check}</var>
<arg>Variable Should Exist</arg>
<arg>${web_test}</arg>
<doc>Runs the given keyword with given arguments and returns the status as a Boolean value.</doc>
<kw name="Variable Should Exist" library="BuiltIn">
<arg>${web_test}</arg>
<doc>Fails unless the given variable exists within the current scope.</doc>
<status status="PASS" starttime="20240907 13:30:06.784" endtime="20240907 13:30:06.784"/>
</kw>
<msg timestamp="20240907 13:30:06.784" level="INFO">${web_test_check} = True</msg>
<status status="PASS" starttime="20240907 13:30:06.784" endtime="20240907 13:30:06.784"/>
</kw>
<kw name="Run Keyword If" library="BuiltIn">
<arg>${web_test_check}</arg>
<arg>Setup Docker Execution Options</arg>
<doc>Runs the given keyword with the given arguments, if ``condition`` is true.</doc>
<kw name="Setup Docker Execution Options" library="Support_Web">
<kw name="Setup Suite Metadata" library="Support_Web">
<arg>${browser}</arg>
<kw name="Get Browser Metadata" library="BrowserSupport">
<var>&amp;{browser_information}</var>
<arg>browser=${browser}</arg>
<doc>Fetches browser metadata information
:param browser: Name of the browser for which information is fetched
:param reload: Re-read the metadata based on the browser
:return: Browser metadata information, dict of format
            {"browser_version": browser version value,
             "driver_version": driver version value}</doc>
<msg timestamp="20240907 13:30:10.151" level="INFO">&amp;{browser_information} = { browser_version=128.0.6613.120 | driver_version=128.0.6613.119  }</msg>
<status status="PASS" starttime="20240907 13:30:06.785" endtime="20240907 13:30:10.151"/>
</kw>
<kw name="Set Suite Metadata" library="BuiltIn">
<arg>test_browser_name</arg>
<arg>${browser}</arg>
<doc>Sets metadata for the current test suite.</doc>
<msg timestamp="20240907 13:30:10.151" level="INFO">Set suite metadata 'test_browser_name' to value 'chrome'.</msg>
<status status="PASS" starttime="20240907 13:30:10.151" endtime="20240907 13:30:10.151"/>
</kw>
<kw name="Set Suite Metadata" library="BuiltIn">
<arg>test_browser_version</arg>
<arg>${browser_information.browser_version}</arg>
<doc>Sets metadata for the current test suite.</doc>
<msg timestamp="20240907 13:30:10.151" level="INFO">Set suite metadata 'test_browser_version' to value '128.0.6613.120'.</msg>
<status status="PASS" starttime="20240907 13:30:10.151" endtime="20240907 13:30:10.151"/>
</kw>
<kw name="Set Suite Metadata" library="BuiltIn">
<arg>test_driver_version</arg>
<arg>${browser_information.driver_version}</arg>
<doc>Sets metadata for the current test suite.</doc>
<msg timestamp="20240907 13:30:10.151" level="INFO">Set suite metadata 'test_driver_version' to value '128.0.6613.119 '.</msg>
<status status="PASS" starttime="20240907 13:30:10.151" endtime="20240907 13:30:10.151"/>
</kw>
<status status="PASS" starttime="20240907 13:30:06.785" endtime="20240907 13:30:10.151"/>
</kw>
<kw name="Setup Global Docker Execution Options" library="Support_Web">
<kw name="Set Global Variable" library="BuiltIn">
<arg>${global_browser_options}</arg>
<arg>None</arg>
<doc>Makes a variable available globally in all tests and suites.</doc>
<msg timestamp="20240907 13:30:10.151" level="INFO">${global_browser_options} = None</msg>
<status status="PASS" starttime="20240907 13:30:10.151" endtime="20240907 13:30:10.151"/>
</kw>
<kw name="Get Environment Variable" library="OperatingSystem">
<var>${docker_check}</var>
<arg>EXECUTION_ENVIRONMENT</arg>
<arg>not_found</arg>
<doc>Returns the value of an environment variable with the given name.</doc>
<msg timestamp="20240907 13:30:10.151" level="INFO">${docker_check} = not_found</msg>
<status status="PASS" starttime="20240907 13:30:10.151" endtime="20240907 13:30:10.151"/>
</kw>
<kw name="Run Keyword And Return If" library="BuiltIn">
<arg>"${docker_check}"!="docker"</arg>
<arg>Log</arg>
<arg>Not executing on Docker</arg>
<doc>Runs the specified keyword and returns from the enclosing user keyword.</doc>
<kw name="Log" library="BuiltIn">
<arg>Not executing on Docker</arg>
<doc>Logs the given message with the given level.</doc>
<msg timestamp="20240907 13:30:10.151" level="INFO">Not executing on Docker</msg>
<status status="PASS" starttime="20240907 13:30:10.151" endtime="20240907 13:30:10.151"/>
</kw>
<msg timestamp="20240907 13:30:10.151" level="INFO">Returning from the enclosing user keyword.</msg>
<status status="PASS" starttime="20240907 13:30:10.151" endtime="20240907 13:30:10.151"/>
</kw>
<kw name="Create List" library="BuiltIn">
<var>@{options}</var>
<arg>--headless</arg>
<arg>--no-sandbox</arg>
<arg>--disable-dev-shm-usage</arg>
<doc>Returns a list containing given items.</doc>
<status status="NOT RUN" starttime="20240907 13:30:10.151" endtime="20240907 13:30:10.151"/>
</kw>
<kw name="Set Global Variable" library="BuiltIn">
<arg>@{docker_options}</arg>
<arg>@{options}</arg>
<doc>Makes a variable available globally in all tests and suites.</doc>
<status status="NOT RUN" starttime="20240907 13:30:10.151" endtime="20240907 13:30:10.151"/>
</kw>
<status status="PASS" starttime="20240907 13:30:10.151" endtime="20240907 13:30:10.151"/>
</kw>
<kw name="Create Webdriver for chrome preferences" library="Support_Web">
<kw name="Update Docker Execution Options" library="Support_Web">
<var>${list_prefs}</var>
<arg>${list_prefs}</arg>
<kw name="Run Keyword And Return Status" library="BuiltIn">
<var>${docker_check}</var>
<arg>Variable Should Exist</arg>
<arg>${docker_options}</arg>
<doc>Runs the given keyword with given arguments and returns the status as a Boolean value.</doc>
<kw name="Variable Should Exist" library="BuiltIn">
<arg>${docker_options}</arg>
<doc>Fails unless the given variable exists within the current scope.</doc>
<msg timestamp="20240907 13:30:10.151" level="FAIL">Variable '${docker_options}' does not exist.</msg>
<status status="FAIL" starttime="20240907 13:30:10.151" endtime="20240907 13:30:10.151"/>
</kw>
<msg timestamp="20240907 13:30:10.151" level="INFO">${docker_check} = False</msg>
<status status="PASS" starttime="20240907 13:30:10.151" endtime="20240907 13:30:10.151"/>
</kw>
<kw name="Get Length" library="BuiltIn">
<var>${list_prefs_length}</var>
<arg>${list_prefs}</arg>
<doc>Returns and logs the length of the given item as an integer.</doc>
<msg timestamp="20240907 13:30:10.151" level="INFO">Length is 1</msg>
<msg timestamp="20240907 13:30:10.151" level="INFO">${list_prefs_length} = 1</msg>
<status status="PASS" starttime="20240907 13:30:10.151" endtime="20240907 13:30:10.151"/>
</kw>
<kw name="Run Keyword If" library="BuiltIn">
<var>${list_prefs}</var>
<arg>${docker_check} and ${list_prefs_length}&gt;0 and ${list_prefs}[0] != []</arg>
<arg>Combine Lists</arg>
<arg>${list_prefs}</arg>
<arg>${docker_options}</arg>
<arg>ELSE IF</arg>
<arg>${docker_check}</arg>
<arg>Set Variable</arg>
<arg>${docker_options}</arg>
<arg>ELSE</arg>
<arg>Set Variable</arg>
<arg>${list_prefs}</arg>
<doc>Runs the given keyword with the given arguments, if ``condition`` is true.</doc>
<kw name="Set Variable" library="BuiltIn">
<arg>${list_prefs}</arg>
<doc>Returns the given values which can then be assigned to a variables.</doc>
<status status="PASS" starttime="20240907 13:30:10.151" endtime="20240907 13:30:10.151"/>
</kw>
<msg timestamp="20240907 13:30:10.151" level="INFO">${list_prefs} = [[]]</msg>
<status status="PASS" starttime="20240907 13:30:10.151" endtime="20240907 13:30:10.151"/>
</kw>
<msg timestamp="20240907 13:30:10.151" level="INFO">${list_prefs} = [[]]</msg>
<status status="PASS" starttime="20240907 13:30:10.151" endtime="20240907 13:30:10.151"/>
</kw>
<kw name="Create Chrome Options for download preferences" library="Support_Web">
<var>${chrome_options}</var>
<kw name="Evaluate" library="BuiltIn">
<var>${chrome_options}</var>
<arg>sys.modules['selenium.webdriver'].ChromeOptions()</arg>
<arg>sys</arg>
<doc>Evaluates the given expression in Python and returns the result.</doc>
<msg timestamp="20240907 13:30:10.151" level="INFO">${chrome_options} = &lt;selenium.webdriver.chrome.options.Options object at 0x000001787182A750&gt;</msg>
<status status="PASS" starttime="20240907 13:30:10.151" endtime="20240907 13:30:10.151"/>
</kw>
<msg timestamp="20240907 13:30:10.151" level="INFO">${chrome_options} = &lt;selenium.webdriver.chrome.options.Options object at 0x000001787182A750&gt;</msg>
<status status="PASS" starttime="20240907 13:30:10.151" endtime="20240907 13:30:10.151"/>
</kw>
<kw name="Update Preferences List" library="Support_Web">
<arg>${chrome_options}</arg>
<arg>@{list_prefs}</arg>
<kw name="Convert To String" library="BuiltIn">
<var>${string_prefs}</var>
<arg>${list_prefs}</arg>
<doc>Converts the given item to a Unicode string.</doc>
<msg timestamp="20240907 13:30:10.151" level="INFO">${string_prefs} = [[]]</msg>
<status status="PASS" starttime="20240907 13:30:10.151" endtime="20240907 13:30:10.151"/>
</kw>
<kw name="Return From Keyword If" library="BuiltIn">
<arg>${string_prefs} == [[]]</arg>
<doc>Returns from the enclosing user keyword if ``condition`` is true.</doc>
<msg timestamp="20240907 13:30:10.151" level="INFO">Returning from the enclosing user keyword.</msg>
<status status="PASS" starttime="20240907 13:30:10.151" endtime="20240907 13:30:10.151"/>
</kw>
<for flavor="IN">
<var>${preference}</var>
<value>@{list_prefs}</value>
<iter>
<var name="${preference}"/>
<kw name="Call Method" library="BuiltIn">
<arg>${chrome_options}</arg>
<arg>add_argument</arg>
<arg>${preference}</arg>
<doc>Calls the named method of the given object with the provided arguments.</doc>
<status status="NOT RUN" starttime="20240907 13:30:10.151" endtime="20240907 13:30:10.151"/>
</kw>
<status status="NOT RUN" starttime="20240907 13:30:10.151" endtime="20240907 13:30:10.151"/>
</iter>
<status status="NOT RUN" starttime="20240907 13:30:10.151" endtime="20240907 13:30:10.151"/>
</for>
<status status="PASS" starttime="20240907 13:30:10.151" endtime="20240907 13:30:10.151"/>
</kw>
<kw name="Call Method" library="BuiltIn">
<arg>${chrome_options}</arg>
<arg>add_experimental_option</arg>
<arg>prefs</arg>
<arg>${kw_prefs}</arg>
<doc>Calls the named method of the given object with the provided arguments.</doc>
<status status="PASS" starttime="20240907 13:30:10.151" endtime="20240907 13:30:10.151"/>
</kw>
<kw name="Set Global Variable" library="BuiltIn">
<arg>${global_browser_options}</arg>
<arg>${chrome options}</arg>
<doc>Makes a variable available globally in all tests and suites.</doc>
<msg timestamp="20240907 13:30:10.151" level="INFO">${global_browser_options} = &lt;selenium.webdriver.chrome.options.Options object at 0x000001787182A750&gt;</msg>
<status status="PASS" starttime="20240907 13:30:10.151" endtime="20240907 13:30:10.151"/>
</kw>
<status status="PASS" starttime="20240907 13:30:10.151" endtime="20240907 13:30:10.151"/>
</kw>
<status status="PASS" starttime="20240907 13:30:06.785" endtime="20240907 13:30:10.151"/>
</kw>
<status status="PASS" starttime="20240907 13:30:06.785" endtime="20240907 13:30:10.167"/>
</kw>
<status status="PASS" starttime="20240907 13:30:06.783" endtime="20240907 13:30:10.167"/>
</kw>
<kw name="Set Suite Metadata" library="BuiltIn">
<arg>environment</arg>
<arg>${test_server}</arg>
<doc>Sets metadata for the current test suite.</doc>
<msg timestamp="20240907 13:30:10.167" level="INFO">Set suite metadata 'environment' to value 'Dev'.</msg>
<status status="PASS" starttime="20240907 13:30:10.167" endtime="20240907 13:30:10.167"/>
</kw>
<status status="PASS" starttime="20240907 13:30:06.773" endtime="20240907 13:30:10.167"/>
</kw>
<suite id="s1-s1" name="Test Verify Pre requisite" source="C:\SAP_Testing\SAPtesting\Tests\Test_Verify_Pre_requisite.robot">
<kw name="System Logon" library="Verify_Pre_requisite" type="SETUP">
<kw name="Start Process" library="Process">
<arg>${symvar('ABAP_SAP_SERVER')}</arg>
<doc>Starts a new process on background.</doc>
<msg timestamp="20240907 13:30:10.743" level="INFO">Sym.Dev.ABAP_SAP_SERVER: C:\Program Files (x86)\SAP\FrontEnd\SAPGUI\saplogon.exe</msg>
<msg timestamp="20240907 13:30:10.743" level="INFO">Starting process:
"C:\Program Files (x86)\SAP\FrontEnd\SAPGUI\saplogon.exe"</msg>
<status status="PASS" starttime="20240907 13:30:10.743" endtime="20240907 13:30:10.743"/>
</kw>
<kw name="Connect To Session" library="SAP_Tcode_Library">
<doc>Connects to an open session SAP.</doc>
<status status="PASS" starttime="20240907 13:30:10.743" endtime="20240907 13:30:10.775"/>
</kw>
<kw name="Open Connection" library="SAP_Tcode_Library">
<arg>${symvar('ABAP_Connection')}</arg>
<doc>Opens a connection to the given connection name. Be sure to provide the full connection name, including the bracket part.</doc>
<msg timestamp="20240907 13:30:10.775" level="INFO">Sym.Dev.ABAP_Connection: RBT</msg>
<status status="PASS" starttime="20240907 13:30:10.775" endtime="20240907 13:30:11.416"/>
</kw>
<kw name="Input Text" library="SAP_Tcode_Library">
<arg>wnd[0]/usr/txtRSYST-MANDT</arg>
<arg>${symvar('ABAP_CLIENT')}</arg>
<doc>Inserts the given text into the text field identified by locator.
Use keyword `input password` to insert a password in a text field.</doc>
<msg timestamp="20240907 13:30:11.424" level="INFO">Sym.Dev.ABAP_CLIENT: 000</msg>
<msg timestamp="20240907 13:30:11.457" level="INFO">Typing text '000' into text field 'wnd[0]/usr/txtRSYST-MANDT'.</msg>
<status status="PASS" starttime="20240907 13:30:11.417" endtime="20240907 13:30:11.457"/>
</kw>
<kw name="Input Text" library="SAP_Tcode_Library">
<arg>wnd[0]/usr/txtRSYST-BNAME</arg>
<arg>${symvar('ABAP_USER')}</arg>
<doc>Inserts the given text into the text field identified by locator.
Use keyword `input password` to insert a password in a text field.</doc>
<msg timestamp="20240907 13:30:11.458" level="INFO">Sym.Dev.ABAP_USER: DDIC</msg>
<msg timestamp="20240907 13:30:11.468" level="INFO">Typing text 'DDIC' into text field 'wnd[0]/usr/txtRSYST-BNAME'.</msg>
<status status="PASS" starttime="20240907 13:30:11.457" endtime="20240907 13:30:11.468"/>
</kw>
<kw name="Input Password" library="SAP_Tcode_Library">
<arg>wnd[0]/usr/pwdRSYST-BCODE</arg>
<arg>%{ABAP_PASSWORD}</arg>
<doc>Inserts the given password into the text field identified by locator.
The password is not recorded in the log.</doc>
<msg timestamp="20240907 13:30:11.473" level="INFO">Typing password into text field 'wnd[0]/usr/pwdRSYST-BCODE'.</msg>
<status status="PASS" starttime="20240907 13:30:11.468" endtime="20240907 13:30:11.473"/>
</kw>
<kw name="Send Vkey" library="SAP_Tcode_Library">
<arg>0</arg>
<doc>Sends a SAP virtual key combination to the window, not into an element.
If you want to send a value to a text field, use `input text` instead.</doc>
<status status="PASS" starttime="20240907 13:30:11.473" endtime="20240907 13:30:11.896"/>
</kw>
<kw name="Multiple Logon Handling" library="SAP_Tcode_Library">
<arg>wnd[1]</arg>
<arg>wnd[1]/usr/radMULTI_LOGON_OPT2</arg>
<arg>wnd[1]/tbar[0]/btn[0]</arg>
<status status="PASS" starttime="20240907 13:30:11.897" endtime="20240907 13:30:11.933"/>
</kw>
<status status="PASS" starttime="20240907 13:30:10.743" endtime="20240907 13:30:11.933"/>
</kw>
<test id="s1-s1-t1" name="Verify the system is ready for ALM configuration" line="8">
<kw name="SAP BASIS Release" library="Verify_Pre_requisite">
<kw name="Click Element" library="SAP_Tcode_Library">
<arg>wnd[0]/mbar/menu[4]/menu[11]</arg>
<doc>Performs a single click on a given element. Used only for buttons, tabs and menu items.</doc>
<status status="PASS" starttime="20240907 13:30:11.934" endtime="20240907 13:30:12.091"/>
</kw>
<kw name="Click Element" library="SAP_Tcode_Library">
<arg>wnd[1]/usr/btnPRELINFO</arg>
<doc>Performs a single click on a given element. Used only for buttons, tabs and menu items.</doc>
<status status="PASS" starttime="20240907 13:30:12.092" endtime="20240907 13:30:12.466"/>
</kw>
<kw name="Software Component Version" library="SAP_Tcode_Library">
<var>${version}</var>
<arg>wnd[2]/usr/tabsVERSDETAILS/tabpCOMP_VERS/ssubDETAIL_SUBSCREEN:SAPLOCS_UI_CONTROLS:0301/cntlSCV_CU_CONTROL/shellcont/shell</arg>
<arg>SAP_BASIS</arg>
<msg timestamp="20240907 13:30:12.729" level="INFO">0
SAP_BASIS
Found version for SAP_BASIS: 750</msg>
<msg timestamp="20240907 13:30:12.729" level="INFO">${version} = 750</msg>
<status status="PASS" starttime="20240907 13:30:12.466" endtime="20240907 13:30:12.729"/>
</kw>
<if>
<branch type="IF" condition="'${version}' &gt;= '750'">
<kw name="Write Excel" library="Verify_Pre_requisite">
<arg>${filepath}</arg>
<arg>${sheetname}</arg>
<arg>2</arg>
<arg>2</arg>
<arg>${Basis_success}</arg>
<kw name="Open Excel Document" library="ExcelLibrary">
<arg>${filepath}</arg>
<arg>1</arg>
<doc>Opens xlsx document file.</doc>
<status status="PASS" starttime="20240907 13:30:12.729" endtime="20240907 13:30:12.737"/>
</kw>
<kw name="Get Sheet" library="ExcelLibrary">
<arg>${sheetname}</arg>
<doc>Returns a page from the current document.</doc>
<status status="PASS" starttime="20240907 13:30:12.737" endtime="20240907 13:30:12.737"/>
</kw>
<kw name="Write Excel Cell" library="ExcelLibrary">
<arg>${rownum}</arg>
<arg>${colnum}</arg>
<arg>${cell_value}</arg>
<arg>${sheetname}</arg>
<doc>Writes value to the cell.</doc>
<status status="PASS" starttime="20240907 13:30:12.737" endtime="20240907 13:30:12.737"/>
</kw>
<kw name="Save Excel Document" library="ExcelLibrary">
<arg>${filepath}</arg>
<doc>Saves the current document to disk.</doc>
<status status="PASS" starttime="20240907 13:30:12.737" endtime="20240907 13:30:12.757"/>
</kw>
<kw name="Close Current Excel Document" library="ExcelLibrary">
<doc>Closes current document.</doc>
<status status="PASS" starttime="20240907 13:30:12.757" endtime="20240907 13:30:12.757"/>
</kw>
<status status="PASS" starttime="20240907 13:30:12.729" endtime="20240907 13:30:12.757"/>
</kw>
<kw name="Write Excel" library="Verify_Pre_requisite">
<arg>${filepath}</arg>
<arg>${sheetname}</arg>
<arg>2</arg>
<arg>3</arg>
<arg>Passed</arg>
<kw name="Open Excel Document" library="ExcelLibrary">
<arg>${filepath}</arg>
<arg>1</arg>
<doc>Opens xlsx document file.</doc>
<status status="PASS" starttime="20240907 13:30:12.757" endtime="20240907 13:30:12.768"/>
</kw>
<kw name="Get Sheet" library="ExcelLibrary">
<arg>${sheetname}</arg>
<doc>Returns a page from the current document.</doc>
<status status="PASS" starttime="20240907 13:30:12.768" endtime="20240907 13:30:12.768"/>
</kw>
<kw name="Write Excel Cell" library="ExcelLibrary">
<arg>${rownum}</arg>
<arg>${colnum}</arg>
<arg>${cell_value}</arg>
<arg>${sheetname}</arg>
<doc>Writes value to the cell.</doc>
<status status="PASS" starttime="20240907 13:30:12.768" endtime="20240907 13:30:12.768"/>
</kw>
<kw name="Save Excel Document" library="ExcelLibrary">
<arg>${filepath}</arg>
<doc>Saves the current document to disk.</doc>
<status status="PASS" starttime="20240907 13:30:12.768" endtime="20240907 13:30:12.788"/>
</kw>
<kw name="Close Current Excel Document" library="ExcelLibrary">
<doc>Closes current document.</doc>
<status status="PASS" starttime="20240907 13:30:12.788" endtime="20240907 13:30:12.788"/>
</kw>
<status status="PASS" starttime="20240907 13:30:12.757" endtime="20240907 13:30:12.788"/>
</kw>
<status status="PASS" starttime="20240907 13:30:12.729" endtime="20240907 13:30:12.788"/>
</branch>
<branch type="ELSE">
<kw name="Write Excel" library="Verify_Pre_requisite">
<arg>${filepath}</arg>
<arg>${sheetname}</arg>
<arg>2</arg>
<arg>2</arg>
<arg>${Basis_fail}</arg>
<status status="NOT RUN" starttime="20240907 13:30:12.788" endtime="20240907 13:30:12.788"/>
</kw>
<kw name="Write Excel" library="Verify_Pre_requisite">
<arg>${filepath}</arg>
<arg>${sheetname}</arg>
<arg>2</arg>
<arg>3</arg>
<arg>Failed</arg>
<status status="NOT RUN" starttime="20240907 13:30:12.788" endtime="20240907 13:30:12.788"/>
</kw>
<status status="NOT RUN" starttime="20240907 13:30:12.788" endtime="20240907 13:30:12.788"/>
</branch>
<status status="PASS" starttime="20240907 13:30:12.729" endtime="20240907 13:30:12.788"/>
</if>
<status status="PASS" starttime="20240907 13:30:11.934" endtime="20240907 13:30:12.788"/>
</kw>
<kw name="SAP UI Release" library="Verify_Pre_requisite">
<kw name="Software Component Version" library="SAP_Tcode_Library">
<var>${version}</var>
<arg>wnd[2]/usr/tabsVERSDETAILS/tabpCOMP_VERS/ssubDETAIL_SUBSCREEN:SAPLOCS_UI_CONTROLS:0301/cntlSCV_CU_CONTROL/shellcont/shell</arg>
<arg>SAP_UI</arg>
<msg timestamp="20240907 13:30:12.800" level="INFO">0
SAP_BASIS
Component SAP_UI not found.
1
SAP_ABA
Component SAP_UI not found.
2
SAP_GWFND
Component SAP_UI not found.
3
SAP_UI
Found version for SAP_UI: 750</msg>
<msg timestamp="20240907 13:30:12.800" level="INFO">${version} = 750</msg>
<status status="PASS" starttime="20240907 13:30:12.788" endtime="20240907 13:30:12.800"/>
</kw>
<kw name="Software Support Package Version" library="SAP_Tcode_Library">
<var>${support_package}</var>
<arg>wnd[2]/usr/tabsVERSDETAILS/tabpCOMP_VERS/ssubDETAIL_SUBSCREEN:SAPLOCS_UI_CONTROLS:0301/cntlSCV_CU_CONTROL/shellcont/shell</arg>
<arg>SAP_UI</arg>
<msg timestamp="20240907 13:30:12.800" level="INFO">Component SAP_UI not found.
Component SAP_UI not found.
Component SAP_UI not found.</msg>
<msg timestamp="20240907 13:30:12.800" level="INFO">${support_package} = -</msg>
<status status="PASS" starttime="20240907 13:30:12.800" endtime="20240907 13:30:12.800"/>
</kw>
<if>
<branch type="IF" condition="'${version}' == '740'">
<if>
<branch type="IF" condition="'${support_package}' &gt;= 'SAPK-74014INSAPUI'">
<kw name="Write Excel" library="Verify_Pre_requisite">
<arg>${filepath}</arg>
<arg>${sheetname}</arg>
<arg>3</arg>
<arg>2</arg>
<arg>${SAP_UI_success}</arg>
<status status="NOT RUN" starttime="20240907 13:30:12.800" endtime="20240907 13:30:12.800"/>
</kw>
<kw name="Write Excel" library="Verify_Pre_requisite">
<arg>${filepath}</arg>
<arg>${sheetname}</arg>
<arg>3</arg>
<arg>3</arg>
<arg>Passed</arg>
<status status="NOT RUN" starttime="20240907 13:30:12.800" endtime="20240907 13:30:12.800"/>
</kw>
<status status="NOT RUN" starttime="20240907 13:30:12.800" endtime="20240907 13:30:12.800"/>
</branch>
<branch type="ELSE">
<kw name="Write Excel" library="Verify_Pre_requisite">
<arg>${filepath}</arg>
<arg>${sheetname}</arg>
<arg>3</arg>
<arg>2</arg>
<arg>${SAP_UI_fail}</arg>
<status status="NOT RUN" starttime="20240907 13:30:12.800" endtime="20240907 13:30:12.800"/>
</kw>
<kw name="Write Excel" library="Verify_Pre_requisite">
<arg>${filepath}</arg>
<arg>${sheetname}</arg>
<arg>3</arg>
<arg>3</arg>
<arg>Failed</arg>
<status status="NOT RUN" starttime="20240907 13:30:12.800" endtime="20240907 13:30:12.800"/>
</kw>
<status status="NOT RUN" starttime="20240907 13:30:12.800" endtime="20240907 13:30:12.800"/>
</branch>
<status status="NOT RUN" starttime="20240907 13:30:12.800" endtime="20240907 13:30:12.800"/>
</if>
<status status="NOT RUN" starttime="20240907 13:30:12.800" endtime="20240907 13:30:12.800"/>
</branch>
<branch type="ELSE IF" condition="'${version}' &gt;= '740'">
<kw name="Write Excel" library="Verify_Pre_requisite">
<arg>${filepath}</arg>
<arg>${sheetname}</arg>
<arg>3</arg>
<arg>2</arg>
<arg>${SAP_UI_success}</arg>
<kw name="Open Excel Document" library="ExcelLibrary">
<arg>${filepath}</arg>
<arg>1</arg>
<doc>Opens xlsx document file.</doc>
<status status="PASS" starttime="20240907 13:30:12.800" endtime="20240907 13:30:12.820"/>
</kw>
<kw name="Get Sheet" library="ExcelLibrary">
<arg>${sheetname}</arg>
<doc>Returns a page from the current document.</doc>
<status status="PASS" starttime="20240907 13:30:12.820" endtime="20240907 13:30:12.820"/>
</kw>
<kw name="Write Excel Cell" library="ExcelLibrary">
<arg>${rownum}</arg>
<arg>${colnum}</arg>
<arg>${cell_value}</arg>
<arg>${sheetname}</arg>
<doc>Writes value to the cell.</doc>
<status status="PASS" starttime="20240907 13:30:12.820" endtime="20240907 13:30:12.820"/>
</kw>
<kw name="Save Excel Document" library="ExcelLibrary">
<arg>${filepath}</arg>
<doc>Saves the current document to disk.</doc>
<status status="PASS" starttime="20240907 13:30:12.820" endtime="20240907 13:30:12.832"/>
</kw>
<kw name="Close Current Excel Document" library="ExcelLibrary">
<doc>Closes current document.</doc>
<status status="PASS" starttime="20240907 13:30:12.832" endtime="20240907 13:30:12.832"/>
</kw>
<status status="PASS" starttime="20240907 13:30:12.800" endtime="20240907 13:30:12.832"/>
</kw>
<kw name="Write Excel" library="Verify_Pre_requisite">
<arg>${filepath}</arg>
<arg>${sheetname}</arg>
<arg>3</arg>
<arg>3</arg>
<arg>Passed</arg>
<kw name="Open Excel Document" library="ExcelLibrary">
<arg>${filepath}</arg>
<arg>1</arg>
<doc>Opens xlsx document file.</doc>
<status status="PASS" starttime="20240907 13:30:12.832" endtime="20240907 13:30:12.848"/>
</kw>
<kw name="Get Sheet" library="ExcelLibrary">
<arg>${sheetname}</arg>
<doc>Returns a page from the current document.</doc>
<status status="PASS" starttime="20240907 13:30:12.848" endtime="20240907 13:30:12.848"/>
</kw>
<kw name="Write Excel Cell" library="ExcelLibrary">
<arg>${rownum}</arg>
<arg>${colnum}</arg>
<arg>${cell_value}</arg>
<arg>${sheetname}</arg>
<doc>Writes value to the cell.</doc>
<status status="PASS" starttime="20240907 13:30:12.848" endtime="20240907 13:30:12.848"/>
</kw>
<kw name="Save Excel Document" library="ExcelLibrary">
<arg>${filepath}</arg>
<doc>Saves the current document to disk.</doc>
<status status="PASS" starttime="20240907 13:30:12.848" endtime="20240907 13:30:12.864"/>
</kw>
<kw name="Close Current Excel Document" library="ExcelLibrary">
<doc>Closes current document.</doc>
<status status="PASS" starttime="20240907 13:30:12.864" endtime="20240907 13:30:12.864"/>
</kw>
<status status="PASS" starttime="20240907 13:30:12.832" endtime="20240907 13:30:12.864"/>
</kw>
<status status="PASS" starttime="20240907 13:30:12.800" endtime="20240907 13:30:12.864"/>
</branch>
<branch type="ELSE">
<kw name="Write Excel" library="Verify_Pre_requisite">
<arg>${filepath}</arg>
<arg>${sheetname}</arg>
<arg>3</arg>
<arg>2</arg>
<arg>${SAP_UI_fail}</arg>
<status status="NOT RUN" starttime="20240907 13:30:12.864" endtime="20240907 13:30:12.864"/>
</kw>
<kw name="Write Excel" library="Verify_Pre_requisite">
<arg>${filepath}</arg>
<arg>${sheetname}</arg>
<arg>3</arg>
<arg>3</arg>
<arg>Failed</arg>
<status status="NOT RUN" starttime="20240907 13:30:12.864" endtime="20240907 13:30:12.864"/>
</kw>
<status status="NOT RUN" starttime="20240907 13:30:12.864" endtime="20240907 13:30:12.864"/>
</branch>
<status status="PASS" starttime="20240907 13:30:12.800" endtime="20240907 13:30:12.864"/>
</if>
<status status="PASS" starttime="20240907 13:30:12.788" endtime="20240907 13:30:12.864"/>
</kw>
<kw name="Component ST-PI Version" library="Verify_Pre_requisite">
<kw name="Software Component Version" library="SAP_Tcode_Library">
<var>${version}</var>
<arg>wnd[2]/usr/tabsVERSDETAILS/tabpCOMP_VERS/ssubDETAIL_SUBSCREEN:SAPLOCS_UI_CONTROLS:0301/cntlSCV_CU_CONTROL/shellcont/shell</arg>
<arg>ST-PI</arg>
<msg timestamp="20240907 13:30:12.864" level="INFO">0
SAP_BASIS
Component ST-PI not found.
1
SAP_ABA
Component ST-PI not found.
2
SAP_GWFND
Component ST-PI not found.
3
SAP_UI
Component ST-PI not found.
4
ST-PI
Found version for ST-PI: 740</msg>
<msg timestamp="20240907 13:30:12.864" level="INFO">${version} = 740</msg>
<status status="PASS" starttime="20240907 13:30:12.864" endtime="20240907 13:30:12.864"/>
</kw>
<kw name="Software Support Package Version" library="SAP_Tcode_Library">
<var>${support_package}</var>
<arg>wnd[2]/usr/tabsVERSDETAILS/tabpCOMP_VERS/ssubDETAIL_SUBSCREEN:SAPLOCS_UI_CONTROLS:0301/cntlSCV_CU_CONTROL/shellcont/shell</arg>
<arg>ST-PI</arg>
<msg timestamp="20240907 13:30:12.864" level="INFO">Component ST-PI not found.
Component ST-PI not found.
Component ST-PI not found.
Component ST-PI not found.</msg>
<msg timestamp="20240907 13:30:12.864" level="INFO">${support_package} = SAPK-74027INSTPI</msg>
<status status="PASS" starttime="20240907 13:30:12.864" endtime="20240907 13:30:12.864"/>
</kw>
<if>
<branch type="IF" condition="'${version}' == '740'">
<if>
<msg timestamp="20240907 13:30:12.864" level="INFO">Sym.Dev.Current_Version: SAPK-74027INSTPI</msg>
<branch type="IF" condition="'${support_package}' == '${symvar('Current_Version')}'">
<kw name="Write Excel" library="Verify_Pre_requisite">
<arg>${filepath}</arg>
<arg>${sheetname}</arg>
<arg>4</arg>
<arg>2</arg>
<arg>${ST_PI_Success}</arg>
<kw name="Open Excel Document" library="ExcelLibrary">
<arg>${filepath}</arg>
<arg>1</arg>
<doc>Opens xlsx document file.</doc>
<status status="PASS" starttime="20240907 13:30:12.864" endtime="20240907 13:30:12.928"/>
</kw>
<kw name="Get Sheet" library="ExcelLibrary">
<arg>${sheetname}</arg>
<doc>Returns a page from the current document.</doc>
<status status="PASS" starttime="20240907 13:30:12.928" endtime="20240907 13:30:12.928"/>
</kw>
<kw name="Write Excel Cell" library="ExcelLibrary">
<arg>${rownum}</arg>
<arg>${colnum}</arg>
<arg>${cell_value}</arg>
<arg>${sheetname}</arg>
<doc>Writes value to the cell.</doc>
<status status="PASS" starttime="20240907 13:30:12.928" endtime="20240907 13:30:12.928"/>
</kw>
<kw name="Save Excel Document" library="ExcelLibrary">
<arg>${filepath}</arg>
<doc>Saves the current document to disk.</doc>
<status status="PASS" starttime="20240907 13:30:12.928" endtime="20240907 13:30:12.930"/>
</kw>
<kw name="Close Current Excel Document" library="ExcelLibrary">
<doc>Closes current document.</doc>
<status status="PASS" starttime="20240907 13:30:12.930" endtime="20240907 13:30:12.944"/>
</kw>
<status status="PASS" starttime="20240907 13:30:12.864" endtime="20240907 13:30:12.944"/>
</kw>
<kw name="Write Excel" library="Verify_Pre_requisite">
<arg>${filepath}</arg>
<arg>${sheetname}</arg>
<arg>4</arg>
<arg>3</arg>
<arg>Passed</arg>
<kw name="Open Excel Document" library="ExcelLibrary">
<arg>${filepath}</arg>
<arg>1</arg>
<doc>Opens xlsx document file.</doc>
<status status="PASS" starttime="20240907 13:30:12.944" endtime="20240907 13:30:12.944"/>
</kw>
<kw name="Get Sheet" library="ExcelLibrary">
<arg>${sheetname}</arg>
<doc>Returns a page from the current document.</doc>
<status status="PASS" starttime="20240907 13:30:12.944" endtime="20240907 13:30:12.944"/>
</kw>
<kw name="Write Excel Cell" library="ExcelLibrary">
<arg>${rownum}</arg>
<arg>${colnum}</arg>
<arg>${cell_value}</arg>
<arg>${sheetname}</arg>
<doc>Writes value to the cell.</doc>
<status status="PASS" starttime="20240907 13:30:12.944" endtime="20240907 13:30:12.944"/>
</kw>
<kw name="Save Excel Document" library="ExcelLibrary">
<arg>${filepath}</arg>
<doc>Saves the current document to disk.</doc>
<status status="PASS" starttime="20240907 13:30:12.944" endtime="20240907 13:30:12.960"/>
</kw>
<kw name="Close Current Excel Document" library="ExcelLibrary">
<doc>Closes current document.</doc>
<status status="PASS" starttime="20240907 13:30:12.960" endtime="20240907 13:30:12.960"/>
</kw>
<status status="PASS" starttime="20240907 13:30:12.944" endtime="20240907 13:30:12.960"/>
</kw>
<status status="PASS" starttime="20240907 13:30:12.864" endtime="20240907 13:30:12.960"/>
</branch>
<branch type="ELSE">
<kw name="Write Excel" library="Verify_Pre_requisite">
<arg>${filepath}</arg>
<arg>${sheetname}</arg>
<arg>4</arg>
<arg>2</arg>
<arg>${ST_PI_Fail}</arg>
<status status="NOT RUN" starttime="20240907 13:30:12.960" endtime="20240907 13:30:12.960"/>
</kw>
<kw name="Write Excel" library="Verify_Pre_requisite">
<arg>${filepath}</arg>
<arg>${sheetname}</arg>
<arg>4</arg>
<arg>3</arg>
<arg>Failed</arg>
<status status="NOT RUN" starttime="20240907 13:30:12.960" endtime="20240907 13:30:12.960"/>
</kw>
<status status="NOT RUN" starttime="20240907 13:30:12.960" endtime="20240907 13:30:12.960"/>
</branch>
<status status="PASS" starttime="20240907 13:30:12.864" endtime="20240907 13:30:12.960"/>
</if>
<status status="PASS" starttime="20240907 13:30:12.864" endtime="20240907 13:30:12.960"/>
</branch>
<branch type="ELSE">
<kw name="Write Excel" library="Verify_Pre_requisite">
<arg>${filepath}</arg>
<arg>${sheetname}</arg>
<arg>4</arg>
<arg>2</arg>
<arg>${ST_PI_Fail}</arg>
<status status="NOT RUN" starttime="20240907 13:30:12.960" endtime="20240907 13:30:12.960"/>
</kw>
<kw name="Write Excel" library="Verify_Pre_requisite">
<arg>${filepath}</arg>
<arg>${sheetname}</arg>
<arg>4</arg>
<arg>3</arg>
<arg>Failed</arg>
<status status="NOT RUN" starttime="20240907 13:30:12.960" endtime="20240907 13:30:12.960"/>
</kw>
<status status="NOT RUN" starttime="20240907 13:30:12.960" endtime="20240907 13:30:12.960"/>
</branch>
<status status="PASS" starttime="20240907 13:30:12.864" endtime="20240907 13:30:12.960"/>
</if>
<kw name="Close Window" library="SAP_Tcode_Library">
<arg>wnd[2]</arg>
<status status="PASS" starttime="20240907 13:30:12.960" endtime="20240907 13:30:13.101"/>
</kw>
<kw name="Close Window" library="SAP_Tcode_Library">
<arg>wnd[1]</arg>
<status status="PASS" starttime="20240907 13:30:13.101" endtime="20240907 13:30:13.164"/>
</kw>
<status status="PASS" starttime="20240907 13:30:12.864" endtime="20240907 13:30:13.164"/>
</kw>
<kw name="Verify parameter in RZ10" library="Verify_Pre_requisite">
<kw name="Run Transaction" library="SAP_Tcode_Library">
<arg>/nRZ10</arg>
<doc>Runs a Sap transaction. An error is given when an unknown transaction is specified.</doc>
<status status="PASS" starttime="20240907 13:30:13.179" endtime="20240907 13:30:13.291"/>
</kw>
<kw name="Send Vkey" library="SAP_Tcode_Library">
<arg>4</arg>
<arg>window=0</arg>
<doc>Sends a SAP virtual key combination to the window, not into an element.
If you want to send a value to a text field, use `input text` instead.</doc>
<status status="PASS" starttime="20240907 13:30:13.291" endtime="20240907 13:30:13.403"/>
</kw>
<kw name="Select Profile Label" library="SAP_Tcode_Library">
<arg>wnd[1]/usr</arg>
<arg>DEFAULT</arg>
<msg timestamp="20240907 13:30:13.498" level="INFO">Text Found: DEFAULT</msg>
<status status="PASS" starttime="20240907 13:30:13.403" endtime="20240907 13:30:13.498"/>
</kw>
<kw name="Click Element" library="SAP_Tcode_Library">
<arg>wnd[1]/tbar[0]/btn[0]</arg>
<doc>Performs a single click on a given element. Used only for buttons, tabs and menu items.</doc>
<status status="PASS" starttime="20240907 13:30:13.498" endtime="20240907 13:30:13.594"/>
</kw>
<kw name="Select Radio Button" library="SAP_Tcode_Library">
<arg>wnd[0]/usr/radSPFL1010-EXPERT</arg>
<doc>Sets radio button to the specified value.</doc>
<status status="PASS" starttime="20240907 13:30:13.594" endtime="20240907 13:30:13.600"/>
</kw>
<kw name="Click Element" library="SAP_Tcode_Library">
<arg>wnd[0]/usr/btnEDIT_PUSH</arg>
<doc>Performs a single click on a given element. Used only for buttons, tabs and menu items.</doc>
<status status="PASS" starttime="20240907 13:30:13.600" endtime="20240907 13:30:13.801"/>
</kw>
<kw name="Get Length" library="BuiltIn">
<var>${length}</var>
<arg>${parameters}</arg>
<doc>Returns and logs the length of the given item as an integer.</doc>
<msg timestamp="20240907 13:30:13.801" level="INFO">Length is 7</msg>
<msg timestamp="20240907 13:30:13.801" level="INFO">${length} = 7</msg>
<status status="PASS" starttime="20240907 13:30:13.801" endtime="20240907 13:30:13.801"/>
</kw>
<for flavor="IN RANGE">
<var>${i}</var>
<value>0</value>
<value>${length}</value>
<iter>
<var name="${i}">0</var>
<kw name="Check Parameter Found" library="SAP_Tcode_Library">
<var>${result}</var>
<arg>wnd[0]/usr</arg>
<arg>${parameters}[${i}]</arg>
<msg timestamp="20240907 13:30:14.482" level="INFO">ssl/ciphersuites</msg>
<msg timestamp="20240907 13:30:14.482" level="INFO">${result} = ssl/ciphersuites</msg>
<status status="PASS" starttime="20240907 13:30:13.801" endtime="20240907 13:30:14.482"/>
</kw>
<if>
<branch type="IF" condition="'${result}' == '${parameters}[${i}]'">
<kw name="Get Parameter Value" library="SAP_Tcode_Library">
<arg>wnd[0]/usr</arg>
<arg>${parameters}[${i}]</arg>
<status status="PASS" starttime="20240907 13:30:14.482" endtime="20240907 13:30:15.212"/>
</kw>
<kw name="Get Value" library="SAP_Tcode_Library">
<var>${param_value}</var>
<arg>wnd[0]/usr/sub:SAPLSPF2:0030[0]/txtPARAMETER_INT_VALUES-PVALUE[0,0]</arg>
<doc>Gets the value of the given element. The possible return values depend on the type of element (see Return values).</doc>
<msg timestamp="20240907 13:30:15.212" level="INFO">${param_value} = 135:PFS:HIGH::EC_X25519:EC_P256:EC_HIGH</msg>
<status status="PASS" starttime="20240907 13:30:15.212" endtime="20240907 13:30:15.212"/>
</kw>
<if>
<branch type="IF" condition="'${param_value}' == '${values}[${i}]'">
<kw name="Write Excel" library="Verify_Pre_requisite">
<arg>${filepath}</arg>
<arg>${sheetname}</arg>
<arg>5</arg>
<arg>2</arg>
<arg>${parameter_Pass}</arg>
<kw name="Open Excel Document" library="ExcelLibrary">
<arg>${filepath}</arg>
<arg>1</arg>
<doc>Opens xlsx document file.</doc>
<status status="PASS" starttime="20240907 13:30:15.212" endtime="20240907 13:30:15.240"/>
</kw>
<kw name="Get Sheet" library="ExcelLibrary">
<arg>${sheetname}</arg>
<doc>Returns a page from the current document.</doc>
<status status="PASS" starttime="20240907 13:30:15.240" endtime="20240907 13:30:15.240"/>
</kw>
<kw name="Write Excel Cell" library="ExcelLibrary">
<arg>${rownum}</arg>
<arg>${colnum}</arg>
<arg>${cell_value}</arg>
<arg>${sheetname}</arg>
<doc>Writes value to the cell.</doc>
<status status="PASS" starttime="20240907 13:30:15.240" endtime="20240907 13:30:15.240"/>
</kw>
<kw name="Save Excel Document" library="ExcelLibrary">
<arg>${filepath}</arg>
<doc>Saves the current document to disk.</doc>
<status status="PASS" starttime="20240907 13:30:15.240" endtime="20240907 13:30:15.243"/>
</kw>
<kw name="Close Current Excel Document" library="ExcelLibrary">
<doc>Closes current document.</doc>
<status status="PASS" starttime="20240907 13:30:15.243" endtime="20240907 13:30:15.243"/>
</kw>
<status status="PASS" starttime="20240907 13:30:15.212" endtime="20240907 13:30:15.243"/>
</kw>
<kw name="Write Excel" library="Verify_Pre_requisite">
<arg>${filepath}</arg>
<arg>${sheetname}</arg>
<arg>5</arg>
<arg>3</arg>
<arg>Passed</arg>
<kw name="Open Excel Document" library="ExcelLibrary">
<arg>${filepath}</arg>
<arg>1</arg>
<doc>Opens xlsx document file.</doc>
<status status="PASS" starttime="20240907 13:30:15.243" endtime="20240907 13:30:15.259"/>
</kw>
<kw name="Get Sheet" library="ExcelLibrary">
<arg>${sheetname}</arg>
<doc>Returns a page from the current document.</doc>
<status status="PASS" starttime="20240907 13:30:15.259" endtime="20240907 13:30:15.259"/>
</kw>
<kw name="Write Excel Cell" library="ExcelLibrary">
<arg>${rownum}</arg>
<arg>${colnum}</arg>
<arg>${cell_value}</arg>
<arg>${sheetname}</arg>
<doc>Writes value to the cell.</doc>
<status status="PASS" starttime="20240907 13:30:15.259" endtime="20240907 13:30:15.259"/>
</kw>
<kw name="Save Excel Document" library="ExcelLibrary">
<arg>${filepath}</arg>
<doc>Saves the current document to disk.</doc>
<status status="PASS" starttime="20240907 13:30:15.259" endtime="20240907 13:30:15.275"/>
</kw>
<kw name="Close Current Excel Document" library="ExcelLibrary">
<doc>Closes current document.</doc>
<status status="PASS" starttime="20240907 13:30:15.275" endtime="20240907 13:30:15.275"/>
</kw>
<status status="PASS" starttime="20240907 13:30:15.243" endtime="20240907 13:30:15.275"/>
</kw>
<kw name="Click Element" library="SAP_Tcode_Library">
<arg>wnd[0]/tbar[0]/btn[3]</arg>
<doc>Performs a single click on a given element. Used only for buttons, tabs and menu items.</doc>
<status status="PASS" starttime="20240907 13:30:15.275" endtime="20240907 13:30:15.386"/>
</kw>
<status status="PASS" starttime="20240907 13:30:15.212" endtime="20240907 13:30:15.386"/>
</branch>
<branch type="ELSE">
<kw name="Write Excel" library="Verify_Pre_requisite">
<arg>${filepath}</arg>
<arg>${sheetname}</arg>
<arg>5</arg>
<arg>2</arg>
<arg>${parameter_Fail}</arg>
<status status="NOT RUN" starttime="20240907 13:30:15.386" endtime="20240907 13:30:15.386"/>
</kw>
<kw name="Write Excel" library="Verify_Pre_requisite">
<arg>${filepath}</arg>
<arg>${sheetname}</arg>
<arg>5</arg>
<arg>3</arg>
<arg>Failed</arg>
<status status="NOT RUN" starttime="20240907 13:30:15.386" endtime="20240907 13:30:15.386"/>
</kw>
<status status="NOT RUN" starttime="20240907 13:30:15.386" endtime="20240907 13:30:15.386"/>
</branch>
<status status="PASS" starttime="20240907 13:30:15.212" endtime="20240907 13:30:15.386"/>
</if>
<status status="PASS" starttime="20240907 13:30:14.482" endtime="20240907 13:30:15.386"/>
</branch>
<branch type="ELSE">
<kw name="Write Excel" library="Verify_Pre_requisite">
<arg>${filepath}</arg>
<arg>${sheetname}</arg>
<arg>5</arg>
<arg>2</arg>
<arg>${parameter_Fail}</arg>
<status status="NOT RUN" starttime="20240907 13:30:15.386" endtime="20240907 13:30:15.386"/>
</kw>
<kw name="Write Excel" library="Verify_Pre_requisite">
<arg>${filepath}</arg>
<arg>${sheetname}</arg>
<arg>5</arg>
<arg>3</arg>
<arg>Failed</arg>
<status status="NOT RUN" starttime="20240907 13:30:15.386" endtime="20240907 13:30:15.386"/>
</kw>
<status status="NOT RUN" starttime="20240907 13:30:15.386" endtime="20240907 13:30:15.386"/>
</branch>
<status status="PASS" starttime="20240907 13:30:14.482" endtime="20240907 13:30:15.386"/>
</if>
<status status="PASS" starttime="20240907 13:30:13.801" endtime="20240907 13:30:15.386"/>
</iter>
<iter>
<var name="${i}">1</var>
<kw name="Check Parameter Found" library="SAP_Tcode_Library">
<var>${result}</var>
<arg>wnd[0]/usr</arg>
<arg>${parameters}[${i}]</arg>
<msg timestamp="20240907 13:30:16.044" level="INFO">ssl/client_ciphersuites</msg>
<msg timestamp="20240907 13:30:16.044" level="INFO">${result} = ssl/client_ciphersuites</msg>
<status status="PASS" starttime="20240907 13:30:15.386" endtime="20240907 13:30:16.044"/>
</kw>
<if>
<branch type="IF" condition="'${result}' == '${parameters}[${i}]'">
<kw name="Get Parameter Value" library="SAP_Tcode_Library">
<arg>wnd[0]/usr</arg>
<arg>${parameters}[${i}]</arg>
<status status="PASS" starttime="20240907 13:30:16.044" endtime="20240907 13:30:16.791"/>
</kw>
<kw name="Get Value" library="SAP_Tcode_Library">
<var>${param_value}</var>
<arg>wnd[0]/usr/sub:SAPLSPF2:0030[0]/txtPARAMETER_INT_VALUES-PVALUE[0,0]</arg>
<doc>Gets the value of the given element. The possible return values depend on the type of element (see Return values).</doc>
<msg timestamp="20240907 13:30:16.807" level="INFO">${param_value} = 150:PFS:HIGH::EC_X25519:EC_P256:EC_HIGH</msg>
<status status="PASS" starttime="20240907 13:30:16.791" endtime="20240907 13:30:16.807"/>
</kw>
<if>
<branch type="IF" condition="'${param_value}' == '${values}[${i}]'">
<kw name="Write Excel" library="Verify_Pre_requisite">
<arg>${filepath}</arg>
<arg>${sheetname}</arg>
<arg>5</arg>
<arg>2</arg>
<arg>${parameter_Pass}</arg>
<kw name="Open Excel Document" library="ExcelLibrary">
<arg>${filepath}</arg>
<arg>1</arg>
<doc>Opens xlsx document file.</doc>
<status status="PASS" starttime="20240907 13:30:16.807" endtime="20240907 13:30:16.823"/>
</kw>
<kw name="Get Sheet" library="ExcelLibrary">
<arg>${sheetname}</arg>
<doc>Returns a page from the current document.</doc>
<status status="PASS" starttime="20240907 13:30:16.823" endtime="20240907 13:30:16.823"/>
</kw>
<kw name="Write Excel Cell" library="ExcelLibrary">
<arg>${rownum}</arg>
<arg>${colnum}</arg>
<arg>${cell_value}</arg>
<arg>${sheetname}</arg>
<doc>Writes value to the cell.</doc>
<status status="PASS" starttime="20240907 13:30:16.823" endtime="20240907 13:30:16.823"/>
</kw>
<kw name="Save Excel Document" library="ExcelLibrary">
<arg>${filepath}</arg>
<doc>Saves the current document to disk.</doc>
<status status="PASS" starttime="20240907 13:30:16.823" endtime="20240907 13:30:16.839"/>
</kw>
<kw name="Close Current Excel Document" library="ExcelLibrary">
<doc>Closes current document.</doc>
<status status="PASS" starttime="20240907 13:30:16.839" endtime="20240907 13:30:16.839"/>
</kw>
<status status="PASS" starttime="20240907 13:30:16.807" endtime="20240907 13:30:16.839"/>
</kw>
<kw name="Write Excel" library="Verify_Pre_requisite">
<arg>${filepath}</arg>
<arg>${sheetname}</arg>
<arg>5</arg>
<arg>3</arg>
<arg>Passed</arg>
<kw name="Open Excel Document" library="ExcelLibrary">
<arg>${filepath}</arg>
<arg>1</arg>
<doc>Opens xlsx document file.</doc>
<status status="PASS" starttime="20240907 13:30:16.839" endtime="20240907 13:30:16.851"/>
</kw>
<kw name="Get Sheet" library="ExcelLibrary">
<arg>${sheetname}</arg>
<doc>Returns a page from the current document.</doc>
<status status="PASS" starttime="20240907 13:30:16.851" endtime="20240907 13:30:16.851"/>
</kw>
<kw name="Write Excel Cell" library="ExcelLibrary">
<arg>${rownum}</arg>
<arg>${colnum}</arg>
<arg>${cell_value}</arg>
<arg>${sheetname}</arg>
<doc>Writes value to the cell.</doc>
<status status="PASS" starttime="20240907 13:30:16.851" endtime="20240907 13:30:16.851"/>
</kw>
<kw name="Save Excel Document" library="ExcelLibrary">
<arg>${filepath}</arg>
<doc>Saves the current document to disk.</doc>
<status status="PASS" starttime="20240907 13:30:16.855" endtime="20240907 13:30:16.855"/>
</kw>
<kw name="Close Current Excel Document" library="ExcelLibrary">
<doc>Closes current document.</doc>
<status status="PASS" starttime="20240907 13:30:16.855" endtime="20240907 13:30:16.855"/>
</kw>
<status status="PASS" starttime="20240907 13:30:16.839" endtime="20240907 13:30:16.855"/>
</kw>
<kw name="Click Element" library="SAP_Tcode_Library">
<arg>wnd[0]/tbar[0]/btn[3]</arg>
<doc>Performs a single click on a given element. Used only for buttons, tabs and menu items.</doc>
<status status="PASS" starttime="20240907 13:30:16.855" endtime="20240907 13:30:16.965"/>
</kw>
<status status="PASS" starttime="20240907 13:30:16.807" endtime="20240907 13:30:16.965"/>
</branch>
<branch type="ELSE">
<kw name="Write Excel" library="Verify_Pre_requisite">
<arg>${filepath}</arg>
<arg>${sheetname}</arg>
<arg>5</arg>
<arg>2</arg>
<arg>${parameter_Fail}</arg>
<status status="NOT RUN" starttime="20240907 13:30:16.965" endtime="20240907 13:30:16.965"/>
</kw>
<kw name="Write Excel" library="Verify_Pre_requisite">
<arg>${filepath}</arg>
<arg>${sheetname}</arg>
<arg>5</arg>
<arg>3</arg>
<arg>Failed</arg>
<status status="NOT RUN" starttime="20240907 13:30:16.965" endtime="20240907 13:30:16.965"/>
</kw>
<status status="NOT RUN" starttime="20240907 13:30:16.965" endtime="20240907 13:30:16.965"/>
</branch>
<status status="PASS" starttime="20240907 13:30:16.807" endtime="20240907 13:30:16.965"/>
</if>
<status status="PASS" starttime="20240907 13:30:16.044" endtime="20240907 13:30:16.965"/>
</branch>
<branch type="ELSE">
<kw name="Write Excel" library="Verify_Pre_requisite">
<arg>${filepath}</arg>
<arg>${sheetname}</arg>
<arg>5</arg>
<arg>2</arg>
<arg>${parameter_Fail}</arg>
<status status="NOT RUN" starttime="20240907 13:30:16.965" endtime="20240907 13:30:16.965"/>
</kw>
<kw name="Write Excel" library="Verify_Pre_requisite">
<arg>${filepath}</arg>
<arg>${sheetname}</arg>
<arg>5</arg>
<arg>3</arg>
<arg>Failed</arg>
<status status="NOT RUN" starttime="20240907 13:30:16.965" endtime="20240907 13:30:16.965"/>
</kw>
<status status="NOT RUN" starttime="20240907 13:30:16.965" endtime="20240907 13:30:16.965"/>
</branch>
<status status="PASS" starttime="20240907 13:30:16.044" endtime="20240907 13:30:16.965"/>
</if>
<status status="PASS" starttime="20240907 13:30:15.386" endtime="20240907 13:30:16.965"/>
</iter>
<iter>
<var name="${i}">2</var>
<kw name="Check Parameter Found" library="SAP_Tcode_Library">
<var>${result}</var>
<arg>wnd[0]/usr</arg>
<arg>${parameters}[${i}]</arg>
<msg timestamp="20240907 13:30:17.632" level="INFO">icm/HTTPS/client_sni_enabled</msg>
<msg timestamp="20240907 13:30:17.632" level="INFO">${result} = icm/HTTPS/client_sni_enabled</msg>
<status status="PASS" starttime="20240907 13:30:16.965" endtime="20240907 13:30:17.632"/>
</kw>
<if>
<branch type="IF" condition="'${result}' == '${parameters}[${i}]'">
<kw name="Get Parameter Value" library="SAP_Tcode_Library">
<arg>wnd[0]/usr</arg>
<arg>${parameters}[${i}]</arg>
<status status="PASS" starttime="20240907 13:30:17.632" endtime="20240907 13:30:18.421"/>
</kw>
<kw name="Get Value" library="SAP_Tcode_Library">
<var>${param_value}</var>
<arg>wnd[0]/usr/sub:SAPLSPF2:0030[0]/txtPARAMETER_INT_VALUES-PVALUE[0,0]</arg>
<doc>Gets the value of the given element. The possible return values depend on the type of element (see Return values).</doc>
<msg timestamp="20240907 13:30:18.444" level="INFO">${param_value} = TRUE</msg>
<status status="PASS" starttime="20240907 13:30:18.421" endtime="20240907 13:30:18.444"/>
</kw>
<if>
<branch type="IF" condition="'${param_value}' == '${values}[${i}]'">
<kw name="Write Excel" library="Verify_Pre_requisite">
<arg>${filepath}</arg>
<arg>${sheetname}</arg>
<arg>5</arg>
<arg>2</arg>
<arg>${parameter_Pass}</arg>
<kw name="Open Excel Document" library="ExcelLibrary">
<arg>${filepath}</arg>
<arg>1</arg>
<doc>Opens xlsx document file.</doc>
<status status="PASS" starttime="20240907 13:30:18.444" endtime="20240907 13:30:18.444"/>
</kw>
<kw name="Get Sheet" library="ExcelLibrary">
<arg>${sheetname}</arg>
<doc>Returns a page from the current document.</doc>
<status status="PASS" starttime="20240907 13:30:18.453" endtime="20240907 13:30:18.454"/>
</kw>
<kw name="Write Excel Cell" library="ExcelLibrary">
<arg>${rownum}</arg>
<arg>${colnum}</arg>
<arg>${cell_value}</arg>
<arg>${sheetname}</arg>
<doc>Writes value to the cell.</doc>
<status status="PASS" starttime="20240907 13:30:18.454" endtime="20240907 13:30:18.454"/>
</kw>
<kw name="Save Excel Document" library="ExcelLibrary">
<arg>${filepath}</arg>
<doc>Saves the current document to disk.</doc>
<status status="PASS" starttime="20240907 13:30:18.454" endtime="20240907 13:30:18.454"/>
</kw>
<kw name="Close Current Excel Document" library="ExcelLibrary">
<doc>Closes current document.</doc>
<status status="PASS" starttime="20240907 13:30:18.454" endtime="20240907 13:30:18.454"/>
</kw>
<status status="PASS" starttime="20240907 13:30:18.444" endtime="20240907 13:30:18.454"/>
</kw>
<kw name="Write Excel" library="Verify_Pre_requisite">
<arg>${filepath}</arg>
<arg>${sheetname}</arg>
<arg>5</arg>
<arg>3</arg>
<arg>Passed</arg>
<kw name="Open Excel Document" library="ExcelLibrary">
<arg>${filepath}</arg>
<arg>1</arg>
<doc>Opens xlsx document file.</doc>
<status status="PASS" starttime="20240907 13:30:18.454" endtime="20240907 13:30:18.476"/>
</kw>
<kw name="Get Sheet" library="ExcelLibrary">
<arg>${sheetname}</arg>
<doc>Returns a page from the current document.</doc>
<status status="PASS" starttime="20240907 13:30:18.476" endtime="20240907 13:30:18.476"/>
</kw>
<kw name="Write Excel Cell" library="ExcelLibrary">
<arg>${rownum}</arg>
<arg>${colnum}</arg>
<arg>${cell_value}</arg>
<arg>${sheetname}</arg>
<doc>Writes value to the cell.</doc>
<status status="PASS" starttime="20240907 13:30:18.476" endtime="20240907 13:30:18.476"/>
</kw>
<kw name="Save Excel Document" library="ExcelLibrary">
<arg>${filepath}</arg>
<doc>Saves the current document to disk.</doc>
<status status="PASS" starttime="20240907 13:30:18.476" endtime="20240907 13:30:18.485"/>
</kw>
<kw name="Close Current Excel Document" library="ExcelLibrary">
<doc>Closes current document.</doc>
<status status="PASS" starttime="20240907 13:30:18.485" endtime="20240907 13:30:18.485"/>
</kw>
<status status="PASS" starttime="20240907 13:30:18.454" endtime="20240907 13:30:18.485"/>
</kw>
<kw name="Click Element" library="SAP_Tcode_Library">
<arg>wnd[0]/tbar[0]/btn[3]</arg>
<doc>Performs a single click on a given element. Used only for buttons, tabs and menu items.</doc>
<status status="PASS" starttime="20240907 13:30:18.485" endtime="20240907 13:30:18.580"/>
</kw>
<status status="PASS" starttime="20240907 13:30:18.444" endtime="20240907 13:30:18.580"/>
</branch>
<branch type="ELSE">
<kw name="Write Excel" library="Verify_Pre_requisite">
<arg>${filepath}</arg>
<arg>${sheetname}</arg>
<arg>5</arg>
<arg>2</arg>
<arg>${parameter_Fail}</arg>
<status status="NOT RUN" starttime="20240907 13:30:18.580" endtime="20240907 13:30:18.580"/>
</kw>
<kw name="Write Excel" library="Verify_Pre_requisite">
<arg>${filepath}</arg>
<arg>${sheetname}</arg>
<arg>5</arg>
<arg>3</arg>
<arg>Failed</arg>
<status status="NOT RUN" starttime="20240907 13:30:18.580" endtime="20240907 13:30:18.580"/>
</kw>
<status status="NOT RUN" starttime="20240907 13:30:18.580" endtime="20240907 13:30:18.580"/>
</branch>
<status status="PASS" starttime="20240907 13:30:18.444" endtime="20240907 13:30:18.580"/>
</if>
<status status="PASS" starttime="20240907 13:30:17.632" endtime="20240907 13:30:18.580"/>
</branch>
<branch type="ELSE">
<kw name="Write Excel" library="Verify_Pre_requisite">
<arg>${filepath}</arg>
<arg>${sheetname}</arg>
<arg>5</arg>
<arg>2</arg>
<arg>${parameter_Fail}</arg>
<status status="NOT RUN" starttime="20240907 13:30:18.580" endtime="20240907 13:30:18.580"/>
</kw>
<kw name="Write Excel" library="Verify_Pre_requisite">
<arg>${filepath}</arg>
<arg>${sheetname}</arg>
<arg>5</arg>
<arg>3</arg>
<arg>Failed</arg>
<status status="NOT RUN" starttime="20240907 13:30:18.580" endtime="20240907 13:30:18.580"/>
</kw>
<status status="NOT RUN" starttime="20240907 13:30:18.580" endtime="20240907 13:30:18.580"/>
</branch>
<status status="PASS" starttime="20240907 13:30:17.632" endtime="20240907 13:30:18.580"/>
</if>
<status status="PASS" starttime="20240907 13:30:16.965" endtime="20240907 13:30:18.580"/>
</iter>
<iter>
<var name="${i}">3</var>
<kw name="Check Parameter Found" library="SAP_Tcode_Library">
<var>${result}</var>
<arg>wnd[0]/usr</arg>
<arg>${parameters}[${i}]</arg>
<msg timestamp="20240907 13:30:19.262" level="INFO">ssl/client_sni_enabled</msg>
<msg timestamp="20240907 13:30:19.262" level="INFO">${result} = ssl/client_sni_enabled</msg>
<status status="PASS" starttime="20240907 13:30:18.580" endtime="20240907 13:30:19.262"/>
</kw>
<if>
<branch type="IF" condition="'${result}' == '${parameters}[${i}]'">
<kw name="Get Parameter Value" library="SAP_Tcode_Library">
<arg>wnd[0]/usr</arg>
<arg>${parameters}[${i}]</arg>
<status status="PASS" starttime="20240907 13:30:19.262" endtime="20240907 13:30:20.061"/>
</kw>
<kw name="Get Value" library="SAP_Tcode_Library">
<var>${param_value}</var>
<arg>wnd[0]/usr/sub:SAPLSPF2:0030[0]/txtPARAMETER_INT_VALUES-PVALUE[0,0]</arg>
<doc>Gets the value of the given element. The possible return values depend on the type of element (see Return values).</doc>
<msg timestamp="20240907 13:30:20.070" level="INFO">${param_value} = TRUE</msg>
<status status="PASS" starttime="20240907 13:30:20.070" endtime="20240907 13:30:20.070"/>
</kw>
<if>
<branch type="IF" condition="'${param_value}' == '${values}[${i}]'">
<kw name="Write Excel" library="Verify_Pre_requisite">
<arg>${filepath}</arg>
<arg>${sheetname}</arg>
<arg>5</arg>
<arg>2</arg>
<arg>${parameter_Pass}</arg>
<kw name="Open Excel Document" library="ExcelLibrary">
<arg>${filepath}</arg>
<arg>1</arg>
<doc>Opens xlsx document file.</doc>
<status status="PASS" starttime="20240907 13:30:20.070" endtime="20240907 13:30:20.085"/>
</kw>
<kw name="Get Sheet" library="ExcelLibrary">
<arg>${sheetname}</arg>
<doc>Returns a page from the current document.</doc>
<status status="PASS" starttime="20240907 13:30:20.085" endtime="20240907 13:30:20.085"/>
</kw>
<kw name="Write Excel Cell" library="ExcelLibrary">
<arg>${rownum}</arg>
<arg>${colnum}</arg>
<arg>${cell_value}</arg>
<arg>${sheetname}</arg>
<doc>Writes value to the cell.</doc>
<status status="PASS" starttime="20240907 13:30:20.085" endtime="20240907 13:30:20.085"/>
</kw>
<kw name="Save Excel Document" library="ExcelLibrary">
<arg>${filepath}</arg>
<doc>Saves the current document to disk.</doc>
<status status="PASS" starttime="20240907 13:30:20.085" endtime="20240907 13:30:20.085"/>
</kw>
<kw name="Close Current Excel Document" library="ExcelLibrary">
<doc>Closes current document.</doc>
<status status="PASS" starttime="20240907 13:30:20.085" endtime="20240907 13:30:20.085"/>
</kw>
<status status="PASS" starttime="20240907 13:30:20.070" endtime="20240907 13:30:20.085"/>
</kw>
<kw name="Write Excel" library="Verify_Pre_requisite">
<arg>${filepath}</arg>
<arg>${sheetname}</arg>
<arg>5</arg>
<arg>3</arg>
<arg>Passed</arg>
<kw name="Open Excel Document" library="ExcelLibrary">
<arg>${filepath}</arg>
<arg>1</arg>
<doc>Opens xlsx document file.</doc>
<status status="PASS" starttime="20240907 13:30:20.085" endtime="20240907 13:30:20.101"/>
</kw>
<kw name="Get Sheet" library="ExcelLibrary">
<arg>${sheetname}</arg>
<doc>Returns a page from the current document.</doc>
<status status="PASS" starttime="20240907 13:30:20.101" endtime="20240907 13:30:20.101"/>
</kw>
<kw name="Write Excel Cell" library="ExcelLibrary">
<arg>${rownum}</arg>
<arg>${colnum}</arg>
<arg>${cell_value}</arg>
<arg>${sheetname}</arg>
<doc>Writes value to the cell.</doc>
<status status="PASS" starttime="20240907 13:30:20.101" endtime="20240907 13:30:20.101"/>
</kw>
<kw name="Save Excel Document" library="ExcelLibrary">
<arg>${filepath}</arg>
<doc>Saves the current document to disk.</doc>
<status status="PASS" starttime="20240907 13:30:20.101" endtime="20240907 13:30:20.117"/>
</kw>
<kw name="Close Current Excel Document" library="ExcelLibrary">
<doc>Closes current document.</doc>
<status status="PASS" starttime="20240907 13:30:20.117" endtime="20240907 13:30:20.117"/>
</kw>
<status status="PASS" starttime="20240907 13:30:20.085" endtime="20240907 13:30:20.117"/>
</kw>
<kw name="Click Element" library="SAP_Tcode_Library">
<arg>wnd[0]/tbar[0]/btn[3]</arg>
<doc>Performs a single click on a given element. Used only for buttons, tabs and menu items.</doc>
<status status="PASS" starttime="20240907 13:30:20.117" endtime="20240907 13:30:20.212"/>
</kw>
<status status="PASS" starttime="20240907 13:30:20.070" endtime="20240907 13:30:20.212"/>
</branch>
<branch type="ELSE">
<kw name="Write Excel" library="Verify_Pre_requisite">
<arg>${filepath}</arg>
<arg>${sheetname}</arg>
<arg>5</arg>
<arg>2</arg>
<arg>${parameter_Fail}</arg>
<status status="NOT RUN" starttime="20240907 13:30:20.212" endtime="20240907 13:30:20.212"/>
</kw>
<kw name="Write Excel" library="Verify_Pre_requisite">
<arg>${filepath}</arg>
<arg>${sheetname}</arg>
<arg>5</arg>
<arg>3</arg>
<arg>Failed</arg>
<status status="NOT RUN" starttime="20240907 13:30:20.212" endtime="20240907 13:30:20.212"/>
</kw>
<status status="NOT RUN" starttime="20240907 13:30:20.212" endtime="20240907 13:30:20.212"/>
</branch>
<status status="PASS" starttime="20240907 13:30:20.070" endtime="20240907 13:30:20.212"/>
</if>
<status status="PASS" starttime="20240907 13:30:19.262" endtime="20240907 13:30:20.212"/>
</branch>
<branch type="ELSE">
<kw name="Write Excel" library="Verify_Pre_requisite">
<arg>${filepath}</arg>
<arg>${sheetname}</arg>
<arg>5</arg>
<arg>2</arg>
<arg>${parameter_Fail}</arg>
<status status="NOT RUN" starttime="20240907 13:30:20.212" endtime="20240907 13:30:20.212"/>
</kw>
<kw name="Write Excel" library="Verify_Pre_requisite">
<arg>${filepath}</arg>
<arg>${sheetname}</arg>
<arg>5</arg>
<arg>3</arg>
<arg>Failed</arg>
<status status="NOT RUN" starttime="20240907 13:30:20.212" endtime="20240907 13:30:20.212"/>
</kw>
<status status="NOT RUN" starttime="20240907 13:30:20.212" endtime="20240907 13:30:20.212"/>
</branch>
<status status="PASS" starttime="20240907 13:30:19.262" endtime="20240907 13:30:20.212"/>
</if>
<status status="PASS" starttime="20240907 13:30:18.580" endtime="20240907 13:30:20.212"/>
</iter>
<iter>
<var name="${i}">4</var>
<kw name="Check Parameter Found" library="SAP_Tcode_Library">
<var>${result}</var>
<arg>wnd[0]/usr</arg>
<arg>${parameters}[${i}]</arg>
<msg timestamp="20240907 13:30:20.926" level="INFO">SETENV_26</msg>
<msg timestamp="20240907 13:30:20.926" level="INFO">${result} = SETENV_26</msg>
<status status="PASS" starttime="20240907 13:30:20.212" endtime="20240907 13:30:20.926"/>
</kw>
<if>
<branch type="IF" condition="'${result}' == '${parameters}[${i}]'">
<kw name="Get Parameter Value" library="SAP_Tcode_Library">
<arg>wnd[0]/usr</arg>
<arg>${parameters}[${i}]</arg>
<status status="PASS" starttime="20240907 13:30:20.926" endtime="20240907 13:30:21.706"/>
</kw>
<kw name="Get Value" library="SAP_Tcode_Library">
<var>${param_value}</var>
<arg>wnd[0]/usr/sub:SAPLSPF2:0030[0]/txtPARAMETER_INT_VALUES-PVALUE[0,0]</arg>
<doc>Gets the value of the given element. The possible return values depend on the type of element (see Return values).</doc>
<msg timestamp="20240907 13:30:21.726" level="INFO">${param_value} = SECUDIR=$(DIR_INSTANCE)$(DIR_SEP)sec</msg>
<status status="PASS" starttime="20240907 13:30:21.706" endtime="20240907 13:30:21.726"/>
</kw>
<if>
<branch type="IF" condition="'${param_value}' == '${values}[${i}]'">
<kw name="Write Excel" library="Verify_Pre_requisite">
<arg>${filepath}</arg>
<arg>${sheetname}</arg>
<arg>5</arg>
<arg>2</arg>
<arg>${parameter_Pass}</arg>
<kw name="Open Excel Document" library="ExcelLibrary">
<arg>${filepath}</arg>
<arg>1</arg>
<doc>Opens xlsx document file.</doc>
<status status="PASS" starttime="20240907 13:30:21.726" endtime="20240907 13:30:21.738"/>
</kw>
<kw name="Get Sheet" library="ExcelLibrary">
<arg>${sheetname}</arg>
<doc>Returns a page from the current document.</doc>
<status status="PASS" starttime="20240907 13:30:21.738" endtime="20240907 13:30:21.743"/>
</kw>
<kw name="Write Excel Cell" library="ExcelLibrary">
<arg>${rownum}</arg>
<arg>${colnum}</arg>
<arg>${cell_value}</arg>
<arg>${sheetname}</arg>
<doc>Writes value to the cell.</doc>
<status status="PASS" starttime="20240907 13:30:21.743" endtime="20240907 13:30:21.743"/>
</kw>
<kw name="Save Excel Document" library="ExcelLibrary">
<arg>${filepath}</arg>
<doc>Saves the current document to disk.</doc>
<status status="PASS" starttime="20240907 13:30:21.743" endtime="20240907 13:30:21.743"/>
</kw>
<kw name="Close Current Excel Document" library="ExcelLibrary">
<doc>Closes current document.</doc>
<status status="PASS" starttime="20240907 13:30:21.743" endtime="20240907 13:30:21.743"/>
</kw>
<status status="PASS" starttime="20240907 13:30:21.726" endtime="20240907 13:30:21.753"/>
</kw>
<kw name="Write Excel" library="Verify_Pre_requisite">
<arg>${filepath}</arg>
<arg>${sheetname}</arg>
<arg>5</arg>
<arg>3</arg>
<arg>Passed</arg>
<kw name="Open Excel Document" library="ExcelLibrary">
<arg>${filepath}</arg>
<arg>1</arg>
<doc>Opens xlsx document file.</doc>
<status status="PASS" starttime="20240907 13:30:21.753" endtime="20240907 13:30:21.757"/>
</kw>
<kw name="Get Sheet" library="ExcelLibrary">
<arg>${sheetname}</arg>
<doc>Returns a page from the current document.</doc>
<status status="PASS" starttime="20240907 13:30:21.757" endtime="20240907 13:30:21.757"/>
</kw>
<kw name="Write Excel Cell" library="ExcelLibrary">
<arg>${rownum}</arg>
<arg>${colnum}</arg>
<arg>${cell_value}</arg>
<arg>${sheetname}</arg>
<doc>Writes value to the cell.</doc>
<status status="PASS" starttime="20240907 13:30:21.757" endtime="20240907 13:30:21.757"/>
</kw>
<kw name="Save Excel Document" library="ExcelLibrary">
<arg>${filepath}</arg>
<doc>Saves the current document to disk.</doc>
<status status="PASS" starttime="20240907 13:30:21.768" endtime="20240907 13:30:21.769"/>
</kw>
<kw name="Close Current Excel Document" library="ExcelLibrary">
<doc>Closes current document.</doc>
<status status="PASS" starttime="20240907 13:30:21.769" endtime="20240907 13:30:21.769"/>
</kw>
<status status="PASS" starttime="20240907 13:30:21.753" endtime="20240907 13:30:21.769"/>
</kw>
<kw name="Click Element" library="SAP_Tcode_Library">
<arg>wnd[0]/tbar[0]/btn[3]</arg>
<doc>Performs a single click on a given element. Used only for buttons, tabs and menu items.</doc>
<status status="PASS" starttime="20240907 13:30:21.769" endtime="20240907 13:30:21.868"/>
</kw>
<status status="PASS" starttime="20240907 13:30:21.726" endtime="20240907 13:30:21.868"/>
</branch>
<branch type="ELSE">
<kw name="Write Excel" library="Verify_Pre_requisite">
<arg>${filepath}</arg>
<arg>${sheetname}</arg>
<arg>5</arg>
<arg>2</arg>
<arg>${parameter_Fail}</arg>
<status status="NOT RUN" starttime="20240907 13:30:21.868" endtime="20240907 13:30:21.868"/>
</kw>
<kw name="Write Excel" library="Verify_Pre_requisite">
<arg>${filepath}</arg>
<arg>${sheetname}</arg>
<arg>5</arg>
<arg>3</arg>
<arg>Failed</arg>
<status status="NOT RUN" starttime="20240907 13:30:21.868" endtime="20240907 13:30:21.868"/>
</kw>
<status status="NOT RUN" starttime="20240907 13:30:21.868" endtime="20240907 13:30:21.868"/>
</branch>
<status status="PASS" starttime="20240907 13:30:21.726" endtime="20240907 13:30:21.868"/>
</if>
<status status="PASS" starttime="20240907 13:30:20.926" endtime="20240907 13:30:21.868"/>
</branch>
<branch type="ELSE">
<kw name="Write Excel" library="Verify_Pre_requisite">
<arg>${filepath}</arg>
<arg>${sheetname}</arg>
<arg>5</arg>
<arg>2</arg>
<arg>${parameter_Fail}</arg>
<status status="NOT RUN" starttime="20240907 13:30:21.868" endtime="20240907 13:30:21.868"/>
</kw>
<kw name="Write Excel" library="Verify_Pre_requisite">
<arg>${filepath}</arg>
<arg>${sheetname}</arg>
<arg>5</arg>
<arg>3</arg>
<arg>Failed</arg>
<status status="NOT RUN" starttime="20240907 13:30:21.868" endtime="20240907 13:30:21.868"/>
</kw>
<status status="NOT RUN" starttime="20240907 13:30:21.868" endtime="20240907 13:30:21.868"/>
</branch>
<status status="PASS" starttime="20240907 13:30:20.926" endtime="20240907 13:30:21.868"/>
</if>
<status status="PASS" starttime="20240907 13:30:20.212" endtime="20240907 13:30:21.868"/>
</iter>
<iter>
<var name="${i}">5</var>
<kw name="Check Parameter Found" library="SAP_Tcode_Library">
<var>${result}</var>
<arg>wnd[0]/usr</arg>
<arg>${parameters}[${i}]</arg>
<msg timestamp="20240907 13:30:22.571" level="INFO">SETENV_27</msg>
<msg timestamp="20240907 13:30:22.571" level="INFO">${result} = SETENV_27</msg>
<status status="PASS" starttime="20240907 13:30:21.868" endtime="20240907 13:30:22.571"/>
</kw>
<if>
<branch type="IF" condition="'${result}' == '${parameters}[${i}]'">
<kw name="Get Parameter Value" library="SAP_Tcode_Library">
<arg>wnd[0]/usr</arg>
<arg>${parameters}[${i}]</arg>
<status status="PASS" starttime="20240907 13:30:22.571" endtime="20240907 13:30:23.413"/>
</kw>
<kw name="Get Value" library="SAP_Tcode_Library">
<var>${param_value}</var>
<arg>wnd[0]/usr/sub:SAPLSPF2:0030[0]/txtPARAMETER_INT_VALUES-PVALUE[0,0]</arg>
<doc>Gets the value of the given element. The possible return values depend on the type of element (see Return values).</doc>
<msg timestamp="20240907 13:30:23.413" level="INFO">${param_value} = SAPSSL_CLIENT_CIPHERSUITES=150:PFS:HIGH::EC_X25519:EC_P256:EC_HIGH</msg>
<status status="PASS" starttime="20240907 13:30:23.413" endtime="20240907 13:30:23.413"/>
</kw>
<if>
<branch type="IF" condition="'${param_value}' == '${values}[${i}]'">
<kw name="Write Excel" library="Verify_Pre_requisite">
<arg>${filepath}</arg>
<arg>${sheetname}</arg>
<arg>5</arg>
<arg>2</arg>
<arg>${parameter_Pass}</arg>
<kw name="Open Excel Document" library="ExcelLibrary">
<arg>${filepath}</arg>
<arg>1</arg>
<doc>Opens xlsx document file.</doc>
<status status="PASS" starttime="20240907 13:30:23.413" endtime="20240907 13:30:23.429"/>
</kw>
<kw name="Get Sheet" library="ExcelLibrary">
<arg>${sheetname}</arg>
<doc>Returns a page from the current document.</doc>
<status status="PASS" starttime="20240907 13:30:23.429" endtime="20240907 13:30:23.429"/>
</kw>
<kw name="Write Excel Cell" library="ExcelLibrary">
<arg>${rownum}</arg>
<arg>${colnum}</arg>
<arg>${cell_value}</arg>
<arg>${sheetname}</arg>
<doc>Writes value to the cell.</doc>
<status status="PASS" starttime="20240907 13:30:23.429" endtime="20240907 13:30:23.429"/>
</kw>
<kw name="Save Excel Document" library="ExcelLibrary">
<arg>${filepath}</arg>
<doc>Saves the current document to disk.</doc>
<status status="PASS" starttime="20240907 13:30:23.429" endtime="20240907 13:30:23.444"/>
</kw>
<kw name="Close Current Excel Document" library="ExcelLibrary">
<doc>Closes current document.</doc>
<status status="PASS" starttime="20240907 13:30:23.444" endtime="20240907 13:30:23.444"/>
</kw>
<status status="PASS" starttime="20240907 13:30:23.413" endtime="20240907 13:30:23.444"/>
</kw>
<kw name="Write Excel" library="Verify_Pre_requisite">
<arg>${filepath}</arg>
<arg>${sheetname}</arg>
<arg>5</arg>
<arg>3</arg>
<arg>Passed</arg>
<kw name="Open Excel Document" library="ExcelLibrary">
<arg>${filepath}</arg>
<arg>1</arg>
<doc>Opens xlsx document file.</doc>
<status status="PASS" starttime="20240907 13:30:23.444" endtime="20240907 13:30:23.460"/>
</kw>
<kw name="Get Sheet" library="ExcelLibrary">
<arg>${sheetname}</arg>
<doc>Returns a page from the current document.</doc>
<status status="PASS" starttime="20240907 13:30:23.460" endtime="20240907 13:30:23.460"/>
</kw>
<kw name="Write Excel Cell" library="ExcelLibrary">
<arg>${rownum}</arg>
<arg>${colnum}</arg>
<arg>${cell_value}</arg>
<arg>${sheetname}</arg>
<doc>Writes value to the cell.</doc>
<status status="PASS" starttime="20240907 13:30:23.460" endtime="20240907 13:30:23.460"/>
</kw>
<kw name="Save Excel Document" library="ExcelLibrary">
<arg>${filepath}</arg>
<doc>Saves the current document to disk.</doc>
<status status="PASS" starttime="20240907 13:30:23.460" endtime="20240907 13:30:23.460"/>
</kw>
<kw name="Close Current Excel Document" library="ExcelLibrary">
<doc>Closes current document.</doc>
<status status="PASS" starttime="20240907 13:30:23.460" endtime="20240907 13:30:23.460"/>
</kw>
<status status="PASS" starttime="20240907 13:30:23.444" endtime="20240907 13:30:23.460"/>
</kw>
<kw name="Click Element" library="SAP_Tcode_Library">
<arg>wnd[0]/tbar[0]/btn[3]</arg>
<doc>Performs a single click on a given element. Used only for buttons, tabs and menu items.</doc>
<status status="PASS" starttime="20240907 13:30:23.460" endtime="20240907 13:30:23.576"/>
</kw>
<status status="PASS" starttime="20240907 13:30:23.413" endtime="20240907 13:30:23.576"/>
</branch>
<branch type="ELSE">
<kw name="Write Excel" library="Verify_Pre_requisite">
<arg>${filepath}</arg>
<arg>${sheetname}</arg>
<arg>5</arg>
<arg>2</arg>
<arg>${parameter_Fail}</arg>
<status status="NOT RUN" starttime="20240907 13:30:23.576" endtime="20240907 13:30:23.576"/>
</kw>
<kw name="Write Excel" library="Verify_Pre_requisite">
<arg>${filepath}</arg>
<arg>${sheetname}</arg>
<arg>5</arg>
<arg>3</arg>
<arg>Failed</arg>
<status status="NOT RUN" starttime="20240907 13:30:23.576" endtime="20240907 13:30:23.576"/>
</kw>
<status status="NOT RUN" starttime="20240907 13:30:23.576" endtime="20240907 13:30:23.576"/>
</branch>
<status status="PASS" starttime="20240907 13:30:23.413" endtime="20240907 13:30:23.576"/>
</if>
<status status="PASS" starttime="20240907 13:30:22.571" endtime="20240907 13:30:23.576"/>
</branch>
<branch type="ELSE">
<kw name="Write Excel" library="Verify_Pre_requisite">
<arg>${filepath}</arg>
<arg>${sheetname}</arg>
<arg>5</arg>
<arg>2</arg>
<arg>${parameter_Fail}</arg>
<status status="NOT RUN" starttime="20240907 13:30:23.576" endtime="20240907 13:30:23.576"/>
</kw>
<kw name="Write Excel" library="Verify_Pre_requisite">
<arg>${filepath}</arg>
<arg>${sheetname}</arg>
<arg>5</arg>
<arg>3</arg>
<arg>Failed</arg>
<status status="NOT RUN" starttime="20240907 13:30:23.576" endtime="20240907 13:30:23.576"/>
</kw>
<status status="NOT RUN" starttime="20240907 13:30:23.576" endtime="20240907 13:30:23.576"/>
</branch>
<status status="PASS" starttime="20240907 13:30:22.571" endtime="20240907 13:30:23.576"/>
</if>
<status status="PASS" starttime="20240907 13:30:21.868" endtime="20240907 13:30:23.576"/>
</iter>
<iter>
<var name="${i}">6</var>
<kw name="Check Parameter Found" library="SAP_Tcode_Library">
<var>${result}</var>
<arg>wnd[0]/usr</arg>
<arg>${parameters}[${i}]</arg>
<msg timestamp="20240907 13:30:24.320" level="INFO">SETENV_28</msg>
<msg timestamp="20240907 13:30:24.320" level="INFO">${result} = SETENV_28</msg>
<status status="PASS" starttime="20240907 13:30:23.576" endtime="20240907 13:30:24.320"/>
</kw>
<if>
<branch type="IF" condition="'${result}' == '${parameters}[${i}]'">
<kw name="Get Parameter Value" library="SAP_Tcode_Library">
<arg>wnd[0]/usr</arg>
<arg>${parameters}[${i}]</arg>
<status status="PASS" starttime="20240907 13:30:24.320" endtime="20240907 13:30:25.163"/>
</kw>
<kw name="Get Value" library="SAP_Tcode_Library">
<var>${param_value}</var>
<arg>wnd[0]/usr/sub:SAPLSPF2:0030[0]/txtPARAMETER_INT_VALUES-PVALUE[0,0]</arg>
<doc>Gets the value of the given element. The possible return values depend on the type of element (see Return values).</doc>
<msg timestamp="20240907 13:30:25.170" level="INFO">${param_value} = SAPSSL_CLIENT_SNI_ENABLED=TRUE</msg>
<status status="PASS" starttime="20240907 13:30:25.163" endtime="20240907 13:30:25.170"/>
</kw>
<if>
<branch type="IF" condition="'${param_value}' == '${values}[${i}]'">
<kw name="Write Excel" library="Verify_Pre_requisite">
<arg>${filepath}</arg>
<arg>${sheetname}</arg>
<arg>5</arg>
<arg>2</arg>
<arg>${parameter_Pass}</arg>
<kw name="Open Excel Document" library="ExcelLibrary">
<arg>${filepath}</arg>
<arg>1</arg>
<doc>Opens xlsx document file.</doc>
<status status="PASS" starttime="20240907 13:30:25.170" endtime="20240907 13:30:25.186"/>
</kw>
<kw name="Get Sheet" library="ExcelLibrary">
<arg>${sheetname}</arg>
<doc>Returns a page from the current document.</doc>
<status status="PASS" starttime="20240907 13:30:25.186" endtime="20240907 13:30:25.186"/>
</kw>
<kw name="Write Excel Cell" library="ExcelLibrary">
<arg>${rownum}</arg>
<arg>${colnum}</arg>
<arg>${cell_value}</arg>
<arg>${sheetname}</arg>
<doc>Writes value to the cell.</doc>
<status status="PASS" starttime="20240907 13:30:25.186" endtime="20240907 13:30:25.186"/>
</kw>
<kw name="Save Excel Document" library="ExcelLibrary">
<arg>${filepath}</arg>
<doc>Saves the current document to disk.</doc>
<status status="PASS" starttime="20240907 13:30:25.186" endtime="20240907 13:30:25.194"/>
</kw>
<kw name="Close Current Excel Document" library="ExcelLibrary">
<doc>Closes current document.</doc>
<status status="PASS" starttime="20240907 13:30:25.194" endtime="20240907 13:30:25.194"/>
</kw>
<status status="PASS" starttime="20240907 13:30:25.170" endtime="20240907 13:30:25.194"/>
</kw>
<kw name="Write Excel" library="Verify_Pre_requisite">
<arg>${filepath}</arg>
<arg>${sheetname}</arg>
<arg>5</arg>
<arg>3</arg>
<arg>Passed</arg>
<kw name="Open Excel Document" library="ExcelLibrary">
<arg>${filepath}</arg>
<arg>1</arg>
<doc>Opens xlsx document file.</doc>
<status status="PASS" starttime="20240907 13:30:25.194" endtime="20240907 13:30:25.203"/>
</kw>
<kw name="Get Sheet" library="ExcelLibrary">
<arg>${sheetname}</arg>
<doc>Returns a page from the current document.</doc>
<status status="PASS" starttime="20240907 13:30:25.203" endtime="20240907 13:30:25.203"/>
</kw>
<kw name="Write Excel Cell" library="ExcelLibrary">
<arg>${rownum}</arg>
<arg>${colnum}</arg>
<arg>${cell_value}</arg>
<arg>${sheetname}</arg>
<doc>Writes value to the cell.</doc>
<status status="PASS" starttime="20240907 13:30:25.203" endtime="20240907 13:30:25.203"/>
</kw>
<kw name="Save Excel Document" library="ExcelLibrary">
<arg>${filepath}</arg>
<doc>Saves the current document to disk.</doc>
<status status="PASS" starttime="20240907 13:30:25.203" endtime="20240907 13:30:25.218"/>
</kw>
<kw name="Close Current Excel Document" library="ExcelLibrary">
<doc>Closes current document.</doc>
<status status="PASS" starttime="20240907 13:30:25.218" endtime="20240907 13:30:25.218"/>
</kw>
<status status="PASS" starttime="20240907 13:30:25.194" endtime="20240907 13:30:25.218"/>
</kw>
<kw name="Click Element" library="SAP_Tcode_Library">
<arg>wnd[0]/tbar[0]/btn[3]</arg>
<doc>Performs a single click on a given element. Used only for buttons, tabs and menu items.</doc>
<status status="PASS" starttime="20240907 13:30:25.218" endtime="20240907 13:30:25.319"/>
</kw>
<status status="PASS" starttime="20240907 13:30:25.170" endtime="20240907 13:30:25.319"/>
</branch>
<branch type="ELSE">
<kw name="Write Excel" library="Verify_Pre_requisite">
<arg>${filepath}</arg>
<arg>${sheetname}</arg>
<arg>5</arg>
<arg>2</arg>
<arg>${parameter_Fail}</arg>
<status status="NOT RUN" starttime="20240907 13:30:25.319" endtime="20240907 13:30:25.319"/>
</kw>
<kw name="Write Excel" library="Verify_Pre_requisite">
<arg>${filepath}</arg>
<arg>${sheetname}</arg>
<arg>5</arg>
<arg>3</arg>
<arg>Failed</arg>
<status status="NOT RUN" starttime="20240907 13:30:25.319" endtime="20240907 13:30:25.319"/>
</kw>
<status status="NOT RUN" starttime="20240907 13:30:25.319" endtime="20240907 13:30:25.319"/>
</branch>
<status status="PASS" starttime="20240907 13:30:25.170" endtime="20240907 13:30:25.319"/>
</if>
<status status="PASS" starttime="20240907 13:30:24.320" endtime="20240907 13:30:25.319"/>
</branch>
<branch type="ELSE">
<kw name="Write Excel" library="Verify_Pre_requisite">
<arg>${filepath}</arg>
<arg>${sheetname}</arg>
<arg>5</arg>
<arg>2</arg>
<arg>${parameter_Fail}</arg>
<status status="NOT RUN" starttime="20240907 13:30:25.319" endtime="20240907 13:30:25.319"/>
</kw>
<kw name="Write Excel" library="Verify_Pre_requisite">
<arg>${filepath}</arg>
<arg>${sheetname}</arg>
<arg>5</arg>
<arg>3</arg>
[...]
</iter>
<iter>
<var name="${number}">3312428</var>
<kw name="Input Text" library="SAP_Tcode_Library">
<arg>wnd[0]/usr/txtNUMM-LOW</arg>
<arg>${number}</arg>
<doc>Inserts the given text into the text field identified by locator.
Use keyword `input password` to insert a password in a text field.</doc>
<msg timestamp="20240907 13:31:08.086" level="INFO">Typing text '3312428' into text field 'wnd[0]/usr/txtNUMM-LOW'.</msg>
<status status="PASS" starttime="20240907 13:31:08.079" endtime="20240907 13:31:08.086"/>
</kw>
<kw name="Sleep" library="BuiltIn">
<arg>1</arg>
<doc>Pauses the test executed for the given time.</doc>
<msg timestamp="20240907 13:31:09.086" level="INFO">Slept 1 second</msg>
<status status="PASS" starttime="20240907 13:31:08.086" endtime="20240907 13:31:09.086"/>
</kw>
<kw name="Click Element" library="SAP_Tcode_Library">
<arg>wnd[0]/tbar[1]/btn[8]</arg>
<doc>Performs a single click on a given element. Used only for buttons, tabs and menu items.</doc>
<status status="PASS" starttime="20240907 13:31:09.086" endtime="20240907 13:31:09.276"/>
</kw>
<kw name="Sleep" library="BuiltIn">
<arg>3</arg>
<doc>Pauses the test executed for the given time.</doc>
<msg timestamp="20240907 13:31:12.277" level="INFO">Slept 3 seconds</msg>
<status status="PASS" starttime="20240907 13:31:09.276" endtime="20240907 13:31:12.277"/>
</kw>
<kw name="Get Value" library="SAP_Tcode_Library">
<var>${SAP_note_error}</var>
<arg>wnd[0]/sbar/pane[0]</arg>
<doc>Gets the value of the given element. The possible return values depend on the type of element (see Return values).</doc>
<msg timestamp="20240907 13:31:12.277" level="INFO">${SAP_note_error} = </msg>
<status status="PASS" starttime="20240907 13:31:12.277" endtime="20240907 13:31:12.277"/>
</kw>
<if>
<branch type="IF" condition="'${SAP_note_error}' == 'Unable to find SAP Note that meets specified criteria'">
<kw name="Log To Console" library="BuiltIn">
<arg>${SAP_note_error} ${number}</arg>
<doc>Logs the given message to the console.</doc>
<status status="NOT RUN" starttime="20240907 13:31:12.277" endtime="20240907 13:31:12.277"/>
</kw>
<status status="NOT RUN" starttime="20240907 13:31:12.277" endtime="20240907 13:31:12.277"/>
</branch>
<branch type="ELSE">
<kw name="Double Click Current Cell Value" library="SAP_Tcode_Library">
<arg>wnd[0]/usr/cntlGRID1/shellcont/shell</arg>
<arg>PRSTATUS</arg>
<status status="PASS" starttime="20240907 13:31:12.277" endtime="20240907 13:31:12.623"/>
</kw>
<kw name="Sleep" library="BuiltIn">
<arg>2</arg>
<doc>Pauses the test executed for the given time.</doc>
<msg timestamp="20240907 13:31:14.623" level="INFO">Slept 2 seconds</msg>
<status status="PASS" starttime="20240907 13:31:12.623" endtime="20240907 13:31:14.623"/>
</kw>
<kw name="Get Value" library="SAP_Tcode_Library">
<var>${value}</var>
<arg>wnd[0]/usr/subSUB_101:SAPLSCW_NA_SCREEN:0101/txtSCWB_S_SCREEN_NOTE-PRSTATUS_TEXT</arg>
<doc>Gets the value of the given element. The possible return values depend on the type of element (see Return values).</doc>
<msg timestamp="20240907 13:31:14.633" level="INFO">${value} = Cannot be implemented</msg>
<status status="PASS" starttime="20240907 13:31:14.623" endtime="20240907 13:31:14.633"/>
</kw>
<if>
<branch type="IF" condition="'${value}' == 'Cannot be implemented'">
<kw name="Write Excel" library="Verify_Pre_requisite">
<arg>${filepath}</arg>
<arg>${sheetname}</arg>
<arg>6</arg>
<arg>2</arg>
<arg>${Snote_Pass}</arg>
<kw name="Open Excel Document" library="ExcelLibrary">
<arg>${filepath}</arg>
<arg>1</arg>
<doc>Opens xlsx document file.</doc>
<status status="PASS" starttime="20240907 13:31:14.633" endtime="20240907 13:31:14.648"/>
</kw>
<kw name="Get Sheet" library="ExcelLibrary">
<arg>${sheetname}</arg>
<doc>Returns a page from the current document.</doc>
<status status="PASS" starttime="20240907 13:31:14.648" endtime="20240907 13:31:14.648"/>
</kw>
<kw name="Write Excel Cell" library="ExcelLibrary">
<arg>${rownum}</arg>
<arg>${colnum}</arg>
<arg>${cell_value}</arg>
<arg>${sheetname}</arg>
<doc>Writes value to the cell.</doc>
<status status="PASS" starttime="20240907 13:31:14.648" endtime="20240907 13:31:14.648"/>
</kw>
<kw name="Save Excel Document" library="ExcelLibrary">
<arg>${filepath}</arg>
<doc>Saves the current document to disk.</doc>
<status status="PASS" starttime="20240907 13:31:14.648" endtime="20240907 13:31:14.661"/>
</kw>
<kw name="Close Current Excel Document" library="ExcelLibrary">
<doc>Closes current document.</doc>
<status status="PASS" starttime="20240907 13:31:14.661" endtime="20240907 13:31:14.661"/>
</kw>
<status status="PASS" starttime="20240907 13:31:14.633" endtime="20240907 13:31:14.661"/>
</kw>
<kw name="Write Excel" library="Verify_Pre_requisite">
<arg>${filepath}</arg>
<arg>${sheetname}</arg>
<arg>6</arg>
<arg>3</arg>
<arg>Passed</arg>
<kw name="Open Excel Document" library="ExcelLibrary">
<arg>${filepath}</arg>
<arg>1</arg>
<doc>Opens xlsx document file.</doc>
<status status="PASS" starttime="20240907 13:31:14.661" endtime="20240907 13:31:14.664"/>
</kw>
<kw name="Get Sheet" library="ExcelLibrary">
<arg>${sheetname}</arg>
<doc>Returns a page from the current document.</doc>
<status status="PASS" starttime="20240907 13:31:14.664" endtime="20240907 13:31:14.680"/>
</kw>
<kw name="Write Excel Cell" library="ExcelLibrary">
<arg>${rownum}</arg>
<arg>${colnum}</arg>
<arg>${cell_value}</arg>
<arg>${sheetname}</arg>
<doc>Writes value to the cell.</doc>
<status status="PASS" starttime="20240907 13:31:14.680" endtime="20240907 13:31:14.680"/>
</kw>
<kw name="Save Excel Document" library="ExcelLibrary">
<arg>${filepath}</arg>
<doc>Saves the current document to disk.</doc>
<status status="PASS" starttime="20240907 13:31:14.680" endtime="20240907 13:31:14.680"/>
</kw>
<kw name="Close Current Excel Document" library="ExcelLibrary">
<doc>Closes current document.</doc>
<status status="PASS" starttime="20240907 13:31:14.680" endtime="20240907 13:31:14.680"/>
</kw>
<status status="PASS" starttime="20240907 13:31:14.661" endtime="20240907 13:31:14.680"/>
</kw>
<kw name="Click Element" library="SAP_Tcode_Library">
<arg>wnd[0]/tbar[0]/btn[3]</arg>
<doc>Performs a single click on a given element. Used only for buttons, tabs and menu items.</doc>
<status status="PASS" starttime="20240907 13:31:14.680" endtime="20240907 13:31:14.868"/>
</kw>
<kw name="Sleep" library="BuiltIn">
<arg>1</arg>
<doc>Pauses the test executed for the given time.</doc>
<msg timestamp="20240907 13:31:15.868" level="INFO">Slept 1 second</msg>
<status status="PASS" starttime="20240907 13:31:14.868" endtime="20240907 13:31:15.868"/>
</kw>
<kw name="Click Element" library="SAP_Tcode_Library">
<arg>wnd[0]/tbar[0]/btn[3]</arg>
<doc>Performs a single click on a given element. Used only for buttons, tabs and menu items.</doc>
<status status="PASS" starttime="20240907 13:31:15.868" endtime="20240907 13:31:15.968"/>
</kw>
<kw name="Sleep" library="BuiltIn">
<arg>1</arg>
<doc>Pauses the test executed for the given time.</doc>
<msg timestamp="20240907 13:31:16.968" level="INFO">Slept 1 second</msg>
<status status="PASS" starttime="20240907 13:31:15.968" endtime="20240907 13:31:16.968"/>
</kw>
<status status="PASS" starttime="20240907 13:31:14.633" endtime="20240907 13:31:16.968"/>
</branch>
<branch type="ELSE IF" condition="'${value}' == 'Can be implemented'">
<kw name="Write Excel" library="Verify_Pre_requisite">
<arg>${filepath}</arg>
<arg>${sheetname}</arg>
<arg>6</arg>
<arg>2</arg>
<arg>${Snote_Fail}</arg>
<status status="NOT RUN" starttime="20240907 13:31:16.968" endtime="20240907 13:31:16.968"/>
</kw>
<kw name="Write Excel" library="Verify_Pre_requisite">
<arg>${filepath}</arg>
<arg>${sheetname}</arg>
<arg>6</arg>
<arg>3</arg>
<arg>Failed</arg>
<status status="NOT RUN" starttime="20240907 13:31:16.968" endtime="20240907 13:31:16.968"/>
</kw>
<status status="NOT RUN" starttime="20240907 13:31:16.968" endtime="20240907 13:31:16.968"/>
</branch>
<status status="PASS" starttime="20240907 13:31:14.633" endtime="20240907 13:31:16.968"/>
</if>
<status status="PASS" starttime="20240907 13:31:12.277" endtime="20240907 13:31:16.968"/>
</branch>
<status status="PASS" starttime="20240907 13:31:12.277" endtime="20240907 13:31:16.968"/>
</if>
<status status="PASS" starttime="20240907 13:31:08.079" endtime="20240907 13:31:16.968"/>
</iter>
<iter>
<var name="${number}">3281776</var>
<kw name="Input Text" library="SAP_Tcode_Library">
<arg>wnd[0]/usr/txtNUMM-LOW</arg>
<arg>${number}</arg>
<doc>Inserts the given text into the text field identified by locator.
Use keyword `input password` to insert a password in a text field.</doc>
<msg timestamp="20240907 13:31:16.977" level="INFO">Typing text '3281776' into text field 'wnd[0]/usr/txtNUMM-LOW'.</msg>
<status status="PASS" starttime="20240907 13:31:16.968" endtime="20240907 13:31:16.977"/>
</kw>
<kw name="Sleep" library="BuiltIn">
<arg>1</arg>
<doc>Pauses the test executed for the given time.</doc>
<msg timestamp="20240907 13:31:17.977" level="INFO">Slept 1 second</msg>
<status status="PASS" starttime="20240907 13:31:16.977" endtime="20240907 13:31:17.977"/>
</kw>
<kw name="Click Element" library="SAP_Tcode_Library">
<arg>wnd[0]/tbar[1]/btn[8]</arg>
<doc>Performs a single click on a given element. Used only for buttons, tabs and menu items.</doc>
<status status="PASS" starttime="20240907 13:31:17.977" endtime="20240907 13:31:18.166"/>
</kw>
<kw name="Sleep" library="BuiltIn">
<arg>3</arg>
<doc>Pauses the test executed for the given time.</doc>
<msg timestamp="20240907 13:31:21.166" level="INFO">Slept 3 seconds</msg>
<status status="PASS" starttime="20240907 13:31:18.166" endtime="20240907 13:31:21.166"/>
</kw>
<kw name="Get Value" library="SAP_Tcode_Library">
<var>${SAP_note_error}</var>
<arg>wnd[0]/sbar/pane[0]</arg>
<doc>Gets the value of the given element. The possible return values depend on the type of element (see Return values).</doc>
<msg timestamp="20240907 13:31:21.166" level="INFO">${SAP_note_error} = </msg>
<status status="PASS" starttime="20240907 13:31:21.166" endtime="20240907 13:31:21.166"/>
</kw>
<if>
<branch type="IF" condition="'${SAP_note_error}' == 'Unable to find SAP Note that meets specified criteria'">
<kw name="Log To Console" library="BuiltIn">
<arg>${SAP_note_error} ${number}</arg>
<doc>Logs the given message to the console.</doc>
<status status="NOT RUN" starttime="20240907 13:31:21.166" endtime="20240907 13:31:21.166"/>
</kw>
<status status="NOT RUN" starttime="20240907 13:31:21.166" endtime="20240907 13:31:21.166"/>
</branch>
<branch type="ELSE">
<kw name="Double Click Current Cell Value" library="SAP_Tcode_Library">
<arg>wnd[0]/usr/cntlGRID1/shellcont/shell</arg>
<arg>PRSTATUS</arg>
<status status="PASS" starttime="20240907 13:31:21.166" endtime="20240907 13:31:22.528"/>
</kw>
<kw name="Sleep" library="BuiltIn">
<arg>2</arg>
<doc>Pauses the test executed for the given time.</doc>
<msg timestamp="20240907 13:31:24.528" level="INFO">Slept 2 seconds</msg>
<status status="PASS" starttime="20240907 13:31:22.528" endtime="20240907 13:31:24.528"/>
</kw>
<kw name="Get Value" library="SAP_Tcode_Library">
<var>${value}</var>
<arg>wnd[0]/usr/subSUB_101:SAPLSCW_NA_SCREEN:0101/txtSCWB_S_SCREEN_NOTE-PRSTATUS_TEXT</arg>
<doc>Gets the value of the given element. The possible return values depend on the type of element (see Return values).</doc>
<msg timestamp="20240907 13:31:24.540" level="INFO">${value} = Cannot be implemented</msg>
<status status="PASS" starttime="20240907 13:31:24.528" endtime="20240907 13:31:24.540"/>
</kw>
<if>
<branch type="IF" condition="'${value}' == 'Cannot be implemented'">
<kw name="Write Excel" library="Verify_Pre_requisite">
<arg>${filepath}</arg>
<arg>${sheetname}</arg>
<arg>6</arg>
<arg>2</arg>
<arg>${Snote_Pass}</arg>
<kw name="Open Excel Document" library="ExcelLibrary">
<arg>${filepath}</arg>
<arg>1</arg>
<doc>Opens xlsx document file.</doc>
<status status="PASS" starttime="20240907 13:31:24.540" endtime="20240907 13:31:24.556"/>
</kw>
<kw name="Get Sheet" library="ExcelLibrary">
<arg>${sheetname}</arg>
<doc>Returns a page from the current document.</doc>
<status status="PASS" starttime="20240907 13:31:24.556" endtime="20240907 13:31:24.556"/>
</kw>
<kw name="Write Excel Cell" library="ExcelLibrary">
<arg>${rownum}</arg>
<arg>${colnum}</arg>
<arg>${cell_value}</arg>
<arg>${sheetname}</arg>
<doc>Writes value to the cell.</doc>
<status status="PASS" starttime="20240907 13:31:24.556" endtime="20240907 13:31:24.556"/>
</kw>
<kw name="Save Excel Document" library="ExcelLibrary">
<arg>${filepath}</arg>
<doc>Saves the current document to disk.</doc>
<status status="PASS" starttime="20240907 13:31:24.556" endtime="20240907 13:31:24.556"/>
</kw>
<kw name="Close Current Excel Document" library="ExcelLibrary">
<doc>Closes current document.</doc>
<status status="PASS" starttime="20240907 13:31:24.556" endtime="20240907 13:31:24.556"/>
</kw>
<status status="PASS" starttime="20240907 13:31:24.540" endtime="20240907 13:31:24.556"/>
</kw>
<kw name="Write Excel" library="Verify_Pre_requisite">
<arg>${filepath}</arg>
<arg>${sheetname}</arg>
<arg>6</arg>
<arg>3</arg>
<arg>Passed</arg>
<kw name="Open Excel Document" library="ExcelLibrary">
<arg>${filepath}</arg>
<arg>1</arg>
<doc>Opens xlsx document file.</doc>
<status status="PASS" starttime="20240907 13:31:24.556" endtime="20240907 13:31:24.572"/>
</kw>
<kw name="Get Sheet" library="ExcelLibrary">
<arg>${sheetname}</arg>
<doc>Returns a page from the current document.</doc>
<status status="PASS" starttime="20240907 13:31:24.572" endtime="20240907 13:31:24.572"/>
</kw>
<kw name="Write Excel Cell" library="ExcelLibrary">
<arg>${rownum}</arg>
<arg>${colnum}</arg>
<arg>${cell_value}</arg>
<arg>${sheetname}</arg>
<doc>Writes value to the cell.</doc>
<status status="PASS" starttime="20240907 13:31:24.572" endtime="20240907 13:31:24.572"/>
</kw>
<kw name="Save Excel Document" library="ExcelLibrary">
<arg>${filepath}</arg>
<doc>Saves the current document to disk.</doc>
<status status="PASS" starttime="20240907 13:31:24.572" endtime="20240907 13:31:24.588"/>
</kw>
<kw name="Close Current Excel Document" library="ExcelLibrary">
<doc>Closes current document.</doc>
<status status="PASS" starttime="20240907 13:31:24.588" endtime="20240907 13:31:24.588"/>
</kw>
<status status="PASS" starttime="20240907 13:31:24.556" endtime="20240907 13:31:24.588"/>
</kw>
<kw name="Click Element" library="SAP_Tcode_Library">
<arg>wnd[0]/tbar[0]/btn[3]</arg>
<doc>Performs a single click on a given element. Used only for buttons, tabs and menu items.</doc>
<status status="PASS" starttime="20240907 13:31:24.588" endtime="20240907 13:31:24.763"/>
</kw>
<kw name="Sleep" library="BuiltIn">
<arg>1</arg>
<doc>Pauses the test executed for the given time.</doc>
<msg timestamp="20240907 13:31:25.763" level="INFO">Slept 1 second</msg>
<status status="PASS" starttime="20240907 13:31:24.763" endtime="20240907 13:31:25.763"/>
</kw>
<kw name="Click Element" library="SAP_Tcode_Library">
<arg>wnd[0]/tbar[0]/btn[3]</arg>
<doc>Performs a single click on a given element. Used only for buttons, tabs and menu items.</doc>
<status status="PASS" starttime="20240907 13:31:25.763" endtime="20240907 13:31:25.867"/>
</kw>
<kw name="Sleep" library="BuiltIn">
<arg>1</arg>
<doc>Pauses the test executed for the given time.</doc>
<msg timestamp="20240907 13:31:26.867" level="INFO">Slept 1 second</msg>
<status status="PASS" starttime="20240907 13:31:25.867" endtime="20240907 13:31:26.867"/>
</kw>
<status status="PASS" starttime="20240907 13:31:24.540" endtime="20240907 13:31:26.867"/>
</branch>
<branch type="ELSE IF" condition="'${value}' == 'Can be implemented'">
<kw name="Write Excel" library="Verify_Pre_requisite">
<arg>${filepath}</arg>
<arg>${sheetname}</arg>
<arg>6</arg>
<arg>2</arg>
<arg>${Snote_Fail}</arg>
<status status="NOT RUN" starttime="20240907 13:31:26.867" endtime="20240907 13:31:26.867"/>
</kw>
<kw name="Write Excel" library="Verify_Pre_requisite">
<arg>${filepath}</arg>
<arg>${sheetname}</arg>
<arg>6</arg>
<arg>3</arg>
<arg>Failed</arg>
<status status="NOT RUN" starttime="20240907 13:31:26.867" endtime="20240907 13:31:26.867"/>
</kw>
<status status="NOT RUN" starttime="20240907 13:31:26.867" endtime="20240907 13:31:26.867"/>
</branch>
<status status="PASS" starttime="20240907 13:31:24.540" endtime="20240907 13:31:26.867"/>
</if>
<status status="PASS" starttime="20240907 13:31:21.166" endtime="20240907 13:31:26.867"/>
</branch>
<status status="PASS" starttime="20240907 13:31:21.166" endtime="20240907 13:31:26.867"/>
</if>
<status status="PASS" starttime="20240907 13:31:16.968" endtime="20240907 13:31:26.867"/>
</iter>
<status status="PASS" starttime="20240907 13:30:48.305" endtime="20240907 13:31:26.867"/>
</for>
<status status="PASS" starttime="20240907 13:30:40.013" endtime="20240907 13:31:26.867"/>
</kw>
<tag>Pre_Req</tag>
<status status="PASS" starttime="20240907 13:30:11.933" endtime="20240907 13:31:26.867"/>
</test>
<kw name="System Logout" library="Verify_Pre_requisite" type="TEARDOWN">
<kw name="Run Transaction" library="SAP_Tcode_Library">
<arg>/nex</arg>
<doc>Runs a Sap transaction. An error is given when an unknown transaction is specified.</doc>
<status status="PASS" starttime="20240907 13:31:26.874" endtime="20240907 13:31:26.905"/>
</kw>
<status status="PASS" starttime="20240907 13:31:26.874" endtime="20240907 13:31:26.905"/>
</kw>
<status status="PASS" starttime="20240907 13:30:10.167" endtime="20240907 13:31:26.905"/>
</suite>
<doc>Testing functionality through Robot Framework</doc>
<meta name="environment">Dev</meta>
<meta name="test_browser_name">chrome</meta>
<meta name="test_browser_version">128.0.6613.120</meta>
<meta name="test_driver_version">128.0.6613.119 </meta>
<meta name="test_environment">Dev</meta>
<meta name="test_freeze_dependencies">astroid==3.2.3,attrs==23.2.0,beautifulsoup4==4.12.3,bs4==0.0.2,certifi==2024.7.4,cffi==1.16.0,chardet==5.2.0,charset-normalizer==3.3.2,click==8.1.7,colorama==0.4.6,cryptography==42.0.8,defusedxml==0.7.1,dill==0.3.8,docutils==0.21.2,et-xmlfile==1.1.0,ExcelLib==0.0.1b2,exceptiongroup==1.2.2,gitdb==4.0.11,GitPython==3.1.43,h11==0.14.0,idna==3.7,isort==5.13.2,Jinja2==3.1.4,jira==3.8.0,jsonpath-ng==1.6.1,jsonschema==4.23.0,jsonschema-specifications==2023.12.1,lazy-object-proxy==1.10.0,lxml==5.2.2,markdown-it-py==3.0.0,MarkupSafe==2.1.5,mccabe==0.7.0,mdurl==0.1.2,natsort==8.4.0,numpy==2.0.0,oauthlib==3.2.2,openpyxl==3.1.5,outcome==1.3.0.post0,packaging==24.1,pandas==2.2.2,pathspec==0.11.2,pillow==10.4.0,pip==24.1.2,platformdirs==4.2.2,ply==3.11,pycparser==2.22,Pygments==2.18.0,pylint==3.2.5,PySocks==1.7.1,python-dateutil==2.9.0.post0,pytz==2024.1,pywin32==306,PyYAML==6.0.1,referencing==0.35.1,requests==2.32.3,requests-oauthlib==2.0.0,requests-toolbelt==1.0.0,rich==13.7.1,rich-click==1.6.1,robotframework==6.0.2,robotframework-datadriver==1.9.0,robotframework-excellib==2.0.1,robotframework-jsonlibrary==0.5,robotframework-pabot==2.16.0,robotframework-pythonlibcore==4.2.0,robotframework-requests==0.9.2,robotframework-sapguilibrary==1.1,robotframework-seleniumlibrary==5.1.3,robotframework-stacktrace==0.4.1,robotframework-tidy==4.5.0,rpds-py==0.19.0,selenium==4.9.1,setuptools==71.0.2,six==1.16.0,smmap==5.0.1,sniffio==1.3.1,sortedcontainers==2.4.0,soupsieve==2.5,tomli==2.0.1,tomlkit==0.13.0,trio==0.26.0,trio-websocket==0.11.1,typing_extensions==4.12.2,tzdata==2024.1,urllib3==2.2.2,wheel==0.43.0,wrapt==1.16.0,wsproto==1.2.0,xlrd==2.0.1,XlsxWriter==3.2.0</meta>
<status status="PASS" starttime="20240907 13:30:06.382" endtime="20240907 13:31:27.009"/>
</suite>
<statistics>
<total>
<stat pass="1" fail="0" skip="0">All Tests</stat>
</total>
<tag>
<stat pass="1" fail="0" skip="0">Pre_Req</stat>
</tag>
<suite>
<stat pass="1" fail="0" skip="0" id="s1" name="Tests">Tests</stat>
<stat pass="1" fail="0" skip="0" id="s1-s1" name="Test Verify Pre requisite">Tests.Test Verify Pre requisite</stat>
</suite>
</statistics>
<errors>
</errors>
</robot>
