<?xml version="1.0" encoding="UTF-8"?>
<robot generator="Robot 6.0.2 (Python 3.12.2 on win32)" generated="20240628 12:07:23.257" rpa="false" schemaversion="3">
<suite id="s1" name="Tests" source="D:\Robotframework-Github\SAPtesting\Tests">
<kw name="Setup highest level suite" type="SETUP">
<kw name="Set Variable" library="BuiltIn">
<var>${d.test_server}</var>
<arg>${test_server}</arg>
<doc>Returns the given values which can then be assigned to a variables.</doc>
<msg timestamp="20240628 12:07:24.003" level="INFO">${d.test_server} = Dev</msg>
<status status="PASS" starttime="20240628 12:07:24.003" endtime="20240628 12:07:24.004"/>
</kw>
<kw name="Reset screenshot count variable" library="Support">
<kw name="Set Variable" library="BuiltIn">
<var>${screenshotCount}</var>
<arg>${PABOTQUEUEINDEX}_1</arg>
<doc>Returns the given values which can then be assigned to a variables.</doc>
<msg timestamp="20240628 12:07:24.004" level="INFO">${screenshotCount} = 0_1</msg>
<status status="PASS" starttime="20240628 12:07:24.004" endtime="20240628 12:07:24.004"/>
</kw>
<kw name="Set Global Variable" library="BuiltIn">
<arg>${screenshotCount}</arg>
<doc>Makes a variable available globally in all tests and suites.</doc>
<msg timestamp="20240628 12:07:24.005" level="INFO">${screenshotCount} = 0_1</msg>
<status status="PASS" starttime="20240628 12:07:24.004" endtime="20240628 12:07:24.005"/>
</kw>
<kw name="Set up screenshot directory" library="Support">
<kw name="Create Directory" library="OperatingSystem">
<arg>${OUTPUTDIR}${/}${wvar('screenshot_dir')}</arg>
<doc>Creates the specified directory.</doc>
<msg timestamp="20240628 12:07:24.005" level="INFO">Web.Dev.screenshot_dir: Screenshot</msg>
<msg timestamp="20240628 12:07:24.006" level="INFO" html="true">Created directory '&lt;a href="file://D:\Robotframework-Github\SAPtesting\Output\pabot_results\0\Screenshot"&gt;D:\Robotframework-Github\SAPtesting\Output\pabot_results\0\Screenshot&lt;/a&gt;'.</msg>
<status status="PASS" starttime="20240628 12:07:24.005" endtime="20240628 12:07:24.006"/>
</kw>
<status status="PASS" starttime="20240628 12:07:24.005" endtime="20240628 12:07:24.006"/>
</kw>
<status status="PASS" starttime="20240628 12:07:24.004" endtime="20240628 12:07:24.006"/>
</kw>
<kw name="Set Global Variable" library="BuiltIn">
<arg>${screenshot_taking}</arg>
<arg>${True}</arg>
<doc>Makes a variable available globally in all tests and suites.</doc>
<msg timestamp="20240628 12:07:24.006" level="INFO">${screenshot_taking} = True</msg>
<status status="PASS" starttime="20240628 12:07:24.006" endtime="20240628 12:07:24.006"/>
</kw>
<kw name="Setup linux execution" library="Support">
<kw name="Run Keyword And Return Status" library="BuiltIn">
<var>${web_test_check}</var>
<arg>Variable Should Exist</arg>
<arg>${web_test}</arg>
<doc>Runs the given keyword with given arguments and returns the status as a Boolean value.</doc>
<kw name="Variable Should Exist" library="BuiltIn">
<arg>${web_test}</arg>
<doc>Fails unless the given variable exists within the current scope.</doc>
<status status="PASS" starttime="20240628 12:07:24.007" endtime="20240628 12:07:24.007"/>
</kw>
<msg timestamp="20240628 12:07:24.007" level="INFO">${web_test_check} = True</msg>
<status status="PASS" starttime="20240628 12:07:24.007" endtime="20240628 12:07:24.007"/>
</kw>
<kw name="Run Keyword If" library="BuiltIn">
<arg>${web_test_check}</arg>
<arg>Setup Docker Execution Options</arg>
<doc>Runs the given keyword with the given arguments, if ``condition`` is true.</doc>
<kw name="Setup Docker Execution Options" library="Support_Web">
<kw name="Setup Suite Metadata" library="Support_Web">
<arg>${browser}</arg>
<kw name="Get Browser Metadata" library="BrowserSupport">
<var>&amp;{browser_information}</var>
<arg>browser=${browser}</arg>
<doc>Fetches browser metadata information
:param browser: Name of the browser for which information is fetched
:param reload: Re-read the metadata based on the browser
:return: Browser metadata information, dict of format
            {"browser_version": browser version value,
             "driver_version": driver version value}</doc>
<msg timestamp="20240628 12:07:27.657" level="INFO">&amp;{browser_information} = { browser_version=126.0.6478.127 | driver_version=126.0.6478.62  }</msg>
<status status="PASS" starttime="20240628 12:07:24.008" endtime="20240628 12:07:27.657"/>
</kw>
<kw name="Set Suite Metadata" library="BuiltIn">
<arg>test_browser_name</arg>
<arg>${browser}</arg>
<doc>Sets metadata for the current test suite.</doc>
<msg timestamp="20240628 12:07:27.658" level="INFO">Set suite metadata 'test_browser_name' to value 'chrome'.</msg>
<status status="PASS" starttime="20240628 12:07:27.657" endtime="20240628 12:07:27.658"/>
</kw>
<kw name="Set Suite Metadata" library="BuiltIn">
<arg>test_browser_version</arg>
<arg>${browser_information.browser_version}</arg>
<doc>Sets metadata for the current test suite.</doc>
<msg timestamp="20240628 12:07:27.659" level="INFO">Set suite metadata 'test_browser_version' to value '126.0.6478.127'.</msg>
<status status="PASS" starttime="20240628 12:07:27.658" endtime="20240628 12:07:27.659"/>
</kw>
<kw name="Set Suite Metadata" library="BuiltIn">
<arg>test_driver_version</arg>
<arg>${browser_information.driver_version}</arg>
<doc>Sets metadata for the current test suite.</doc>
<msg timestamp="20240628 12:07:27.660" level="INFO">Set suite metadata 'test_driver_version' to value '126.0.6478.62 '.</msg>
<status status="PASS" starttime="20240628 12:07:27.659" endtime="20240628 12:07:27.660"/>
</kw>
<status status="PASS" starttime="20240628 12:07:24.008" endtime="20240628 12:07:27.660"/>
</kw>
<kw name="Setup Global Docker Execution Options" library="Support_Web">
<kw name="Set Global Variable" library="BuiltIn">
<arg>${global_browser_options}</arg>
<arg>None</arg>
<doc>Makes a variable available globally in all tests and suites.</doc>
<msg timestamp="20240628 12:07:27.661" level="INFO">${global_browser_options} = None</msg>
<status status="PASS" starttime="20240628 12:07:27.661" endtime="20240628 12:07:27.662"/>
</kw>
<kw name="Get Environment Variable" library="OperatingSystem">
<var>${docker_check}</var>
<arg>EXECUTION_ENVIRONMENT</arg>
<arg>not_found</arg>
<doc>Returns the value of an environment variable with the given name.</doc>
<msg timestamp="20240628 12:07:27.662" level="INFO">${docker_check} = not_found</msg>
<status status="PASS" starttime="20240628 12:07:27.662" endtime="20240628 12:07:27.662"/>
</kw>
<kw name="Run Keyword And Return If" library="BuiltIn">
<arg>"${docker_check}"!="docker"</arg>
<arg>Log</arg>
<arg>Not executing on Docker</arg>
<doc>Runs the specified keyword and returns from the enclosing user keyword.</doc>
<kw name="Log" library="BuiltIn">
<arg>Not executing on Docker</arg>
<doc>Logs the given message with the given level.</doc>
<msg timestamp="20240628 12:07:27.663" level="INFO">Not executing on Docker</msg>
<status status="PASS" starttime="20240628 12:07:27.662" endtime="20240628 12:07:27.663"/>
</kw>
<msg timestamp="20240628 12:07:27.663" level="INFO">Returning from the enclosing user keyword.</msg>
<status status="PASS" starttime="20240628 12:07:27.662" endtime="20240628 12:07:27.663"/>
</kw>
<kw name="Create List" library="BuiltIn">
<var>@{options}</var>
<arg>--headless</arg>
<arg>--no-sandbox</arg>
<arg>--disable-dev-shm-usage</arg>
<doc>Returns a list containing given items.</doc>
<status status="NOT RUN" starttime="20240628 12:07:27.663" endtime="20240628 12:07:27.663"/>
</kw>
<kw name="Set Global Variable" library="BuiltIn">
<arg>@{docker_options}</arg>
<arg>@{options}</arg>
<doc>Makes a variable available globally in all tests and suites.</doc>
<status status="NOT RUN" starttime="20240628 12:07:27.663" endtime="20240628 12:07:27.664"/>
</kw>
<status status="PASS" starttime="20240628 12:07:27.660" endtime="20240628 12:07:27.664"/>
</kw>
<kw name="Create Webdriver for chrome preferences" library="Support_Web">
<kw name="Update Docker Execution Options" library="Support_Web">
<var>${list_prefs}</var>
<arg>${list_prefs}</arg>
<kw name="Run Keyword And Return Status" library="BuiltIn">
<var>${docker_check}</var>
<arg>Variable Should Exist</arg>
<arg>${docker_options}</arg>
<doc>Runs the given keyword with given arguments and returns the status as a Boolean value.</doc>
<kw name="Variable Should Exist" library="BuiltIn">
<arg>${docker_options}</arg>
<doc>Fails unless the given variable exists within the current scope.</doc>
<msg timestamp="20240628 12:07:27.666" level="FAIL">Variable '${docker_options}' does not exist.</msg>
<status status="FAIL" starttime="20240628 12:07:27.665" endtime="20240628 12:07:27.666"/>
</kw>
<msg timestamp="20240628 12:07:27.666" level="INFO">${docker_check} = False</msg>
<status status="PASS" starttime="20240628 12:07:27.664" endtime="20240628 12:07:27.666"/>
</kw>
<kw name="Get Length" library="BuiltIn">
<var>${list_prefs_length}</var>
<arg>${list_prefs}</arg>
<doc>Returns and logs the length of the given item as an integer.</doc>
<msg timestamp="20240628 12:07:27.666" level="INFO">Length is 1</msg>
<msg timestamp="20240628 12:07:27.667" level="INFO">${list_prefs_length} = 1</msg>
<status status="PASS" starttime="20240628 12:07:27.666" endtime="20240628 12:07:27.667"/>
</kw>
<kw name="Run Keyword If" library="BuiltIn">
<var>${list_prefs}</var>
<arg>${docker_check} and ${list_prefs_length}&gt;0 and ${list_prefs}[0] != []</arg>
<arg>Combine Lists</arg>
<arg>${list_prefs}</arg>
<arg>${docker_options}</arg>
<arg>ELSE IF</arg>
<arg>${docker_check}</arg>
<arg>Set Variable</arg>
<arg>${docker_options}</arg>
<arg>ELSE</arg>
<arg>Set Variable</arg>
<arg>${list_prefs}</arg>
<doc>Runs the given keyword with the given arguments, if ``condition`` is true.</doc>
<kw name="Set Variable" library="BuiltIn">
<arg>${list_prefs}</arg>
<doc>Returns the given values which can then be assigned to a variables.</doc>
<status status="PASS" starttime="20240628 12:07:27.667" endtime="20240628 12:07:27.667"/>
</kw>
<msg timestamp="20240628 12:07:27.667" level="INFO">${list_prefs} = [[]]</msg>
<status status="PASS" starttime="20240628 12:07:27.667" endtime="20240628 12:07:27.667"/>
</kw>
<msg timestamp="20240628 12:07:27.667" level="INFO">${list_prefs} = [[]]</msg>
<status status="PASS" starttime="20240628 12:07:27.664" endtime="20240628 12:07:27.667"/>
</kw>
<kw name="Create Chrome Options for download preferences" library="Support_Web">
<var>${chrome_options}</var>
<kw name="Evaluate" library="BuiltIn">
<var>${chrome_options}</var>
<arg>sys.modules['selenium.webdriver'].ChromeOptions()</arg>
<arg>sys</arg>
<doc>Evaluates the given expression in Python and returns the result.</doc>
<msg timestamp="20240628 12:07:27.667" level="INFO">${chrome_options} = &lt;selenium.webdriver.chrome.options.Options object at 0x000001FCBEDA5790&gt;</msg>
<status status="PASS" starttime="20240628 12:07:27.667" endtime="20240628 12:07:27.667"/>
</kw>
<msg timestamp="20240628 12:07:27.667" level="INFO">${chrome_options} = &lt;selenium.webdriver.chrome.options.Options object at 0x000001FCBEDA5790&gt;</msg>
<status status="PASS" starttime="20240628 12:07:27.667" endtime="20240628 12:07:27.667"/>
</kw>
<kw name="Update Preferences List" library="Support_Web">
<arg>${chrome_options}</arg>
<arg>@{list_prefs}</arg>
<kw name="Convert To String" library="BuiltIn">
<var>${string_prefs}</var>
<arg>${list_prefs}</arg>
<doc>Converts the given item to a Unicode string.</doc>
<msg timestamp="20240628 12:07:27.669" level="INFO">${string_prefs} = [[]]</msg>
<status status="PASS" starttime="20240628 12:07:27.667" endtime="20240628 12:07:27.669"/>
</kw>
<kw name="Return From Keyword If" library="BuiltIn">
<arg>${string_prefs} == [[]]</arg>
<doc>Returns from the enclosing user keyword if ``condition`` is true.</doc>
<msg timestamp="20240628 12:07:27.669" level="INFO">Returning from the enclosing user keyword.</msg>
<status status="PASS" starttime="20240628 12:07:27.669" endtime="20240628 12:07:27.669"/>
</kw>
<for flavor="IN">
<var>${preference}</var>
<value>@{list_prefs}</value>
<iter>
<var name="${preference}"/>
<kw name="Call Method" library="BuiltIn">
<arg>${chrome_options}</arg>
<arg>add_argument</arg>
<arg>${preference}</arg>
<doc>Calls the named method of the given object with the provided arguments.</doc>
<status status="NOT RUN" starttime="20240628 12:07:27.670" endtime="20240628 12:07:27.670"/>
</kw>
<status status="NOT RUN" starttime="20240628 12:07:27.670" endtime="20240628 12:07:27.670"/>
</iter>
<status status="NOT RUN" starttime="20240628 12:07:27.669" endtime="20240628 12:07:27.670"/>
</for>
<status status="PASS" starttime="20240628 12:07:27.667" endtime="20240628 12:07:27.670"/>
</kw>
<kw name="Call Method" library="BuiltIn">
<arg>${chrome_options}</arg>
<arg>add_experimental_option</arg>
<arg>prefs</arg>
<arg>${kw_prefs}</arg>
<doc>Calls the named method of the given object with the provided arguments.</doc>
<status status="PASS" starttime="20240628 12:07:27.670" endtime="20240628 12:07:27.671"/>
</kw>
<kw name="Set Global Variable" library="BuiltIn">
<arg>${global_browser_options}</arg>
<arg>${chrome options}</arg>
<doc>Makes a variable available globally in all tests and suites.</doc>
<msg timestamp="20240628 12:07:27.671" level="INFO">${global_browser_options} = &lt;selenium.webdriver.chrome.options.Options object at 0x000001FCBEDA5790&gt;</msg>
<status status="PASS" starttime="20240628 12:07:27.671" endtime="20240628 12:07:27.671"/>
</kw>
<status status="PASS" starttime="20240628 12:07:27.664" endtime="20240628 12:07:27.671"/>
</kw>
<status status="PASS" starttime="20240628 12:07:24.008" endtime="20240628 12:07:27.672"/>
</kw>
<status status="PASS" starttime="20240628 12:07:24.007" endtime="20240628 12:07:27.672"/>
</kw>
<status status="PASS" starttime="20240628 12:07:24.007" endtime="20240628 12:07:27.673"/>
</kw>
<kw name="Set Suite Metadata" library="BuiltIn">
<arg>environment</arg>
<arg>${test_server}</arg>
<doc>Sets metadata for the current test suite.</doc>
<msg timestamp="20240628 12:07:27.673" level="INFO">Set suite metadata 'environment' to value 'Dev'.</msg>
<status status="PASS" starttime="20240628 12:07:27.673" endtime="20240628 12:07:27.673"/>
</kw>
<status status="PASS" starttime="20240628 12:07:24.003" endtime="20240628 12:07:27.673"/>
</kw>
<suite id="s1-s1" name="Test testtags" source="D:\Robotframework-Github\SAPtesting\Tests\Test_testtags.robot">
<test id="s1-s1-t1" name="Verifying Certificate" line="8">
<kw name="System Logon" library="testtags" type="SETUP">
<kw name="Start Process" library="Process">
<arg>${symvar('SAP_SERVER')}</arg>
<doc>Starts a new process on background.</doc>
<msg timestamp="20240628 12:07:27.875" level="INFO">Sym.Dev.SAP_SERVER: C:\Program Files (x86)\SAP\FrontEnd\SAPGUI\saplogon.exe</msg>
<msg timestamp="20240628 12:07:27.875" level="INFO">Starting process:
"C:\Program Files (x86)\SAP\FrontEnd\SAPGUI\saplogon.exe"</msg>
<status status="PASS" starttime="20240628 12:07:27.874" endtime="20240628 12:07:27.885"/>
</kw>
<kw name="Sleep" library="BuiltIn">
<arg>10s</arg>
<doc>Pauses the test executed for the given time.</doc>
<msg timestamp="20240628 12:07:37.888" level="INFO">Slept 10 seconds</msg>
<status status="PASS" starttime="20240628 12:07:27.885" endtime="20240628 12:07:37.888"/>
</kw>
<kw name="Connect To Session" library="CustomSapGuiLibrary">
<doc>Connects to an open session SAP.</doc>
<status status="PASS" starttime="20240628 12:07:37.888" endtime="20240628 12:07:37.949"/>
</kw>
<kw name="Open Connection" library="CustomSapGuiLibrary">
<arg>${symvar('SAP_connection')}</arg>
<doc>Opens a connection to the given connection name. Be sure to provide the full connection name, including the bracket part.</doc>
<msg timestamp="20240628 12:07:37.950" level="INFO">Sym.Dev.SAP_connection: BIS</msg>
<status status="PASS" starttime="20240628 12:07:37.949" endtime="20240628 12:07:38.755"/>
</kw>
<kw name="Input Text" library="CustomSapGuiLibrary">
<arg>wnd[0]/usr/txtRSYST-MANDT</arg>
<arg>${symvar('Client_Id')}</arg>
<doc>Inserts the given text into the text field identified by locator.
Use keyword `input password` to insert a password in a text field.</doc>
<msg timestamp="20240628 12:07:38.756" level="INFO">Sym.Dev.Client_Id: 001</msg>
<msg timestamp="20240628 12:07:38.816" level="INFO">Typing text '001' into text field 'wnd[0]/usr/txtRSYST-MANDT'.</msg>
<status status="PASS" starttime="20240628 12:07:38.755" endtime="20240628 12:07:38.816"/>
</kw>
<kw name="Input Text" library="CustomSapGuiLibrary">
<arg>wnd[0]/usr/txtRSYST-BNAME</arg>
<arg>${symvar('User_Name')}</arg>
<doc>Inserts the given text into the text field identified by locator.
Use keyword `input password` to insert a password in a text field.</doc>
<msg timestamp="20240628 12:07:38.819" level="INFO">Sym.Dev.User_Name: SELENIUM</msg>
<msg timestamp="20240628 12:07:38.835" level="INFO">Typing text 'SELENIUM' into text field 'wnd[0]/usr/txtRSYST-BNAME'.</msg>
<status status="PASS" starttime="20240628 12:07:38.816" endtime="20240628 12:07:38.836"/>
</kw>
<kw name="Input Password" library="CustomSapGuiLibrary">
<arg>wnd[0]/usr/pwdRSYST-BCODE</arg>
<arg>%{SAP_PASSWORD}</arg>
<doc>Inserts the given password into the text field identified by locator.
The password is not recorded in the log.</doc>
<msg timestamp="20240628 12:07:38.836" level="FAIL">Environment variable '%{SAP_PASSWORD}' not found.</msg>
<status status="FAIL" starttime="20240628 12:07:38.836" endtime="20240628 12:07:38.836"/>
</kw>
<kw name="Send Vkey" library="CustomSapGuiLibrary">
<arg>0</arg>
<doc>Sends a SAP virtual key combination to the window, not into an element.
If you want to send a value to a text field, use `input text` instead.</doc>
<status status="NOT RUN" starttime="20240628 12:07:38.837" endtime="20240628 12:07:38.837"/>
</kw>
<kw name="Sleep" library="BuiltIn">
<arg>3s</arg>
<doc>Pauses the test executed for the given time.</doc>
<status status="NOT RUN" starttime="20240628 12:07:38.837" endtime="20240628 12:07:38.837"/>
</kw>
<kw name="Multiple Logon Handling" library="CustomSapGuiLibrary">
<arg>wnd[1]</arg>
<arg>wnd[1]/usr/radMULTI_LOGON_OPT2</arg>
<arg>wnd[1]/tbar[0]/btn[0]</arg>
<status status="NOT RUN" starttime="20240628 12:07:38.837" endtime="20240628 12:07:38.837"/>
</kw>
<kw name="Sleep" library="BuiltIn">
<arg>5s</arg>
<doc>Pauses the test executed for the given time.</doc>
<status status="NOT RUN" starttime="20240628 12:07:38.837" endtime="20240628 12:07:38.838"/>
</kw>
<status status="FAIL" starttime="20240628 12:07:27.874" endtime="20240628 12:07:38.838"/>
</kw>
<kw name="System Logout" library="testtags" type="TEARDOWN">
<kw name="Run Transaction" library="CustomSapGuiLibrary">
<arg>/nex</arg>
<doc>Runs a Sap transaction. An error is given when an unknown transaction is specified.</doc>
<status status="PASS" starttime="20240628 12:07:38.838" endtime="20240628 12:07:38.986"/>
</kw>
<kw name="Sleep" library="BuiltIn">
<arg>5</arg>
<doc>Pauses the test executed for the given time.</doc>
<msg timestamp="20240628 12:07:43.988" level="INFO">Slept 5 seconds</msg>
<status status="PASS" starttime="20240628 12:07:38.986" endtime="20240628 12:07:43.988"/>
</kw>
<status status="PASS" starttime="20240628 12:07:38.838" endtime="20240628 12:07:43.988"/>
</kw>
<tag>SM02_T1</tag>
<tag>testtags</tag>
<status status="FAIL" starttime="20240628 12:07:27.873" endtime="20240628 12:07:43.988">Setup failed:
Environment variable '%{SAP_PASSWORD}' not found.</status>
</test>
<test id="s1-s1-t2" name="Read excel and create invoice" line="13">
<kw name="SAP logon" library="testtags" type="SETUP">
<kw name="Start Process" library="Process">
<arg>${symvar('SAP_SERVER')}</arg>
<doc>Starts a new process on background.</doc>
<msg timestamp="20240628 12:07:43.992" level="INFO">Sym.Dev.SAP_SERVER: C:\Program Files (x86)\SAP\FrontEnd\SAPGUI\saplogon.exe</msg>
<msg timestamp="20240628 12:07:43.992" level="INFO">Starting process:
"C:\Program Files (x86)\SAP\FrontEnd\SAPGUI\saplogon.exe"</msg>
<status status="PASS" starttime="20240628 12:07:43.991" endtime="20240628 12:07:44.004"/>
</kw>
<kw name="Sleep" library="BuiltIn">
<arg>10s</arg>
<doc>Pauses the test executed for the given time.</doc>
<msg timestamp="20240628 12:07:54.006" level="INFO">Slept 10 seconds</msg>
<status status="PASS" starttime="20240628 12:07:44.004" endtime="20240628 12:07:54.006"/>
</kw>
<kw name="Connect To Session" library="CustomSapGuiLibrary">
<doc>Connects to an open session SAP.</doc>
<status status="PASS" starttime="20240628 12:07:54.006" endtime="20240628 12:07:54.015"/>
</kw>
<kw name="Open Connection" library="CustomSapGuiLibrary">
<arg>${symvar('connection')}</arg>
<doc>Opens a connection to the given connection name. Be sure to provide the full connection name, including the bracket part.</doc>
<msg timestamp="20240628 12:07:54.016" level="INFO">Sym.Dev.connection: $connection</msg>
<msg timestamp="20240628 12:07:54.121" level="INFO" html="true">&lt;a href="sap-screenshot_1.jpg"&gt;&lt;img src="sap-screenshot_1.jpg" width="800px"&gt;&lt;/a&gt;</msg>
<msg timestamp="20240628 12:07:54.121" level="FAIL">ValueError: Cannot open connection '$connection', please check connection name.</msg>
<msg timestamp="20240628 12:07:54.124" level="INFO">Sym.Dev.connection: $connection</msg>
<status status="FAIL" starttime="20240628 12:07:54.015" endtime="20240628 12:07:54.122"/>
</kw>
<kw name="Input Text" library="CustomSapGuiLibrary">
<arg>wnd[0]/usr/txtRSYST-MANDT</arg>
<arg>${symvar('login_client')}</arg>
<doc>Inserts the given text into the text field identified by locator.
Use keyword `input password` to insert a password in a text field.</doc>
<status status="NOT RUN" starttime="20240628 12:07:54.124" endtime="20240628 12:07:54.124"/>
</kw>
<kw name="Input Text" library="CustomSapGuiLibrary">
<arg>wnd[0]/usr/txtRSYST-BNAME</arg>
<arg>${symvar('login_user')}</arg>
<doc>Inserts the given text into the text field identified by locator.
Use keyword `input password` to insert a password in a text field.</doc>
<status status="NOT RUN" starttime="20240628 12:07:54.124" endtime="20240628 12:07:54.125"/>
</kw>
<kw name="Input Password" library="CustomSapGuiLibrary">
<arg>wnd[0]/usr/pwdRSYST-BCODE</arg>
<arg>%{SAP_PASSWORD}</arg>
<doc>Inserts the given password into the text field identified by locator.
The password is not recorded in the log.</doc>
<status status="NOT RUN" starttime="20240628 12:07:54.125" endtime="20240628 12:07:54.125"/>
</kw>
<kw name="Send Vkey" library="CustomSapGuiLibrary">
<arg>0</arg>
<doc>Sends a SAP virtual key combination to the window, not into an element.
If you want to send a value to a text field, use `input text` instead.</doc>
<status status="NOT RUN" starttime="20240628 12:07:54.125" endtime="20240628 12:07:54.125"/>
</kw>
<kw name="Sleep" library="BuiltIn">
<arg>3s</arg>
<doc>Pauses the test executed for the given time.</doc>
<status status="NOT RUN" starttime="20240628 12:07:54.125" endtime="20240628 12:07:54.125"/>
</kw>
<kw name="Multiple Logon Handling" library="CustomSapGuiLibrary">
<arg>wnd[1]</arg>
<arg>wnd[1]/usr/radMULTI_LOGON_OPT2</arg>
<arg>wnd[1]/tbar[0]/btn[0]</arg>
<status status="NOT RUN" starttime="20240628 12:07:54.125" endtime="20240628 12:07:54.125"/>
</kw>
<kw name="Sleep" library="BuiltIn">
<arg>5s</arg>
<doc>Pauses the test executed for the given time.</doc>
<status status="NOT RUN" starttime="20240628 12:07:54.125" endtime="20240628 12:07:54.125"/>
</kw>
<status status="FAIL" starttime="20240628 12:07:43.991" endtime="20240628 12:07:54.126"/>
</kw>
<kw name="SAP Logout" library="testtags" type="TEARDOWN">
<kw name="Run Transaction" library="CustomSapGuiLibrary">
<arg>/nex</arg>
<doc>Runs a Sap transaction. An error is given when an unknown transaction is specified.</doc>
<msg timestamp="20240628 12:07:54.127" level="FAIL">com_error: (-2147417848, 'The object invoked has disconnected from its clients.', None, None)</msg>
<status status="FAIL" starttime="20240628 12:07:54.126" endtime="20240628 12:07:54.127"/>
</kw>
<kw name="Sleep" library="BuiltIn">
<arg>5</arg>
<doc>Pauses the test executed for the given time.</doc>
<msg timestamp="20240628 12:07:59.128" level="INFO">Slept 5 seconds</msg>
<status status="PASS" starttime="20240628 12:07:54.127" endtime="20240628 12:07:59.128"/>
</kw>
<status status="FAIL" starttime="20240628 12:07:54.126" endtime="20240628 12:07:59.129">com_error: (-2147417848, 'The object invoked has disconnected from its clients.', None, None)</status>
</kw>
<tag>FB70_T2</tag>
<tag>testtags</tag>
<status status="FAIL" starttime="20240628 12:07:43.990" endtime="20240628 12:07:59.129">Setup failed:
ValueError: Cannot open connection '$connection', please check connection name.

Also teardown failed:
com_error: (-2147417848, 'The object invoked has disconnected from its clients.', None, None)</status>
</test>
<test id="s1-s1-t3" name="Read excel and view invoice" line="18">
<kw name="SAP logon" library="testtags" type="SETUP">
<kw name="Start Process" library="Process">
<arg>${symvar('SAP_SERVER')}</arg>
<doc>Starts a new process on background.</doc>
<msg timestamp="20240628 12:07:59.132" level="INFO">Sym.Dev.SAP_SERVER: C:\Program Files (x86)\SAP\FrontEnd\SAPGUI\saplogon.exe</msg>
<msg timestamp="20240628 12:07:59.132" level="INFO">Starting process:
"C:\Program Files (x86)\SAP\FrontEnd\SAPGUI\saplogon.exe"</msg>
<status status="PASS" starttime="20240628 12:07:59.131" endtime="20240628 12:07:59.150"/>
</kw>
<kw name="Sleep" library="BuiltIn">
<arg>10s</arg>
<doc>Pauses the test executed for the given time.</doc>
<msg timestamp="20240628 12:08:09.152" level="INFO">Slept 10 seconds</msg>
<status status="PASS" starttime="20240628 12:07:59.150" endtime="20240628 12:08:09.152"/>
</kw>
<kw name="Connect To Session" library="CustomSapGuiLibrary">
<doc>Connects to an open session SAP.</doc>
<status status="PASS" starttime="20240628 12:08:09.152" endtime="20240628 12:08:09.163"/>
</kw>
<kw name="Open Connection" library="CustomSapGuiLibrary">
<arg>${symvar('connection')}</arg>
<doc>Opens a connection to the given connection name. Be sure to provide the full connection name, including the bracket part.</doc>
<msg timestamp="20240628 12:08:09.164" level="INFO">Sym.Dev.connection: $connection</msg>
<msg timestamp="20240628 12:08:09.221" level="INFO" html="true">&lt;a href="sap-screenshot_2.jpg"&gt;&lt;img src="sap-screenshot_2.jpg" width="800px"&gt;&lt;/a&gt;</msg>
<msg timestamp="20240628 12:08:09.222" level="FAIL">ValueError: Cannot open connection '$connection', please check connection name.</msg>
<msg timestamp="20240628 12:08:09.223" level="INFO">Sym.Dev.connection: $connection</msg>
<status status="FAIL" starttime="20240628 12:08:09.163" endtime="20240628 12:08:09.222"/>
</kw>
<kw name="Input Text" library="CustomSapGuiLibrary">
<arg>wnd[0]/usr/txtRSYST-MANDT</arg>
<arg>${symvar('login_client')}</arg>
<doc>Inserts the given text into the text field identified by locator.
Use keyword `input password` to insert a password in a text field.</doc>
<status status="NOT RUN" starttime="20240628 12:08:09.223" endtime="20240628 12:08:09.223"/>
</kw>
<kw name="Input Text" library="CustomSapGuiLibrary">
<arg>wnd[0]/usr/txtRSYST-BNAME</arg>
<arg>${symvar('login_user')}</arg>
<doc>Inserts the given text into the text field identified by locator.
Use keyword `input password` to insert a password in a text field.</doc>
<status status="NOT RUN" starttime="20240628 12:08:09.223" endtime="20240628 12:08:09.224"/>
</kw>
<kw name="Input Password" library="CustomSapGuiLibrary">
<arg>wnd[0]/usr/pwdRSYST-BCODE</arg>
<arg>%{SAP_PASSWORD}</arg>
<doc>Inserts the given password into the text field identified by locator.
The password is not recorded in the log.</doc>
<status status="NOT RUN" starttime="20240628 12:08:09.224" endtime="20240628 12:08:09.224"/>
</kw>
<kw name="Send Vkey" library="CustomSapGuiLibrary">
<arg>0</arg>
<doc>Sends a SAP virtual key combination to the window, not into an element.
If you want to send a value to a text field, use `input text` instead.</doc>
<status status="NOT RUN" starttime="20240628 12:08:09.224" endtime="20240628 12:08:09.224"/>
</kw>
<kw name="Sleep" library="BuiltIn">
<arg>3s</arg>
<doc>Pauses the test executed for the given time.</doc>
<status status="NOT RUN" starttime="20240628 12:08:09.224" endtime="20240628 12:08:09.224"/>
</kw>
<kw name="Multiple Logon Handling" library="CustomSapGuiLibrary">
<arg>wnd[1]</arg>
<arg>wnd[1]/usr/radMULTI_LOGON_OPT2</arg>
<arg>wnd[1]/tbar[0]/btn[0]</arg>
<status status="NOT RUN" starttime="20240628 12:08:09.224" endtime="20240628 12:08:09.224"/>
</kw>
<kw name="Sleep" library="BuiltIn">
<arg>5s</arg>
<doc>Pauses the test executed for the given time.</doc>
<status status="NOT RUN" starttime="20240628 12:08:09.225" endtime="20240628 12:08:09.225"/>
</kw>
<status status="FAIL" starttime="20240628 12:07:59.130" endtime="20240628 12:08:09.225"/>
</kw>
<kw name="SAP Logout" library="testtags" type="TEARDOWN">
<kw name="Run Transaction" library="CustomSapGuiLibrary">
<arg>/nex</arg>
<doc>Runs a Sap transaction. An error is given when an unknown transaction is specified.</doc>
<msg timestamp="20240628 12:08:09.226" level="FAIL">com_error: (-2147417848, 'The object invoked has disconnected from its clients.', None, None)</msg>
<status status="FAIL" starttime="20240628 12:08:09.226" endtime="20240628 12:08:09.227"/>
</kw>
<kw name="Sleep" library="BuiltIn">
<arg>5</arg>
<doc>Pauses the test executed for the given time.</doc>
<msg timestamp="20240628 12:08:14.227" level="INFO">Slept 5 seconds</msg>
<status status="PASS" starttime="20240628 12:08:09.227" endtime="20240628 12:08:14.227"/>
</kw>
<status status="FAIL" starttime="20240628 12:08:09.225" endtime="20240628 12:08:14.228">com_error: (-2147417848, 'The object invoked has disconnected from its clients.', None, None)</status>
</kw>
<tag>FB03_T3</tag>
<tag>testtags</tag>
<status status="FAIL" starttime="20240628 12:07:59.130" endtime="20240628 12:08:14.228">Setup failed:
ValueError: Cannot open connection '$connection', please check connection name.

Also teardown failed:
com_error: (-2147417848, 'The object invoked has disconnected from its clients.', None, None)</status>
</test>
<status status="FAIL" starttime="20240628 12:07:27.673" endtime="20240628 12:08:14.229"/>
</suite>
<doc>Testing functionality through Robot Framework</doc>
<meta name="environment">Dev</meta>
<meta name="test_browser_name">chrome</meta>
<meta name="test_browser_version">126.0.6478.127</meta>
<meta name="test_driver_version">126.0.6478.62 </meta>
<meta name="test_environment">Dev</meta>
<meta name="test_freeze_dependencies">astroid==3.2.2,attrs==23.2.0,beautifulsoup4==4.12.3,bs4==0.0.2,certifi==2024.6.2,cffi==1.16.0,chardet==5.2.0,charset-normalizer==3.3.2,click==8.1.7,colorama==0.4.6,cryptography==42.0.8,defusedxml==0.7.1,dill==0.3.8,docutils==0.21.2,et-xmlfile==1.1.0,exceptiongroup==1.2.1,gitdb==4.0.11,GitPython==3.1.43,h11==0.14.0,idna==3.7,isort==5.13.2,Jinja2==3.1.4,jira==3.8.0,jsonpath-ng==1.6.1,jsonschema==4.22.0,jsonschema-specifications==2023.12.1,lazy-object-proxy==1.10.0,lxml==5.2.2,markdown-it-py==3.0.0,MarkupSafe==2.1.5,mccabe==0.7.0,mdurl==0.1.2,natsort==8.4.0,oauthlib==3.2.2,openpyxl==3.1.4,outcome==1.3.0.post0,packaging==24.1,pathspec==0.11.2,pillow==10.3.0,pip==24.0,platformdirs==4.2.2,ply==3.11,pycparser==2.22,Pygments==2.18.0,pylint==3.2.3,PySocks==1.7.1,pywin32==306,PyYAML==6.0.1,referencing==0.35.1,requests==2.32.3,requests-oauthlib==2.0.0,requests-toolbelt==1.0.0,rich==13.7.1,rich-click==1.6.1,robotframework==6.0.2,robotframework-datadriver==1.9.0,robotframework-jsonlibrary==0.5,robotframework-pabot==2.16.0,robotframework-pythonlibcore==4.2.0,robotframework-requests==0.9.2,robotframework-sapguilibrary==1.1,robotframework-seleniumlibrary==5.1.3,robotframework-stacktrace==0.4.1,robotframework-tidy==4.5.0,rpds-py==0.18.1,selenium==4.9.1,setuptools==70.1.0,smmap==5.0.1,sniffio==1.3.1,sortedcontainers==2.4.0,soupsieve==2.5,tomli==2.0.1,tomlkit==0.12.5,trio==0.25.1,trio-websocket==0.11.1,typing_extensions==4.12.2,urllib3==2.2.2,wheel==0.43.0,wrapt==1.16.0,wsproto==1.2.0</meta>
<status status="FAIL" starttime="20240628 12:07:23.783" endtime="20240628 12:08:14.316"/>
</suite>
<statistics>
<total>
<stat pass="0" fail="3" skip="0">All Tests</stat>
</total>
<tag>
<stat pass="0" fail="1" skip="0">FB03_T3</stat>
<stat pass="0" fail="1" skip="0">FB70_T2</stat>
<stat pass="0" fail="1" skip="0">SM02_T1</stat>
<stat pass="0" fail="3" skip="0">testtags</stat>
</tag>
<suite>
<stat pass="0" fail="3" skip="0" id="s1" name="Tests">Tests</stat>
<stat pass="0" fail="3" skip="0" id="s1-s1" name="Test testtags">Tests.Test testtags</stat>
</suite>
</statistics>
<errors>
</errors>
</robot>
