<?xml version="1.0" encoding="UTF-8"?>
<robot generator="Robot 6.0.2 (Python 3.12.1 on win32)" generated="20240626 12:46:07.234" rpa="false" schemaversion="3">
<suite id="s1" name="Tests" source="C:\SAP_Testing\SAPtesting\Tests">
<kw name="Setup highest level suite" type="SETUP">
<kw name="Set Variable" library="BuiltIn">
<var>${d.test_server}</var>
<arg>${test_server}</arg>
<doc>Returns the given values which can then be assigned to a variables.</doc>
<msg timestamp="20240626 12:46:07.847" level="INFO">${d.test_server} = Dev</msg>
<status status="PASS" starttime="20240626 12:46:07.847" endtime="20240626 12:46:07.847"/>
</kw>
<kw name="Reset screenshot count variable" library="Support">
<kw name="Set Variable" library="BuiltIn">
<var>${screenshotCount}</var>
<arg>${PABOTQUEUEINDEX}_1</arg>
<doc>Returns the given values which can then be assigned to a variables.</doc>
<msg timestamp="20240626 12:46:07.847" level="INFO">${screenshotCount} = 0_1</msg>
<status status="PASS" starttime="20240626 12:46:07.847" endtime="20240626 12:46:07.847"/>
</kw>
<kw name="Set Global Variable" library="BuiltIn">
<arg>${screenshotCount}</arg>
<doc>Makes a variable available globally in all tests and suites.</doc>
<msg timestamp="20240626 12:46:07.847" level="INFO">${screenshotCount} = 0_1</msg>
<status status="PASS" starttime="20240626 12:46:07.847" endtime="20240626 12:46:07.847"/>
</kw>
<kw name="Set up screenshot directory" library="Support">
<kw name="Create Directory" library="OperatingSystem">
<arg>${OUTPUTDIR}${/}${wvar('screenshot_dir')}</arg>
<doc>Creates the specified directory.</doc>
<msg timestamp="20240626 12:46:07.853" level="INFO">Web.Dev.screenshot_dir: Screenshot</msg>
<msg timestamp="20240626 12:46:07.857" level="INFO" html="true">Created directory '&lt;a href="file://C:\SAP_Testing\SAPtesting\Output\pabot_results\0\Screenshot"&gt;C:\SAP_Testing\SAPtesting\Output\pabot_results\0\Screenshot&lt;/a&gt;'.</msg>
<status status="PASS" starttime="20240626 12:46:07.847" endtime="20240626 12:46:07.857"/>
</kw>
<status status="PASS" starttime="20240626 12:46:07.847" endtime="20240626 12:46:07.857"/>
</kw>
<status status="PASS" starttime="20240626 12:46:07.847" endtime="20240626 12:46:07.857"/>
</kw>
<kw name="Set Global Variable" library="BuiltIn">
<arg>${screenshot_taking}</arg>
<arg>${True}</arg>
<doc>Makes a variable available globally in all tests and suites.</doc>
<msg timestamp="20240626 12:46:07.858" level="INFO">${screenshot_taking} = True</msg>
<status status="PASS" starttime="20240626 12:46:07.858" endtime="20240626 12:46:07.858"/>
</kw>
<kw name="Setup linux execution" library="Support">
<kw name="Run Keyword And Return Status" library="BuiltIn">
<var>${web_test_check}</var>
<arg>Variable Should Exist</arg>
<arg>${web_test}</arg>
<doc>Runs the given keyword with given arguments and returns the status as a Boolean value.</doc>
<kw name="Variable Should Exist" library="BuiltIn">
<arg>${web_test}</arg>
<doc>Fails unless the given variable exists within the current scope.</doc>
<status status="PASS" starttime="20240626 12:46:07.859" endtime="20240626 12:46:07.859"/>
</kw>
<msg timestamp="20240626 12:46:07.859" level="INFO">${web_test_check} = True</msg>
<status status="PASS" starttime="20240626 12:46:07.858" endtime="20240626 12:46:07.859"/>
</kw>
<kw name="Run Keyword If" library="BuiltIn">
<arg>${web_test_check}</arg>
<arg>Setup Docker Execution Options</arg>
<doc>Runs the given keyword with the given arguments, if ``condition`` is true.</doc>
<kw name="Setup Docker Execution Options" library="Support_Web">
<kw name="Setup Suite Metadata" library="Support_Web">
<arg>${browser}</arg>
<kw name="Get Browser Metadata" library="BrowserSupport">
<var>&amp;{browser_information}</var>
<arg>browser=${browser}</arg>
<doc>Fetches browser metadata information
:param browser: Name of the browser for which information is fetched
:param reload: Re-read the metadata based on the browser
:return: Browser metadata information, dict of format
            {"browser_version": browser version value,
             "driver_version": driver version value}</doc>
<msg timestamp="20240626 12:46:12.509" level="INFO">&amp;{browser_information} = { browser_version=126.0.6478.126 | driver_version=126.0.6478.62  }</msg>
<status status="PASS" starttime="20240626 12:46:07.860" endtime="20240626 12:46:12.509"/>
</kw>
<kw name="Set Suite Metadata" library="BuiltIn">
<arg>test_browser_name</arg>
<arg>${browser}</arg>
<doc>Sets metadata for the current test suite.</doc>
<msg timestamp="20240626 12:46:12.510" level="INFO">Set suite metadata 'test_browser_name' to value 'chrome'.</msg>
<status status="PASS" starttime="20240626 12:46:12.509" endtime="20240626 12:46:12.510"/>
</kw>
<kw name="Set Suite Metadata" library="BuiltIn">
<arg>test_browser_version</arg>
<arg>${browser_information.browser_version}</arg>
<doc>Sets metadata for the current test suite.</doc>
<msg timestamp="20240626 12:46:12.511" level="INFO">Set suite metadata 'test_browser_version' to value '126.0.6478.126'.</msg>
<status status="PASS" starttime="20240626 12:46:12.510" endtime="20240626 12:46:12.511"/>
</kw>
<kw name="Set Suite Metadata" library="BuiltIn">
<arg>test_driver_version</arg>
<arg>${browser_information.driver_version}</arg>
<doc>Sets metadata for the current test suite.</doc>
<msg timestamp="20240626 12:46:12.512" level="INFO">Set suite metadata 'test_driver_version' to value '126.0.6478.62 '.</msg>
<status status="PASS" starttime="20240626 12:46:12.511" endtime="20240626 12:46:12.512"/>
</kw>
<status status="PASS" starttime="20240626 12:46:07.860" endtime="20240626 12:46:12.512"/>
</kw>
<kw name="Setup Global Docker Execution Options" library="Support_Web">
<kw name="Set Global Variable" library="BuiltIn">
<arg>${global_browser_options}</arg>
<arg>None</arg>
<doc>Makes a variable available globally in all tests and suites.</doc>
<msg timestamp="20240626 12:46:12.514" level="INFO">${global_browser_options} = None</msg>
<status status="PASS" starttime="20240626 12:46:12.513" endtime="20240626 12:46:12.514"/>
</kw>
<kw name="Get Environment Variable" library="OperatingSystem">
<var>${docker_check}</var>
<arg>EXECUTION_ENVIRONMENT</arg>
<arg>not_found</arg>
<doc>Returns the value of an environment variable with the given name.</doc>
<msg timestamp="20240626 12:46:12.514" level="INFO">${docker_check} = not_found</msg>
<status status="PASS" starttime="20240626 12:46:12.514" endtime="20240626 12:46:12.514"/>
</kw>
<kw name="Run Keyword And Return If" library="BuiltIn">
<arg>"${docker_check}"!="docker"</arg>
<arg>Log</arg>
<arg>Not executing on Docker</arg>
<doc>Runs the specified keyword and returns from the enclosing user keyword.</doc>
<kw name="Log" library="BuiltIn">
<arg>Not executing on Docker</arg>
<doc>Logs the given message with the given level.</doc>
<msg timestamp="20240626 12:46:12.515" level="INFO">Not executing on Docker</msg>
<status status="PASS" starttime="20240626 12:46:12.515" endtime="20240626 12:46:12.515"/>
</kw>
<msg timestamp="20240626 12:46:12.515" level="INFO">Returning from the enclosing user keyword.</msg>
<status status="PASS" starttime="20240626 12:46:12.514" endtime="20240626 12:46:12.515"/>
</kw>
<kw name="Create List" library="BuiltIn">
<var>@{options}</var>
<arg>--headless</arg>
<arg>--no-sandbox</arg>
<arg>--disable-dev-shm-usage</arg>
<doc>Returns a list containing given items.</doc>
<status status="NOT RUN" starttime="20240626 12:46:12.515" endtime="20240626 12:46:12.516"/>
</kw>
<kw name="Set Global Variable" library="BuiltIn">
<arg>@{docker_options}</arg>
<arg>@{options}</arg>
<doc>Makes a variable available globally in all tests and suites.</doc>
<status status="NOT RUN" starttime="20240626 12:46:12.516" endtime="20240626 12:46:12.516"/>
</kw>
<status status="PASS" starttime="20240626 12:46:12.513" endtime="20240626 12:46:12.516"/>
</kw>
<kw name="Create Webdriver for chrome preferences" library="Support_Web">
<kw name="Update Docker Execution Options" library="Support_Web">
<var>${list_prefs}</var>
<arg>${list_prefs}</arg>
<kw name="Run Keyword And Return Status" library="BuiltIn">
<var>${docker_check}</var>
<arg>Variable Should Exist</arg>
<arg>${docker_options}</arg>
<doc>Runs the given keyword with given arguments and returns the status as a Boolean value.</doc>
<kw name="Variable Should Exist" library="BuiltIn">
<arg>${docker_options}</arg>
<doc>Fails unless the given variable exists within the current scope.</doc>
<msg timestamp="20240626 12:46:12.519" level="FAIL">Variable '${docker_options}' does not exist.</msg>
<status status="FAIL" starttime="20240626 12:46:12.517" endtime="20240626 12:46:12.519"/>
</kw>
<msg timestamp="20240626 12:46:12.519" level="INFO">${docker_check} = False</msg>
<status status="PASS" starttime="20240626 12:46:12.517" endtime="20240626 12:46:12.519"/>
</kw>
<kw name="Get Length" library="BuiltIn">
<var>${list_prefs_length}</var>
<arg>${list_prefs}</arg>
<doc>Returns and logs the length of the given item as an integer.</doc>
<msg timestamp="20240626 12:46:12.519" level="INFO">Length is 1</msg>
<msg timestamp="20240626 12:46:12.519" level="INFO">${list_prefs_length} = 1</msg>
<status status="PASS" starttime="20240626 12:46:12.519" endtime="20240626 12:46:12.519"/>
</kw>
<kw name="Run Keyword If" library="BuiltIn">
<var>${list_prefs}</var>
<arg>${docker_check} and ${list_prefs_length}&gt;0 and ${list_prefs}[0] != []</arg>
<arg>Combine Lists</arg>
<arg>${list_prefs}</arg>
<arg>${docker_options}</arg>
<arg>ELSE IF</arg>
<arg>${docker_check}</arg>
<arg>Set Variable</arg>
<arg>${docker_options}</arg>
<arg>ELSE</arg>
<arg>Set Variable</arg>
<arg>${list_prefs}</arg>
<doc>Runs the given keyword with the given arguments, if ``condition`` is true.</doc>
<kw name="Set Variable" library="BuiltIn">
<arg>${list_prefs}</arg>
<doc>Returns the given values which can then be assigned to a variables.</doc>
<status status="PASS" starttime="20240626 12:46:12.520" endtime="20240626 12:46:12.520"/>
</kw>
<msg timestamp="20240626 12:46:12.520" level="INFO">${list_prefs} = [[]]</msg>
<status status="PASS" starttime="20240626 12:46:12.520" endtime="20240626 12:46:12.520"/>
</kw>
<msg timestamp="20240626 12:46:12.521" level="INFO">${list_prefs} = [[]]</msg>
<status status="PASS" starttime="20240626 12:46:12.516" endtime="20240626 12:46:12.521"/>
</kw>
<kw name="Create Chrome Options for download preferences" library="Support_Web">
<var>${chrome_options}</var>
<kw name="Evaluate" library="BuiltIn">
<var>${chrome_options}</var>
<arg>sys.modules['selenium.webdriver'].ChromeOptions()</arg>
<arg>sys</arg>
<doc>Evaluates the given expression in Python and returns the result.</doc>
<msg timestamp="20240626 12:46:12.521" level="INFO">${chrome_options} = &lt;selenium.webdriver.chrome.options.Options object at 0x000001D61C28EFF0&gt;</msg>
<status status="PASS" starttime="20240626 12:46:12.521" endtime="20240626 12:46:12.521"/>
</kw>
<msg timestamp="20240626 12:46:12.521" level="INFO">${chrome_options} = &lt;selenium.webdriver.chrome.options.Options object at 0x000001D61C28EFF0&gt;</msg>
<status status="PASS" starttime="20240626 12:46:12.521" endtime="20240626 12:46:12.521"/>
</kw>
<kw name="Update Preferences List" library="Support_Web">
<arg>${chrome_options}</arg>
<arg>@{list_prefs}</arg>
<kw name="Convert To String" library="BuiltIn">
<var>${string_prefs}</var>
<arg>${list_prefs}</arg>
<doc>Converts the given item to a Unicode string.</doc>
<msg timestamp="20240626 12:46:12.522" level="INFO">${string_prefs} = [[]]</msg>
<status status="PASS" starttime="20240626 12:46:12.522" endtime="20240626 12:46:12.522"/>
</kw>
<kw name="Return From Keyword If" library="BuiltIn">
<arg>${string_prefs} == [[]]</arg>
<doc>Returns from the enclosing user keyword if ``condition`` is true.</doc>
<msg timestamp="20240626 12:46:12.523" level="INFO">Returning from the enclosing user keyword.</msg>
<status status="PASS" starttime="20240626 12:46:12.522" endtime="20240626 12:46:12.523"/>
</kw>
<for flavor="IN">
<var>${preference}</var>
<value>@{list_prefs}</value>
<iter>
<var name="${preference}"/>
<kw name="Call Method" library="BuiltIn">
<arg>${chrome_options}</arg>
<arg>add_argument</arg>
<arg>${preference}</arg>
<doc>Calls the named method of the given object with the provided arguments.</doc>
<status status="NOT RUN" starttime="20240626 12:46:12.524" endtime="20240626 12:46:12.524"/>
</kw>
<status status="NOT RUN" starttime="20240626 12:46:12.523" endtime="20240626 12:46:12.524"/>
</iter>
<status status="NOT RUN" starttime="20240626 12:46:12.523" endtime="20240626 12:46:12.524"/>
</for>
<status status="PASS" starttime="20240626 12:46:12.522" endtime="20240626 12:46:12.524"/>
</kw>
<kw name="Call Method" library="BuiltIn">
<arg>${chrome_options}</arg>
<arg>add_experimental_option</arg>
<arg>prefs</arg>
<arg>${kw_prefs}</arg>
<doc>Calls the named method of the given object with the provided arguments.</doc>
<status status="PASS" starttime="20240626 12:46:12.524" endtime="20240626 12:46:12.525"/>
</kw>
<kw name="Set Global Variable" library="BuiltIn">
<arg>${global_browser_options}</arg>
<arg>${chrome options}</arg>
<doc>Makes a variable available globally in all tests and suites.</doc>
<msg timestamp="20240626 12:46:12.525" level="INFO">${global_browser_options} = &lt;selenium.webdriver.chrome.options.Options object at 0x000001D61C28EFF0&gt;</msg>
<status status="PASS" starttime="20240626 12:46:12.525" endtime="20240626 12:46:12.525"/>
</kw>
<status status="PASS" starttime="20240626 12:46:12.516" endtime="20240626 12:46:12.525"/>
</kw>
<status status="PASS" starttime="20240626 12:46:07.860" endtime="20240626 12:46:12.525"/>
</kw>
<status status="PASS" starttime="20240626 12:46:07.860" endtime="20240626 12:46:12.525"/>
</kw>
<status status="PASS" starttime="20240626 12:46:07.858" endtime="20240626 12:46:12.526"/>
</kw>
<kw name="Set Suite Metadata" library="BuiltIn">
<arg>environment</arg>
<arg>${test_server}</arg>
<doc>Sets metadata for the current test suite.</doc>
<msg timestamp="20240626 12:46:12.526" level="INFO">Set suite metadata 'environment' to value 'Dev'.</msg>
<status status="PASS" starttime="20240626 12:46:12.526" endtime="20240626 12:46:12.526"/>
</kw>
<status status="PASS" starttime="20240626 12:46:07.847" endtime="20240626 12:46:12.526"/>
</kw>
<suite id="s1-s1" name="Test Certificate upload" source="C:\SAP_Testing\SAPtesting\Tests\Test_Certificate_upload.robot">
<kw name="Browser Login" library="Certificate_upload" type="SETUP">
<kw name="Open Browser" library="SeleniumLibrary">
<arg>${symvar('CPI_URL')}</arg>
<arg>${symvar('browsertype')}</arg>
<arg>options=add_argument("--ignore-certificate-errors")</arg>
<doc>Opens a new browser instance to the optional ``url``.</doc>
<msg timestamp="20240626 12:46:12.537" level="INFO">Sym.Dev.CPI_URL: https://070d8411trial.integrationsuite-trial.cfapps.ap21.hana.ondemand.com/shell/monitoring/Keystore</msg>
<msg timestamp="20240626 12:46:12.537" level="INFO">Sym.Dev.browsertype: chrome</msg>
<msg timestamp="20240626 12:46:12.538" level="INFO">Opening browser 'chrome' to base url 'https://070d8411trial.integrationsuite-trial.cfapps.ap21.hana.ondemand.com/shell/monitoring/Keystore'.</msg>
<status status="PASS" starttime="20240626 12:46:12.536" endtime="20240626 12:46:17.342"/>
</kw>
<kw name="Maximize Browser Window" library="SeleniumLibrary">
<doc>Maximizes current browser window.</doc>
<status status="PASS" starttime="20240626 12:46:17.343" endtime="20240626 12:46:17.454"/>
</kw>
<kw name="Sleep" library="BuiltIn">
<arg>5</arg>
<doc>Pauses the test executed for the given time.</doc>
<msg timestamp="20240626 12:46:22.455" level="INFO">Slept 5 seconds</msg>
<status status="PASS" starttime="20240626 12:46:17.454" endtime="20240626 12:46:22.455"/>
</kw>
<kw name="Input Text" library="SeleniumLibrary">
<arg>id:j_username</arg>
<arg>${symvar('username')}</arg>
<doc>Types the given ``text`` into the text field identified by ``locator``.</doc>
<msg timestamp="20240626 12:46:22.456" level="INFO">Sym.Dev.username: arif.shaikh@basiscloudsolutions.com</msg>
<msg timestamp="20240626 12:46:22.457" level="INFO">Typing text 'arif.shaikh@basiscloudsolutions.com' into text field 'id:j_username'.</msg>
<status status="PASS" starttime="20240626 12:46:22.455" endtime="20240626 12:46:22.608"/>
</kw>
<kw name="Sleep" library="BuiltIn">
<arg>2</arg>
<doc>Pauses the test executed for the given time.</doc>
<msg timestamp="20240626 12:46:24.609" level="INFO">Slept 2 seconds</msg>
<status status="PASS" starttime="20240626 12:46:22.608" endtime="20240626 12:46:24.609"/>
</kw>
<kw name="Click Element" library="SeleniumLibrary">
<arg>xpath://*[@id="logOnFormSubmit"]</arg>
<doc>Click the element identified by ``locator``.</doc>
<msg timestamp="20240626 12:46:24.610" level="INFO">Clicking element 'xpath://*[@id="logOnFormSubmit"]'.</msg>
<status status="PASS" starttime="20240626 12:46:24.609" endtime="20240626 12:46:25.419"/>
</kw>
<kw name="Sleep" library="BuiltIn">
<arg>20</arg>
<doc>Pauses the test executed for the given time.</doc>
<msg timestamp="20240626 12:46:45.421" level="INFO">Slept 20 seconds</msg>
<status status="PASS" starttime="20240626 12:46:25.420" endtime="20240626 12:46:45.421"/>
</kw>
<kw name="Scroll Element Into View" library="SeleniumLibrary">
<arg>xpath://*[@id="password"]</arg>
<doc>Scrolls the element identified by ``locator`` into view.</doc>
<status status="PASS" starttime="20240626 12:46:45.421" endtime="20240626 12:46:45.702"/>
</kw>
<kw name="Sleep" library="BuiltIn">
<arg>2</arg>
<doc>Pauses the test executed for the given time.</doc>
<msg timestamp="20240626 12:46:47.704" level="INFO">Slept 2 seconds</msg>
<status status="PASS" starttime="20240626 12:46:45.702" endtime="20240626 12:46:47.704"/>
</kw>
<kw name="Input Password" library="SeleniumLibrary">
<arg>xpath://*[@id="password"]</arg>
<arg>%{password}</arg>
<doc>Types the given password into the text field identified by ``locator``.</doc>
<msg timestamp="20240626 12:46:47.705" level="INFO">Typing password into text field 'xpath://*[@id="password"]'.</msg>
<msg timestamp="20240626 12:46:47.739" level="INFO">Temporally setting log level to: NONE</msg>
<msg timestamp="20240626 12:46:47.841" level="INFO">Log level changed from NONE to INFO.</msg>
<status status="PASS" starttime="20240626 12:46:47.704" endtime="20240626 12:46:47.841"/>
</kw>
<kw name="Sleep" library="BuiltIn">
<arg>2</arg>
<doc>Pauses the test executed for the given time.</doc>
<msg timestamp="20240626 12:46:49.842" level="INFO">Slept 2 seconds</msg>
<status status="PASS" starttime="20240626 12:46:47.841" endtime="20240626 12:46:49.842"/>
</kw>
<kw name="Scroll Element Into View" library="SeleniumLibrary">
<arg>xpath://button[@class='uid-login-as__submit-button test-button ds-button ds-button--primary' and text()='Sign in']</arg>
<doc>Scrolls the element identified by ``locator`` into view.</doc>
<status status="PASS" starttime="20240626 12:46:49.842" endtime="20240626 12:46:50.133"/>
</kw>
<kw name="Sleep" library="BuiltIn">
<arg>2</arg>
<doc>Pauses the test executed for the given time.</doc>
<msg timestamp="20240626 12:46:52.134" level="INFO">Slept 2 seconds</msg>
<status status="PASS" starttime="20240626 12:46:50.133" endtime="20240626 12:46:52.134"/>
</kw>
<kw name="Click Element" library="SeleniumLibrary">
<arg>xpath://button[@class='uid-login-as__submit-button test-button ds-button ds-button--primary' and text()='Sign in']</arg>
<doc>Click the element identified by ``locator``.</doc>
<msg timestamp="20240626 12:46:52.135" level="INFO">Clicking element 'xpath://button[@class='uid-login-as__submit-button test-button ds-button ds-button--primary' and text()='Sign in']'.</msg>
<status status="PASS" starttime="20240626 12:46:52.134" endtime="20240626 12:46:52.199"/>
</kw>
<kw name="Sleep" library="BuiltIn">
<arg>20</arg>
<doc>Pauses the test executed for the given time.</doc>
<msg timestamp="20240626 12:47:12.200" level="INFO">Slept 20 seconds</msg>
<status status="PASS" starttime="20240626 12:46:52.200" endtime="20240626 12:47:12.200"/>
</kw>
<kw name="Get Location" library="SeleniumLibrary">
<var>${Title}</var>
<doc>Returns the current browser window URL.</doc>
<msg timestamp="20240626 12:47:25.835" level="INFO">${Title} = https://070d8411trial.integrationsuite-trial.cfapps.ap21.hana.ondemand.com/shell/monitoring/Keystore</msg>
<status status="PASS" starttime="20240626 12:47:12.200" endtime="20240626 12:47:25.835"/>
</kw>
<kw name="Set Global Variable" library="BuiltIn">
<arg>${Title}</arg>
<doc>Makes a variable available globally in all tests and suites.</doc>
<msg timestamp="20240626 12:47:25.836" level="INFO">${Title} = https://070d8411trial.integrationsuite-trial.cfapps.ap21.hana.ondemand.com/shell/monitoring/Keystore</msg>
<status status="PASS" starttime="20240626 12:47:25.836" endtime="20240626 12:47:25.836"/>
</kw>
<kw name="Log To Console" library="BuiltIn">
<arg>${Title}</arg>
<doc>Logs the given message to the console.</doc>
<status status="PASS" starttime="20240626 12:47:25.837" endtime="20240626 12:47:25.837"/>
</kw>
<status status="PASS" starttime="20240626 12:46:12.536" endtime="20240626 12:47:25.838"/>
</kw>
<test id="s1-s1-t1" name="Certificate_upload" line="8">
<kw name="Uploading Certificate into SAP" library="Certificate_upload">
<if>
<msg timestamp="20240626 12:47:25.841" level="INFO">Sym.Dev.CPI_URL1: https://070d8411trial.integrationsuite-trial.cfapps.ap21.hana.ondemand.com/shell/monitoring/Overview</msg>
<branch type="IF" condition="'${Title}' == '${symvar('CPI_URL1')}'">
<kw name="Window_Handling" library="Certificate_upload">
<status status="NOT RUN" starttime="20240626 12:47:25.842" endtime="20240626 12:47:25.842"/>
</kw>
<status status="NOT RUN" starttime="20240626 12:47:25.840" endtime="20240626 12:47:25.842"/>
</branch>
<branch type="ELSE">
<kw name="Upload_Certificate" library="Certificate_upload">
<kw name="Notification Handling" library="Certificate_upload">
<kw name="Sleep" library="BuiltIn">
<arg>5</arg>
<doc>Pauses the test executed for the given time.</doc>
<msg timestamp="20240626 12:47:30.843" level="INFO">Slept 5 seconds</msg>
<status status="PASS" starttime="20240626 12:47:25.843" endtime="20240626 12:47:30.843"/>
</kw>
<kw name="Run Keyword And Return Status" library="BuiltIn">
<var>${Status}</var>
<arg>Page Should Contain Element</arg>
<arg>id:__popover4-title-inner</arg>
<doc>Runs the given keyword with given arguments and returns the status as a Boolean value.</doc>
<kw name="Page Should Contain Element" library="SeleniumLibrary">
<arg>id:__popover4-title-inner</arg>
<doc>Verifies that element ``locator`` is found on the current page.</doc>
<msg timestamp="20240626 12:47:30.843" level="INFO">Current page contains element 'id:__popover4-title-inner'.</msg>
<status status="PASS" starttime="20240626 12:47:30.843" endtime="20240626 12:47:30.843"/>
</kw>
<msg timestamp="20240626 12:47:30.843" level="INFO">${Status} = True</msg>
<status status="PASS" starttime="20240626 12:47:30.843" endtime="20240626 12:47:30.843"/>
</kw>
<kw name="Run Keyword If" library="BuiltIn">
<arg>'${Status}'=='True'</arg>
<arg>Close Notification</arg>
<doc>Runs the given keyword with the given arguments, if ``condition`` is true.</doc>
<kw name="Close Notification" library="Certificate_upload">
<kw name="Click Element" library="SeleniumLibrary">
<arg>//span[@id='__button19-img']</arg>
<doc>Click the element identified by ``locator``.</doc>
<msg timestamp="20240626 12:47:30.843" level="INFO">Clicking element '//span[@id='__button19-img']'.</msg>
<status status="PASS" starttime="20240626 12:47:30.843" endtime="20240626 12:47:30.903"/>
</kw>
<kw name="Capture Page Screenshot" library="SeleniumLibrary">
<doc>Takes a screenshot of the current page and embeds it into a log file.</doc>
<msg timestamp="20240626 12:47:31.070" level="INFO" html="true">&lt;/td&gt;&lt;/tr&gt;&lt;tr&gt;&lt;td colspan="3"&gt;&lt;a href="selenium-screenshot-1.png"&gt;&lt;img src="selenium-screenshot-1.png" width="800px"&gt;&lt;/a&gt;</msg>
<status status="PASS" starttime="20240626 12:47:30.903" endtime="20240626 12:47:31.070"/>
</kw>
<status status="PASS" starttime="20240626 12:47:30.843" endtime="20240626 12:47:31.071"/>
</kw>
<status status="PASS" starttime="20240626 12:47:30.843" endtime="20240626 12:47:31.071"/>
</kw>
<status status="PASS" starttime="20240626 12:47:25.843" endtime="20240626 12:47:31.071"/>
</kw>
<kw name="Capture Page Screenshot" library="SeleniumLibrary">
<doc>Takes a screenshot of the current page and embeds it into a log file.</doc>
<msg timestamp="20240626 12:47:31.212" level="INFO" html="true">&lt;/td&gt;&lt;/tr&gt;&lt;tr&gt;&lt;td colspan="3"&gt;&lt;a href="selenium-screenshot-2.png"&gt;&lt;img src="selenium-screenshot-2.png" width="800px"&gt;&lt;/a&gt;</msg>
<status status="PASS" starttime="20240626 12:47:31.071" endtime="20240626 12:47:31.212"/>
</kw>
<kw name="Sleep" library="BuiltIn">
<arg>10</arg>
<doc>Pauses the test executed for the given time.</doc>
<msg timestamp="20240626 12:47:41.213" level="INFO">Slept 10 seconds</msg>
<status status="PASS" starttime="20240626 12:47:31.212" endtime="20240626 12:47:41.213"/>
</kw>
<kw name="Input Text" library="SeleniumLibrary">
<arg>xpath://input[@id='__component0---com.sap.it.op.web.ui.pages.keystore.KeystoreManagement--SEARCHFIELD_KEYSTORE-I']</arg>
<arg>${symvar('Alias')}</arg>
<doc>Types the given ``text`` into the text field identified by ``locator``.</doc>
<msg timestamp="20240626 12:47:41.213" level="INFO">Sym.Dev.Alias: TH5_ssl</msg>
<msg timestamp="20240626 12:47:41.213" level="INFO">Typing text 'TH5_ssl' into text field 'xpath://input[@id='__component0---com.sap.it.op.web.ui.pages.keystore.KeystoreManagement--SEARCHFIELD_KEYSTORE-I']'.</msg>
<status status="PASS" starttime="20240626 12:47:41.213" endtime="20240626 12:47:41.407"/>
</kw>
<kw name="Capture Page Screenshot" library="SeleniumLibrary">
<doc>Takes a screenshot of the current page and embeds it into a log file.</doc>
<msg timestamp="20240626 12:47:41.526" level="INFO" html="true">&lt;/td&gt;&lt;/tr&gt;&lt;tr&gt;&lt;td colspan="3"&gt;&lt;a href="selenium-screenshot-3.png"&gt;&lt;img src="selenium-screenshot-3.png" width="800px"&gt;&lt;/a&gt;</msg>
<status status="PASS" starttime="20240626 12:47:41.407" endtime="20240626 12:47:41.526"/>
</kw>
<kw name="Sleep" library="BuiltIn">
<arg>3</arg>
<doc>Pauses the test executed for the given time.</doc>
<msg timestamp="20240626 12:47:44.527" level="INFO">Slept 3 seconds</msg>
<status status="PASS" starttime="20240626 12:47:41.526" endtime="20240626 12:47:44.527"/>
</kw>
<kw name="Scroll Element Into View" library="SeleniumLibrary">
<arg>xpath://span[@id='KEYSTORE_LISTITEM_ACTION-__clone8-img']</arg>
<doc>Scrolls the element identified by ``locator`` into view.</doc>
<status status="PASS" starttime="20240626 12:47:44.527" endtime="20240626 12:47:44.805"/>
</kw>
<kw name="Capture Page Screenshot" library="SeleniumLibrary">
<doc>Takes a screenshot of the current page and embeds it into a log file.</doc>
<msg timestamp="20240626 12:47:44.902" level="INFO" html="true">&lt;/td&gt;&lt;/tr&gt;&lt;tr&gt;&lt;td colspan="3"&gt;&lt;a href="selenium-screenshot-4.png"&gt;&lt;img src="selenium-screenshot-4.png" width="800px"&gt;&lt;/a&gt;</msg>
<status status="PASS" starttime="20240626 12:47:44.805" endtime="20240626 12:47:44.902"/>
</kw>
<kw name="Sleep" library="BuiltIn">
<arg>3</arg>
<doc>Pauses the test executed for the given time.</doc>
<msg timestamp="20240626 12:47:47.903" level="INFO">Slept 3 seconds</msg>
<status status="PASS" starttime="20240626 12:47:44.902" endtime="20240626 12:47:47.903"/>
</kw>
<kw name="Click Element" library="SeleniumLibrary">
<arg>//span[@id='KEYSTORE_LISTITEM_ACTION-__clone8-img']</arg>
<doc>Click the element identified by ``locator``.</doc>
<msg timestamp="20240626 12:47:47.903" level="INFO">Clicking element '//span[@id='KEYSTORE_LISTITEM_ACTION-__clone8-img']'.</msg>
<status status="PASS" starttime="20240626 12:47:47.903" endtime="20240626 12:47:48.704"/>
</kw>
<kw name="Capture Page Screenshot" library="SeleniumLibrary">
<doc>Takes a screenshot of the current page and embeds it into a log file.</doc>
<msg timestamp="20240626 12:47:48.844" level="INFO" html="true">&lt;/td&gt;&lt;/tr&gt;&lt;tr&gt;&lt;td colspan="3"&gt;&lt;a href="selenium-screenshot-5.png"&gt;&lt;img src="selenium-screenshot-5.png" width="800px"&gt;&lt;/a&gt;</msg>
<status status="PASS" starttime="20240626 12:47:48.704" endtime="20240626 12:47:48.844"/>
</kw>
<kw name="Sleep" library="BuiltIn">
<arg>3</arg>
<doc>Pauses the test executed for the given time.</doc>
<msg timestamp="20240626 12:47:51.844" level="INFO">Slept 3 seconds</msg>
<status status="PASS" starttime="20240626 12:47:48.844" endtime="20240626 12:47:51.844"/>
</kw>
<kw name="Click Element" library="SeleniumLibrary">
<arg>xpath://bdi[text()='Update']</arg>
<doc>Click the element identified by ``locator``.</doc>
<msg timestamp="20240626 12:47:51.844" level="INFO">Clicking element 'xpath://bdi[text()='Update']'.</msg>
<status status="PASS" starttime="20240626 12:47:51.844" endtime="20240626 12:47:52.208"/>
</kw>
<kw name="Capture Page Screenshot" library="SeleniumLibrary">
<doc>Takes a screenshot of the current page and embeds it into a log file.</doc>
<msg timestamp="20240626 12:47:52.481" level="INFO" html="true">&lt;/td&gt;&lt;/tr&gt;&lt;tr&gt;&lt;td colspan="3"&gt;&lt;a href="selenium-screenshot-6.png"&gt;&lt;img src="selenium-screenshot-6.png" width="800px"&gt;&lt;/a&gt;</msg>
<status status="PASS" starttime="20240626 12:47:52.208" endtime="20240626 12:47:52.481"/>
</kw>
<kw name="Sleep" library="BuiltIn">
<arg>3</arg>
<doc>Pauses the test executed for the given time.</doc>
<msg timestamp="20240626 12:47:55.482" level="INFO">Slept 3 seconds</msg>
<status status="PASS" starttime="20240626 12:47:52.481" endtime="20240626 12:47:55.482"/>
</kw>
<kw name="Choose File" library="SeleniumLibrary">
<arg>id:CertificateUploadDialog-FileSelectionEntry-fu</arg>
<arg>${file_path}</arg>
<doc>Inputs the ``file_path`` into the file input field ``locator``.</doc>
<msg timestamp="20240626 12:47:55.482" level="INFO">Sending C:\SAP_Testing\SAPtesting\Tests\Resource\SID_CERT.crt to browser.</msg>
<status status="PASS" starttime="20240626 12:47:55.482" endtime="20240626 12:47:55.560"/>
</kw>
<kw name="Sleep" library="BuiltIn">
<arg>5</arg>
<doc>Pauses the test executed for the given time.</doc>
<msg timestamp="20240626 12:48:00.560" level="INFO">Slept 5 seconds</msg>
<status status="PASS" starttime="20240626 12:47:55.560" endtime="20240626 12:48:00.560"/>
</kw>
<kw name="Capture Page Screenshot" library="SeleniumLibrary">
<doc>Takes a screenshot of the current page and embeds it into a log file.</doc>
<msg timestamp="20240626 12:48:00.659" level="INFO" html="true">&lt;/td&gt;&lt;/tr&gt;&lt;tr&gt;&lt;td colspan="3"&gt;&lt;a href="selenium-screenshot-7.png"&gt;&lt;img src="selenium-screenshot-7.png" width="800px"&gt;&lt;/a&gt;</msg>
<status status="PASS" starttime="20240626 12:48:00.560" endtime="20240626 12:48:00.659"/>
</kw>
<kw name="Sleep" library="BuiltIn">
<arg>3</arg>
<doc>Pauses the test executed for the given time.</doc>
<msg timestamp="20240626 12:48:03.660" level="INFO">Slept 3 seconds</msg>
<status status="PASS" starttime="20240626 12:48:00.659" endtime="20240626 12:48:03.660"/>
</kw>
<kw name="Input Text" library="SeleniumLibrary">
<arg>id:CertificateUploadDialog-FileSelectionEntry-fu</arg>
<arg>${file_path}</arg>
<doc>Types the given ``text`` into the text field identified by ``locator``.</doc>
<msg timestamp="20240626 12:48:03.660" level="INFO">Typing text 'C:\SAP_Testing\SAPtesting\Tests\Resource\SID_CERT.crt' into text field 'id:CertificateUploadDialog-FileSelectionEntry-fu'.</msg>
<status status="PASS" starttime="20240626 12:48:03.660" endtime="20240626 12:48:03.747"/>
</kw>
<kw name="Capture Page Screenshot" library="SeleniumLibrary">
<doc>Takes a screenshot of the current page and embeds it into a log file.</doc>
<msg timestamp="20240626 12:48:03.862" level="INFO" html="true">&lt;/td&gt;&lt;/tr&gt;&lt;tr&gt;&lt;td colspan="3"&gt;&lt;a href="selenium-screenshot-8.png"&gt;&lt;img src="selenium-screenshot-8.png" width="800px"&gt;&lt;/a&gt;</msg>
<status status="PASS" starttime="20240626 12:48:03.747" endtime="20240626 12:48:03.862"/>
</kw>
<kw name="Sleep" library="BuiltIn">
<arg>3</arg>
<doc>Pauses the test executed for the given time.</doc>
<msg timestamp="20240626 12:48:06.863" level="INFO">Slept 3 seconds</msg>
<status status="PASS" starttime="20240626 12:48:03.862" endtime="20240626 12:48:06.863"/>
</kw>
<kw name="Click Element" library="SeleniumLibrary">
<arg>id:btnUpdate-BDI-content</arg>
<doc>Click the element identified by ``locator``.</doc>
<msg timestamp="20240626 12:48:06.863" level="INFO">Clicking element 'id:btnUpdate-BDI-content'.</msg>
<status status="PASS" starttime="20240626 12:48:06.863" endtime="20240626 12:48:06.921"/>
</kw>
<kw name="Capture Page Screenshot" library="SeleniumLibrary">
<doc>Takes a screenshot of the current page and embeds it into a log file.</doc>
<msg timestamp="20240626 12:48:07.032" level="INFO" html="true">&lt;/td&gt;&lt;/tr&gt;&lt;tr&gt;&lt;td colspan="3"&gt;&lt;a href="selenium-screenshot-9.png"&gt;&lt;img src="selenium-screenshot-9.png" width="800px"&gt;&lt;/a&gt;</msg>
<status status="PASS" starttime="20240626 12:48:06.921" endtime="20240626 12:48:07.041"/>
</kw>
<kw name="Sleep" library="BuiltIn">
<arg>3</arg>
<doc>Pauses the test executed for the given time.</doc>
<msg timestamp="20240626 12:48:10.041" level="INFO">Slept 3 seconds</msg>
<status status="PASS" starttime="20240626 12:48:07.041" endtime="20240626 12:48:10.041"/>
</kw>
<kw name="Capture Page Screenshot" library="SeleniumLibrary">
<doc>Takes a screenshot of the current page and embeds it into a log file.</doc>
<msg timestamp="20240626 12:48:10.129" level="INFO" html="true">&lt;/td&gt;&lt;/tr&gt;&lt;tr&gt;&lt;td colspan="3"&gt;&lt;a href="selenium-screenshot-10.png"&gt;&lt;img src="selenium-screenshot-10.png" width="800px"&gt;&lt;/a&gt;</msg>
<status status="PASS" starttime="20240626 12:48:10.041" endtime="20240626 12:48:10.129"/>
</kw>
<kw name="Confirm certificate" library="Certificate_upload">
<kw name="Sleep" library="BuiltIn">
<arg>5</arg>
<doc>Pauses the test executed for the given time.</doc>
<msg timestamp="20240626 12:48:15.146" level="INFO">Slept 5 seconds</msg>
<status status="PASS" starttime="20240626 12:48:10.145" endtime="20240626 12:48:15.146"/>
</kw>
<kw name="Run Keyword And Return Status" library="BuiltIn">
<var>${Window}</var>
<arg>Page Should Contain Element</arg>
<arg>id:__mbox0-title-inner</arg>
<doc>Runs the given keyword with given arguments and returns the status as a Boolean value.</doc>
<kw name="Page Should Contain Element" library="SeleniumLibrary">
<arg>id:__mbox0-title-inner</arg>
<doc>Verifies that element ``locator`` is found on the current page.</doc>
<kw name="Capture Page Screenshot" library="SeleniumLibrary">
<doc>Takes a screenshot of the current page and embeds it into a log file.</doc>
<msg timestamp="20240626 12:48:15.273" level="INFO" html="true">&lt;/td&gt;&lt;/tr&gt;&lt;tr&gt;&lt;td colspan="3"&gt;&lt;a href="selenium-screenshot-11.png"&gt;&lt;img src="selenium-screenshot-11.png" width="800px"&gt;&lt;/a&gt;</msg>
<status status="PASS" starttime="20240626 12:48:15.161" endtime="20240626 12:48:15.273"/>
</kw>
<msg timestamp="20240626 12:48:15.273" level="FAIL">Page should have contained element 'id:__mbox0-title-inner' but did not.</msg>
<status status="FAIL" starttime="20240626 12:48:15.146" endtime="20240626 12:48:15.273"/>
</kw>
<msg timestamp="20240626 12:48:15.273" level="INFO">${Window} = False</msg>
<status status="PASS" starttime="20240626 12:48:15.146" endtime="20240626 12:48:15.273"/>
</kw>
<kw name="Run Keyword If" library="BuiltIn">
<arg>'${Window}'=='True'</arg>
<arg>Confirm Notification</arg>
<doc>Runs the given keyword with the given arguments, if ``condition`` is true.</doc>
<status status="PASS" starttime="20240626 12:48:15.273" endtime="20240626 12:48:15.273"/>
</kw>
<status status="PASS" starttime="20240626 12:48:10.129" endtime="20240626 12:48:15.273"/>
</kw>
<kw name="Capture Page Screenshot" library="SeleniumLibrary">
<doc>Takes a screenshot of the current page and embeds it into a log file.</doc>
<msg timestamp="20240626 12:48:15.372" level="INFO" html="true">&lt;/td&gt;&lt;/tr&gt;&lt;tr&gt;&lt;td colspan="3"&gt;&lt;a href="selenium-screenshot-12.png"&gt;&lt;img src="selenium-screenshot-12.png" width="800px"&gt;&lt;/a&gt;</msg>
<status status="PASS" starttime="20240626 12:48:15.273" endtime="20240626 12:48:15.372"/>
</kw>
<kw name="Sleep" library="BuiltIn">
<arg>2</arg>
<doc>Pauses the test executed for the given time.</doc>
<msg timestamp="20240626 12:48:17.373" level="INFO">Slept 2 seconds</msg>
<status status="PASS" starttime="20240626 12:48:15.372" endtime="20240626 12:48:17.373"/>
</kw>
<status status="PASS" starttime="20240626 12:47:25.842" endtime="20240626 12:48:17.373"/>
</kw>
<status status="PASS" starttime="20240626 12:47:25.842" endtime="20240626 12:48:17.373"/>
</branch>
<status status="PASS" starttime="20240626 12:47:25.840" endtime="20240626 12:48:17.373"/>
</if>
<status status="PASS" starttime="20240626 12:47:25.840" endtime="20240626 12:48:17.373"/>
</kw>
<tag>cert_upload</tag>
<status status="PASS" starttime="20240626 12:47:25.838" endtime="20240626 12:48:17.373"/>
</test>
<kw name="Browser Logout" library="Certificate_upload" type="TEARDOWN">
<kw name="Close All Browsers" library="SeleniumLibrary">
<doc>Closes all open browsers and resets the browser cache.</doc>
<status status="PASS" starttime="20240626 12:48:17.388" endtime="20240626 12:48:21.930"/>
</kw>
<status status="PASS" starttime="20240626 12:48:17.388" endtime="20240626 12:48:21.930"/>
</kw>
<status status="PASS" starttime="20240626 12:46:12.526" endtime="20240626 12:48:21.930"/>
</suite>
<doc>Testing functionality through Robot Framework</doc>
<meta name="environment">Dev</meta>
<meta name="test_browser_name">chrome</meta>
<meta name="test_browser_version">126.0.6478.126</meta>
<meta name="test_driver_version">126.0.6478.62 </meta>
<meta name="test_environment">Dev</meta>
<meta name="test_freeze_dependencies">astroid==3.1.0,attrs==23.2.0,beautifulsoup4==4.12.3,bs4==0.0.2,certifi==2024.2.2,cffi==1.16.0,chardet==5.2.0,charset-normalizer==3.3.2,click==8.1.7,colorama==0.4.6,cryptography==42.0.5,defusedxml==0.7.1,dill==0.3.8,docutils==0.20.1,docx==0.2.4,docx2pdf==0.1.8,et-xmlfile==1.1.0,exceptiongroup==1.2.0,fsspec==2024.5.0,gitdb==4.0.11,GitPython==3.1.42,h11==0.14.0,idna==3.6,isort==5.13.2,Jinja2==3.1.3,jira==3.6.0,jsonpath-ng==1.6.1,jsonschema==4.21.1,jsonschema-specifications==2023.12.1,lazy-object-proxy==1.10.0,lxml==5.1.0,markdown-it-py==3.0.0,MarkupSafe==2.1.5,mccabe==0.7.0,mdurl==0.1.2,natsort==8.4.0,numpy==1.26.4,oauthlib==3.2.2,openpyxl==3.1.2,outcome==1.3.0.post0,packaging==24.0,pandas==2.2.2,pathspec==0.11.2,pillow==10.2.0,pip==24.0,platformdirs==4.2.0,ply==3.11,pycparser==2.21,Pygments==2.17.2,pylint==3.1.0,PyPDF2==3.0.1,PySocks==1.7.1,python-dateutil==2.9.0.post0,python-docx==1.1.2,pytz==2024.1,pywin32==306,PyYAML==6.0.1,referencing==0.33.0,reportlab==4.2.0,requests==2.31.0,requests-oauthlib==1.4.0,requests-toolbelt==1.0.0,rich==13.7.1,rich-click==1.6.1,robotframework==6.0.2,robotframework-datadriver==1.9.0,robotframework-jsonlibrary==0.5,robotframework-pabot==2.16.0,robotframework-pythonlibcore==4.2.0,robotframework-requests==0.9.2,robotframework-sapguilibrary==1.1,robotframework-seleniumlibrary==5.1.3,robotframework-stacktrace==0.4.1,robotframework-tidy==4.5.0,rpds-py==0.18.0,selenium==4.9.1,setuptools==69.2.0,six==1.16.0,smmap==5.0.1,sniffio==1.3.1,sortedcontainers==2.4.0,soupsieve==2.5,tomli==2.0.1,tomlkit==0.12.4,tqdm==4.66.4,trio==0.24.0,trio-websocket==0.11.1,typing_extensions==4.10.0,tzdata==2024.1,urllib3==2.2.1,wheel==0.43.0,wrapt==1.16.0,wsproto==1.2.0</meta>
<status status="PASS" starttime="20240626 12:46:07.515" endtime="20240626 12:48:22.184"/>
</suite>
<statistics>
<total>
<stat pass="1" fail="0" skip="0">All Tests</stat>
</total>
<tag>
<stat pass="1" fail="0" skip="0">cert_upload</stat>
</tag>
<suite>
<stat pass="1" fail="0" skip="0" id="s1" name="Tests">Tests</stat>
<stat pass="1" fail="0" skip="0" id="s1-s1" name="Test Certificate upload">Tests.Test Certificate upload</stat>
</suite>
</statistics>
<errors>
</errors>
</robot>
