<?xml version="1.0" encoding="UTF-8"?>
<robot generator="Robot 6.0.2 (Python 3.12.1 on win32)" generated="20240326 07:19:02.061" rpa="false" schemaversion="3">
<suite id="s1" name="Tests" source="C:\SAP_Testing\SAPtesting\Tests">
<kw name="Setup highest level suite" type="SETUP">
<kw name="Set Variable" library="BuiltIn">
<var>${d.test_server}</var>
<arg>${test_server}</arg>
<doc>Returns the given values which can then be assigned to a variables.</doc>
<msg timestamp="20240326 07:19:02.744" level="INFO">${d.test_server} = Dev</msg>
<status status="PASS" starttime="20240326 07:19:02.744" endtime="20240326 07:19:02.744"/>
</kw>
<kw name="Reset screenshot count variable" library="Support">
<kw name="Set Variable" library="BuiltIn">
<var>${screenshotCount}</var>
<arg>${PABOTQUEUEINDEX}_1</arg>
<doc>Returns the given values which can then be assigned to a variables.</doc>
<msg timestamp="20240326 07:19:02.746" level="INFO">${screenshotCount} = 0_1</msg>
<status status="PASS" starttime="20240326 07:19:02.745" endtime="20240326 07:19:02.746"/>
</kw>
<kw name="Set Global Variable" library="BuiltIn">
<arg>${screenshotCount}</arg>
<doc>Makes a variable available globally in all tests and suites.</doc>
<msg timestamp="20240326 07:19:02.747" level="INFO">${screenshotCount} = 0_1</msg>
<status status="PASS" starttime="20240326 07:19:02.746" endtime="20240326 07:19:02.747"/>
</kw>
<kw name="Set up screenshot directory" library="Support">
<kw name="Create Directory" library="OperatingSystem">
<arg>${OUTPUTDIR}${/}${wvar('screenshot_dir')}</arg>
<doc>Creates the specified directory.</doc>
<msg timestamp="20240326 07:19:02.749" level="INFO">Web.Dev.screenshot_dir: Screenshot</msg>
<msg timestamp="20240326 07:19:02.750" level="INFO" html="true">Created directory '&lt;a href="file://C:\SAP_Testing\SAPtesting\Output\pabot_results\0\Screenshot"&gt;C:\SAP_Testing\SAPtesting\Output\pabot_results\0\Screenshot&lt;/a&gt;'.</msg>
<status status="PASS" starttime="20240326 07:19:02.748" endtime="20240326 07:19:02.750"/>
</kw>
<status status="PASS" starttime="20240326 07:19:02.747" endtime="20240326 07:19:02.750"/>
</kw>
<status status="PASS" starttime="20240326 07:19:02.745" endtime="20240326 07:19:02.750"/>
</kw>
<kw name="Set Global Variable" library="BuiltIn">
<arg>${screenshot_taking}</arg>
<arg>${True}</arg>
<doc>Makes a variable available globally in all tests and suites.</doc>
<msg timestamp="20240326 07:19:02.750" level="INFO">${screenshot_taking} = True</msg>
<status status="PASS" starttime="20240326 07:19:02.750" endtime="20240326 07:19:02.750"/>
</kw>
<kw name="Setup linux execution" library="Support">
<kw name="Run Keyword And Return Status" library="BuiltIn">
<var>${web_test_check}</var>
<arg>Variable Should Exist</arg>
<arg>${web_test}</arg>
<doc>Runs the given keyword with given arguments and returns the status as a Boolean value.</doc>
<kw name="Variable Should Exist" library="BuiltIn">
<arg>${web_test}</arg>
<doc>Fails unless the given variable exists within the current scope.</doc>
<status status="PASS" starttime="20240326 07:19:02.750" endtime="20240326 07:19:02.750"/>
</kw>
<msg timestamp="20240326 07:19:02.750" level="INFO">${web_test_check} = True</msg>
<status status="PASS" starttime="20240326 07:19:02.750" endtime="20240326 07:19:02.750"/>
</kw>
<kw name="Run Keyword If" library="BuiltIn">
<arg>${web_test_check}</arg>
<arg>Setup Docker Execution Options</arg>
<doc>Runs the given keyword with the given arguments, if ``condition`` is true.</doc>
<kw name="Setup Docker Execution Options" library="Support_Web">
<kw name="Setup Suite Metadata" library="Support_Web">
<arg>${browser}</arg>
<kw name="Get Browser Metadata" library="BrowserSupport">
<var>&amp;{browser_information}</var>
<arg>browser=${browser}</arg>
<doc>Fetches browser metadata information
:param browser: Name of the browser for which information is fetched
:param reload: Re-read the metadata based on the browser
:return: Browser metadata information, dict of format
            {"browser_version": browser version value,
             "driver_version": driver version value}</doc>
<msg timestamp="20240326 07:19:06.162" level="INFO">&amp;{browser_information} = { browser_version=123.0.6312.59 | driver_version=123.0.6312.58  }</msg>
<status status="PASS" starttime="20240326 07:19:02.750" endtime="20240326 07:19:06.162"/>
</kw>
<kw name="Set Suite Metadata" library="BuiltIn">
<arg>test_browser_name</arg>
<arg>${browser}</arg>
<doc>Sets metadata for the current test suite.</doc>
<msg timestamp="20240326 07:19:06.163" level="INFO">Set suite metadata 'test_browser_name' to value 'chrome'.</msg>
<status status="PASS" starttime="20240326 07:19:06.163" endtime="20240326 07:19:06.163"/>
</kw>
<kw name="Set Suite Metadata" library="BuiltIn">
<arg>test_browser_version</arg>
<arg>${browser_information.browser_version}</arg>
<doc>Sets metadata for the current test suite.</doc>
<msg timestamp="20240326 07:19:06.165" level="INFO">Set suite metadata 'test_browser_version' to value '123.0.6312.59'.</msg>
<status status="PASS" starttime="20240326 07:19:06.164" endtime="20240326 07:19:06.165"/>
</kw>
<kw name="Set Suite Metadata" library="BuiltIn">
<arg>test_driver_version</arg>
<arg>${browser_information.driver_version}</arg>
<doc>Sets metadata for the current test suite.</doc>
<msg timestamp="20240326 07:19:06.166" level="INFO">Set suite metadata 'test_driver_version' to value '123.0.6312.58 '.</msg>
<status status="PASS" starttime="20240326 07:19:06.165" endtime="20240326 07:19:06.166"/>
</kw>
<status status="PASS" starttime="20240326 07:19:02.750" endtime="20240326 07:19:06.166"/>
</kw>
<kw name="Setup Global Docker Execution Options" library="Support_Web">
<kw name="Set Global Variable" library="BuiltIn">
<arg>${global_browser_options}</arg>
<arg>None</arg>
<doc>Makes a variable available globally in all tests and suites.</doc>
<msg timestamp="20240326 07:19:06.168" level="INFO">${global_browser_options} = None</msg>
<status status="PASS" starttime="20240326 07:19:06.167" endtime="20240326 07:19:06.168"/>
</kw>
<kw name="Get Environment Variable" library="OperatingSystem">
<var>${docker_check}</var>
<arg>EXECUTION_ENVIRONMENT</arg>
<arg>not_found</arg>
<doc>Returns the value of an environment variable with the given name.</doc>
<msg timestamp="20240326 07:19:06.169" level="INFO">${docker_check} = not_found</msg>
<status status="PASS" starttime="20240326 07:19:06.168" endtime="20240326 07:19:06.169"/>
</kw>
<kw name="Run Keyword And Return If" library="BuiltIn">
<arg>"${docker_check}"!="docker"</arg>
<arg>Log</arg>
<arg>Not executing on Docker</arg>
<doc>Runs the specified keyword and returns from the enclosing user keyword.</doc>
<kw name="Log" library="BuiltIn">
<arg>Not executing on Docker</arg>
<doc>Logs the given message with the given level.</doc>
<msg timestamp="20240326 07:19:06.170" level="INFO">Not executing on Docker</msg>
<status status="PASS" starttime="20240326 07:19:06.170" endtime="20240326 07:19:06.170"/>
</kw>
<msg timestamp="20240326 07:19:06.170" level="INFO">Returning from the enclosing user keyword.</msg>
<status status="PASS" starttime="20240326 07:19:06.169" endtime="20240326 07:19:06.170"/>
</kw>
<kw name="Create List" library="BuiltIn">
<var>@{options}</var>
<arg>--headless</arg>
<arg>--no-sandbox</arg>
<arg>--disable-dev-shm-usage</arg>
<doc>Returns a list containing given items.</doc>
<status status="NOT RUN" starttime="20240326 07:19:06.170" endtime="20240326 07:19:06.171"/>
</kw>
<kw name="Set Global Variable" library="BuiltIn">
<arg>@{docker_options}</arg>
<arg>@{options}</arg>
<doc>Makes a variable available globally in all tests and suites.</doc>
<status status="NOT RUN" starttime="20240326 07:19:06.171" endtime="20240326 07:19:06.171"/>
</kw>
<status status="PASS" starttime="20240326 07:19:06.166" endtime="20240326 07:19:06.171"/>
</kw>
<kw name="Create Webdriver for chrome preferences" library="Support_Web">
<kw name="Update Docker Execution Options" library="Support_Web">
<var>${list_prefs}</var>
<arg>${list_prefs}</arg>
<kw name="Run Keyword And Return Status" library="BuiltIn">
<var>${docker_check}</var>
<arg>Variable Should Exist</arg>
<arg>${docker_options}</arg>
<doc>Runs the given keyword with given arguments and returns the status as a Boolean value.</doc>
<kw name="Variable Should Exist" library="BuiltIn">
<arg>${docker_options}</arg>
<doc>Fails unless the given variable exists within the current scope.</doc>
<msg timestamp="20240326 07:19:06.175" level="FAIL">Variable '${docker_options}' does not exist.</msg>
<status status="FAIL" starttime="20240326 07:19:06.173" endtime="20240326 07:19:06.175"/>
</kw>
<msg timestamp="20240326 07:19:06.175" level="INFO">${docker_check} = False</msg>
<status status="PASS" starttime="20240326 07:19:06.172" endtime="20240326 07:19:06.175"/>
</kw>
<kw name="Get Length" library="BuiltIn">
<var>${list_prefs_length}</var>
<arg>${list_prefs}</arg>
<doc>Returns and logs the length of the given item as an integer.</doc>
<msg timestamp="20240326 07:19:06.176" level="INFO">Length is 1</msg>
<msg timestamp="20240326 07:19:06.176" level="INFO">${list_prefs_length} = 1</msg>
<status status="PASS" starttime="20240326 07:19:06.176" endtime="20240326 07:19:06.176"/>
</kw>
<kw name="Run Keyword If" library="BuiltIn">
<var>${list_prefs}</var>
<arg>${docker_check} and ${list_prefs_length}&gt;0 and ${list_prefs}[0] != []</arg>
<arg>Combine Lists</arg>
<arg>${list_prefs}</arg>
<arg>${docker_options}</arg>
<arg>ELSE IF</arg>
<arg>${docker_check}</arg>
<arg>Set Variable</arg>
<arg>${docker_options}</arg>
<arg>ELSE</arg>
<arg>Set Variable</arg>
<arg>${list_prefs}</arg>
<doc>Runs the given keyword with the given arguments, if ``condition`` is true.</doc>
<kw name="Set Variable" library="BuiltIn">
<arg>${list_prefs}</arg>
<doc>Returns the given values which can then be assigned to a variables.</doc>
<status status="PASS" starttime="20240326 07:19:06.178" endtime="20240326 07:19:06.178"/>
</kw>
<msg timestamp="20240326 07:19:06.178" level="INFO">${list_prefs} = [[]]</msg>
<status status="PASS" starttime="20240326 07:19:06.176" endtime="20240326 07:19:06.178"/>
</kw>
<msg timestamp="20240326 07:19:06.178" level="INFO">${list_prefs} = [[]]</msg>
<status status="PASS" starttime="20240326 07:19:06.172" endtime="20240326 07:19:06.178"/>
</kw>
<kw name="Create Chrome Options for download preferences" library="Support_Web">
<var>${chrome_options}</var>
<kw name="Evaluate" library="BuiltIn">
<var>${chrome_options}</var>
<arg>sys.modules['selenium.webdriver'].ChromeOptions()</arg>
<arg>sys</arg>
<doc>Evaluates the given expression in Python and returns the result.</doc>
<msg timestamp="20240326 07:19:06.179" level="INFO">${chrome_options} = &lt;selenium.webdriver.chrome.options.Options object at 0x0000022EA424A840&gt;</msg>
<status status="PASS" starttime="20240326 07:19:06.179" endtime="20240326 07:19:06.179"/>
</kw>
<msg timestamp="20240326 07:19:06.179" level="INFO">${chrome_options} = &lt;selenium.webdriver.chrome.options.Options object at 0x0000022EA424A840&gt;</msg>
<status status="PASS" starttime="20240326 07:19:06.178" endtime="20240326 07:19:06.179"/>
</kw>
<kw name="Update Preferences List" library="Support_Web">
<arg>${chrome_options}</arg>
<arg>@{list_prefs}</arg>
<kw name="Convert To String" library="BuiltIn">
<var>${string_prefs}</var>
<arg>${list_prefs}</arg>
<doc>Converts the given item to a Unicode string.</doc>
<msg timestamp="20240326 07:19:06.180" level="INFO">${string_prefs} = [[]]</msg>
<status status="PASS" starttime="20240326 07:19:06.180" endtime="20240326 07:19:06.180"/>
</kw>
<kw name="Return From Keyword If" library="BuiltIn">
<arg>${string_prefs} == [[]]</arg>
<doc>Returns from the enclosing user keyword if ``condition`` is true.</doc>
<msg timestamp="20240326 07:19:06.181" level="INFO">Returning from the enclosing user keyword.</msg>
<status status="PASS" starttime="20240326 07:19:06.181" endtime="20240326 07:19:06.181"/>
</kw>
<for flavor="IN">
<var>${preference}</var>
<value>@{list_prefs}</value>
<iter>
<var name="${preference}"/>
<kw name="Call Method" library="BuiltIn">
<arg>${chrome_options}</arg>
<arg>add_argument</arg>
<arg>${preference}</arg>
<doc>Calls the named method of the given object with the provided arguments.</doc>
<status status="NOT RUN" starttime="20240326 07:19:06.181" endtime="20240326 07:19:06.182"/>
</kw>
<status status="NOT RUN" starttime="20240326 07:19:06.181" endtime="20240326 07:19:06.182"/>
</iter>
<status status="NOT RUN" starttime="20240326 07:19:06.181" endtime="20240326 07:19:06.182"/>
</for>
<status status="PASS" starttime="20240326 07:19:06.180" endtime="20240326 07:19:06.182"/>
</kw>
<kw name="Call Method" library="BuiltIn">
<arg>${chrome_options}</arg>
<arg>add_experimental_option</arg>
<arg>prefs</arg>
<arg>${kw_prefs}</arg>
<doc>Calls the named method of the given object with the provided arguments.</doc>
<status status="PASS" starttime="20240326 07:19:06.182" endtime="20240326 07:19:06.182"/>
</kw>
<kw name="Set Global Variable" library="BuiltIn">
<arg>${global_browser_options}</arg>
<arg>${chrome options}</arg>
<doc>Makes a variable available globally in all tests and suites.</doc>
<msg timestamp="20240326 07:19:06.183" level="INFO">${global_browser_options} = &lt;selenium.webdriver.chrome.options.Options object at 0x0000022EA424A840&gt;</msg>
<status status="PASS" starttime="20240326 07:19:06.183" endtime="20240326 07:19:06.183"/>
</kw>
<status status="PASS" starttime="20240326 07:19:06.171" endtime="20240326 07:19:06.183"/>
</kw>
<status status="PASS" starttime="20240326 07:19:02.750" endtime="20240326 07:19:06.183"/>
</kw>
<status status="PASS" starttime="20240326 07:19:02.750" endtime="20240326 07:19:06.183"/>
</kw>
<status status="PASS" starttime="20240326 07:19:02.750" endtime="20240326 07:19:06.184"/>
</kw>
<kw name="Set Suite Metadata" library="BuiltIn">
<arg>environment</arg>
<arg>${test_server}</arg>
<doc>Sets metadata for the current test suite.</doc>
<msg timestamp="20240326 07:19:06.184" level="INFO">Set suite metadata 'environment' to value 'Dev'.</msg>
<status status="PASS" starttime="20240326 07:19:06.184" endtime="20240326 07:19:06.184"/>
</kw>
<status status="PASS" starttime="20240326 07:19:02.743" endtime="20240326 07:19:06.184"/>
</kw>
<suite id="s1-s1" name="Test SMT1 REFRESH System whose calls are trusted" source="C:\SAP_Testing\SAPtesting\Tests\Test_SMT1_REFRESH_System_whose_calls_are_trusted.robot">
<kw name="System Logon" library="SMT1_REFRESH_System_whose_calls_are_trusted" type="SETUP">
<kw name="Start Process" library="Process">
<arg>${symvar('SAP_SERVER')}</arg>
<doc>Starts a new process on background.</doc>
<msg timestamp="20240326 07:19:06.204" level="INFO">Sym.Dev.SAP_SERVER: C:\Program Files (x86)\SAP\FrontEnd\SAPGUI\saplogon.exe</msg>
<msg timestamp="20240326 07:19:06.204" level="INFO">Starting process:
"C:\Program Files (x86)\SAP\FrontEnd\SAPGUI\saplogon.exe"</msg>
<status status="PASS" starttime="20240326 07:19:06.203" endtime="20240326 07:19:06.208"/>
</kw>
<kw name="Sleep" library="BuiltIn">
<arg>10s</arg>
<doc>Pauses the test executed for the given time.</doc>
<msg timestamp="20240326 07:19:16.210" level="INFO">Slept 10 seconds</msg>
<status status="PASS" starttime="20240326 07:19:06.209" endtime="20240326 07:19:16.210"/>
</kw>
<kw name="Connect To Session" library="SAP_Tcode_Library">
<doc>Connects to an open session SAP.</doc>
<status status="PASS" starttime="20240326 07:19:16.210" endtime="20240326 07:19:16.218"/>
</kw>
<kw name="Open Connection" library="SAP_Tcode_Library">
<arg>${symvar('SAP_connection')}</arg>
<doc>Opens a connection to the given connection name. Be sure to provide the full connection name, including the bracket part.</doc>
<msg timestamp="20240326 07:19:16.218" level="INFO">Sym.Dev.SAP_connection: BIS</msg>
<status status="PASS" starttime="20240326 07:19:16.218" endtime="20240326 07:19:18.308"/>
</kw>
<kw name="Input Text" library="SAP_Tcode_Library">
<arg>wnd[0]/usr/txtRSYST-MANDT</arg>
<arg>${symvar('Client_Id')}</arg>
<doc>Inserts the given text into the text field identified by locator.
Use keyword `input password` to insert a password in a text field.</doc>
<msg timestamp="20240326 07:19:18.310" level="INFO">Sym.Dev.Client_Id: 001</msg>
<msg timestamp="20240326 07:19:18.321" level="INFO">Typing text '001' into text field 'wnd[0]/usr/txtRSYST-MANDT'.</msg>
<status status="PASS" starttime="20240326 07:19:18.309" endtime="20240326 07:19:18.322"/>
</kw>
<kw name="Input Text" library="SAP_Tcode_Library">
<arg>wnd[0]/usr/txtRSYST-BNAME</arg>
<arg>${symvar('User_Name')}</arg>
<doc>Inserts the given text into the text field identified by locator.
Use keyword `input password` to insert a password in a text field.</doc>
<msg timestamp="20240326 07:19:18.323" level="INFO">Sym.Dev.User_Name: SELENIUM</msg>
<msg timestamp="20240326 07:19:18.340" level="INFO">Typing text 'SELENIUM' into text field 'wnd[0]/usr/txtRSYST-BNAME'.</msg>
<status status="PASS" starttime="20240326 07:19:18.322" endtime="20240326 07:19:18.340"/>
</kw>
<kw name="Input Password" library="SAP_Tcode_Library">
<arg>wnd[0]/usr/pwdRSYST-BCODE</arg>
<arg>%{SAP_PASSWORD}</arg>
<doc>Inserts the given password into the text field identified by locator.
The password is not recorded in the log.</doc>
<msg timestamp="20240326 07:19:18.349" level="INFO">Typing password into text field 'wnd[0]/usr/pwdRSYST-BCODE'.</msg>
<status status="PASS" starttime="20240326 07:19:18.340" endtime="20240326 07:19:18.349"/>
</kw>
<kw name="Send Vkey" library="SAP_Tcode_Library">
<arg>0</arg>
<doc>Sends a SAP virtual key combination to the window, not into an element.
If you want to send a value to a text field, use `input text` instead.</doc>
<status status="PASS" starttime="20240326 07:19:18.350" endtime="20240326 07:19:19.122"/>
</kw>
<kw name="Take Screenshot" library="SAP_Tcode_Library">
<arg>00a_loginpage.jpg</arg>
<doc>Takes a screenshot, only if 'screenshots on error' has been enabled,
either at import of with keyword `enable screenshots on error`.</doc>
<msg timestamp="20240326 07:19:19.214" level="INFO" html="true">&lt;a href="00a_loginpage.jpg"&gt;&lt;img src="00a_loginpage.jpg" width="800px"&gt;&lt;/a&gt;</msg>
<status status="PASS" starttime="20240326 07:19:19.122" endtime="20240326 07:19:19.214"/>
</kw>
<kw name="Multiple Logon Handling" library="SAP_Tcode_Library">
<arg>wnd[1]</arg>
<arg>wnd[1]/usr/radMULTI_LOGON_OPT2</arg>
<arg>wnd[1]/tbar[0]/btn[0]</arg>
<status status="PASS" starttime="20240326 07:19:19.214" endtime="20240326 07:19:19.214"/>
</kw>
<kw name="Sleep" library="BuiltIn">
<arg>1</arg>
<doc>Pauses the test executed for the given time.</doc>
<msg timestamp="20240326 07:19:20.215" level="INFO">Slept 1 second</msg>
<status status="PASS" starttime="20240326 07:19:19.214" endtime="20240326 07:19:20.215"/>
</kw>
<kw name="Take Screenshot" library="SAP_Tcode_Library">
<arg>00_multi_logon_handling.jpg</arg>
<doc>Takes a screenshot, only if 'screenshots on error' has been enabled,
either at import of with keyword `enable screenshots on error`.</doc>
<msg timestamp="20240326 07:19:20.272" level="INFO" html="true">&lt;a href="00_multi_logon_handling.jpg"&gt;&lt;img src="00_multi_logon_handling.jpg" width="800px"&gt;&lt;/a&gt;</msg>
<status status="PASS" starttime="20240326 07:19:20.215" endtime="20240326 07:19:20.272"/>
</kw>
<status status="PASS" starttime="20240326 07:19:06.203" endtime="20240326 07:19:20.272"/>
</kw>
<test id="s1-s1-t1" name="SMT1_T_CODE_System_whose_calls_are_trusted" line="9">
<kw name="SMT1_T_CODE_System_whose_calls_are_trusted" library="SMT1_REFRESH_System_whose_calls_are_trusted">
<kw name="Run Transaction" library="SAP_Tcode_Library">
<arg>/nSMT1</arg>
<doc>Runs a Sap transaction. An error is given when an unknown transaction is specified.</doc>
<status status="PASS" starttime="20240326 07:19:20.272" endtime="20240326 07:19:21.615"/>
</kw>
<for flavor="IN RANGE">
<var>${i}</var>
<value>2</value>
<value>999</value>
<iter>
<var name="${i}">2</var>
<kw name="Run Keyword And Return Status" library="BuiltIn">
<var>${select_only_1}</var>
<arg>Select Only</arg>
<arg>wnd[0]/usr/tabsTRUST_STRIP/tabpTRUST_STRIP_FC1/ssubTRUST_STRIP_SCA:RS_RFC_TT_UI:0110/cntlSERVER_CONTAINER/shellcont/shell/shellcont[1]/shell[1]</arg>
<arg>${i}</arg>
<doc>Runs the given keyword with given arguments and returns the status as a Boolean value.</doc>
<kw name="Select Only" library="SAP_Tcode_Library">
<arg>wnd[0]/usr/tabsTRUST_STRIP/tabpTRUST_STRIP_FC1/ssubTRUST_STRIP_SCA:RS_RFC_TT_UI:0110/cntlSERVER_CONTAINER/shellcont/shell/shellcont[1]/shell[1]</arg>
<arg>${i}</arg>
<status status="PASS" starttime="20240326 07:19:21.615" endtime="20240326 07:19:21.632"/>
</kw>
<msg timestamp="20240326 07:19:21.632" level="INFO">${select_only_1} = True</msg>
<status status="PASS" starttime="20240326 07:19:21.615" endtime="20240326 07:19:21.632"/>
</kw>
<kw name="Sleep" library="BuiltIn">
<arg>1</arg>
<doc>Pauses the test executed for the given time.</doc>
<msg timestamp="20240326 07:19:22.633" level="INFO">Slept 1 second</msg>
<status status="PASS" starttime="20240326 07:19:21.632" endtime="20240326 07:19:22.633"/>
</kw>
<kw name="Run Keyword If" library="BuiltIn">
<arg>not ${select_only_1}</arg>
<arg>Exit For Loop</arg>
<doc>Runs the given keyword with the given arguments, if ``condition`` is true.</doc>
<status status="PASS" starttime="20240326 07:19:22.633" endtime="20240326 07:19:22.633"/>
</kw>
<kw name="Click Toolbar Button" library="SAP_Tcode_Library">
<arg>wnd[0]/usr/tabsTRUST_STRIP/tabpTRUST_STRIP_FC1/ssubTRUST_STRIP_SCA:RS_RFC_TT_UI:0110/cntlSERVER_CONTAINER/shellcont/shell/shellcont[1]/shell[0]</arg>
<arg>DISPLAY</arg>
<doc>Clicks a button of a toolbar within a GridView 'table_id' which is contained within a shell object.
Use the Scripting tracker recorder to find the 'button_id' of the button to click</doc>
<msg timestamp="20240326 07:19:22.684" level="INFO" html="true">&lt;a href="sap-screenshot_1.jpg"&gt;&lt;img src="sap-screenshot_1.jpg" width="800px"&gt;&lt;/a&gt;</msg>
<status status="PASS" starttime="20240326 07:19:22.633" endtime="20240326 07:19:24.755"/>
</kw>
<kw name="Sleep" library="BuiltIn">
<arg>2</arg>
<doc>Pauses the test executed for the given time.</doc>
<msg timestamp="20240326 07:19:26.756" level="INFO">Slept 2 seconds</msg>
<status status="PASS" starttime="20240326 07:19:24.755" endtime="20240326 07:19:26.756"/>
</kw>
<kw name="Run Keyword And Return Status" library="BuiltIn">
<var>${click_1}</var>
<arg>Click Element</arg>
<arg>wnd[0]/usr/tabsTRUSTINGT_STRIP/tabpTRUSTINGT_STRIP_FC1</arg>
<doc>Runs the given keyword with given arguments and returns the status as a Boolean value.</doc>
<kw name="Click Element" library="SAP_Tcode_Library">
<arg>wnd[0]/usr/tabsTRUSTINGT_STRIP/tabpTRUSTINGT_STRIP_FC1</arg>
<doc>Performs a single click on a given element. Used only for buttons, tabs and menu items.</doc>
<status status="PASS" starttime="20240326 07:19:26.756" endtime="20240326 07:19:26.756"/>
</kw>
<msg timestamp="20240326 07:19:26.756" level="INFO">${click_1} = True</msg>
<status status="PASS" starttime="20240326 07:19:26.756" endtime="20240326 07:19:26.756"/>
</kw>
<kw name="Run Keyword If" library="BuiltIn">
<arg>not ${click_1}</arg>
<arg>Exit For Loop</arg>
<doc>Runs the given keyword with the given arguments, if ``condition`` is true.</doc>
<status status="PASS" starttime="20240326 07:19:26.756" endtime="20240326 07:19:26.756"/>
</kw>
<kw name="Take Screenshot" library="SAP_Tcode_Library">
<arg>${i}_System_whose_calls_are_trusted_CONFIGURATION.jpg</arg>
<doc>Takes a screenshot, only if 'screenshots on error' has been enabled,
either at import of with keyword `enable screenshots on error`.</doc>
<msg timestamp="20240326 07:19:26.818" level="INFO" html="true">&lt;a href="2_System_whose_calls_are_trusted_CONFIGURATION.jpg"&gt;&lt;img src="2_System_whose_calls_are_trusted_CONFIGURATION.jpg" width="800px"&gt;&lt;/a&gt;</msg>
<status status="PASS" starttime="20240326 07:19:26.756" endtime="20240326 07:19:26.818"/>
</kw>
<kw name="Sleep" library="BuiltIn">
<arg>1</arg>
<doc>Pauses the test executed for the given time.</doc>
<msg timestamp="20240326 07:19:27.818" level="INFO">Slept 1 second</msg>
<status status="PASS" starttime="20240326 07:19:26.818" endtime="20240326 07:19:27.818"/>
</kw>
<kw name="Click Element" library="SAP_Tcode_Library">
<arg>wnd[0]/usr/tabsTRUSTINGT_STRIP/tabpTRUSTINGT_STRIP_FC2</arg>
<doc>Performs a single click on a given element. Used only for buttons, tabs and menu items.</doc>
<status status="PASS" starttime="20240326 07:19:27.818" endtime="20240326 07:19:28.094"/>
</kw>
<kw name="Take Screenshot" library="SAP_Tcode_Library">
<arg>${i}_System_whose_calls_are_trusted_SYSTEM_SETTING.jpg</arg>
<doc>Takes a screenshot, only if 'screenshots on error' has been enabled,
either at import of with keyword `enable screenshots on error`.</doc>
<msg timestamp="20240326 07:19:28.158" level="INFO" html="true">&lt;a href="2_System_whose_calls_are_trusted_SYSTEM_SETTING.jpg"&gt;&lt;img src="2_System_whose_calls_are_trusted_SYSTEM_SETTING.jpg" width="800px"&gt;&lt;/a&gt;</msg>
<status status="PASS" starttime="20240326 07:19:28.094" endtime="20240326 07:19:28.158"/>
</kw>
<kw name="Sleep" library="BuiltIn">
<arg>1</arg>
<doc>Pauses the test executed for the given time.</doc>
<msg timestamp="20240326 07:19:29.158" level="INFO">Slept 1 second</msg>
<status status="PASS" starttime="20240326 07:19:28.158" endtime="20240326 07:19:29.158"/>
</kw>
<kw name="Click Element" library="SAP_Tcode_Library">
<arg>wnd[0]/usr/tabsTRUSTINGT_STRIP/tabpTRUSTINGT_STRIP_FC3</arg>
<doc>Performs a single click on a given element. Used only for buttons, tabs and menu items.</doc>
<status status="PASS" starttime="20240326 07:19:29.158" endtime="20240326 07:19:29.406"/>
</kw>
<kw name="Take Screenshot" library="SAP_Tcode_Library">
<arg>${i}_System_whose_calls_are_trusted_ADMINISTRATION.jpg</arg>
<doc>Takes a screenshot, only if 'screenshots on error' has been enabled,
either at import of with keyword `enable screenshots on error`.</doc>
<msg timestamp="20240326 07:19:29.470" level="INFO" html="true">&lt;a href="2_System_whose_calls_are_trusted_ADMINISTRATION.jpg"&gt;&lt;img src="2_System_whose_calls_are_trusted_ADMINISTRATION.jpg" width="800px"&gt;&lt;/a&gt;</msg>
<status status="PASS" starttime="20240326 07:19:29.406" endtime="20240326 07:19:29.470"/>
</kw>
<kw name="Sleep" library="BuiltIn">
<arg>1</arg>
<doc>Pauses the test executed for the given time.</doc>
<msg timestamp="20240326 07:19:30.470" level="INFO">Slept 1 second</msg>
<status status="PASS" starttime="20240326 07:19:29.470" endtime="20240326 07:19:30.470"/>
</kw>
<kw name="Click Element" library="SAP_Tcode_Library">
<arg>wnd[0]/tbar[0]/btn[3]</arg>
<doc>Performs a single click on a given element. Used only for buttons, tabs and menu items.</doc>
<status status="PASS" starttime="20240326 07:19:30.470" endtime="20240326 07:19:30.777"/>
</kw>
<kw name="Sleep" library="BuiltIn">
<arg>1</arg>
<doc>Pauses the test executed for the given time.</doc>
<msg timestamp="20240326 07:19:31.778" level="INFO">Slept 1 second</msg>
<status status="PASS" starttime="20240326 07:19:30.777" endtime="20240326 07:19:31.778"/>
</kw>
<kw name="Unselect" library="SAP_Tcode_Library">
<arg>wnd[0]/usr/tabsTRUST_STRIP/tabpTRUST_STRIP_FC1/ssubTRUST_STRIP_SCA:RS_RFC_TT_UI:0110/cntlSERVER_CONTAINER/shellcont/shell/shellcont[1]/shell[1]</arg>
<arg>${i}</arg>
<status status="PASS" starttime="20240326 07:19:31.778" endtime="20240326 07:19:31.778"/>
</kw>
<kw name="Sleep" library="BuiltIn">
<arg>1</arg>
<doc>Pauses the test executed for the given time.</doc>
<msg timestamp="20240326 07:19:32.778" level="INFO">Slept 1 second</msg>
<status status="PASS" starttime="20240326 07:19:31.778" endtime="20240326 07:19:32.778"/>
</kw>
<status status="PASS" starttime="20240326 07:19:21.615" endtime="20240326 07:19:32.778"/>
</iter>
<iter>
<var name="${i}">3</var>
<kw name="Run Keyword And Return Status" library="BuiltIn">
<var>${select_only_1}</var>
<arg>Select Only</arg>
<arg>wnd[0]/usr/tabsTRUST_STRIP/tabpTRUST_STRIP_FC1/ssubTRUST_STRIP_SCA:RS_RFC_TT_UI:0110/cntlSERVER_CONTAINER/shellcont/shell/shellcont[1]/shell[1]</arg>
<arg>${i}</arg>
<doc>Runs the given keyword with given arguments and returns the status as a Boolean value.</doc>
<kw name="Select Only" library="SAP_Tcode_Library">
<arg>wnd[0]/usr/tabsTRUST_STRIP/tabpTRUST_STRIP_FC1/ssubTRUST_STRIP_SCA:RS_RFC_TT_UI:0110/cntlSERVER_CONTAINER/shellcont/shell/shellcont[1]/shell[1]</arg>
<arg>${i}</arg>
<status status="PASS" starttime="20240326 07:19:32.778" endtime="20240326 07:19:32.783"/>
</kw>
<msg timestamp="20240326 07:19:32.783" level="INFO">${select_only_1} = True</msg>
<status status="PASS" starttime="20240326 07:19:32.778" endtime="20240326 07:19:32.783"/>
</kw>
<kw name="Sleep" library="BuiltIn">
<arg>1</arg>
<doc>Pauses the test executed for the given time.</doc>
<msg timestamp="20240326 07:19:33.783" level="INFO">Slept 1 second</msg>
<status status="PASS" starttime="20240326 07:19:32.783" endtime="20240326 07:19:33.783"/>
</kw>
<kw name="Run Keyword If" library="BuiltIn">
<arg>not ${select_only_1}</arg>
<arg>Exit For Loop</arg>
<doc>Runs the given keyword with the given arguments, if ``condition`` is true.</doc>
<status status="PASS" starttime="20240326 07:19:33.783" endtime="20240326 07:19:33.783"/>
</kw>
<kw name="Click Toolbar Button" library="SAP_Tcode_Library">
<arg>wnd[0]/usr/tabsTRUST_STRIP/tabpTRUST_STRIP_FC1/ssubTRUST_STRIP_SCA:RS_RFC_TT_UI:0110/cntlSERVER_CONTAINER/shellcont/shell/shellcont[1]/shell[0]</arg>
<arg>DISPLAY</arg>
<doc>Clicks a button of a toolbar within a GridView 'table_id' which is contained within a shell object.
Use the Scripting tracker recorder to find the 'button_id' of the button to click</doc>
<msg timestamp="20240326 07:19:33.839" level="INFO" html="true">&lt;a href="sap-screenshot_2.jpg"&gt;&lt;img src="sap-screenshot_2.jpg" width="800px"&gt;&lt;/a&gt;</msg>
<status status="PASS" starttime="20240326 07:19:33.783" endtime="20240326 07:19:35.852"/>
</kw>
<kw name="Sleep" library="BuiltIn">
<arg>2</arg>
<doc>Pauses the test executed for the given time.</doc>
<msg timestamp="20240326 07:19:37.852" level="INFO">Slept 2 seconds</msg>
<status status="PASS" starttime="20240326 07:19:35.852" endtime="20240326 07:19:37.852"/>
</kw>
<kw name="Run Keyword And Return Status" library="BuiltIn">
<var>${click_1}</var>
<arg>Click Element</arg>
<arg>wnd[0]/usr/tabsTRUSTINGT_STRIP/tabpTRUSTINGT_STRIP_FC1</arg>
<doc>Runs the given keyword with given arguments and returns the status as a Boolean value.</doc>
<kw name="Click Element" library="SAP_Tcode_Library">
<arg>wnd[0]/usr/tabsTRUSTINGT_STRIP/tabpTRUSTINGT_STRIP_FC1</arg>
<doc>Performs a single click on a given element. Used only for buttons, tabs and menu items.</doc>
<status status="PASS" starttime="20240326 07:19:37.852" endtime="20240326 07:19:38.097"/>
</kw>
<msg timestamp="20240326 07:19:38.097" level="INFO">${click_1} = True</msg>
<status status="PASS" starttime="20240326 07:19:37.852" endtime="20240326 07:19:38.097"/>
</kw>
<kw name="Run Keyword If" library="BuiltIn">
<arg>not ${click_1}</arg>
<arg>Exit For Loop</arg>
<doc>Runs the given keyword with the given arguments, if ``condition`` is true.</doc>
<status status="PASS" starttime="20240326 07:19:38.097" endtime="20240326 07:19:38.097"/>
</kw>
<kw name="Take Screenshot" library="SAP_Tcode_Library">
<arg>${i}_System_whose_calls_are_trusted_CONFIGURATION.jpg</arg>
<doc>Takes a screenshot, only if 'screenshots on error' has been enabled,
either at import of with keyword `enable screenshots on error`.</doc>
<msg timestamp="20240326 07:19:38.156" level="INFO" html="true">&lt;a href="3_System_whose_calls_are_trusted_CONFIGURATION.jpg"&gt;&lt;img src="3_System_whose_calls_are_trusted_CONFIGURATION.jpg" width="800px"&gt;&lt;/a&gt;</msg>
<status status="PASS" starttime="20240326 07:19:38.097" endtime="20240326 07:19:38.156"/>
</kw>
<kw name="Sleep" library="BuiltIn">
<arg>1</arg>
<doc>Pauses the test executed for the given time.</doc>
<msg timestamp="20240326 07:19:39.156" level="INFO">Slept 1 second</msg>
<status status="PASS" starttime="20240326 07:19:38.156" endtime="20240326 07:19:39.156"/>
</kw>
<kw name="Click Element" library="SAP_Tcode_Library">
<arg>wnd[0]/usr/tabsTRUSTINGT_STRIP/tabpTRUSTINGT_STRIP_FC2</arg>
<doc>Performs a single click on a given element. Used only for buttons, tabs and menu items.</doc>
<status status="PASS" starttime="20240326 07:19:39.156" endtime="20240326 07:19:39.402"/>
</kw>
<kw name="Take Screenshot" library="SAP_Tcode_Library">
<arg>${i}_System_whose_calls_are_trusted_SYSTEM_SETTING.jpg</arg>
<doc>Takes a screenshot, only if 'screenshots on error' has been enabled,
either at import of with keyword `enable screenshots on error`.</doc>
<msg timestamp="20240326 07:19:39.462" level="INFO" html="true">&lt;a href="3_System_whose_calls_are_trusted_SYSTEM_SETTING.jpg"&gt;&lt;img src="3_System_whose_calls_are_trusted_SYSTEM_SETTING.jpg" width="800px"&gt;&lt;/a&gt;</msg>
<status status="PASS" starttime="20240326 07:19:39.402" endtime="20240326 07:19:39.462"/>
</kw>
<kw name="Sleep" library="BuiltIn">
<arg>1</arg>
<doc>Pauses the test executed for the given time.</doc>
<msg timestamp="20240326 07:19:40.462" level="INFO">Slept 1 second</msg>
<status status="PASS" starttime="20240326 07:19:39.462" endtime="20240326 07:19:40.462"/>
</kw>
<kw name="Click Element" library="SAP_Tcode_Library">
<arg>wnd[0]/usr/tabsTRUSTINGT_STRIP/tabpTRUSTINGT_STRIP_FC3</arg>
<doc>Performs a single click on a given element. Used only for buttons, tabs and menu items.</doc>
<status status="PASS" starttime="20240326 07:19:40.462" endtime="20240326 07:19:40.720"/>
</kw>
<kw name="Take Screenshot" library="SAP_Tcode_Library">
<arg>${i}_System_whose_calls_are_trusted_ADMINISTRATION.jpg</arg>
<doc>Takes a screenshot, only if 'screenshots on error' has been enabled,
either at import of with keyword `enable screenshots on error`.</doc>
<msg timestamp="20240326 07:19:40.787" level="INFO" html="true">&lt;a href="3_System_whose_calls_are_trusted_ADMINISTRATION.jpg"&gt;&lt;img src="3_System_whose_calls_are_trusted_ADMINISTRATION.jpg" width="800px"&gt;&lt;/a&gt;</msg>
<status status="PASS" starttime="20240326 07:19:40.720" endtime="20240326 07:19:40.787"/>
</kw>
<kw name="Sleep" library="BuiltIn">
<arg>1</arg>
<doc>Pauses the test executed for the given time.</doc>
<msg timestamp="20240326 07:19:41.787" level="INFO">Slept 1 second</msg>
<status status="PASS" starttime="20240326 07:19:40.787" endtime="20240326 07:19:41.787"/>
</kw>
<kw name="Click Element" library="SAP_Tcode_Library">
<arg>wnd[0]/tbar[0]/btn[3]</arg>
<doc>Performs a single click on a given element. Used only for buttons, tabs and menu items.</doc>
<status status="PASS" starttime="20240326 07:19:41.787" endtime="20240326 07:19:42.080"/>
</kw>
<kw name="Sleep" library="BuiltIn">
<arg>1</arg>
<doc>Pauses the test executed for the given time.</doc>
<msg timestamp="20240326 07:19:43.080" level="INFO">Slept 1 second</msg>
<status status="PASS" starttime="20240326 07:19:42.080" endtime="20240326 07:19:43.080"/>
</kw>
<kw name="Unselect" library="SAP_Tcode_Library">
<arg>wnd[0]/usr/tabsTRUST_STRIP/tabpTRUST_STRIP_FC1/ssubTRUST_STRIP_SCA:RS_RFC_TT_UI:0110/cntlSERVER_CONTAINER/shellcont/shell/shellcont[1]/shell[1]</arg>
<arg>${i}</arg>
<status status="PASS" starttime="20240326 07:19:43.080" endtime="20240326 07:19:43.087"/>
</kw>
<kw name="Sleep" library="BuiltIn">
<arg>1</arg>
<doc>Pauses the test executed for the given time.</doc>
<msg timestamp="20240326 07:19:44.088" level="INFO">Slept 1 second</msg>
<status status="PASS" starttime="20240326 07:19:43.087" endtime="20240326 07:19:44.088"/>
</kw>
<status status="PASS" starttime="20240326 07:19:32.778" endtime="20240326 07:19:44.088"/>
</iter>
<iter>
<var name="${i}">4</var>
<kw name="Run Keyword And Return Status" library="BuiltIn">
<var>${select_only_1}</var>
<arg>Select Only</arg>
<arg>wnd[0]/usr/tabsTRUST_STRIP/tabpTRUST_STRIP_FC1/ssubTRUST_STRIP_SCA:RS_RFC_TT_UI:0110/cntlSERVER_CONTAINER/shellcont/shell/shellcont[1]/shell[1]</arg>
<arg>${i}</arg>
<doc>Runs the given keyword with given arguments and returns the status as a Boolean value.</doc>
<kw name="Select Only" library="SAP_Tcode_Library">
<arg>wnd[0]/usr/tabsTRUST_STRIP/tabpTRUST_STRIP_FC1/ssubTRUST_STRIP_SCA:RS_RFC_TT_UI:0110/cntlSERVER_CONTAINER/shellcont/shell/shellcont[1]/shell[1]</arg>
<arg>${i}</arg>
<status status="PASS" starttime="20240326 07:19:44.088" endtime="20240326 07:19:44.088"/>
</kw>
<msg timestamp="20240326 07:19:44.088" level="INFO">${select_only_1} = True</msg>
<status status="PASS" starttime="20240326 07:19:44.088" endtime="20240326 07:19:44.088"/>
</kw>
<kw name="Sleep" library="BuiltIn">
<arg>1</arg>
<doc>Pauses the test executed for the given time.</doc>
<msg timestamp="20240326 07:19:45.088" level="INFO">Slept 1 second</msg>
<status status="PASS" starttime="20240326 07:19:44.088" endtime="20240326 07:19:45.088"/>
</kw>
<kw name="Run Keyword If" library="BuiltIn">
<arg>not ${select_only_1}</arg>
<arg>Exit For Loop</arg>
<doc>Runs the given keyword with the given arguments, if ``condition`` is true.</doc>
<status status="PASS" starttime="20240326 07:19:45.088" endtime="20240326 07:19:45.088"/>
</kw>
<kw name="Click Toolbar Button" library="SAP_Tcode_Library">
<arg>wnd[0]/usr/tabsTRUST_STRIP/tabpTRUST_STRIP_FC1/ssubTRUST_STRIP_SCA:RS_RFC_TT_UI:0110/cntlSERVER_CONTAINER/shellcont/shell/shellcont[1]/shell[0]</arg>
<arg>DISPLAY</arg>
<doc>Clicks a button of a toolbar within a GridView 'table_id' which is contained within a shell object.
Use the Scripting tracker recorder to find the 'button_id' of the button to click</doc>
<msg timestamp="20240326 07:19:45.153" level="INFO" html="true">&lt;a href="sap-screenshot_3.jpg"&gt;&lt;img src="sap-screenshot_3.jpg" width="800px"&gt;&lt;/a&gt;</msg>
<status status="PASS" starttime="20240326 07:19:45.089" endtime="20240326 07:19:47.172"/>
</kw>
<kw name="Sleep" library="BuiltIn">
<arg>2</arg>
<doc>Pauses the test executed for the given time.</doc>
<msg timestamp="20240326 07:19:49.173" level="INFO">Slept 2 seconds</msg>
<status status="PASS" starttime="20240326 07:19:47.172" endtime="20240326 07:19:49.173"/>
</kw>
<kw name="Run Keyword And Return Status" library="BuiltIn">
<var>${click_1}</var>
<arg>Click Element</arg>
<arg>wnd[0]/usr/tabsTRUSTINGT_STRIP/tabpTRUSTINGT_STRIP_FC1</arg>
<doc>Runs the given keyword with given arguments and returns the status as a Boolean value.</doc>
<kw name="Click Element" library="SAP_Tcode_Library">
<arg>wnd[0]/usr/tabsTRUSTINGT_STRIP/tabpTRUSTINGT_STRIP_FC1</arg>
<doc>Performs a single click on a given element. Used only for buttons, tabs and menu items.</doc>
<status status="PASS" starttime="20240326 07:19:49.173" endtime="20240326 07:19:49.406"/>
</kw>
<msg timestamp="20240326 07:19:49.406" level="INFO">${click_1} = True</msg>
<status status="PASS" starttime="20240326 07:19:49.173" endtime="20240326 07:19:49.406"/>
</kw>
<kw name="Run Keyword If" library="BuiltIn">
<arg>not ${click_1}</arg>
<arg>Exit For Loop</arg>
<doc>Runs the given keyword with the given arguments, if ``condition`` is true.</doc>
<status status="PASS" starttime="20240326 07:19:49.406" endtime="20240326 07:19:49.406"/>
</kw>
<kw name="Take Screenshot" library="SAP_Tcode_Library">
<arg>${i}_System_whose_calls_are_trusted_CONFIGURATION.jpg</arg>
<doc>Takes a screenshot, only if 'screenshots on error' has been enabled,
either at import of with keyword `enable screenshots on error`.</doc>
<msg timestamp="20240326 07:19:49.470" level="INFO" html="true">&lt;a href="4_System_whose_calls_are_trusted_CONFIGURATION.jpg"&gt;&lt;img src="4_System_whose_calls_are_trusted_CONFIGURATION.jpg" width="800px"&gt;&lt;/a&gt;</msg>
<status status="PASS" starttime="20240326 07:19:49.406" endtime="20240326 07:19:49.470"/>
</kw>
<kw name="Sleep" library="BuiltIn">
<arg>1</arg>
<doc>Pauses the test executed for the given time.</doc>
<msg timestamp="20240326 07:19:50.470" level="INFO">Slept 1 second</msg>
<status status="PASS" starttime="20240326 07:19:49.470" endtime="20240326 07:19:50.470"/>
</kw>
<kw name="Click Element" library="SAP_Tcode_Library">
<arg>wnd[0]/usr/tabsTRUSTINGT_STRIP/tabpTRUSTINGT_STRIP_FC2</arg>
<doc>Performs a single click on a given element. Used only for buttons, tabs and menu items.</doc>
<status status="PASS" starttime="20240326 07:19:50.470" endtime="20240326 07:19:50.714"/>
</kw>
<kw name="Take Screenshot" library="SAP_Tcode_Library">
<arg>${i}_System_whose_calls_are_trusted_SYSTEM_SETTING.jpg</arg>
<doc>Takes a screenshot, only if 'screenshots on error' has been enabled,
either at import of with keyword `enable screenshots on error`.</doc>
<msg timestamp="20240326 07:19:50.794" level="INFO" html="true">&lt;a href="4_System_whose_calls_are_trusted_SYSTEM_SETTING.jpg"&gt;&lt;img src="4_System_whose_calls_are_trusted_SYSTEM_SETTING.jpg" width="800px"&gt;&lt;/a&gt;</msg>
<status status="PASS" starttime="20240326 07:19:50.714" endtime="20240326 07:19:50.794"/>
</kw>
<kw name="Sleep" library="BuiltIn">
<arg>1</arg>
<doc>Pauses the test executed for the given time.</doc>
<msg timestamp="20240326 07:19:51.794" level="INFO">Slept 1 second</msg>
<status status="PASS" starttime="20240326 07:19:50.794" endtime="20240326 07:19:51.794"/>
</kw>
<kw name="Click Element" library="SAP_Tcode_Library">
<arg>wnd[0]/usr/tabsTRUSTINGT_STRIP/tabpTRUSTINGT_STRIP_FC3</arg>
<doc>Performs a single click on a given element. Used only for buttons, tabs and menu items.</doc>
<status status="PASS" starttime="20240326 07:19:51.794" endtime="20240326 07:19:52.054"/>
</kw>
<kw name="Take Screenshot" library="SAP_Tcode_Library">
<arg>${i}_System_whose_calls_are_trusted_ADMINISTRATION.jpg</arg>
<doc>Takes a screenshot, only if 'screenshots on error' has been enabled,
either at import of with keyword `enable screenshots on error`.</doc>
<msg timestamp="20240326 07:19:52.122" level="INFO" html="true">&lt;a href="4_System_whose_calls_are_trusted_ADMINISTRATION.jpg"&gt;&lt;img src="4_System_whose_calls_are_trusted_ADMINISTRATION.jpg" width="800px"&gt;&lt;/a&gt;</msg>
<status status="PASS" starttime="20240326 07:19:52.054" endtime="20240326 07:19:52.122"/>
</kw>
<kw name="Sleep" library="BuiltIn">
<arg>1</arg>
<doc>Pauses the test executed for the given time.</doc>
<msg timestamp="20240326 07:19:53.122" level="INFO">Slept 1 second</msg>
<status status="PASS" starttime="20240326 07:19:52.122" endtime="20240326 07:19:53.122"/>
</kw>
<kw name="Click Element" library="SAP_Tcode_Library">
<arg>wnd[0]/tbar[0]/btn[3]</arg>
<doc>Performs a single click on a given element. Used only for buttons, tabs and menu items.</doc>
<status status="PASS" starttime="20240326 07:19:53.122" endtime="20240326 07:19:53.396"/>
</kw>
<kw name="Sleep" library="BuiltIn">
<arg>1</arg>
<doc>Pauses the test executed for the given time.</doc>
<msg timestamp="20240326 07:19:54.396" level="INFO">Slept 1 second</msg>
<status status="PASS" starttime="20240326 07:19:53.396" endtime="20240326 07:19:54.396"/>
</kw>
<kw name="Unselect" library="SAP_Tcode_Library">
<arg>wnd[0]/usr/tabsTRUST_STRIP/tabpTRUST_STRIP_FC1/ssubTRUST_STRIP_SCA:RS_RFC_TT_UI:0110/cntlSERVER_CONTAINER/shellcont/shell/shellcont[1]/shell[1]</arg>
<arg>${i}</arg>
<status status="PASS" starttime="20240326 07:19:54.396" endtime="20240326 07:19:54.398"/>
</kw>
<kw name="Sleep" library="BuiltIn">
<arg>1</arg>
<doc>Pauses the test executed for the given time.</doc>
<msg timestamp="20240326 07:19:55.398" level="INFO">Slept 1 second</msg>
<status status="PASS" starttime="20240326 07:19:54.398" endtime="20240326 07:19:55.398"/>
</kw>
<status status="PASS" starttime="20240326 07:19:44.088" endtime="20240326 07:19:55.398"/>
</iter>
<iter>
<var name="${i}">5</var>
<kw name="Run Keyword And Return Status" library="BuiltIn">
<var>${select_only_1}</var>
<arg>Select Only</arg>
<arg>wnd[0]/usr/tabsTRUST_STRIP/tabpTRUST_STRIP_FC1/ssubTRUST_STRIP_SCA:RS_RFC_TT_UI:0110/cntlSERVER_CONTAINER/shellcont/shell/shellcont[1]/shell[1]</arg>
<arg>${i}</arg>
<doc>Runs the given keyword with given arguments and returns the status as a Boolean value.</doc>
<kw name="Select Only" library="SAP_Tcode_Library">
<arg>wnd[0]/usr/tabsTRUST_STRIP/tabpTRUST_STRIP_FC1/ssubTRUST_STRIP_SCA:RS_RFC_TT_UI:0110/cntlSERVER_CONTAINER/shellcont/shell/shellcont[1]/shell[1]</arg>
<arg>${i}</arg>
<status status="PASS" starttime="20240326 07:19:55.398" endtime="20240326 07:19:55.398"/>
</kw>
<msg timestamp="20240326 07:19:55.398" level="INFO">${select_only_1} = True</msg>
<status status="PASS" starttime="20240326 07:19:55.398" endtime="20240326 07:19:55.398"/>
</kw>
<kw name="Sleep" library="BuiltIn">
<arg>1</arg>
<doc>Pauses the test executed for the given time.</doc>
<msg timestamp="20240326 07:19:56.399" level="INFO">Slept 1 second</msg>
<status status="PASS" starttime="20240326 07:19:55.398" endtime="20240326 07:19:56.399"/>
</kw>
<kw name="Run Keyword If" library="BuiltIn">
<arg>not ${select_only_1}</arg>
<arg>Exit For Loop</arg>
<doc>Runs the given keyword with the given arguments, if ``condition`` is true.</doc>
<status status="PASS" starttime="20240326 07:19:56.399" endtime="20240326 07:19:56.399"/>
</kw>
<kw name="Click Toolbar Button" library="SAP_Tcode_Library">
<arg>wnd[0]/usr/tabsTRUST_STRIP/tabpTRUST_STRIP_FC1/ssubTRUST_STRIP_SCA:RS_RFC_TT_UI:0110/cntlSERVER_CONTAINER/shellcont/shell/shellcont[1]/shell[0]</arg>
<arg>DISPLAY</arg>
<doc>Clicks a button of a toolbar within a GridView 'table_id' which is contained within a shell object.
Use the Scripting tracker recorder to find the 'button_id' of the button to click</doc>
<msg timestamp="20240326 07:19:56.469" level="INFO" html="true">&lt;a href="sap-screenshot_4.jpg"&gt;&lt;img src="sap-screenshot_4.jpg" width="800px"&gt;&lt;/a&gt;</msg>
<status status="PASS" starttime="20240326 07:19:56.399" endtime="20240326 07:19:58.474"/>
</kw>
<kw name="Sleep" library="BuiltIn">
<arg>2</arg>
<doc>Pauses the test executed for the given time.</doc>
<msg timestamp="20240326 07:20:00.474" level="INFO">Slept 2 seconds</msg>
<status status="PASS" starttime="20240326 07:19:58.474" endtime="20240326 07:20:00.474"/>
</kw>
<kw name="Run Keyword And Return Status" library="BuiltIn">
<var>${click_1}</var>
<arg>Click Element</arg>
<arg>wnd[0]/usr/tabsTRUSTINGT_STRIP/tabpTRUSTINGT_STRIP_FC1</arg>
<doc>Runs the given keyword with given arguments and returns the status as a Boolean value.</doc>
<kw name="Click Element" library="SAP_Tcode_Library">
<arg>wnd[0]/usr/tabsTRUSTINGT_STRIP/tabpTRUSTINGT_STRIP_FC1</arg>
<doc>Performs a single click on a given element. Used only for buttons, tabs and menu items.</doc>
<status status="PASS" starttime="20240326 07:20:00.474" endtime="20240326 07:20:00.708"/>
</kw>
<msg timestamp="20240326 07:20:00.708" level="INFO">${click_1} = True</msg>
<status status="PASS" starttime="20240326 07:20:00.474" endtime="20240326 07:20:00.708"/>
</kw>
<kw name="Run Keyword If" library="BuiltIn">
<arg>not ${click_1}</arg>
<arg>Exit For Loop</arg>
<doc>Runs the given keyword with the given arguments, if ``condition`` is true.</doc>
<status status="PASS" starttime="20240326 07:20:00.708" endtime="20240326 07:20:00.708"/>
</kw>
<kw name="Take Screenshot" library="SAP_Tcode_Library">
<arg>${i}_System_whose_calls_are_trusted_CONFIGURATION.jpg</arg>
<doc>Takes a screenshot, only if 'screenshots on error' has been enabled,
either at import of with keyword `enable screenshots on error`.</doc>
<msg timestamp="20240326 07:20:00.787" level="INFO" html="true">&lt;a href="5_System_whose_calls_are_trusted_CONFIGURATION.jpg"&gt;&lt;img src="5_System_whose_calls_are_trusted_CONFIGURATION.jpg" width="800px"&gt;&lt;/a&gt;</msg>
<status status="PASS" starttime="20240326 07:20:00.708" endtime="20240326 07:20:00.787"/>
</kw>
<kw name="Sleep" library="BuiltIn">
<arg>1</arg>
<doc>Pauses the test executed for the given time.</doc>
<msg timestamp="20240326 07:20:01.787" level="INFO">Slept 1 second</msg>
<status status="PASS" starttime="20240326 07:20:00.787" endtime="20240326 07:20:01.787"/>
</kw>
<kw name="Click Element" library="SAP_Tcode_Library">
<arg>wnd[0]/usr/tabsTRUSTINGT_STRIP/tabpTRUSTINGT_STRIP_FC2</arg>
<doc>Performs a single click on a given element. Used only for buttons, tabs and menu items.</doc>
<status status="PASS" starttime="20240326 07:20:01.787" endtime="20240326 07:20:02.049"/>
</kw>
<kw name="Take Screenshot" library="SAP_Tcode_Library">
<arg>${i}_System_whose_calls_are_trusted_SYSTEM_SETTING.jpg</arg>
<doc>Takes a screenshot, only if 'screenshots on error' has been enabled,
either at import of with keyword `enable screenshots on error`.</doc>
<msg timestamp="20240326 07:20:02.130" level="INFO" html="true">&lt;a href="5_System_whose_calls_are_trusted_SYSTEM_SETTING.jpg"&gt;&lt;img src="5_System_whose_calls_are_trusted_SYSTEM_SETTING.jpg" width="800px"&gt;&lt;/a&gt;</msg>
<status status="PASS" starttime="20240326 07:20:02.049" endtime="20240326 07:20:02.130"/>
</kw>
<kw name="Sleep" library="BuiltIn">
<arg>1</arg>
<doc>Pauses the test executed for the given time.</doc>
<msg timestamp="20240326 07:20:03.131" level="INFO">Slept 1 second</msg>
<status status="PASS" starttime="20240326 07:20:02.131" endtime="20240326 07:20:03.131"/>
</kw>
<kw name="Click Element" library="SAP_Tcode_Library">
<arg>wnd[0]/usr/tabsTRUSTINGT_STRIP/tabpTRUSTINGT_STRIP_FC3</arg>
<doc>Performs a single click on a given element. Used only for buttons, tabs and menu items.</doc>
<status status="PASS" starttime="20240326 07:20:03.131" endtime="20240326 07:20:03.365"/>
</kw>
<kw name="Take Screenshot" library="SAP_Tcode_Library">
<arg>${i}_System_whose_calls_are_trusted_ADMINISTRATION.jpg</arg>
<doc>Takes a screenshot, only if 'screenshots on error' has been enabled,
either at import of with keyword `enable screenshots on error`.</doc>
<msg timestamp="20240326 07:20:03.443" level="INFO" html="true">&lt;a href="5_System_whose_calls_are_trusted_ADMINISTRATION.jpg"&gt;&lt;img src="5_System_whose_calls_are_trusted_ADMINISTRATION.jpg" width="800px"&gt;&lt;/a&gt;</msg>
<status status="PASS" starttime="20240326 07:20:03.365" endtime="20240326 07:20:03.443"/>
</kw>
<kw name="Sleep" library="BuiltIn">
<arg>1</arg>
<doc>Pauses the test executed for the given time.</doc>
<msg timestamp="20240326 07:20:04.443" level="INFO">Slept 1 second</msg>
<status status="PASS" starttime="20240326 07:20:03.443" endtime="20240326 07:20:04.443"/>
</kw>
<kw name="Click Element" library="SAP_Tcode_Library">
<arg>wnd[0]/tbar[0]/btn[3]</arg>
<doc>Performs a single click on a given element. Used only for buttons, tabs and menu items.</doc>
<status status="PASS" starttime="20240326 07:20:04.443" endtime="20240326 07:20:04.732"/>
</kw>
<kw name="Sleep" library="BuiltIn">
<arg>1</arg>
<doc>Pauses the test executed for the given time.</doc>
<msg timestamp="20240326 07:20:05.732" level="INFO">Slept 1 second</msg>
<status status="PASS" starttime="20240326 07:20:04.732" endtime="20240326 07:20:05.732"/>
</kw>
<kw name="Unselect" library="SAP_Tcode_Library">
<arg>wnd[0]/usr/tabsTRUST_STRIP/tabpTRUST_STRIP_FC1/ssubTRUST_STRIP_SCA:RS_RFC_TT_UI:0110/cntlSERVER_CONTAINER/shellcont/shell/shellcont[1]/shell[1]</arg>
<arg>${i}</arg>
<status status="PASS" starttime="20240326 07:20:05.732" endtime="20240326 07:20:05.732"/>
</kw>
<kw name="Sleep" library="BuiltIn">
<arg>1</arg>
<doc>Pauses the test executed for the given time.</doc>
<msg timestamp="20240326 07:20:06.733" level="INFO">Slept 1 second</msg>
<status status="PASS" starttime="20240326 07:20:05.732" endtime="20240326 07:20:06.733"/>
</kw>
<status status="PASS" starttime="20240326 07:19:55.398" endtime="20240326 07:20:06.733"/>
</iter>
<iter>
<var name="${i}">6</var>
<kw name="Run Keyword And Return Status" library="BuiltIn">
<var>${select_only_1}</var>
<arg>Select Only</arg>
<arg>wnd[0]/usr/tabsTRUST_STRIP/tabpTRUST_STRIP_FC1/ssubTRUST_STRIP_SCA:RS_RFC_TT_UI:0110/cntlSERVER_CONTAINER/shellcont/shell/shellcont[1]/shell[1]</arg>
<arg>${i}</arg>
<doc>Runs the given keyword with given arguments and returns the status as a Boolean value.</doc>
<kw name="Select Only" library="SAP_Tcode_Library">
<arg>wnd[0]/usr/tabsTRUST_STRIP/tabpTRUST_STRIP_FC1/ssubTRUST_STRIP_SCA:RS_RFC_TT_UI:0110/cntlSERVER_CONTAINER/shellcont/shell/shellcont[1]/shell[1]</arg>
<arg>${i}</arg>
<status status="PASS" starttime="20240326 07:20:06.733" endtime="20240326 07:20:06.737"/>
</kw>
<msg timestamp="20240326 07:20:06.737" level="INFO">${select_only_1} = True</msg>
<status status="PASS" starttime="20240326 07:20:06.733" endtime="20240326 07:20:06.737"/>
</kw>
<kw name="Sleep" library="BuiltIn">
<arg>1</arg>
<doc>Pauses the test executed for the given time.</doc>
<msg timestamp="20240326 07:20:07.738" level="INFO">Slept 1 second</msg>
<status status="PASS" starttime="20240326 07:20:06.737" endtime="20240326 07:20:07.738"/>
</kw>
<kw name="Run Keyword If" library="BuiltIn">
<arg>not ${select_only_1}</arg>
<arg>Exit For Loop</arg>
<doc>Runs the given keyword with the given arguments, if ``condition`` is true.</doc>
<status status="PASS" starttime="20240326 07:20:07.738" endtime="20240326 07:20:07.738"/>
</kw>
<kw name="Click Toolbar Button" library="SAP_Tcode_Library">
<arg>wnd[0]/usr/tabsTRUST_STRIP/tabpTRUST_STRIP_FC1/ssubTRUST_STRIP_SCA:RS_RFC_TT_UI:0110/cntlSERVER_CONTAINER/shellcont/shell/shellcont[1]/shell[0]</arg>
<arg>DISPLAY</arg>
<doc>Clicks a button of a toolbar within a GridView 'table_id' which is contained within a shell object.
Use the Scripting tracker recorder to find the 'button_id' of the button to click</doc>
<msg timestamp="20240326 07:20:07.812" level="INFO" html="true">&lt;a href="sap-screenshot_5.jpg"&gt;&lt;img src="sap-screenshot_5.jpg" width="800px"&gt;&lt;/a&gt;</msg>
<status status="PASS" starttime="20240326 07:20:07.738" endtime="20240326 07:20:10.052"/>
</kw>
<kw name="Sleep" library="BuiltIn">
<arg>2</arg>
<doc>Pauses the test executed for the given time.</doc>
<msg timestamp="20240326 07:20:12.052" level="INFO">Slept 2 seconds</msg>
<status status="PASS" starttime="20240326 07:20:10.052" endtime="20240326 07:20:12.052"/>
</kw>
<kw name="Run Keyword And Return Status" library="BuiltIn">
<var>${click_1}</var>
<arg>Click Element</arg>
<arg>wnd[0]/usr/tabsTRUSTINGT_STRIP/tabpTRUSTINGT_STRIP_FC1</arg>
<doc>Runs the given keyword with given arguments and returns the status as a Boolean value.</doc>
<kw name="Click Element" library="SAP_Tcode_Library">
<arg>wnd[0]/usr/tabsTRUSTINGT_STRIP/tabpTRUSTINGT_STRIP_FC1</arg>
<doc>Performs a single click on a given element. Used only for buttons, tabs and menu items.</doc>
<status status="PASS" starttime="20240326 07:20:12.052" endtime="20240326 07:20:12.293"/>
</kw>
<msg timestamp="20240326 07:20:12.293" level="INFO">${click_1} = True</msg>
<status status="PASS" starttime="20240326 07:20:12.052" endtime="20240326 07:20:12.293"/>
</kw>
<kw name="Run Keyword If" library="BuiltIn">
<arg>not ${click_1}</arg>
<arg>Exit For Loop</arg>
<doc>Runs the given keyword with the given arguments, if ``condition`` is true.</doc>
<status status="PASS" starttime="20240326 07:20:12.293" endtime="20240326 07:20:12.293"/>
</kw>
<kw name="Take Screenshot" library="SAP_Tcode_Library">
<arg>${i}_System_whose_calls_are_trusted_CONFIGURATION.jpg</arg>
<doc>Takes a screenshot, only if 'screenshots on error' has been enabled,
either at import of with keyword `enable screenshots on error`.</doc>
<msg timestamp="20240326 07:20:12.349" level="INFO" html="true">&lt;a href="6_System_whose_calls_are_trusted_CONFIGURATION.jpg"&gt;&lt;img src="6_System_whose_calls_are_trusted_CONFIGURATION.jpg" width="800px"&gt;&lt;/a&gt;</msg>
<status status="PASS" starttime="20240326 07:20:12.293" endtime="20240326 07:20:12.349"/>
</kw>
<kw name="Sleep" library="BuiltIn">
<arg>1</arg>
<doc>Pauses the test executed for the given time.</doc>
<msg timestamp="20240326 07:20:13.349" level="INFO">Slept 1 second</msg>
<status status="PASS" starttime="20240326 07:20:12.349" endtime="20240326 07:20:13.349"/>
</kw>
<kw name="Click Element" library="SAP_Tcode_Library">
<arg>wnd[0]/usr/tabsTRUSTINGT_STRIP/tabpTRUSTINGT_STRIP_FC2</arg>
<doc>Performs a single click on a given element. Used only for buttons, tabs and menu items.</doc>
<status status="PASS" starttime="20240326 07:20:13.349" endtime="20240326 07:20:13.589"/>
</kw>
<kw name="Take Screenshot" library="SAP_Tcode_Library">
<arg>${i}_System_whose_calls_are_trusted_SYSTEM_SETTING.jpg</arg>
<doc>Takes a screenshot, only if 'screenshots on error' has been enabled,
either at import of with keyword `enable screenshots on error`.</doc>
<msg timestamp="20240326 07:20:13.652" level="INFO" html="true">&lt;a href="6_System_whose_calls_are_trusted_SYSTEM_SETTING.jpg"&gt;&lt;img src="6_System_whose_calls_are_trusted_SYSTEM_SETTING.jpg" width="800px"&gt;&lt;/a&gt;</msg>
<status status="PASS" starttime="20240326 07:20:13.589" endtime="20240326 07:20:13.652"/>
</kw>
<kw name="Sleep" library="BuiltIn">
<arg>1</arg>
<doc>Pauses the test executed for the given time.</doc>
<msg timestamp="20240326 07:20:14.653" level="INFO">Slept 1 second</msg>
<status status="PASS" starttime="20240326 07:20:13.652" endtime="20240326 07:20:14.653"/>
</kw>
<kw name="Click Element" library="SAP_Tcode_Library">
<arg>wnd[0]/usr/tabsTRUSTINGT_STRIP/tabpTRUSTINGT_STRIP_FC3</arg>
<doc>Performs a single click on a given element. Used only for buttons, tabs and menu items.</doc>
<status status="PASS" starttime="20240326 07:20:14.653" endtime="20240326 07:20:14.901"/>
</kw>
<kw name="Take Screenshot" library="SAP_Tcode_Library">
<arg>${i}_System_whose_calls_are_trusted_ADMINISTRATION.jpg</arg>
<doc>Takes a screenshot, only if 'screenshots on error' has been enabled,
either at import of with keyword `enable screenshots on error`.</doc>
<msg timestamp="20240326 07:20:14.965" level="INFO" html="true">&lt;a href="6_System_whose_calls_are_trusted_ADMINISTRATION.jpg"&gt;&lt;img src="6_System_whose_calls_are_trusted_ADMINISTRATION.jpg" width="800px"&gt;&lt;/a&gt;</msg>
<status status="PASS" starttime="20240326 07:20:14.901" endtime="20240326 07:20:14.965"/>
</kw>
<kw name="Sleep" library="BuiltIn">
<arg>1</arg>
<doc>Pauses the test executed for the given time.</doc>
<msg timestamp="20240326 07:20:15.965" level="INFO">Slept 1 second</msg>
<status status="PASS" starttime="20240326 07:20:14.965" endtime="20240326 07:20:15.965"/>
</kw>
<kw name="Click Element" library="SAP_Tcode_Library">
<arg>wnd[0]/tbar[0]/btn[3]</arg>
<doc>Performs a single click on a given element. Used only for buttons, tabs and menu items.</doc>
<status status="PASS" starttime="20240326 07:20:15.965" endtime="20240326 07:20:16.247"/>
</kw>
<kw name="Sleep" library="BuiltIn">
<arg>1</arg>
<doc>Pauses the test executed for the given time.</doc>
<msg timestamp="20240326 07:20:17.248" level="INFO">Slept 1 second</msg>
<status status="PASS" starttime="20240326 07:20:16.247" endtime="20240326 07:20:17.248"/>
</kw>
<kw name="Unselect" library="SAP_Tcode_Library">
<arg>wnd[0]/usr/tabsTRUST_STRIP/tabpTRUST_STRIP_FC1/ssubTRUST_STRIP_SCA:RS_RFC_TT_UI:0110/cntlSERVER_CONTAINER/shellcont/shell/shellcont[1]/shell[1]</arg>
<arg>${i}</arg>
<status status="PASS" starttime="20240326 07:20:17.248" endtime="20240326 07:20:17.248"/>
</kw>
<kw name="Sleep" library="BuiltIn">
<arg>1</arg>
<doc>Pauses the test executed for the given time.</doc>
<msg timestamp="20240326 07:20:18.256" level="INFO">Slept 1 second</msg>
<status status="PASS" starttime="20240326 07:20:17.248" endtime="20240326 07:20:18.256"/>
</kw>
<status status="PASS" starttime="20240326 07:20:06.733" endtime="20240326 07:20:18.256"/>
</iter>
<iter>
<var name="${i}">7</var>
<kw name="Run Keyword And Return Status" library="BuiltIn">
<var>${select_only_1}</var>
<arg>Select Only</arg>
<arg>wnd[0]/usr/tabsTRUST_STRIP/tabpTRUST_STRIP_FC1/ssubTRUST_STRIP_SCA:RS_RFC_TT_UI:0110/cntlSERVER_CONTAINER/shellcont/shell/shellcont[1]/shell[1]</arg>
<arg>${i}</arg>
<doc>Runs the given keyword with given arguments and returns the status as a Boolean value.</doc>
<kw name="Select Only" library="SAP_Tcode_Library">
<arg>wnd[0]/usr/tabsTRUST_STRIP/tabpTRUST_STRIP_FC1/ssubTRUST_STRIP_SCA:RS_RFC_TT_UI:0110/cntlSERVER_CONTAINER/shellcont/shell/shellcont[1]/shell[1]</arg>
<arg>${i}</arg>
<status status="PASS" starttime="20240326 07:20:18.256" endtime="20240326 07:20:18.264"/>
</kw>
<msg timestamp="20240326 07:20:18.264" level="INFO">${select_only_1} = True</msg>
<status status="PASS" starttime="20240326 07:20:18.256" endtime="20240326 07:20:18.264"/>
</kw>
<kw name="Sleep" library="BuiltIn">
<arg>1</arg>
<doc>Pauses the test executed for the given time.</doc>
<msg timestamp="20240326 07:20:19.264" level="INFO">Slept 1 second</msg>
<status status="PASS" starttime="20240326 07:20:18.264" endtime="20240326 07:20:19.264"/>
</kw>
<kw name="Run Keyword If" library="BuiltIn">
<arg>not ${select_only_1}</arg>
<arg>Exit For Loop</arg>
<doc>Runs the given keyword with the given arguments, if ``condition`` is true.</doc>
<status status="PASS" starttime="20240326 07:20:19.264" endtime="20240326 07:20:19.264"/>
</kw>
<kw name="Click Toolbar Button" library="SAP_Tcode_Library">
<arg>wnd[0]/usr/tabsTRUST_STRIP/tabpTRUST_STRIP_FC1/ssubTRUST_STRIP_SCA:RS_RFC_TT_UI:0110/cntlSERVER_CONTAINER/shellcont/shell/shellcont[1]/shell[0]</arg>
<arg>DISPLAY</arg>
<doc>Clicks a button of a toolbar within a GridView 'table_id' which is contained within a shell object.
Use the Scripting tracker recorder to find the 'button_id' of the button to click</doc>
<msg timestamp="20240326 07:20:19.335" level="INFO" html="true">&lt;a href="sap-screenshot_6.jpg"&gt;&lt;img src="sap-screenshot_6.jpg" width="800px"&gt;&lt;/a&gt;</msg>
<status status="PASS" starttime="20240326 07:20:19.264" endtime="20240326 07:20:21.459"/>
</kw>
<kw name="Sleep" library="BuiltIn">
<arg>2</arg>
<doc>Pauses the test executed for the given time.</doc>
<msg timestamp="20240326 07:20:23.459" level="INFO">Slept 2 seconds</msg>
<status status="PASS" starttime="20240326 07:20:21.459" endtime="20240326 07:20:23.459"/>
</kw>
<kw name="Run Keyword And Return Status" library="BuiltIn">
<var>${click_1}</var>
<arg>Click Element</arg>
<arg>wnd[0]/usr/tabsTRUSTINGT_STRIP/tabpTRUSTINGT_STRIP_FC1</arg>
<doc>Runs the given keyword with given arguments and returns the status as a Boolean value.</doc>
<kw name="Click Element" library="SAP_Tcode_Library">
<arg>wnd[0]/usr/tabsTRUSTINGT_STRIP/tabpTRUSTINGT_STRIP_FC1</arg>
<doc>Performs a single click on a given element. Used only for buttons, tabs and menu items.</doc>
<status status="PASS" starttime="20240326 07:20:23.459" endtime="20240326 07:20:23.693"/>
</kw>
<msg timestamp="20240326 07:20:23.693" level="INFO">${click_1} = True</msg>
<status status="PASS" starttime="20240326 07:20:23.459" endtime="20240326 07:20:23.693"/>
</kw>
<kw name="Run Keyword If" library="BuiltIn">
<arg>not ${click_1}</arg>
<arg>Exit For Loop</arg>
<doc>Runs the given keyword with the given arguments, if ``condition`` is true.</doc>
<status status="PASS" starttime="20240326 07:20:23.693" endtime="20240326 07:20:23.693"/>
</kw>
<kw name="Take Screenshot" library="SAP_Tcode_Library">
<arg>${i}_System_whose_calls_are_trusted_CONFIGURATION.jpg</arg>
<doc>Takes a screenshot, only if 'screenshots on error' has been enabled,
either at import of with keyword `enable screenshots on error`.</doc>
<msg timestamp="20240326 07:20:23.756" level="INFO" html="true">&lt;a href="7_System_whose_calls_are_trusted_CONFIGURATION.jpg"&gt;&lt;img src="7_System_whose_calls_are_trusted_CONFIGURATION.jpg" width="800px"&gt;&lt;/a&gt;</msg>
<status status="PASS" starttime="20240326 07:20:23.693" endtime="20240326 07:20:23.756"/>
</kw>
<kw name="Sleep" library="BuiltIn">
<arg>1</arg>
<doc>Pauses the test executed for the given time.</doc>
<msg timestamp="20240326 07:20:24.756" level="INFO">Slept 1 second</msg>
<status status="PASS" starttime="20240326 07:20:23.756" endtime="20240326 07:20:24.756"/>
</kw>
<kw name="Click Element" library="SAP_Tcode_Library">
<arg>wnd[0]/usr/tabsTRUSTINGT_STRIP/tabpTRUSTINGT_STRIP_FC2</arg>
<doc>Performs a single click on a given element. Used only for buttons, tabs and menu items.</doc>
<status status="PASS" starttime="20240326 07:20:24.756" endtime="20240326 07:20:25.006"/>
</kw>
<kw name="Take Screenshot" library="SAP_Tcode_Library">
<arg>${i}_System_whose_calls_are_trusted_SYSTEM_SETTING.jpg</arg>
<doc>Takes a screenshot, only if 'screenshots on error' has been enabled,
either at import of with keyword `enable screenshots on error`.</doc>
<msg timestamp="20240326 07:20:25.064" level="INFO" html="true">&lt;a href="7_System_whose_calls_are_trusted_SYSTEM_SETTING.jpg"&gt;&lt;img src="7_System_whose_calls_are_trusted_SYSTEM_SETTING.jpg" width="800px"&gt;&lt;/a&gt;</msg>
<status status="PASS" starttime="20240326 07:20:25.006" endtime="20240326 07:20:25.064"/>
</kw>
<kw name="Sleep" library="BuiltIn">
<arg>1</arg>
<doc>Pauses the test executed for the given time.</doc>
<msg timestamp="20240326 07:20:26.065" level="INFO">Slept 1 second</msg>
<status status="PASS" starttime="20240326 07:20:25.064" endtime="20240326 07:20:26.065"/>
</kw>
<kw name="Click Element" library="SAP_Tcode_Library">
<arg>wnd[0]/usr/tabsTRUSTINGT_STRIP/tabpTRUSTINGT_STRIP_FC3</arg>
<doc>Performs a single click on a given element. Used only for buttons, tabs and menu items.</doc>
<status status="PASS" starttime="20240326 07:20:26.065" endtime="20240326 07:20:26.302"/>
</kw>
<kw name="Take Screenshot" library="SAP_Tcode_Library">
<arg>${i}_System_whose_calls_are_trusted_ADMINISTRATION.jpg</arg>
<doc>Takes a screenshot, only if 'screenshots on error' has been enabled,
either at import of with keyword `enable screenshots on error`.</doc>
<msg timestamp="20240326 07:20:26.376" level="INFO" html="true">&lt;a href="7_System_whose_calls_are_trusted_ADMINISTRATION.jpg"&gt;&lt;img src="7_System_whose_calls_are_trusted_ADMINISTRATION.jpg" width="800px"&gt;&lt;/a&gt;</msg>
<status status="PASS" starttime="20240326 07:20:26.302" endtime="20240326 07:20:26.376"/>
</kw>
<kw name="Sleep" library="BuiltIn">
<arg>1</arg>
<doc>Pauses the test executed for the given time.</doc>
<msg timestamp="20240326 07:20:27.377" level="INFO">Slept 1 second</msg>
<status status="PASS" starttime="20240326 07:20:26.376" endtime="20240326 07:20:27.377"/>
</kw>
<kw name="Click Element" library="SAP_Tcode_Library">
<arg>wnd[0]/tbar[0]/btn[3]</arg>
<doc>Performs a single click on a given element. Used only for buttons, tabs and menu items.</doc>
<status status="PASS" starttime="20240326 07:20:27.377" endtime="20240326 07:20:27.657"/>
</kw>
<kw name="Sleep" library="BuiltIn">
<arg>1</arg>
<doc>Pauses the test executed for the given time.</doc>
<msg timestamp="20240326 07:20:28.658" level="INFO">Slept 1 second</msg>
<status status="PASS" starttime="20240326 07:20:27.657" endtime="20240326 07:20:28.658"/>
</kw>
<kw name="Unselect" library="SAP_Tcode_Library">
<arg>wnd[0]/usr/tabsTRUST_STRIP/tabpTRUST_STRIP_FC1/ssubTRUST_STRIP_SCA:RS_RFC_TT_UI:0110/cntlSERVER_CONTAINER/shellcont/shell/shellcont[1]/shell[1]</arg>
<arg>${i}</arg>
<status status="PASS" starttime="20240326 07:20:28.658" endtime="20240326 07:20:28.665"/>
</kw>
<kw name="Sleep" library="BuiltIn">
<arg>1</arg>
<doc>Pauses the test executed for the given time.</doc>
<msg timestamp="20240326 07:20:29.665" level="INFO">Slept 1 second</msg>
<status status="PASS" starttime="20240326 07:20:28.665" endtime="20240326 07:20:29.665"/>
</kw>
<status status="PASS" starttime="20240326 07:20:18.256" endtime="20240326 07:20:29.665"/>
</iter>
<iter>
<var name="${i}">8</var>
<kw name="Run Keyword And Return Status" library="BuiltIn">
<var>${select_only_1}</var>
<arg>Select Only</arg>
<arg>wnd[0]/usr/tabsTRUST_STRIP/tabpTRUST_STRIP_FC1/ssubTRUST_STRIP_SCA:RS_RFC_TT_UI:0110/cntlSERVER_CONTAINER/shellcont/shell/shellcont[1]/shell[1]</arg>
<arg>${i}</arg>
<doc>Runs the given keyword with given arguments and returns the status as a Boolean value.</doc>
<kw name="Select Only" library="SAP_Tcode_Library">
<arg>wnd[0]/usr/tabsTRUST_STRIP/tabpTRUST_STRIP_FC1/ssubTRUST_STRIP_SCA:RS_RFC_TT_UI:0110/cntlSERVER_CONTAINER/shellcont/shell/shellcont[1]/shell[1]</arg>
<arg>${i}</arg>
<status status="PASS" starttime="20240326 07:20:29.665" endtime="20240326 07:20:29.673"/>
</kw>
<msg timestamp="20240326 07:20:29.673" level="INFO">${select_only_1} = True</msg>
<status status="PASS" starttime="20240326 07:20:29.665" endtime="20240326 07:20:29.673"/>
</kw>
<kw name="Sleep" library="BuiltIn">
<arg>1</arg>
<doc>Pauses the test executed for the given time.</doc>
<msg timestamp="20240326 07:20:30.673" level="INFO">Slept 1 second</msg>
<status status="PASS" starttime="20240326 07:20:29.673" endtime="20240326 07:20:30.673"/>
</kw>
<kw name="Run Keyword If" library="BuiltIn">
<arg>not ${select_only_1}</arg>
<arg>Exit For Loop</arg>
<doc>Runs the given keyword with the given arguments, if ``condition`` is true.</doc>
<status status="PASS" starttime="20240326 07:20:30.673" endtime="20240326 07:20:30.673"/>
</kw>
<kw name="Click Toolbar Button" library="SAP_Tcode_Library">
<arg>wnd[0]/usr/tabsTRUST_STRIP/tabpTRUST_STRIP_FC1/ssubTRUST_STRIP_SCA:RS_RFC_TT_UI:0110/cntlSERVER_CONTAINER/shellcont/shell/shellcont[1]/shell[0]</arg>
<arg>DISPLAY</arg>
<doc>Clicks a button of a toolbar within a GridView 'table_id' which is contained within a shell object.
Use the Scripting tracker recorder to find the 'button_id' of the button to click</doc>
<msg timestamp="20240326 07:20:30.745" level="INFO" html="true">&lt;a href="sap-screenshot_7.jpg"&gt;&lt;img src="sap-screenshot_7.jpg" width="800px"&gt;&lt;/a&gt;</msg>
<status status="PASS" starttime="20240326 07:20:30.673" endtime="20240326 07:20:32.795"/>
</kw>
<kw name="Sleep" library="BuiltIn">
<arg>2</arg>
<doc>Pauses the test executed for the given time.</doc>
<msg timestamp="20240326 07:20:34.795" level="INFO">Slept 2 seconds</msg>
<status status="PASS" starttime="20240326 07:20:32.795" endtime="20240326 07:20:34.795"/>
</kw>
<kw name="Run Keyword And Return Status" library="BuiltIn">
<var>${click_1}</var>
<arg>Click Element</arg>
<arg>wnd[0]/usr/tabsTRUSTINGT_STRIP/tabpTRUSTINGT_STRIP_FC1</arg>
<doc>Runs the given keyword with given arguments and returns the status as a Boolean value.</doc>
<kw name="Click Element" library="SAP_Tcode_Library">
<arg>wnd[0]/usr/tabsTRUSTINGT_STRIP/tabpTRUSTINGT_STRIP_FC1</arg>
<doc>Performs a single click on a given element. Used only for buttons, tabs and menu items.</doc>
<status status="PASS" starttime="20240326 07:20:34.795" endtime="20240326 07:20:35.037"/>
</kw>
<msg timestamp="20240326 07:20:35.037" level="INFO">${click_1} = True</msg>
<status status="PASS" starttime="20240326 07:20:34.795" endtime="20240326 07:20:35.037"/>
</kw>
<kw name="Run Keyword If" library="BuiltIn">
<arg>not ${click_1}</arg>
<arg>Exit For Loop</arg>
<doc>Runs the given keyword with the given arguments, if ``condition`` is true.</doc>
<status status="PASS" starttime="20240326 07:20:35.037" endtime="20240326 07:20:35.037"/>
</kw>
<kw name="Take Screenshot" library="SAP_Tcode_Library">
<arg>${i}_System_whose_calls_are_trusted_CONFIGURATION.jpg</arg>
<doc>Takes a screenshot, only if 'screenshots on error' has been enabled,
either at import of with keyword `enable screenshots on error`.</doc>
<msg timestamp="20240326 07:20:35.131" level="INFO" html="true">&lt;a href="8_System_whose_calls_are_trusted_CONFIGURATION.jpg"&gt;&lt;img src="8_System_whose_calls_are_trusted_CONFIGURATION.jpg" width="800px"&gt;&lt;/a&gt;</msg>
<status status="PASS" starttime="20240326 07:20:35.037" endtime="20240326 07:20:35.131"/>
</kw>
<kw name="Sleep" library="BuiltIn">
<arg>1</arg>
<doc>Pauses the test executed for the given time.</doc>
<msg timestamp="20240326 07:20:36.131" level="INFO">Slept 1 second</msg>
<status status="PASS" starttime="20240326 07:20:35.131" endtime="20240326 07:20:36.131"/>
</kw>
<kw name="Click Element" library="SAP_Tcode_Library">
<arg>wnd[0]/usr/tabsTRUSTINGT_STRIP/tabpTRUSTINGT_STRIP_FC2</arg>
<doc>Performs a single click on a given element. Used only for buttons, tabs and menu items.</doc>
<status status="PASS" starttime="20240326 07:20:36.131" endtime="20240326 07:20:36.375"/>
</kw>
<kw name="Take Screenshot" library="SAP_Tcode_Library">
<arg>${i}_System_whose_calls_are_trusted_SYSTEM_SETTING.jpg</arg>
<doc>Takes a screenshot, only if 'screenshots on error' has been enabled,
either at import of with keyword `enable screenshots on error`.</doc>
<msg timestamp="20240326 07:20:36.439" level="INFO" html="true">&lt;a href="8_System_whose_calls_are_trusted_SYSTEM_SETTING.jpg"&gt;&lt;img src="8_System_whose_calls_are_trusted_SYSTEM_SETTING.jpg" width="800px"&gt;&lt;/a&gt;</msg>
<status status="PASS" starttime="20240326 07:20:36.375" endtime="20240326 07:20:36.439"/>
</kw>
<kw name="Sleep" library="BuiltIn">
<arg>1</arg>
<doc>Pauses the test executed for the given time.</doc>
<msg timestamp="20240326 07:20:37.440" level="INFO">Slept 1 second</msg>
<status status="PASS" starttime="20240326 07:20:36.439" endtime="20240326 07:20:37.440"/>
</kw>
<kw name="Click Element" library="SAP_Tcode_Library">
<arg>wnd[0]/usr/tabsTRUSTINGT_STRIP/tabpTRUSTINGT_STRIP_FC3</arg>
<doc>Performs a single click on a given element. Used only for buttons, tabs and menu items.</doc>
<status status="PASS" starttime="20240326 07:20:37.440" endtime="20240326 07:20:37.690"/>
</kw>
<kw name="Take Screenshot" library="SAP_Tcode_Library">
<arg>${i}_System_whose_calls_are_trusted_ADMINISTRATION.jpg</arg>
<doc>Takes a screenshot, only if 'screenshots on error' has been enabled,
either at import of with keyword `enable screenshots on error`.</doc>
<msg timestamp="20240326 07:20:37.748" level="INFO" html="true">&lt;a href="8_System_whose_calls_are_trusted_ADMINISTRATION.jpg"&gt;&lt;img src="8_System_whose_calls_are_trusted_ADMINISTRATION.jpg" width="800px"&gt;&lt;/a&gt;</msg>
<status status="PASS" starttime="20240326 07:20:37.690" endtime="20240326 07:20:37.748"/>
</kw>
<kw name="Sleep" library="BuiltIn">
<arg>1</arg>
<doc>Pauses the test executed for the given time.</doc>
<msg timestamp="20240326 07:20:38.749" level="INFO">Slept 1 second</msg>
<status status="PASS" starttime="20240326 07:20:37.748" endtime="20240326 07:20:38.749"/>
</kw>
<kw name="Click Element" library="SAP_Tcode_Library">
<arg>wnd[0]/tbar[0]/btn[3]</arg>
<doc>Performs a single click on a given element. Used only for buttons, tabs and menu items.</doc>
<status status="PASS" starttime="20240326 07:20:38.749" endtime="20240326 07:20:39.043"/>
</kw>
<kw name="Sleep" library="BuiltIn">
<arg>1</arg>
<doc>Pauses the test executed for the given time.</doc>
<msg timestamp="20240326 07:20:40.043" level="INFO">Slept 1 second</msg>
<status status="PASS" starttime="20240326 07:20:39.043" endtime="20240326 07:20:40.043"/>
</kw>
<kw name="Unselect" library="SAP_Tcode_Library">
<arg>wnd[0]/usr/tabsTRUST_STRIP/tabpTRUST_STRIP_FC1/ssubTRUST_STRIP_SCA:RS_RFC_TT_UI:0110/cntlSERVER_CONTAINER/shellcont/shell/shellcont[1]/shell[1]</arg>
<arg>${i}</arg>
<status status="PASS" starttime="20240326 07:20:40.043" endtime="20240326 07:20:40.043"/>
</kw>
<kw name="Sleep" library="BuiltIn">
<arg>1</arg>
<doc>Pauses the test executed for the given time.</doc>
<msg timestamp="20240326 07:20:41.043" level="INFO">Slept 1 second</msg>
<status status="PASS" starttime="20240326 07:20:40.043" endtime="20240326 07:20:41.043"/>
</kw>
<status status="PASS" starttime="20240326 07:20:29.665" endtime="20240326 07:20:41.043"/>
</iter>
<iter>
<var name="${i}">9</var>
<kw name="Run Keyword And Return Status" library="BuiltIn">
<var>${select_only_1}</var>
<arg>Select Only</arg>
<arg>wnd[0]/usr/tabsTRUST_STRIP/tabpTRUST_STRIP_FC1/ssubTRUST_STRIP_SCA:RS_RFC_TT_UI:0110/cntlSERVER_CONTAINER/shellcont/shell/shellcont[1]/shell[1]</arg>
<arg>${i}</arg>
<doc>Runs the given keyword with given arguments and returns the status as a Boolean value.</doc>
<kw name="Select Only" library="SAP_Tcode_Library">
<arg>wnd[0]/usr/tabsTRUST_STRIP/tabpTRUST_STRIP_FC1/ssubTRUST_STRIP_SCA:RS_RFC_TT_UI:0110/cntlSERVER_CONTAINER/shellcont/shell/shellcont[1]/shell[1]</arg>
<arg>${i}</arg>
<status status="PASS" starttime="20240326 07:20:41.043" endtime="20240326 07:20:41.043"/>
</kw>
<msg timestamp="20240326 07:20:41.043" level="INFO">${select_only_1} = True</msg>
<status status="PASS" starttime="20240326 07:20:41.043" endtime="20240326 07:20:41.043"/>
</kw>
<kw name="Sleep" library="BuiltIn">
<arg>1</arg>
<doc>Pauses the test executed for the given time.</doc>
<msg timestamp="20240326 07:20:42.053" level="INFO">Slept 1 second</msg>
<status status="PASS" starttime="20240326 07:20:41.043" endtime="20240326 07:20:42.053"/>
</kw>
<kw name="Run Keyword If" library="BuiltIn">
<arg>not ${select_only_1}</arg>
<arg>Exit For Loop</arg>
<doc>Runs the given keyword with the given arguments, if ``condition`` is true.</doc>
<status status="PASS" starttime="20240326 07:20:42.053" endtime="20240326 07:20:42.053"/>
</kw>
<kw name="Click Toolbar Button" library="SAP_Tcode_Library">
<arg>wnd[0]/usr/tabsTRUST_STRIP/tabpTRUST_STRIP_FC1/ssubTRUST_STRIP_SCA:RS_RFC_TT_UI:0110/cntlSERVER_CONTAINER/shellcont/shell/shellcont[1]/shell[0]</arg>
<arg>DISPLAY</arg>
<doc>Clicks a button of a toolbar within a GridView 'table_id' which is contained within a shell object.
Use the Scripting tracker recorder to find the 'button_id' of the button to click</doc>
<msg timestamp="20240326 07:20:42.115" level="INFO" html="true">&lt;a href="sap-screenshot_8.jpg"&gt;&lt;img src="sap-screenshot_8.jpg" width="800px"&gt;&lt;/a&gt;</msg>
<status status="PASS" starttime="20240326 07:20:42.053" endtime="20240326 07:20:44.146"/>
</kw>
<kw name="Sleep" library="BuiltIn">
<arg>2</arg>
<doc>Pauses the test executed for the given time.</doc>
<msg timestamp="20240326 07:20:46.147" level="INFO">Slept 2 seconds</msg>
<status status="PASS" starttime="20240326 07:20:44.146" endtime="20240326 07:20:46.147"/>
</kw>
<kw name="Run Keyword And Return Status" library="BuiltIn">
<var>${click_1}</var>
<arg>Click Element</arg>
<arg>wnd[0]/usr/tabsTRUSTINGT_STRIP/tabpTRUSTINGT_STRIP_FC1</arg>
<doc>Runs the given keyword with given arguments and returns the status as a Boolean value.</doc>
<kw name="Click Element" library="SAP_Tcode_Library">
<arg>wnd[0]/usr/tabsTRUSTINGT_STRIP/tabpTRUSTINGT_STRIP_FC1</arg>
<doc>Performs a single click on a given element. Used only for buttons, tabs and menu items.</doc>
<status status="PASS" starttime="20240326 07:20:46.147" endtime="20240326 07:20:46.381"/>
</kw>
[...]
<arg>${i}</arg>
<status status="PASS" starttime="20240326 07:22:56.500" endtime="20240326 07:22:56.500"/>
</kw>
<kw name="Sleep" library="BuiltIn">
<arg>1</arg>
<doc>Pauses the test executed for the given time.</doc>
<msg timestamp="20240326 07:22:57.500" level="INFO">Slept 1 second</msg>
<status status="PASS" starttime="20240326 07:22:56.500" endtime="20240326 07:22:57.500"/>
</kw>
<status status="PASS" starttime="20240326 07:22:46.145" endtime="20240326 07:22:57.500"/>
</iter>
<iter>
<var name="${i}">21</var>
<kw name="Run Keyword And Return Status" library="BuiltIn">
<var>${select_only_1}</var>
<arg>Select Only</arg>
<arg>wnd[0]/usr/tabsTRUST_STRIP/tabpTRUST_STRIP_FC1/ssubTRUST_STRIP_SCA:RS_RFC_TT_UI:0110/cntlSERVER_CONTAINER/shellcont/shell/shellcont[1]/shell[1]</arg>
<arg>${i}</arg>
<doc>Runs the given keyword with given arguments and returns the status as a Boolean value.</doc>
<kw name="Select Only" library="SAP_Tcode_Library">
<arg>wnd[0]/usr/tabsTRUST_STRIP/tabpTRUST_STRIP_FC1/ssubTRUST_STRIP_SCA:RS_RFC_TT_UI:0110/cntlSERVER_CONTAINER/shellcont/shell/shellcont[1]/shell[1]</arg>
<arg>${i}</arg>
<status status="PASS" starttime="20240326 07:22:57.500" endtime="20240326 07:22:57.507"/>
</kw>
<msg timestamp="20240326 07:22:57.507" level="INFO">${select_only_1} = True</msg>
<status status="PASS" starttime="20240326 07:22:57.500" endtime="20240326 07:22:57.507"/>
</kw>
<kw name="Sleep" library="BuiltIn">
<arg>1</arg>
<doc>Pauses the test executed for the given time.</doc>
<msg timestamp="20240326 07:22:58.507" level="INFO">Slept 1 second</msg>
<status status="PASS" starttime="20240326 07:22:57.507" endtime="20240326 07:22:58.507"/>
</kw>
<kw name="Run Keyword If" library="BuiltIn">
<arg>not ${select_only_1}</arg>
<arg>Exit For Loop</arg>
<doc>Runs the given keyword with the given arguments, if ``condition`` is true.</doc>
<status status="PASS" starttime="20240326 07:22:58.507" endtime="20240326 07:22:58.507"/>
</kw>
<kw name="Click Toolbar Button" library="SAP_Tcode_Library">
<arg>wnd[0]/usr/tabsTRUST_STRIP/tabpTRUST_STRIP_FC1/ssubTRUST_STRIP_SCA:RS_RFC_TT_UI:0110/cntlSERVER_CONTAINER/shellcont/shell/shellcont[1]/shell[0]</arg>
<arg>DISPLAY</arg>
<doc>Clicks a button of a toolbar within a GridView 'table_id' which is contained within a shell object.
Use the Scripting tracker recorder to find the 'button_id' of the button to click</doc>
<msg timestamp="20240326 07:22:58.561" level="INFO" html="true">&lt;a href="sap-screenshot_20.jpg"&gt;&lt;img src="sap-screenshot_20.jpg" width="800px"&gt;&lt;/a&gt;</msg>
<status status="PASS" starttime="20240326 07:22:58.507" endtime="20240326 07:23:00.573"/>
</kw>
<kw name="Sleep" library="BuiltIn">
<arg>2</arg>
<doc>Pauses the test executed for the given time.</doc>
<msg timestamp="20240326 07:23:02.574" level="INFO">Slept 2 seconds</msg>
<status status="PASS" starttime="20240326 07:23:00.573" endtime="20240326 07:23:02.574"/>
</kw>
<kw name="Run Keyword And Return Status" library="BuiltIn">
<var>${click_1}</var>
<arg>Click Element</arg>
<arg>wnd[0]/usr/tabsTRUSTINGT_STRIP/tabpTRUSTINGT_STRIP_FC1</arg>
<doc>Runs the given keyword with given arguments and returns the status as a Boolean value.</doc>
<kw name="Click Element" library="SAP_Tcode_Library">
<arg>wnd[0]/usr/tabsTRUSTINGT_STRIP/tabpTRUSTINGT_STRIP_FC1</arg>
<doc>Performs a single click on a given element. Used only for buttons, tabs and menu items.</doc>
<status status="PASS" starttime="20240326 07:23:02.574" endtime="20240326 07:23:02.821"/>
</kw>
<msg timestamp="20240326 07:23:02.821" level="INFO">${click_1} = True</msg>
<status status="PASS" starttime="20240326 07:23:02.574" endtime="20240326 07:23:02.821"/>
</kw>
<kw name="Run Keyword If" library="BuiltIn">
<arg>not ${click_1}</arg>
<arg>Exit For Loop</arg>
<doc>Runs the given keyword with the given arguments, if ``condition`` is true.</doc>
<status status="PASS" starttime="20240326 07:23:02.821" endtime="20240326 07:23:02.821"/>
</kw>
<kw name="Take Screenshot" library="SAP_Tcode_Library">
<arg>${i}_System_whose_calls_are_trusted_CONFIGURATION.jpg</arg>
<doc>Takes a screenshot, only if 'screenshots on error' has been enabled,
either at import of with keyword `enable screenshots on error`.</doc>
<msg timestamp="20240326 07:23:02.880" level="INFO" html="true">&lt;a href="21_System_whose_calls_are_trusted_CONFIGURATION.jpg"&gt;&lt;img src="21_System_whose_calls_are_trusted_CONFIGURATION.jpg" width="800px"&gt;&lt;/a&gt;</msg>
<status status="PASS" starttime="20240326 07:23:02.821" endtime="20240326 07:23:02.880"/>
</kw>
<kw name="Sleep" library="BuiltIn">
<arg>1</arg>
<doc>Pauses the test executed for the given time.</doc>
<msg timestamp="20240326 07:23:03.880" level="INFO">Slept 1 second</msg>
<status status="PASS" starttime="20240326 07:23:02.880" endtime="20240326 07:23:03.880"/>
</kw>
<kw name="Click Element" library="SAP_Tcode_Library">
<arg>wnd[0]/usr/tabsTRUSTINGT_STRIP/tabpTRUSTINGT_STRIP_FC2</arg>
<doc>Performs a single click on a given element. Used only for buttons, tabs and menu items.</doc>
<status status="PASS" starttime="20240326 07:23:03.880" endtime="20240326 07:23:04.126"/>
</kw>
<kw name="Take Screenshot" library="SAP_Tcode_Library">
<arg>${i}_System_whose_calls_are_trusted_SYSTEM_SETTING.jpg</arg>
<doc>Takes a screenshot, only if 'screenshots on error' has been enabled,
either at import of with keyword `enable screenshots on error`.</doc>
<msg timestamp="20240326 07:23:04.190" level="INFO" html="true">&lt;a href="21_System_whose_calls_are_trusted_SYSTEM_SETTING.jpg"&gt;&lt;img src="21_System_whose_calls_are_trusted_SYSTEM_SETTING.jpg" width="800px"&gt;&lt;/a&gt;</msg>
<status status="PASS" starttime="20240326 07:23:04.126" endtime="20240326 07:23:04.190"/>
</kw>
<kw name="Sleep" library="BuiltIn">
<arg>1</arg>
<doc>Pauses the test executed for the given time.</doc>
<msg timestamp="20240326 07:23:05.190" level="INFO">Slept 1 second</msg>
<status status="PASS" starttime="20240326 07:23:04.190" endtime="20240326 07:23:05.190"/>
</kw>
<kw name="Click Element" library="SAP_Tcode_Library">
<arg>wnd[0]/usr/tabsTRUSTINGT_STRIP/tabpTRUSTINGT_STRIP_FC3</arg>
<doc>Performs a single click on a given element. Used only for buttons, tabs and menu items.</doc>
<status status="PASS" starttime="20240326 07:23:05.190" endtime="20240326 07:23:05.437"/>
</kw>
<kw name="Take Screenshot" library="SAP_Tcode_Library">
<arg>${i}_System_whose_calls_are_trusted_ADMINISTRATION.jpg</arg>
<doc>Takes a screenshot, only if 'screenshots on error' has been enabled,
either at import of with keyword `enable screenshots on error`.</doc>
<msg timestamp="20240326 07:23:05.501" level="INFO" html="true">&lt;a href="21_System_whose_calls_are_trusted_ADMINISTRATION.jpg"&gt;&lt;img src="21_System_whose_calls_are_trusted_ADMINISTRATION.jpg" width="800px"&gt;&lt;/a&gt;</msg>
<status status="PASS" starttime="20240326 07:23:05.437" endtime="20240326 07:23:05.501"/>
</kw>
<kw name="Sleep" library="BuiltIn">
<arg>1</arg>
<doc>Pauses the test executed for the given time.</doc>
<msg timestamp="20240326 07:23:06.501" level="INFO">Slept 1 second</msg>
<status status="PASS" starttime="20240326 07:23:05.501" endtime="20240326 07:23:06.501"/>
</kw>
<kw name="Click Element" library="SAP_Tcode_Library">
<arg>wnd[0]/tbar[0]/btn[3]</arg>
<doc>Performs a single click on a given element. Used only for buttons, tabs and menu items.</doc>
<status status="PASS" starttime="20240326 07:23:06.501" endtime="20240326 07:23:06.796"/>
</kw>
<kw name="Sleep" library="BuiltIn">
<arg>1</arg>
<doc>Pauses the test executed for the given time.</doc>
<msg timestamp="20240326 07:23:07.797" level="INFO">Slept 1 second</msg>
<status status="PASS" starttime="20240326 07:23:06.796" endtime="20240326 07:23:07.797"/>
</kw>
<kw name="Unselect" library="SAP_Tcode_Library">
<arg>wnd[0]/usr/tabsTRUST_STRIP/tabpTRUST_STRIP_FC1/ssubTRUST_STRIP_SCA:RS_RFC_TT_UI:0110/cntlSERVER_CONTAINER/shellcont/shell/shellcont[1]/shell[1]</arg>
<arg>${i}</arg>
<status status="PASS" starttime="20240326 07:23:07.797" endtime="20240326 07:23:07.804"/>
</kw>
<kw name="Sleep" library="BuiltIn">
<arg>1</arg>
<doc>Pauses the test executed for the given time.</doc>
<msg timestamp="20240326 07:23:08.804" level="INFO">Slept 1 second</msg>
<status status="PASS" starttime="20240326 07:23:07.804" endtime="20240326 07:23:08.804"/>
</kw>
<status status="PASS" starttime="20240326 07:22:57.500" endtime="20240326 07:23:08.804"/>
</iter>
<iter>
<var name="${i}">22</var>
<kw name="Run Keyword And Return Status" library="BuiltIn">
<var>${select_only_1}</var>
<arg>Select Only</arg>
<arg>wnd[0]/usr/tabsTRUST_STRIP/tabpTRUST_STRIP_FC1/ssubTRUST_STRIP_SCA:RS_RFC_TT_UI:0110/cntlSERVER_CONTAINER/shellcont/shell/shellcont[1]/shell[1]</arg>
<arg>${i}</arg>
<doc>Runs the given keyword with given arguments and returns the status as a Boolean value.</doc>
<kw name="Select Only" library="SAP_Tcode_Library">
<arg>wnd[0]/usr/tabsTRUST_STRIP/tabpTRUST_STRIP_FC1/ssubTRUST_STRIP_SCA:RS_RFC_TT_UI:0110/cntlSERVER_CONTAINER/shellcont/shell/shellcont[1]/shell[1]</arg>
<arg>${i}</arg>
<msg timestamp="20240326 07:23:08.810" level="FAIL">com_error: (-2147352567, 'Exception occurred.', (0, 'SAP Frontend Server', '', None, 0, -2147352567), None)</msg>
<status status="FAIL" starttime="20240326 07:23:08.804" endtime="20240326 07:23:08.810"/>
</kw>
<msg timestamp="20240326 07:23:08.810" level="INFO">${select_only_1} = False</msg>
<status status="PASS" starttime="20240326 07:23:08.804" endtime="20240326 07:23:08.810"/>
</kw>
<kw name="Sleep" library="BuiltIn">
<arg>1</arg>
<doc>Pauses the test executed for the given time.</doc>
<msg timestamp="20240326 07:23:09.810" level="INFO">Slept 1 second</msg>
<status status="PASS" starttime="20240326 07:23:08.810" endtime="20240326 07:23:09.810"/>
</kw>
<kw name="Run Keyword If" library="BuiltIn">
<arg>not ${select_only_1}</arg>
<arg>Exit For Loop</arg>
<doc>Runs the given keyword with the given arguments, if ``condition`` is true.</doc>
<kw name="Exit For Loop" library="BuiltIn">
<doc>Stops executing the enclosing FOR loop.</doc>
<msg timestamp="20240326 07:23:09.810" level="INFO">Exiting for loop altogether.</msg>
<status status="PASS" starttime="20240326 07:23:09.810" endtime="20240326 07:23:09.810"/>
</kw>
<status status="PASS" starttime="20240326 07:23:09.810" endtime="20240326 07:23:09.810"/>
</kw>
<kw name="Click Toolbar Button" library="SAP_Tcode_Library">
<arg>wnd[0]/usr/tabsTRUST_STRIP/tabpTRUST_STRIP_FC1/ssubTRUST_STRIP_SCA:RS_RFC_TT_UI:0110/cntlSERVER_CONTAINER/shellcont/shell/shellcont[1]/shell[0]</arg>
<arg>DISPLAY</arg>
<doc>Clicks a button of a toolbar within a GridView 'table_id' which is contained within a shell object.
Use the Scripting tracker recorder to find the 'button_id' of the button to click</doc>
<status status="NOT RUN" starttime="20240326 07:23:09.810" endtime="20240326 07:23:09.810"/>
</kw>
<kw name="Sleep" library="BuiltIn">
<arg>2</arg>
<doc>Pauses the test executed for the given time.</doc>
<status status="NOT RUN" starttime="20240326 07:23:09.810" endtime="20240326 07:23:09.810"/>
</kw>
<kw name="Run Keyword And Return Status" library="BuiltIn">
<var>${click_1}</var>
<arg>Click Element</arg>
<arg>wnd[0]/usr/tabsTRUSTINGT_STRIP/tabpTRUSTINGT_STRIP_FC1</arg>
<doc>Runs the given keyword with given arguments and returns the status as a Boolean value.</doc>
<status status="NOT RUN" starttime="20240326 07:23:09.810" endtime="20240326 07:23:09.810"/>
</kw>
<kw name="Run Keyword If" library="BuiltIn">
<arg>not ${click_1}</arg>
<arg>Exit For Loop</arg>
<doc>Runs the given keyword with the given arguments, if ``condition`` is true.</doc>
<status status="NOT RUN" starttime="20240326 07:23:09.810" endtime="20240326 07:23:09.810"/>
</kw>
<kw name="Take Screenshot" library="SAP_Tcode_Library">
<arg>${i}_System_whose_calls_are_trusted_CONFIGURATION.jpg</arg>
<doc>Takes a screenshot, only if 'screenshots on error' has been enabled,
either at import of with keyword `enable screenshots on error`.</doc>
<status status="NOT RUN" starttime="20240326 07:23:09.810" endtime="20240326 07:23:09.810"/>
</kw>
<kw name="Sleep" library="BuiltIn">
<arg>1</arg>
<doc>Pauses the test executed for the given time.</doc>
<status status="NOT RUN" starttime="20240326 07:23:09.810" endtime="20240326 07:23:09.810"/>
</kw>
<kw name="Click Element" library="SAP_Tcode_Library">
<arg>wnd[0]/usr/tabsTRUSTINGT_STRIP/tabpTRUSTINGT_STRIP_FC2</arg>
<doc>Performs a single click on a given element. Used only for buttons, tabs and menu items.</doc>
<status status="NOT RUN" starttime="20240326 07:23:09.810" endtime="20240326 07:23:09.810"/>
</kw>
<kw name="Take Screenshot" library="SAP_Tcode_Library">
<arg>${i}_System_whose_calls_are_trusted_SYSTEM_SETTING.jpg</arg>
<doc>Takes a screenshot, only if 'screenshots on error' has been enabled,
either at import of with keyword `enable screenshots on error`.</doc>
<status status="NOT RUN" starttime="20240326 07:23:09.810" endtime="20240326 07:23:09.810"/>
</kw>
<kw name="Sleep" library="BuiltIn">
<arg>1</arg>
<doc>Pauses the test executed for the given time.</doc>
<status status="NOT RUN" starttime="20240326 07:23:09.810" endtime="20240326 07:23:09.810"/>
</kw>
<kw name="Click Element" library="SAP_Tcode_Library">
<arg>wnd[0]/usr/tabsTRUSTINGT_STRIP/tabpTRUSTINGT_STRIP_FC3</arg>
<doc>Performs a single click on a given element. Used only for buttons, tabs and menu items.</doc>
<status status="NOT RUN" starttime="20240326 07:23:09.810" endtime="20240326 07:23:09.810"/>
</kw>
<kw name="Take Screenshot" library="SAP_Tcode_Library">
<arg>${i}_System_whose_calls_are_trusted_ADMINISTRATION.jpg</arg>
<doc>Takes a screenshot, only if 'screenshots on error' has been enabled,
either at import of with keyword `enable screenshots on error`.</doc>
<status status="NOT RUN" starttime="20240326 07:23:09.810" endtime="20240326 07:23:09.810"/>
</kw>
<kw name="Sleep" library="BuiltIn">
<arg>1</arg>
<doc>Pauses the test executed for the given time.</doc>
<status status="NOT RUN" starttime="20240326 07:23:09.810" endtime="20240326 07:23:09.810"/>
</kw>
<kw name="Click Element" library="SAP_Tcode_Library">
<arg>wnd[0]/tbar[0]/btn[3]</arg>
<doc>Performs a single click on a given element. Used only for buttons, tabs and menu items.</doc>
<status status="NOT RUN" starttime="20240326 07:23:09.810" endtime="20240326 07:23:09.810"/>
</kw>
<kw name="Sleep" library="BuiltIn">
<arg>1</arg>
<doc>Pauses the test executed for the given time.</doc>
<status status="NOT RUN" starttime="20240326 07:23:09.810" endtime="20240326 07:23:09.810"/>
</kw>
<kw name="Unselect" library="SAP_Tcode_Library">
<arg>wnd[0]/usr/tabsTRUST_STRIP/tabpTRUST_STRIP_FC1/ssubTRUST_STRIP_SCA:RS_RFC_TT_UI:0110/cntlSERVER_CONTAINER/shellcont/shell/shellcont[1]/shell[1]</arg>
<arg>${i}</arg>
<status status="NOT RUN" starttime="20240326 07:23:09.810" endtime="20240326 07:23:09.810"/>
</kw>
<kw name="Sleep" library="BuiltIn">
<arg>1</arg>
<doc>Pauses the test executed for the given time.</doc>
<status status="NOT RUN" starttime="20240326 07:23:09.810" endtime="20240326 07:23:09.810"/>
</kw>
<status status="PASS" starttime="20240326 07:23:08.804" endtime="20240326 07:23:09.810"/>
</iter>
<status status="PASS" starttime="20240326 07:19:21.615" endtime="20240326 07:23:09.810"/>
</for>
<status status="PASS" starttime="20240326 07:19:20.272" endtime="20240326 07:23:09.810"/>
</kw>
<tag>Regression</tag>
<tag>SMT1_REFRESH1</tag>
<status status="PASS" starttime="20240326 07:19:20.272" endtime="20240326 07:23:09.810"/>
</test>
<kw name="System Logout" library="SMT1_REFRESH_System_whose_calls_are_trusted" type="TEARDOWN">
<kw name="Run Transaction" library="SAP_Tcode_Library">
<arg>/nex</arg>
<doc>Runs a Sap transaction. An error is given when an unknown transaction is specified.</doc>
<status status="PASS" starttime="20240326 07:23:09.810" endtime="20240326 07:23:10.038"/>
</kw>
<kw name="Sleep" library="BuiltIn">
<arg>5</arg>
<doc>Pauses the test executed for the given time.</doc>
<msg timestamp="20240326 07:23:15.039" level="INFO">Slept 5 seconds</msg>
<status status="PASS" starttime="20240326 07:23:10.038" endtime="20240326 07:23:15.039"/>
</kw>
<kw name="Take Screenshot" library="SAP_Tcode_Library">
<arg>logoutpage.jpg</arg>
<doc>Takes a screenshot, only if 'screenshots on error' has been enabled,
either at import of with keyword `enable screenshots on error`.</doc>
<msg timestamp="20240326 07:23:15.094" level="INFO" html="true">&lt;a href="logoutpage.jpg"&gt;&lt;img src="logoutpage.jpg" width="800px"&gt;&lt;/a&gt;</msg>
<status status="PASS" starttime="20240326 07:23:15.039" endtime="20240326 07:23:15.094"/>
</kw>
<kw name="Sleep" library="BuiltIn">
<arg>10</arg>
<doc>Pauses the test executed for the given time.</doc>
<msg timestamp="20240326 07:23:25.095" level="INFO">Slept 10 seconds</msg>
<status status="PASS" starttime="20240326 07:23:15.094" endtime="20240326 07:23:25.095"/>
</kw>
<status status="PASS" starttime="20240326 07:23:09.810" endtime="20240326 07:23:25.095"/>
</kw>
<status status="PASS" starttime="20240326 07:19:06.185" endtime="20240326 07:23:25.095"/>
</suite>
<doc>Testing functionality through Robot Framework</doc>
<meta name="environment">Dev</meta>
<meta name="test_browser_name">chrome</meta>
<meta name="test_browser_version">123.0.6312.59</meta>
<meta name="test_driver_version">123.0.6312.58 </meta>
<meta name="test_environment">Dev</meta>
<meta name="test_freeze_dependencies">astroid==3.0.3,attrs==23.2.0,beautifulsoup4==4.12.3,bs4==0.0.2,certifi==2024.2.2,cffi==1.16.0,chardet==5.2.0,charset-normalizer==3.3.2,click==8.1.7,colorama==0.4.6,cryptography==42.0.2,defusedxml==0.7.1,dill==0.3.8,docutils==0.20.1,et-xmlfile==1.1.0,exceptiongroup==1.2.0,gitdb==4.0.11,GitPython==3.1.41,h11==0.14.0,idna==3.6,isort==5.13.2,Jinja2==3.1.3,jira==3.6.0,jsonpath-ng==1.6.1,jsonschema==4.21.1,jsonschema-specifications==2023.12.1,lazy-object-proxy==1.10.0,lxml==5.1.0,markdown-it-py==3.0.0,MarkupSafe==2.1.5,mccabe==0.7.0,mdurl==0.1.2,natsort==8.4.0,oauthlib==3.2.2,openpyxl==3.1.2,outcome==1.3.0.post0,packaging==23.2,pathspec==0.11.2,pillow==10.2.0,pip==24.0,platformdirs==4.2.0,ply==3.11,pycparser==2.21,Pygments==2.17.2,pylint==3.0.3,PySocks==1.7.1,PyVirtualDisplay==3.0,pywin32==306,PyYAML==6.0.1,referencing==0.33.0,reportlab==4.1.0,requests==2.31.0,requests-oauthlib==1.3.1,requests-toolbelt==1.0.0,rich==13.7.0,rich-click==1.6.1,robotframework==6.0.2,robotframework-datadriver==1.9.0,robotframework-excellib==2.0.1,robotframework-jsonlibrary==0.5,robotframework-pabot==2.16.0,robotframework-pythonlibcore==4.2.0,robotframework-requests==0.9.2,robotframework-sapguilibrary==1.1,robotframework-seleniumlibrary==5.1.3,robotframework-stacktrace==0.4.1,robotframework-tidy==4.5.0,rpds-py==0.17.1,selenium==4.9.1,setuptools==69.0.3,smmap==5.0.1,sniffio==1.3.0,sortedcontainers==2.4.0,soupsieve==2.5,tomli==2.0.1,tomlkit==0.12.3,trio==0.24.0,trio-websocket==0.11.1,typing_extensions==4.9.0,urllib3==2.2.0,wheel==0.42.0,wrapt==1.16.0,wsproto==1.2.0</meta>
<status status="PASS" starttime="20240326 07:19:02.360" endtime="20240326 07:23:25.531"/>
</suite>
<statistics>
<total>
<stat pass="1" fail="0" skip="0">All Tests</stat>
</total>
<tag>
<stat pass="1" fail="0" skip="0">Regression</stat>
<stat pass="1" fail="0" skip="0">SMT1_REFRESH1</stat>
</tag>
<suite>
<stat pass="1" fail="0" skip="0" id="s1" name="Tests">Tests</stat>
<stat pass="1" fail="0" skip="0" id="s1-s1" name="Test SMT1 REFRESH System whose calls are trusted">Tests.Test SMT1 REFRESH System whose calls are trusted</stat>
</suite>
</statistics>
<errors>
</errors>
</robot>
