<?xml version="1.0" encoding="UTF-8"?>
<robot generator="Robot 6.0.2 (Python 3.12.4 on win32)" generated="20240927 12:17:17.611" rpa="false" schemaversion="3">
<suite id="s1" name="Tests" source="C:\SAP_Testing\SAPtesting\Tests">
<kw name="Setup highest level suite" type="SETUP">
<kw name="Set Variable" library="BuiltIn">
<var>${d.test_server}</var>
<arg>${test_server}</arg>
<doc>Returns the given values which can then be assigned to a variables.</doc>
<msg timestamp="20240927 12:17:18.545" level="INFO">${d.test_server} = Dev</msg>
<status status="PASS" starttime="20240927 12:17:18.545" endtime="20240927 12:17:18.545"/>
</kw>
<kw name="Reset screenshot count variable" library="Support">
<kw name="Set Variable" library="BuiltIn">
<var>${screenshotCount}</var>
<arg>${PABOTQUEUEINDEX}_1</arg>
<doc>Returns the given values which can then be assigned to a variables.</doc>
<msg timestamp="20240927 12:17:18.546" level="INFO">${screenshotCount} = 0_1</msg>
<status status="PASS" starttime="20240927 12:17:18.545" endtime="20240927 12:17:18.546"/>
</kw>
<kw name="Set Global Variable" library="BuiltIn">
<arg>${screenshotCount}</arg>
<doc>Makes a variable available globally in all tests and suites.</doc>
<msg timestamp="20240927 12:17:18.546" level="INFO">${screenshotCount} = 0_1</msg>
<status status="PASS" starttime="20240927 12:17:18.546" endtime="20240927 12:17:18.546"/>
</kw>
<kw name="Set up screenshot directory" library="Support">
<kw name="Create Directory" library="OperatingSystem">
<arg>${OUTPUTDIR}${/}${wvar('screenshot_dir')}</arg>
<doc>Creates the specified directory.</doc>
<msg timestamp="20240927 12:17:18.548" level="INFO">Web.Dev.screenshot_dir: Screenshot</msg>
<msg timestamp="20240927 12:17:18.551" level="INFO" html="true">Created directory '&lt;a href="file://C:\SAP_Testing\SAPtesting\Output\pabot_results\0\Screenshot"&gt;C:\SAP_Testing\SAPtesting\Output\pabot_results\0\Screenshot&lt;/a&gt;'.</msg>
<status status="PASS" starttime="20240927 12:17:18.547" endtime="20240927 12:17:18.551"/>
</kw>
<status status="PASS" starttime="20240927 12:17:18.547" endtime="20240927 12:17:18.551"/>
</kw>
<status status="PASS" starttime="20240927 12:17:18.545" endtime="20240927 12:17:18.551"/>
</kw>
<kw name="Set Global Variable" library="BuiltIn">
<arg>${screenshot_taking}</arg>
<arg>${True}</arg>
<doc>Makes a variable available globally in all tests and suites.</doc>
<msg timestamp="20240927 12:17:18.552" level="INFO">${screenshot_taking} = True</msg>
<status status="PASS" starttime="20240927 12:17:18.551" endtime="20240927 12:17:18.552"/>
</kw>
<kw name="Setup linux execution" library="Support">
<kw name="Run Keyword And Return Status" library="BuiltIn">
<var>${web_test_check}</var>
<arg>Variable Should Exist</arg>
<arg>${web_test}</arg>
<doc>Runs the given keyword with given arguments and returns the status as a Boolean value.</doc>
<kw name="Variable Should Exist" library="BuiltIn">
<arg>${web_test}</arg>
<doc>Fails unless the given variable exists within the current scope.</doc>
<status status="PASS" starttime="20240927 12:17:18.552" endtime="20240927 12:17:18.553"/>
</kw>
<msg timestamp="20240927 12:17:18.553" level="INFO">${web_test_check} = True</msg>
<status status="PASS" starttime="20240927 12:17:18.552" endtime="20240927 12:17:18.553"/>
</kw>
<kw name="Run Keyword If" library="BuiltIn">
<arg>${web_test_check}</arg>
<arg>Setup Docker Execution Options</arg>
<doc>Runs the given keyword with the given arguments, if ``condition`` is true.</doc>
<kw name="Setup Docker Execution Options" library="Support_Web">
<kw name="Setup Suite Metadata" library="Support_Web">
<arg>${browser}</arg>
<kw name="Get Browser Metadata" library="BrowserSupport">
<var>&amp;{browser_information}</var>
<arg>browser=${browser}</arg>
<doc>Fetches browser metadata information
:param browser: Name of the browser for which information is fetched
:param reload: Re-read the metadata based on the browser
:return: Browser metadata information, dict of format
            {"browser_version": browser version value,
             "driver_version": driver version value}</doc>
<msg timestamp="20240927 12:17:21.931" level="INFO">&amp;{browser_information} = { browser_version=129.0.6668.60 | driver_version=128.0.6613.119  }</msg>
<status status="PASS" starttime="20240927 12:17:18.554" endtime="20240927 12:17:21.931"/>
</kw>
<kw name="Set Suite Metadata" library="BuiltIn">
<arg>test_browser_name</arg>
<arg>${browser}</arg>
<doc>Sets metadata for the current test suite.</doc>
<msg timestamp="20240927 12:17:21.932" level="INFO">Set suite metadata 'test_browser_name' to value 'chrome'.</msg>
<status status="PASS" starttime="20240927 12:17:21.931" endtime="20240927 12:17:21.932"/>
</kw>
<kw name="Set Suite Metadata" library="BuiltIn">
<arg>test_browser_version</arg>
<arg>${browser_information.browser_version}</arg>
<doc>Sets metadata for the current test suite.</doc>
<msg timestamp="20240927 12:17:21.933" level="INFO">Set suite metadata 'test_browser_version' to value '129.0.6668.60'.</msg>
<status status="PASS" starttime="20240927 12:17:21.932" endtime="20240927 12:17:21.933"/>
</kw>
<kw name="Set Suite Metadata" library="BuiltIn">
<arg>test_driver_version</arg>
<arg>${browser_information.driver_version}</arg>
<doc>Sets metadata for the current test suite.</doc>
<msg timestamp="20240927 12:17:21.934" level="INFO">Set suite metadata 'test_driver_version' to value '128.0.6613.119 '.</msg>
<status status="PASS" starttime="20240927 12:17:21.933" endtime="20240927 12:17:21.934"/>
</kw>
<status status="PASS" starttime="20240927 12:17:18.554" endtime="20240927 12:17:21.934"/>
</kw>
<kw name="Setup Global Docker Execution Options" library="Support_Web">
<kw name="Set Global Variable" library="BuiltIn">
<arg>${global_browser_options}</arg>
<arg>None</arg>
<doc>Makes a variable available globally in all tests and suites.</doc>
<msg timestamp="20240927 12:17:21.935" level="INFO">${global_browser_options} = None</msg>
<status status="PASS" starttime="20240927 12:17:21.934" endtime="20240927 12:17:21.935"/>
</kw>
<kw name="Get Environment Variable" library="OperatingSystem">
<var>${docker_check}</var>
<arg>EXECUTION_ENVIRONMENT</arg>
<arg>not_found</arg>
<doc>Returns the value of an environment variable with the given name.</doc>
<msg timestamp="20240927 12:17:21.936" level="INFO">${docker_check} = not_found</msg>
<status status="PASS" starttime="20240927 12:17:21.935" endtime="20240927 12:17:21.936"/>
</kw>
<kw name="Run Keyword And Return If" library="BuiltIn">
<arg>"${docker_check}"!="docker"</arg>
<arg>Log</arg>
<arg>Not executing on Docker</arg>
<doc>Runs the specified keyword and returns from the enclosing user keyword.</doc>
<kw name="Log" library="BuiltIn">
<arg>Not executing on Docker</arg>
<doc>Logs the given message with the given level.</doc>
<msg timestamp="20240927 12:17:21.936" level="INFO">Not executing on Docker</msg>
<status status="PASS" starttime="20240927 12:17:21.936" endtime="20240927 12:17:21.937"/>
</kw>
<msg timestamp="20240927 12:17:21.937" level="INFO">Returning from the enclosing user keyword.</msg>
<status status="PASS" starttime="20240927 12:17:21.936" endtime="20240927 12:17:21.937"/>
</kw>
<kw name="Create List" library="BuiltIn">
<var>@{options}</var>
<arg>--headless</arg>
<arg>--no-sandbox</arg>
<arg>--disable-dev-shm-usage</arg>
<doc>Returns a list containing given items.</doc>
<status status="NOT RUN" starttime="20240927 12:17:21.937" endtime="20240927 12:17:21.937"/>
</kw>
<kw name="Set Global Variable" library="BuiltIn">
<arg>@{docker_options}</arg>
<arg>@{options}</arg>
<doc>Makes a variable available globally in all tests and suites.</doc>
<status status="NOT RUN" starttime="20240927 12:17:21.937" endtime="20240927 12:17:21.937"/>
</kw>
<status status="PASS" starttime="20240927 12:17:21.934" endtime="20240927 12:17:21.937"/>
</kw>
<kw name="Create Webdriver for chrome preferences" library="Support_Web">
<kw name="Update Docker Execution Options" library="Support_Web">
<var>${list_prefs}</var>
<arg>${list_prefs}</arg>
<kw name="Run Keyword And Return Status" library="BuiltIn">
<var>${docker_check}</var>
<arg>Variable Should Exist</arg>
<arg>${docker_options}</arg>
<doc>Runs the given keyword with given arguments and returns the status as a Boolean value.</doc>
<kw name="Variable Should Exist" library="BuiltIn">
<arg>${docker_options}</arg>
<doc>Fails unless the given variable exists within the current scope.</doc>
<msg timestamp="20240927 12:17:21.940" level="FAIL">Variable '${docker_options}' does not exist.</msg>
<status status="FAIL" starttime="20240927 12:17:21.938" endtime="20240927 12:17:21.940"/>
</kw>
<msg timestamp="20240927 12:17:21.940" level="INFO">${docker_check} = False</msg>
<status status="PASS" starttime="20240927 12:17:21.938" endtime="20240927 12:17:21.940"/>
</kw>
<kw name="Get Length" library="BuiltIn">
<var>${list_prefs_length}</var>
<arg>${list_prefs}</arg>
<doc>Returns and logs the length of the given item as an integer.</doc>
<msg timestamp="20240927 12:17:21.941" level="INFO">Length is 1</msg>
<msg timestamp="20240927 12:17:21.941" level="INFO">${list_prefs_length} = 1</msg>
<status status="PASS" starttime="20240927 12:17:21.940" endtime="20240927 12:17:21.941"/>
</kw>
<kw name="Run Keyword If" library="BuiltIn">
<var>${list_prefs}</var>
<arg>${docker_check} and ${list_prefs_length}&gt;0 and ${list_prefs}[0] != []</arg>
<arg>Combine Lists</arg>
<arg>${list_prefs}</arg>
<arg>${docker_options}</arg>
<arg>ELSE IF</arg>
<arg>${docker_check}</arg>
<arg>Set Variable</arg>
<arg>${docker_options}</arg>
<arg>ELSE</arg>
<arg>Set Variable</arg>
<arg>${list_prefs}</arg>
<doc>Runs the given keyword with the given arguments, if ``condition`` is true.</doc>
<kw name="Set Variable" library="BuiltIn">
<arg>${list_prefs}</arg>
<doc>Returns the given values which can then be assigned to a variables.</doc>
<status status="PASS" starttime="20240927 12:17:21.941" endtime="20240927 12:17:21.941"/>
</kw>
<msg timestamp="20240927 12:17:21.942" level="INFO">${list_prefs} = [[]]</msg>
<status status="PASS" starttime="20240927 12:17:21.941" endtime="20240927 12:17:21.942"/>
</kw>
<msg timestamp="20240927 12:17:21.942" level="INFO">${list_prefs} = [[]]</msg>
<status status="PASS" starttime="20240927 12:17:21.938" endtime="20240927 12:17:21.942"/>
</kw>
<kw name="Create Chrome Options for download preferences" library="Support_Web">
<var>${chrome_options}</var>
<kw name="Evaluate" library="BuiltIn">
<var>${chrome_options}</var>
<arg>sys.modules['selenium.webdriver'].ChromeOptions()</arg>
<arg>sys</arg>
<doc>Evaluates the given expression in Python and returns the result.</doc>
<msg timestamp="20240927 12:17:21.942" level="INFO">${chrome_options} = &lt;selenium.webdriver.chrome.options.Options object at 0x0000017A1567A6F0&gt;</msg>
<status status="PASS" starttime="20240927 12:17:21.942" endtime="20240927 12:17:21.943"/>
</kw>
<msg timestamp="20240927 12:17:21.943" level="INFO">${chrome_options} = &lt;selenium.webdriver.chrome.options.Options object at 0x0000017A1567A6F0&gt;</msg>
<status status="PASS" starttime="20240927 12:17:21.942" endtime="20240927 12:17:21.943"/>
</kw>
<kw name="Update Preferences List" library="Support_Web">
<arg>${chrome_options}</arg>
<arg>@{list_prefs}</arg>
<kw name="Convert To String" library="BuiltIn">
<var>${string_prefs}</var>
<arg>${list_prefs}</arg>
<doc>Converts the given item to a Unicode string.</doc>
<msg timestamp="20240927 12:17:21.943" level="INFO">${string_prefs} = [[]]</msg>
<status status="PASS" starttime="20240927 12:17:21.943" endtime="20240927 12:17:21.943"/>
</kw>
<kw name="Return From Keyword If" library="BuiltIn">
<arg>${string_prefs} == [[]]</arg>
<doc>Returns from the enclosing user keyword if ``condition`` is true.</doc>
<msg timestamp="20240927 12:17:21.944" level="INFO">Returning from the enclosing user keyword.</msg>
<status status="PASS" starttime="20240927 12:17:21.944" endtime="20240927 12:17:21.944"/>
</kw>
<for flavor="IN">
<var>${preference}</var>
<value>@{list_prefs}</value>
<iter>
<var name="${preference}"/>
<kw name="Call Method" library="BuiltIn">
<arg>${chrome_options}</arg>
<arg>add_argument</arg>
<arg>${preference}</arg>
<doc>Calls the named method of the given object with the provided arguments.</doc>
<status status="NOT RUN" starttime="20240927 12:17:21.944" endtime="20240927 12:17:21.944"/>
</kw>
<status status="NOT RUN" starttime="20240927 12:17:21.944" endtime="20240927 12:17:21.944"/>
</iter>
<status status="NOT RUN" starttime="20240927 12:17:21.944" endtime="20240927 12:17:21.945"/>
</for>
<status status="PASS" starttime="20240927 12:17:21.943" endtime="20240927 12:17:21.945"/>
</kw>
<kw name="Call Method" library="BuiltIn">
<arg>${chrome_options}</arg>
<arg>add_experimental_option</arg>
<arg>prefs</arg>
<arg>${kw_prefs}</arg>
<doc>Calls the named method of the given object with the provided arguments.</doc>
<status status="PASS" starttime="20240927 12:17:21.945" endtime="20240927 12:17:21.945"/>
</kw>
<kw name="Set Global Variable" library="BuiltIn">
<arg>${global_browser_options}</arg>
<arg>${chrome options}</arg>
<doc>Makes a variable available globally in all tests and suites.</doc>
<msg timestamp="20240927 12:17:21.946" level="INFO">${global_browser_options} = &lt;selenium.webdriver.chrome.options.Options object at 0x0000017A1567A6F0&gt;</msg>
<status status="PASS" starttime="20240927 12:17:21.945" endtime="20240927 12:17:21.946"/>
</kw>
<status status="PASS" starttime="20240927 12:17:21.937" endtime="20240927 12:17:21.946"/>
</kw>
<status status="PASS" starttime="20240927 12:17:18.553" endtime="20240927 12:17:21.946"/>
</kw>
<status status="PASS" starttime="20240927 12:17:18.553" endtime="20240927 12:17:21.946"/>
</kw>
<status status="PASS" starttime="20240927 12:17:18.552" endtime="20240927 12:17:21.946"/>
</kw>
<kw name="Set Suite Metadata" library="BuiltIn">
<arg>environment</arg>
<arg>${test_server}</arg>
<doc>Sets metadata for the current test suite.</doc>
<msg timestamp="20240927 12:17:21.946" level="INFO">Set suite metadata 'environment' to value 'Dev'.</msg>
<status status="PASS" starttime="20240927 12:17:21.946" endtime="20240927 12:17:21.947"/>
</kw>
<status status="PASS" starttime="20240927 12:17:18.544" endtime="20240927 12:17:21.947"/>
</kw>
<suite id="s1-s1" name="Test Get License Data" source="C:\SAP_Testing\SAPtesting\Tests\Test_Get_License_Data.robot">
<kw name="System Logon" library="License_renewal" type="SETUP">
<kw name="Start Process" library="Process">
<arg>${symvar('SAP_SERVER')}</arg>
<doc>Starts a new process on background.</doc>
<msg timestamp="20240927 12:17:22.627" level="INFO">Sym.Dev.SAP_SERVER: C:\Program Files (x86)\SAP\FrontEnd\SAPGUI\saplogon.exe</msg>
<msg timestamp="20240927 12:17:22.628" level="INFO">Starting process:
"C:\Program Files (x86)\SAP\FrontEnd\SAPGUI\saplogon.exe"</msg>
<status status="PASS" starttime="20240927 12:17:22.627" endtime="20240927 12:17:22.631"/>
</kw>
<kw name="Connect To Session" library="SAP_Tcode_Library">
<doc>Connects to an open session SAP.</doc>
<status status="PASS" starttime="20240927 12:17:22.631" endtime="20240927 12:17:22.661"/>
</kw>
<kw name="Open Connection" library="SAP_Tcode_Library">
<arg>${symvar('license_connection')}</arg>
<doc>Opens a connection to the given connection name. Be sure to provide the full connection name, including the bracket part.</doc>
<msg timestamp="20240927 12:17:22.662" level="INFO">Sym.Dev.license_connection: DEV</msg>
<status status="PASS" starttime="20240927 12:17:22.661" endtime="20240927 12:17:23.563"/>
</kw>
<kw name="Input Text" library="SAP_Tcode_Library">
<arg>wnd[0]/usr/txtRSYST-MANDT</arg>
<arg>${symvar('license_client')}</arg>
<doc>Inserts the given text into the text field identified by locator.
Use keyword `input password` to insert a password in a text field.</doc>
<msg timestamp="20240927 12:17:23.565" level="INFO">Sym.Dev.license_client: 001</msg>
<msg timestamp="20240927 12:17:23.713" level="INFO">Typing text '001' into text field 'wnd[0]/usr/txtRSYST-MANDT'.</msg>
<status status="PASS" starttime="20240927 12:17:23.564" endtime="20240927 12:17:23.713"/>
</kw>
<kw name="Input Text" library="SAP_Tcode_Library">
<arg>wnd[0]/usr/txtRSYST-BNAME</arg>
<arg>${symvar('license_user')}</arg>
<doc>Inserts the given text into the text field identified by locator.
Use keyword `input password` to insert a password in a text field.</doc>
<msg timestamp="20240927 12:17:23.715" level="INFO">Sym.Dev.license_user: ramyap</msg>
<msg timestamp="20240927 12:17:23.729" level="INFO">Typing text 'ramyap' into text field 'wnd[0]/usr/txtRSYST-BNAME'.</msg>
<status status="PASS" starttime="20240927 12:17:23.714" endtime="20240927 12:17:23.730"/>
</kw>
<kw name="Input Password" library="SAP_Tcode_Library">
<arg>wnd[0]/usr/pwdRSYST-BCODE</arg>
<arg>${symvar('sap_pass')}</arg>
<doc>Inserts the given password into the text field identified by locator.
The password is not recorded in the log.</doc>
<msg timestamp="20240927 12:17:23.731" level="INFO">Sym.Dev.sap_pass: Test@12345</msg>
<msg timestamp="20240927 12:17:23.742" level="INFO">Typing password into text field 'wnd[0]/usr/pwdRSYST-BCODE'.</msg>
<status status="PASS" starttime="20240927 12:17:23.730" endtime="20240927 12:17:23.742"/>
</kw>
<kw name="Send Vkey" library="SAP_Tcode_Library">
<arg>0</arg>
<doc>Sends a SAP virtual key combination to the window, not into an element.
If you want to send a value to a text field, use `input text` instead.</doc>
<status status="PASS" starttime="20240927 12:17:23.742" endtime="20240927 12:17:24.257"/>
</kw>
<kw name="Multiple Logon Handling" library="SAP_Tcode_Library">
<arg>wnd[1]</arg>
<arg>wnd[1]/usr/radMULTI_LOGON_OPT2</arg>
<arg>wnd[1]/tbar[0]/btn[0]</arg>
<status status="PASS" starttime="20240927 12:17:24.257" endtime="20240927 12:17:24.352"/>
</kw>
<status status="PASS" starttime="20240927 12:17:22.626" endtime="20240927 12:17:24.352"/>
</kw>
<test id="s1-s1-t1" name="Get data for license renewal" line="8">
<kw name="Get License Data" library="License_renewal">
<kw name="Run Transaction" library="SAP_Tcode_Library">
<arg>/nslicense</arg>
<doc>Runs a Sap transaction. An error is given when an unknown transaction is specified.</doc>
<status status="PASS" starttime="20240927 12:17:24.353" endtime="20240927 12:17:24.721"/>
</kw>
<kw name="Get Value" library="SAP_Tcode_Library">
<var>${hardware_key}</var>
<arg>wnd[0]/usr/txtCUSTKEY</arg>
<doc>Gets the value of the given element. The possible return values depend on the type of element (see Return values).</doc>
<msg timestamp="20240927 12:17:24.760" level="INFO">${hardware_key} = X1975510430</msg>
<status status="PASS" starttime="20240927 12:17:24.722" endtime="20240927 12:17:24.760"/>
</kw>
<kw name="Get Value" library="SAP_Tcode_Library">
<var>${installation_no}</var>
<arg>wnd[0]/usr/txtINSTNR</arg>
<doc>Gets the value of the given element. The possible return values depend on the type of element (see Return values).</doc>
<msg timestamp="20240927 12:17:24.787" level="INFO">${installation_no} = 0021053529</msg>
<status status="PASS" starttime="20240927 12:17:24.760" endtime="20240927 12:17:24.787"/>
</kw>
<kw name="Get Value" library="SAP_Tcode_Library">
<var>${system_no}</var>
<arg>wnd[0]/usr/txtSYSTEMID</arg>
<doc>Gets the value of the given element. The possible return values depend on the type of element (see Return values).</doc>
<msg timestamp="20240927 12:17:24.815" level="INFO">${system_no} = 000000000800379479</msg>
<status status="PASS" starttime="20240927 12:17:24.787" endtime="20240927 12:17:24.815"/>
</kw>
<kw name="Get Row Count" library="SAP_Tcode_Library">
<var>${rows}</var>
<arg>wnd[0]/usr/tabsTABSTRIP_1000/tabpLOCAL_LIKEYS/ssubACTIVE_TAB:SAPMSLIC:3020/tblSAPMSLICLIKEYLIST_CONTROL</arg>
<doc>Returns the number of rows found in the specified table.</doc>
<msg timestamp="20240927 12:17:24.820" level="INFO">${rows} = 13</msg>
<status status="PASS" starttime="20240927 12:17:24.815" endtime="20240927 12:17:24.820"/>
</kw>
<for flavor="IN RANGE">
<var>${row}</var>
<value>0</value>
<value>${rows}</value>
<iter>
<var name="${row}">0</var>
<kw name="Get Value" library="SAP_Tcode_Library">
<var>${key}</var>
<arg>wnd[0]/usr/tabsTABSTRIP_1000/tabpLOCAL_LIKEYS/ssubACTIVE_TAB:SAPMSLIC:3020/tblSAPMSLICLIKEYLIST_CONTROL/txtLIKEY_TABLE-HWKEY[2,${row}]</arg>
<doc>Gets the value of the given element. The possible return values depend on the type of element (see Return values).</doc>
<msg timestamp="20240927 12:17:24.852" level="INFO">${key} = A0626402504</msg>
<status status="PASS" starttime="20240927 12:17:24.821" endtime="20240927 12:17:24.852"/>
</kw>
<kw name="Exit For Loop If" library="BuiltIn">
<arg>'${key}' == '___________'</arg>
<doc>Stops executing the enclosing FOR loop if the ``condition`` is true.</doc>
<status status="PASS" starttime="20240927 12:17:24.853" endtime="20240927 12:17:24.853"/>
</kw>
<if>
<branch type="IF" condition="'${key}' == '${hardware_key}'">
<kw name="Get License Product" library="SAP_Tcode_Library">
<var>${product}</var>
<arg>wnd[0]/usr/tabsTABSTRIP_1000/tabpLOCAL_LIKEYS/ssubACTIVE_TAB:SAPMSLIC:3020/tblSAPMSLICLIKEYLIST_CONTROL/txtLIKEY_TABLE-SW_PRODUCT[3,${row}]</arg>
<status status="NOT RUN" starttime="20240927 12:17:24.853" endtime="20240927 12:17:24.854"/>
</kw>
<if>
<branch type="IF" condition="'${product}' == 'Maintenance'">
<kw name="Get Value" library="SAP_Tcode_Library">
<var>${maintenance_expiry_date}</var>
<arg>wnd[0]/usr/tabsTABSTRIP_1000/tabpLOCAL_LIKEYS/ssubACTIVE_TAB:SAPMSLIC:3020/tblSAPMSLICLIKEYLIST_CONTROL/txtLIKEY_TABLE-END_DATE[6,${row}]</arg>
<doc>Gets the value of the given element. The possible return values depend on the type of element (see Return values).</doc>
<status status="NOT RUN" starttime="20240927 12:17:24.854" endtime="20240927 12:17:24.854"/>
</kw>
<kw name="Calculate Date Difference" library="SAP_Tcode_Library">
<var>${maintenance_exp}</var>
<arg>${maintenance_expiry_date}</arg>
<status status="NOT RUN" starttime="20240927 12:17:24.854" endtime="20240927 12:17:24.854"/>
</kw>
<kw name="Log To Console" library="BuiltIn">
<arg>maintenance expiry: ${maintenance_exp}</arg>
<doc>Logs the given message to the console.</doc>
<status status="NOT RUN" starttime="20240927 12:17:24.854" endtime="20240927 12:17:24.854"/>
</kw>
<status status="NOT RUN" starttime="20240927 12:17:24.854" endtime="20240927 12:17:24.854"/>
</branch>
<branch type="ELSE IF" condition="'${product}' == 'NetWeaver'">
<kw name="Get Value" library="SAP_Tcode_Library">
<var>${NW_expiry_date}</var>
<arg>wnd[0]/usr/tabsTABSTRIP_1000/tabpLOCAL_LIKEYS/ssubACTIVE_TAB:SAPMSLIC:3020/tblSAPMSLICLIKEYLIST_CONTROL/txtLIKEY_TABLE-END_DATE[6,${row}]</arg>
<doc>Gets the value of the given element. The possible return values depend on the type of element (see Return values).</doc>
<status status="NOT RUN" starttime="20240927 12:17:24.855" endtime="20240927 12:17:24.855"/>
</kw>
<kw name="Calculate Date Difference" library="SAP_Tcode_Library">
<var>${NW_exp}</var>
<arg>${NW_expiry_date}</arg>
<status status="NOT RUN" starttime="20240927 12:17:24.855" endtime="20240927 12:17:24.855"/>
</kw>
<kw name="Log To Console" library="BuiltIn">
<arg>NW expiry: ${NW_exp}</arg>
<doc>Logs the given message to the console.</doc>
<status status="NOT RUN" starttime="20240927 12:17:24.855" endtime="20240927 12:17:24.855"/>
</kw>
<status status="NOT RUN" starttime="20240927 12:17:24.855" endtime="20240927 12:17:24.855"/>
</branch>
<status status="NOT RUN" starttime="20240927 12:17:24.854" endtime="20240927 12:17:24.855"/>
</if>
<status status="NOT RUN" starttime="20240927 12:17:24.853" endtime="20240927 12:17:24.855"/>
</branch>
<branch type="ELSE">
<kw name="Log" library="BuiltIn">
<arg>${key} is not active</arg>
<doc>Logs the given message with the given level.</doc>
<msg timestamp="20240927 12:17:24.856" level="INFO">A0626402504 is not active</msg>
<status status="PASS" starttime="20240927 12:17:24.856" endtime="20240927 12:17:24.856"/>
</kw>
<status status="PASS" starttime="20240927 12:17:24.855" endtime="20240927 12:17:24.856"/>
</branch>
<status status="PASS" starttime="20240927 12:17:24.853" endtime="20240927 12:17:24.856"/>
</if>
<status status="PASS" starttime="20240927 12:17:24.821" endtime="20240927 12:17:24.856"/>
</iter>
<iter>
<var name="${row}">1</var>
<kw name="Get Value" library="SAP_Tcode_Library">
<var>${key}</var>
<arg>wnd[0]/usr/tabsTABSTRIP_1000/tabpLOCAL_LIKEYS/ssubACTIVE_TAB:SAPMSLIC:3020/tblSAPMSLICLIKEYLIST_CONTROL/txtLIKEY_TABLE-HWKEY[2,${row}]</arg>
<doc>Gets the value of the given element. The possible return values depend on the type of element (see Return values).</doc>
<msg timestamp="20240927 12:17:24.906" level="INFO">${key} = A0626402504</msg>
<status status="PASS" starttime="20240927 12:17:24.856" endtime="20240927 12:17:24.906"/>
</kw>
<kw name="Exit For Loop If" library="BuiltIn">
<arg>'${key}' == '___________'</arg>
<doc>Stops executing the enclosing FOR loop if the ``condition`` is true.</doc>
<status status="PASS" starttime="20240927 12:17:24.906" endtime="20240927 12:17:24.907"/>
</kw>
<if>
<branch type="IF" condition="'${key}' == '${hardware_key}'">
<kw name="Get License Product" library="SAP_Tcode_Library">
<var>${product}</var>
<arg>wnd[0]/usr/tabsTABSTRIP_1000/tabpLOCAL_LIKEYS/ssubACTIVE_TAB:SAPMSLIC:3020/tblSAPMSLICLIKEYLIST_CONTROL/txtLIKEY_TABLE-SW_PRODUCT[3,${row}]</arg>
<status status="NOT RUN" starttime="20240927 12:17:24.907" endtime="20240927 12:17:24.907"/>
</kw>
<if>
<branch type="IF" condition="'${product}' == 'Maintenance'">
<kw name="Get Value" library="SAP_Tcode_Library">
<var>${maintenance_expiry_date}</var>
<arg>wnd[0]/usr/tabsTABSTRIP_1000/tabpLOCAL_LIKEYS/ssubACTIVE_TAB:SAPMSLIC:3020/tblSAPMSLICLIKEYLIST_CONTROL/txtLIKEY_TABLE-END_DATE[6,${row}]</arg>
<doc>Gets the value of the given element. The possible return values depend on the type of element (see Return values).</doc>
<status status="NOT RUN" starttime="20240927 12:17:24.908" endtime="20240927 12:17:24.908"/>
</kw>
<kw name="Calculate Date Difference" library="SAP_Tcode_Library">
<var>${maintenance_exp}</var>
<arg>${maintenance_expiry_date}</arg>
<status status="NOT RUN" starttime="20240927 12:17:24.908" endtime="20240927 12:17:24.908"/>
</kw>
<kw name="Log To Console" library="BuiltIn">
<arg>maintenance expiry: ${maintenance_exp}</arg>
<doc>Logs the given message to the console.</doc>
<status status="NOT RUN" starttime="20240927 12:17:24.908" endtime="20240927 12:17:24.908"/>
</kw>
<status status="NOT RUN" starttime="20240927 12:17:24.907" endtime="20240927 12:17:24.908"/>
</branch>
<branch type="ELSE IF" condition="'${product}' == 'NetWeaver'">
<kw name="Get Value" library="SAP_Tcode_Library">
<var>${NW_expiry_date}</var>
<arg>wnd[0]/usr/tabsTABSTRIP_1000/tabpLOCAL_LIKEYS/ssubACTIVE_TAB:SAPMSLIC:3020/tblSAPMSLICLIKEYLIST_CONTROL/txtLIKEY_TABLE-END_DATE[6,${row}]</arg>
<doc>Gets the value of the given element. The possible return values depend on the type of element (see Return values).</doc>
<status status="NOT RUN" starttime="20240927 12:17:24.908" endtime="20240927 12:17:24.908"/>
</kw>
<kw name="Calculate Date Difference" library="SAP_Tcode_Library">
<var>${NW_exp}</var>
<arg>${NW_expiry_date}</arg>
<status status="NOT RUN" starttime="20240927 12:17:24.908" endtime="20240927 12:17:24.909"/>
</kw>
<kw name="Log To Console" library="BuiltIn">
<arg>NW expiry: ${NW_exp}</arg>
<doc>Logs the given message to the console.</doc>
<status status="NOT RUN" starttime="20240927 12:17:24.909" endtime="20240927 12:17:24.909"/>
</kw>
<status status="NOT RUN" starttime="20240927 12:17:24.908" endtime="20240927 12:17:24.909"/>
</branch>
<status status="NOT RUN" starttime="20240927 12:17:24.907" endtime="20240927 12:17:24.909"/>
</if>
<status status="NOT RUN" starttime="20240927 12:17:24.907" endtime="20240927 12:17:24.909"/>
</branch>
<branch type="ELSE">
<kw name="Log" library="BuiltIn">
<arg>${key} is not active</arg>
<doc>Logs the given message with the given level.</doc>
<msg timestamp="20240927 12:17:24.909" level="INFO">A0626402504 is not active</msg>
<status status="PASS" starttime="20240927 12:17:24.909" endtime="20240927 12:17:24.909"/>
</kw>
<status status="PASS" starttime="20240927 12:17:24.909" endtime="20240927 12:17:24.909"/>
</branch>
<status status="PASS" starttime="20240927 12:17:24.907" endtime="20240927 12:17:24.910"/>
</if>
<status status="PASS" starttime="20240927 12:17:24.856" endtime="20240927 12:17:24.910"/>
</iter>
<iter>
<var name="${row}">2</var>
<kw name="Get Value" library="SAP_Tcode_Library">
<var>${key}</var>
<arg>wnd[0]/usr/tabsTABSTRIP_1000/tabpLOCAL_LIKEYS/ssubACTIVE_TAB:SAPMSLIC:3020/tblSAPMSLICLIKEYLIST_CONTROL/txtLIKEY_TABLE-HWKEY[2,${row}]</arg>
<doc>Gets the value of the given element. The possible return values depend on the type of element (see Return values).</doc>
<msg timestamp="20240927 12:17:24.943" level="INFO">${key} = L0564137039</msg>
<status status="PASS" starttime="20240927 12:17:24.910" endtime="20240927 12:17:24.943"/>
</kw>
<kw name="Exit For Loop If" library="BuiltIn">
<arg>'${key}' == '___________'</arg>
<doc>Stops executing the enclosing FOR loop if the ``condition`` is true.</doc>
<status status="PASS" starttime="20240927 12:17:24.943" endtime="20240927 12:17:24.943"/>
</kw>
<if>
<branch type="IF" condition="'${key}' == '${hardware_key}'">
<kw name="Get License Product" library="SAP_Tcode_Library">
<var>${product}</var>
<arg>wnd[0]/usr/tabsTABSTRIP_1000/tabpLOCAL_LIKEYS/ssubACTIVE_TAB:SAPMSLIC:3020/tblSAPMSLICLIKEYLIST_CONTROL/txtLIKEY_TABLE-SW_PRODUCT[3,${row}]</arg>
<status status="NOT RUN" starttime="20240927 12:17:24.944" endtime="20240927 12:17:24.944"/>
</kw>
<if>
<branch type="IF" condition="'${product}' == 'Maintenance'">
<kw name="Get Value" library="SAP_Tcode_Library">
<var>${maintenance_expiry_date}</var>
<arg>wnd[0]/usr/tabsTABSTRIP_1000/tabpLOCAL_LIKEYS/ssubACTIVE_TAB:SAPMSLIC:3020/tblSAPMSLICLIKEYLIST_CONTROL/txtLIKEY_TABLE-END_DATE[6,${row}]</arg>
<doc>Gets the value of the given element. The possible return values depend on the type of element (see Return values).</doc>
<status status="NOT RUN" starttime="20240927 12:17:24.944" endtime="20240927 12:17:24.944"/>
</kw>
<kw name="Calculate Date Difference" library="SAP_Tcode_Library">
<var>${maintenance_exp}</var>
<arg>${maintenance_expiry_date}</arg>
<status status="NOT RUN" starttime="20240927 12:17:24.944" endtime="20240927 12:17:24.944"/>
</kw>
<kw name="Log To Console" library="BuiltIn">
<arg>maintenance expiry: ${maintenance_exp}</arg>
<doc>Logs the given message to the console.</doc>
<status status="NOT RUN" starttime="20240927 12:17:24.944" endtime="20240927 12:17:24.944"/>
</kw>
<status status="NOT RUN" starttime="20240927 12:17:24.944" endtime="20240927 12:17:24.944"/>
</branch>
<branch type="ELSE IF" condition="'${product}' == 'NetWeaver'">
<kw name="Get Value" library="SAP_Tcode_Library">
<var>${NW_expiry_date}</var>
<arg>wnd[0]/usr/tabsTABSTRIP_1000/tabpLOCAL_LIKEYS/ssubACTIVE_TAB:SAPMSLIC:3020/tblSAPMSLICLIKEYLIST_CONTROL/txtLIKEY_TABLE-END_DATE[6,${row}]</arg>
<doc>Gets the value of the given element. The possible return values depend on the type of element (see Return values).</doc>
<status status="NOT RUN" starttime="20240927 12:17:24.945" endtime="20240927 12:17:24.945"/>
</kw>
<kw name="Calculate Date Difference" library="SAP_Tcode_Library">
<var>${NW_exp}</var>
<arg>${NW_expiry_date}</arg>
<status status="NOT RUN" starttime="20240927 12:17:24.945" endtime="20240927 12:17:24.945"/>
</kw>
<kw name="Log To Console" library="BuiltIn">
<arg>NW expiry: ${NW_exp}</arg>
<doc>Logs the given message to the console.</doc>
<status status="NOT RUN" starttime="20240927 12:17:24.945" endtime="20240927 12:17:24.945"/>
</kw>
<status status="NOT RUN" starttime="20240927 12:17:24.945" endtime="20240927 12:17:24.945"/>
</branch>
<status status="NOT RUN" starttime="20240927 12:17:24.944" endtime="20240927 12:17:24.945"/>
</if>
<status status="NOT RUN" starttime="20240927 12:17:24.943" endtime="20240927 12:17:24.945"/>
</branch>
<branch type="ELSE">
<kw name="Log" library="BuiltIn">
<arg>${key} is not active</arg>
<doc>Logs the given message with the given level.</doc>
<msg timestamp="20240927 12:17:24.946" level="INFO">L0564137039 is not active</msg>
<status status="PASS" starttime="20240927 12:17:24.946" endtime="20240927 12:17:24.946"/>
</kw>
<status status="PASS" starttime="20240927 12:17:24.946" endtime="20240927 12:17:24.946"/>
</branch>
<status status="PASS" starttime="20240927 12:17:24.943" endtime="20240927 12:17:24.946"/>
</if>
<status status="PASS" starttime="20240927 12:17:24.910" endtime="20240927 12:17:24.946"/>
</iter>
<iter>
<var name="${row}">3</var>
<kw name="Get Value" library="SAP_Tcode_Library">
<var>${key}</var>
<arg>wnd[0]/usr/tabsTABSTRIP_1000/tabpLOCAL_LIKEYS/ssubACTIVE_TAB:SAPMSLIC:3020/tblSAPMSLICLIKEYLIST_CONTROL/txtLIKEY_TABLE-HWKEY[2,${row}]</arg>
<doc>Gets the value of the given element. The possible return values depend on the type of element (see Return values).</doc>
<msg timestamp="20240927 12:17:24.979" level="INFO">${key} = L0564137039</msg>
<status status="PASS" starttime="20240927 12:17:24.946" endtime="20240927 12:17:24.979"/>
</kw>
<kw name="Exit For Loop If" library="BuiltIn">
<arg>'${key}' == '___________'</arg>
<doc>Stops executing the enclosing FOR loop if the ``condition`` is true.</doc>
<status status="PASS" starttime="20240927 12:17:24.979" endtime="20240927 12:17:24.980"/>
</kw>
<if>
<branch type="IF" condition="'${key}' == '${hardware_key}'">
<kw name="Get License Product" library="SAP_Tcode_Library">
<var>${product}</var>
<arg>wnd[0]/usr/tabsTABSTRIP_1000/tabpLOCAL_LIKEYS/ssubACTIVE_TAB:SAPMSLIC:3020/tblSAPMSLICLIKEYLIST_CONTROL/txtLIKEY_TABLE-SW_PRODUCT[3,${row}]</arg>
<status status="NOT RUN" starttime="20240927 12:17:24.980" endtime="20240927 12:17:24.980"/>
</kw>
<if>
<branch type="IF" condition="'${product}' == 'Maintenance'">
<kw name="Get Value" library="SAP_Tcode_Library">
<var>${maintenance_expiry_date}</var>
<arg>wnd[0]/usr/tabsTABSTRIP_1000/tabpLOCAL_LIKEYS/ssubACTIVE_TAB:SAPMSLIC:3020/tblSAPMSLICLIKEYLIST_CONTROL/txtLIKEY_TABLE-END_DATE[6,${row}]</arg>
<doc>Gets the value of the given element. The possible return values depend on the type of element (see Return values).</doc>
<status status="NOT RUN" starttime="20240927 12:17:24.981" endtime="20240927 12:17:24.981"/>
</kw>
<kw name="Calculate Date Difference" library="SAP_Tcode_Library">
<var>${maintenance_exp}</var>
<arg>${maintenance_expiry_date}</arg>
<status status="NOT RUN" starttime="20240927 12:17:24.981" endtime="20240927 12:17:24.981"/>
</kw>
<kw name="Log To Console" library="BuiltIn">
<arg>maintenance expiry: ${maintenance_exp}</arg>
<doc>Logs the given message to the console.</doc>
<status status="NOT RUN" starttime="20240927 12:17:24.981" endtime="20240927 12:17:24.981"/>
</kw>
<status status="NOT RUN" starttime="20240927 12:17:24.980" endtime="20240927 12:17:24.981"/>
</branch>
<branch type="ELSE IF" condition="'${product}' == 'NetWeaver'">
<kw name="Get Value" library="SAP_Tcode_Library">
<var>${NW_expiry_date}</var>
<arg>wnd[0]/usr/tabsTABSTRIP_1000/tabpLOCAL_LIKEYS/ssubACTIVE_TAB:SAPMSLIC:3020/tblSAPMSLICLIKEYLIST_CONTROL/txtLIKEY_TABLE-END_DATE[6,${row}]</arg>
<doc>Gets the value of the given element. The possible return values depend on the type of element (see Return values).</doc>
<status status="NOT RUN" starttime="20240927 12:17:24.981" endtime="20240927 12:17:24.981"/>
</kw>
<kw name="Calculate Date Difference" library="SAP_Tcode_Library">
<var>${NW_exp}</var>
<arg>${NW_expiry_date}</arg>
<status status="NOT RUN" starttime="20240927 12:17:24.982" endtime="20240927 12:17:24.982"/>
</kw>
<kw name="Log To Console" library="BuiltIn">
<arg>NW expiry: ${NW_exp}</arg>
<doc>Logs the given message to the console.</doc>
<status status="NOT RUN" starttime="20240927 12:17:24.982" endtime="20240927 12:17:24.982"/>
</kw>
<status status="NOT RUN" starttime="20240927 12:17:24.981" endtime="20240927 12:17:24.982"/>
</branch>
<status status="NOT RUN" starttime="20240927 12:17:24.980" endtime="20240927 12:17:24.982"/>
</if>
<status status="NOT RUN" starttime="20240927 12:17:24.980" endtime="20240927 12:17:24.982"/>
</branch>
<branch type="ELSE">
<kw name="Log" library="BuiltIn">
<arg>${key} is not active</arg>
<doc>Logs the given message with the given level.</doc>
<msg timestamp="20240927 12:17:24.982" level="INFO">L0564137039 is not active</msg>
<status status="PASS" starttime="20240927 12:17:24.982" endtime="20240927 12:17:24.982"/>
</kw>
<status status="PASS" starttime="20240927 12:17:24.982" endtime="20240927 12:17:24.983"/>
</branch>
<status status="PASS" starttime="20240927 12:17:24.980" endtime="20240927 12:17:24.983"/>
</if>
<status status="PASS" starttime="20240927 12:17:24.946" endtime="20240927 12:17:24.983"/>
</iter>
<iter>
<var name="${row}">4</var>
<kw name="Get Value" library="SAP_Tcode_Library">
<var>${key}</var>
<arg>wnd[0]/usr/tabsTABSTRIP_1000/tabpLOCAL_LIKEYS/ssubACTIVE_TAB:SAPMSLIC:3020/tblSAPMSLICLIKEYLIST_CONTROL/txtLIKEY_TABLE-HWKEY[2,${row}]</arg>
<doc>Gets the value of the given element. The possible return values depend on the type of element (see Return values).</doc>
<msg timestamp="20240927 12:17:25.013" level="INFO">${key} = X1975510430</msg>
<status status="PASS" starttime="20240927 12:17:24.983" endtime="20240927 12:17:25.013"/>
</kw>
<kw name="Exit For Loop If" library="BuiltIn">
<arg>'${key}' == '___________'</arg>
<doc>Stops executing the enclosing FOR loop if the ``condition`` is true.</doc>
<status status="PASS" starttime="20240927 12:17:25.013" endtime="20240927 12:17:25.013"/>
</kw>
<if>
<branch type="IF" condition="'${key}' == '${hardware_key}'">
<kw name="Get License Product" library="SAP_Tcode_Library">
<var>${product}</var>
<arg>wnd[0]/usr/tabsTABSTRIP_1000/tabpLOCAL_LIKEYS/ssubACTIVE_TAB:SAPMSLIC:3020/tblSAPMSLICLIKEYLIST_CONTROL/txtLIKEY_TABLE-SW_PRODUCT[3,${row}]</arg>
<msg timestamp="20240927 12:17:25.026" level="INFO">${product} = Maintenance</msg>
<status status="PASS" starttime="20240927 12:17:25.013" endtime="20240927 12:17:25.026"/>
</kw>
<if>
<branch type="IF" condition="'${product}' == 'Maintenance'">
<kw name="Get Value" library="SAP_Tcode_Library">
<var>${maintenance_expiry_date}</var>
<arg>wnd[0]/usr/tabsTABSTRIP_1000/tabpLOCAL_LIKEYS/ssubACTIVE_TAB:SAPMSLIC:3020/tblSAPMSLICLIKEYLIST_CONTROL/txtLIKEY_TABLE-END_DATE[6,${row}]</arg>
<doc>Gets the value of the given element. The possible return values depend on the type of element (see Return values).</doc>
<msg timestamp="20240927 12:17:25.068" level="INFO">${maintenance_expiry_date} = 06.10.2021</msg>
<status status="PASS" starttime="20240927 12:17:25.026" endtime="20240927 12:17:25.068"/>
</kw>
<kw name="Calculate Date Difference" library="SAP_Tcode_Library">
<var>${maintenance_exp}</var>
<arg>${maintenance_expiry_date}</arg>
<msg timestamp="20240927 12:17:25.069" level="INFO">${maintenance_exp} = -1087</msg>
<status status="PASS" starttime="20240927 12:17:25.068" endtime="20240927 12:17:25.069"/>
</kw>
<kw name="Log To Console" library="BuiltIn">
<arg>maintenance expiry: ${maintenance_exp}</arg>
<doc>Logs the given message to the console.</doc>
<status status="PASS" starttime="20240927 12:17:25.069" endtime="20240927 12:17:25.069"/>
</kw>
<status status="PASS" starttime="20240927 12:17:25.026" endtime="20240927 12:17:25.070"/>
</branch>
<branch type="ELSE IF" condition="'${product}' == 'NetWeaver'">
<kw name="Get Value" library="SAP_Tcode_Library">
<var>${NW_expiry_date}</var>
<arg>wnd[0]/usr/tabsTABSTRIP_1000/tabpLOCAL_LIKEYS/ssubACTIVE_TAB:SAPMSLIC:3020/tblSAPMSLICLIKEYLIST_CONTROL/txtLIKEY_TABLE-END_DATE[6,${row}]</arg>
<doc>Gets the value of the given element. The possible return values depend on the type of element (see Return values).</doc>
<status status="NOT RUN" starttime="20240927 12:17:25.070" endtime="20240927 12:17:25.070"/>
</kw>
<kw name="Calculate Date Difference" library="SAP_Tcode_Library">
<var>${NW_exp}</var>
<arg>${NW_expiry_date}</arg>
<status status="NOT RUN" starttime="20240927 12:17:25.070" endtime="20240927 12:17:25.070"/>
</kw>
<kw name="Log To Console" library="BuiltIn">
<arg>NW expiry: ${NW_exp}</arg>
<doc>Logs the given message to the console.</doc>
<status status="NOT RUN" starttime="20240927 12:17:25.070" endtime="20240927 12:17:25.070"/>
</kw>
<status status="NOT RUN" starttime="20240927 12:17:25.070" endtime="20240927 12:17:25.070"/>
</branch>
<status status="PASS" starttime="20240927 12:17:25.026" endtime="20240927 12:17:25.071"/>
</if>
<status status="PASS" starttime="20240927 12:17:25.013" endtime="20240927 12:17:25.071"/>
</branch>
<branch type="ELSE">
<kw name="Log" library="BuiltIn">
<arg>${key} is not active</arg>
<doc>Logs the given message with the given level.</doc>
<status status="NOT RUN" starttime="20240927 12:17:25.071" endtime="20240927 12:17:25.071"/>
</kw>
<status status="NOT RUN" starttime="20240927 12:17:25.071" endtime="20240927 12:17:25.071"/>
</branch>
<status status="PASS" starttime="20240927 12:17:25.013" endtime="20240927 12:17:25.071"/>
</if>
<status status="PASS" starttime="20240927 12:17:24.983" endtime="20240927 12:17:25.071"/>
</iter>
<iter>
<var name="${row}">5</var>
<kw name="Get Value" library="SAP_Tcode_Library">
<var>${key}</var>
<arg>wnd[0]/usr/tabsTABSTRIP_1000/tabpLOCAL_LIKEYS/ssubACTIVE_TAB:SAPMSLIC:3020/tblSAPMSLICLIKEYLIST_CONTROL/txtLIKEY_TABLE-HWKEY[2,${row}]</arg>
<doc>Gets the value of the given element. The possible return values depend on the type of element (see Return values).</doc>
<msg timestamp="20240927 12:17:25.104" level="INFO">${key} = X1975510430</msg>
<status status="PASS" starttime="20240927 12:17:25.071" endtime="20240927 12:17:25.104"/>
</kw>
<kw name="Exit For Loop If" library="BuiltIn">
<arg>'${key}' == '___________'</arg>
<doc>Stops executing the enclosing FOR loop if the ``condition`` is true.</doc>
<status status="PASS" starttime="20240927 12:17:25.105" endtime="20240927 12:17:25.105"/>
</kw>
<if>
<branch type="IF" condition="'${key}' == '${hardware_key}'">
<kw name="Get License Product" library="SAP_Tcode_Library">
<var>${product}</var>
<arg>wnd[0]/usr/tabsTABSTRIP_1000/tabpLOCAL_LIKEYS/ssubACTIVE_TAB:SAPMSLIC:3020/tblSAPMSLICLIKEYLIST_CONTROL/txtLIKEY_TABLE-SW_PRODUCT[3,${row}]</arg>
<msg timestamp="20240927 12:17:25.114" level="INFO">${product} = NetWeaver</msg>
<status status="PASS" starttime="20240927 12:17:25.105" endtime="20240927 12:17:25.114"/>
</kw>
<if>
<branch type="IF" condition="'${product}' == 'Maintenance'">
<kw name="Get Value" library="SAP_Tcode_Library">
<var>${maintenance_expiry_date}</var>
<arg>wnd[0]/usr/tabsTABSTRIP_1000/tabpLOCAL_LIKEYS/ssubACTIVE_TAB:SAPMSLIC:3020/tblSAPMSLICLIKEYLIST_CONTROL/txtLIKEY_TABLE-END_DATE[6,${row}]</arg>
<doc>Gets the value of the given element. The possible return values depend on the type of element (see Return values).</doc>
<status status="NOT RUN" starttime="20240927 12:17:25.114" endtime="20240927 12:17:25.115"/>
</kw>
<kw name="Calculate Date Difference" library="SAP_Tcode_Library">
<var>${maintenance_exp}</var>
<arg>${maintenance_expiry_date}</arg>
<status status="NOT RUN" starttime="20240927 12:17:25.115" endtime="20240927 12:17:25.115"/>
</kw>
<kw name="Log To Console" library="BuiltIn">
<arg>maintenance expiry: ${maintenance_exp}</arg>
<doc>Logs the given message to the console.</doc>
<status status="NOT RUN" starttime="20240927 12:17:25.115" endtime="20240927 12:17:25.115"/>
</kw>
<status status="NOT RUN" starttime="20240927 12:17:25.114" endtime="20240927 12:17:25.115"/>
</branch>
<branch type="ELSE IF" condition="'${product}' == 'NetWeaver'">
<kw name="Get Value" library="SAP_Tcode_Library">
<var>${NW_expiry_date}</var>
<arg>wnd[0]/usr/tabsTABSTRIP_1000/tabpLOCAL_LIKEYS/ssubACTIVE_TAB:SAPMSLIC:3020/tblSAPMSLICLIKEYLIST_CONTROL/txtLIKEY_TABLE-END_DATE[6,${row}]</arg>
<doc>Gets the value of the given element. The possible return values depend on the type of element (see Return values).</doc>
<msg timestamp="20240927 12:17:25.161" level="INFO">${NW_expiry_date} = 31.12.9999</msg>
<status status="PASS" starttime="20240927 12:17:25.116" endtime="20240927 12:17:25.161"/>
</kw>
<kw name="Calculate Date Difference" library="SAP_Tcode_Library">
<var>${NW_exp}</var>
<arg>${NW_expiry_date}</arg>
<msg timestamp="20240927 12:17:25.162" level="INFO">${NW_exp} = 2912903</msg>
<status status="PASS" starttime="20240927 12:17:25.162" endtime="20240927 12:17:25.162"/>
</kw>
<kw name="Log To Console" library="BuiltIn">
<arg>NW expiry: ${NW_exp}</arg>
<doc>Logs the given message to the console.</doc>
<status status="PASS" starttime="20240927 12:17:25.162" endtime="20240927 12:17:25.162"/>
</kw>
<status status="PASS" starttime="20240927 12:17:25.115" endtime="20240927 12:17:25.162"/>
</branch>
<status status="PASS" starttime="20240927 12:17:25.114" endtime="20240927 12:17:25.162"/>
</if>
<status status="PASS" starttime="20240927 12:17:25.105" endtime="20240927 12:17:25.162"/>
</branch>
<branch type="ELSE">
<kw name="Log" library="BuiltIn">
<arg>${key} is not active</arg>
<doc>Logs the given message with the given level.</doc>
<status status="NOT RUN" starttime="20240927 12:17:25.163" endtime="20240927 12:17:25.163"/>
</kw>
<status status="NOT RUN" starttime="20240927 12:17:25.163" endtime="20240927 12:17:25.163"/>
</branch>
<status status="PASS" starttime="20240927 12:17:25.105" endtime="20240927 12:17:25.163"/>
</if>
<status status="PASS" starttime="20240927 12:17:25.071" endtime="20240927 12:17:25.163"/>
</iter>
<iter>
<var name="${row}">6</var>
<kw name="Get Value" library="SAP_Tcode_Library">
<var>${key}</var>
<arg>wnd[0]/usr/tabsTABSTRIP_1000/tabpLOCAL_LIKEYS/ssubACTIVE_TAB:SAPMSLIC:3020/tblSAPMSLICLIKEYLIST_CONTROL/txtLIKEY_TABLE-HWKEY[2,${row}]</arg>
<doc>Gets the value of the given element. The possible return values depend on the type of element (see Return values).</doc>
<msg timestamp="20240927 12:17:25.187" level="INFO">${key} = ___________</msg>
<status status="PASS" starttime="20240927 12:17:25.163" endtime="20240927 12:17:25.187"/>
</kw>
<kw name="Exit For Loop If" library="BuiltIn">
<arg>'${key}' == '___________'</arg>
<doc>Stops executing the enclosing FOR loop if the ``condition`` is true.</doc>
<msg timestamp="20240927 12:17:25.187" level="INFO">Exiting for loop altogether.</msg>
<status status="PASS" starttime="20240927 12:17:25.187" endtime="20240927 12:17:25.188"/>
</kw>
<if>
<branch type="IF" condition="'${key}' == '${hardware_key}'">
<kw name="Get License Product" library="SAP_Tcode_Library">
<var>${product}</var>
<arg>wnd[0]/usr/tabsTABSTRIP_1000/tabpLOCAL_LIKEYS/ssubACTIVE_TAB:SAPMSLIC:3020/tblSAPMSLICLIKEYLIST_CONTROL/txtLIKEY_TABLE-SW_PRODUCT[3,${row}]</arg>
<status status="NOT RUN" starttime="20240927 12:17:25.188" endtime="20240927 12:17:25.188"/>
</kw>
<if>
<branch type="IF" condition="'${product}' == 'Maintenance'">
<kw name="Get Value" library="SAP_Tcode_Library">
<var>${maintenance_expiry_date}</var>
<arg>wnd[0]/usr/tabsTABSTRIP_1000/tabpLOCAL_LIKEYS/ssubACTIVE_TAB:SAPMSLIC:3020/tblSAPMSLICLIKEYLIST_CONTROL/txtLIKEY_TABLE-END_DATE[6,${row}]</arg>
<doc>Gets the value of the given element. The possible return values depend on the type of element (see Return values).</doc>
<status status="NOT RUN" starttime="20240927 12:17:25.188" endtime="20240927 12:17:25.188"/>
</kw>
<kw name="Calculate Date Difference" library="SAP_Tcode_Library">
<var>${maintenance_exp}</var>
<arg>${maintenance_expiry_date}</arg>
<status status="NOT RUN" starttime="20240927 12:17:25.188" endtime="20240927 12:17:25.188"/>
</kw>
<kw name="Log To Console" library="BuiltIn">
<arg>maintenance expiry: ${maintenance_exp}</arg>
<doc>Logs the given message to the console.</doc>
<status status="NOT RUN" starttime="20240927 12:17:25.189" endtime="20240927 12:17:25.189"/>
</kw>
<status status="NOT RUN" starttime="20240927 12:17:25.188" endtime="20240927 12:17:25.189"/>
</branch>
<branch type="ELSE IF" condition="'${product}' == 'NetWeaver'">
<kw name="Get Value" library="SAP_Tcode_Library">
<var>${NW_expiry_date}</var>
<arg>wnd[0]/usr/tabsTABSTRIP_1000/tabpLOCAL_LIKEYS/ssubACTIVE_TAB:SAPMSLIC:3020/tblSAPMSLICLIKEYLIST_CONTROL/txtLIKEY_TABLE-END_DATE[6,${row}]</arg>
<doc>Gets the value of the given element. The possible return values depend on the type of element (see Return values).</doc>
<status status="NOT RUN" starttime="20240927 12:17:25.189" endtime="20240927 12:17:25.189"/>
</kw>
<kw name="Calculate Date Difference" library="SAP_Tcode_Library">
<var>${NW_exp}</var>
<arg>${NW_expiry_date}</arg>
<status status="NOT RUN" starttime="20240927 12:17:25.189" endtime="20240927 12:17:25.190"/>
</kw>
<kw name="Log To Console" library="BuiltIn">
<arg>NW expiry: ${NW_exp}</arg>
<doc>Logs the given message to the console.</doc>
<status status="NOT RUN" starttime="20240927 12:17:25.190" endtime="20240927 12:17:25.190"/>
</kw>
<status status="NOT RUN" starttime="20240927 12:17:25.189" endtime="20240927 12:17:25.190"/>
</branch>
<status status="NOT RUN" starttime="20240927 12:17:25.188" endtime="20240927 12:17:25.190"/>
</if>
<status status="NOT RUN" starttime="20240927 12:17:25.188" endtime="20240927 12:17:25.190"/>
</branch>
<branch type="ELSE">
<kw name="Log" library="BuiltIn">
<arg>${key} is not active</arg>
<doc>Logs the given message with the given level.</doc>
<status status="NOT RUN" starttime="20240927 12:17:25.190" endtime="20240927 12:17:25.190"/>
</kw>
<status status="NOT RUN" starttime="20240927 12:17:25.190" endtime="20240927 12:17:25.190"/>
</branch>
<status status="NOT RUN" starttime="20240927 12:17:25.188" endtime="20240927 12:17:25.190"/>
</if>
<status status="PASS" starttime="20240927 12:17:25.163" endtime="20240927 12:17:25.190"/>
</iter>
<status status="PASS" starttime="20240927 12:17:24.820" endtime="20240927 12:17:25.190"/>
</for>
<kw name="Log To Console" library="BuiltIn">
<arg>**gbStart**hardware_key**splitKeyValue**${hardware_key}**gbEnd**</arg>
<doc>Logs the given message to the console.</doc>
<status status="PASS" starttime="20240927 12:17:25.191" endtime="20240927 12:17:25.191"/>
</kw>
<kw name="Log To Console" library="BuiltIn">
<arg>**gbStart**installation_no**splitKeyValue**${installation_no}**gbEnd**</arg>
<doc>Logs the given message to the console.</doc>
<status status="PASS" starttime="20240927 12:17:25.191" endtime="20240927 12:17:25.195"/>
</kw>
<kw name="Log To Console" library="BuiltIn">
<arg>**gbStart**system_no**splitKeyValue**${system_no}**gbEnd**</arg>
<doc>Logs the given message to the console.</doc>
<status status="PASS" starttime="20240927 12:17:25.195" endtime="20240927 12:17:25.195"/>
</kw>
<kw name="Log To Console" library="BuiltIn">
<arg>**gbStart**maintenance_expiry**splitKeyValue**${maintenance_exp}**gbEnd**</arg>
<doc>Logs the given message to the console.</doc>
<status status="PASS" starttime="20240927 12:17:25.195" endtime="20240927 12:17:25.195"/>
</kw>
<kw name="Log To Console" library="BuiltIn">
<arg>**gbStart**netweaver_expiry**splitKeyValue**${NW_exp}**gbEnd**</arg>
<doc>Logs the given message to the console.</doc>
<status status="PASS" starttime="20240927 12:17:25.196" endtime="20240927 12:17:25.196"/>
</kw>
<status status="PASS" starttime="20240927 12:17:24.353" endtime="20240927 12:17:25.196"/>
</kw>
<tag>get_license</tag>
<status status="PASS" starttime="20240927 12:17:24.352" endtime="20240927 12:17:25.196"/>
</test>
<kw name="System Logout" library="License_renewal" type="TEARDOWN">
<kw name="Run Transaction" library="SAP_Tcode_Library">
<arg>/nex</arg>
<doc>Runs a Sap transaction. An error is given when an unknown transaction is specified.</doc>
<status status="PASS" starttime="20240927 12:17:25.197" endtime="20240927 12:17:25.219"/>
</kw>
<status status="PASS" starttime="20240927 12:17:25.197" endtime="20240927 12:17:25.219"/>
</kw>
<status status="PASS" starttime="20240927 12:17:21.947" endtime="20240927 12:17:25.220"/>
</suite>
<doc>Testing functionality through Robot Framework</doc>
<meta name="environment">Dev</meta>
<meta name="test_browser_name">chrome</meta>
<meta name="test_browser_version">129.0.6668.60</meta>
<meta name="test_driver_version">128.0.6613.119 </meta>
<meta name="test_environment">Dev</meta>
<meta name="test_freeze_dependencies">astroid==3.2.3,attrs==23.2.0,beautifulsoup4==4.12.3,bs4==0.0.2,certifi==2024.7.4,cffi==1.16.0,chardet==5.2.0,charset-normalizer==3.3.2,click==8.1.7,colorama==0.4.6,cryptography==42.0.8,defusedxml==0.7.1,dill==0.3.8,docutils==0.21.2,et-xmlfile==1.1.0,ExcelLib==0.0.1b2,exceptiongroup==1.2.2,gitdb==4.0.11,GitPython==3.1.43,h11==0.14.0,idna==3.7,isort==5.13.2,Jinja2==3.1.4,jira==3.8.0,jsonpath-ng==1.6.1,jsonschema==4.23.0,jsonschema-specifications==2023.12.1,lazy-object-proxy==1.10.0,lxml==5.2.2,markdown-it-py==3.0.0,MarkupSafe==2.1.5,mccabe==0.7.0,mdurl==0.1.2,natsort==8.4.0,numpy==2.0.0,oauthlib==3.2.2,openpyxl==3.1.5,outcome==1.3.0.post0,packaging==24.1,pandas==2.2.2,pathspec==0.11.2,pillow==10.4.0,pip==24.1.2,platformdirs==4.2.2,ply==3.11,pycparser==2.22,Pygments==2.18.0,pylint==3.2.5,PySocks==1.7.1,python-dateutil==2.9.0.post0,pytz==2024.1,pywin32==306,PyYAML==6.0.1,referencing==0.35.1,requests==2.32.3,requests-oauthlib==2.0.0,requests-toolbelt==1.0.0,rich==13.7.1,rich-click==1.6.1,robotframework==6.0.2,robotframework-datadriver==1.9.0,robotframework-excellib==2.0.1,robotframework-jsonlibrary==0.5,robotframework-pabot==2.16.0,robotframework-pythonlibcore==4.2.0,robotframework-requests==0.9.2,robotframework-sapguilibrary==1.1,robotframework-seleniumlibrary==5.1.3,robotframework-stacktrace==0.4.1,robotframework-tidy==4.5.0,rpds-py==0.19.0,selenium==4.9.1,setuptools==71.0.2,six==1.16.0,smmap==5.0.1,sniffio==1.3.1,sortedcontainers==2.4.0,soupsieve==2.5,tomli==2.0.1,tomlkit==0.13.0,trio==0.26.0,trio-websocket==0.11.1,typing_extensions==4.12.2,tzdata==2024.1,urllib3==2.2.2,wheel==0.43.0,wrapt==1.16.0,wsproto==1.2.0,xlrd==2.0.1,XlsxWriter==3.2.0</meta>
<status status="PASS" starttime="20240927 12:17:18.166" endtime="20240927 12:17:25.279"/>
</suite>
<statistics>
<total>
<stat pass="1" fail="0" skip="0">All Tests</stat>
</total>
<tag>
<stat pass="1" fail="0" skip="0">get_license</stat>
</tag>
<suite>
<stat pass="1" fail="0" skip="0" id="s1" name="Tests">Tests</stat>
<stat pass="1" fail="0" skip="0" id="s1-s1" name="Test Get License Data">Tests.Test Get License Data</stat>
</suite>
</statistics>
<errors>
</errors>
</robot>
