<?xml version="1.0" encoding="UTF-8"?>
<robot generator="Robot 6.0.2 (Python 3.12.4 on win32)" generated="20240916 11:22:50.018" rpa="false" schemaversion="3">
<suite id="s1" name="Tests" source="C:\SAP_Testing\SAPtesting\Tests">
<kw name="Setup highest level suite" type="SETUP">
<kw name="Set Variable" library="BuiltIn">
<var>${d.test_server}</var>
<arg>${test_server}</arg>
<doc>Returns the given values which can then be assigned to a variables.</doc>
<msg timestamp="20240916 11:22:50.922" level="INFO">${d.test_server} = Dev</msg>
<status status="PASS" starttime="20240916 11:22:50.921" endtime="20240916 11:22:50.922"/>
</kw>
<kw name="Reset screenshot count variable" library="Support">
<kw name="Set Variable" library="BuiltIn">
<var>${screenshotCount}</var>
<arg>${PABOTQUEUEINDEX}_1</arg>
<doc>Returns the given values which can then be assigned to a variables.</doc>
<msg timestamp="20240916 11:22:50.923" level="INFO">${screenshotCount} = 0_1</msg>
<status status="PASS" starttime="20240916 11:22:50.923" endtime="20240916 11:22:50.923"/>
</kw>
<kw name="Set Global Variable" library="BuiltIn">
<arg>${screenshotCount}</arg>
<doc>Makes a variable available globally in all tests and suites.</doc>
<msg timestamp="20240916 11:22:50.924" level="INFO">${screenshotCount} = 0_1</msg>
<status status="PASS" starttime="20240916 11:22:50.923" endtime="20240916 11:22:50.924"/>
</kw>
<kw name="Set up screenshot directory" library="Support">
<kw name="Create Directory" library="OperatingSystem">
<arg>${OUTPUTDIR}${/}${wvar('screenshot_dir')}</arg>
<doc>Creates the specified directory.</doc>
<msg timestamp="20240916 11:22:50.925" level="INFO">Web.Dev.screenshot_dir: Screenshot</msg>
<msg timestamp="20240916 11:22:50.930" level="INFO" html="true">Created directory '&lt;a href="file://C:\SAP_Testing\SAPtesting\Output\pabot_results\0\Screenshot"&gt;C:\SAP_Testing\SAPtesting\Output\pabot_results\0\Screenshot&lt;/a&gt;'.</msg>
<status status="PASS" starttime="20240916 11:22:50.924" endtime="20240916 11:22:50.930"/>
</kw>
<status status="PASS" starttime="20240916 11:22:50.924" endtime="20240916 11:22:50.930"/>
</kw>
<status status="PASS" starttime="20240916 11:22:50.922" endtime="20240916 11:22:50.931"/>
</kw>
<kw name="Set Global Variable" library="BuiltIn">
<arg>${screenshot_taking}</arg>
<arg>${True}</arg>
<doc>Makes a variable available globally in all tests and suites.</doc>
<msg timestamp="20240916 11:22:50.931" level="INFO">${screenshot_taking} = True</msg>
<status status="PASS" starttime="20240916 11:22:50.931" endtime="20240916 11:22:50.931"/>
</kw>
<kw name="Setup linux execution" library="Support">
<kw name="Run Keyword And Return Status" library="BuiltIn">
<var>${web_test_check}</var>
<arg>Variable Should Exist</arg>
<arg>${web_test}</arg>
<doc>Runs the given keyword with given arguments and returns the status as a Boolean value.</doc>
<kw name="Variable Should Exist" library="BuiltIn">
<arg>${web_test}</arg>
<doc>Fails unless the given variable exists within the current scope.</doc>
<status status="PASS" starttime="20240916 11:22:50.932" endtime="20240916 11:22:50.932"/>
</kw>
<msg timestamp="20240916 11:22:50.932" level="INFO">${web_test_check} = True</msg>
<status status="PASS" starttime="20240916 11:22:50.931" endtime="20240916 11:22:50.932"/>
</kw>
<kw name="Run Keyword If" library="BuiltIn">
<arg>${web_test_check}</arg>
<arg>Setup Docker Execution Options</arg>
<doc>Runs the given keyword with the given arguments, if ``condition`` is true.</doc>
<kw name="Setup Docker Execution Options" library="Support_Web">
<kw name="Setup Suite Metadata" library="Support_Web">
<arg>${browser}</arg>
<kw name="Get Browser Metadata" library="BrowserSupport">
<var>&amp;{browser_information}</var>
<arg>browser=${browser}</arg>
<doc>Fetches browser metadata information
:param browser: Name of the browser for which information is fetched
:param reload: Re-read the metadata based on the browser
:return: Browser metadata information, dict of format
            {"browser_version": browser version value,
             "driver_version": driver version value}</doc>
<msg timestamp="20240916 11:22:54.298" level="INFO">&amp;{browser_information} = { browser_version=128.0.6613.138 | driver_version=128.0.6613.119  }</msg>
<status status="PASS" starttime="20240916 11:22:50.933" endtime="20240916 11:22:54.298"/>
</kw>
<kw name="Set Suite Metadata" library="BuiltIn">
<arg>test_browser_name</arg>
<arg>${browser}</arg>
<doc>Sets metadata for the current test suite.</doc>
<msg timestamp="20240916 11:22:54.298" level="INFO">Set suite metadata 'test_browser_name' to value 'chrome'.</msg>
<status status="PASS" starttime="20240916 11:22:54.298" endtime="20240916 11:22:54.298"/>
</kw>
<kw name="Set Suite Metadata" library="BuiltIn">
<arg>test_browser_version</arg>
<arg>${browser_information.browser_version}</arg>
<doc>Sets metadata for the current test suite.</doc>
<msg timestamp="20240916 11:22:54.298" level="INFO">Set suite metadata 'test_browser_version' to value '128.0.6613.138'.</msg>
<status status="PASS" starttime="20240916 11:22:54.298" endtime="20240916 11:22:54.298"/>
</kw>
<kw name="Set Suite Metadata" library="BuiltIn">
<arg>test_driver_version</arg>
<arg>${browser_information.driver_version}</arg>
<doc>Sets metadata for the current test suite.</doc>
<msg timestamp="20240916 11:22:54.298" level="INFO">Set suite metadata 'test_driver_version' to value '128.0.6613.119 '.</msg>
<status status="PASS" starttime="20240916 11:22:54.298" endtime="20240916 11:22:54.298"/>
</kw>
<status status="PASS" starttime="20240916 11:22:50.933" endtime="20240916 11:22:54.298"/>
</kw>
<kw name="Setup Global Docker Execution Options" library="Support_Web">
<kw name="Set Global Variable" library="BuiltIn">
<arg>${global_browser_options}</arg>
<arg>None</arg>
<doc>Makes a variable available globally in all tests and suites.</doc>
<msg timestamp="20240916 11:22:54.298" level="INFO">${global_browser_options} = None</msg>
<status status="PASS" starttime="20240916 11:22:54.298" endtime="20240916 11:22:54.298"/>
</kw>
<kw name="Get Environment Variable" library="OperatingSystem">
<var>${docker_check}</var>
<arg>EXECUTION_ENVIRONMENT</arg>
<arg>not_found</arg>
<doc>Returns the value of an environment variable with the given name.</doc>
<msg timestamp="20240916 11:22:54.298" level="INFO">${docker_check} = not_found</msg>
<status status="PASS" starttime="20240916 11:22:54.298" endtime="20240916 11:22:54.298"/>
</kw>
<kw name="Run Keyword And Return If" library="BuiltIn">
<arg>"${docker_check}"!="docker"</arg>
<arg>Log</arg>
<arg>Not executing on Docker</arg>
<doc>Runs the specified keyword and returns from the enclosing user keyword.</doc>
<kw name="Log" library="BuiltIn">
<arg>Not executing on Docker</arg>
<doc>Logs the given message with the given level.</doc>
<msg timestamp="20240916 11:22:54.298" level="INFO">Not executing on Docker</msg>
<status status="PASS" starttime="20240916 11:22:54.298" endtime="20240916 11:22:54.298"/>
</kw>
<msg timestamp="20240916 11:22:54.298" level="INFO">Returning from the enclosing user keyword.</msg>
<status status="PASS" starttime="20240916 11:22:54.298" endtime="20240916 11:22:54.298"/>
</kw>
<kw name="Create List" library="BuiltIn">
<var>@{options}</var>
<arg>--headless</arg>
<arg>--no-sandbox</arg>
<arg>--disable-dev-shm-usage</arg>
<doc>Returns a list containing given items.</doc>
<status status="NOT RUN" starttime="20240916 11:22:54.298" endtime="20240916 11:22:54.298"/>
</kw>
<kw name="Set Global Variable" library="BuiltIn">
<arg>@{docker_options}</arg>
<arg>@{options}</arg>
<doc>Makes a variable available globally in all tests and suites.</doc>
<status status="NOT RUN" starttime="20240916 11:22:54.298" endtime="20240916 11:22:54.298"/>
</kw>
<status status="PASS" starttime="20240916 11:22:54.298" endtime="20240916 11:22:54.298"/>
</kw>
<kw name="Create Webdriver for chrome preferences" library="Support_Web">
<kw name="Update Docker Execution Options" library="Support_Web">
<var>${list_prefs}</var>
<arg>${list_prefs}</arg>
<kw name="Run Keyword And Return Status" library="BuiltIn">
<var>${docker_check}</var>
<arg>Variable Should Exist</arg>
<arg>${docker_options}</arg>
<doc>Runs the given keyword with given arguments and returns the status as a Boolean value.</doc>
<kw name="Variable Should Exist" library="BuiltIn">
<arg>${docker_options}</arg>
<doc>Fails unless the given variable exists within the current scope.</doc>
<msg timestamp="20240916 11:22:54.298" level="FAIL">Variable '${docker_options}' does not exist.</msg>
<status status="FAIL" starttime="20240916 11:22:54.298" endtime="20240916 11:22:54.298"/>
</kw>
<msg timestamp="20240916 11:22:54.298" level="INFO">${docker_check} = False</msg>
<status status="PASS" starttime="20240916 11:22:54.298" endtime="20240916 11:22:54.298"/>
</kw>
<kw name="Get Length" library="BuiltIn">
<var>${list_prefs_length}</var>
<arg>${list_prefs}</arg>
<doc>Returns and logs the length of the given item as an integer.</doc>
<msg timestamp="20240916 11:22:54.298" level="INFO">Length is 1</msg>
<msg timestamp="20240916 11:22:54.298" level="INFO">${list_prefs_length} = 1</msg>
<status status="PASS" starttime="20240916 11:22:54.298" endtime="20240916 11:22:54.298"/>
</kw>
<kw name="Run Keyword If" library="BuiltIn">
<var>${list_prefs}</var>
<arg>${docker_check} and ${list_prefs_length}&gt;0 and ${list_prefs}[0] != []</arg>
<arg>Combine Lists</arg>
<arg>${list_prefs}</arg>
<arg>${docker_options}</arg>
<arg>ELSE IF</arg>
<arg>${docker_check}</arg>
<arg>Set Variable</arg>
<arg>${docker_options}</arg>
<arg>ELSE</arg>
<arg>Set Variable</arg>
<arg>${list_prefs}</arg>
<doc>Runs the given keyword with the given arguments, if ``condition`` is true.</doc>
<kw name="Set Variable" library="BuiltIn">
<arg>${list_prefs}</arg>
<doc>Returns the given values which can then be assigned to a variables.</doc>
<status status="PASS" starttime="20240916 11:22:54.298" endtime="20240916 11:22:54.298"/>
</kw>
<msg timestamp="20240916 11:22:54.298" level="INFO">${list_prefs} = [[]]</msg>
<status status="PASS" starttime="20240916 11:22:54.298" endtime="20240916 11:22:54.298"/>
</kw>
<msg timestamp="20240916 11:22:54.298" level="INFO">${list_prefs} = [[]]</msg>
<status status="PASS" starttime="20240916 11:22:54.298" endtime="20240916 11:22:54.298"/>
</kw>
<kw name="Create Chrome Options for download preferences" library="Support_Web">
<var>${chrome_options}</var>
<kw name="Evaluate" library="BuiltIn">
<var>${chrome_options}</var>
<arg>sys.modules['selenium.webdriver'].ChromeOptions()</arg>
<arg>sys</arg>
<doc>Evaluates the given expression in Python and returns the result.</doc>
<msg timestamp="20240916 11:22:54.298" level="INFO">${chrome_options} = &lt;selenium.webdriver.chrome.options.Options object at 0x000001EF1F0066C0&gt;</msg>
<status status="PASS" starttime="20240916 11:22:54.298" endtime="20240916 11:22:54.298"/>
</kw>
<msg timestamp="20240916 11:22:54.298" level="INFO">${chrome_options} = &lt;selenium.webdriver.chrome.options.Options object at 0x000001EF1F0066C0&gt;</msg>
<status status="PASS" starttime="20240916 11:22:54.298" endtime="20240916 11:22:54.298"/>
</kw>
<kw name="Update Preferences List" library="Support_Web">
<arg>${chrome_options}</arg>
<arg>@{list_prefs}</arg>
<kw name="Convert To String" library="BuiltIn">
<var>${string_prefs}</var>
<arg>${list_prefs}</arg>
<doc>Converts the given item to a Unicode string.</doc>
<msg timestamp="20240916 11:22:54.298" level="INFO">${string_prefs} = [[]]</msg>
<status status="PASS" starttime="20240916 11:22:54.298" endtime="20240916 11:22:54.298"/>
</kw>
<kw name="Return From Keyword If" library="BuiltIn">
<arg>${string_prefs} == [[]]</arg>
<doc>Returns from the enclosing user keyword if ``condition`` is true.</doc>
<msg timestamp="20240916 11:22:54.298" level="INFO">Returning from the enclosing user keyword.</msg>
<status status="PASS" starttime="20240916 11:22:54.298" endtime="20240916 11:22:54.298"/>
</kw>
<for flavor="IN">
<var>${preference}</var>
<value>@{list_prefs}</value>
<iter>
<var name="${preference}"/>
<kw name="Call Method" library="BuiltIn">
<arg>${chrome_options}</arg>
<arg>add_argument</arg>
<arg>${preference}</arg>
<doc>Calls the named method of the given object with the provided arguments.</doc>
<status status="NOT RUN" starttime="20240916 11:22:54.298" endtime="20240916 11:22:54.298"/>
</kw>
<status status="NOT RUN" starttime="20240916 11:22:54.298" endtime="20240916 11:22:54.298"/>
</iter>
<status status="NOT RUN" starttime="20240916 11:22:54.298" endtime="20240916 11:22:54.298"/>
</for>
<status status="PASS" starttime="20240916 11:22:54.298" endtime="20240916 11:22:54.298"/>
</kw>
<kw name="Call Method" library="BuiltIn">
<arg>${chrome_options}</arg>
<arg>add_experimental_option</arg>
<arg>prefs</arg>
<arg>${kw_prefs}</arg>
<doc>Calls the named method of the given object with the provided arguments.</doc>
<status status="PASS" starttime="20240916 11:22:54.298" endtime="20240916 11:22:54.298"/>
</kw>
<kw name="Set Global Variable" library="BuiltIn">
<arg>${global_browser_options}</arg>
<arg>${chrome options}</arg>
<doc>Makes a variable available globally in all tests and suites.</doc>
<msg timestamp="20240916 11:22:54.298" level="INFO">${global_browser_options} = &lt;selenium.webdriver.chrome.options.Options object at 0x000001EF1F0066C0&gt;</msg>
<status status="PASS" starttime="20240916 11:22:54.298" endtime="20240916 11:22:54.298"/>
</kw>
<status status="PASS" starttime="20240916 11:22:54.298" endtime="20240916 11:22:54.298"/>
</kw>
<status status="PASS" starttime="20240916 11:22:50.933" endtime="20240916 11:22:54.298"/>
</kw>
<status status="PASS" starttime="20240916 11:22:50.932" endtime="20240916 11:22:54.298"/>
</kw>
<status status="PASS" starttime="20240916 11:22:50.931" endtime="20240916 11:22:54.298"/>
</kw>
<kw name="Set Suite Metadata" library="BuiltIn">
<arg>environment</arg>
<arg>${test_server}</arg>
<doc>Sets metadata for the current test suite.</doc>
<msg timestamp="20240916 11:22:54.313" level="INFO">Set suite metadata 'environment' to value 'Dev'.</msg>
<status status="PASS" starttime="20240916 11:22:54.298" endtime="20240916 11:22:54.313"/>
</kw>
<status status="PASS" starttime="20240916 11:22:50.920" endtime="20240916 11:22:54.313"/>
</kw>
<suite id="s1-s1" name="Test Snote Check" source="C:\SAP_Testing\SAPtesting\Tests\Test_Snote_Check.robot">
<kw name="System Logon" library="Snote_Check" type="SETUP">
<kw name="Start Process" library="Process">
<arg>${symvar('ABAP_SAP_SERVER')}</arg>
<doc>Starts a new process on background.</doc>
<msg timestamp="20240916 11:22:54.862" level="INFO">Sym.Dev.ABAP_SAP_SERVER: C:\Program Files (x86)\SAP\FrontEnd\SAPGUI\saplogon.exe</msg>
<msg timestamp="20240916 11:22:54.862" level="INFO">Starting process:
"C:\Program Files (x86)\SAP\FrontEnd\SAPGUI\saplogon.exe"</msg>
<status status="PASS" starttime="20240916 11:22:54.846" endtime="20240916 11:22:54.862"/>
</kw>
<kw name="Sleep" library="BuiltIn">
<arg>2</arg>
<doc>Pauses the test executed for the given time.</doc>
<msg timestamp="20240916 11:22:56.862" level="INFO">Slept 2 seconds</msg>
<status status="PASS" starttime="20240916 11:22:54.862" endtime="20240916 11:22:56.862"/>
</kw>
<kw name="Connect To Session" library="SAP_Tcode_Library">
<doc>Connects to an open session SAP.</doc>
<status status="PASS" starttime="20240916 11:22:56.862" endtime="20240916 11:22:56.868"/>
</kw>
<kw name="Open Connection" library="SAP_Tcode_Library">
<arg>${symvar('ABAP_Connection')}</arg>
<doc>Opens a connection to the given connection name. Be sure to provide the full connection name, including the bracket part.</doc>
<msg timestamp="20240916 11:22:56.868" level="INFO">Sym.Dev.ABAP_Connection: TS5</msg>
<status status="PASS" starttime="20240916 11:22:56.868" endtime="20240916 11:22:58.435"/>
</kw>
<kw name="Input Text" library="SAP_Tcode_Library">
<arg>wnd[0]/usr/txtRSYST-MANDT</arg>
<arg>${symvar('ABAP_CLIENT')}</arg>
<doc>Inserts the given text into the text field identified by locator.
Use keyword `input password` to insert a password in a text field.</doc>
<msg timestamp="20240916 11:22:58.437" level="INFO">Sym.Dev.ABAP_CLIENT: 001</msg>
<msg timestamp="20240916 11:22:58.444" level="INFO">Typing text '001' into text field 'wnd[0]/usr/txtRSYST-MANDT'.</msg>
<status status="PASS" starttime="20240916 11:22:58.436" endtime="20240916 11:22:58.444"/>
</kw>
<kw name="Input Text" library="SAP_Tcode_Library">
<arg>wnd[0]/usr/txtRSYST-BNAME</arg>
<arg>${symvar('ABAP_USER')}</arg>
<doc>Inserts the given text into the text field identified by locator.
Use keyword `input password` to insert a password in a text field.</doc>
<msg timestamp="20240916 11:22:58.445" level="INFO">Sym.Dev.ABAP_USER: BCSADMIN</msg>
<msg timestamp="20240916 11:22:58.458" level="INFO">Typing text 'BCSADMIN' into text field 'wnd[0]/usr/txtRSYST-BNAME'.</msg>
<status status="PASS" starttime="20240916 11:22:58.444" endtime="20240916 11:22:58.459"/>
</kw>
<kw name="Input Password" library="SAP_Tcode_Library">
<arg>wnd[0]/usr/pwdRSYST-BCODE</arg>
<arg>%{ABAP_PASSWORD}</arg>
<doc>Inserts the given password into the text field identified by locator.
The password is not recorded in the log.</doc>
<msg timestamp="20240916 11:22:58.464" level="INFO">Typing password into text field 'wnd[0]/usr/pwdRSYST-BCODE'.</msg>
<status status="PASS" starttime="20240916 11:22:58.459" endtime="20240916 11:22:58.465"/>
</kw>
<kw name="Send Vkey" library="SAP_Tcode_Library">
<arg>0</arg>
<doc>Sends a SAP virtual key combination to the window, not into an element.
If you want to send a value to a text field, use `input text` instead.</doc>
<status status="PASS" starttime="20240916 11:22:58.465" endtime="20240916 11:22:58.922"/>
</kw>
<kw name="Multiple Logon Handling" library="SAP_Tcode_Library">
<arg>wnd[1]</arg>
<arg>wnd[1]/usr/radMULTI_LOGON_OPT2</arg>
<arg>wnd[1]/tbar[0]/btn[0]</arg>
<status status="PASS" starttime="20240916 11:22:58.924" endtime="20240916 11:22:58.934"/>
</kw>
<status status="PASS" starttime="20240916 11:22:54.846" endtime="20240916 11:22:58.935"/>
</kw>
<test id="s1-s1-t1" name="SNOTE" line="7">
<kw name="SNOTE" library="Snote_Check">
<kw name="Run Transaction" library="SAP_Tcode_Library">
<arg>/nsnote</arg>
<doc>Runs a Sap transaction. An error is given when an unknown transaction is specified.</doc>
<status status="PASS" starttime="20240916 11:22:58.936" endtime="20240916 11:22:59.110"/>
</kw>
<kw name="Click Element" library="SAP_Tcode_Library">
<arg>wnd[0]/tbar[1]/btn[33]</arg>
<doc>Performs a single click on a given element. Used only for buttons, tabs and menu items.</doc>
<status status="PASS" starttime="20240916 11:22:59.110" endtime="20240916 11:22:59.188"/>
</kw>
<for flavor="IN">
<var>${number}</var>
<value>@{SAP_Note}</value>
<iter>
<var name="${number}">3421256</var>
<kw name="Input Text" library="SAP_Tcode_Library">
<arg>wnd[0]/usr/txtNUMM-LOW</arg>
<arg>${number}</arg>
<doc>Inserts the given text into the text field identified by locator.
Use keyword `input password` to insert a password in a text field.</doc>
<msg timestamp="20240916 11:22:59.220" level="INFO">Typing text '3421256' into text field 'wnd[0]/usr/txtNUMM-LOW'.</msg>
<status status="PASS" starttime="20240916 11:22:59.188" endtime="20240916 11:22:59.220"/>
</kw>
<kw name="Click Element" library="SAP_Tcode_Library">
<arg>wnd[0]/tbar[1]/btn[8]</arg>
<doc>Performs a single click on a given element. Used only for buttons, tabs and menu items.</doc>
<status status="PASS" starttime="20240916 11:22:59.220" endtime="20240916 11:22:59.617"/>
</kw>
<kw name="Get Value" library="SAP_Tcode_Library">
<var>${SAP_note_error}</var>
<arg>wnd[0]/sbar/pane[0]</arg>
<doc>Gets the value of the given element. The possible return values depend on the type of element (see Return values).</doc>
<msg timestamp="20240916 11:22:59.665" level="INFO">${SAP_note_error} = </msg>
<status status="PASS" starttime="20240916 11:22:59.617" endtime="20240916 11:22:59.665"/>
</kw>
<if>
<branch type="IF" condition="'${SAP_note_error}' == 'Unable to find SAP Note that meets specified criteria'">
<kw name="Log" library="BuiltIn">
<arg>${number}=${SAP_note_error}</arg>
<doc>Logs the given message with the given level.</doc>
<status status="NOT RUN" starttime="20240916 11:22:59.671" endtime="20240916 11:22:59.671"/>
</kw>
<kw name="Log To Console" library="BuiltIn">
<arg>${number}=${SAP_note_error}</arg>
<doc>Logs the given message to the console.</doc>
<status status="NOT RUN" starttime="20240916 11:22:59.671" endtime="20240916 11:22:59.671"/>
</kw>
<status status="NOT RUN" starttime="20240916 11:22:59.671" endtime="20240916 11:22:59.671"/>
</branch>
<branch type="ELSE">
<kw name="Double Click Current Cell Value" library="SAP_Tcode_Library">
<arg>wnd[0]/usr/cntlGRID1/shellcont/shell</arg>
<arg>PRSTATUS</arg>
<status status="PASS" starttime="20240916 11:22:59.671" endtime="20240916 11:23:01.233"/>
</kw>
<kw name="Sleep" library="BuiltIn">
<arg>2</arg>
<doc>Pauses the test executed for the given time.</doc>
<msg timestamp="20240916 11:23:03.249" level="INFO">Slept 2 seconds</msg>
<status status="PASS" starttime="20240916 11:23:01.233" endtime="20240916 11:23:03.249"/>
</kw>
<kw name="Get Value" library="SAP_Tcode_Library">
<var>${value}</var>
<arg>wnd[0]/usr/subSUB_101:SAPLSCW_NA_SCREEN:0101/txtSCWB_S_SCREEN_NOTE-PRSTATUS_TEXT</arg>
<doc>Gets the value of the given element. The possible return values depend on the type of element (see Return values).</doc>
<msg timestamp="20240916 11:23:03.264" level="INFO">${value} = Can be implemented</msg>
<status status="PASS" starttime="20240916 11:23:03.249" endtime="20240916 11:23:03.264"/>
</kw>
<kw name="Log" library="BuiltIn">
<arg>${number}=${value}</arg>
<doc>Logs the given message with the given level.</doc>
<msg timestamp="20240916 11:23:03.264" level="INFO">3421256=Can be implemented</msg>
<status status="PASS" starttime="20240916 11:23:03.264" endtime="20240916 11:23:03.264"/>
</kw>
<if>
<branch type="IF" condition="'${value}' == 'Cannot be implemented'">
<kw name="Log" library="BuiltIn">
<arg>${number}=${value}</arg>
<doc>Logs the given message with the given level.</doc>
<status status="NOT RUN" starttime="20240916 11:23:03.264" endtime="20240916 11:23:03.264"/>
</kw>
<kw name="Log To Console" library="BuiltIn">
<arg>${number}=${value}</arg>
<doc>Logs the given message to the console.</doc>
<status status="NOT RUN" starttime="20240916 11:23:03.264" endtime="20240916 11:23:03.264"/>
</kw>
<kw name="Click Element" library="SAP_Tcode_Library">
<arg>wnd[0]/tbar[0]/btn[3]</arg>
<doc>Performs a single click on a given element. Used only for buttons, tabs and menu items.</doc>
<status status="NOT RUN" starttime="20240916 11:23:03.264" endtime="20240916 11:23:03.264"/>
</kw>
<kw name="Sleep" library="BuiltIn">
<arg>1</arg>
<doc>Pauses the test executed for the given time.</doc>
<status status="NOT RUN" starttime="20240916 11:23:03.264" endtime="20240916 11:23:03.264"/>
</kw>
<kw name="Click Element" library="SAP_Tcode_Library">
<arg>wnd[0]/tbar[0]/btn[3]</arg>
<doc>Performs a single click on a given element. Used only for buttons, tabs and menu items.</doc>
<status status="NOT RUN" starttime="20240916 11:23:03.264" endtime="20240916 11:23:03.264"/>
</kw>
<kw name="Sleep" library="BuiltIn">
<arg>1</arg>
<doc>Pauses the test executed for the given time.</doc>
<status status="NOT RUN" starttime="20240916 11:23:03.264" endtime="20240916 11:23:03.264"/>
</kw>
<status status="NOT RUN" starttime="20240916 11:23:03.264" endtime="20240916 11:23:03.264"/>
</branch>
<branch type="ELSE IF" condition="'${value}' == 'Completely implemented'">
<kw name="Log" library="BuiltIn">
<arg>${number}=${value}</arg>
<doc>Logs the given message with the given level.</doc>
<status status="NOT RUN" starttime="20240916 11:23:03.264" endtime="20240916 11:23:03.264"/>
</kw>
<kw name="Log To Console" library="BuiltIn">
<arg>${number}=${value}</arg>
<doc>Logs the given message to the console.</doc>
<status status="NOT RUN" starttime="20240916 11:23:03.264" endtime="20240916 11:23:03.264"/>
</kw>
<kw name="Click Element" library="SAP_Tcode_Library">
<arg>wnd[0]/tbar[0]/btn[3]</arg>
<doc>Performs a single click on a given element. Used only for buttons, tabs and menu items.</doc>
<status status="NOT RUN" starttime="20240916 11:23:03.264" endtime="20240916 11:23:03.264"/>
</kw>
<kw name="Sleep" library="BuiltIn">
<arg>1</arg>
<doc>Pauses the test executed for the given time.</doc>
<status status="NOT RUN" starttime="20240916 11:23:03.264" endtime="20240916 11:23:03.264"/>
</kw>
<kw name="Click Element" library="SAP_Tcode_Library">
<arg>wnd[0]/tbar[0]/btn[3]</arg>
<doc>Performs a single click on a given element. Used only for buttons, tabs and menu items.</doc>
<status status="NOT RUN" starttime="20240916 11:23:03.264" endtime="20240916 11:23:03.264"/>
</kw>
<kw name="Sleep" library="BuiltIn">
<arg>1</arg>
<doc>Pauses the test executed for the given time.</doc>
<status status="NOT RUN" starttime="20240916 11:23:03.264" endtime="20240916 11:23:03.264"/>
</kw>
<status status="NOT RUN" starttime="20240916 11:23:03.264" endtime="20240916 11:23:03.264"/>
</branch>
<branch type="ELSE IF" condition="'${value}' == 'Can be implemented'">
<kw name="Click Element" library="SAP_Tcode_Library">
<arg>wnd[0]/tbar[0]/btn[3]</arg>
<doc>Performs a single click on a given element. Used only for buttons, tabs and menu items.</doc>
<status status="PASS" starttime="20240916 11:23:03.264" endtime="20240916 11:23:03.453"/>
</kw>
<kw name="Click Element" library="SAP_Tcode_Library">
<arg>wnd[0]/tbar[1]/btn[25]</arg>
<doc>Performs a single click on a given element. Used only for buttons, tabs and menu items.</doc>
<status status="PASS" starttime="20240916 11:23:03.453" endtime="20240916 11:23:15.629"/>
</kw>
<kw name="Window Handling" library="SAP_Tcode_Library">
<arg>wnd[1]</arg>
<arg>Change processor of SAP Note 000${number}</arg>
<arg>wnd[1]/usr/btnSPOP-OPTION1</arg>
<msg timestamp="20240916 11:23:15.677" level="INFO">Information</msg>
<status status="PASS" starttime="20240916 11:23:15.629" endtime="20240916 11:23:15.677"/>
</kw>
<kw name="Window Handling" library="SAP_Tcode_Library">
<arg>wnd[1]</arg>
<arg>Information</arg>
<arg>wnd[1]/tbar[0]/btn[0]</arg>
<msg timestamp="20240916 11:23:16.280" level="INFO">Information</msg>
<status status="PASS" starttime="20240916 11:23:15.677" endtime="20240916 11:23:16.280"/>
</kw>
<kw name="Change Of Process" library="SAP_Tcode_Library">
<arg>wnd[1]</arg>
<arg>wnd[1]/usr/btnSPOP-OPTION1</arg>
<status status="PASS" starttime="20240916 11:23:16.280" endtime="20240916 11:23:16.360"/>
</kw>
<kw name="Sleep" library="BuiltIn">
<arg>2</arg>
<doc>Pauses the test executed for the given time.</doc>
<msg timestamp="20240916 11:23:18.360" level="INFO">Slept 2 seconds</msg>
<status status="PASS" starttime="20240916 11:23:16.360" endtime="20240916 11:23:18.360"/>
</kw>
<kw name="Get Window Title" library="SAP_Tcode_Library">
<var>${window}</var>
<arg>wnd[1]</arg>
<doc>Retrieves the window title of the given window.</doc>
<msg timestamp="20240916 11:23:18.360" level="INFO">${window} = Queue of correction instructions to be installed</msg>
<status status="PASS" starttime="20240916 11:23:18.360" endtime="20240916 11:23:18.360"/>
</kw>
<if>
<branch type="IF" condition="&quot;${window}&quot; == &quot;Queue of correction instructions to be installed&quot;">
<kw name="Get Value" library="SAP_Tcode_Library">
<var>${status}</var>
<arg>wnd[1]/usr/txtGV_TEXT2</arg>
<doc>Gets the value of the given element. The possible return values depend on the type of element (see Return values).</doc>
<msg timestamp="20240916 11:23:18.377" level="INFO">${status} = Implement the automatic correction instructions</msg>
<status status="PASS" starttime="20240916 11:23:18.360" endtime="20240916 11:23:18.377"/>
</kw>
<if>
<branch type="IF" condition="&quot;${status}&quot; == &quot;Confirm completion of the manual activities&quot;">
<kw name="Get Row Count" library="SAP_Tcode_Library">
<var>${row}</var>
<arg>wnd[1]/usr/cntlCONTAINER/shellcont/shellcont/shell/shellcont[0]/shell</arg>
<doc>Returns the number of rows found in the specified table.</doc>
<status status="NOT RUN" starttime="20240916 11:23:18.377" endtime="20240916 11:23:18.377"/>
</kw>
<kw name="Log To Console" library="BuiltIn">
<arg>${row}</arg>
<doc>Logs the given message to the console.</doc>
<status status="NOT RUN" starttime="20240916 11:23:18.377" endtime="20240916 11:23:18.377"/>
</kw>
<kw name="Click Element" library="SAP_Tcode_Library">
<arg>wnd[1]/tbar[0]/btn[9]</arg>
<doc>Performs a single click on a given element. Used only for buttons, tabs and menu items.</doc>
<status status="NOT RUN" starttime="20240916 11:23:18.377" endtime="20240916 11:23:18.377"/>
</kw>
<kw name="Sleep" library="BuiltIn">
<arg>10</arg>
<doc>Pauses the test executed for the given time.</doc>
<status status="NOT RUN" starttime="20240916 11:23:18.377" endtime="20240916 11:23:18.377"/>
</kw>
<kw name="Click Element" library="SAP_Tcode_Library">
<arg>wnd[1]/tbar[0]/btn[0]</arg>
<doc>Performs a single click on a given element. Used only for buttons, tabs and menu items.</doc>
<status status="NOT RUN" starttime="20240916 11:23:18.377" endtime="20240916 11:23:18.377"/>
</kw>
<kw name="Sleep" library="BuiltIn">
<arg>2</arg>
<doc>Pauses the test executed for the given time.</doc>
<status status="NOT RUN" starttime="20240916 11:23:18.377" endtime="20240916 11:23:18.377"/>
</kw>
<kw name="Run Transaction" library="SAP_Tcode_Library">
<arg>/nSE38</arg>
<doc>Runs a Sap transaction. An error is given when an unknown transaction is specified.</doc>
<status status="NOT RUN" starttime="20240916 11:23:18.377" endtime="20240916 11:23:18.377"/>
</kw>
<kw name="Input Text" library="SAP_Tcode_Library">
<arg>wnd[0]/usr/ctxtRS38M-PROGRAMM</arg>
<arg>/SDF/JM_NOTE_CHECKPNT_3485517</arg>
<doc>Inserts the given text into the text field identified by locator.
Use keyword `input password` to insert a password in a text field.</doc>
<status status="NOT RUN" starttime="20240916 11:23:18.377" endtime="20240916 11:23:18.377"/>
</kw>
<kw name="Sleep" library="BuiltIn">
<arg>2</arg>
<doc>Pauses the test executed for the given time.</doc>
<status status="NOT RUN" starttime="20240916 11:23:18.377" endtime="20240916 11:23:18.377"/>
</kw>
<kw name="Click Element" library="SAP_Tcode_Library">
<arg>wnd[0]/tbar[1]/btn[8]</arg>
<doc>Performs a single click on a given element. Used only for buttons, tabs and menu items.</doc>
<status status="NOT RUN" starttime="20240916 11:23:18.377" endtime="20240916 11:23:18.377"/>
</kw>
<kw name="Sleep" library="BuiltIn">
<arg>10</arg>
<doc>Pauses the test executed for the given time.</doc>
<status status="NOT RUN" starttime="20240916 11:23:18.377" endtime="20240916 11:23:18.377"/>
</kw>
<kw name="Run Transaction" library="SAP_Tcode_Library">
<arg>/nsnote</arg>
<doc>Runs a Sap transaction. An error is given when an unknown transaction is specified.</doc>
<status status="NOT RUN" starttime="20240916 11:23:18.377" endtime="20240916 11:23:18.377"/>
</kw>
<kw name="Sleep" library="BuiltIn">
<arg>2</arg>
<doc>Pauses the test executed for the given time.</doc>
<status status="NOT RUN" starttime="20240916 11:23:18.377" endtime="20240916 11:23:18.377"/>
</kw>
<kw name="Click Element" library="SAP_Tcode_Library">
<arg>wnd[0]/tbar[1]/btn[33]</arg>
<doc>Performs a single click on a given element. Used only for buttons, tabs and menu items.</doc>
<status status="NOT RUN" starttime="20240916 11:23:18.377" endtime="20240916 11:23:18.377"/>
</kw>
<kw name="Sleep" library="BuiltIn">
<arg>2</arg>
<doc>Pauses the test executed for the given time.</doc>
<status status="NOT RUN" starttime="20240916 11:23:18.377" endtime="20240916 11:23:18.377"/>
</kw>
<kw name="Input Text" library="SAP_Tcode_Library">
<arg>wnd[0]/usr/txtNUMM-LOW</arg>
<arg>${number}</arg>
<doc>Inserts the given text into the text field identified by locator.
Use keyword `input password` to insert a password in a text field.</doc>
<status status="NOT RUN" starttime="20240916 11:23:18.377" endtime="20240916 11:23:18.377"/>
</kw>
<kw name="Sleep" library="BuiltIn">
<arg>2</arg>
<doc>Pauses the test executed for the given time.</doc>
<status status="NOT RUN" starttime="20240916 11:23:18.377" endtime="20240916 11:23:18.377"/>
</kw>
<kw name="Click Element" library="SAP_Tcode_Library">
<arg>wnd[0]/tbar[1]/btn[8]</arg>
<doc>Performs a single click on a given element. Used only for buttons, tabs and menu items.</doc>
<status status="NOT RUN" starttime="20240916 11:23:18.377" endtime="20240916 11:23:18.377"/>
</kw>
<kw name="Sleep" library="BuiltIn">
<arg>2</arg>
<doc>Pauses the test executed for the given time.</doc>
<status status="NOT RUN" starttime="20240916 11:23:18.377" endtime="20240916 11:23:18.377"/>
</kw>
<kw name="Click Element" library="SAP_Tcode_Library">
<arg>wnd[0]/tbar[1]/btn[25]</arg>
<doc>Performs a single click on a given element. Used only for buttons, tabs and menu items.</doc>
<status status="NOT RUN" starttime="20240916 11:23:18.377" endtime="20240916 11:23:18.377"/>
</kw>
<kw name="Sleep" library="BuiltIn">
<arg>2</arg>
<doc>Pauses the test executed for the given time.</doc>
<status status="NOT RUN" starttime="20240916 11:23:18.377" endtime="20240916 11:23:18.377"/>
</kw>
<kw name="Window Handling" library="SAP_Tcode_Library">
<arg>wnd[1]</arg>
<arg>Information</arg>
<arg>wnd[1]/tbar[0]/btn[0]</arg>
<status status="NOT RUN" starttime="20240916 11:23:18.377" endtime="20240916 11:23:18.377"/>
</kw>
<kw name="Sleep" library="BuiltIn">
<arg>2</arg>
<doc>Pauses the test executed for the given time.</doc>
<status status="NOT RUN" starttime="20240916 11:23:18.377" endtime="20240916 11:23:18.377"/>
</kw>
<kw name="Get Window Title" library="SAP_Tcode_Library">
<var>${window1}</var>
<arg>wnd[1]</arg>
<doc>Retrieves the window title of the given window.</doc>
<status status="NOT RUN" starttime="20240916 11:23:18.377" endtime="20240916 11:23:18.377"/>
</kw>
<if>
<branch type="IF" condition="&quot;${window1}&quot; == &quot;Queue of correction instructions to be installed&quot;">
<kw name="Get Value" library="SAP_Tcode_Library">
<var>${status1}</var>
<arg>wnd[1]/usr/txtGV_TEXT2</arg>
<doc>Gets the value of the given element. The possible return values depend on the type of element (see Return values).</doc>
<status status="NOT RUN" starttime="20240916 11:23:18.377" endtime="20240916 11:23:18.377"/>
</kw>
<if>
<branch type="IF" condition="&quot;${status1}&quot; == &quot;Confirm completion of the manual activities&quot;">
<kw name="Get Row Count" library="SAP_Tcode_Library">
<var>${row}</var>
<arg>wnd[1]/usr/cntlCONTAINER/shellcont/shellcont/shell/shellcont[0]/shell</arg>
<doc>Returns the number of rows found in the specified table.</doc>
<status status="NOT RUN" starttime="20240916 11:23:18.377" endtime="20240916 11:23:18.377"/>
</kw>
<kw name="Log To Console" library="BuiltIn">
<arg>${row}</arg>
<doc>Logs the given message to the console.</doc>
<status status="NOT RUN" starttime="20240916 11:23:18.377" endtime="20240916 11:23:18.377"/>
</kw>
<kw name="Click Element" library="SAP_Tcode_Library">
<arg>wnd[1]/tbar[0]/btn[9]</arg>
<doc>Performs a single click on a given element. Used only for buttons, tabs and menu items.</doc>
<status status="NOT RUN" starttime="20240916 11:23:18.377" endtime="20240916 11:23:18.377"/>
</kw>
<kw name="Sleep" library="BuiltIn">
<arg>10</arg>
<doc>Pauses the test executed for the given time.</doc>
<status status="NOT RUN" starttime="20240916 11:23:18.377" endtime="20240916 11:23:18.377"/>
</kw>
<kw name="Click Element" library="SAP_Tcode_Library">
<arg>wnd[1]/tbar[0]/btn[0]</arg>
<doc>Performs a single click on a given element. Used only for buttons, tabs and menu items.</doc>
<status status="NOT RUN" starttime="20240916 11:23:18.377" endtime="20240916 11:23:18.377"/>
</kw>
<kw name="Sleep" library="BuiltIn">
<arg>2</arg>
<doc>Pauses the test executed for the given time.</doc>
<status status="NOT RUN" starttime="20240916 11:23:18.377" endtime="20240916 11:23:18.377"/>
</kw>
<status status="NOT RUN" starttime="20240916 11:23:18.377" endtime="20240916 11:23:18.377"/>
</branch>
<branch type="ELSE IF" condition="&quot;${status1}&quot; == &quot;Implement the automatic correction instructions&quot;">
<kw name="Click Element" library="SAP_Tcode_Library">
<arg>wnd[1]/tbar[0]/btn[13]</arg>
<doc>Performs a single click on a given element. Used only for buttons, tabs and menu items.</doc>
<status status="NOT RUN" starttime="20240916 11:23:18.377" endtime="20240916 11:23:18.377"/>
</kw>
<status status="NOT RUN" starttime="20240916 11:23:18.377" endtime="20240916 11:23:18.377"/>
</branch>
<status status="NOT RUN" starttime="20240916 11:23:18.377" endtime="20240916 11:23:18.377"/>
</if>
<status status="NOT RUN" starttime="20240916 11:23:18.377" endtime="20240916 11:23:18.377"/>
</branch>
<branch type="ELSE">
<kw name="Log To Console" library="BuiltIn">
<arg>Queue window doesn't exits after job execution</arg>
<doc>Logs the given message to the console.</doc>
<status status="NOT RUN" starttime="20240916 11:23:18.390" endtime="20240916 11:23:18.390"/>
</kw>
<status status="NOT RUN" starttime="20240916 11:23:18.377" endtime="20240916 11:23:18.390"/>
</branch>
<status status="NOT RUN" starttime="20240916 11:23:18.377" endtime="20240916 11:23:18.390"/>
</if>
<status status="NOT RUN" starttime="20240916 11:23:18.377" endtime="20240916 11:23:18.390"/>
</branch>
<branch type="ELSE IF" condition="&quot;${status}&quot; == &quot;Implement the automatic correction instructions&quot;">
<kw name="Click Element" library="SAP_Tcode_Library">
<arg>wnd[1]/tbar[0]/btn[13]</arg>
<doc>Performs a single click on a given element. Used only for buttons, tabs and menu items.</doc>
<status status="PASS" starttime="20240916 11:23:18.390" endtime="20240916 11:23:18.676"/>
</kw>
<status status="PASS" starttime="20240916 11:23:18.390" endtime="20240916 11:23:18.676"/>
</branch>
<status status="PASS" starttime="20240916 11:23:18.377" endtime="20240916 11:23:18.676"/>
</if>
<status status="PASS" starttime="20240916 11:23:18.360" endtime="20240916 11:23:18.676"/>
</branch>
<branch type="ELSE">
<kw name="Log To Console" library="BuiltIn">
<arg>Queue window doesn't exits</arg>
<doc>Logs the given message to the console.</doc>
<status status="NOT RUN" starttime="20240916 11:23:18.676" endtime="20240916 11:23:18.676"/>
</kw>
<status status="NOT RUN" starttime="20240916 11:23:18.676" endtime="20240916 11:23:18.676"/>
</branch>
<status status="PASS" starttime="20240916 11:23:18.360" endtime="20240916 11:23:18.676"/>
</if>
<kw name="Window Handling" library="SAP_Tcode_Library">
<arg>wnd[1]</arg>
<arg>Confirmation: Manual action</arg>
<arg>wnd[1]/usr/btnBUTTON_1</arg>
<msg timestamp="20240916 11:23:18.707" level="INFO">Information</msg>
<status status="PASS" starttime="20240916 11:23:18.676" endtime="20240916 11:23:18.707"/>
</kw>
<kw name="Get Window Title" library="SAP_Tcode_Library">
<var>${title}</var>
<arg>wnd[1]</arg>
<doc>Retrieves the window title of the given window.</doc>
<msg timestamp="20240916 11:23:18.707" level="INFO">${title} = Information</msg>
<status status="PASS" starttime="20240916 11:23:18.707" endtime="20240916 11:23:18.707"/>
</kw>
<if>
<branch type="IF" condition="&quot;${title}&quot; == &quot;Confirmation: Manual action&quot;">
<kw name="Click Element" library="SAP_Tcode_Library">
<arg>wnd[1]/usr/btnBUTTON_1</arg>
<doc>Performs a single click on a given element. Used only for buttons, tabs and menu items.</doc>
<status status="NOT RUN" starttime="20240916 11:23:18.707" endtime="20240916 11:23:18.707"/>
</kw>
<status status="NOT RUN" starttime="20240916 11:23:18.707" endtime="20240916 11:23:18.707"/>
</branch>
<branch type="ELSE IF" condition="&quot;${title}&quot; == &quot;Confirmation: SAP Note read&quot;">
<kw name="Click Element" library="SAP_Tcode_Library">
<arg>wnd[1]/usr/btnBUTTON_1</arg>
<doc>Performs a single click on a given element. Used only for buttons, tabs and menu items.</doc>
<status status="NOT RUN" starttime="20240916 11:23:18.707" endtime="20240916 11:23:18.707"/>
</kw>
<status status="NOT RUN" starttime="20240916 11:23:18.707" endtime="20240916 11:23:18.707"/>
</branch>
<status status="PASS" starttime="20240916 11:23:18.707" endtime="20240916 11:23:18.707"/>
</if>
<kw name="Window Handling" library="SAP_Tcode_Library">
<arg>wnd[1]</arg>
<arg>Information</arg>
<arg>wnd[1]/tbar[0]/btn[0]</arg>
<msg timestamp="20240916 11:23:19.108" level="INFO">Information</msg>
<status status="PASS" starttime="20240916 11:23:18.707" endtime="20240916 11:23:19.108"/>
</kw>
<kw name="Create Transport" library="SAP_Tcode_Library">
<arg>wnd[1]</arg>
<arg>wnd[1]/tbar[0]/btn[8]</arg>
<arg>TR-ALM</arg>
<arg>wnd[2]/tbar[0]/btn[0]</arg>
<status status="PASS" starttime="20240916 11:23:19.108" endtime="20240916 11:23:19.175"/>
</kw>
<kw name="Sleep" library="BuiltIn">
<arg>10</arg>
<doc>Pauses the test executed for the given time.</doc>
<msg timestamp="20240916 11:23:29.175" level="INFO">Slept 10 seconds</msg>
<status status="PASS" starttime="20240916 11:23:19.175" endtime="20240916 11:23:29.175"/>
</kw>
<kw name="Window Handling" library="SAP_Tcode_Library">
<arg>wnd[1]</arg>
<arg>Object Editing: Initial Screen</arg>
<arg>wnd[1]/tbar[0]/btn[0]</arg>
<msg timestamp="20240916 11:23:29.175" level="INFO">Confirm Changes</msg>
<status status="PASS" starttime="20240916 11:23:29.175" endtime="20240916 11:23:29.175"/>
</kw>
<kw name="Sleep" library="BuiltIn">
<arg>10</arg>
<doc>Pauses the test executed for the given time.</doc>
<msg timestamp="20240916 11:23:39.176" level="INFO">Slept 10 seconds</msg>
<status status="PASS" starttime="20240916 11:23:29.175" endtime="20240916 11:23:39.176"/>
</kw>
<kw name="Window Handling" library="SAP_Tcode_Library">
<arg>wnd[1]</arg>
<arg>Confirm Changes</arg>
<arg>wnd[1]/tbar[0]/btn[0]</arg>
<msg timestamp="20240916 11:23:39.444" level="INFO">Confirm Changes</msg>
<status status="PASS" starttime="20240916 11:23:39.176" endtime="20240916 11:23:39.444"/>
</kw>
<kw name="Sleep" library="BuiltIn">
<arg>10</arg>
<doc>Pauses the test executed for the given time.</doc>
<msg timestamp="20240916 11:23:49.445" level="INFO">Slept 10 seconds</msg>
<status status="PASS" starttime="20240916 11:23:39.444" endtime="20240916 11:23:49.445"/>
</kw>
<kw name="Window Handling" library="SAP_Tcode_Library">
<arg>wnd[1]</arg>
<arg>Inactive Objects for ${symvar('ABAP_USER')}</arg>
<arg>wnd[1]/tbar[0]/btn[0]</arg>
<msg timestamp="20240916 11:23:49.445" level="INFO">Sym.Dev.ABAP_USER: BCSADMIN</msg>
<msg timestamp="20240916 11:23:49.445" level="INFO">Confirm SAP Note Implementation</msg>
<status status="PASS" starttime="20240916 11:23:49.445" endtime="20240916 11:23:49.445"/>
</kw>
<kw name="Sleep" library="BuiltIn">
<arg>10</arg>
<doc>Pauses the test executed for the given time.</doc>
<msg timestamp="20240916 11:23:59.445" level="INFO">Slept 10 seconds</msg>
<status status="PASS" starttime="20240916 11:23:49.445" endtime="20240916 11:23:59.445"/>
</kw>
<kw name="Window Handling" library="SAP_Tcode_Library">
<arg>wnd[2]</arg>
<arg>Activation Error</arg>
<arg>wnd[2]/usr/btnBUTTON_1</arg>
<msg timestamp="20240916 11:23:59.445" level="INFO">Error: (-2147352567, 'Exception occurred.', (619, 'SAP Frontend Server', 'The control could not be found by id.', 'C:\\Program Files (x86)\\SAP\\FrontEnd\\SAPGUI\\sapfront.HLP', 393215, 0), None)</msg>
<status status="PASS" starttime="20240916 11:23:59.445" endtime="20240916 11:23:59.445"/>
</kw>
<kw name="Sleep" library="BuiltIn">
<arg>5</arg>
<doc>Pauses the test executed for the given time.</doc>
<msg timestamp="20240916 11:24:04.445" level="INFO">Slept 5 seconds</msg>
<status status="PASS" starttime="20240916 11:23:59.445" endtime="20240916 11:24:04.445"/>
</kw>
<kw name="Run Keyword And Return Status" library="BuiltIn">
<var>${window_exist}</var>
<arg>Element Should Be Present</arg>
<arg>wnd[1]</arg>
<doc>Runs the given keyword with given arguments and returns the status as a Boolean value.</doc>
<kw name="Element Should Be Present" library="SAP_Tcode_Library">
<arg>wnd[1]</arg>
<doc>Checks whether an element is present on the screen.</doc>
<status status="PASS" starttime="20240916 11:24:04.445" endtime="20240916 11:24:04.445"/>
</kw>
<msg timestamp="20240916 11:24:04.445" level="INFO">${window_exist} = True</msg>
<status status="PASS" starttime="20240916 11:24:04.445" endtime="20240916 11:24:04.445"/>
</kw>
<if>
<branch type="IF" condition="'${window_exist}' == 'True'">
<kw name="Get Window Title" library="SAP_Tcode_Library">
<var>${window2}</var>
<arg>wnd[1]</arg>
<doc>Retrieves the window title of the given window.</doc>
<msg timestamp="20240916 11:24:04.445" level="INFO">${window2} = Queue of correction instructions to be installed</msg>
<status status="PASS" starttime="20240916 11:24:04.445" endtime="20240916 11:24:04.445"/>
</kw>
<if>
<branch type="IF" condition="&quot;${window2}&quot; == &quot;Queue of correction instructions to be installed&quot;">
<kw name="Get Value" library="SAP_Tcode_Library">
<var>${status2}</var>
<arg>wnd[1]/usr/txtGV_TEXT2</arg>
<doc>Gets the value of the given element. The possible return values depend on the type of element (see Return values).</doc>
<msg timestamp="20240916 11:24:04.468" level="INFO">${status2} = Implement the automatic correction instructions</msg>
<status status="PASS" starttime="20240916 11:24:04.445" endtime="20240916 11:24:04.468"/>
</kw>
<if>
<branch type="IF" condition="&quot;${status2}&quot; == &quot;Confirm completion of the manual activities&quot;">
<kw name="Get Row Count" library="SAP_Tcode_Library">
<var>${row}</var>
<arg>wnd[1]/usr/cntlCONTAINER/shellcont/shellcont/shell/shellcont[0]/shell</arg>
<doc>Returns the number of rows found in the specified table.</doc>
<status status="NOT RUN" starttime="20240916 11:24:04.468" endtime="20240916 11:24:04.468"/>
</kw>
<kw name="Log" library="BuiltIn">
<arg>${row}</arg>
<doc>Logs the given message with the given level.</doc>
<status status="NOT RUN" starttime="20240916 11:24:04.468" endtime="20240916 11:24:04.468"/>
</kw>
<kw name="Click Element" library="SAP_Tcode_Library">
<arg>wnd[1]/tbar[0]/btn[9]</arg>
<doc>Performs a single click on a given element. Used only for buttons, tabs and menu items.</doc>
<status status="NOT RUN" starttime="20240916 11:24:04.468" endtime="20240916 11:24:04.468"/>
</kw>
<kw name="Sleep" library="BuiltIn">
<arg>10</arg>
<doc>Pauses the test executed for the given time.</doc>
<status status="NOT RUN" starttime="20240916 11:24:04.468" endtime="20240916 11:24:04.468"/>
</kw>
<kw name="Click Element" library="SAP_Tcode_Library">
<arg>wnd[1]/tbar[0]/btn[0]</arg>
<doc>Performs a single click on a given element. Used only for buttons, tabs and menu items.</doc>
<status status="NOT RUN" starttime="20240916 11:24:04.468" endtime="20240916 11:24:04.468"/>
</kw>
<kw name="Sleep" library="BuiltIn">
<arg>2</arg>
<doc>Pauses the test executed for the given time.</doc>
<status status="NOT RUN" starttime="20240916 11:24:04.468" endtime="20240916 11:24:04.468"/>
</kw>
<status status="NOT RUN" starttime="20240916 11:24:04.468" endtime="20240916 11:24:04.468"/>
</branch>
<branch type="ELSE IF" condition="&quot;${status2}&quot; == &quot;Implement the automatic correction instructions&quot;">
<kw name="Click Element" library="SAP_Tcode_Library">
<arg>wnd[1]/tbar[0]/btn[13]</arg>
<doc>Performs a single click on a given element. Used only for buttons, tabs and menu items.</doc>
<status status="PASS" starttime="20240916 11:24:04.468" endtime="20240916 11:24:07.144"/>
</kw>
<status status="PASS" starttime="20240916 11:24:04.468" endtime="20240916 11:24:07.144"/>
</branch>
<status status="PASS" starttime="20240916 11:24:04.468" endtime="20240916 11:24:07.144"/>
</if>
<status status="PASS" starttime="20240916 11:24:04.445" endtime="20240916 11:24:07.144"/>
</branch>
<branch type="ELSE">
<kw name="Log" library="BuiltIn">
<arg>Queue window doesn't exits after activation error</arg>
<doc>Logs the given message with the given level.</doc>
<status status="NOT RUN" starttime="20240916 11:24:07.144" endtime="20240916 11:24:07.144"/>
</kw>
<status status="NOT RUN" starttime="20240916 11:24:07.144" endtime="20240916 11:24:07.144"/>
</branch>
<status status="PASS" starttime="20240916 11:24:04.445" endtime="20240916 11:24:07.144"/>
</if>
<status status="PASS" starttime="20240916 11:24:04.445" endtime="20240916 11:24:07.144"/>
</branch>
<branch type="ELSE">
<kw name="Log" library="BuiltIn">
<arg>Window wnd[1] does not exist</arg>
<doc>Logs the given message with the given level.</doc>
<status status="NOT RUN" starttime="20240916 11:24:07.144" endtime="20240916 11:24:07.144"/>
</kw>
<status status="NOT RUN" starttime="20240916 11:24:07.144" endtime="20240916 11:24:07.144"/>
</branch>
<status status="PASS" starttime="20240916 11:24:04.445" endtime="20240916 11:24:07.144"/>
</if>
<kw name="Window Handling" library="SAP_Tcode_Library">
<arg>wnd[1]</arg>
<arg>Confirm SAP Note Implementation</arg>
<arg>wnd[1]/tbar[0]/btn[0]</arg>
<msg timestamp="20240916 11:24:07.272" level="INFO">Confirm Changes</msg>
<status status="PASS" starttime="20240916 11:24:07.144" endtime="20240916 11:24:07.272"/>
</kw>
<kw name="Sleep" library="BuiltIn">
<arg>5</arg>
<doc>Pauses the test executed for the given time.</doc>
<msg timestamp="20240916 11:24:12.272" level="INFO">Slept 5 seconds</msg>
<status status="PASS" starttime="20240916 11:24:07.272" endtime="20240916 11:24:12.272"/>
</kw>
<kw name="Window Handling" library="SAP_Tcode_Library">
<arg>wnd[1]</arg>
<arg>Queue of correction instructions to be installed</arg>
<arg>wnd[1]/tbar[0]/btn[13]</arg>
<msg timestamp="20240916 11:24:12.274" level="INFO">Confirm Changes</msg>
<status status="PASS" starttime="20240916 11:24:12.272" endtime="20240916 11:24:12.274"/>
</kw>
<kw name="Sleep" library="BuiltIn">
<arg>5</arg>
<doc>Pauses the test executed for the given time.</doc>
<msg timestamp="20240916 11:24:17.274" level="INFO">Slept 5 seconds</msg>
<status status="PASS" starttime="20240916 11:24:12.274" endtime="20240916 11:24:17.274"/>
</kw>
<kw name="Window Handling" library="SAP_Tcode_Library">
<arg>wnd[1]</arg>
<arg>Confirm Changes</arg>
<arg>wnd[1]/tbar[0]/btn[0]</arg>
<msg timestamp="20240916 11:24:19.265" level="INFO">Confirm Changes</msg>
<status status="PASS" starttime="20240916 11:24:17.274" endtime="20240916 11:24:19.265"/>
</kw>
<kw name="Sleep" library="BuiltIn">
<arg>5</arg>
<doc>Pauses the test executed for the given time.</doc>
<msg timestamp="20240916 11:24:24.265" level="INFO">Slept 5 seconds</msg>
<status status="PASS" starttime="20240916 11:24:19.265" endtime="20240916 11:24:24.265"/>
</kw>
<kw name="Window Handling" library="SAP_Tcode_Library">
<arg>wnd[1]</arg>
<arg>Inactive Objects for ${symvar('ABAP_USER')}</arg>
<arg>wnd[1]/tbar[0]/btn[0]</arg>
<msg timestamp="20240916 11:24:24.265" level="INFO">Sym.Dev.ABAP_USER: BCSADMIN</msg>
<msg timestamp="20240916 11:24:33.975" level="INFO">Inactive Objects for BCSADMIN</msg>
<status status="PASS" starttime="20240916 11:24:24.265" endtime="20240916 11:24:33.975"/>
</kw>
<kw name="Sleep" library="BuiltIn">
<arg>5</arg>
<doc>Pauses the test executed for the given time.</doc>
<msg timestamp="20240916 11:24:38.976" level="INFO">Slept 5 seconds</msg>
<status status="PASS" starttime="20240916 11:24:33.975" endtime="20240916 11:24:38.976"/>
</kw>
<kw name="Click Element" library="SAP_Tcode_Library">
<arg>wnd[0]/tbar[0]/btn[3]</arg>
<doc>Performs a single click on a given element. Used only for buttons, tabs and menu items.</doc>
<status status="PASS" starttime="20240916 11:24:38.976" endtime="20240916 11:24:39.091"/>
</kw>
<status status="PASS" starttime="20240916 11:23:03.264" endtime="20240916 11:24:39.091"/>
</branch>
<branch type="ELSE IF" condition="'${value}' == 'Incompletely implemented'">
<kw name="Click Element" library="SAP_Tcode_Library">
<arg>wnd[0]/tbar[0]/btn[3]</arg>
<doc>Performs a single click on a given element. Used only for buttons, tabs and menu items.</doc>
<status status="NOT RUN" starttime="20240916 11:24:39.091" endtime="20240916 11:24:39.091"/>
</kw>
<kw name="Sleep" library="BuiltIn">
<arg>2</arg>
<doc>Pauses the test executed for the given time.</doc>
<status status="NOT RUN" starttime="20240916 11:24:39.091" endtime="20240916 11:24:39.091"/>
</kw>
<kw name="Click Element" library="SAP_Tcode_Library">
<arg>wnd[0]/tbar[1]/btn[25]</arg>
<doc>Performs a single click on a given element. Used only for buttons, tabs and menu items.</doc>
<status status="NOT RUN" starttime="20240916 11:24:39.091" endtime="20240916 11:24:39.091"/>
</kw>
<kw name="Window Handling" library="SAP_Tcode_Library">
<arg>wnd[1]</arg>
<arg>Change processor of SAP Note 000${number}</arg>
<arg>wnd[1]/usr/btnSPOP-OPTION1</arg>
<status status="NOT RUN" starttime="20240916 11:24:39.091" endtime="20240916 11:24:39.091"/>
</kw>
<kw name="Window Handling" library="SAP_Tcode_Library">
<arg>wnd[1]</arg>
<arg>Information</arg>
<arg>wnd[1]/tbar[0]/btn[0]</arg>
<status status="NOT RUN" starttime="20240916 11:24:39.091" endtime="20240916 11:24:39.091"/>
</kw>
<kw name="Change Of Process" library="SAP_Tcode_Library">
<arg>wnd[1]</arg>
<arg>wnd[1]/usr/btnSPOP-OPTION1</arg>
<status status="NOT RUN" starttime="20240916 11:24:39.091" endtime="20240916 11:24:39.091"/>
</kw>
<kw name="Sleep" library="BuiltIn">
<arg>2</arg>
<doc>Pauses the test executed for the given time.</doc>
<status status="NOT RUN" starttime="20240916 11:24:39.091" endtime="20240916 11:24:39.091"/>
</kw>
<kw name="Get Window Title" library="SAP_Tcode_Library">
<var>${window}</var>
<arg>wnd[1]</arg>
<doc>Retrieves the window title of the given window.</doc>
<status status="NOT RUN" starttime="20240916 11:24:39.091" endtime="20240916 11:24:39.091"/>
</kw>
<if>
<branch type="IF" condition="&quot;${window}&quot; == &quot;Queue of correction instructions to be installed&quot;">
<kw name="Get Value" library="SAP_Tcode_Library">
<var>${status}</var>
<arg>wnd[1]/usr/txtGV_TEXT2</arg>
<doc>Gets the value of the given element. The possible return values depend on the type of element (see Return values).</doc>
<status status="NOT RUN" starttime="20240916 11:24:39.091" endtime="20240916 11:24:39.091"/>
</kw>
<if>
<branch type="IF" condition="&quot;${status}&quot; == &quot;Confirm completion of the manual activities&quot;">
<kw name="Get Row Count" library="SAP_Tcode_Library">
<var>${row}</var>
<arg>wnd[1]/usr/cntlCONTAINER/shellcont/shellcont/shell/shellcont[0]/shell</arg>
<doc>Returns the number of rows found in the specified table.</doc>
<status status="NOT RUN" starttime="20240916 11:24:39.091" endtime="20240916 11:24:39.091"/>
</kw>
<kw name="Log To Console" library="BuiltIn">
<arg>${row}</arg>
<doc>Logs the given message to the console.</doc>
<status status="NOT RUN" starttime="20240916 11:24:39.091" endtime="20240916 11:24:39.091"/>
</kw>
<kw name="Click Element" library="SAP_Tcode_Library">
<arg>wnd[1]/tbar[0]/btn[9]</arg>
<doc>Performs a single click on a given element. Used only for buttons, tabs and menu items.</doc>
<status status="NOT RUN" starttime="20240916 11:24:39.091" endtime="20240916 11:24:39.091"/>
</kw>
<kw name="Sleep" library="BuiltIn">
<arg>10</arg>
<doc>Pauses the test executed for the given time.</doc>
<status status="NOT RUN" starttime="20240916 11:24:39.091" endtime="20240916 11:24:39.091"/>
</kw>
<kw name="Click Element" library="SAP_Tcode_Library">
<arg>wnd[1]/tbar[0]/btn[0]</arg>
<doc>Performs a single click on a given element. Used only for buttons, tabs and menu items.</doc>
<status status="NOT RUN" starttime="20240916 11:24:39.091" endtime="20240916 11:24:39.091"/>
</kw>
<kw name="Sleep" library="BuiltIn">
<arg>2</arg>
<doc>Pauses the test executed for the given time.</doc>
<status status="NOT RUN" starttime="20240916 11:24:39.091" endtime="20240916 11:24:39.091"/>
</kw>
<kw name="Run Transaction" library="SAP_Tcode_Library">
<arg>/nSE38</arg>
<doc>Runs a Sap transaction. An error is given when an unknown transaction is specified.</doc>
<status status="NOT RUN" starttime="20240916 11:24:39.091" endtime="20240916 11:24:39.091"/>
</kw>
<kw name="Input Text" library="SAP_Tcode_Library">
<arg>wnd[0]/usr/ctxtRS38M-PROGRAMM</arg>
<arg>/SDF/JM_NOTE_CHECKPNT_3485517</arg>
<doc>Inserts the given text into the text field identified by locator.
Use keyword `input password` to insert a password in a text field.</doc>
<status status="NOT RUN" starttime="20240916 11:24:39.091" endtime="20240916 11:24:39.091"/>
</kw>
<kw name="Sleep" library="BuiltIn">
<arg>2</arg>
<doc>Pauses the test executed for the given time.</doc>
<status status="NOT RUN" starttime="20240916 11:24:39.091" endtime="20240916 11:24:39.091"/>
</kw>
<kw name="Click Element" library="SAP_Tcode_Library">
<arg>wnd[0]/tbar[1]/btn[8]</arg>
<doc>Performs a single click on a given element. Used only for buttons, tabs and menu items.</doc>
<status status="NOT RUN" starttime="20240916 11:24:39.091" endtime="20240916 11:24:39.091"/>
</kw>
<kw name="Sleep" library="BuiltIn">
<arg>2</arg>
<doc>Pauses the test executed for the given time.</doc>
<status status="NOT RUN" starttime="20240916 11:24:39.091" endtime="20240916 11:24:39.091"/>
</kw>
<kw name="Window Handling" library="SAP_Tcode_Library">
<arg>wnd[1]</arg>
<arg>Execute/test object</arg>
<arg>wnd[1]/usr/btnBUTTON_1</arg>
<status status="NOT RUN" starttime="20240916 11:24:39.091" endtime="20240916 11:24:39.091"/>
</kw>
<kw name="Sleep" library="BuiltIn">
<arg>10</arg>
<doc>Pauses the test executed for the given time.</doc>
<status status="NOT RUN" starttime="20240916 11:24:39.091" endtime="20240916 11:24:39.091"/>
</kw>
<kw name="Run Transaction" library="SAP_Tcode_Library">
<arg>/nsnote</arg>
<doc>Runs a Sap transaction. An error is given when an unknown transaction is specified.</doc>
<status status="NOT RUN" starttime="20240916 11:24:39.091" endtime="20240916 11:24:39.091"/>
</kw>
<kw name="Sleep" library="BuiltIn">
<arg>2</arg>
<doc>Pauses the test executed for the given time.</doc>
<status status="NOT RUN" starttime="20240916 11:24:39.091" endtime="20240916 11:24:39.091"/>
</kw>
<kw name="Click Element" library="SAP_Tcode_Library">
<arg>wnd[0]/tbar[1]/btn[33]</arg>
<doc>Performs a single click on a given element. Used only for buttons, tabs and menu items.</doc>
<status status="NOT RUN" starttime="20240916 11:24:39.091" endtime="20240916 11:24:39.091"/>
</kw>
<kw name="Sleep" library="BuiltIn">
<arg>2</arg>
<doc>Pauses the test executed for the given time.</doc>
<status status="NOT RUN" starttime="20240916 11:24:39.091" endtime="20240916 11:24:39.091"/>
</kw>
<kw name="Input Text" library="SAP_Tcode_Library">
<arg>wnd[0]/usr/txtNUMM-LOW</arg>
<arg>${number}</arg>
<doc>Inserts the given text into the text field identified by locator.
Use keyword `input password` to insert a password in a text field.</doc>
<status status="NOT RUN" starttime="20240916 11:24:39.091" endtime="20240916 11:24:39.091"/>
</kw>
<kw name="Sleep" library="BuiltIn">
<arg>2</arg>
<doc>Pauses the test executed for the given time.</doc>
<status status="NOT RUN" starttime="20240916 11:24:39.091" endtime="20240916 11:24:39.091"/>
</kw>
<kw name="Click Element" library="SAP_Tcode_Library">
<arg>wnd[0]/tbar[1]/btn[8]</arg>
<doc>Performs a single click on a given element. Used only for buttons, tabs and menu items.</doc>
<status status="NOT RUN" starttime="20240916 11:24:39.091" endtime="20240916 11:24:39.091"/>
</kw>
<kw name="Sleep" library="BuiltIn">
<arg>2</arg>
<doc>Pauses the test executed for the given time.</doc>
<status status="NOT RUN" starttime="20240916 11:24:39.091" endtime="20240916 11:24:39.091"/>
</kw>
<kw name="Click Element" library="SAP_Tcode_Library">
<arg>wnd[0]/tbar[1]/btn[25]</arg>
<doc>Performs a single click on a given element. Used only for buttons, tabs and menu items.</doc>
<status status="NOT RUN" starttime="20240916 11:24:39.091" endtime="20240916 11:24:39.091"/>
</kw>
<kw name="Sleep" library="BuiltIn">
<arg>2</arg>
<doc>Pauses the test executed for the given time.</doc>
<status status="NOT RUN" starttime="20240916 11:24:39.091" endtime="20240916 11:24:39.091"/>
</kw>
<kw name="Window Handling" library="SAP_Tcode_Library">
<arg>wnd[1]</arg>
<arg>Information</arg>
<arg>wnd[1]/tbar[0]/btn[0]</arg>
<status status="NOT RUN" starttime="20240916 11:24:39.091" endtime="20240916 11:24:39.091"/>
</kw>
<kw name="Sleep" library="BuiltIn">
<arg>2</arg>
<doc>Pauses the test executed for the given time.</doc>
<status status="NOT RUN" starttime="20240916 11:24:39.091" endtime="20240916 11:24:39.091"/>
</kw>
<kw name="Get Window Title" library="SAP_Tcode_Library">
<var>${window1}</var>
<arg>wnd[1]</arg>
<doc>Retrieves the window title of the given window.</doc>
<status status="NOT RUN" starttime="20240916 11:24:39.091" endtime="20240916 11:24:39.091"/>
</kw>
<if>
<branch type="IF" condition="&quot;${window1}&quot; == &quot;Queue of correction instructions to be installed&quot;">
<kw name="Get Value" library="SAP_Tcode_Library">
<var>${status1}</var>
<arg>wnd[1]/usr/txtGV_TEXT2</arg>
<doc>Gets the value of the given element. The possible return values depend on the type of element (see Return values).</doc>
<status status="NOT RUN" starttime="20240916 11:24:39.091" endtime="20240916 11:24:39.091"/>
</kw>
<if>
<branch type="IF" condition="&quot;${status1}&quot; == &quot;Confirm completion of the manual activities&quot;">
<kw name="Get Row Count" library="SAP_Tcode_Library">
<var>${row}</var>
<arg>wnd[1]/usr/cntlCONTAINER/shellcont/shellcont/shell/shellcont[0]/shell</arg>
<doc>Returns the number of rows found in the specified table.</doc>
<status status="NOT RUN" starttime="20240916 11:24:39.091" endtime="20240916 11:24:39.091"/>
</kw>
<kw name="Log To Console" library="BuiltIn">
<arg>${row}</arg>
<doc>Logs the given message to the console.</doc>
<status status="NOT RUN" starttime="20240916 11:24:39.091" endtime="20240916 11:24:39.091"/>
</kw>
<kw name="Click Element" library="SAP_Tcode_Library">
<arg>wnd[1]/tbar[0]/btn[9]</arg>
<doc>Performs a single click on a given element. Used only for buttons, tabs and menu items.</doc>
<status status="NOT RUN" starttime="20240916 11:24:39.091" endtime="20240916 11:24:39.091"/>
</kw>
<kw name="Sleep" library="BuiltIn">
<arg>10</arg>
<doc>Pauses the test executed for the given time.</doc>
<status status="NOT RUN" starttime="20240916 11:24:39.107" endtime="20240916 11:24:39.107"/>
</kw>
<kw name="Click Element" library="SAP_Tcode_Library">
<arg>wnd[1]/tbar[0]/btn[0]</arg>
<doc>Performs a single click on a given element. Used only for buttons, tabs and menu items.</doc>
<status status="NOT RUN" starttime="20240916 11:24:39.107" endtime="20240916 11:24:39.107"/>
</kw>
<kw name="Sleep" library="BuiltIn">
<arg>2</arg>
<doc>Pauses the test executed for the given time.</doc>
<status status="NOT RUN" starttime="20240916 11:24:39.107" endtime="20240916 11:24:39.107"/>
</kw>
<status status="NOT RUN" starttime="20240916 11:24:39.091" endtime="20240916 11:24:39.107"/>
</branch>
<branch type="ELSE IF" condition="&quot;${status1}&quot; == &quot;Implement the automatic correction instructions&quot;">
<kw name="Click Element" library="SAP_Tcode_Library">
<arg>wnd[1]/tbar[0]/btn[13]</arg>
<doc>Performs a single click on a given element. Used only for buttons, tabs and menu items.</doc>
<status status="NOT RUN" starttime="20240916 11:24:39.107" endtime="20240916 11:24:39.107"/>
</kw>
<status status="NOT RUN" starttime="20240916 11:24:39.107" endtime="20240916 11:24:39.107"/>
</branch>
<status status="NOT RUN" starttime="20240916 11:24:39.091" endtime="20240916 11:24:39.107"/>
</if>
<status status="NOT RUN" starttime="20240916 11:24:39.091" endtime="20240916 11:24:39.107"/>
</branch>
<branch type="ELSE">
<kw name="Log To Console" library="BuiltIn">
<arg>Queue window doesn't exits after job execution</arg>
<doc>Logs the given message to the console.</doc>
<status status="NOT RUN" starttime="20240916 11:24:39.107" endtime="20240916 11:24:39.107"/>
</kw>
<status status="NOT RUN" starttime="20240916 11:24:39.107" endtime="20240916 11:24:39.107"/>
</branch>
<status status="NOT RUN" starttime="20240916 11:24:39.091" endtime="20240916 11:24:39.107"/>
</if>
<status status="NOT RUN" starttime="20240916 11:24:39.091" endtime="20240916 11:24:39.107"/>
</branch>
<branch type="ELSE IF" condition="&quot;${status}&quot; == &quot;Implement the automatic correction instructions&quot;">
<kw name="Click Element" library="SAP_Tcode_Library">
<arg>wnd[1]/tbar[0]/btn[13]</arg>
<doc>Performs a single click on a given element. Used only for buttons, tabs and menu items.</doc>
<status status="NOT RUN" starttime="20240916 11:24:39.109" endtime="20240916 11:24:39.109"/>
</kw>
<status status="NOT RUN" starttime="20240916 11:24:39.107" endtime="20240916 11:24:39.109"/>
</branch>
<status status="NOT RUN" starttime="20240916 11:24:39.091" endtime="20240916 11:24:39.109"/>
</if>
<status status="NOT RUN" starttime="20240916 11:24:39.091" endtime="20240916 11:24:39.109"/>
</branch>
<branch type="ELSE">
<kw name="Log To Console" library="BuiltIn">
<arg>Queue window doesn't exits</arg>
<doc>Logs the given message to the console.</doc>
<status status="NOT RUN" starttime="20240916 11:24:39.109" endtime="20240916 11:24:39.109"/>
</kw>
<status status="NOT RUN" starttime="20240916 11:24:39.109" endtime="20240916 11:24:39.109"/>
</branch>
<status status="NOT RUN" starttime="20240916 11:24:39.091" endtime="20240916 11:24:39.109"/>
</if>
<kw name="Window Handling" library="SAP_Tcode_Library">
<arg>wnd[1]</arg>
<arg>Confirmation: Manual action</arg>
<arg>wnd[1]/usr/btnBUTTON_1</arg>
<status status="NOT RUN" starttime="20240916 11:24:39.109" endtime="20240916 11:24:39.109"/>
</kw>
<kw name="Get Window Title" library="SAP_Tcode_Library">
<var>${title}</var>
<arg>wnd[1]</arg>
<doc>Retrieves the window title of the given window.</doc>
<status status="NOT RUN" starttime="20240916 11:24:39.109" endtime="20240916 11:24:39.109"/>
</kw>
<if>
<branch type="IF" condition="&quot;${title}&quot; == &quot;Confirmation: Manual action&quot;">
<kw name="Click Element" library="SAP_Tcode_Library">
<arg>wnd[1]/usr/btnBUTTON_1</arg>
<doc>Performs a single click on a given element. Used only for buttons, tabs and menu items.</doc>
<status status="NOT RUN" starttime="20240916 11:24:39.109" endtime="20240916 11:24:39.109"/>
</kw>
<status status="NOT RUN" starttime="20240916 11:24:39.109" endtime="20240916 11:24:39.109"/>
</branch>
<branch type="ELSE IF" condition="&quot;${title}&quot; == &quot;Confirmation: SAP Note read&quot;">
<kw name="Click Element" library="SAP_Tcode_Library">
<arg>wnd[1]/usr/btnBUTTON_1</arg>
<doc>Performs a single click on a given element. Used only for buttons, tabs and menu items.</doc>
<status status="NOT RUN" starttime="20240916 11:24:39.109" endtime="20240916 11:24:39.109"/>
</kw>
<status status="NOT RUN" starttime="20240916 11:24:39.109" endtime="20240916 11:24:39.109"/>
</branch>
<status status="NOT RUN" starttime="20240916 11:24:39.109" endtime="20240916 11:24:39.109"/>
</if>
<kw name="Window Handling" library="SAP_Tcode_Library">
<arg>wnd[1]</arg>
<arg>Information</arg>
<arg>wnd[1]/tbar[0]/btn[0]</arg>
<status status="NOT RUN" starttime="20240916 11:24:39.109" endtime="20240916 11:24:39.109"/>
</kw>
<kw name="Create Transport" library="SAP_Tcode_Library">
<arg>wnd[1]</arg>
<arg>wnd[1]/tbar[0]/btn[8]</arg>
<arg>TR-ALM</arg>
<arg>wnd[2]/tbar[0]/btn[0]</arg>
<status status="NOT RUN" starttime="20240916 11:24:39.109" endtime="20240916 11:24:39.109"/>
</kw>
<kw name="Sleep" library="BuiltIn">
<arg>10</arg>
<doc>Pauses the test executed for the given time.</doc>
<status status="NOT RUN" starttime="20240916 11:24:39.109" endtime="20240916 11:24:39.109"/>
</kw>
<kw name="Window Handling" library="SAP_Tcode_Library">
<arg>wnd[1]</arg>
<arg>Object Editing: Initial Screen</arg>
<arg>wnd[1]/tbar[0]/btn[0]</arg>
<status status="NOT RUN" starttime="20240916 11:24:39.109" endtime="20240916 11:24:39.109"/>
</kw>
<kw name="Sleep" library="BuiltIn">
<arg>10</arg>
<doc>Pauses the test executed for the given time.</doc>
<status status="NOT RUN" starttime="20240916 11:24:39.109" endtime="20240916 11:24:39.109"/>
</kw>
<kw name="Window Handling" library="SAP_Tcode_Library">
<arg>wnd[1]</arg>
<arg>Confirm Changes</arg>
<arg>wnd[1]/tbar[0]/btn[0]</arg>
<status status="NOT RUN" starttime="20240916 11:24:39.109" endtime="20240916 11:24:39.109"/>
</kw>
<kw name="Sleep" library="BuiltIn">
<arg>10</arg>
<doc>Pauses the test executed for the given time.</doc>
<status status="NOT RUN" starttime="20240916 11:24:39.109" endtime="20240916 11:24:39.109"/>
</kw>
<kw name="Window Handling" library="SAP_Tcode_Library">
<arg>wnd[1]</arg>
<arg>Inactive Objects for ${symvar('ABAP_USER')}</arg>
<arg>wnd[1]/tbar[0]/btn[0]</arg>
<status status="NOT RUN" starttime="20240916 11:24:39.109" endtime="20240916 11:24:39.109"/>
</kw>
<kw name="Sleep" library="BuiltIn">
<arg>10</arg>
<doc>Pauses the test executed for the given time.</doc>
<status status="NOT RUN" starttime="20240916 11:24:39.109" endtime="20240916 11:24:39.109"/>
</kw>
<kw name="Window Handling" library="SAP_Tcode_Library">
<arg>wnd[2]</arg>
<arg>Activation Error</arg>
<arg>wnd[2]/usr/btnBUTTON_1</arg>
<status status="NOT RUN" starttime="20240916 11:24:39.109" endtime="20240916 11:24:39.109"/>
</kw>
<kw name="Sleep" library="BuiltIn">
<arg>5</arg>
<doc>Pauses the test executed for the given time.</doc>
<status status="NOT RUN" starttime="20240916 11:24:39.109" endtime="20240916 11:24:39.109"/>
</kw>
<kw name="Get Window Title" library="SAP_Tcode_Library">
<var>${window2}</var>
<arg>wnd[1]</arg>
<doc>Retrieves the window title of the given window.</doc>
<status status="NOT RUN" starttime="20240916 11:24:39.109" endtime="20240916 11:24:39.109"/>
</kw>
<if>
<branch type="IF" condition="&quot;${window2}&quot; == &quot;Queue of correction instructions to be installed&quot;">
<kw name="Get Value" library="SAP_Tcode_Library">
<var>${status2}</var>
<arg>wnd[1]/usr/txtGV_TEXT2</arg>
<doc>Gets the value of the given element. The possible return values depend on the type of element (see Return values).</doc>
<status status="NOT RUN" starttime="20240916 11:24:39.109" endtime="20240916 11:24:39.109"/>
</kw>
<if>
<branch type="IF" condition="&quot;${status2}&quot; == &quot;Confirm completion of the manual activities&quot;">
<kw name="Get Row Count" library="SAP_Tcode_Library">
<var>${row}</var>
<arg>wnd[1]/usr/cntlCONTAINER/shellcont/shellcont/shell/shellcont[0]/shell</arg>
<doc>Returns the number of rows found in the specified table.</doc>
<status status="NOT RUN" starttime="20240916 11:24:39.109" endtime="20240916 11:24:39.109"/>
</kw>
<kw name="Log To Console" library="BuiltIn">
<arg>${row}</arg>
<doc>Logs the given message to the console.</doc>
<status status="NOT RUN" starttime="20240916 11:24:39.109" endtime="20240916 11:24:39.109"/>
</kw>
<kw name="Click Element" library="SAP_Tcode_Library">
<arg>wnd[1]/tbar[0]/btn[9]</arg>
<doc>Performs a single click on a given element. Used only for buttons, tabs and menu items.</doc>
<status status="NOT RUN" starttime="20240916 11:24:39.109" endtime="20240916 11:24:39.109"/>
</kw>
<kw name="Sleep" library="BuiltIn">
<arg>10</arg>
<doc>Pauses the test executed for the given time.</doc>
<status status="NOT RUN" starttime="20240916 11:24:39.109" endtime="20240916 11:24:39.109"/>
</kw>
<kw name="Click Element" library="SAP_Tcode_Library">
<arg>wnd[1]/tbar[0]/btn[0]</arg>
<doc>Performs a single click on a given element. Used only for buttons, tabs and menu items.</doc>
<status status="NOT RUN" starttime="20240916 11:24:39.109" endtime="20240916 11:24:39.109"/>
</kw>
<kw name="Sleep" library="BuiltIn">
<arg>2</arg>
<doc>Pauses the test executed for the given time.</doc>
<status status="NOT RUN" starttime="20240916 11:24:39.109" endtime="20240916 11:24:39.109"/>
</kw>
<status status="NOT RUN" starttime="20240916 11:24:39.109" endtime="20240916 11:24:39.109"/>
</branch>
<branch type="ELSE IF" condition="&quot;${status2}&quot; == &quot;Implement the automatic correction instructions&quot;">
<kw name="Click Element" library="SAP_Tcode_Library">
<arg>wnd[1]/tbar[0]/btn[13]</arg>
<doc>Performs a single click on a given element. Used only for buttons, tabs and menu items.</doc>
<status status="NOT RUN" starttime="20240916 11:24:39.109" endtime="20240916 11:24:39.109"/>
</kw>
<status status="NOT RUN" starttime="20240916 11:24:39.109" endtime="20240916 11:24:39.109"/>
</branch>
<status status="NOT RUN" starttime="20240916 11:24:39.109" endtime="20240916 11:24:39.109"/>
</if>
<status status="NOT RUN" starttime="20240916 11:24:39.109" endtime="20240916 11:24:39.109"/>
</branch>
<branch type="ELSE">
<kw name="Log To Console" library="BuiltIn">
<arg>Queue window doesn't exits after activation error</arg>
<doc>Logs the given message to the console.</doc>
<status status="NOT RUN" starttime="20240916 11:24:39.109" endtime="20240916 11:24:39.109"/>
</kw>
<status status="NOT RUN" starttime="20240916 11:24:39.109" endtime="20240916 11:24:39.109"/>
</branch>
<status status="NOT RUN" starttime="20240916 11:24:39.109" endtime="20240916 11:24:39.109"/>
</if>
<kw name="Window Handling" library="SAP_Tcode_Library">
<arg>wnd[1]</arg>
<arg>Confirm SAP Note Implementation</arg>
<arg>wnd[1]/tbar[0]/btn[0]</arg>
<status status="NOT RUN" starttime="20240916 11:24:39.109" endtime="20240916 11:24:39.109"/>
</kw>
<kw name="Sleep" library="BuiltIn">
<arg>5</arg>
<doc>Pauses the test executed for the given time.</doc>
<status status="NOT RUN" starttime="20240916 11:24:39.109" endtime="20240916 11:24:39.109"/>
</kw>
<kw name="Window Handling" library="SAP_Tcode_Library">
<arg>wnd[1]</arg>
<arg>Queue of correction instructions to be installed</arg>
<arg>wnd[1]/tbar[0]/btn[13]</arg>
<status status="NOT RUN" starttime="20240916 11:24:39.109" endtime="20240916 11:24:39.109"/>
</kw>
<kw name="Sleep" library="BuiltIn">
<arg>5</arg>
<doc>Pauses the test executed for the given time.</doc>
<status status="NOT RUN" starttime="20240916 11:24:39.109" endtime="20240916 11:24:39.109"/>
</kw>
<kw name="Window Handling" library="SAP_Tcode_Library">
<arg>wnd[1]</arg>
<arg>Confirm Changes</arg>
<arg>wnd[1]/tbar[0]/btn[0]</arg>
<status status="NOT RUN" starttime="20240916 11:24:39.109" endtime="20240916 11:24:39.109"/>
</kw>
<kw name="Sleep" library="BuiltIn">
<arg>5</arg>
<doc>Pauses the test executed for the given time.</doc>
<status status="NOT RUN" starttime="20240916 11:24:39.109" endtime="20240916 11:24:39.109"/>
</kw>
<kw name="Window Handling" library="SAP_Tcode_Library">
<arg>wnd[1]</arg>
<arg>Inactive Objects for ${symvar('ABAP_USER')}</arg>
<arg>wnd[1]/tbar[0]/btn[0]</arg>
<status status="NOT RUN" starttime="20240916 11:24:39.109" endtime="20240916 11:24:39.109"/>
</kw>
<kw name="Sleep" library="BuiltIn">
<arg>5</arg>
<doc>Pauses the test executed for the given time.</doc>
<status status="NOT RUN" starttime="20240916 11:24:39.109" endtime="20240916 11:24:39.109"/>
</kw>
<kw name="Click Element" library="SAP_Tcode_Library">
<arg>wnd[0]/tbar[0]/btn[3]</arg>
<doc>Performs a single click on a given element. Used only for buttons, tabs and menu items.</doc>
<status status="NOT RUN" starttime="20240916 11:24:39.109" endtime="20240916 11:24:39.109"/>
</kw>
<status status="NOT RUN" starttime="20240916 11:24:39.091" endtime="20240916 11:24:39.109"/>
</branch>
<status status="PASS" starttime="20240916 11:23:03.264" endtime="20240916 11:24:39.109"/>
</if>
<status status="PASS" starttime="20240916 11:22:59.671" endtime="20240916 11:24:39.109"/>
</branch>
<status status="PASS" starttime="20240916 11:22:59.671" endtime="20240916 11:24:39.109"/>
</if>
<status status="PASS" starttime="20240916 11:22:59.188" endtime="20240916 11:24:39.109"/>
</iter>
<iter>
<var name="${number}">3374186</var>
<kw name="Input Text" library="SAP_Tcode_Library">
<arg>wnd[0]/usr/txtNUMM-LOW</arg>
<arg>${number}</arg>
<doc>Inserts the given text into the text field identified by locator.
Use keyword `input password` to insert a password in a text field.</doc>
<msg timestamp="20240916 11:24:39.140" level="INFO">Typing text '3374186' into text field 'wnd[0]/usr/txtNUMM-LOW'.</msg>
<status status="PASS" starttime="20240916 11:24:39.109" endtime="20240916 11:24:39.140"/>
</kw>
<kw name="Click Element" library="SAP_Tcode_Library">
<arg>wnd[0]/tbar[1]/btn[8]</arg>
<doc>Performs a single click on a given element. Used only for buttons, tabs and menu items.</doc>
<status status="PASS" starttime="20240916 11:24:39.140" endtime="20240916 11:24:39.343"/>
</kw>
<kw name="Get Value" library="SAP_Tcode_Library">
<var>${SAP_note_error}</var>
<arg>wnd[0]/sbar/pane[0]</arg>
<doc>Gets the value of the given element. The possible return values depend on the type of element (see Return values).</doc>
<msg timestamp="20240916 11:24:39.406" level="INFO">${SAP_note_error} = </msg>
<status status="PASS" starttime="20240916 11:24:39.343" endtime="20240916 11:24:39.406"/>
</kw>
<if>
<branch type="IF" condition="'${SAP_note_error}' == 'Unable to find SAP Note that meets specified criteria'">
<kw name="Log" library="BuiltIn">
<arg>${number}=${SAP_note_error}</arg>
<doc>Logs the given message with the given level.</doc>
<status status="NOT RUN" starttime="20240916 11:24:39.406" endtime="20240916 11:24:39.406"/>
</kw>
<kw name="Log To Console" library="BuiltIn">
<arg>${number}=${SAP_note_error}</arg>
<doc>Logs the given message to the console.</doc>
<status status="NOT RUN" starttime="20240916 11:24:39.406" endtime="20240916 11:24:39.406"/>
</kw>
<status status="NOT RUN" starttime="20240916 11:24:39.406" endtime="20240916 11:24:39.406"/>
</branch>
<branch type="ELSE">
<kw name="Double Click Current Cell Value" library="SAP_Tcode_Library">
<arg>wnd[0]/usr/cntlGRID1/shellcont/shell</arg>
<arg>PRSTATUS</arg>
<status status="PASS" starttime="20240916 11:24:39.406" endtime="20240916 11:24:40.343"/>
</kw>
<kw name="Sleep" library="BuiltIn">
<arg>2</arg>
<doc>Pauses the test executed for the given time.</doc>
<msg timestamp="20240916 11:24:42.359" level="INFO">Slept 2 seconds</msg>
<status status="PASS" starttime="20240916 11:24:40.343" endtime="20240916 11:24:42.359"/>
</kw>
<kw name="Get Value" library="SAP_Tcode_Library">
<var>${value}</var>
<arg>wnd[0]/usr/subSUB_101:SAPLSCW_NA_SCREEN:0101/txtSCWB_S_SCREEN_NOTE-PRSTATUS_TEXT</arg>
<doc>Gets the value of the given element. The possible return values depend on the type of element (see Return values).</doc>
<msg timestamp="20240916 11:24:42.374" level="INFO">${value} = Cannot be implemented</msg>
<status status="PASS" starttime="20240916 11:24:42.359" endtime="20240916 11:24:42.374"/>
</kw>
<kw name="Log" library="BuiltIn">
<arg>${number}=${value}</arg>
<doc>Logs the given message with the given level.</doc>
<msg timestamp="20240916 11:24:42.374" level="INFO">3374186=Cannot be implemented</msg>
<status status="PASS" starttime="20240916 11:24:42.374" endtime="20240916 11:24:42.374"/>
</kw>
<if>
<branch type="IF" condition="'${value}' == 'Cannot be implemented'">
<kw name="Log" library="BuiltIn">
<arg>${number}=${value}</arg>
<doc>Logs the given message with the given level.</doc>
<msg timestamp="20240916 11:24:42.374" level="INFO">3374186=Cannot be implemented</msg>
<status status="PASS" starttime="20240916 11:24:42.374" endtime="20240916 11:24:42.374"/>
</kw>
<kw name="Log To Console" library="BuiltIn">
<arg>${number}=${value}</arg>
<doc>Logs the given message to the console.</doc>
<status status="PASS" starttime="20240916 11:24:42.374" endtime="20240916 11:24:42.374"/>
</kw>
<kw name="Click Element" library="SAP_Tcode_Library">
<arg>wnd[0]/tbar[0]/btn[3]</arg>
<doc>Performs a single click on a given element. Used only for buttons, tabs and menu items.</doc>
<status status="PASS" starttime="20240916 11:24:42.374" endtime="20240916 11:24:42.578"/>
</kw>
<kw name="Sleep" library="BuiltIn">
<arg>1</arg>
[...]
<arg>wnd[0]/tbar[1]/btn[8]</arg>
<doc>Performs a single click on a given element. Used only for buttons, tabs and menu items.</doc>
<status status="NOT RUN" starttime="20240916 11:28:47.276" endtime="20240916 11:28:47.276"/>
</kw>
<kw name="Sleep" library="BuiltIn">
<arg>2</arg>
<doc>Pauses the test executed for the given time.</doc>
<status status="NOT RUN" starttime="20240916 11:28:47.276" endtime="20240916 11:28:47.276"/>
</kw>
<kw name="Click Element" library="SAP_Tcode_Library">
<arg>wnd[0]/tbar[1]/btn[25]</arg>
<doc>Performs a single click on a given element. Used only for buttons, tabs and menu items.</doc>
<status status="NOT RUN" starttime="20240916 11:28:47.276" endtime="20240916 11:28:47.276"/>
</kw>
<kw name="Sleep" library="BuiltIn">
<arg>2</arg>
<doc>Pauses the test executed for the given time.</doc>
<status status="NOT RUN" starttime="20240916 11:28:47.276" endtime="20240916 11:28:47.276"/>
</kw>
<kw name="Window Handling" library="SAP_Tcode_Library">
<arg>wnd[1]</arg>
<arg>Information</arg>
<arg>wnd[1]/tbar[0]/btn[0]</arg>
<status status="NOT RUN" starttime="20240916 11:28:47.276" endtime="20240916 11:28:47.276"/>
</kw>
<kw name="Sleep" library="BuiltIn">
<arg>2</arg>
<doc>Pauses the test executed for the given time.</doc>
<status status="NOT RUN" starttime="20240916 11:28:47.276" endtime="20240916 11:28:47.276"/>
</kw>
<kw name="Get Window Title" library="SAP_Tcode_Library">
<var>${window1}</var>
<arg>wnd[1]</arg>
<doc>Retrieves the window title of the given window.</doc>
<status status="NOT RUN" starttime="20240916 11:28:47.276" endtime="20240916 11:28:47.276"/>
</kw>
<if>
<branch type="IF" condition="&quot;${window1}&quot; == &quot;Queue of correction instructions to be installed&quot;">
<kw name="Get Value" library="SAP_Tcode_Library">
<var>${status1}</var>
<arg>wnd[1]/usr/txtGV_TEXT2</arg>
<doc>Gets the value of the given element. The possible return values depend on the type of element (see Return values).</doc>
<status status="NOT RUN" starttime="20240916 11:28:47.276" endtime="20240916 11:28:47.276"/>
</kw>
<if>
<branch type="IF" condition="&quot;${status1}&quot; == &quot;Confirm completion of the manual activities&quot;">
<kw name="Get Row Count" library="SAP_Tcode_Library">
<var>${row}</var>
<arg>wnd[1]/usr/cntlCONTAINER/shellcont/shellcont/shell/shellcont[0]/shell</arg>
<doc>Returns the number of rows found in the specified table.</doc>
<status status="NOT RUN" starttime="20240916 11:28:47.276" endtime="20240916 11:28:47.276"/>
</kw>
<kw name="Log To Console" library="BuiltIn">
<arg>${row}</arg>
<doc>Logs the given message to the console.</doc>
<status status="NOT RUN" starttime="20240916 11:28:47.276" endtime="20240916 11:28:47.276"/>
</kw>
<kw name="Click Element" library="SAP_Tcode_Library">
<arg>wnd[1]/tbar[0]/btn[9]</arg>
<doc>Performs a single click on a given element. Used only for buttons, tabs and menu items.</doc>
<status status="NOT RUN" starttime="20240916 11:28:47.276" endtime="20240916 11:28:47.276"/>
</kw>
<kw name="Sleep" library="BuiltIn">
<arg>10</arg>
<doc>Pauses the test executed for the given time.</doc>
<status status="NOT RUN" starttime="20240916 11:28:47.276" endtime="20240916 11:28:47.276"/>
</kw>
<kw name="Click Element" library="SAP_Tcode_Library">
<arg>wnd[1]/tbar[0]/btn[0]</arg>
<doc>Performs a single click on a given element. Used only for buttons, tabs and menu items.</doc>
<status status="NOT RUN" starttime="20240916 11:28:47.276" endtime="20240916 11:28:47.276"/>
</kw>
<kw name="Sleep" library="BuiltIn">
<arg>2</arg>
<doc>Pauses the test executed for the given time.</doc>
<status status="NOT RUN" starttime="20240916 11:28:47.276" endtime="20240916 11:28:47.276"/>
</kw>
<status status="NOT RUN" starttime="20240916 11:28:47.276" endtime="20240916 11:28:47.276"/>
</branch>
<branch type="ELSE IF" condition="&quot;${status1}&quot; == &quot;Implement the automatic correction instructions&quot;">
<kw name="Click Element" library="SAP_Tcode_Library">
<arg>wnd[1]/tbar[0]/btn[13]</arg>
<doc>Performs a single click on a given element. Used only for buttons, tabs and menu items.</doc>
<status status="NOT RUN" starttime="20240916 11:28:47.276" endtime="20240916 11:28:47.276"/>
</kw>
<status status="NOT RUN" starttime="20240916 11:28:47.276" endtime="20240916 11:28:47.276"/>
</branch>
<status status="NOT RUN" starttime="20240916 11:28:47.276" endtime="20240916 11:28:47.276"/>
</if>
<status status="NOT RUN" starttime="20240916 11:28:47.276" endtime="20240916 11:28:47.276"/>
</branch>
<branch type="ELSE">
<kw name="Log To Console" library="BuiltIn">
<arg>Queue window doesn't exits after job execution</arg>
<doc>Logs the given message to the console.</doc>
<status status="NOT RUN" starttime="20240916 11:28:47.276" endtime="20240916 11:28:47.276"/>
</kw>
<status status="NOT RUN" starttime="20240916 11:28:47.276" endtime="20240916 11:28:47.276"/>
</branch>
<status status="NOT RUN" starttime="20240916 11:28:47.276" endtime="20240916 11:28:47.276"/>
</if>
<status status="NOT RUN" starttime="20240916 11:28:47.276" endtime="20240916 11:28:47.276"/>
</branch>
<branch type="ELSE IF" condition="&quot;${status}&quot; == &quot;Implement the automatic correction instructions&quot;">
<kw name="Click Element" library="SAP_Tcode_Library">
<arg>wnd[1]/tbar[0]/btn[13]</arg>
<doc>Performs a single click on a given element. Used only for buttons, tabs and menu items.</doc>
<status status="NOT RUN" starttime="20240916 11:28:47.276" endtime="20240916 11:28:47.276"/>
</kw>
<status status="NOT RUN" starttime="20240916 11:28:47.276" endtime="20240916 11:28:47.276"/>
</branch>
<status status="NOT RUN" starttime="20240916 11:28:47.276" endtime="20240916 11:28:47.276"/>
</if>
<status status="NOT RUN" starttime="20240916 11:28:47.276" endtime="20240916 11:28:47.276"/>
</branch>
<branch type="ELSE">
<kw name="Log To Console" library="BuiltIn">
<arg>Queue window doesn't exits</arg>
<doc>Logs the given message to the console.</doc>
<status status="NOT RUN" starttime="20240916 11:28:47.276" endtime="20240916 11:28:47.276"/>
</kw>
<status status="NOT RUN" starttime="20240916 11:28:47.276" endtime="20240916 11:28:47.276"/>
</branch>
<status status="NOT RUN" starttime="20240916 11:28:47.276" endtime="20240916 11:28:47.276"/>
</if>
<kw name="Window Handling" library="SAP_Tcode_Library">
<arg>wnd[1]</arg>
<arg>Confirmation: Manual action</arg>
<arg>wnd[1]/usr/btnBUTTON_1</arg>
<status status="NOT RUN" starttime="20240916 11:28:47.276" endtime="20240916 11:28:47.276"/>
</kw>
<kw name="Get Window Title" library="SAP_Tcode_Library">
<var>${title}</var>
<arg>wnd[1]</arg>
<doc>Retrieves the window title of the given window.</doc>
<status status="NOT RUN" starttime="20240916 11:28:47.276" endtime="20240916 11:28:47.276"/>
</kw>
<if>
<branch type="IF" condition="&quot;${title}&quot; == &quot;Confirmation: Manual action&quot;">
<kw name="Click Element" library="SAP_Tcode_Library">
<arg>wnd[1]/usr/btnBUTTON_1</arg>
<doc>Performs a single click on a given element. Used only for buttons, tabs and menu items.</doc>
<status status="NOT RUN" starttime="20240916 11:28:47.276" endtime="20240916 11:28:47.276"/>
</kw>
<status status="NOT RUN" starttime="20240916 11:28:47.276" endtime="20240916 11:28:47.276"/>
</branch>
<branch type="ELSE IF" condition="&quot;${title}&quot; == &quot;Confirmation: SAP Note read&quot;">
<kw name="Click Element" library="SAP_Tcode_Library">
<arg>wnd[1]/usr/btnBUTTON_1</arg>
<doc>Performs a single click on a given element. Used only for buttons, tabs and menu items.</doc>
<status status="NOT RUN" starttime="20240916 11:28:47.276" endtime="20240916 11:28:47.276"/>
</kw>
<status status="NOT RUN" starttime="20240916 11:28:47.276" endtime="20240916 11:28:47.276"/>
</branch>
<status status="NOT RUN" starttime="20240916 11:28:47.276" endtime="20240916 11:28:47.276"/>
</if>
<kw name="Window Handling" library="SAP_Tcode_Library">
<arg>wnd[1]</arg>
<arg>Information</arg>
<arg>wnd[1]/tbar[0]/btn[0]</arg>
<status status="NOT RUN" starttime="20240916 11:28:47.276" endtime="20240916 11:28:47.276"/>
</kw>
<kw name="Create Transport" library="SAP_Tcode_Library">
<arg>wnd[1]</arg>
<arg>wnd[1]/tbar[0]/btn[8]</arg>
<arg>TR-ALM</arg>
<arg>wnd[2]/tbar[0]/btn[0]</arg>
<status status="NOT RUN" starttime="20240916 11:28:47.292" endtime="20240916 11:28:47.292"/>
</kw>
<kw name="Sleep" library="BuiltIn">
<arg>10</arg>
<doc>Pauses the test executed for the given time.</doc>
<status status="NOT RUN" starttime="20240916 11:28:47.292" endtime="20240916 11:28:47.292"/>
</kw>
<kw name="Window Handling" library="SAP_Tcode_Library">
<arg>wnd[1]</arg>
<arg>Object Editing: Initial Screen</arg>
<arg>wnd[1]/tbar[0]/btn[0]</arg>
<status status="NOT RUN" starttime="20240916 11:28:47.292" endtime="20240916 11:28:47.292"/>
</kw>
<kw name="Sleep" library="BuiltIn">
<arg>10</arg>
<doc>Pauses the test executed for the given time.</doc>
<status status="NOT RUN" starttime="20240916 11:28:47.292" endtime="20240916 11:28:47.292"/>
</kw>
<kw name="Window Handling" library="SAP_Tcode_Library">
<arg>wnd[1]</arg>
<arg>Confirm Changes</arg>
<arg>wnd[1]/tbar[0]/btn[0]</arg>
<status status="NOT RUN" starttime="20240916 11:28:47.292" endtime="20240916 11:28:47.292"/>
</kw>
<kw name="Sleep" library="BuiltIn">
<arg>10</arg>
<doc>Pauses the test executed for the given time.</doc>
<status status="NOT RUN" starttime="20240916 11:28:47.292" endtime="20240916 11:28:47.292"/>
</kw>
<kw name="Window Handling" library="SAP_Tcode_Library">
<arg>wnd[1]</arg>
<arg>Inactive Objects for ${symvar('ABAP_USER')}</arg>
<arg>wnd[1]/tbar[0]/btn[0]</arg>
<status status="NOT RUN" starttime="20240916 11:28:47.292" endtime="20240916 11:28:47.292"/>
</kw>
<kw name="Sleep" library="BuiltIn">
<arg>10</arg>
<doc>Pauses the test executed for the given time.</doc>
<status status="NOT RUN" starttime="20240916 11:28:47.292" endtime="20240916 11:28:47.292"/>
</kw>
<kw name="Window Handling" library="SAP_Tcode_Library">
<arg>wnd[2]</arg>
<arg>Activation Error</arg>
<arg>wnd[2]/usr/btnBUTTON_1</arg>
<status status="NOT RUN" starttime="20240916 11:28:47.292" endtime="20240916 11:28:47.292"/>
</kw>
<kw name="Sleep" library="BuiltIn">
<arg>5</arg>
<doc>Pauses the test executed for the given time.</doc>
<status status="NOT RUN" starttime="20240916 11:28:47.292" endtime="20240916 11:28:47.292"/>
</kw>
<kw name="Get Window Title" library="SAP_Tcode_Library">
<var>${window2}</var>
<arg>wnd[1]</arg>
<doc>Retrieves the window title of the given window.</doc>
<status status="NOT RUN" starttime="20240916 11:28:47.292" endtime="20240916 11:28:47.292"/>
</kw>
<if>
<branch type="IF" condition="&quot;${window2}&quot; == &quot;Queue of correction instructions to be installed&quot;">
<kw name="Get Value" library="SAP_Tcode_Library">
<var>${status2}</var>
<arg>wnd[1]/usr/txtGV_TEXT2</arg>
<doc>Gets the value of the given element. The possible return values depend on the type of element (see Return values).</doc>
<status status="NOT RUN" starttime="20240916 11:28:47.292" endtime="20240916 11:28:47.292"/>
</kw>
<if>
<branch type="IF" condition="&quot;${status2}&quot; == &quot;Confirm completion of the manual activities&quot;">
<kw name="Get Row Count" library="SAP_Tcode_Library">
<var>${row}</var>
<arg>wnd[1]/usr/cntlCONTAINER/shellcont/shellcont/shell/shellcont[0]/shell</arg>
<doc>Returns the number of rows found in the specified table.</doc>
<status status="NOT RUN" starttime="20240916 11:28:47.292" endtime="20240916 11:28:47.292"/>
</kw>
<kw name="Log To Console" library="BuiltIn">
<arg>${row}</arg>
<doc>Logs the given message to the console.</doc>
<status status="NOT RUN" starttime="20240916 11:28:47.292" endtime="20240916 11:28:47.292"/>
</kw>
<kw name="Click Element" library="SAP_Tcode_Library">
<arg>wnd[1]/tbar[0]/btn[9]</arg>
<doc>Performs a single click on a given element. Used only for buttons, tabs and menu items.</doc>
<status status="NOT RUN" starttime="20240916 11:28:47.292" endtime="20240916 11:28:47.292"/>
</kw>
<kw name="Sleep" library="BuiltIn">
<arg>10</arg>
<doc>Pauses the test executed for the given time.</doc>
<status status="NOT RUN" starttime="20240916 11:28:47.292" endtime="20240916 11:28:47.292"/>
</kw>
<kw name="Click Element" library="SAP_Tcode_Library">
<arg>wnd[1]/tbar[0]/btn[0]</arg>
<doc>Performs a single click on a given element. Used only for buttons, tabs and menu items.</doc>
<status status="NOT RUN" starttime="20240916 11:28:47.292" endtime="20240916 11:28:47.292"/>
</kw>
<kw name="Sleep" library="BuiltIn">
<arg>2</arg>
<doc>Pauses the test executed for the given time.</doc>
<status status="NOT RUN" starttime="20240916 11:28:47.292" endtime="20240916 11:28:47.292"/>
</kw>
<status status="NOT RUN" starttime="20240916 11:28:47.292" endtime="20240916 11:28:47.292"/>
</branch>
<branch type="ELSE IF" condition="&quot;${status2}&quot; == &quot;Implement the automatic correction instructions&quot;">
<kw name="Click Element" library="SAP_Tcode_Library">
<arg>wnd[1]/tbar[0]/btn[13]</arg>
<doc>Performs a single click on a given element. Used only for buttons, tabs and menu items.</doc>
<status status="NOT RUN" starttime="20240916 11:28:47.292" endtime="20240916 11:28:47.292"/>
</kw>
<status status="NOT RUN" starttime="20240916 11:28:47.292" endtime="20240916 11:28:47.292"/>
</branch>
<status status="NOT RUN" starttime="20240916 11:28:47.292" endtime="20240916 11:28:47.292"/>
</if>
<status status="NOT RUN" starttime="20240916 11:28:47.292" endtime="20240916 11:28:47.292"/>
</branch>
<branch type="ELSE">
<kw name="Log To Console" library="BuiltIn">
<arg>Queue window doesn't exits after activation error</arg>
<doc>Logs the given message to the console.</doc>
<status status="NOT RUN" starttime="20240916 11:28:47.292" endtime="20240916 11:28:47.292"/>
</kw>
<status status="NOT RUN" starttime="20240916 11:28:47.292" endtime="20240916 11:28:47.292"/>
</branch>
<status status="NOT RUN" starttime="20240916 11:28:47.292" endtime="20240916 11:28:47.292"/>
</if>
<kw name="Window Handling" library="SAP_Tcode_Library">
<arg>wnd[1]</arg>
<arg>Confirm SAP Note Implementation</arg>
<arg>wnd[1]/tbar[0]/btn[0]</arg>
<status status="NOT RUN" starttime="20240916 11:28:47.292" endtime="20240916 11:28:47.292"/>
</kw>
<kw name="Sleep" library="BuiltIn">
<arg>5</arg>
<doc>Pauses the test executed for the given time.</doc>
<status status="NOT RUN" starttime="20240916 11:28:47.292" endtime="20240916 11:28:47.292"/>
</kw>
<kw name="Window Handling" library="SAP_Tcode_Library">
<arg>wnd[1]</arg>
<arg>Queue of correction instructions to be installed</arg>
<arg>wnd[1]/tbar[0]/btn[13]</arg>
<status status="NOT RUN" starttime="20240916 11:28:47.292" endtime="20240916 11:28:47.292"/>
</kw>
<kw name="Sleep" library="BuiltIn">
<arg>5</arg>
<doc>Pauses the test executed for the given time.</doc>
<status status="NOT RUN" starttime="20240916 11:28:47.292" endtime="20240916 11:28:47.292"/>
</kw>
<kw name="Window Handling" library="SAP_Tcode_Library">
<arg>wnd[1]</arg>
<arg>Confirm Changes</arg>
<arg>wnd[1]/tbar[0]/btn[0]</arg>
<status status="NOT RUN" starttime="20240916 11:28:47.292" endtime="20240916 11:28:47.292"/>
</kw>
<kw name="Sleep" library="BuiltIn">
<arg>5</arg>
<doc>Pauses the test executed for the given time.</doc>
<status status="NOT RUN" starttime="20240916 11:28:47.292" endtime="20240916 11:28:47.292"/>
</kw>
<kw name="Window Handling" library="SAP_Tcode_Library">
<arg>wnd[1]</arg>
<arg>Inactive Objects for ${symvar('ABAP_USER')}</arg>
<arg>wnd[1]/tbar[0]/btn[0]</arg>
<status status="NOT RUN" starttime="20240916 11:28:47.292" endtime="20240916 11:28:47.292"/>
</kw>
<kw name="Sleep" library="BuiltIn">
<arg>5</arg>
<doc>Pauses the test executed for the given time.</doc>
<status status="NOT RUN" starttime="20240916 11:28:47.292" endtime="20240916 11:28:47.292"/>
</kw>
<kw name="Click Element" library="SAP_Tcode_Library">
<arg>wnd[0]/tbar[0]/btn[3]</arg>
<doc>Performs a single click on a given element. Used only for buttons, tabs and menu items.</doc>
<status status="NOT RUN" starttime="20240916 11:28:47.292" endtime="20240916 11:28:47.298"/>
</kw>
<status status="NOT RUN" starttime="20240916 11:28:47.276" endtime="20240916 11:28:47.298"/>
</branch>
<status status="PASS" starttime="20240916 11:26:11.028" endtime="20240916 11:28:47.298"/>
</if>
<status status="PASS" starttime="20240916 11:26:07.101" endtime="20240916 11:28:47.298"/>
</branch>
<status status="PASS" starttime="20240916 11:26:07.101" endtime="20240916 11:28:47.298"/>
</if>
<status status="PASS" starttime="20240916 11:26:06.805" endtime="20240916 11:28:47.298"/>
</iter>
<status status="PASS" starttime="20240916 11:22:59.188" endtime="20240916 11:28:47.298"/>
</for>
<kw name="Log To Console" library="BuiltIn">
<arg>**gbStart**copilot_status6**splitKeyValue**System ${symvar('ABAP_Connection')} client ${symvar('ABAP_CLIENT')} -- Madatory Snotes Implemented Successfully**gbEnd**</arg>
<doc>Logs the given message to the console.</doc>
<msg timestamp="20240916 11:28:47.298" level="INFO">Sym.Dev.ABAP_Connection: TS5</msg>
<msg timestamp="20240916 11:28:47.298" level="INFO">Sym.Dev.ABAP_CLIENT: 001</msg>
<status status="PASS" starttime="20240916 11:28:47.298" endtime="20240916 11:28:47.298"/>
</kw>
<status status="PASS" starttime="20240916 11:22:58.935" endtime="20240916 11:28:47.298"/>
</kw>
<tag>Snote_check_</tag>
<status status="PASS" starttime="20240916 11:22:58.935" endtime="20240916 11:28:47.298"/>
</test>
<status status="PASS" starttime="20240916 11:22:54.313" endtime="20240916 11:28:47.298"/>
</suite>
<doc>Testing functionality through Robot Framework</doc>
<meta name="environment">Dev</meta>
<meta name="test_browser_name">chrome</meta>
<meta name="test_browser_version">128.0.6613.138</meta>
<meta name="test_driver_version">128.0.6613.119 </meta>
<meta name="test_environment">Dev</meta>
<meta name="test_freeze_dependencies">astroid==3.2.3,attrs==23.2.0,beautifulsoup4==4.12.3,bs4==0.0.2,certifi==2024.7.4,cffi==1.16.0,chardet==5.2.0,charset-normalizer==3.3.2,click==8.1.7,colorama==0.4.6,cryptography==42.0.8,defusedxml==0.7.1,dill==0.3.8,docutils==0.21.2,et-xmlfile==1.1.0,ExcelLib==0.0.1b2,exceptiongroup==1.2.2,gitdb==4.0.11,GitPython==3.1.43,h11==0.14.0,idna==3.7,isort==5.13.2,Jinja2==3.1.4,jira==3.8.0,jsonpath-ng==1.6.1,jsonschema==4.23.0,jsonschema-specifications==2023.12.1,lazy-object-proxy==1.10.0,lxml==5.2.2,markdown-it-py==3.0.0,MarkupSafe==2.1.5,mccabe==0.7.0,mdurl==0.1.2,natsort==8.4.0,numpy==2.0.0,oauthlib==3.2.2,openpyxl==3.1.5,outcome==1.3.0.post0,packaging==24.1,pandas==2.2.2,pathspec==0.11.2,pillow==10.4.0,pip==24.1.2,platformdirs==4.2.2,ply==3.11,pycparser==2.22,Pygments==2.18.0,pylint==3.2.5,PySocks==1.7.1,python-dateutil==2.9.0.post0,pytz==2024.1,pywin32==306,PyYAML==6.0.1,referencing==0.35.1,requests==2.32.3,requests-oauthlib==2.0.0,requests-toolbelt==1.0.0,rich==13.7.1,rich-click==1.6.1,robotframework==6.0.2,robotframework-datadriver==1.9.0,robotframework-excellib==2.0.1,robotframework-jsonlibrary==0.5,robotframework-pabot==2.16.0,robotframework-pythonlibcore==4.2.0,robotframework-requests==0.9.2,robotframework-sapguilibrary==1.1,robotframework-seleniumlibrary==5.1.3,robotframework-stacktrace==0.4.1,robotframework-tidy==4.5.0,rpds-py==0.19.0,selenium==4.9.1,setuptools==71.0.2,six==1.16.0,smmap==5.0.1,sniffio==1.3.1,sortedcontainers==2.4.0,soupsieve==2.5,tomli==2.0.1,tomlkit==0.13.0,trio==0.26.0,trio-websocket==0.11.1,typing_extensions==4.12.2,tzdata==2024.1,urllib3==2.2.2,wheel==0.43.0,wrapt==1.16.0,wsproto==1.2.0,xlrd==2.0.1,XlsxWriter==3.2.0</meta>
<status status="PASS" starttime="20240916 11:22:50.552" endtime="20240916 11:28:47.376"/>
</suite>
<statistics>
<total>
<stat pass="1" fail="0" skip="0">All Tests</stat>
</total>
<tag>
<stat pass="1" fail="0" skip="0">Snote_check_</stat>
</tag>
<suite>
<stat pass="1" fail="0" skip="0" id="s1" name="Tests">Tests</stat>
<stat pass="1" fail="0" skip="0" id="s1-s1" name="Test Snote Check">Tests.Test Snote Check</stat>
</suite>
</statistics>
<errors>
</errors>
</robot>
