<?xml version="1.0" encoding="UTF-8"?>
<robot generator="Robot 6.0.2 (Python 3.12.1 on win32)" generated="20240305 06:54:22.297" rpa="false" schemaversion="3">
<suite id="s1" name="Tests" source="C:\SAP_Testing\SAPtesting\Tests">
<kw name="Setup highest level suite" type="SETUP">
<kw name="Set Variable" library="BuiltIn">
<var>${d.test_server}</var>
<arg>${test_server}</arg>
<doc>Returns the given values which can then be assigned to a variables.</doc>
<msg timestamp="20240305 06:54:22.927" level="INFO">${d.test_server} = Dev</msg>
<status status="PASS" starttime="20240305 06:54:22.927" endtime="20240305 06:54:22.927"/>
</kw>
<kw name="Reset screenshot count variable" library="Support">
<kw name="Set Variable" library="BuiltIn">
<var>${screenshotCount}</var>
<arg>${PABOTQUEUEINDEX}_1</arg>
<doc>Returns the given values which can then be assigned to a variables.</doc>
<msg timestamp="20240305 06:54:22.927" level="INFO">${screenshotCount} = 0_1</msg>
<status status="PASS" starttime="20240305 06:54:22.927" endtime="20240305 06:54:22.927"/>
</kw>
<kw name="Set Global Variable" library="BuiltIn">
<arg>${screenshotCount}</arg>
<doc>Makes a variable available globally in all tests and suites.</doc>
<msg timestamp="20240305 06:54:22.927" level="INFO">${screenshotCount} = 0_1</msg>
<status status="PASS" starttime="20240305 06:54:22.927" endtime="20240305 06:54:22.927"/>
</kw>
<kw name="Set up screenshot directory" library="Support">
<kw name="Create Directory" library="OperatingSystem">
<arg>${OUTPUTDIR}${/}${wvar('screenshot_dir')}</arg>
<doc>Creates the specified directory.</doc>
<msg timestamp="20240305 06:54:22.927" level="INFO">Web.Dev.screenshot_dir: Screenshot</msg>
<msg timestamp="20240305 06:54:22.927" level="INFO" html="true">Created directory '&lt;a href="file://C:\SAP_Testing\SAPtesting\Output\pabot_results\0\Screenshot"&gt;C:\SAP_Testing\SAPtesting\Output\pabot_results\0\Screenshot&lt;/a&gt;'.</msg>
<status status="PASS" starttime="20240305 06:54:22.927" endtime="20240305 06:54:22.927"/>
</kw>
<status status="PASS" starttime="20240305 06:54:22.927" endtime="20240305 06:54:22.927"/>
</kw>
<status status="PASS" starttime="20240305 06:54:22.927" endtime="20240305 06:54:22.927"/>
</kw>
<kw name="Set Global Variable" library="BuiltIn">
<arg>${screenshot_taking}</arg>
<arg>${True}</arg>
<doc>Makes a variable available globally in all tests and suites.</doc>
<msg timestamp="20240305 06:54:22.927" level="INFO">${screenshot_taking} = True</msg>
<status status="PASS" starttime="20240305 06:54:22.927" endtime="20240305 06:54:22.927"/>
</kw>
<kw name="Setup linux execution" library="Support">
<kw name="Run Keyword And Return Status" library="BuiltIn">
<var>${web_test_check}</var>
<arg>Variable Should Exist</arg>
<arg>${web_test}</arg>
<doc>Runs the given keyword with given arguments and returns the status as a Boolean value.</doc>
<kw name="Variable Should Exist" library="BuiltIn">
<arg>${web_test}</arg>
<doc>Fails unless the given variable exists within the current scope.</doc>
<status status="PASS" starttime="20240305 06:54:22.927" endtime="20240305 06:54:22.927"/>
</kw>
<msg timestamp="20240305 06:54:22.927" level="INFO">${web_test_check} = True</msg>
<status status="PASS" starttime="20240305 06:54:22.927" endtime="20240305 06:54:22.927"/>
</kw>
<kw name="Run Keyword If" library="BuiltIn">
<arg>${web_test_check}</arg>
<arg>Setup Docker Execution Options</arg>
<doc>Runs the given keyword with the given arguments, if ``condition`` is true.</doc>
<kw name="Setup Docker Execution Options" library="Support_Web">
<kw name="Setup Suite Metadata" library="Support_Web">
<arg>${browser}</arg>
<kw name="Get Browser Metadata" library="BrowserSupport">
<var>&amp;{browser_information}</var>
<arg>browser=${browser}</arg>
<doc>Fetches browser metadata information
:param browser: Name of the browser for which information is fetched
:param reload: Re-read the metadata based on the browser
:return: Browser metadata information, dict of format
            {"browser_version": browser version value,
             "driver_version": driver version value}</doc>
<msg timestamp="20240305 06:54:26.338" level="INFO">&amp;{browser_information} = { browser_version=122.0.6261.95 | driver_version=121.0.6167.85  }</msg>
<status status="PASS" starttime="20240305 06:54:22.927" endtime="20240305 06:54:26.338"/>
</kw>
<kw name="Set Suite Metadata" library="BuiltIn">
<arg>test_browser_name</arg>
<arg>${browser}</arg>
<doc>Sets metadata for the current test suite.</doc>
<msg timestamp="20240305 06:54:26.338" level="INFO">Set suite metadata 'test_browser_name' to value 'chrome'.</msg>
<status status="PASS" starttime="20240305 06:54:26.338" endtime="20240305 06:54:26.338"/>
</kw>
<kw name="Set Suite Metadata" library="BuiltIn">
<arg>test_browser_version</arg>
<arg>${browser_information.browser_version}</arg>
<doc>Sets metadata for the current test suite.</doc>
<msg timestamp="20240305 06:54:26.338" level="INFO">Set suite metadata 'test_browser_version' to value '122.0.6261.95'.</msg>
<status status="PASS" starttime="20240305 06:54:26.338" endtime="20240305 06:54:26.338"/>
</kw>
<kw name="Set Suite Metadata" library="BuiltIn">
<arg>test_driver_version</arg>
<arg>${browser_information.driver_version}</arg>
<doc>Sets metadata for the current test suite.</doc>
<msg timestamp="20240305 06:54:26.338" level="INFO">Set suite metadata 'test_driver_version' to value '121.0.6167.85 '.</msg>
<status status="PASS" starttime="20240305 06:54:26.338" endtime="20240305 06:54:26.338"/>
</kw>
<status status="PASS" starttime="20240305 06:54:22.927" endtime="20240305 06:54:26.338"/>
</kw>
<kw name="Setup Global Docker Execution Options" library="Support_Web">
<kw name="Set Global Variable" library="BuiltIn">
<arg>${global_browser_options}</arg>
<arg>None</arg>
<doc>Makes a variable available globally in all tests and suites.</doc>
<msg timestamp="20240305 06:54:26.338" level="INFO">${global_browser_options} = None</msg>
<status status="PASS" starttime="20240305 06:54:26.338" endtime="20240305 06:54:26.338"/>
</kw>
<kw name="Get Environment Variable" library="OperatingSystem">
<var>${docker_check}</var>
<arg>EXECUTION_ENVIRONMENT</arg>
<arg>not_found</arg>
<doc>Returns the value of an environment variable with the given name.</doc>
<msg timestamp="20240305 06:54:26.338" level="INFO">${docker_check} = not_found</msg>
<status status="PASS" starttime="20240305 06:54:26.338" endtime="20240305 06:54:26.338"/>
</kw>
<kw name="Run Keyword And Return If" library="BuiltIn">
<arg>"${docker_check}"!="docker"</arg>
<arg>Log</arg>
<arg>Not executing on Docker</arg>
<doc>Runs the specified keyword and returns from the enclosing user keyword.</doc>
<kw name="Log" library="BuiltIn">
<arg>Not executing on Docker</arg>
<doc>Logs the given message with the given level.</doc>
<msg timestamp="20240305 06:54:26.338" level="INFO">Not executing on Docker</msg>
<status status="PASS" starttime="20240305 06:54:26.338" endtime="20240305 06:54:26.338"/>
</kw>
<msg timestamp="20240305 06:54:26.338" level="INFO">Returning from the enclosing user keyword.</msg>
<status status="PASS" starttime="20240305 06:54:26.338" endtime="20240305 06:54:26.338"/>
</kw>
<kw name="Create List" library="BuiltIn">
<var>@{options}</var>
<arg>--headless</arg>
<arg>--no-sandbox</arg>
<arg>--disable-dev-shm-usage</arg>
<doc>Returns a list containing given items.</doc>
<status status="NOT RUN" starttime="20240305 06:54:26.338" endtime="20240305 06:54:26.338"/>
</kw>
<kw name="Set Global Variable" library="BuiltIn">
<arg>@{docker_options}</arg>
<arg>@{options}</arg>
<doc>Makes a variable available globally in all tests and suites.</doc>
<status status="NOT RUN" starttime="20240305 06:54:26.346" endtime="20240305 06:54:26.346"/>
</kw>
<status status="PASS" starttime="20240305 06:54:26.338" endtime="20240305 06:54:26.346"/>
</kw>
<kw name="Create Webdriver for chrome preferences" library="Support_Web">
<kw name="Update Docker Execution Options" library="Support_Web">
<var>${list_prefs}</var>
<arg>${list_prefs}</arg>
<kw name="Run Keyword And Return Status" library="BuiltIn">
<var>${docker_check}</var>
<arg>Variable Should Exist</arg>
<arg>${docker_options}</arg>
<doc>Runs the given keyword with given arguments and returns the status as a Boolean value.</doc>
<kw name="Variable Should Exist" library="BuiltIn">
<arg>${docker_options}</arg>
<doc>Fails unless the given variable exists within the current scope.</doc>
<msg timestamp="20240305 06:54:26.346" level="FAIL">Variable '${docker_options}' does not exist.</msg>
<status status="FAIL" starttime="20240305 06:54:26.346" endtime="20240305 06:54:26.346"/>
</kw>
<msg timestamp="20240305 06:54:26.346" level="INFO">${docker_check} = False</msg>
<status status="PASS" starttime="20240305 06:54:26.346" endtime="20240305 06:54:26.346"/>
</kw>
<kw name="Get Length" library="BuiltIn">
<var>${list_prefs_length}</var>
<arg>${list_prefs}</arg>
<doc>Returns and logs the length of the given item as an integer.</doc>
<msg timestamp="20240305 06:54:26.346" level="INFO">Length is 1</msg>
<msg timestamp="20240305 06:54:26.346" level="INFO">${list_prefs_length} = 1</msg>
<status status="PASS" starttime="20240305 06:54:26.346" endtime="20240305 06:54:26.346"/>
</kw>
<kw name="Run Keyword If" library="BuiltIn">
<var>${list_prefs}</var>
<arg>${docker_check} and ${list_prefs_length}&gt;0 and ${list_prefs}[0] != []</arg>
<arg>Combine Lists</arg>
<arg>${list_prefs}</arg>
<arg>${docker_options}</arg>
<arg>ELSE IF</arg>
<arg>${docker_check}</arg>
<arg>Set Variable</arg>
<arg>${docker_options}</arg>
<arg>ELSE</arg>
<arg>Set Variable</arg>
<arg>${list_prefs}</arg>
<doc>Runs the given keyword with the given arguments, if ``condition`` is true.</doc>
<kw name="Set Variable" library="BuiltIn">
<arg>${list_prefs}</arg>
<doc>Returns the given values which can then be assigned to a variables.</doc>
<status status="PASS" starttime="20240305 06:54:26.346" endtime="20240305 06:54:26.346"/>
</kw>
<msg timestamp="20240305 06:54:26.346" level="INFO">${list_prefs} = [[]]</msg>
<status status="PASS" starttime="20240305 06:54:26.346" endtime="20240305 06:54:26.346"/>
</kw>
<msg timestamp="20240305 06:54:26.346" level="INFO">${list_prefs} = [[]]</msg>
<status status="PASS" starttime="20240305 06:54:26.346" endtime="20240305 06:54:26.346"/>
</kw>
<kw name="Create Chrome Options for download preferences" library="Support_Web">
<var>${chrome_options}</var>
<kw name="Evaluate" library="BuiltIn">
<var>${chrome_options}</var>
<arg>sys.modules['selenium.webdriver'].ChromeOptions()</arg>
<arg>sys</arg>
<doc>Evaluates the given expression in Python and returns the result.</doc>
<msg timestamp="20240305 06:54:26.346" level="INFO">${chrome_options} = &lt;selenium.webdriver.chrome.options.Options object at 0x000001B2E2EEE8A0&gt;</msg>
<status status="PASS" starttime="20240305 06:54:26.346" endtime="20240305 06:54:26.346"/>
</kw>
<msg timestamp="20240305 06:54:26.346" level="INFO">${chrome_options} = &lt;selenium.webdriver.chrome.options.Options object at 0x000001B2E2EEE8A0&gt;</msg>
<status status="PASS" starttime="20240305 06:54:26.346" endtime="20240305 06:54:26.346"/>
</kw>
<kw name="Update Preferences List" library="Support_Web">
<arg>${chrome_options}</arg>
<arg>@{list_prefs}</arg>
<kw name="Convert To String" library="BuiltIn">
<var>${string_prefs}</var>
<arg>${list_prefs}</arg>
<doc>Converts the given item to a Unicode string.</doc>
<msg timestamp="20240305 06:54:26.354" level="INFO">${string_prefs} = [[]]</msg>
<status status="PASS" starttime="20240305 06:54:26.346" endtime="20240305 06:54:26.354"/>
</kw>
<kw name="Return From Keyword If" library="BuiltIn">
<arg>${string_prefs} == [[]]</arg>
<doc>Returns from the enclosing user keyword if ``condition`` is true.</doc>
<msg timestamp="20240305 06:54:26.354" level="INFO">Returning from the enclosing user keyword.</msg>
<status status="PASS" starttime="20240305 06:54:26.354" endtime="20240305 06:54:26.354"/>
</kw>
<for flavor="IN">
<var>${preference}</var>
<value>@{list_prefs}</value>
<iter>
<var name="${preference}"/>
<kw name="Call Method" library="BuiltIn">
<arg>${chrome_options}</arg>
<arg>add_argument</arg>
<arg>${preference}</arg>
<doc>Calls the named method of the given object with the provided arguments.</doc>
<status status="NOT RUN" starttime="20240305 06:54:26.354" endtime="20240305 06:54:26.354"/>
</kw>
<status status="NOT RUN" starttime="20240305 06:54:26.354" endtime="20240305 06:54:26.354"/>
</iter>
<status status="NOT RUN" starttime="20240305 06:54:26.354" endtime="20240305 06:54:26.354"/>
</for>
<status status="PASS" starttime="20240305 06:54:26.346" endtime="20240305 06:54:26.354"/>
</kw>
<kw name="Call Method" library="BuiltIn">
<arg>${chrome_options}</arg>
<arg>add_experimental_option</arg>
<arg>prefs</arg>
<arg>${kw_prefs}</arg>
<doc>Calls the named method of the given object with the provided arguments.</doc>
<status status="PASS" starttime="20240305 06:54:26.354" endtime="20240305 06:54:26.354"/>
</kw>
<kw name="Set Global Variable" library="BuiltIn">
<arg>${global_browser_options}</arg>
<arg>${chrome options}</arg>
<doc>Makes a variable available globally in all tests and suites.</doc>
<msg timestamp="20240305 06:54:26.354" level="INFO">${global_browser_options} = &lt;selenium.webdriver.chrome.options.Options object at 0x000001B2E2EEE8A0&gt;</msg>
<status status="PASS" starttime="20240305 06:54:26.354" endtime="20240305 06:54:26.354"/>
</kw>
<status status="PASS" starttime="20240305 06:54:26.346" endtime="20240305 06:54:26.354"/>
</kw>
<status status="PASS" starttime="20240305 06:54:22.927" endtime="20240305 06:54:26.354"/>
</kw>
<status status="PASS" starttime="20240305 06:54:22.927" endtime="20240305 06:54:26.354"/>
</kw>
<status status="PASS" starttime="20240305 06:54:22.927" endtime="20240305 06:54:26.354"/>
</kw>
<kw name="Set Suite Metadata" library="BuiltIn">
<arg>environment</arg>
<arg>${test_server}</arg>
<doc>Sets metadata for the current test suite.</doc>
<msg timestamp="20240305 06:54:26.354" level="INFO">Set suite metadata 'environment' to value 'Dev'.</msg>
<status status="PASS" starttime="20240305 06:54:26.354" endtime="20240305 06:54:26.354"/>
</kw>
<status status="PASS" starttime="20240305 06:54:22.927" endtime="20240305 06:54:26.354"/>
</kw>
<suite id="s1-s1" name="Test SMT1 REFRESH System whose calls are trusted" source="C:\SAP_Testing\SAPtesting\Tests\Test_SMT1_REFRESH_System_whose_calls_are_trusted.robot">
<kw name="System Logon" library="SMT1_REFRESH_System_whose_calls_are_trusted" type="SETUP">
<kw name="Start Process" library="Process">
<arg>${symvar('SAP_SERVER')}</arg>
<doc>Starts a new process on background.</doc>
<msg timestamp="20240305 06:54:26.376" level="INFO">Sym.Dev.SAP_SERVER: C:\Program Files (x86)\SAP\FrontEnd\SAPGUI\saplogon.exe</msg>
<msg timestamp="20240305 06:54:26.377" level="INFO">Starting process:
"C:\Program Files (x86)\SAP\FrontEnd\SAPGUI\saplogon.exe"</msg>
<status status="PASS" starttime="20240305 06:54:26.376" endtime="20240305 06:54:26.380"/>
</kw>
<kw name="Sleep" library="BuiltIn">
<arg>10s</arg>
<doc>Pauses the test executed for the given time.</doc>
<msg timestamp="20240305 06:54:36.382" level="INFO">Slept 10 seconds</msg>
<status status="PASS" starttime="20240305 06:54:26.380" endtime="20240305 06:54:36.382"/>
</kw>
<kw name="Connect To Session" library="SAP_Tcode_Library">
<doc>Connects to an open session SAP.</doc>
<status status="PASS" starttime="20240305 06:54:36.382" endtime="20240305 06:54:36.395"/>
</kw>
<kw name="Open Connection" library="SAP_Tcode_Library">
<arg>${symvar('SAP_connection')}</arg>
<doc>Opens a connection to the given connection name. Be sure to provide the full connection name, including the bracket part.</doc>
<msg timestamp="20240305 06:54:36.395" level="INFO">Sym.Dev.SAP_connection: BIS</msg>
<status status="PASS" starttime="20240305 06:54:36.395" endtime="20240305 06:54:37.348"/>
</kw>
<kw name="Input Text" library="SAP_Tcode_Library">
<arg>wnd[0]/usr/txtRSYST-MANDT</arg>
<arg>${symvar('Client_Id')}</arg>
<doc>Inserts the given text into the text field identified by locator.
Use keyword `input password` to insert a password in a text field.</doc>
<msg timestamp="20240305 06:54:37.348" level="INFO">Sym.Dev.Client_Id: 001</msg>
<msg timestamp="20240305 06:54:37.395" level="INFO">Typing text '001' into text field 'wnd[0]/usr/txtRSYST-MANDT'.</msg>
<status status="PASS" starttime="20240305 06:54:37.348" endtime="20240305 06:54:37.395"/>
</kw>
<kw name="Input Text" library="SAP_Tcode_Library">
<arg>wnd[0]/usr/txtRSYST-BNAME</arg>
<arg>${symvar('User_Name')}</arg>
<doc>Inserts the given text into the text field identified by locator.
Use keyword `input password` to insert a password in a text field.</doc>
<msg timestamp="20240305 06:54:37.395" level="INFO">Sym.Dev.User_Name: SELENIUM</msg>
<msg timestamp="20240305 06:54:37.410" level="INFO">Typing text 'SELENIUM' into text field 'wnd[0]/usr/txtRSYST-BNAME'.</msg>
<status status="PASS" starttime="20240305 06:54:37.395" endtime="20240305 06:54:37.410"/>
</kw>
<kw name="Input Password" library="SAP_Tcode_Library">
<arg>wnd[0]/usr/pwdRSYST-BCODE</arg>
<arg>${symvar('User_Password')}</arg>
<doc>Inserts the given password into the text field identified by locator.
The password is not recorded in the log.</doc>
<msg timestamp="20240305 06:54:37.410" level="INFO">Sym.Dev.User_Password: Test@12345</msg>
<msg timestamp="20240305 06:54:37.410" level="INFO">Typing password into text field 'wnd[0]/usr/pwdRSYST-BCODE'.</msg>
<status status="PASS" starttime="20240305 06:54:37.410" endtime="20240305 06:54:37.410"/>
</kw>
<kw name="Send Vkey" library="SAP_Tcode_Library">
<arg>0</arg>
<doc>Sends a SAP virtual key combination to the window, not into an element.
If you want to send a value to a text field, use `input text` instead.</doc>
<status status="PASS" starttime="20240305 06:54:37.410" endtime="20240305 06:54:38.176"/>
</kw>
<kw name="Take Screenshot" library="SAP_Tcode_Library">
<arg>00a_loginpage.jpg</arg>
<doc>Takes a screenshot, only if 'screenshots on error' has been enabled,
either at import of with keyword `enable screenshots on error`.</doc>
<msg timestamp="20240305 06:54:38.270" level="INFO" html="true">&lt;a href="00a_loginpage.jpg"&gt;&lt;img src="00a_loginpage.jpg" width="800px"&gt;&lt;/a&gt;</msg>
<status status="PASS" starttime="20240305 06:54:38.176" endtime="20240305 06:54:38.270"/>
</kw>
<kw name="Multiple Logon Handling" library="SAP_Tcode_Library">
<arg>wnd[1]</arg>
<arg>wnd[1]/usr/radMULTI_LOGON_OPT2</arg>
<arg>wnd[1]/tbar[0]/btn[0]</arg>
<status status="PASS" starttime="20240305 06:54:38.270" endtime="20240305 06:54:38.270"/>
</kw>
<kw name="Sleep" library="BuiltIn">
<arg>1</arg>
<doc>Pauses the test executed for the given time.</doc>
<msg timestamp="20240305 06:54:39.270" level="INFO">Slept 1 second</msg>
<status status="PASS" starttime="20240305 06:54:38.270" endtime="20240305 06:54:39.270"/>
</kw>
<kw name="Take Screenshot" library="SAP_Tcode_Library">
<arg>00_multi_logon_handling.jpg</arg>
<doc>Takes a screenshot, only if 'screenshots on error' has been enabled,
either at import of with keyword `enable screenshots on error`.</doc>
<msg timestamp="20240305 06:54:39.339" level="INFO" html="true">&lt;a href="00_multi_logon_handling.jpg"&gt;&lt;img src="00_multi_logon_handling.jpg" width="800px"&gt;&lt;/a&gt;</msg>
<status status="PASS" starttime="20240305 06:54:39.270" endtime="20240305 06:54:39.339"/>
</kw>
<status status="PASS" starttime="20240305 06:54:26.375" endtime="20240305 06:54:39.339"/>
</kw>
<test id="s1-s1-t1" name="SMT1_T_CODE_System_whose_calls_are_trusted" line="9">
<kw name="SMT1_T_CODE_System_whose_calls_are_trusted" library="SMT1_REFRESH_System_whose_calls_are_trusted">
<kw name="Run Transaction" library="SAP_Tcode_Library">
<arg>/nSMT1</arg>
<doc>Runs a Sap transaction. An error is given when an unknown transaction is specified.</doc>
<status status="PASS" starttime="20240305 06:54:39.339" endtime="20240305 06:54:40.707"/>
</kw>
<for flavor="IN RANGE">
<var>${i}</var>
<value>2</value>
<value>999</value>
<iter>
<var name="${i}">2</var>
<kw name="Select Only" library="SAP_Tcode_Library">
<var>${select_only}</var>
<arg>wnd[0]/usr/tabsTRUST_STRIP/tabpTRUST_STRIP_FC1/ssubTRUST_STRIP_SCA:RS_RFC_TT_UI:0110/cntlSERVER_CONTAINER/shellcont/shell/shellcont[1]/shell[1]</arg>
<arg>${i}</arg>
<msg timestamp="20240305 06:54:40.715" level="INFO">${select_only} = None</msg>
<status status="PASS" starttime="20240305 06:54:40.707" endtime="20240305 06:54:40.715"/>
</kw>
<kw name="Sleep" library="BuiltIn">
<arg>1</arg>
<doc>Pauses the test executed for the given time.</doc>
<msg timestamp="20240305 06:54:41.715" level="INFO">Slept 1 second</msg>
<status status="PASS" starttime="20240305 06:54:40.715" endtime="20240305 06:54:41.715"/>
</kw>
<kw name="Click Toolbar Button" library="SAP_Tcode_Library">
<arg>wnd[0]/usr/tabsTRUST_STRIP/tabpTRUST_STRIP_FC1/ssubTRUST_STRIP_SCA:RS_RFC_TT_UI:0110/cntlSERVER_CONTAINER/shellcont/shell/shellcont[1]/shell[0]</arg>
<arg>DISPLAY</arg>
<doc>Clicks a button of a toolbar within a GridView 'table_id' which is contained within a shell object.
Use the Scripting tracker recorder to find the 'button_id' of the button to click</doc>
<msg timestamp="20240305 06:54:41.779" level="INFO" html="true">&lt;a href="sap-screenshot_1.jpg"&gt;&lt;img src="sap-screenshot_1.jpg" width="800px"&gt;&lt;/a&gt;</msg>
<status status="PASS" starttime="20240305 06:54:41.715" endtime="20240305 06:54:43.776"/>
</kw>
<kw name="Sleep" library="BuiltIn">
<arg>2</arg>
<doc>Pauses the test executed for the given time.</doc>
<msg timestamp="20240305 06:54:45.777" level="INFO">Slept 2 seconds</msg>
<status status="PASS" starttime="20240305 06:54:43.776" endtime="20240305 06:54:45.777"/>
</kw>
<kw name="Click Element" library="SAP_Tcode_Library">
<arg>wnd[0]/usr/tabsTRUSTINGT_STRIP/tabpTRUSTINGT_STRIP_FC1</arg>
<doc>Performs a single click on a given element. Used only for buttons, tabs and menu items.</doc>
<status status="PASS" starttime="20240305 06:54:45.777" endtime="20240305 06:54:45.785"/>
</kw>
<kw name="Take Screenshot" library="SAP_Tcode_Library">
<arg>${i}_System_whose_calls_are_trusted_CONFIGURATION.jpg</arg>
<doc>Takes a screenshot, only if 'screenshots on error' has been enabled,
either at import of with keyword `enable screenshots on error`.</doc>
<msg timestamp="20240305 06:54:45.848" level="INFO" html="true">&lt;a href="2_System_whose_calls_are_trusted_CONFIGURATION.jpg"&gt;&lt;img src="2_System_whose_calls_are_trusted_CONFIGURATION.jpg" width="800px"&gt;&lt;/a&gt;</msg>
<status status="PASS" starttime="20240305 06:54:45.785" endtime="20240305 06:54:45.848"/>
</kw>
<kw name="Sleep" library="BuiltIn">
<arg>1</arg>
<doc>Pauses the test executed for the given time.</doc>
<msg timestamp="20240305 06:54:46.848" level="INFO">Slept 1 second</msg>
<status status="PASS" starttime="20240305 06:54:45.848" endtime="20240305 06:54:46.848"/>
</kw>
<kw name="Click Element" library="SAP_Tcode_Library">
<arg>wnd[0]/usr/tabsTRUSTINGT_STRIP/tabpTRUSTINGT_STRIP_FC2</arg>
<doc>Performs a single click on a given element. Used only for buttons, tabs and menu items.</doc>
<status status="PASS" starttime="20240305 06:54:46.848" endtime="20240305 06:54:47.092"/>
</kw>
<kw name="Take Screenshot" library="SAP_Tcode_Library">
<arg>${i}_System_whose_calls_are_trusted_SYSTEM_SETTING.jpg</arg>
<doc>Takes a screenshot, only if 'screenshots on error' has been enabled,
either at import of with keyword `enable screenshots on error`.</doc>
<msg timestamp="20240305 06:54:47.155" level="INFO" html="true">&lt;a href="2_System_whose_calls_are_trusted_SYSTEM_SETTING.jpg"&gt;&lt;img src="2_System_whose_calls_are_trusted_SYSTEM_SETTING.jpg" width="800px"&gt;&lt;/a&gt;</msg>
<status status="PASS" starttime="20240305 06:54:47.092" endtime="20240305 06:54:47.155"/>
</kw>
<kw name="Sleep" library="BuiltIn">
<arg>1</arg>
<doc>Pauses the test executed for the given time.</doc>
<msg timestamp="20240305 06:54:48.155" level="INFO">Slept 1 second</msg>
<status status="PASS" starttime="20240305 06:54:47.155" endtime="20240305 06:54:48.155"/>
</kw>
<kw name="Click Element" library="SAP_Tcode_Library">
<arg>wnd[0]/usr/tabsTRUSTINGT_STRIP/tabpTRUSTINGT_STRIP_FC3</arg>
<doc>Performs a single click on a given element. Used only for buttons, tabs and menu items.</doc>
<status status="PASS" starttime="20240305 06:54:48.155" endtime="20240305 06:54:48.403"/>
</kw>
<kw name="Take Screenshot" library="SAP_Tcode_Library">
<arg>${i}_System_whose_calls_are_trusted_ADMINISTRATION.jpg</arg>
<doc>Takes a screenshot, only if 'screenshots on error' has been enabled,
either at import of with keyword `enable screenshots on error`.</doc>
<msg timestamp="20240305 06:54:48.467" level="INFO" html="true">&lt;a href="2_System_whose_calls_are_trusted_ADMINISTRATION.jpg"&gt;&lt;img src="2_System_whose_calls_are_trusted_ADMINISTRATION.jpg" width="800px"&gt;&lt;/a&gt;</msg>
<status status="PASS" starttime="20240305 06:54:48.403" endtime="20240305 06:54:48.467"/>
</kw>
<kw name="Sleep" library="BuiltIn">
<arg>1</arg>
<doc>Pauses the test executed for the given time.</doc>
<msg timestamp="20240305 06:54:49.467" level="INFO">Slept 1 second</msg>
<status status="PASS" starttime="20240305 06:54:48.467" endtime="20240305 06:54:49.467"/>
</kw>
<kw name="Click Element" library="SAP_Tcode_Library">
<arg>wnd[0]/tbar[0]/btn[3]</arg>
<doc>Performs a single click on a given element. Used only for buttons, tabs and menu items.</doc>
<status status="PASS" starttime="20240305 06:54:49.467" endtime="20240305 06:54:49.763"/>
</kw>
<kw name="Sleep" library="BuiltIn">
<arg>1</arg>
<doc>Pauses the test executed for the given time.</doc>
<msg timestamp="20240305 06:54:50.763" level="INFO">Slept 1 second</msg>
<status status="PASS" starttime="20240305 06:54:49.763" endtime="20240305 06:54:50.763"/>
</kw>
<kw name="Unselect" library="SAP_Tcode_Library">
<arg>wnd[0]/usr/tabsTRUST_STRIP/tabpTRUST_STRIP_FC1/ssubTRUST_STRIP_SCA:RS_RFC_TT_UI:0110/cntlSERVER_CONTAINER/shellcont/shell/shellcont[1]/shell[1]</arg>
<arg>${i}</arg>
<status status="PASS" starttime="20240305 06:54:50.763" endtime="20240305 06:54:50.763"/>
</kw>
<kw name="Sleep" library="BuiltIn">
<arg>1</arg>
<doc>Pauses the test executed for the given time.</doc>
<msg timestamp="20240305 06:54:51.764" level="INFO">Slept 1 second</msg>
<status status="PASS" starttime="20240305 06:54:50.763" endtime="20240305 06:54:51.764"/>
</kw>
<kw name="Run Keyword And Return Status" library="BuiltIn">
<var>${Exit_point}</var>
<arg>Run Keyword If</arg>
<arg>${select_only} != 'NONE'</arg>
<arg>Log</arg>
<arg>Selected Rows: ${select_only}</arg>
<doc>Runs the given keyword with given arguments and returns the status as a Boolean value.</doc>
<kw name="Run Keyword If" library="BuiltIn">
<arg>${select_only} != 'NONE'</arg>
<arg>Log</arg>
<arg>Selected Rows: ${select_only}</arg>
<doc>Runs the given keyword with the given arguments, if ``condition`` is true.</doc>
<kw name="Log" library="BuiltIn">
<arg>Selected Rows: ${select_only}</arg>
<doc>Logs the given message with the given level.</doc>
<msg timestamp="20240305 06:54:51.764" level="INFO">Selected Rows: None</msg>
<status status="PASS" starttime="20240305 06:54:51.764" endtime="20240305 06:54:51.764"/>
</kw>
<status status="PASS" starttime="20240305 06:54:51.764" endtime="20240305 06:54:51.764"/>
</kw>
<msg timestamp="20240305 06:54:51.764" level="INFO">${Exit_point} = True</msg>
<status status="PASS" starttime="20240305 06:54:51.764" endtime="20240305 06:54:51.764"/>
</kw>
<kw name="Exit For Loop If" library="BuiltIn">
<arg>${Exit_point}=='NONE'</arg>
<doc>Stops executing the enclosing FOR loop if the ``condition`` is true.</doc>
<status status="PASS" starttime="20240305 06:54:51.764" endtime="20240305 06:54:51.764"/>
</kw>
<status status="PASS" starttime="20240305 06:54:40.707" endtime="20240305 06:54:51.764"/>
</iter>
<iter>
<var name="${i}">3</var>
<kw name="Select Only" library="SAP_Tcode_Library">
<var>${select_only}</var>
<arg>wnd[0]/usr/tabsTRUST_STRIP/tabpTRUST_STRIP_FC1/ssubTRUST_STRIP_SCA:RS_RFC_TT_UI:0110/cntlSERVER_CONTAINER/shellcont/shell/shellcont[1]/shell[1]</arg>
<arg>${i}</arg>
<msg timestamp="20240305 06:54:51.769" level="INFO">${select_only} = None</msg>
<status status="PASS" starttime="20240305 06:54:51.764" endtime="20240305 06:54:51.769"/>
</kw>
<kw name="Sleep" library="BuiltIn">
<arg>1</arg>
<doc>Pauses the test executed for the given time.</doc>
<msg timestamp="20240305 06:54:52.769" level="INFO">Slept 1 second</msg>
<status status="PASS" starttime="20240305 06:54:51.769" endtime="20240305 06:54:52.769"/>
</kw>
<kw name="Click Toolbar Button" library="SAP_Tcode_Library">
<arg>wnd[0]/usr/tabsTRUST_STRIP/tabpTRUST_STRIP_FC1/ssubTRUST_STRIP_SCA:RS_RFC_TT_UI:0110/cntlSERVER_CONTAINER/shellcont/shell/shellcont[1]/shell[0]</arg>
<arg>DISPLAY</arg>
<doc>Clicks a button of a toolbar within a GridView 'table_id' which is contained within a shell object.
Use the Scripting tracker recorder to find the 'button_id' of the button to click</doc>
<msg timestamp="20240305 06:54:52.839" level="INFO" html="true">&lt;a href="sap-screenshot_2.jpg"&gt;&lt;img src="sap-screenshot_2.jpg" width="800px"&gt;&lt;/a&gt;</msg>
<status status="PASS" starttime="20240305 06:54:52.769" endtime="20240305 06:54:54.865"/>
</kw>
<kw name="Sleep" library="BuiltIn">
<arg>2</arg>
<doc>Pauses the test executed for the given time.</doc>
<msg timestamp="20240305 06:54:56.865" level="INFO">Slept 2 seconds</msg>
<status status="PASS" starttime="20240305 06:54:54.865" endtime="20240305 06:54:56.865"/>
</kw>
<kw name="Click Element" library="SAP_Tcode_Library">
<arg>wnd[0]/usr/tabsTRUSTINGT_STRIP/tabpTRUSTINGT_STRIP_FC1</arg>
<doc>Performs a single click on a given element. Used only for buttons, tabs and menu items.</doc>
<status status="PASS" starttime="20240305 06:54:56.865" endtime="20240305 06:54:57.137"/>
</kw>
<kw name="Take Screenshot" library="SAP_Tcode_Library">
<arg>${i}_System_whose_calls_are_trusted_CONFIGURATION.jpg</arg>
<doc>Takes a screenshot, only if 'screenshots on error' has been enabled,
either at import of with keyword `enable screenshots on error`.</doc>
<msg timestamp="20240305 06:54:57.201" level="INFO" html="true">&lt;a href="3_System_whose_calls_are_trusted_CONFIGURATION.jpg"&gt;&lt;img src="3_System_whose_calls_are_trusted_CONFIGURATION.jpg" width="800px"&gt;&lt;/a&gt;</msg>
<status status="PASS" starttime="20240305 06:54:57.137" endtime="20240305 06:54:57.201"/>
</kw>
<kw name="Sleep" library="BuiltIn">
<arg>1</arg>
<doc>Pauses the test executed for the given time.</doc>
<msg timestamp="20240305 06:54:58.202" level="INFO">Slept 1 second</msg>
<status status="PASS" starttime="20240305 06:54:57.201" endtime="20240305 06:54:58.202"/>
</kw>
<kw name="Click Element" library="SAP_Tcode_Library">
<arg>wnd[0]/usr/tabsTRUSTINGT_STRIP/tabpTRUSTINGT_STRIP_FC2</arg>
<doc>Performs a single click on a given element. Used only for buttons, tabs and menu items.</doc>
<status status="PASS" starttime="20240305 06:54:58.202" endtime="20240305 06:54:58.438"/>
</kw>
<kw name="Take Screenshot" library="SAP_Tcode_Library">
<arg>${i}_System_whose_calls_are_trusted_SYSTEM_SETTING.jpg</arg>
<doc>Takes a screenshot, only if 'screenshots on error' has been enabled,
either at import of with keyword `enable screenshots on error`.</doc>
<msg timestamp="20240305 06:54:58.502" level="INFO" html="true">&lt;a href="3_System_whose_calls_are_trusted_SYSTEM_SETTING.jpg"&gt;&lt;img src="3_System_whose_calls_are_trusted_SYSTEM_SETTING.jpg" width="800px"&gt;&lt;/a&gt;</msg>
<status status="PASS" starttime="20240305 06:54:58.438" endtime="20240305 06:54:58.502"/>
</kw>
<kw name="Sleep" library="BuiltIn">
<arg>1</arg>
<doc>Pauses the test executed for the given time.</doc>
<msg timestamp="20240305 06:54:59.502" level="INFO">Slept 1 second</msg>
<status status="PASS" starttime="20240305 06:54:58.502" endtime="20240305 06:54:59.502"/>
</kw>
<kw name="Click Element" library="SAP_Tcode_Library">
<arg>wnd[0]/usr/tabsTRUSTINGT_STRIP/tabpTRUSTINGT_STRIP_FC3</arg>
<doc>Performs a single click on a given element. Used only for buttons, tabs and menu items.</doc>
<status status="PASS" starttime="20240305 06:54:59.502" endtime="20240305 06:54:59.749"/>
</kw>
<kw name="Take Screenshot" library="SAP_Tcode_Library">
<arg>${i}_System_whose_calls_are_trusted_ADMINISTRATION.jpg</arg>
<doc>Takes a screenshot, only if 'screenshots on error' has been enabled,
either at import of with keyword `enable screenshots on error`.</doc>
<msg timestamp="20240305 06:54:59.817" level="INFO" html="true">&lt;a href="3_System_whose_calls_are_trusted_ADMINISTRATION.jpg"&gt;&lt;img src="3_System_whose_calls_are_trusted_ADMINISTRATION.jpg" width="800px"&gt;&lt;/a&gt;</msg>
<status status="PASS" starttime="20240305 06:54:59.749" endtime="20240305 06:54:59.817"/>
</kw>
<kw name="Sleep" library="BuiltIn">
<arg>1</arg>
<doc>Pauses the test executed for the given time.</doc>
<msg timestamp="20240305 06:55:00.818" level="INFO">Slept 1 second</msg>
<status status="PASS" starttime="20240305 06:54:59.817" endtime="20240305 06:55:00.818"/>
</kw>
<kw name="Click Element" library="SAP_Tcode_Library">
<arg>wnd[0]/tbar[0]/btn[3]</arg>
<doc>Performs a single click on a given element. Used only for buttons, tabs and menu items.</doc>
<status status="PASS" starttime="20240305 06:55:00.818" endtime="20240305 06:55:01.114"/>
</kw>
<kw name="Sleep" library="BuiltIn">
<arg>1</arg>
<doc>Pauses the test executed for the given time.</doc>
<msg timestamp="20240305 06:55:02.114" level="INFO">Slept 1 second</msg>
<status status="PASS" starttime="20240305 06:55:01.114" endtime="20240305 06:55:02.114"/>
</kw>
<kw name="Unselect" library="SAP_Tcode_Library">
<arg>wnd[0]/usr/tabsTRUST_STRIP/tabpTRUST_STRIP_FC1/ssubTRUST_STRIP_SCA:RS_RFC_TT_UI:0110/cntlSERVER_CONTAINER/shellcont/shell/shellcont[1]/shell[1]</arg>
<arg>${i}</arg>
<status status="PASS" starttime="20240305 06:55:02.114" endtime="20240305 06:55:02.122"/>
</kw>
<kw name="Sleep" library="BuiltIn">
<arg>1</arg>
<doc>Pauses the test executed for the given time.</doc>
<msg timestamp="20240305 06:55:03.122" level="INFO">Slept 1 second</msg>
<status status="PASS" starttime="20240305 06:55:02.122" endtime="20240305 06:55:03.122"/>
</kw>
<kw name="Run Keyword And Return Status" library="BuiltIn">
<var>${Exit_point}</var>
<arg>Run Keyword If</arg>
<arg>${select_only} != 'NONE'</arg>
<arg>Log</arg>
<arg>Selected Rows: ${select_only}</arg>
<doc>Runs the given keyword with given arguments and returns the status as a Boolean value.</doc>
<kw name="Run Keyword If" library="BuiltIn">
<arg>${select_only} != 'NONE'</arg>
<arg>Log</arg>
<arg>Selected Rows: ${select_only}</arg>
<doc>Runs the given keyword with the given arguments, if ``condition`` is true.</doc>
<kw name="Log" library="BuiltIn">
<arg>Selected Rows: ${select_only}</arg>
<doc>Logs the given message with the given level.</doc>
<msg timestamp="20240305 06:55:03.123" level="INFO">Selected Rows: None</msg>
<status status="PASS" starttime="20240305 06:55:03.123" endtime="20240305 06:55:03.123"/>
</kw>
<status status="PASS" starttime="20240305 06:55:03.122" endtime="20240305 06:55:03.123"/>
</kw>
<msg timestamp="20240305 06:55:03.123" level="INFO">${Exit_point} = True</msg>
<status status="PASS" starttime="20240305 06:55:03.122" endtime="20240305 06:55:03.123"/>
</kw>
<kw name="Exit For Loop If" library="BuiltIn">
<arg>${Exit_point}=='NONE'</arg>
<doc>Stops executing the enclosing FOR loop if the ``condition`` is true.</doc>
<status status="PASS" starttime="20240305 06:55:03.123" endtime="20240305 06:55:03.123"/>
</kw>
<status status="PASS" starttime="20240305 06:54:51.764" endtime="20240305 06:55:03.123"/>
</iter>
<iter>
<var name="${i}">4</var>
<kw name="Select Only" library="SAP_Tcode_Library">
<var>${select_only}</var>
<arg>wnd[0]/usr/tabsTRUST_STRIP/tabpTRUST_STRIP_FC1/ssubTRUST_STRIP_SCA:RS_RFC_TT_UI:0110/cntlSERVER_CONTAINER/shellcont/shell/shellcont[1]/shell[1]</arg>
<arg>${i}</arg>
<msg timestamp="20240305 06:55:03.134" level="INFO">${select_only} = None</msg>
<status status="PASS" starttime="20240305 06:55:03.123" endtime="20240305 06:55:03.135"/>
</kw>
<kw name="Sleep" library="BuiltIn">
<arg>1</arg>
<doc>Pauses the test executed for the given time.</doc>
<msg timestamp="20240305 06:55:04.135" level="INFO">Slept 1 second</msg>
<status status="PASS" starttime="20240305 06:55:03.135" endtime="20240305 06:55:04.135"/>
</kw>
<kw name="Click Toolbar Button" library="SAP_Tcode_Library">
<arg>wnd[0]/usr/tabsTRUST_STRIP/tabpTRUST_STRIP_FC1/ssubTRUST_STRIP_SCA:RS_RFC_TT_UI:0110/cntlSERVER_CONTAINER/shellcont/shell/shellcont[1]/shell[0]</arg>
<arg>DISPLAY</arg>
<doc>Clicks a button of a toolbar within a GridView 'table_id' which is contained within a shell object.
Use the Scripting tracker recorder to find the 'button_id' of the button to click</doc>
<msg timestamp="20240305 06:55:04.187" level="INFO" html="true">&lt;a href="sap-screenshot_3.jpg"&gt;&lt;img src="sap-screenshot_3.jpg" width="800px"&gt;&lt;/a&gt;</msg>
<status status="PASS" starttime="20240305 06:55:04.135" endtime="20240305 06:55:06.163"/>
</kw>
<kw name="Sleep" library="BuiltIn">
<arg>2</arg>
<doc>Pauses the test executed for the given time.</doc>
<msg timestamp="20240305 06:55:08.163" level="INFO">Slept 2 seconds</msg>
<status status="PASS" starttime="20240305 06:55:06.163" endtime="20240305 06:55:08.163"/>
</kw>
<kw name="Click Element" library="SAP_Tcode_Library">
<arg>wnd[0]/usr/tabsTRUSTINGT_STRIP/tabpTRUSTINGT_STRIP_FC1</arg>
<doc>Performs a single click on a given element. Used only for buttons, tabs and menu items.</doc>
<status status="PASS" starttime="20240305 06:55:08.163" endtime="20240305 06:55:08.401"/>
</kw>
<kw name="Take Screenshot" library="SAP_Tcode_Library">
<arg>${i}_System_whose_calls_are_trusted_CONFIGURATION.jpg</arg>
<doc>Takes a screenshot, only if 'screenshots on error' has been enabled,
either at import of with keyword `enable screenshots on error`.</doc>
<msg timestamp="20240305 06:55:08.465" level="INFO" html="true">&lt;a href="4_System_whose_calls_are_trusted_CONFIGURATION.jpg"&gt;&lt;img src="4_System_whose_calls_are_trusted_CONFIGURATION.jpg" width="800px"&gt;&lt;/a&gt;</msg>
<status status="PASS" starttime="20240305 06:55:08.401" endtime="20240305 06:55:08.465"/>
</kw>
<kw name="Sleep" library="BuiltIn">
<arg>1</arg>
<doc>Pauses the test executed for the given time.</doc>
<msg timestamp="20240305 06:55:09.480" level="INFO">Slept 1 second</msg>
<status status="PASS" starttime="20240305 06:55:08.480" endtime="20240305 06:55:09.480"/>
</kw>
<kw name="Click Element" library="SAP_Tcode_Library">
<arg>wnd[0]/usr/tabsTRUSTINGT_STRIP/tabpTRUSTINGT_STRIP_FC2</arg>
<doc>Performs a single click on a given element. Used only for buttons, tabs and menu items.</doc>
<status status="PASS" starttime="20240305 06:55:09.480" endtime="20240305 06:55:09.738"/>
</kw>
<kw name="Take Screenshot" library="SAP_Tcode_Library">
<arg>${i}_System_whose_calls_are_trusted_SYSTEM_SETTING.jpg</arg>
<doc>Takes a screenshot, only if 'screenshots on error' has been enabled,
either at import of with keyword `enable screenshots on error`.</doc>
<msg timestamp="20240305 06:55:09.817" level="INFO" html="true">&lt;a href="4_System_whose_calls_are_trusted_SYSTEM_SETTING.jpg"&gt;&lt;img src="4_System_whose_calls_are_trusted_SYSTEM_SETTING.jpg" width="800px"&gt;&lt;/a&gt;</msg>
<status status="PASS" starttime="20240305 06:55:09.738" endtime="20240305 06:55:09.817"/>
</kw>
<kw name="Sleep" library="BuiltIn">
<arg>1</arg>
<doc>Pauses the test executed for the given time.</doc>
<msg timestamp="20240305 06:55:10.817" level="INFO">Slept 1 second</msg>
<status status="PASS" starttime="20240305 06:55:09.817" endtime="20240305 06:55:10.817"/>
</kw>
<kw name="Click Element" library="SAP_Tcode_Library">
<arg>wnd[0]/usr/tabsTRUSTINGT_STRIP/tabpTRUSTINGT_STRIP_FC3</arg>
<doc>Performs a single click on a given element. Used only for buttons, tabs and menu items.</doc>
<status status="PASS" starttime="20240305 06:55:10.817" endtime="20240305 06:55:11.076"/>
</kw>
<kw name="Take Screenshot" library="SAP_Tcode_Library">
<arg>${i}_System_whose_calls_are_trusted_ADMINISTRATION.jpg</arg>
<doc>Takes a screenshot, only if 'screenshots on error' has been enabled,
either at import of with keyword `enable screenshots on error`.</doc>
<msg timestamp="20240305 06:55:11.123" level="INFO" html="true">&lt;a href="4_System_whose_calls_are_trusted_ADMINISTRATION.jpg"&gt;&lt;img src="4_System_whose_calls_are_trusted_ADMINISTRATION.jpg" width="800px"&gt;&lt;/a&gt;</msg>
<status status="PASS" starttime="20240305 06:55:11.076" endtime="20240305 06:55:11.123"/>
</kw>
<kw name="Sleep" library="BuiltIn">
<arg>1</arg>
<doc>Pauses the test executed for the given time.</doc>
<msg timestamp="20240305 06:55:12.124" level="INFO">Slept 1 second</msg>
<status status="PASS" starttime="20240305 06:55:11.123" endtime="20240305 06:55:12.124"/>
</kw>
<kw name="Click Element" library="SAP_Tcode_Library">
<arg>wnd[0]/tbar[0]/btn[3]</arg>
<doc>Performs a single click on a given element. Used only for buttons, tabs and menu items.</doc>
<status status="PASS" starttime="20240305 06:55:12.124" endtime="20240305 06:55:12.416"/>
</kw>
<kw name="Sleep" library="BuiltIn">
<arg>1</arg>
<doc>Pauses the test executed for the given time.</doc>
<msg timestamp="20240305 06:55:13.418" level="INFO">Slept 1 second</msg>
<status status="PASS" starttime="20240305 06:55:12.416" endtime="20240305 06:55:13.418"/>
</kw>
<kw name="Unselect" library="SAP_Tcode_Library">
<arg>wnd[0]/usr/tabsTRUST_STRIP/tabpTRUST_STRIP_FC1/ssubTRUST_STRIP_SCA:RS_RFC_TT_UI:0110/cntlSERVER_CONTAINER/shellcont/shell/shellcont[1]/shell[1]</arg>
<arg>${i}</arg>
<status status="PASS" starttime="20240305 06:55:13.418" endtime="20240305 06:55:13.428"/>
</kw>
<kw name="Sleep" library="BuiltIn">
<arg>1</arg>
<doc>Pauses the test executed for the given time.</doc>
<msg timestamp="20240305 06:55:14.429" level="INFO">Slept 1 second</msg>
<status status="PASS" starttime="20240305 06:55:13.428" endtime="20240305 06:55:14.429"/>
</kw>
<kw name="Run Keyword And Return Status" library="BuiltIn">
<var>${Exit_point}</var>
<arg>Run Keyword If</arg>
<arg>${select_only} != 'NONE'</arg>
<arg>Log</arg>
<arg>Selected Rows: ${select_only}</arg>
<doc>Runs the given keyword with given arguments and returns the status as a Boolean value.</doc>
<kw name="Run Keyword If" library="BuiltIn">
<arg>${select_only} != 'NONE'</arg>
<arg>Log</arg>
<arg>Selected Rows: ${select_only}</arg>
<doc>Runs the given keyword with the given arguments, if ``condition`` is true.</doc>
<kw name="Log" library="BuiltIn">
<arg>Selected Rows: ${select_only}</arg>
<doc>Logs the given message with the given level.</doc>
<msg timestamp="20240305 06:55:14.430" level="INFO">Selected Rows: None</msg>
<status status="PASS" starttime="20240305 06:55:14.430" endtime="20240305 06:55:14.430"/>
</kw>
<status status="PASS" starttime="20240305 06:55:14.429" endtime="20240305 06:55:14.430"/>
</kw>
<msg timestamp="20240305 06:55:14.430" level="INFO">${Exit_point} = True</msg>
<status status="PASS" starttime="20240305 06:55:14.429" endtime="20240305 06:55:14.430"/>
</kw>
<kw name="Exit For Loop If" library="BuiltIn">
<arg>${Exit_point}=='NONE'</arg>
<doc>Stops executing the enclosing FOR loop if the ``condition`` is true.</doc>
<status status="PASS" starttime="20240305 06:55:14.431" endtime="20240305 06:55:14.431"/>
</kw>
<status status="PASS" starttime="20240305 06:55:03.123" endtime="20240305 06:55:14.431"/>
</iter>
<iter>
<var name="${i}">5</var>
<kw name="Select Only" library="SAP_Tcode_Library">
<var>${select_only}</var>
<arg>wnd[0]/usr/tabsTRUST_STRIP/tabpTRUST_STRIP_FC1/ssubTRUST_STRIP_SCA:RS_RFC_TT_UI:0110/cntlSERVER_CONTAINER/shellcont/shell/shellcont[1]/shell[1]</arg>
<arg>${i}</arg>
<msg timestamp="20240305 06:55:14.440" level="INFO">${select_only} = None</msg>
<status status="PASS" starttime="20240305 06:55:14.431" endtime="20240305 06:55:14.440"/>
</kw>
<kw name="Sleep" library="BuiltIn">
<arg>1</arg>
<doc>Pauses the test executed for the given time.</doc>
<msg timestamp="20240305 06:55:15.442" level="INFO">Slept 1 second</msg>
<status status="PASS" starttime="20240305 06:55:14.441" endtime="20240305 06:55:15.442"/>
</kw>
<kw name="Click Toolbar Button" library="SAP_Tcode_Library">
<arg>wnd[0]/usr/tabsTRUST_STRIP/tabpTRUST_STRIP_FC1/ssubTRUST_STRIP_SCA:RS_RFC_TT_UI:0110/cntlSERVER_CONTAINER/shellcont/shell/shellcont[1]/shell[0]</arg>
<arg>DISPLAY</arg>
<doc>Clicks a button of a toolbar within a GridView 'table_id' which is contained within a shell object.
Use the Scripting tracker recorder to find the 'button_id' of the button to click</doc>
<msg timestamp="20240305 06:55:15.514" level="INFO" html="true">&lt;a href="sap-screenshot_4.jpg"&gt;&lt;img src="sap-screenshot_4.jpg" width="800px"&gt;&lt;/a&gt;</msg>
<status status="PASS" starttime="20240305 06:55:15.442" endtime="20240305 06:55:17.520"/>
</kw>
<kw name="Sleep" library="BuiltIn">
<arg>2</arg>
<doc>Pauses the test executed for the given time.</doc>
<msg timestamp="20240305 06:55:19.520" level="INFO">Slept 2 seconds</msg>
<status status="PASS" starttime="20240305 06:55:17.520" endtime="20240305 06:55:19.520"/>
</kw>
<kw name="Click Element" library="SAP_Tcode_Library">
<arg>wnd[0]/usr/tabsTRUSTINGT_STRIP/tabpTRUSTINGT_STRIP_FC1</arg>
<doc>Performs a single click on a given element. Used only for buttons, tabs and menu items.</doc>
<status status="PASS" starttime="20240305 06:55:19.520" endtime="20240305 06:55:19.755"/>
</kw>
<kw name="Take Screenshot" library="SAP_Tcode_Library">
<arg>${i}_System_whose_calls_are_trusted_CONFIGURATION.jpg</arg>
<doc>Takes a screenshot, only if 'screenshots on error' has been enabled,
either at import of with keyword `enable screenshots on error`.</doc>
<msg timestamp="20240305 06:55:19.851" level="INFO" html="true">&lt;a href="5_System_whose_calls_are_trusted_CONFIGURATION.jpg"&gt;&lt;img src="5_System_whose_calls_are_trusted_CONFIGURATION.jpg" width="800px"&gt;&lt;/a&gt;</msg>
<status status="PASS" starttime="20240305 06:55:19.755" endtime="20240305 06:55:19.851"/>
</kw>
<kw name="Sleep" library="BuiltIn">
<arg>1</arg>
<doc>Pauses the test executed for the given time.</doc>
<msg timestamp="20240305 06:55:20.851" level="INFO">Slept 1 second</msg>
<status status="PASS" starttime="20240305 06:55:19.851" endtime="20240305 06:55:20.851"/>
</kw>
<kw name="Click Element" library="SAP_Tcode_Library">
<arg>wnd[0]/usr/tabsTRUSTINGT_STRIP/tabpTRUSTINGT_STRIP_FC2</arg>
<doc>Performs a single click on a given element. Used only for buttons, tabs and menu items.</doc>
<status status="PASS" starttime="20240305 06:55:20.851" endtime="20240305 06:55:21.108"/>
</kw>
<kw name="Take Screenshot" library="SAP_Tcode_Library">
<arg>${i}_System_whose_calls_are_trusted_SYSTEM_SETTING.jpg</arg>
<doc>Takes a screenshot, only if 'screenshots on error' has been enabled,
either at import of with keyword `enable screenshots on error`.</doc>
<msg timestamp="20240305 06:55:21.174" level="INFO" html="true">&lt;a href="5_System_whose_calls_are_trusted_SYSTEM_SETTING.jpg"&gt;&lt;img src="5_System_whose_calls_are_trusted_SYSTEM_SETTING.jpg" width="800px"&gt;&lt;/a&gt;</msg>
<status status="PASS" starttime="20240305 06:55:21.108" endtime="20240305 06:55:21.174"/>
</kw>
<kw name="Sleep" library="BuiltIn">
<arg>1</arg>
<doc>Pauses the test executed for the given time.</doc>
<msg timestamp="20240305 06:55:22.174" level="INFO">Slept 1 second</msg>
<status status="PASS" starttime="20240305 06:55:21.174" endtime="20240305 06:55:22.174"/>
</kw>
<kw name="Click Element" library="SAP_Tcode_Library">
<arg>wnd[0]/usr/tabsTRUSTINGT_STRIP/tabpTRUSTINGT_STRIP_FC3</arg>
<doc>Performs a single click on a given element. Used only for buttons, tabs and menu items.</doc>
<status status="PASS" starttime="20240305 06:55:22.174" endtime="20240305 06:55:22.414"/>
</kw>
<kw name="Take Screenshot" library="SAP_Tcode_Library">
<arg>${i}_System_whose_calls_are_trusted_ADMINISTRATION.jpg</arg>
<doc>Takes a screenshot, only if 'screenshots on error' has been enabled,
either at import of with keyword `enable screenshots on error`.</doc>
<msg timestamp="20240305 06:55:22.494" level="INFO" html="true">&lt;a href="5_System_whose_calls_are_trusted_ADMINISTRATION.jpg"&gt;&lt;img src="5_System_whose_calls_are_trusted_ADMINISTRATION.jpg" width="800px"&gt;&lt;/a&gt;</msg>
<status status="PASS" starttime="20240305 06:55:22.424" endtime="20240305 06:55:22.494"/>
</kw>
<kw name="Sleep" library="BuiltIn">
<arg>1</arg>
<doc>Pauses the test executed for the given time.</doc>
<msg timestamp="20240305 06:55:23.494" level="INFO">Slept 1 second</msg>
<status status="PASS" starttime="20240305 06:55:22.494" endtime="20240305 06:55:23.494"/>
</kw>
<kw name="Click Element" library="SAP_Tcode_Library">
<arg>wnd[0]/tbar[0]/btn[3]</arg>
<doc>Performs a single click on a given element. Used only for buttons, tabs and menu items.</doc>
<status status="PASS" starttime="20240305 06:55:23.494" endtime="20240305 06:55:23.775"/>
</kw>
<kw name="Sleep" library="BuiltIn">
<arg>1</arg>
<doc>Pauses the test executed for the given time.</doc>
<msg timestamp="20240305 06:55:24.776" level="INFO">Slept 1 second</msg>
<status status="PASS" starttime="20240305 06:55:23.775" endtime="20240305 06:55:24.776"/>
</kw>
<kw name="Unselect" library="SAP_Tcode_Library">
<arg>wnd[0]/usr/tabsTRUST_STRIP/tabpTRUST_STRIP_FC1/ssubTRUST_STRIP_SCA:RS_RFC_TT_UI:0110/cntlSERVER_CONTAINER/shellcont/shell/shellcont[1]/shell[1]</arg>
<arg>${i}</arg>
<status status="PASS" starttime="20240305 06:55:24.776" endtime="20240305 06:55:24.776"/>
</kw>
<kw name="Sleep" library="BuiltIn">
<arg>1</arg>
<doc>Pauses the test executed for the given time.</doc>
<msg timestamp="20240305 06:55:25.776" level="INFO">Slept 1 second</msg>
<status status="PASS" starttime="20240305 06:55:24.776" endtime="20240305 06:55:25.776"/>
</kw>
<kw name="Run Keyword And Return Status" library="BuiltIn">
<var>${Exit_point}</var>
<arg>Run Keyword If</arg>
<arg>${select_only} != 'NONE'</arg>
<arg>Log</arg>
<arg>Selected Rows: ${select_only}</arg>
<doc>Runs the given keyword with given arguments and returns the status as a Boolean value.</doc>
<kw name="Run Keyword If" library="BuiltIn">
<arg>${select_only} != 'NONE'</arg>
<arg>Log</arg>
<arg>Selected Rows: ${select_only}</arg>
<doc>Runs the given keyword with the given arguments, if ``condition`` is true.</doc>
<kw name="Log" library="BuiltIn">
<arg>Selected Rows: ${select_only}</arg>
<doc>Logs the given message with the given level.</doc>
<msg timestamp="20240305 06:55:25.776" level="INFO">Selected Rows: None</msg>
<status status="PASS" starttime="20240305 06:55:25.776" endtime="20240305 06:55:25.776"/>
</kw>
<status status="PASS" starttime="20240305 06:55:25.776" endtime="20240305 06:55:25.776"/>
</kw>
<msg timestamp="20240305 06:55:25.776" level="INFO">${Exit_point} = True</msg>
<status status="PASS" starttime="20240305 06:55:25.776" endtime="20240305 06:55:25.776"/>
</kw>
<kw name="Exit For Loop If" library="BuiltIn">
<arg>${Exit_point}=='NONE'</arg>
<doc>Stops executing the enclosing FOR loop if the ``condition`` is true.</doc>
<status status="PASS" starttime="20240305 06:55:25.776" endtime="20240305 06:55:25.776"/>
</kw>
<status status="PASS" starttime="20240305 06:55:14.431" endtime="20240305 06:55:25.776"/>
</iter>
<iter>
<var name="${i}">6</var>
<kw name="Select Only" library="SAP_Tcode_Library">
<var>${select_only}</var>
<arg>wnd[0]/usr/tabsTRUST_STRIP/tabpTRUST_STRIP_FC1/ssubTRUST_STRIP_SCA:RS_RFC_TT_UI:0110/cntlSERVER_CONTAINER/shellcont/shell/shellcont[1]/shell[1]</arg>
<arg>${i}</arg>
<msg timestamp="20240305 06:55:25.776" level="INFO">${select_only} = None</msg>
<status status="PASS" starttime="20240305 06:55:25.776" endtime="20240305 06:55:25.776"/>
</kw>
<kw name="Sleep" library="BuiltIn">
<arg>1</arg>
<doc>Pauses the test executed for the given time.</doc>
<msg timestamp="20240305 06:55:26.776" level="INFO">Slept 1 second</msg>
<status status="PASS" starttime="20240305 06:55:25.776" endtime="20240305 06:55:26.776"/>
</kw>
<kw name="Click Toolbar Button" library="SAP_Tcode_Library">
<arg>wnd[0]/usr/tabsTRUST_STRIP/tabpTRUST_STRIP_FC1/ssubTRUST_STRIP_SCA:RS_RFC_TT_UI:0110/cntlSERVER_CONTAINER/shellcont/shell/shellcont[1]/shell[0]</arg>
<arg>DISPLAY</arg>
<doc>Clicks a button of a toolbar within a GridView 'table_id' which is contained within a shell object.
Use the Scripting tracker recorder to find the 'button_id' of the button to click</doc>
<msg timestamp="20240305 06:55:26.846" level="INFO" html="true">&lt;a href="sap-screenshot_5.jpg"&gt;&lt;img src="sap-screenshot_5.jpg" width="800px"&gt;&lt;/a&gt;</msg>
<status status="PASS" starttime="20240305 06:55:26.776" endtime="20240305 06:55:28.852"/>
</kw>
<kw name="Sleep" library="BuiltIn">
<arg>2</arg>
<doc>Pauses the test executed for the given time.</doc>
<msg timestamp="20240305 06:55:30.852" level="INFO">Slept 2 seconds</msg>
<status status="PASS" starttime="20240305 06:55:28.852" endtime="20240305 06:55:30.852"/>
</kw>
<kw name="Click Element" library="SAP_Tcode_Library">
<arg>wnd[0]/usr/tabsTRUSTINGT_STRIP/tabpTRUSTINGT_STRIP_FC1</arg>
<doc>Performs a single click on a given element. Used only for buttons, tabs and menu items.</doc>
<status status="PASS" starttime="20240305 06:55:30.852" endtime="20240305 06:55:31.099"/>
</kw>
<kw name="Take Screenshot" library="SAP_Tcode_Library">
<arg>${i}_System_whose_calls_are_trusted_CONFIGURATION.jpg</arg>
<doc>Takes a screenshot, only if 'screenshots on error' has been enabled,
either at import of with keyword `enable screenshots on error`.</doc>
<msg timestamp="20240305 06:55:31.162" level="INFO" html="true">&lt;a href="6_System_whose_calls_are_trusted_CONFIGURATION.jpg"&gt;&lt;img src="6_System_whose_calls_are_trusted_CONFIGURATION.jpg" width="800px"&gt;&lt;/a&gt;</msg>
<status status="PASS" starttime="20240305 06:55:31.099" endtime="20240305 06:55:31.162"/>
</kw>
<kw name="Sleep" library="BuiltIn">
<arg>1</arg>
<doc>Pauses the test executed for the given time.</doc>
<msg timestamp="20240305 06:55:32.163" level="INFO">Slept 1 second</msg>
<status status="PASS" starttime="20240305 06:55:31.162" endtime="20240305 06:55:32.163"/>
</kw>
<kw name="Click Element" library="SAP_Tcode_Library">
<arg>wnd[0]/usr/tabsTRUSTINGT_STRIP/tabpTRUSTINGT_STRIP_FC2</arg>
<doc>Performs a single click on a given element. Used only for buttons, tabs and menu items.</doc>
<status status="PASS" starttime="20240305 06:55:32.163" endtime="20240305 06:55:32.412"/>
</kw>
<kw name="Take Screenshot" library="SAP_Tcode_Library">
<arg>${i}_System_whose_calls_are_trusted_SYSTEM_SETTING.jpg</arg>
<doc>Takes a screenshot, only if 'screenshots on error' has been enabled,
either at import of with keyword `enable screenshots on error`.</doc>
<msg timestamp="20240305 06:55:32.508" level="INFO" html="true">&lt;a href="6_System_whose_calls_are_trusted_SYSTEM_SETTING.jpg"&gt;&lt;img src="6_System_whose_calls_are_trusted_SYSTEM_SETTING.jpg" width="800px"&gt;&lt;/a&gt;</msg>
<status status="PASS" starttime="20240305 06:55:32.412" endtime="20240305 06:55:32.508"/>
</kw>
<kw name="Sleep" library="BuiltIn">
<arg>1</arg>
<doc>Pauses the test executed for the given time.</doc>
<msg timestamp="20240305 06:55:33.508" level="INFO">Slept 1 second</msg>
<status status="PASS" starttime="20240305 06:55:32.508" endtime="20240305 06:55:33.508"/>
</kw>
<kw name="Click Element" library="SAP_Tcode_Library">
<arg>wnd[0]/usr/tabsTRUSTINGT_STRIP/tabpTRUSTINGT_STRIP_FC3</arg>
<doc>Performs a single click on a given element. Used only for buttons, tabs and menu items.</doc>
<status status="PASS" starttime="20240305 06:55:33.508" endtime="20240305 06:55:33.758"/>
</kw>
<kw name="Take Screenshot" library="SAP_Tcode_Library">
<arg>${i}_System_whose_calls_are_trusted_ADMINISTRATION.jpg</arg>
<doc>Takes a screenshot, only if 'screenshots on error' has been enabled,
either at import of with keyword `enable screenshots on error`.</doc>
<msg timestamp="20240305 06:55:33.850" level="INFO" html="true">&lt;a href="6_System_whose_calls_are_trusted_ADMINISTRATION.jpg"&gt;&lt;img src="6_System_whose_calls_are_trusted_ADMINISTRATION.jpg" width="800px"&gt;&lt;/a&gt;</msg>
<status status="PASS" starttime="20240305 06:55:33.758" endtime="20240305 06:55:33.850"/>
</kw>
<kw name="Sleep" library="BuiltIn">
<arg>1</arg>
<doc>Pauses the test executed for the given time.</doc>
<msg timestamp="20240305 06:55:34.851" level="INFO">Slept 1 second</msg>
<status status="PASS" starttime="20240305 06:55:33.850" endtime="20240305 06:55:34.851"/>
</kw>
<kw name="Click Element" library="SAP_Tcode_Library">
<arg>wnd[0]/tbar[0]/btn[3]</arg>
<doc>Performs a single click on a given element. Used only for buttons, tabs and menu items.</doc>
<status status="PASS" starttime="20240305 06:55:34.851" endtime="20240305 06:55:35.145"/>
</kw>
<kw name="Sleep" library="BuiltIn">
<arg>1</arg>
<doc>Pauses the test executed for the given time.</doc>
<msg timestamp="20240305 06:55:36.145" level="INFO">Slept 1 second</msg>
<status status="PASS" starttime="20240305 06:55:35.145" endtime="20240305 06:55:36.145"/>
</kw>
<kw name="Unselect" library="SAP_Tcode_Library">
<arg>wnd[0]/usr/tabsTRUST_STRIP/tabpTRUST_STRIP_FC1/ssubTRUST_STRIP_SCA:RS_RFC_TT_UI:0110/cntlSERVER_CONTAINER/shellcont/shell/shellcont[1]/shell[1]</arg>
<arg>${i}</arg>
<status status="PASS" starttime="20240305 06:55:36.145" endtime="20240305 06:55:36.152"/>
</kw>
<kw name="Sleep" library="BuiltIn">
<arg>1</arg>
<doc>Pauses the test executed for the given time.</doc>
<msg timestamp="20240305 06:55:37.152" level="INFO">Slept 1 second</msg>
<status status="PASS" starttime="20240305 06:55:36.152" endtime="20240305 06:55:37.152"/>
</kw>
<kw name="Run Keyword And Return Status" library="BuiltIn">
<var>${Exit_point}</var>
<arg>Run Keyword If</arg>
<arg>${select_only} != 'NONE'</arg>
<arg>Log</arg>
<arg>Selected Rows: ${select_only}</arg>
<doc>Runs the given keyword with given arguments and returns the status as a Boolean value.</doc>
<kw name="Run Keyword If" library="BuiltIn">
<arg>${select_only} != 'NONE'</arg>
<arg>Log</arg>
<arg>Selected Rows: ${select_only}</arg>
<doc>Runs the given keyword with the given arguments, if ``condition`` is true.</doc>
<kw name="Log" library="BuiltIn">
<arg>Selected Rows: ${select_only}</arg>
<doc>Logs the given message with the given level.</doc>
<msg timestamp="20240305 06:55:37.152" level="INFO">Selected Rows: None</msg>
<status status="PASS" starttime="20240305 06:55:37.152" endtime="20240305 06:55:37.152"/>
</kw>
<status status="PASS" starttime="20240305 06:55:37.152" endtime="20240305 06:55:37.152"/>
</kw>
<msg timestamp="20240305 06:55:37.152" level="INFO">${Exit_point} = True</msg>
<status status="PASS" starttime="20240305 06:55:37.152" endtime="20240305 06:55:37.152"/>
</kw>
<kw name="Exit For Loop If" library="BuiltIn">
<arg>${Exit_point}=='NONE'</arg>
<doc>Stops executing the enclosing FOR loop if the ``condition`` is true.</doc>
<status status="PASS" starttime="20240305 06:55:37.152" endtime="20240305 06:55:37.152"/>
</kw>
<status status="PASS" starttime="20240305 06:55:25.776" endtime="20240305 06:55:37.152"/>
</iter>
<iter>
<var name="${i}">7</var>
<kw name="Select Only" library="SAP_Tcode_Library">
<var>${select_only}</var>
<arg>wnd[0]/usr/tabsTRUST_STRIP/tabpTRUST_STRIP_FC1/ssubTRUST_STRIP_SCA:RS_RFC_TT_UI:0110/cntlSERVER_CONTAINER/shellcont/shell/shellcont[1]/shell[1]</arg>
<arg>${i}</arg>
<msg timestamp="20240305 06:55:37.163" level="INFO">${select_only} = None</msg>
<status status="PASS" starttime="20240305 06:55:37.152" endtime="20240305 06:55:37.163"/>
</kw>
<kw name="Sleep" library="BuiltIn">
<arg>1</arg>
<doc>Pauses the test executed for the given time.</doc>
<msg timestamp="20240305 06:55:38.163" level="INFO">Slept 1 second</msg>
<status status="PASS" starttime="20240305 06:55:37.163" endtime="20240305 06:55:38.163"/>
</kw>
<kw name="Click Toolbar Button" library="SAP_Tcode_Library">
<arg>wnd[0]/usr/tabsTRUST_STRIP/tabpTRUST_STRIP_FC1/ssubTRUST_STRIP_SCA:RS_RFC_TT_UI:0110/cntlSERVER_CONTAINER/shellcont/shell/shellcont[1]/shell[0]</arg>
<arg>DISPLAY</arg>
<doc>Clicks a button of a toolbar within a GridView 'table_id' which is contained within a shell object.
Use the Scripting tracker recorder to find the 'button_id' of the button to click</doc>
<msg timestamp="20240305 06:55:38.210" level="INFO" html="true">&lt;a href="sap-screenshot_6.jpg"&gt;&lt;img src="sap-screenshot_6.jpg" width="800px"&gt;&lt;/a&gt;</msg>
<status status="PASS" starttime="20240305 06:55:38.163" endtime="20240305 06:55:40.219"/>
</kw>
<kw name="Sleep" library="BuiltIn">
<arg>2</arg>
<doc>Pauses the test executed for the given time.</doc>
<msg timestamp="20240305 06:55:42.219" level="INFO">Slept 2 seconds</msg>
<status status="PASS" starttime="20240305 06:55:40.219" endtime="20240305 06:55:42.219"/>
</kw>
<kw name="Click Element" library="SAP_Tcode_Library">
<arg>wnd[0]/usr/tabsTRUSTINGT_STRIP/tabpTRUSTINGT_STRIP_FC1</arg>
<doc>Performs a single click on a given element. Used only for buttons, tabs and menu items.</doc>
<status status="PASS" starttime="20240305 06:55:42.219" endtime="20240305 06:55:42.458"/>
</kw>
<kw name="Take Screenshot" library="SAP_Tcode_Library">
<arg>${i}_System_whose_calls_are_trusted_CONFIGURATION.jpg</arg>
<doc>Takes a screenshot, only if 'screenshots on error' has been enabled,
either at import of with keyword `enable screenshots on error`.</doc>
<msg timestamp="20240305 06:55:42.537" level="INFO" html="true">&lt;a href="7_System_whose_calls_are_trusted_CONFIGURATION.jpg"&gt;&lt;img src="7_System_whose_calls_are_trusted_CONFIGURATION.jpg" width="800px"&gt;&lt;/a&gt;</msg>
<status status="PASS" starttime="20240305 06:55:42.458" endtime="20240305 06:55:42.537"/>
</kw>
<kw name="Sleep" library="BuiltIn">
<arg>1</arg>
<doc>Pauses the test executed for the given time.</doc>
<msg timestamp="20240305 06:55:43.538" level="INFO">Slept 1 second</msg>
<status status="PASS" starttime="20240305 06:55:42.537" endtime="20240305 06:55:43.538"/>
</kw>
<kw name="Click Element" library="SAP_Tcode_Library">
<arg>wnd[0]/usr/tabsTRUSTINGT_STRIP/tabpTRUSTINGT_STRIP_FC2</arg>
<doc>Performs a single click on a given element. Used only for buttons, tabs and menu items.</doc>
<status status="PASS" starttime="20240305 06:55:43.538" endtime="20240305 06:55:43.786"/>
</kw>
<kw name="Take Screenshot" library="SAP_Tcode_Library">
<arg>${i}_System_whose_calls_are_trusted_SYSTEM_SETTING.jpg</arg>
<doc>Takes a screenshot, only if 'screenshots on error' has been enabled,
either at import of with keyword `enable screenshots on error`.</doc>
<msg timestamp="20240305 06:55:43.879" level="INFO" html="true">&lt;a href="7_System_whose_calls_are_trusted_SYSTEM_SETTING.jpg"&gt;&lt;img src="7_System_whose_calls_are_trusted_SYSTEM_SETTING.jpg" width="800px"&gt;&lt;/a&gt;</msg>
<status status="PASS" starttime="20240305 06:55:43.786" endtime="20240305 06:55:43.879"/>
</kw>
<kw name="Sleep" library="BuiltIn">
<arg>1</arg>
<doc>Pauses the test executed for the given time.</doc>
<msg timestamp="20240305 06:55:44.880" level="INFO">Slept 1 second</msg>
<status status="PASS" starttime="20240305 06:55:43.879" endtime="20240305 06:55:44.880"/>
</kw>
<kw name="Click Element" library="SAP_Tcode_Library">
<arg>wnd[0]/usr/tabsTRUSTINGT_STRIP/tabpTRUSTINGT_STRIP_FC3</arg>
<doc>Performs a single click on a given element. Used only for buttons, tabs and menu items.</doc>
<status status="PASS" starttime="20240305 06:55:44.880" endtime="20240305 06:55:45.124"/>
</kw>
<kw name="Take Screenshot" library="SAP_Tcode_Library">
<arg>${i}_System_whose_calls_are_trusted_ADMINISTRATION.jpg</arg>
<doc>Takes a screenshot, only if 'screenshots on error' has been enabled,
either at import of with keyword `enable screenshots on error`.</doc>
<msg timestamp="20240305 06:55:45.187" level="INFO" html="true">&lt;a href="7_System_whose_calls_are_trusted_ADMINISTRATION.jpg"&gt;&lt;img src="7_System_whose_calls_are_trusted_ADMINISTRATION.jpg" width="800px"&gt;&lt;/a&gt;</msg>
<status status="PASS" starttime="20240305 06:55:45.124" endtime="20240305 06:55:45.187"/>
</kw>
<kw name="Sleep" library="BuiltIn">
<arg>1</arg>
<doc>Pauses the test executed for the given time.</doc>
<msg timestamp="20240305 06:55:46.187" level="INFO">Slept 1 second</msg>
<status status="PASS" starttime="20240305 06:55:45.187" endtime="20240305 06:55:46.187"/>
</kw>
<kw name="Click Element" library="SAP_Tcode_Library">
<arg>wnd[0]/tbar[0]/btn[3]</arg>
<doc>Performs a single click on a given element. Used only for buttons, tabs and menu items.</doc>
<status status="PASS" starttime="20240305 06:55:46.187" endtime="20240305 06:55:46.468"/>
</kw>
<kw name="Sleep" library="BuiltIn">
<arg>1</arg>
<doc>Pauses the test executed for the given time.</doc>
<msg timestamp="20240305 06:55:47.468" level="INFO">Slept 1 second</msg>
<status status="PASS" starttime="20240305 06:55:46.468" endtime="20240305 06:55:47.468"/>
</kw>
<kw name="Unselect" library="SAP_Tcode_Library">
<arg>wnd[0]/usr/tabsTRUST_STRIP/tabpTRUST_STRIP_FC1/ssubTRUST_STRIP_SCA:RS_RFC_TT_UI:0110/cntlSERVER_CONTAINER/shellcont/shell/shellcont[1]/shell[1]</arg>
<arg>${i}</arg>
<status status="PASS" starttime="20240305 06:55:47.468" endtime="20240305 06:55:47.468"/>
</kw>
<kw name="Sleep" library="BuiltIn">
<arg>1</arg>
<doc>Pauses the test executed for the given time.</doc>
<msg timestamp="20240305 06:55:48.477" level="INFO">Slept 1 second</msg>
<status status="PASS" starttime="20240305 06:55:47.477" endtime="20240305 06:55:48.477"/>
</kw>
<kw name="Run Keyword And Return Status" library="BuiltIn">
<var>${Exit_point}</var>
<arg>Run Keyword If</arg>
<arg>${select_only} != 'NONE'</arg>
<arg>Log</arg>
<arg>Selected Rows: ${select_only}</arg>
<doc>Runs the given keyword with given arguments and returns the status as a Boolean value.</doc>
<kw name="Run Keyword If" library="BuiltIn">
<arg>${select_only} != 'NONE'</arg>
<arg>Log</arg>
<arg>Selected Rows: ${select_only}</arg>
<doc>Runs the given keyword with the given arguments, if ``condition`` is true.</doc>
<kw name="Log" library="BuiltIn">
<arg>Selected Rows: ${select_only}</arg>
<doc>Logs the given message with the given level.</doc>
<msg timestamp="20240305 06:55:48.477" level="INFO">Selected Rows: None</msg>
<status status="PASS" starttime="20240305 06:55:48.477" endtime="20240305 06:55:48.477"/>
</kw>
<status status="PASS" starttime="20240305 06:55:48.477" endtime="20240305 06:55:48.477"/>
</kw>
<msg timestamp="20240305 06:55:48.477" level="INFO">${Exit_point} = True</msg>
<status status="PASS" starttime="20240305 06:55:48.477" endtime="20240305 06:55:48.477"/>
</kw>
<kw name="Exit For Loop If" library="BuiltIn">
<arg>${Exit_point}=='NONE'</arg>
<doc>Stops executing the enclosing FOR loop if the ``condition`` is true.</doc>
<status status="PASS" starttime="20240305 06:55:48.477" endtime="20240305 06:55:48.477"/>
</kw>
<status status="PASS" starttime="20240305 06:55:37.152" endtime="20240305 06:55:48.477"/>
</iter>
<iter>
<var name="${i}">8</var>
<kw name="Select Only" library="SAP_Tcode_Library">
<var>${select_only}</var>
<arg>wnd[0]/usr/tabsTRUST_STRIP/tabpTRUST_STRIP_FC1/ssubTRUST_STRIP_SCA:RS_RFC_TT_UI:0110/cntlSERVER_CONTAINER/shellcont/shell/shellcont[1]/shell[1]</arg>
<arg>${i}</arg>
<msg timestamp="20240305 06:55:48.487" level="INFO">${select_only} = None</msg>
<status status="PASS" starttime="20240305 06:55:48.477" endtime="20240305 06:55:48.487"/>
</kw>
<kw name="Sleep" library="BuiltIn">
<arg>1</arg>
<doc>Pauses the test executed for the given time.</doc>
<msg timestamp="20240305 06:55:49.489" level="INFO">Slept 1 second</msg>
<status status="PASS" starttime="20240305 06:55:48.488" endtime="20240305 06:55:49.489"/>
</kw>
<kw name="Click Toolbar Button" library="SAP_Tcode_Library">
<arg>wnd[0]/usr/tabsTRUST_STRIP/tabpTRUST_STRIP_FC1/ssubTRUST_STRIP_SCA:RS_RFC_TT_UI:0110/cntlSERVER_CONTAINER/shellcont/shell/shellcont[1]/shell[0]</arg>
<arg>DISPLAY</arg>
<doc>Clicks a button of a toolbar within a GridView 'table_id' which is contained within a shell object.
Use the Scripting tracker recorder to find the 'button_id' of the button to click</doc>
<msg timestamp="20240305 06:55:49.558" level="INFO" html="true">&lt;a href="sap-screenshot_7.jpg"&gt;&lt;img src="sap-screenshot_7.jpg" width="800px"&gt;&lt;/a&gt;</msg>
<status status="PASS" starttime="20240305 06:55:49.489" endtime="20240305 06:55:51.583"/>
</kw>
<kw name="Sleep" library="BuiltIn">
<arg>2</arg>
<doc>Pauses the test executed for the given time.</doc>
<msg timestamp="20240305 06:55:53.583" level="INFO">Slept 2 seconds</msg>
<status status="PASS" starttime="20240305 06:55:51.583" endtime="20240305 06:55:53.583"/>
</kw>
<kw name="Click Element" library="SAP_Tcode_Library">
<arg>wnd[0]/usr/tabsTRUSTINGT_STRIP/tabpTRUSTINGT_STRIP_FC1</arg>
<doc>Performs a single click on a given element. Used only for buttons, tabs and menu items.</doc>
<status status="PASS" starttime="20240305 06:55:53.583" endtime="20240305 06:55:53.847"/>
</kw>
<kw name="Take Screenshot" library="SAP_Tcode_Library">
<arg>${i}_System_whose_calls_are_trusted_CONFIGURATION.jpg</arg>
<doc>Takes a screenshot, only if 'screenshots on error' has been enabled,
either at import of with keyword `enable screenshots on error`.</doc>
<msg timestamp="20240305 06:55:53.919" level="INFO" html="true">&lt;a href="8_System_whose_calls_are_trusted_CONFIGURATION.jpg"&gt;&lt;img src="8_System_whose_calls_are_trusted_CONFIGURATION.jpg" width="800px"&gt;&lt;/a&gt;</msg>
<status status="PASS" starttime="20240305 06:55:53.847" endtime="20240305 06:55:53.919"/>
</kw>
<kw name="Sleep" library="BuiltIn">
<arg>1</arg>
<doc>Pauses the test executed for the given time.</doc>
<msg timestamp="20240305 06:55:54.919" level="INFO">Slept 1 second</msg>
<status status="PASS" starttime="20240305 06:55:53.919" endtime="20240305 06:55:54.919"/>
</kw>
<kw name="Click Element" library="SAP_Tcode_Library">
<arg>wnd[0]/usr/tabsTRUSTINGT_STRIP/tabpTRUSTINGT_STRIP_FC2</arg>
<doc>Performs a single click on a given element. Used only for buttons, tabs and menu items.</doc>
<status status="PASS" starttime="20240305 06:55:54.919" endtime="20240305 06:55:55.165"/>
</kw>
<kw name="Take Screenshot" library="SAP_Tcode_Library">
<arg>${i}_System_whose_calls_are_trusted_SYSTEM_SETTING.jpg</arg>
<doc>Takes a screenshot, only if 'screenshots on error' has been enabled,
either at import of with keyword `enable screenshots on error`.</doc>
<msg timestamp="20240305 06:55:55.241" level="INFO" html="true">&lt;a href="8_System_whose_calls_are_trusted_SYSTEM_SETTING.jpg"&gt;&lt;img src="8_System_whose_calls_are_trusted_SYSTEM_SETTING.jpg" width="800px"&gt;&lt;/a&gt;</msg>
<status status="PASS" starttime="20240305 06:55:55.165" endtime="20240305 06:55:55.241"/>
</kw>
<kw name="Sleep" library="BuiltIn">
<arg>1</arg>
<doc>Pauses the test executed for the given time.</doc>
<msg timestamp="20240305 06:55:56.242" level="INFO">Slept 1 second</msg>
<status status="PASS" starttime="20240305 06:55:55.241" endtime="20240305 06:55:56.242"/>
</kw>
<kw name="Click Element" library="SAP_Tcode_Library">
<arg>wnd[0]/usr/tabsTRUSTINGT_STRIP/tabpTRUSTINGT_STRIP_FC3</arg>
<doc>Performs a single click on a given element. Used only for buttons, tabs and menu items.</doc>
<status status="PASS" starttime="20240305 06:55:56.242" endtime="20240305 06:55:56.497"/>
</kw>
<kw name="Take Screenshot" library="SAP_Tcode_Library">
<arg>${i}_System_whose_calls_are_trusted_ADMINISTRATION.jpg</arg>
<doc>Takes a screenshot, only if 'screenshots on error' has been enabled,
either at import of with keyword `enable screenshots on error`.</doc>
<msg timestamp="20240305 06:55:56.551" level="INFO" html="true">&lt;a href="8_System_whose_calls_are_trusted_ADMINISTRATION.jpg"&gt;&lt;img src="8_System_whose_calls_are_trusted_ADMINISTRATION.jpg" width="800px"&gt;&lt;/a&gt;</msg>
<status status="PASS" starttime="20240305 06:55:56.497" endtime="20240305 06:55:56.551"/>
</kw>
<kw name="Sleep" library="BuiltIn">
<arg>1</arg>
<doc>Pauses the test executed for the given time.</doc>
<msg timestamp="20240305 06:55:57.567" level="INFO">Slept 1 second</msg>
<status status="PASS" starttime="20240305 06:55:56.567" endtime="20240305 06:55:57.567"/>
</kw>
<kw name="Click Element" library="SAP_Tcode_Library">
<arg>wnd[0]/tbar[0]/btn[3]</arg>
<doc>Performs a single click on a given element. Used only for buttons, tabs and menu items.</doc>
<status status="PASS" starttime="20240305 06:55:57.567" endtime="20240305 06:55:57.859"/>
</kw>
<kw name="Sleep" library="BuiltIn">
<arg>1</arg>
<doc>Pauses the test executed for the given time.</doc>
<msg timestamp="20240305 06:55:58.859" level="INFO">Slept 1 second</msg>
<status status="PASS" starttime="20240305 06:55:57.859" endtime="20240305 06:55:58.859"/>
</kw>
<kw name="Unselect" library="SAP_Tcode_Library">
<arg>wnd[0]/usr/tabsTRUST_STRIP/tabpTRUST_STRIP_FC1/ssubTRUST_STRIP_SCA:RS_RFC_TT_UI:0110/cntlSERVER_CONTAINER/shellcont/shell/shellcont[1]/shell[1]</arg>
<arg>${i}</arg>
<status status="PASS" starttime="20240305 06:55:58.859" endtime="20240305 06:55:58.859"/>
</kw>
<kw name="Sleep" library="BuiltIn">
<arg>1</arg>
<doc>Pauses the test executed for the given time.</doc>
<msg timestamp="20240305 06:55:59.860" level="INFO">Slept 1 second</msg>
<status status="PASS" starttime="20240305 06:55:58.859" endtime="20240305 06:55:59.860"/>
</kw>
<kw name="Run Keyword And Return Status" library="BuiltIn">
<var>${Exit_point}</var>
<arg>Run Keyword If</arg>
<arg>${select_only} != 'NONE'</arg>
<arg>Log</arg>
<arg>Selected Rows: ${select_only}</arg>
<doc>Runs the given keyword with given arguments and returns the status as a Boolean value.</doc>
<kw name="Run Keyword If" library="BuiltIn">
<arg>${select_only} != 'NONE'</arg>
<arg>Log</arg>
<arg>Selected Rows: ${select_only}</arg>
<doc>Runs the given keyword with the given arguments, if ``condition`` is true.</doc>
<kw name="Log" library="BuiltIn">
<arg>Selected Rows: ${select_only}</arg>
<doc>Logs the given message with the given level.</doc>
<msg timestamp="20240305 06:55:59.860" level="INFO">Selected Rows: None</msg>
<status status="PASS" starttime="20240305 06:55:59.860" endtime="20240305 06:55:59.860"/>
</kw>
<status status="PASS" starttime="20240305 06:55:59.860" endtime="20240305 06:55:59.860"/>
</kw>
<msg timestamp="20240305 06:55:59.860" level="INFO">${Exit_point} = True</msg>
<status status="PASS" starttime="20240305 06:55:59.860" endtime="20240305 06:55:59.860"/>
</kw>
<kw name="Exit For Loop If" library="BuiltIn">
<arg>${Exit_point}=='NONE'</arg>
<doc>Stops executing the enclosing FOR loop if the ``condition`` is true.</doc>
<status status="PASS" starttime="20240305 06:55:59.860" endtime="20240305 06:55:59.860"/>
</kw>
<status status="PASS" starttime="20240305 06:55:48.477" endtime="20240305 06:55:59.860"/>
</iter>
<iter>
<var name="${i}">9</var>
<kw name="Select Only" library="SAP_Tcode_Library">
<var>${select_only}</var>
<arg>wnd[0]/usr/tabsTRUST_STRIP/tabpTRUST_STRIP_FC1/ssubTRUST_STRIP_SCA:RS_RFC_TT_UI:0110/cntlSERVER_CONTAINER/shellcont/shell/shellcont[1]/shell[1]</arg>
<arg>${i}</arg>
<msg timestamp="20240305 06:55:59.864" level="INFO">${select_only} = None</msg>
<status status="PASS" starttime="20240305 06:55:59.860" endtime="20240305 06:55:59.864"/>
</kw>
<kw name="Sleep" library="BuiltIn">
<arg>1</arg>
<doc>Pauses the test executed for the given time.</doc>
<msg timestamp="20240305 06:56:00.864" level="INFO">Slept 1 second</msg>
<status status="PASS" starttime="20240305 06:55:59.864" endtime="20240305 06:56:00.864"/>
</kw>
<kw name="Click Toolbar Button" library="SAP_Tcode_Library">
<arg>wnd[0]/usr/tabsTRUST_STRIP/tabpTRUST_STRIP_FC1/ssubTRUST_STRIP_SCA:RS_RFC_TT_UI:0110/cntlSERVER_CONTAINER/shellcont/shell/shellcont[1]/shell[0]</arg>
<arg>DISPLAY</arg>
<doc>Clicks a button of a toolbar within a GridView 'table_id' which is contained within a shell object.
Use the Scripting tracker recorder to find the 'button_id' of the button to click</doc>
<msg timestamp="20240305 06:56:00.939" level="INFO" html="true">&lt;a href="sap-screenshot_8.jpg"&gt;&lt;img src="sap-screenshot_8.jpg" width="800px"&gt;&lt;/a&gt;</msg>
<status status="PASS" starttime="20240305 06:56:00.865" endtime="20240305 06:56:02.958"/>
</kw>
<kw name="Sleep" library="BuiltIn">
<arg>2</arg>
<doc>Pauses the test executed for the given time.</doc>
<msg timestamp="20240305 06:56:04.958" level="INFO">Slept 2 seconds</msg>
<status status="PASS" starttime="20240305 06:56:02.958" endtime="20240305 06:56:04.958"/>
</kw>
<kw name="Click Element" library="SAP_Tcode_Library">
<arg>wnd[0]/usr/tabsTRUSTINGT_STRIP/tabpTRUSTINGT_STRIP_FC1</arg>
<doc>Performs a single click on a given element. Used only for buttons, tabs and menu items.</doc>
<status status="PASS" starttime="20240305 06:56:04.958" endtime="20240305 06:56:05.207"/>
</kw>
<kw name="Take Screenshot" library="SAP_Tcode_Library">
<arg>${i}_System_whose_calls_are_trusted_CONFIGURATION.jpg</arg>
<doc>Takes a screenshot, only if 'screenshots on error' has been enabled,
either at import of with keyword `enable screenshots on error`.</doc>
<msg timestamp="20240305 06:56:05.277" level="INFO" html="true">&lt;a href="9_System_whose_calls_are_trusted_CONFIGURATION.jpg"&gt;&lt;img src="9_System_whose_calls_are_trusted_CONFIGURATION.jpg" width="800px"&gt;&lt;/a&gt;</msg>
<status status="PASS" starttime="20240305 06:56:05.207" endtime="20240305 06:56:05.277"/>
</kw>
<kw name="Sleep" library="BuiltIn">
<arg>1</arg>
<doc>Pauses the test executed for the given time.</doc>
<msg timestamp="20240305 06:56:06.278" level="INFO">Slept 1 second</msg>
<status status="PASS" starttime="20240305 06:56:05.277" endtime="20240305 06:56:06.278"/>
</kw>
<kw name="Click Element" library="SAP_Tcode_Library">
<arg>wnd[0]/usr/tabsTRUSTINGT_STRIP/tabpTRUSTINGT_STRIP_FC2</arg>
<doc>Performs a single click on a given element. Used only for buttons, tabs and menu items.</doc>
<status status="PASS" starttime="20240305 06:56:06.278" endtime="20240305 06:56:06.537"/>
</kw>
<kw name="Take Screenshot" library="SAP_Tcode_Library">
<arg>${i}_System_whose_calls_are_trusted_SYSTEM_SETTING.jpg</arg>
<doc>Takes a screenshot, only if 'screenshots on error' has been enabled,
either at import of with keyword `enable screenshots on error`.</doc>
[...]
<arg>Run Keyword If</arg>
<arg>${select_only} != 'NONE'</arg>
<arg>Log</arg>
<arg>Selected Rows: ${select_only}</arg>
<doc>Runs the given keyword with given arguments and returns the status as a Boolean value.</doc>
<kw name="Run Keyword If" library="BuiltIn">
<arg>${select_only} != 'NONE'</arg>
<arg>Log</arg>
<arg>Selected Rows: ${select_only}</arg>
<doc>Runs the given keyword with the given arguments, if ``condition`` is true.</doc>
<kw name="Log" library="BuiltIn">
<arg>Selected Rows: ${select_only}</arg>
<doc>Logs the given message with the given level.</doc>
<msg timestamp="20240305 06:58:05.122" level="INFO">Selected Rows: None</msg>
<status status="PASS" starttime="20240305 06:58:05.122" endtime="20240305 06:58:05.122"/>
</kw>
<status status="PASS" starttime="20240305 06:58:05.122" endtime="20240305 06:58:05.122"/>
</kw>
<msg timestamp="20240305 06:58:05.122" level="INFO">${Exit_point} = True</msg>
<status status="PASS" starttime="20240305 06:58:05.122" endtime="20240305 06:58:05.122"/>
</kw>
<kw name="Exit For Loop If" library="BuiltIn">
<arg>${Exit_point}=='NONE'</arg>
<doc>Stops executing the enclosing FOR loop if the ``condition`` is true.</doc>
<status status="PASS" starttime="20240305 06:58:05.122" endtime="20240305 06:58:05.122"/>
</kw>
<status status="PASS" starttime="20240305 06:57:53.870" endtime="20240305 06:58:05.122"/>
</iter>
<iter>
<var name="${i}">20</var>
<kw name="Select Only" library="SAP_Tcode_Library">
<var>${select_only}</var>
<arg>wnd[0]/usr/tabsTRUST_STRIP/tabpTRUST_STRIP_FC1/ssubTRUST_STRIP_SCA:RS_RFC_TT_UI:0110/cntlSERVER_CONTAINER/shellcont/shell/shellcont[1]/shell[1]</arg>
<arg>${i}</arg>
<msg timestamp="20240305 06:58:05.133" level="INFO">${select_only} = None</msg>
<status status="PASS" starttime="20240305 06:58:05.122" endtime="20240305 06:58:05.133"/>
</kw>
<kw name="Sleep" library="BuiltIn">
<arg>1</arg>
<doc>Pauses the test executed for the given time.</doc>
<msg timestamp="20240305 06:58:06.133" level="INFO">Slept 1 second</msg>
<status status="PASS" starttime="20240305 06:58:05.133" endtime="20240305 06:58:06.133"/>
</kw>
<kw name="Click Toolbar Button" library="SAP_Tcode_Library">
<arg>wnd[0]/usr/tabsTRUST_STRIP/tabpTRUST_STRIP_FC1/ssubTRUST_STRIP_SCA:RS_RFC_TT_UI:0110/cntlSERVER_CONTAINER/shellcont/shell/shellcont[1]/shell[0]</arg>
<arg>DISPLAY</arg>
<doc>Clicks a button of a toolbar within a GridView 'table_id' which is contained within a shell object.
Use the Scripting tracker recorder to find the 'button_id' of the button to click</doc>
<msg timestamp="20240305 06:58:06.220" level="INFO" html="true">&lt;a href="sap-screenshot_19.jpg"&gt;&lt;img src="sap-screenshot_19.jpg" width="800px"&gt;&lt;/a&gt;</msg>
<status status="PASS" starttime="20240305 06:58:06.133" endtime="20240305 06:58:08.239"/>
</kw>
<kw name="Sleep" library="BuiltIn">
<arg>2</arg>
<doc>Pauses the test executed for the given time.</doc>
<msg timestamp="20240305 06:58:10.239" level="INFO">Slept 2 seconds</msg>
<status status="PASS" starttime="20240305 06:58:08.239" endtime="20240305 06:58:10.239"/>
</kw>
<kw name="Click Element" library="SAP_Tcode_Library">
<arg>wnd[0]/usr/tabsTRUSTINGT_STRIP/tabpTRUSTINGT_STRIP_FC1</arg>
<doc>Performs a single click on a given element. Used only for buttons, tabs and menu items.</doc>
<status status="PASS" starttime="20240305 06:58:10.239" endtime="20240305 06:58:10.482"/>
</kw>
<kw name="Take Screenshot" library="SAP_Tcode_Library">
<arg>${i}_System_whose_calls_are_trusted_CONFIGURATION.jpg</arg>
<doc>Takes a screenshot, only if 'screenshots on error' has been enabled,
either at import of with keyword `enable screenshots on error`.</doc>
<msg timestamp="20240305 06:58:10.535" level="INFO" html="true">&lt;a href="20_System_whose_calls_are_trusted_CONFIGURATION.jpg"&gt;&lt;img src="20_System_whose_calls_are_trusted_CONFIGURATION.jpg" width="800px"&gt;&lt;/a&gt;</msg>
<status status="PASS" starttime="20240305 06:58:10.482" endtime="20240305 06:58:10.535"/>
</kw>
<kw name="Sleep" library="BuiltIn">
<arg>1</arg>
<doc>Pauses the test executed for the given time.</doc>
<msg timestamp="20240305 06:58:11.535" level="INFO">Slept 1 second</msg>
<status status="PASS" starttime="20240305 06:58:10.535" endtime="20240305 06:58:11.535"/>
</kw>
<kw name="Click Element" library="SAP_Tcode_Library">
<arg>wnd[0]/usr/tabsTRUSTINGT_STRIP/tabpTRUSTINGT_STRIP_FC2</arg>
<doc>Performs a single click on a given element. Used only for buttons, tabs and menu items.</doc>
<status status="PASS" starttime="20240305 06:58:11.535" endtime="20240305 06:58:11.802"/>
</kw>
<kw name="Take Screenshot" library="SAP_Tcode_Library">
<arg>${i}_System_whose_calls_are_trusted_SYSTEM_SETTING.jpg</arg>
<doc>Takes a screenshot, only if 'screenshots on error' has been enabled,
either at import of with keyword `enable screenshots on error`.</doc>
<msg timestamp="20240305 06:58:11.874" level="INFO" html="true">&lt;a href="20_System_whose_calls_are_trusted_SYSTEM_SETTING.jpg"&gt;&lt;img src="20_System_whose_calls_are_trusted_SYSTEM_SETTING.jpg" width="800px"&gt;&lt;/a&gt;</msg>
<status status="PASS" starttime="20240305 06:58:11.802" endtime="20240305 06:58:11.874"/>
</kw>
<kw name="Sleep" library="BuiltIn">
<arg>1</arg>
<doc>Pauses the test executed for the given time.</doc>
<msg timestamp="20240305 06:58:12.874" level="INFO">Slept 1 second</msg>
<status status="PASS" starttime="20240305 06:58:11.874" endtime="20240305 06:58:12.874"/>
</kw>
<kw name="Click Element" library="SAP_Tcode_Library">
<arg>wnd[0]/usr/tabsTRUSTINGT_STRIP/tabpTRUSTINGT_STRIP_FC3</arg>
<doc>Performs a single click on a given element. Used only for buttons, tabs and menu items.</doc>
<status status="PASS" starttime="20240305 06:58:12.874" endtime="20240305 06:58:13.129"/>
</kw>
<kw name="Take Screenshot" library="SAP_Tcode_Library">
<arg>${i}_System_whose_calls_are_trusted_ADMINISTRATION.jpg</arg>
<doc>Takes a screenshot, only if 'screenshots on error' has been enabled,
either at import of with keyword `enable screenshots on error`.</doc>
<msg timestamp="20240305 06:58:13.179" level="INFO" html="true">&lt;a href="20_System_whose_calls_are_trusted_ADMINISTRATION.jpg"&gt;&lt;img src="20_System_whose_calls_are_trusted_ADMINISTRATION.jpg" width="800px"&gt;&lt;/a&gt;</msg>
<status status="PASS" starttime="20240305 06:58:13.129" endtime="20240305 06:58:13.179"/>
</kw>
<kw name="Sleep" library="BuiltIn">
<arg>1</arg>
<doc>Pauses the test executed for the given time.</doc>
<msg timestamp="20240305 06:58:14.179" level="INFO">Slept 1 second</msg>
<status status="PASS" starttime="20240305 06:58:13.179" endtime="20240305 06:58:14.179"/>
</kw>
<kw name="Click Element" library="SAP_Tcode_Library">
<arg>wnd[0]/tbar[0]/btn[3]</arg>
<doc>Performs a single click on a given element. Used only for buttons, tabs and menu items.</doc>
<status status="PASS" starttime="20240305 06:58:14.179" endtime="20240305 06:58:14.453"/>
</kw>
<kw name="Sleep" library="BuiltIn">
<arg>1</arg>
<doc>Pauses the test executed for the given time.</doc>
<msg timestamp="20240305 06:58:15.453" level="INFO">Slept 1 second</msg>
<status status="PASS" starttime="20240305 06:58:14.453" endtime="20240305 06:58:15.453"/>
</kw>
<kw name="Unselect" library="SAP_Tcode_Library">
<arg>wnd[0]/usr/tabsTRUST_STRIP/tabpTRUST_STRIP_FC1/ssubTRUST_STRIP_SCA:RS_RFC_TT_UI:0110/cntlSERVER_CONTAINER/shellcont/shell/shellcont[1]/shell[1]</arg>
<arg>${i}</arg>
<status status="PASS" starttime="20240305 06:58:15.453" endtime="20240305 06:58:15.453"/>
</kw>
<kw name="Sleep" library="BuiltIn">
<arg>1</arg>
<doc>Pauses the test executed for the given time.</doc>
<msg timestamp="20240305 06:58:16.463" level="INFO">Slept 1 second</msg>
<status status="PASS" starttime="20240305 06:58:15.453" endtime="20240305 06:58:16.463"/>
</kw>
<kw name="Run Keyword And Return Status" library="BuiltIn">
<var>${Exit_point}</var>
<arg>Run Keyword If</arg>
<arg>${select_only} != 'NONE'</arg>
<arg>Log</arg>
<arg>Selected Rows: ${select_only}</arg>
<doc>Runs the given keyword with given arguments and returns the status as a Boolean value.</doc>
<kw name="Run Keyword If" library="BuiltIn">
<arg>${select_only} != 'NONE'</arg>
<arg>Log</arg>
<arg>Selected Rows: ${select_only}</arg>
<doc>Runs the given keyword with the given arguments, if ``condition`` is true.</doc>
<kw name="Log" library="BuiltIn">
<arg>Selected Rows: ${select_only}</arg>
<doc>Logs the given message with the given level.</doc>
<msg timestamp="20240305 06:58:16.463" level="INFO">Selected Rows: None</msg>
<status status="PASS" starttime="20240305 06:58:16.463" endtime="20240305 06:58:16.463"/>
</kw>
<status status="PASS" starttime="20240305 06:58:16.463" endtime="20240305 06:58:16.463"/>
</kw>
<msg timestamp="20240305 06:58:16.463" level="INFO">${Exit_point} = True</msg>
<status status="PASS" starttime="20240305 06:58:16.463" endtime="20240305 06:58:16.463"/>
</kw>
<kw name="Exit For Loop If" library="BuiltIn">
<arg>${Exit_point}=='NONE'</arg>
<doc>Stops executing the enclosing FOR loop if the ``condition`` is true.</doc>
<status status="PASS" starttime="20240305 06:58:16.463" endtime="20240305 06:58:16.463"/>
</kw>
<status status="PASS" starttime="20240305 06:58:05.122" endtime="20240305 06:58:16.463"/>
</iter>
<iter>
<var name="${i}">21</var>
<kw name="Select Only" library="SAP_Tcode_Library">
<var>${select_only}</var>
<arg>wnd[0]/usr/tabsTRUST_STRIP/tabpTRUST_STRIP_FC1/ssubTRUST_STRIP_SCA:RS_RFC_TT_UI:0110/cntlSERVER_CONTAINER/shellcont/shell/shellcont[1]/shell[1]</arg>
<arg>${i}</arg>
<msg timestamp="20240305 06:58:16.470" level="FAIL">com_error: (-2147352567, 'Exception occurred.', (0, 'SAP Frontend Server', '', None, 0, -2147352567), None)</msg>
<status status="FAIL" starttime="20240305 06:58:16.463" endtime="20240305 06:58:16.470"/>
</kw>
<kw name="Sleep" library="BuiltIn">
<arg>1</arg>
<doc>Pauses the test executed for the given time.</doc>
<status status="NOT RUN" starttime="20240305 06:58:16.470" endtime="20240305 06:58:16.470"/>
</kw>
<kw name="Click Toolbar Button" library="SAP_Tcode_Library">
<arg>wnd[0]/usr/tabsTRUST_STRIP/tabpTRUST_STRIP_FC1/ssubTRUST_STRIP_SCA:RS_RFC_TT_UI:0110/cntlSERVER_CONTAINER/shellcont/shell/shellcont[1]/shell[0]</arg>
<arg>DISPLAY</arg>
<doc>Clicks a button of a toolbar within a GridView 'table_id' which is contained within a shell object.
Use the Scripting tracker recorder to find the 'button_id' of the button to click</doc>
<status status="NOT RUN" starttime="20240305 06:58:16.470" endtime="20240305 06:58:16.470"/>
</kw>
<kw name="Sleep" library="BuiltIn">
<arg>2</arg>
<doc>Pauses the test executed for the given time.</doc>
<status status="NOT RUN" starttime="20240305 06:58:16.470" endtime="20240305 06:58:16.470"/>
</kw>
<kw name="Click Element" library="SAP_Tcode_Library">
<arg>wnd[0]/usr/tabsTRUSTINGT_STRIP/tabpTRUSTINGT_STRIP_FC1</arg>
<doc>Performs a single click on a given element. Used only for buttons, tabs and menu items.</doc>
<status status="NOT RUN" starttime="20240305 06:58:16.470" endtime="20240305 06:58:16.470"/>
</kw>
<kw name="Take Screenshot" library="SAP_Tcode_Library">
<arg>${i}_System_whose_calls_are_trusted_CONFIGURATION.jpg</arg>
<doc>Takes a screenshot, only if 'screenshots on error' has been enabled,
either at import of with keyword `enable screenshots on error`.</doc>
<status status="NOT RUN" starttime="20240305 06:58:16.470" endtime="20240305 06:58:16.470"/>
</kw>
<kw name="Sleep" library="BuiltIn">
<arg>1</arg>
<doc>Pauses the test executed for the given time.</doc>
<status status="NOT RUN" starttime="20240305 06:58:16.470" endtime="20240305 06:58:16.470"/>
</kw>
<kw name="Click Element" library="SAP_Tcode_Library">
<arg>wnd[0]/usr/tabsTRUSTINGT_STRIP/tabpTRUSTINGT_STRIP_FC2</arg>
<doc>Performs a single click on a given element. Used only for buttons, tabs and menu items.</doc>
<status status="NOT RUN" starttime="20240305 06:58:16.470" endtime="20240305 06:58:16.470"/>
</kw>
<kw name="Take Screenshot" library="SAP_Tcode_Library">
<arg>${i}_System_whose_calls_are_trusted_SYSTEM_SETTING.jpg</arg>
<doc>Takes a screenshot, only if 'screenshots on error' has been enabled,
either at import of with keyword `enable screenshots on error`.</doc>
<status status="NOT RUN" starttime="20240305 06:58:16.470" endtime="20240305 06:58:16.470"/>
</kw>
<kw name="Sleep" library="BuiltIn">
<arg>1</arg>
<doc>Pauses the test executed for the given time.</doc>
<status status="NOT RUN" starttime="20240305 06:58:16.470" endtime="20240305 06:58:16.470"/>
</kw>
<kw name="Click Element" library="SAP_Tcode_Library">
<arg>wnd[0]/usr/tabsTRUSTINGT_STRIP/tabpTRUSTINGT_STRIP_FC3</arg>
<doc>Performs a single click on a given element. Used only for buttons, tabs and menu items.</doc>
<status status="NOT RUN" starttime="20240305 06:58:16.470" endtime="20240305 06:58:16.470"/>
</kw>
<kw name="Take Screenshot" library="SAP_Tcode_Library">
<arg>${i}_System_whose_calls_are_trusted_ADMINISTRATION.jpg</arg>
<doc>Takes a screenshot, only if 'screenshots on error' has been enabled,
either at import of with keyword `enable screenshots on error`.</doc>
<status status="NOT RUN" starttime="20240305 06:58:16.470" endtime="20240305 06:58:16.470"/>
</kw>
<kw name="Sleep" library="BuiltIn">
<arg>1</arg>
<doc>Pauses the test executed for the given time.</doc>
<status status="NOT RUN" starttime="20240305 06:58:16.476" endtime="20240305 06:58:16.476"/>
</kw>
<kw name="Click Element" library="SAP_Tcode_Library">
<arg>wnd[0]/tbar[0]/btn[3]</arg>
<doc>Performs a single click on a given element. Used only for buttons, tabs and menu items.</doc>
<status status="NOT RUN" starttime="20240305 06:58:16.476" endtime="20240305 06:58:16.476"/>
</kw>
<kw name="Sleep" library="BuiltIn">
<arg>1</arg>
<doc>Pauses the test executed for the given time.</doc>
<status status="NOT RUN" starttime="20240305 06:58:16.476" endtime="20240305 06:58:16.476"/>
</kw>
<kw name="Unselect" library="SAP_Tcode_Library">
<arg>wnd[0]/usr/tabsTRUST_STRIP/tabpTRUST_STRIP_FC1/ssubTRUST_STRIP_SCA:RS_RFC_TT_UI:0110/cntlSERVER_CONTAINER/shellcont/shell/shellcont[1]/shell[1]</arg>
<arg>${i}</arg>
<status status="NOT RUN" starttime="20240305 06:58:16.476" endtime="20240305 06:58:16.476"/>
</kw>
<kw name="Sleep" library="BuiltIn">
<arg>1</arg>
<doc>Pauses the test executed for the given time.</doc>
<status status="NOT RUN" starttime="20240305 06:58:16.476" endtime="20240305 06:58:16.476"/>
</kw>
<kw name="Run Keyword And Return Status" library="BuiltIn">
<var>${Exit_point}</var>
<arg>Run Keyword If</arg>
<arg>${select_only} != 'NONE'</arg>
<arg>Log</arg>
<arg>Selected Rows: ${select_only}</arg>
<doc>Runs the given keyword with given arguments and returns the status as a Boolean value.</doc>
<status status="NOT RUN" starttime="20240305 06:58:16.476" endtime="20240305 06:58:16.476"/>
</kw>
<kw name="Exit For Loop If" library="BuiltIn">
<arg>${Exit_point}=='NONE'</arg>
<doc>Stops executing the enclosing FOR loop if the ``condition`` is true.</doc>
<status status="NOT RUN" starttime="20240305 06:58:16.476" endtime="20240305 06:58:16.476"/>
</kw>
<status status="FAIL" starttime="20240305 06:58:16.463" endtime="20240305 06:58:16.476"/>
</iter>
<status status="FAIL" starttime="20240305 06:54:40.707" endtime="20240305 06:58:16.476"/>
</for>
<status status="FAIL" starttime="20240305 06:54:39.339" endtime="20240305 06:58:16.476"/>
</kw>
<tag>Regression</tag>
<tag>SMT1_REFRESH1</tag>
<status status="FAIL" starttime="20240305 06:54:39.339" endtime="20240305 06:58:16.476">com_error: (-2147352567, 'Exception occurred.', (0, 'SAP Frontend Server', '', None, 0, -2147352567), None)</status>
</test>
<kw name="System Logout" library="SMT1_REFRESH_System_whose_calls_are_trusted" type="TEARDOWN">
<kw name="Run Transaction" library="SAP_Tcode_Library">
<arg>/nex</arg>
<doc>Runs a Sap transaction. An error is given when an unknown transaction is specified.</doc>
<status status="PASS" starttime="20240305 06:58:16.476" endtime="20240305 06:58:16.708"/>
</kw>
<kw name="Sleep" library="BuiltIn">
<arg>5</arg>
<doc>Pauses the test executed for the given time.</doc>
<msg timestamp="20240305 06:58:21.708" level="INFO">Slept 5 seconds</msg>
<status status="PASS" starttime="20240305 06:58:16.708" endtime="20240305 06:58:21.708"/>
</kw>
<kw name="Take Screenshot" library="SAP_Tcode_Library">
<arg>logoutpage.jpg</arg>
<doc>Takes a screenshot, only if 'screenshots on error' has been enabled,
either at import of with keyword `enable screenshots on error`.</doc>
<msg timestamp="20240305 06:58:21.786" level="INFO" html="true">&lt;a href="logoutpage.jpg"&gt;&lt;img src="logoutpage.jpg" width="800px"&gt;&lt;/a&gt;</msg>
<status status="PASS" starttime="20240305 06:58:21.708" endtime="20240305 06:58:21.786"/>
</kw>
<kw name="Sleep" library="BuiltIn">
<arg>10</arg>
<doc>Pauses the test executed for the given time.</doc>
<msg timestamp="20240305 06:58:31.787" level="INFO">Slept 10 seconds</msg>
<status status="PASS" starttime="20240305 06:58:21.786" endtime="20240305 06:58:31.787"/>
</kw>
<status status="PASS" starttime="20240305 06:58:16.476" endtime="20240305 06:58:31.787"/>
</kw>
<status status="FAIL" starttime="20240305 06:54:26.354" endtime="20240305 06:58:31.787"/>
</suite>
<doc>Testing functionality through Robot Framework</doc>
<meta name="environment">Dev</meta>
<meta name="test_browser_name">chrome</meta>
<meta name="test_browser_version">122.0.6261.95</meta>
<meta name="test_driver_version">121.0.6167.85 </meta>
<meta name="test_environment">Dev</meta>
<meta name="test_freeze_dependencies">astroid==3.0.3,attrs==23.2.0,beautifulsoup4==4.12.3,bs4==0.0.2,certifi==2024.2.2,cffi==1.16.0,chardet==5.2.0,charset-normalizer==3.3.2,click==8.1.7,colorama==0.4.6,cryptography==42.0.2,defusedxml==0.7.1,dill==0.3.8,docutils==0.20.1,et-xmlfile==1.1.0,exceptiongroup==1.2.0,gitdb==4.0.11,GitPython==3.1.41,h11==0.14.0,idna==3.6,isort==5.13.2,Jinja2==3.1.3,jira==3.6.0,jsonpath-ng==1.6.1,jsonschema==4.21.1,jsonschema-specifications==2023.12.1,lazy-object-proxy==1.10.0,lxml==5.1.0,markdown-it-py==3.0.0,MarkupSafe==2.1.5,mccabe==0.7.0,mdurl==0.1.2,natsort==8.4.0,oauthlib==3.2.2,openpyxl==3.1.2,outcome==1.3.0.post0,packaging==23.2,pathspec==0.11.2,pillow==10.2.0,pip==24.0,platformdirs==4.2.0,ply==3.11,pycparser==2.21,Pygments==2.17.2,pylint==3.0.3,PySocks==1.7.1,PyVirtualDisplay==3.0,pywin32==306,PyYAML==6.0.1,referencing==0.33.0,reportlab==4.1.0,requests==2.31.0,requests-oauthlib==1.3.1,requests-toolbelt==1.0.0,rich==13.7.0,rich-click==1.6.1,robotframework==6.0.2,robotframework-datadriver==1.9.0,robotframework-excellib==2.0.1,robotframework-jsonlibrary==0.5,robotframework-pabot==2.16.0,robotframework-pythonlibcore==4.2.0,robotframework-requests==0.9.2,robotframework-sapguilibrary==1.1,robotframework-seleniumlibrary==5.1.3,robotframework-stacktrace==0.4.1,robotframework-tidy==4.5.0,rpds-py==0.17.1,selenium==4.9.1,setuptools==69.0.3,smmap==5.0.1,sniffio==1.3.0,sortedcontainers==2.4.0,soupsieve==2.5,tomli==2.0.1,tomlkit==0.12.3,trio==0.24.0,trio-websocket==0.11.1,typing_extensions==4.9.0,urllib3==2.2.0,wheel==0.42.0,wrapt==1.16.0,wsproto==1.2.0</meta>
<status status="FAIL" starttime="20240305 06:54:22.575" endtime="20240305 06:58:32.128"/>
</suite>
<statistics>
<total>
<stat pass="0" fail="1" skip="0">All Tests</stat>
</total>
<tag>
<stat pass="0" fail="1" skip="0">Regression</stat>
<stat pass="0" fail="1" skip="0">SMT1_REFRESH1</stat>
</tag>
<suite>
<stat pass="0" fail="1" skip="0" id="s1" name="Tests">Tests</stat>
<stat pass="0" fail="1" skip="0" id="s1-s1" name="Test SMT1 REFRESH System whose calls are trusted">Tests.Test SMT1 REFRESH System whose calls are trusted</stat>
</suite>
</statistics>
<errors>
</errors>
</robot>
