<?xml version="1.0" encoding="UTF-8"?>
<robot generator="Robot 6.0.2 (Python 3.12.1 on win32)" generated="20240223 07:01:05.933" rpa="false" schemaversion="3">
<suite id="s1" name="Tests" source="C:\SAP_Testing\SAPtesting\Tests">
<kw name="Setup highest level suite" type="SETUP">
<kw name="Set Variable" library="BuiltIn">
<var>${d.test_server}</var>
<arg>${test_server}</arg>
<doc>Returns the given values which can then be assigned to a variables.</doc>
<msg timestamp="20240223 07:01:06.585" level="INFO">${d.test_server} = Dev</msg>
<status status="PASS" starttime="20240223 07:01:06.585" endtime="20240223 07:01:06.585"/>
</kw>
<kw name="Reset screenshot count variable" library="Support">
<kw name="Set Variable" library="BuiltIn">
<var>${screenshotCount}</var>
<arg>${PABOTQUEUEINDEX}_1</arg>
<doc>Returns the given values which can then be assigned to a variables.</doc>
<msg timestamp="20240223 07:01:06.586" level="INFO">${screenshotCount} = 0_1</msg>
<status status="PASS" starttime="20240223 07:01:06.586" endtime="20240223 07:01:06.586"/>
</kw>
<kw name="Set Global Variable" library="BuiltIn">
<arg>${screenshotCount}</arg>
<doc>Makes a variable available globally in all tests and suites.</doc>
<msg timestamp="20240223 07:01:06.587" level="INFO">${screenshotCount} = 0_1</msg>
<status status="PASS" starttime="20240223 07:01:06.587" endtime="20240223 07:01:06.587"/>
</kw>
<kw name="Set up screenshot directory" library="Support">
<kw name="Create Directory" library="OperatingSystem">
<arg>${OUTPUTDIR}${/}${wvar('screenshot_dir')}</arg>
<doc>Creates the specified directory.</doc>
<msg timestamp="20240223 07:01:06.588" level="INFO">Web.Dev.screenshot_dir: Screenshot</msg>
<msg timestamp="20240223 07:01:06.594" level="INFO" html="true">Created directory '&lt;a href="file://C:\SAP_Testing\SAPtesting\Output\pabot_results\0\Screenshot"&gt;C:\SAP_Testing\SAPtesting\Output\pabot_results\0\Screenshot&lt;/a&gt;'.</msg>
<status status="PASS" starttime="20240223 07:01:06.588" endtime="20240223 07:01:06.594"/>
</kw>
<status status="PASS" starttime="20240223 07:01:06.587" endtime="20240223 07:01:06.594"/>
</kw>
<status status="PASS" starttime="20240223 07:01:06.586" endtime="20240223 07:01:06.594"/>
</kw>
<kw name="Set Global Variable" library="BuiltIn">
<arg>${screenshot_taking}</arg>
<arg>${True}</arg>
<doc>Makes a variable available globally in all tests and suites.</doc>
<msg timestamp="20240223 07:01:06.595" level="INFO">${screenshot_taking} = True</msg>
<status status="PASS" starttime="20240223 07:01:06.594" endtime="20240223 07:01:06.595"/>
</kw>
<kw name="Setup linux execution" library="Support">
<kw name="Run Keyword And Return Status" library="BuiltIn">
<var>${web_test_check}</var>
<arg>Variable Should Exist</arg>
<arg>${web_test}</arg>
<doc>Runs the given keyword with given arguments and returns the status as a Boolean value.</doc>
<kw name="Variable Should Exist" library="BuiltIn">
<arg>${web_test}</arg>
<doc>Fails unless the given variable exists within the current scope.</doc>
<status status="PASS" starttime="20240223 07:01:06.596" endtime="20240223 07:01:06.596"/>
</kw>
<msg timestamp="20240223 07:01:06.596" level="INFO">${web_test_check} = True</msg>
<status status="PASS" starttime="20240223 07:01:06.595" endtime="20240223 07:01:06.596"/>
</kw>
<kw name="Run Keyword If" library="BuiltIn">
<arg>${web_test_check}</arg>
<arg>Setup Docker Execution Options</arg>
<doc>Runs the given keyword with the given arguments, if ``condition`` is true.</doc>
<kw name="Setup Docker Execution Options" library="Support_Web">
<kw name="Setup Suite Metadata" library="Support_Web">
<arg>${browser}</arg>
<kw name="Get Browser Metadata" library="BrowserSupport">
<var>&amp;{browser_information}</var>
<arg>browser=${browser}</arg>
<doc>Fetches browser metadata information
:param browser: Name of the browser for which information is fetched
:param reload: Re-read the metadata based on the browser
:return: Browser metadata information, dict of format
            {"browser_version": browser version value,
             "driver_version": driver version value}</doc>
<msg timestamp="20240223 07:01:09.936" level="INFO">&amp;{browser_information} = { browser_version=122.0.6261.57 | driver_version=121.0.6167.85  }</msg>
<status status="PASS" starttime="20240223 07:01:06.597" endtime="20240223 07:01:09.936"/>
</kw>
<kw name="Set Suite Metadata" library="BuiltIn">
<arg>test_browser_name</arg>
<arg>${browser}</arg>
<doc>Sets metadata for the current test suite.</doc>
<msg timestamp="20240223 07:01:09.936" level="INFO">Set suite metadata 'test_browser_name' to value 'chrome'.</msg>
<status status="PASS" starttime="20240223 07:01:09.936" endtime="20240223 07:01:09.936"/>
</kw>
<kw name="Set Suite Metadata" library="BuiltIn">
<arg>test_browser_version</arg>
<arg>${browser_information.browser_version}</arg>
<doc>Sets metadata for the current test suite.</doc>
<msg timestamp="20240223 07:01:09.936" level="INFO">Set suite metadata 'test_browser_version' to value '122.0.6261.57'.</msg>
<status status="PASS" starttime="20240223 07:01:09.936" endtime="20240223 07:01:09.936"/>
</kw>
<kw name="Set Suite Metadata" library="BuiltIn">
<arg>test_driver_version</arg>
<arg>${browser_information.driver_version}</arg>
<doc>Sets metadata for the current test suite.</doc>
<msg timestamp="20240223 07:01:09.936" level="INFO">Set suite metadata 'test_driver_version' to value '121.0.6167.85 '.</msg>
<status status="PASS" starttime="20240223 07:01:09.936" endtime="20240223 07:01:09.936"/>
</kw>
<status status="PASS" starttime="20240223 07:01:06.597" endtime="20240223 07:01:09.936"/>
</kw>
<kw name="Setup Global Docker Execution Options" library="Support_Web">
<kw name="Set Global Variable" library="BuiltIn">
<arg>${global_browser_options}</arg>
<arg>None</arg>
<doc>Makes a variable available globally in all tests and suites.</doc>
<msg timestamp="20240223 07:01:09.936" level="INFO">${global_browser_options} = None</msg>
<status status="PASS" starttime="20240223 07:01:09.936" endtime="20240223 07:01:09.936"/>
</kw>
<kw name="Get Environment Variable" library="OperatingSystem">
<var>${docker_check}</var>
<arg>EXECUTION_ENVIRONMENT</arg>
<arg>not_found</arg>
<doc>Returns the value of an environment variable with the given name.</doc>
<msg timestamp="20240223 07:01:09.936" level="INFO">${docker_check} = not_found</msg>
<status status="PASS" starttime="20240223 07:01:09.936" endtime="20240223 07:01:09.936"/>
</kw>
<kw name="Run Keyword And Return If" library="BuiltIn">
<arg>"${docker_check}"!="docker"</arg>
<arg>Log</arg>
<arg>Not executing on Docker</arg>
<doc>Runs the specified keyword and returns from the enclosing user keyword.</doc>
<kw name="Log" library="BuiltIn">
<arg>Not executing on Docker</arg>
<doc>Logs the given message with the given level.</doc>
<msg timestamp="20240223 07:01:09.936" level="INFO">Not executing on Docker</msg>
<status status="PASS" starttime="20240223 07:01:09.936" endtime="20240223 07:01:09.936"/>
</kw>
<msg timestamp="20240223 07:01:09.936" level="INFO">Returning from the enclosing user keyword.</msg>
<status status="PASS" starttime="20240223 07:01:09.936" endtime="20240223 07:01:09.936"/>
</kw>
<kw name="Create List" library="BuiltIn">
<var>@{options}</var>
<arg>--headless</arg>
<arg>--no-sandbox</arg>
<arg>--disable-dev-shm-usage</arg>
<doc>Returns a list containing given items.</doc>
<status status="NOT RUN" starttime="20240223 07:01:09.936" endtime="20240223 07:01:09.936"/>
</kw>
<kw name="Set Global Variable" library="BuiltIn">
<arg>@{docker_options}</arg>
<arg>@{options}</arg>
<doc>Makes a variable available globally in all tests and suites.</doc>
<status status="NOT RUN" starttime="20240223 07:01:09.936" endtime="20240223 07:01:09.936"/>
</kw>
<status status="PASS" starttime="20240223 07:01:09.936" endtime="20240223 07:01:09.936"/>
</kw>
<kw name="Create Webdriver for chrome preferences" library="Support_Web">
<kw name="Update Docker Execution Options" library="Support_Web">
<var>${list_prefs}</var>
<arg>${list_prefs}</arg>
<kw name="Run Keyword And Return Status" library="BuiltIn">
<var>${docker_check}</var>
<arg>Variable Should Exist</arg>
<arg>${docker_options}</arg>
<doc>Runs the given keyword with given arguments and returns the status as a Boolean value.</doc>
<kw name="Variable Should Exist" library="BuiltIn">
<arg>${docker_options}</arg>
<doc>Fails unless the given variable exists within the current scope.</doc>
<msg timestamp="20240223 07:01:09.936" level="FAIL">Variable '${docker_options}' does not exist.</msg>
<status status="FAIL" starttime="20240223 07:01:09.936" endtime="20240223 07:01:09.936"/>
</kw>
<msg timestamp="20240223 07:01:09.936" level="INFO">${docker_check} = False</msg>
<status status="PASS" starttime="20240223 07:01:09.936" endtime="20240223 07:01:09.936"/>
</kw>
<kw name="Get Length" library="BuiltIn">
<var>${list_prefs_length}</var>
<arg>${list_prefs}</arg>
<doc>Returns and logs the length of the given item as an integer.</doc>
<msg timestamp="20240223 07:01:09.936" level="INFO">Length is 1</msg>
<msg timestamp="20240223 07:01:09.936" level="INFO">${list_prefs_length} = 1</msg>
<status status="PASS" starttime="20240223 07:01:09.936" endtime="20240223 07:01:09.936"/>
</kw>
<kw name="Run Keyword If" library="BuiltIn">
<var>${list_prefs}</var>
<arg>${docker_check} and ${list_prefs_length}&gt;0 and ${list_prefs}[0] != []</arg>
<arg>Combine Lists</arg>
<arg>${list_prefs}</arg>
<arg>${docker_options}</arg>
<arg>ELSE IF</arg>
<arg>${docker_check}</arg>
<arg>Set Variable</arg>
<arg>${docker_options}</arg>
<arg>ELSE</arg>
<arg>Set Variable</arg>
<arg>${list_prefs}</arg>
<doc>Runs the given keyword with the given arguments, if ``condition`` is true.</doc>
<kw name="Set Variable" library="BuiltIn">
<arg>${list_prefs}</arg>
<doc>Returns the given values which can then be assigned to a variables.</doc>
<status status="PASS" starttime="20240223 07:01:09.936" endtime="20240223 07:01:09.936"/>
</kw>
<msg timestamp="20240223 07:01:09.936" level="INFO">${list_prefs} = [[]]</msg>
<status status="PASS" starttime="20240223 07:01:09.936" endtime="20240223 07:01:09.936"/>
</kw>
<msg timestamp="20240223 07:01:09.936" level="INFO">${list_prefs} = [[]]</msg>
<status status="PASS" starttime="20240223 07:01:09.936" endtime="20240223 07:01:09.936"/>
</kw>
<kw name="Create Chrome Options for download preferences" library="Support_Web">
<var>${chrome_options}</var>
<kw name="Evaluate" library="BuiltIn">
<var>${chrome_options}</var>
<arg>sys.modules['selenium.webdriver'].ChromeOptions()</arg>
<arg>sys</arg>
<doc>Evaluates the given expression in Python and returns the result.</doc>
<msg timestamp="20240223 07:01:09.936" level="INFO">${chrome_options} = &lt;selenium.webdriver.chrome.options.Options object at 0x000001E3AC70E180&gt;</msg>
<status status="PASS" starttime="20240223 07:01:09.936" endtime="20240223 07:01:09.936"/>
</kw>
<msg timestamp="20240223 07:01:09.936" level="INFO">${chrome_options} = &lt;selenium.webdriver.chrome.options.Options object at 0x000001E3AC70E180&gt;</msg>
<status status="PASS" starttime="20240223 07:01:09.936" endtime="20240223 07:01:09.936"/>
</kw>
<kw name="Update Preferences List" library="Support_Web">
<arg>${chrome_options}</arg>
<arg>@{list_prefs}</arg>
<kw name="Convert To String" library="BuiltIn">
<var>${string_prefs}</var>
<arg>${list_prefs}</arg>
<doc>Converts the given item to a Unicode string.</doc>
<msg timestamp="20240223 07:01:09.936" level="INFO">${string_prefs} = [[]]</msg>
<status status="PASS" starttime="20240223 07:01:09.936" endtime="20240223 07:01:09.936"/>
</kw>
<kw name="Return From Keyword If" library="BuiltIn">
<arg>${string_prefs} == [[]]</arg>
<doc>Returns from the enclosing user keyword if ``condition`` is true.</doc>
<msg timestamp="20240223 07:01:09.952" level="INFO">Returning from the enclosing user keyword.</msg>
<status status="PASS" starttime="20240223 07:01:09.936" endtime="20240223 07:01:09.952"/>
</kw>
<for flavor="IN">
<var>${preference}</var>
<value>@{list_prefs}</value>
<iter>
<var name="${preference}"/>
<kw name="Call Method" library="BuiltIn">
<arg>${chrome_options}</arg>
<arg>add_argument</arg>
<arg>${preference}</arg>
<doc>Calls the named method of the given object with the provided arguments.</doc>
<status status="NOT RUN" starttime="20240223 07:01:09.952" endtime="20240223 07:01:09.952"/>
</kw>
<status status="NOT RUN" starttime="20240223 07:01:09.952" endtime="20240223 07:01:09.952"/>
</iter>
<status status="NOT RUN" starttime="20240223 07:01:09.952" endtime="20240223 07:01:09.952"/>
</for>
<status status="PASS" starttime="20240223 07:01:09.936" endtime="20240223 07:01:09.952"/>
</kw>
<kw name="Call Method" library="BuiltIn">
<arg>${chrome_options}</arg>
<arg>add_experimental_option</arg>
<arg>prefs</arg>
<arg>${kw_prefs}</arg>
<doc>Calls the named method of the given object with the provided arguments.</doc>
<status status="PASS" starttime="20240223 07:01:09.952" endtime="20240223 07:01:09.952"/>
</kw>
<kw name="Set Global Variable" library="BuiltIn">
<arg>${global_browser_options}</arg>
<arg>${chrome options}</arg>
<doc>Makes a variable available globally in all tests and suites.</doc>
<msg timestamp="20240223 07:01:09.952" level="INFO">${global_browser_options} = &lt;selenium.webdriver.chrome.options.Options object at 0x000001E3AC70E180&gt;</msg>
<status status="PASS" starttime="20240223 07:01:09.952" endtime="20240223 07:01:09.952"/>
</kw>
<status status="PASS" starttime="20240223 07:01:09.936" endtime="20240223 07:01:09.952"/>
</kw>
<status status="PASS" starttime="20240223 07:01:06.597" endtime="20240223 07:01:09.952"/>
</kw>
<status status="PASS" starttime="20240223 07:01:06.596" endtime="20240223 07:01:09.952"/>
</kw>
<status status="PASS" starttime="20240223 07:01:06.595" endtime="20240223 07:01:09.952"/>
</kw>
<kw name="Set Suite Metadata" library="BuiltIn">
<arg>environment</arg>
<arg>${test_server}</arg>
<doc>Sets metadata for the current test suite.</doc>
<msg timestamp="20240223 07:01:09.952" level="INFO">Set suite metadata 'environment' to value 'Dev'.</msg>
<status status="PASS" starttime="20240223 07:01:09.952" endtime="20240223 07:01:09.952"/>
</kw>
<status status="PASS" starttime="20240223 07:01:06.584" endtime="20240223 07:01:09.952"/>
</kw>
<suite id="s1-s1" name="Test FB03" source="C:\SAP_Testing\SAPtesting\Tests\Test_FB03.robot">
<kw name="SAP logon" library="FB03" type="SETUP">
<kw name="Start Process" library="Process">
<arg>${symvar('SAP_SERVER')}</arg>
<doc>Starts a new process on background.</doc>
<msg timestamp="20240223 07:01:10.237" level="INFO">Sym.Dev.SAP_SERVER: C:\Program Files (x86)\SAP\FrontEnd\SAPgui\saplogon.exe</msg>
<msg timestamp="20240223 07:01:10.237" level="INFO">Starting process:
"C:\Program Files (x86)\SAP\FrontEnd\SAPgui\saplogon.exe"</msg>
<status status="PASS" starttime="20240223 07:01:10.232" endtime="20240223 07:01:10.237"/>
</kw>
<kw name="Sleep" library="BuiltIn">
<arg>10s</arg>
<doc>Pauses the test executed for the given time.</doc>
<msg timestamp="20240223 07:01:20.237" level="INFO">Slept 10 seconds</msg>
<status status="PASS" starttime="20240223 07:01:10.237" endtime="20240223 07:01:20.237"/>
</kw>
<kw name="Connect To Session" library="CustomSapGuiLibrary">
<doc>Connects to an open session SAP.</doc>
<status status="PASS" starttime="20240223 07:01:20.237" endtime="20240223 07:01:20.249"/>
</kw>
<kw name="Open Connection" library="CustomSapGuiLibrary">
<arg>${symvar('connection_name')}</arg>
<doc>Opens a connection to the given connection name. Be sure to provide the full connection name, including the bracket part.</doc>
<msg timestamp="20240223 07:01:20.249" level="INFO">Sym.Dev.connection_name: BIS</msg>
<status status="PASS" starttime="20240223 07:01:20.249" endtime="20240223 07:01:22.553"/>
</kw>
<kw name="Input Text" library="CustomSapGuiLibrary">
<arg>wnd[0]/usr/txtRSYST-MANDT</arg>
<arg>${symvar('login_client')}</arg>
<doc>Inserts the given text into the text field identified by locator.
Use keyword `input password` to insert a password in a text field.</doc>
<msg timestamp="20240223 07:01:22.554" level="INFO">Sym.Dev.login_client: 800</msg>
<msg timestamp="20240223 07:01:22.565" level="INFO">Typing text '800' into text field 'wnd[0]/usr/txtRSYST-MANDT'.</msg>
<status status="PASS" starttime="20240223 07:01:22.553" endtime="20240223 07:01:22.565"/>
</kw>
<kw name="Input Text" library="CustomSapGuiLibrary">
<arg>wnd[0]/usr/txtRSYST-BNAME</arg>
<arg>${symvar('login_user')}</arg>
<doc>Inserts the given text into the text field identified by locator.
Use keyword `input password` to insert a password in a text field.</doc>
<msg timestamp="20240223 07:01:22.566" level="INFO">Sym.Dev.login_user: lokeshk</msg>
<msg timestamp="20240223 07:01:22.582" level="INFO">Typing text 'lokeshk' into text field 'wnd[0]/usr/txtRSYST-BNAME'.</msg>
<status status="PASS" starttime="20240223 07:01:22.565" endtime="20240223 07:01:22.582"/>
</kw>
<kw name="Input Password" library="CustomSapGuiLibrary">
<arg>wnd[0]/usr/pwdRSYST-BCODE</arg>
<arg>${symvar('login_password')}</arg>
<doc>Inserts the given password into the text field identified by locator.
The password is not recorded in the log.</doc>
<msg timestamp="20240223 07:01:22.584" level="INFO">Sym.Dev.login_password: Test@12345</msg>
<msg timestamp="20240223 07:01:22.591" level="INFO">Typing password into text field 'wnd[0]/usr/pwdRSYST-BCODE'.</msg>
<status status="PASS" starttime="20240223 07:01:22.582" endtime="20240223 07:01:22.591"/>
</kw>
<kw name="Send Vkey" library="CustomSapGuiLibrary">
<arg>0</arg>
<doc>Sends a SAP virtual key combination to the window, not into an element.
If you want to send a value to a text field, use `input text` instead.</doc>
<status status="PASS" starttime="20240223 07:01:22.592" endtime="20240223 07:01:23.778"/>
</kw>
<kw name="Sleep" library="BuiltIn">
<arg>10s</arg>
<doc>Pauses the test executed for the given time.</doc>
<msg timestamp="20240223 07:01:33.778" level="INFO">Slept 10 seconds</msg>
<status status="PASS" starttime="20240223 07:01:23.778" endtime="20240223 07:01:33.778"/>
</kw>
<status status="PASS" starttime="20240223 07:01:10.232" endtime="20240223 07:01:33.778"/>
</kw>
<test id="s1-s1-t1" name="Interlinked transactions for Invoice" line="8">
<kw name="FB03 display the invoice document" library="FB03">
<kw name="Run Transaction" library="CustomSapGuiLibrary">
<arg>/nFB03</arg>
<doc>Runs a Sap transaction. An error is given when an unknown transaction is specified.</doc>
<status status="PASS" starttime="20240223 07:01:33.778" endtime="20240223 07:01:35.028"/>
</kw>
<kw name="Count Excel Rows" library="CustomSapGuiLibrary">
<var>${user_count}</var>
<arg>${symvar('excel_path')}</arg>
<msg timestamp="20240223 07:01:35.028" level="INFO">Sym.Dev.excel_path: C:\RobotFramework\sap_testing\Tests\Resource\invoice.xlsx</msg>
<msg timestamp="20240223 07:01:35.040" level="INFO">4</msg>
<msg timestamp="20240223 07:01:35.040" level="INFO">${user_count} = 4</msg>
<status status="PASS" starttime="20240223 07:01:35.028" endtime="20240223 07:01:35.040"/>
</kw>
<kw name="Evaluate" library="BuiltIn">
<var>${rows}</var>
<arg>${user_count} + 1</arg>
<doc>Evaluates the given expression in Python and returns the result.</doc>
<msg timestamp="20240223 07:01:35.040" level="INFO">${rows} = 5</msg>
<status status="PASS" starttime="20240223 07:01:35.040" endtime="20240223 07:01:35.040"/>
</kw>
<kw name="Log To Console" library="BuiltIn">
<arg>${rows}</arg>
<doc>Logs the given message to the console.</doc>
<status status="PASS" starttime="20240223 07:01:35.040" endtime="20240223 07:01:35.040"/>
</kw>
<kw name="Sleep" library="BuiltIn">
<arg>5</arg>
<doc>Pauses the test executed for the given time.</doc>
<msg timestamp="20240223 07:01:40.041" level="INFO">Slept 5 seconds</msg>
<status status="PASS" starttime="20240223 07:01:35.040" endtime="20240223 07:01:40.041"/>
</kw>
<for flavor="IN RANGE">
<var>${row_count}</var>
<value>2</value>
<value>${rows}</value>
<iter>
<var name="${row_count}">2</var>
<kw name="Read Excel" library="FB03">
<var>${document}</var>
<arg>${symvar('excel_path')}</arg>
<arg>${symvar('sheet_name')}</arg>
<arg>${row_count}</arg>
<arg>9</arg>
<msg timestamp="20240223 07:01:40.041" level="INFO">Sym.Dev.excel_path: C:\RobotFramework\sap_testing\Tests\Resource\invoice.xlsx</msg>
<msg timestamp="20240223 07:01:40.041" level="INFO">Sym.Dev.sheet_name: INPUT</msg>
<kw name="Open Excel Document" library="ExcelLibrary">
<arg>${filepath}</arg>
<arg>1</arg>
<doc>Opens xlsx document file.</doc>
<status status="PASS" starttime="20240223 07:01:40.041" endtime="20240223 07:01:40.041"/>
</kw>
<kw name="Get Sheet" library="ExcelLibrary">
<arg>${sheetname}</arg>
<doc>Returns a page from the current document.</doc>
<status status="PASS" starttime="20240223 07:01:40.041" endtime="20240223 07:01:40.041"/>
</kw>
<kw name="Read Excel Cell" library="ExcelLibrary">
<var>${data}</var>
<arg>${rownum}</arg>
<arg>${colnum}</arg>
<doc>Returns content of a cell.</doc>
<msg timestamp="20240223 07:01:40.041" level="INFO">${data} = 1800000448</msg>
<status status="PASS" starttime="20240223 07:01:40.041" endtime="20240223 07:01:40.041"/>
</kw>
<kw name="Close Current Excel Document" library="ExcelLibrary">
<doc>Closes current document.</doc>
<status status="PASS" starttime="20240223 07:01:40.041" endtime="20240223 07:01:40.041"/>
</kw>
<msg timestamp="20240223 07:01:40.041" level="INFO">${document} = 1800000448</msg>
<status status="PASS" starttime="20240223 07:01:40.041" endtime="20240223 07:01:40.041"/>
</kw>
<kw name="Log To Console" library="BuiltIn">
<arg>${document}</arg>
<doc>Logs the given message to the console.</doc>
<status status="PASS" starttime="20240223 07:01:40.041" endtime="20240223 07:01:40.041"/>
</kw>
<kw name="Set Global Variable" library="BuiltIn">
<arg>${document}</arg>
<doc>Makes a variable available globally in all tests and suites.</doc>
<msg timestamp="20240223 07:01:40.041" level="INFO">${document} = 1800000448</msg>
<status status="PASS" starttime="20240223 07:01:40.041" endtime="20240223 07:01:40.041"/>
</kw>
<kw name="Read Excel" library="FB03">
<var>${company_code}</var>
<arg>${symvar('excel_path')}</arg>
<arg>${symvar('sheet_name')}</arg>
<arg>${row_count}</arg>
<arg>10</arg>
<msg timestamp="20240223 07:01:40.041" level="INFO">Sym.Dev.excel_path: C:\RobotFramework\sap_testing\Tests\Resource\invoice.xlsx</msg>
<msg timestamp="20240223 07:01:40.041" level="INFO">Sym.Dev.sheet_name: INPUT</msg>
<kw name="Open Excel Document" library="ExcelLibrary">
<arg>${filepath}</arg>
<arg>1</arg>
<doc>Opens xlsx document file.</doc>
<status status="PASS" starttime="20240223 07:01:40.041" endtime="20240223 07:01:40.058"/>
</kw>
<kw name="Get Sheet" library="ExcelLibrary">
<arg>${sheetname}</arg>
<doc>Returns a page from the current document.</doc>
<status status="PASS" starttime="20240223 07:01:40.058" endtime="20240223 07:01:40.058"/>
</kw>
<kw name="Read Excel Cell" library="ExcelLibrary">
<var>${data}</var>
<arg>${rownum}</arg>
<arg>${colnum}</arg>
<doc>Returns content of a cell.</doc>
<msg timestamp="20240223 07:01:40.058" level="INFO">${data} = 3000</msg>
<status status="PASS" starttime="20240223 07:01:40.058" endtime="20240223 07:01:40.058"/>
</kw>
<kw name="Close Current Excel Document" library="ExcelLibrary">
<doc>Closes current document.</doc>
<status status="PASS" starttime="20240223 07:01:40.058" endtime="20240223 07:01:40.058"/>
</kw>
<msg timestamp="20240223 07:01:40.058" level="INFO">${company_code} = 3000</msg>
<status status="PASS" starttime="20240223 07:01:40.041" endtime="20240223 07:01:40.058"/>
</kw>
<kw name="Log To Console" library="BuiltIn">
<arg>${company_code}</arg>
<doc>Logs the given message to the console.</doc>
<status status="PASS" starttime="20240223 07:01:40.058" endtime="20240223 07:01:40.058"/>
</kw>
<kw name="Set Global Variable" library="BuiltIn">
<arg>${company_code}</arg>
<doc>Makes a variable available globally in all tests and suites.</doc>
<msg timestamp="20240223 07:01:40.058" level="INFO">${company_code} = 3000</msg>
<status status="PASS" starttime="20240223 07:01:40.058" endtime="20240223 07:01:40.058"/>
</kw>
<kw name="Read Excel" library="FB03">
<var>${fiscal_year}</var>
<arg>${symvar('excel_path')}</arg>
<arg>${symvar('sheet_name')}</arg>
<arg>${row_count}</arg>
<arg>11</arg>
<msg timestamp="20240223 07:01:40.058" level="INFO">Sym.Dev.excel_path: C:\RobotFramework\sap_testing\Tests\Resource\invoice.xlsx</msg>
<msg timestamp="20240223 07:01:40.058" level="INFO">Sym.Dev.sheet_name: INPUT</msg>
<kw name="Open Excel Document" library="ExcelLibrary">
<arg>${filepath}</arg>
<arg>1</arg>
<doc>Opens xlsx document file.</doc>
<status status="PASS" starttime="20240223 07:01:40.058" endtime="20240223 07:01:40.058"/>
</kw>
<kw name="Get Sheet" library="ExcelLibrary">
<arg>${sheetname}</arg>
<doc>Returns a page from the current document.</doc>
<status status="PASS" starttime="20240223 07:01:40.071" endtime="20240223 07:01:40.071"/>
</kw>
<kw name="Read Excel Cell" library="ExcelLibrary">
<var>${data}</var>
<arg>${rownum}</arg>
<arg>${colnum}</arg>
<doc>Returns content of a cell.</doc>
<msg timestamp="20240223 07:01:40.071" level="INFO">${data} = 2024</msg>
<status status="PASS" starttime="20240223 07:01:40.071" endtime="20240223 07:01:40.071"/>
</kw>
<kw name="Close Current Excel Document" library="ExcelLibrary">
<doc>Closes current document.</doc>
<status status="PASS" starttime="20240223 07:01:40.071" endtime="20240223 07:01:40.071"/>
</kw>
<msg timestamp="20240223 07:01:40.071" level="INFO">${fiscal_year} = 2024</msg>
<status status="PASS" starttime="20240223 07:01:40.058" endtime="20240223 07:01:40.071"/>
</kw>
<kw name="Log To Console" library="BuiltIn">
<arg>${fiscal_year}</arg>
<doc>Logs the given message to the console.</doc>
<status status="PASS" starttime="20240223 07:01:40.071" endtime="20240223 07:01:40.071"/>
</kw>
<kw name="Set Global Variable" library="BuiltIn">
<arg>${fiscal_year}</arg>
<doc>Makes a variable available globally in all tests and suites.</doc>
<msg timestamp="20240223 07:01:40.071" level="INFO">${fiscal_year} = 2024</msg>
<status status="PASS" starttime="20240223 07:01:40.071" endtime="20240223 07:01:40.071"/>
</kw>
<kw name="Transaction code FB03" library="FB03">
<kw name="Input Text" library="CustomSapGuiLibrary">
<arg>wnd[0]/usr/txtRF05L-BELNR</arg>
<arg>${document}</arg>
<doc>Inserts the given text into the text field identified by locator.
Use keyword `input password` to insert a password in a text field.</doc>
<msg timestamp="20240223 07:01:40.087" level="INFO">Typing text '1800000448' into text field 'wnd[0]/usr/txtRF05L-BELNR'.</msg>
<status status="PASS" starttime="20240223 07:01:40.071" endtime="20240223 07:01:40.087"/>
</kw>
<kw name="Sleep" library="BuiltIn">
<arg>2</arg>
<doc>Pauses the test executed for the given time.</doc>
<msg timestamp="20240223 07:01:42.088" level="INFO">Slept 2 seconds</msg>
<status status="PASS" starttime="20240223 07:01:40.087" endtime="20240223 07:01:42.088"/>
</kw>
<kw name="Input Text" library="CustomSapGuiLibrary">
<arg>wnd[0]/usr/ctxtRF05L-BUKRS</arg>
<arg>${company_code}</arg>
<doc>Inserts the given text into the text field identified by locator.
Use keyword `input password` to insert a password in a text field.</doc>
<msg timestamp="20240223 07:01:42.091" level="INFO">Typing text '3000' into text field 'wnd[0]/usr/ctxtRF05L-BUKRS'.</msg>
<status status="PASS" starttime="20240223 07:01:42.088" endtime="20240223 07:01:42.091"/>
</kw>
<kw name="Sleep" library="BuiltIn">
<arg>2</arg>
<doc>Pauses the test executed for the given time.</doc>
<msg timestamp="20240223 07:01:44.091" level="INFO">Slept 2 seconds</msg>
<status status="PASS" starttime="20240223 07:01:42.091" endtime="20240223 07:01:44.091"/>
</kw>
<kw name="Input Text" library="CustomSapGuiLibrary">
<arg>wnd[0]/usr/txtRF05L-GJAHR</arg>
<arg>${fiscal_year}</arg>
<doc>Inserts the given text into the text field identified by locator.
Use keyword `input password` to insert a password in a text field.</doc>
<msg timestamp="20240223 07:01:44.094" level="INFO">Typing text '2024' into text field 'wnd[0]/usr/txtRF05L-GJAHR'.</msg>
<status status="PASS" starttime="20240223 07:01:44.091" endtime="20240223 07:01:44.094"/>
</kw>
<kw name="Sleep" library="BuiltIn">
<arg>2</arg>
<doc>Pauses the test executed for the given time.</doc>
<msg timestamp="20240223 07:01:46.094" level="INFO">Slept 2 seconds</msg>
<status status="PASS" starttime="20240223 07:01:44.094" endtime="20240223 07:01:46.094"/>
</kw>
<kw name="Send Vkey" library="CustomSapGuiLibrary">
<arg>0</arg>
<doc>Sends a SAP virtual key combination to the window, not into an element.
If you want to send a value to a text field, use `input text` instead.</doc>
<status status="PASS" starttime="20240223 07:01:46.094" endtime="20240223 07:01:49.472"/>
</kw>
<kw name="Sleep" library="BuiltIn">
<arg>5</arg>
<doc>Pauses the test executed for the given time.</doc>
<msg timestamp="20240223 07:01:54.488" level="INFO">Slept 5 seconds</msg>
<status status="PASS" starttime="20240223 07:01:49.488" endtime="20240223 07:01:54.488"/>
</kw>
<kw name="Click Element" library="CustomSapGuiLibrary">
<arg>wnd[0]/tbar[0]/btn[3]</arg>
<doc>Performs a single click on a given element. Used only for buttons, tabs and menu items.</doc>
<status status="PASS" starttime="20240223 07:01:54.488" endtime="20240223 07:01:54.758"/>
</kw>
<kw name="Sleep" library="BuiltIn">
<arg>5</arg>
<doc>Pauses the test executed for the given time.</doc>
<msg timestamp="20240223 07:01:59.759" level="INFO">Slept 5 seconds</msg>
<status status="PASS" starttime="20240223 07:01:54.758" endtime="20240223 07:01:59.759"/>
</kw>
<status status="PASS" starttime="20240223 07:01:40.071" endtime="20240223 07:01:59.759"/>
</kw>
<status status="PASS" starttime="20240223 07:01:40.041" endtime="20240223 07:01:59.759"/>
</iter>
<iter>
<var name="${row_count}">3</var>
<kw name="Read Excel" library="FB03">
<var>${document}</var>
<arg>${symvar('excel_path')}</arg>
<arg>${symvar('sheet_name')}</arg>
<arg>${row_count}</arg>
<arg>9</arg>
<msg timestamp="20240223 07:01:59.759" level="INFO">Sym.Dev.excel_path: C:\RobotFramework\sap_testing\Tests\Resource\invoice.xlsx</msg>
<msg timestamp="20240223 07:01:59.759" level="INFO">Sym.Dev.sheet_name: INPUT</msg>
<kw name="Open Excel Document" library="ExcelLibrary">
<arg>${filepath}</arg>
<arg>1</arg>
<doc>Opens xlsx document file.</doc>
<status status="PASS" starttime="20240223 07:01:59.759" endtime="20240223 07:01:59.759"/>
</kw>
<kw name="Get Sheet" library="ExcelLibrary">
<arg>${sheetname}</arg>
<doc>Returns a page from the current document.</doc>
<status status="PASS" starttime="20240223 07:01:59.759" endtime="20240223 07:01:59.759"/>
</kw>
<kw name="Read Excel Cell" library="ExcelLibrary">
<var>${data}</var>
<arg>${rownum}</arg>
<arg>${colnum}</arg>
<doc>Returns content of a cell.</doc>
<msg timestamp="20240223 07:01:59.759" level="INFO">${data} = 1800000449</msg>
<status status="PASS" starttime="20240223 07:01:59.759" endtime="20240223 07:01:59.759"/>
</kw>
<kw name="Close Current Excel Document" library="ExcelLibrary">
<doc>Closes current document.</doc>
<status status="PASS" starttime="20240223 07:01:59.759" endtime="20240223 07:01:59.759"/>
</kw>
<msg timestamp="20240223 07:01:59.759" level="INFO">${document} = 1800000449</msg>
<status status="PASS" starttime="20240223 07:01:59.759" endtime="20240223 07:01:59.759"/>
</kw>
<kw name="Log To Console" library="BuiltIn">
<arg>${document}</arg>
<doc>Logs the given message to the console.</doc>
<status status="PASS" starttime="20240223 07:01:59.759" endtime="20240223 07:01:59.759"/>
</kw>
<kw name="Set Global Variable" library="BuiltIn">
<arg>${document}</arg>
<doc>Makes a variable available globally in all tests and suites.</doc>
<msg timestamp="20240223 07:01:59.759" level="INFO">${document} = 1800000449</msg>
<status status="PASS" starttime="20240223 07:01:59.759" endtime="20240223 07:01:59.759"/>
</kw>
<kw name="Read Excel" library="FB03">
<var>${company_code}</var>
<arg>${symvar('excel_path')}</arg>
<arg>${symvar('sheet_name')}</arg>
<arg>${row_count}</arg>
<arg>10</arg>
<msg timestamp="20240223 07:01:59.759" level="INFO">Sym.Dev.excel_path: C:\RobotFramework\sap_testing\Tests\Resource\invoice.xlsx</msg>
<msg timestamp="20240223 07:01:59.759" level="INFO">Sym.Dev.sheet_name: INPUT</msg>
<kw name="Open Excel Document" library="ExcelLibrary">
<arg>${filepath}</arg>
<arg>1</arg>
<doc>Opens xlsx document file.</doc>
<status status="PASS" starttime="20240223 07:01:59.759" endtime="20240223 07:01:59.774"/>
</kw>
<kw name="Get Sheet" library="ExcelLibrary">
<arg>${sheetname}</arg>
<doc>Returns a page from the current document.</doc>
<status status="PASS" starttime="20240223 07:01:59.774" endtime="20240223 07:01:59.774"/>
</kw>
<kw name="Read Excel Cell" library="ExcelLibrary">
<var>${data}</var>
<arg>${rownum}</arg>
<arg>${colnum}</arg>
<doc>Returns content of a cell.</doc>
<msg timestamp="20240223 07:01:59.774" level="INFO">${data} = 3000</msg>
<status status="PASS" starttime="20240223 07:01:59.774" endtime="20240223 07:01:59.774"/>
</kw>
<kw name="Close Current Excel Document" library="ExcelLibrary">
<doc>Closes current document.</doc>
<status status="PASS" starttime="20240223 07:01:59.774" endtime="20240223 07:01:59.774"/>
</kw>
<msg timestamp="20240223 07:01:59.774" level="INFO">${company_code} = 3000</msg>
<status status="PASS" starttime="20240223 07:01:59.759" endtime="20240223 07:01:59.774"/>
</kw>
<kw name="Log To Console" library="BuiltIn">
<arg>${company_code}</arg>
<doc>Logs the given message to the console.</doc>
<status status="PASS" starttime="20240223 07:01:59.774" endtime="20240223 07:01:59.774"/>
</kw>
<kw name="Set Global Variable" library="BuiltIn">
<arg>${company_code}</arg>
<doc>Makes a variable available globally in all tests and suites.</doc>
<msg timestamp="20240223 07:01:59.774" level="INFO">${company_code} = 3000</msg>
<status status="PASS" starttime="20240223 07:01:59.774" endtime="20240223 07:01:59.774"/>
</kw>
<kw name="Read Excel" library="FB03">
<var>${fiscal_year}</var>
<arg>${symvar('excel_path')}</arg>
<arg>${symvar('sheet_name')}</arg>
<arg>${row_count}</arg>
<arg>11</arg>
<msg timestamp="20240223 07:01:59.774" level="INFO">Sym.Dev.excel_path: C:\RobotFramework\sap_testing\Tests\Resource\invoice.xlsx</msg>
<msg timestamp="20240223 07:01:59.774" level="INFO">Sym.Dev.sheet_name: INPUT</msg>
<kw name="Open Excel Document" library="ExcelLibrary">
<arg>${filepath}</arg>
<arg>1</arg>
<doc>Opens xlsx document file.</doc>
<status status="PASS" starttime="20240223 07:01:59.774" endtime="20240223 07:01:59.774"/>
</kw>
<kw name="Get Sheet" library="ExcelLibrary">
<arg>${sheetname}</arg>
<doc>Returns a page from the current document.</doc>
<status status="PASS" starttime="20240223 07:01:59.774" endtime="20240223 07:01:59.774"/>
</kw>
<kw name="Read Excel Cell" library="ExcelLibrary">
<var>${data}</var>
<arg>${rownum}</arg>
<arg>${colnum}</arg>
<doc>Returns content of a cell.</doc>
<msg timestamp="20240223 07:01:59.774" level="INFO">${data} = 2024</msg>
<status status="PASS" starttime="20240223 07:01:59.774" endtime="20240223 07:01:59.774"/>
</kw>
<kw name="Close Current Excel Document" library="ExcelLibrary">
<doc>Closes current document.</doc>
<status status="PASS" starttime="20240223 07:01:59.790" endtime="20240223 07:01:59.790"/>
</kw>
<msg timestamp="20240223 07:01:59.790" level="INFO">${fiscal_year} = 2024</msg>
<status status="PASS" starttime="20240223 07:01:59.774" endtime="20240223 07:01:59.790"/>
</kw>
<kw name="Log To Console" library="BuiltIn">
<arg>${fiscal_year}</arg>
<doc>Logs the given message to the console.</doc>
<status status="PASS" starttime="20240223 07:01:59.790" endtime="20240223 07:01:59.790"/>
</kw>
<kw name="Set Global Variable" library="BuiltIn">
<arg>${fiscal_year}</arg>
<doc>Makes a variable available globally in all tests and suites.</doc>
<msg timestamp="20240223 07:01:59.790" level="INFO">${fiscal_year} = 2024</msg>
<status status="PASS" starttime="20240223 07:01:59.790" endtime="20240223 07:01:59.790"/>
</kw>
<kw name="Transaction code FB03" library="FB03">
<kw name="Input Text" library="CustomSapGuiLibrary">
<arg>wnd[0]/usr/txtRF05L-BELNR</arg>
<arg>${document}</arg>
<doc>Inserts the given text into the text field identified by locator.
Use keyword `input password` to insert a password in a text field.</doc>
<msg timestamp="20240223 07:01:59.790" level="INFO">Typing text '1800000449' into text field 'wnd[0]/usr/txtRF05L-BELNR'.</msg>
<status status="PASS" starttime="20240223 07:01:59.790" endtime="20240223 07:01:59.790"/>
</kw>
<kw name="Sleep" library="BuiltIn">
<arg>2</arg>
<doc>Pauses the test executed for the given time.</doc>
<msg timestamp="20240223 07:02:01.790" level="INFO">Slept 2 seconds</msg>
<status status="PASS" starttime="20240223 07:01:59.790" endtime="20240223 07:02:01.790"/>
</kw>
<kw name="Input Text" library="CustomSapGuiLibrary">
<arg>wnd[0]/usr/ctxtRF05L-BUKRS</arg>
<arg>${company_code}</arg>
<doc>Inserts the given text into the text field identified by locator.
Use keyword `input password` to insert a password in a text field.</doc>
<msg timestamp="20240223 07:02:01.790" level="INFO">Typing text '3000' into text field 'wnd[0]/usr/ctxtRF05L-BUKRS'.</msg>
<status status="PASS" starttime="20240223 07:02:01.790" endtime="20240223 07:02:01.790"/>
</kw>
<kw name="Sleep" library="BuiltIn">
<arg>2</arg>
<doc>Pauses the test executed for the given time.</doc>
<msg timestamp="20240223 07:02:03.798" level="INFO">Slept 2 seconds</msg>
<status status="PASS" starttime="20240223 07:02:01.790" endtime="20240223 07:02:03.798"/>
</kw>
<kw name="Input Text" library="CustomSapGuiLibrary">
<arg>wnd[0]/usr/txtRF05L-GJAHR</arg>
<arg>${fiscal_year}</arg>
<doc>Inserts the given text into the text field identified by locator.
Use keyword `input password` to insert a password in a text field.</doc>
<msg timestamp="20240223 07:02:03.805" level="INFO">Typing text '2024' into text field 'wnd[0]/usr/txtRF05L-GJAHR'.</msg>
<status status="PASS" starttime="20240223 07:02:03.798" endtime="20240223 07:02:03.805"/>
</kw>
<kw name="Sleep" library="BuiltIn">
<arg>2</arg>
<doc>Pauses the test executed for the given time.</doc>
<msg timestamp="20240223 07:02:05.805" level="INFO">Slept 2 seconds</msg>
<status status="PASS" starttime="20240223 07:02:03.805" endtime="20240223 07:02:05.805"/>
</kw>
<kw name="Send Vkey" library="CustomSapGuiLibrary">
<arg>0</arg>
<doc>Sends a SAP virtual key combination to the window, not into an element.
If you want to send a value to a text field, use `input text` instead.</doc>
<status status="PASS" starttime="20240223 07:02:05.805" endtime="20240223 07:02:06.633"/>
</kw>
<kw name="Sleep" library="BuiltIn">
<arg>5</arg>
<doc>Pauses the test executed for the given time.</doc>
<msg timestamp="20240223 07:02:11.633" level="INFO">Slept 5 seconds</msg>
<status status="PASS" starttime="20240223 07:02:06.633" endtime="20240223 07:02:11.633"/>
</kw>
<kw name="Click Element" library="CustomSapGuiLibrary">
<arg>wnd[0]/tbar[0]/btn[3]</arg>
<doc>Performs a single click on a given element. Used only for buttons, tabs and menu items.</doc>
<status status="PASS" starttime="20240223 07:02:11.633" endtime="20240223 07:02:11.951"/>
</kw>
<kw name="Sleep" library="BuiltIn">
<arg>5</arg>
<doc>Pauses the test executed for the given time.</doc>
<msg timestamp="20240223 07:02:16.951" level="INFO">Slept 5 seconds</msg>
<status status="PASS" starttime="20240223 07:02:11.951" endtime="20240223 07:02:16.951"/>
</kw>
<status status="PASS" starttime="20240223 07:01:59.790" endtime="20240223 07:02:16.951"/>
</kw>
<status status="PASS" starttime="20240223 07:01:59.759" endtime="20240223 07:02:16.951"/>
</iter>
<iter>
<var name="${row_count}">4</var>
<kw name="Read Excel" library="FB03">
<var>${document}</var>
<arg>${symvar('excel_path')}</arg>
<arg>${symvar('sheet_name')}</arg>
<arg>${row_count}</arg>
<arg>9</arg>
<msg timestamp="20240223 07:02:16.951" level="INFO">Sym.Dev.excel_path: C:\RobotFramework\sap_testing\Tests\Resource\invoice.xlsx</msg>
<msg timestamp="20240223 07:02:16.951" level="INFO">Sym.Dev.sheet_name: INPUT</msg>
<kw name="Open Excel Document" library="ExcelLibrary">
<arg>${filepath}</arg>
<arg>1</arg>
<doc>Opens xlsx document file.</doc>
<status status="PASS" starttime="20240223 07:02:16.951" endtime="20240223 07:02:16.951"/>
</kw>
<kw name="Get Sheet" library="ExcelLibrary">
<arg>${sheetname}</arg>
<doc>Returns a page from the current document.</doc>
<status status="PASS" starttime="20240223 07:02:16.951" endtime="20240223 07:02:16.951"/>
</kw>
<kw name="Read Excel Cell" library="ExcelLibrary">
<var>${data}</var>
<arg>${rownum}</arg>
<arg>${colnum}</arg>
<doc>Returns content of a cell.</doc>
<msg timestamp="20240223 07:02:16.951" level="INFO">${data} = 1800000450</msg>
<status status="PASS" starttime="20240223 07:02:16.951" endtime="20240223 07:02:16.951"/>
</kw>
<kw name="Close Current Excel Document" library="ExcelLibrary">
<doc>Closes current document.</doc>
<status status="PASS" starttime="20240223 07:02:16.951" endtime="20240223 07:02:16.951"/>
</kw>
<msg timestamp="20240223 07:02:16.951" level="INFO">${document} = 1800000450</msg>
<status status="PASS" starttime="20240223 07:02:16.951" endtime="20240223 07:02:16.951"/>
</kw>
<kw name="Log To Console" library="BuiltIn">
<arg>${document}</arg>
<doc>Logs the given message to the console.</doc>
<status status="PASS" starttime="20240223 07:02:16.951" endtime="20240223 07:02:16.951"/>
</kw>
<kw name="Set Global Variable" library="BuiltIn">
<arg>${document}</arg>
<doc>Makes a variable available globally in all tests and suites.</doc>
<msg timestamp="20240223 07:02:16.951" level="INFO">${document} = 1800000450</msg>
<status status="PASS" starttime="20240223 07:02:16.951" endtime="20240223 07:02:16.951"/>
</kw>
<kw name="Read Excel" library="FB03">
<var>${company_code}</var>
<arg>${symvar('excel_path')}</arg>
<arg>${symvar('sheet_name')}</arg>
<arg>${row_count}</arg>
<arg>10</arg>
<msg timestamp="20240223 07:02:16.951" level="INFO">Sym.Dev.excel_path: C:\RobotFramework\sap_testing\Tests\Resource\invoice.xlsx</msg>
<msg timestamp="20240223 07:02:16.967" level="INFO">Sym.Dev.sheet_name: INPUT</msg>
<kw name="Open Excel Document" library="ExcelLibrary">
<arg>${filepath}</arg>
<arg>1</arg>
<doc>Opens xlsx document file.</doc>
<status status="PASS" starttime="20240223 07:02:16.967" endtime="20240223 07:02:16.967"/>
</kw>
<kw name="Get Sheet" library="ExcelLibrary">
<arg>${sheetname}</arg>
<doc>Returns a page from the current document.</doc>
<status status="PASS" starttime="20240223 07:02:16.967" endtime="20240223 07:02:16.967"/>
</kw>
<kw name="Read Excel Cell" library="ExcelLibrary">
<var>${data}</var>
<arg>${rownum}</arg>
<arg>${colnum}</arg>
<doc>Returns content of a cell.</doc>
<msg timestamp="20240223 07:02:16.967" level="INFO">${data} = 3000</msg>
<status status="PASS" starttime="20240223 07:02:16.967" endtime="20240223 07:02:16.967"/>
</kw>
<kw name="Close Current Excel Document" library="ExcelLibrary">
<doc>Closes current document.</doc>
<status status="PASS" starttime="20240223 07:02:16.967" endtime="20240223 07:02:16.967"/>
</kw>
<msg timestamp="20240223 07:02:16.967" level="INFO">${company_code} = 3000</msg>
<status status="PASS" starttime="20240223 07:02:16.951" endtime="20240223 07:02:16.967"/>
</kw>
<kw name="Log To Console" library="BuiltIn">
<arg>${company_code}</arg>
<doc>Logs the given message to the console.</doc>
<status status="PASS" starttime="20240223 07:02:16.967" endtime="20240223 07:02:16.967"/>
</kw>
<kw name="Set Global Variable" library="BuiltIn">
<arg>${company_code}</arg>
<doc>Makes a variable available globally in all tests and suites.</doc>
<msg timestamp="20240223 07:02:16.967" level="INFO">${company_code} = 3000</msg>
<status status="PASS" starttime="20240223 07:02:16.967" endtime="20240223 07:02:16.967"/>
</kw>
<kw name="Read Excel" library="FB03">
<var>${fiscal_year}</var>
<arg>${symvar('excel_path')}</arg>
<arg>${symvar('sheet_name')}</arg>
<arg>${row_count}</arg>
<arg>11</arg>
<msg timestamp="20240223 07:02:16.976" level="INFO">Sym.Dev.excel_path: C:\RobotFramework\sap_testing\Tests\Resource\invoice.xlsx</msg>
<msg timestamp="20240223 07:02:16.976" level="INFO">Sym.Dev.sheet_name: INPUT</msg>
<kw name="Open Excel Document" library="ExcelLibrary">
<arg>${filepath}</arg>
<arg>1</arg>
<doc>Opens xlsx document file.</doc>
<status status="PASS" starttime="20240223 07:02:16.976" endtime="20240223 07:02:16.983"/>
</kw>
<kw name="Get Sheet" library="ExcelLibrary">
<arg>${sheetname}</arg>
<doc>Returns a page from the current document.</doc>
<status status="PASS" starttime="20240223 07:02:16.983" endtime="20240223 07:02:16.983"/>
</kw>
<kw name="Read Excel Cell" library="ExcelLibrary">
<var>${data}</var>
<arg>${rownum}</arg>
<arg>${colnum}</arg>
<doc>Returns content of a cell.</doc>
<msg timestamp="20240223 07:02:16.983" level="INFO">${data} = 2024</msg>
<status status="PASS" starttime="20240223 07:02:16.983" endtime="20240223 07:02:16.983"/>
</kw>
<kw name="Close Current Excel Document" library="ExcelLibrary">
<doc>Closes current document.</doc>
<status status="PASS" starttime="20240223 07:02:16.983" endtime="20240223 07:02:16.983"/>
</kw>
<msg timestamp="20240223 07:02:16.983" level="INFO">${fiscal_year} = 2024</msg>
<status status="PASS" starttime="20240223 07:02:16.967" endtime="20240223 07:02:16.983"/>
</kw>
<kw name="Log To Console" library="BuiltIn">
<arg>${fiscal_year}</arg>
<doc>Logs the given message to the console.</doc>
<status status="PASS" starttime="20240223 07:02:16.983" endtime="20240223 07:02:16.983"/>
</kw>
<kw name="Set Global Variable" library="BuiltIn">
<arg>${fiscal_year}</arg>
<doc>Makes a variable available globally in all tests and suites.</doc>
<msg timestamp="20240223 07:02:16.983" level="INFO">${fiscal_year} = 2024</msg>
<status status="PASS" starttime="20240223 07:02:16.983" endtime="20240223 07:02:16.983"/>
</kw>
<kw name="Transaction code FB03" library="FB03">
<kw name="Input Text" library="CustomSapGuiLibrary">
<arg>wnd[0]/usr/txtRF05L-BELNR</arg>
<arg>${document}</arg>
<doc>Inserts the given text into the text field identified by locator.
Use keyword `input password` to insert a password in a text field.</doc>
<msg timestamp="20240223 07:02:16.999" level="INFO">Typing text '1800000450' into text field 'wnd[0]/usr/txtRF05L-BELNR'.</msg>
<status status="PASS" starttime="20240223 07:02:16.983" endtime="20240223 07:02:16.999"/>
</kw>
<kw name="Sleep" library="BuiltIn">
<arg>2</arg>
<doc>Pauses the test executed for the given time.</doc>
<msg timestamp="20240223 07:02:18.999" level="INFO">Slept 2 seconds</msg>
<status status="PASS" starttime="20240223 07:02:16.999" endtime="20240223 07:02:18.999"/>
</kw>
<kw name="Input Text" library="CustomSapGuiLibrary">
<arg>wnd[0]/usr/ctxtRF05L-BUKRS</arg>
<arg>${company_code}</arg>
<doc>Inserts the given text into the text field identified by locator.
Use keyword `input password` to insert a password in a text field.</doc>
<msg timestamp="20240223 07:02:19.003" level="INFO">Typing text '3000' into text field 'wnd[0]/usr/ctxtRF05L-BUKRS'.</msg>
<status status="PASS" starttime="20240223 07:02:18.999" endtime="20240223 07:02:19.003"/>
</kw>
<kw name="Sleep" library="BuiltIn">
<arg>2</arg>
<doc>Pauses the test executed for the given time.</doc>
<msg timestamp="20240223 07:02:21.004" level="INFO">Slept 2 seconds</msg>
<status status="PASS" starttime="20240223 07:02:19.003" endtime="20240223 07:02:21.004"/>
</kw>
<kw name="Input Text" library="CustomSapGuiLibrary">
<arg>wnd[0]/usr/txtRF05L-GJAHR</arg>
<arg>${fiscal_year}</arg>
<doc>Inserts the given text into the text field identified by locator.
Use keyword `input password` to insert a password in a text field.</doc>
<msg timestamp="20240223 07:02:21.011" level="INFO">Typing text '2024' into text field 'wnd[0]/usr/txtRF05L-GJAHR'.</msg>
<status status="PASS" starttime="20240223 07:02:21.004" endtime="20240223 07:02:21.011"/>
</kw>
<kw name="Sleep" library="BuiltIn">
<arg>2</arg>
<doc>Pauses the test executed for the given time.</doc>
<msg timestamp="20240223 07:02:23.011" level="INFO">Slept 2 seconds</msg>
<status status="PASS" starttime="20240223 07:02:21.011" endtime="20240223 07:02:23.011"/>
</kw>
<kw name="Send Vkey" library="CustomSapGuiLibrary">
<arg>0</arg>
<doc>Sends a SAP virtual key combination to the window, not into an element.
If you want to send a value to a text field, use `input text` instead.</doc>
<status status="PASS" starttime="20240223 07:02:23.011" endtime="20240223 07:02:23.846"/>
</kw>
<kw name="Sleep" library="BuiltIn">
<arg>5</arg>
<doc>Pauses the test executed for the given time.</doc>
<msg timestamp="20240223 07:02:28.847" level="INFO">Slept 5 seconds</msg>
<status status="PASS" starttime="20240223 07:02:23.846" endtime="20240223 07:02:28.847"/>
</kw>
<kw name="Click Element" library="CustomSapGuiLibrary">
<arg>wnd[0]/tbar[0]/btn[3]</arg>
<doc>Performs a single click on a given element. Used only for buttons, tabs and menu items.</doc>
<status status="PASS" starttime="20240223 07:02:28.847" endtime="20240223 07:02:29.168"/>
</kw>
<kw name="Sleep" library="BuiltIn">
<arg>5</arg>
<doc>Pauses the test executed for the given time.</doc>
<msg timestamp="20240223 07:02:34.169" level="INFO">Slept 5 seconds</msg>
<status status="PASS" starttime="20240223 07:02:29.168" endtime="20240223 07:02:34.169"/>
</kw>
<status status="PASS" starttime="20240223 07:02:16.983" endtime="20240223 07:02:34.169"/>
</kw>
<status status="PASS" starttime="20240223 07:02:16.951" endtime="20240223 07:02:34.169"/>
</iter>
<status status="PASS" starttime="20240223 07:01:40.041" endtime="20240223 07:02:34.169"/>
</for>
<status status="PASS" starttime="20240223 07:01:33.778" endtime="20240223 07:02:34.169"/>
</kw>
<tag>FB03</tag>
<tag>Regression</tag>
<status status="PASS" starttime="20240223 07:01:33.778" endtime="20240223 07:02:34.169"/>
</test>
<kw name="SAP Logout" library="FB03" type="TEARDOWN">
<kw name="Run Transaction" library="CustomSapGuiLibrary">
<arg>/nex</arg>
<doc>Runs a Sap transaction. An error is given when an unknown transaction is specified.</doc>
<status status="PASS" starttime="20240223 07:02:34.169" endtime="20240223 07:02:34.403"/>
</kw>
<kw name="Sleep" library="BuiltIn">
<arg>5</arg>
<doc>Pauses the test executed for the given time.</doc>
<msg timestamp="20240223 07:02:39.403" level="INFO">Slept 5 seconds</msg>
<status status="PASS" starttime="20240223 07:02:34.403" endtime="20240223 07:02:39.403"/>
</kw>
<status status="PASS" starttime="20240223 07:02:34.169" endtime="20240223 07:02:39.403"/>
</kw>
<status status="PASS" starttime="20240223 07:01:09.952" endtime="20240223 07:02:39.403"/>
</suite>
<doc>Testing functionality through Robot Framework</doc>
<meta name="environment">Dev</meta>
<meta name="test_browser_name">chrome</meta>
<meta name="test_browser_version">122.0.6261.57</meta>
<meta name="test_driver_version">121.0.6167.85 </meta>
<meta name="test_environment">Dev</meta>
<meta name="test_freeze_dependencies">astroid==3.0.3,attrs==23.2.0,beautifulsoup4==4.12.3,bs4==0.0.2,certifi==2024.2.2,cffi==1.16.0,chardet==5.2.0,charset-normalizer==3.3.2,click==8.1.7,colorama==0.4.6,cryptography==42.0.2,defusedxml==0.7.1,dill==0.3.8,docutils==0.20.1,et-xmlfile==1.1.0,exceptiongroup==1.2.0,gitdb==4.0.11,GitPython==3.1.41,h11==0.14.0,idna==3.6,isort==5.13.2,Jinja2==3.1.3,jira==3.6.0,jsonpath-ng==1.6.1,jsonschema==4.21.1,jsonschema-specifications==2023.12.1,lazy-object-proxy==1.10.0,lxml==5.1.0,markdown-it-py==3.0.0,MarkupSafe==2.1.5,mccabe==0.7.0,mdurl==0.1.2,natsort==8.4.0,oauthlib==3.2.2,openpyxl==3.1.2,outcome==1.3.0.post0,packaging==23.2,pathspec==0.11.2,pillow==10.2.0,pip==24.0,platformdirs==4.2.0,ply==3.11,pycparser==2.21,Pygments==2.17.2,pylint==3.0.3,PySocks==1.7.1,pywin32==306,PyYAML==6.0.1,referencing==0.33.0,reportlab==4.1.0,requests==2.31.0,requests-oauthlib==1.3.1,requests-toolbelt==1.0.0,rich==13.7.0,rich-click==1.6.1,robotframework==6.0.2,robotframework-datadriver==1.9.0,robotframework-excellib==2.0.1,robotframework-jsonlibrary==0.5,robotframework-pabot==2.16.0,robotframework-pythonlibcore==4.2.0,robotframework-requests==0.9.2,robotframework-sapguilibrary==1.1,robotframework-seleniumlibrary==5.1.3,robotframework-stacktrace==0.4.1,robotframework-tidy==4.5.0,rpds-py==0.17.1,selenium==4.9.1,setuptools==69.0.3,smmap==5.0.1,sniffio==1.3.0,sortedcontainers==2.4.0,soupsieve==2.5,tomli==2.0.1,tomlkit==0.12.3,trio==0.24.0,trio-websocket==0.11.1,typing_extensions==4.9.0,urllib3==2.2.0,wheel==0.42.0,wrapt==1.16.0,wsproto==1.2.0</meta>
<status status="PASS" starttime="20240223 07:01:06.224" endtime="20240223 07:02:39.793"/>
</suite>
<statistics>
<total>
<stat pass="1" fail="0" skip="0">All Tests</stat>
</total>
<tag>
<stat pass="1" fail="0" skip="0">FB03</stat>
<stat pass="1" fail="0" skip="0">Regression</stat>
</tag>
<suite>
<stat pass="1" fail="0" skip="0" id="s1" name="Tests">Tests</stat>
<stat pass="1" fail="0" skip="0" id="s1-s1" name="Test FB03">Tests.Test FB03</stat>
</suite>
</statistics>
<errors>
</errors>
</robot>
