<?xml version="1.0" encoding="UTF-8"?>
<robot generator="Robot 6.0.2 (Python 3.12.4 on win32)" generated="20241017 05:05:19.518" rpa="false" schemaversion="3">
<suite id="s1" name="Tests" source="C:\SAP_Testing\SAPtesting\Tests">
<kw name="Setup highest level suite" type="SETUP">
<kw name="Set Variable" library="BuiltIn">
<var>${d.test_server}</var>
<arg>${test_server}</arg>
<doc>Returns the given values which can then be assigned to a variables.</doc>
<msg timestamp="20241017 05:05:20.492" level="INFO">${d.test_server} = Dev</msg>
<status status="PASS" starttime="20241017 05:05:20.492" endtime="20241017 05:05:20.492"/>
</kw>
<kw name="Reset screenshot count variable" library="Support">
<kw name="Set Variable" library="BuiltIn">
<var>${screenshotCount}</var>
<arg>${PABOTQUEUEINDEX}_1</arg>
<doc>Returns the given values which can then be assigned to a variables.</doc>
<msg timestamp="20241017 05:05:20.493" level="INFO">${screenshotCount} = 0_1</msg>
<status status="PASS" starttime="20241017 05:05:20.493" endtime="20241017 05:05:20.493"/>
</kw>
<kw name="Set Global Variable" library="BuiltIn">
<arg>${screenshotCount}</arg>
<doc>Makes a variable available globally in all tests and suites.</doc>
<msg timestamp="20241017 05:05:20.493" level="INFO">${screenshotCount} = 0_1</msg>
<status status="PASS" starttime="20241017 05:05:20.493" endtime="20241017 05:05:20.494"/>
</kw>
<kw name="Set up screenshot directory" library="Support">
<kw name="Create Directory" library="OperatingSystem">
<arg>${OUTPUTDIR}${/}${wvar('screenshot_dir')}</arg>
<doc>Creates the specified directory.</doc>
<msg timestamp="20241017 05:05:20.495" level="INFO">Web.Dev.screenshot_dir: Screenshot</msg>
<msg timestamp="20241017 05:05:20.499" level="INFO" html="true">Created directory '&lt;a href="file://C:\SAP_Testing\SAPtesting\Output\pabot_results\0\Screenshot"&gt;C:\SAP_Testing\SAPtesting\Output\pabot_results\0\Screenshot&lt;/a&gt;'.</msg>
<status status="PASS" starttime="20241017 05:05:20.494" endtime="20241017 05:05:20.499"/>
</kw>
<status status="PASS" starttime="20241017 05:05:20.494" endtime="20241017 05:05:20.499"/>
</kw>
<status status="PASS" starttime="20241017 05:05:20.492" endtime="20241017 05:05:20.499"/>
</kw>
<kw name="Set Global Variable" library="BuiltIn">
<arg>${screenshot_taking}</arg>
<arg>${True}</arg>
<doc>Makes a variable available globally in all tests and suites.</doc>
<msg timestamp="20241017 05:05:20.500" level="INFO">${screenshot_taking} = True</msg>
<status status="PASS" starttime="20241017 05:05:20.499" endtime="20241017 05:05:20.500"/>
</kw>
<kw name="Setup linux execution" library="Support">
<kw name="Run Keyword And Return Status" library="BuiltIn">
<var>${web_test_check}</var>
<arg>Variable Should Exist</arg>
<arg>${web_test}</arg>
<doc>Runs the given keyword with given arguments and returns the status as a Boolean value.</doc>
<kw name="Variable Should Exist" library="BuiltIn">
<arg>${web_test}</arg>
<doc>Fails unless the given variable exists within the current scope.</doc>
<status status="PASS" starttime="20241017 05:05:20.500" endtime="20241017 05:05:20.501"/>
</kw>
<msg timestamp="20241017 05:05:20.501" level="INFO">${web_test_check} = True</msg>
<status status="PASS" starttime="20241017 05:05:20.500" endtime="20241017 05:05:20.501"/>
</kw>
<kw name="Run Keyword If" library="BuiltIn">
<arg>${web_test_check}</arg>
<arg>Setup Docker Execution Options</arg>
<doc>Runs the given keyword with the given arguments, if ``condition`` is true.</doc>
<kw name="Setup Docker Execution Options" library="Support_Web">
<kw name="Setup Suite Metadata" library="Support_Web">
<arg>${browser}</arg>
<kw name="Get Browser Metadata" library="BrowserSupport">
<var>&amp;{browser_information}</var>
<arg>browser=${browser}</arg>
<doc>Fetches browser metadata information
:param browser: Name of the browser for which information is fetched
:param reload: Re-read the metadata based on the browser
:return: Browser metadata information, dict of format
            {"browser_version": browser version value,
             "driver_version": driver version value}</doc>
<msg timestamp="20241017 05:05:23.857" level="INFO">&amp;{browser_information} = { browser_version=129.0.6668.101 | driver_version=128.0.6613.119  }</msg>
<status status="PASS" starttime="20241017 05:05:20.502" endtime="20241017 05:05:23.857"/>
</kw>
<kw name="Set Suite Metadata" library="BuiltIn">
<arg>test_browser_name</arg>
<arg>${browser}</arg>
<doc>Sets metadata for the current test suite.</doc>
<msg timestamp="20241017 05:05:23.858" level="INFO">Set suite metadata 'test_browser_name' to value 'chrome'.</msg>
<status status="PASS" starttime="20241017 05:05:23.857" endtime="20241017 05:05:23.858"/>
</kw>
<kw name="Set Suite Metadata" library="BuiltIn">
<arg>test_browser_version</arg>
<arg>${browser_information.browser_version}</arg>
<doc>Sets metadata for the current test suite.</doc>
<msg timestamp="20241017 05:05:23.859" level="INFO">Set suite metadata 'test_browser_version' to value '129.0.6668.101'.</msg>
<status status="PASS" starttime="20241017 05:05:23.858" endtime="20241017 05:05:23.859"/>
</kw>
<kw name="Set Suite Metadata" library="BuiltIn">
<arg>test_driver_version</arg>
<arg>${browser_information.driver_version}</arg>
<doc>Sets metadata for the current test suite.</doc>
<msg timestamp="20241017 05:05:23.860" level="INFO">Set suite metadata 'test_driver_version' to value '128.0.6613.119 '.</msg>
<status status="PASS" starttime="20241017 05:05:23.859" endtime="20241017 05:05:23.860"/>
</kw>
<status status="PASS" starttime="20241017 05:05:20.501" endtime="20241017 05:05:23.860"/>
</kw>
<kw name="Setup Global Docker Execution Options" library="Support_Web">
<kw name="Set Global Variable" library="BuiltIn">
<arg>${global_browser_options}</arg>
<arg>None</arg>
<doc>Makes a variable available globally in all tests and suites.</doc>
<msg timestamp="20241017 05:05:23.861" level="INFO">${global_browser_options} = None</msg>
<status status="PASS" starttime="20241017 05:05:23.860" endtime="20241017 05:05:23.861"/>
</kw>
<kw name="Get Environment Variable" library="OperatingSystem">
<var>${docker_check}</var>
<arg>EXECUTION_ENVIRONMENT</arg>
<arg>not_found</arg>
<doc>Returns the value of an environment variable with the given name.</doc>
<msg timestamp="20241017 05:05:23.862" level="INFO">${docker_check} = not_found</msg>
<status status="PASS" starttime="20241017 05:05:23.862" endtime="20241017 05:05:23.862"/>
</kw>
<kw name="Run Keyword And Return If" library="BuiltIn">
<arg>"${docker_check}"!="docker"</arg>
<arg>Log</arg>
<arg>Not executing on Docker</arg>
<doc>Runs the specified keyword and returns from the enclosing user keyword.</doc>
<kw name="Log" library="BuiltIn">
<arg>Not executing on Docker</arg>
<doc>Logs the given message with the given level.</doc>
<msg timestamp="20241017 05:05:23.863" level="INFO">Not executing on Docker</msg>
<status status="PASS" starttime="20241017 05:05:23.862" endtime="20241017 05:05:23.863"/>
</kw>
<msg timestamp="20241017 05:05:23.863" level="INFO">Returning from the enclosing user keyword.</msg>
<status status="PASS" starttime="20241017 05:05:23.862" endtime="20241017 05:05:23.863"/>
</kw>
<kw name="Create List" library="BuiltIn">
<var>@{options}</var>
<arg>--headless</arg>
<arg>--no-sandbox</arg>
<arg>--disable-dev-shm-usage</arg>
<doc>Returns a list containing given items.</doc>
<status status="NOT RUN" starttime="20241017 05:05:23.863" endtime="20241017 05:05:23.863"/>
</kw>
<kw name="Set Global Variable" library="BuiltIn">
<arg>@{docker_options}</arg>
<arg>@{options}</arg>
<doc>Makes a variable available globally in all tests and suites.</doc>
<status status="NOT RUN" starttime="20241017 05:05:23.863" endtime="20241017 05:05:23.863"/>
</kw>
<status status="PASS" starttime="20241017 05:05:23.860" endtime="20241017 05:05:23.863"/>
</kw>
<kw name="Create Webdriver for chrome preferences" library="Support_Web">
<kw name="Update Docker Execution Options" library="Support_Web">
<var>${list_prefs}</var>
<arg>${list_prefs}</arg>
<kw name="Run Keyword And Return Status" library="BuiltIn">
<var>${docker_check}</var>
<arg>Variable Should Exist</arg>
<arg>${docker_options}</arg>
<doc>Runs the given keyword with given arguments and returns the status as a Boolean value.</doc>
<kw name="Variable Should Exist" library="BuiltIn">
<arg>${docker_options}</arg>
<doc>Fails unless the given variable exists within the current scope.</doc>
<msg timestamp="20241017 05:05:23.866" level="FAIL">Variable '${docker_options}' does not exist.</msg>
<status status="FAIL" starttime="20241017 05:05:23.864" endtime="20241017 05:05:23.866"/>
</kw>
<msg timestamp="20241017 05:05:23.866" level="INFO">${docker_check} = False</msg>
<status status="PASS" starttime="20241017 05:05:23.864" endtime="20241017 05:05:23.866"/>
</kw>
<kw name="Get Length" library="BuiltIn">
<var>${list_prefs_length}</var>
<arg>${list_prefs}</arg>
<doc>Returns and logs the length of the given item as an integer.</doc>
<msg timestamp="20241017 05:05:23.867" level="INFO">Length is 1</msg>
<msg timestamp="20241017 05:05:23.867" level="INFO">${list_prefs_length} = 1</msg>
<status status="PASS" starttime="20241017 05:05:23.867" endtime="20241017 05:05:23.867"/>
</kw>
<kw name="Run Keyword If" library="BuiltIn">
<var>${list_prefs}</var>
<arg>${docker_check} and ${list_prefs_length}&gt;0 and ${list_prefs}[0] != []</arg>
<arg>Combine Lists</arg>
<arg>${list_prefs}</arg>
<arg>${docker_options}</arg>
<arg>ELSE IF</arg>
<arg>${docker_check}</arg>
<arg>Set Variable</arg>
<arg>${docker_options}</arg>
<arg>ELSE</arg>
<arg>Set Variable</arg>
<arg>${list_prefs}</arg>
<doc>Runs the given keyword with the given arguments, if ``condition`` is true.</doc>
<kw name="Set Variable" library="BuiltIn">
<arg>${list_prefs}</arg>
<doc>Returns the given values which can then be assigned to a variables.</doc>
<status status="PASS" starttime="20241017 05:05:23.868" endtime="20241017 05:05:23.868"/>
</kw>
<msg timestamp="20241017 05:05:23.868" level="INFO">${list_prefs} = [[]]</msg>
<status status="PASS" starttime="20241017 05:05:23.867" endtime="20241017 05:05:23.868"/>
</kw>
<msg timestamp="20241017 05:05:23.868" level="INFO">${list_prefs} = [[]]</msg>
<status status="PASS" starttime="20241017 05:05:23.864" endtime="20241017 05:05:23.868"/>
</kw>
<kw name="Create Chrome Options for download preferences" library="Support_Web">
<var>${chrome_options}</var>
<kw name="Evaluate" library="BuiltIn">
<var>${chrome_options}</var>
<arg>sys.modules['selenium.webdriver'].ChromeOptions()</arg>
<arg>sys</arg>
<doc>Evaluates the given expression in Python and returns the result.</doc>
<msg timestamp="20241017 05:05:23.869" level="INFO">${chrome_options} = &lt;selenium.webdriver.chrome.options.Options object at 0x0000020B5E956720&gt;</msg>
<status status="PASS" starttime="20241017 05:05:23.868" endtime="20241017 05:05:23.869"/>
</kw>
<msg timestamp="20241017 05:05:23.869" level="INFO">${chrome_options} = &lt;selenium.webdriver.chrome.options.Options object at 0x0000020B5E956720&gt;</msg>
<status status="PASS" starttime="20241017 05:05:23.868" endtime="20241017 05:05:23.869"/>
</kw>
<kw name="Update Preferences List" library="Support_Web">
<arg>${chrome_options}</arg>
<arg>@{list_prefs}</arg>
<kw name="Convert To String" library="BuiltIn">
<var>${string_prefs}</var>
<arg>${list_prefs}</arg>
<doc>Converts the given item to a Unicode string.</doc>
<msg timestamp="20241017 05:05:23.870" level="INFO">${string_prefs} = [[]]</msg>
<status status="PASS" starttime="20241017 05:05:23.869" endtime="20241017 05:05:23.870"/>
</kw>
<kw name="Return From Keyword If" library="BuiltIn">
<arg>${string_prefs} == [[]]</arg>
<doc>Returns from the enclosing user keyword if ``condition`` is true.</doc>
<msg timestamp="20241017 05:05:23.870" level="INFO">Returning from the enclosing user keyword.</msg>
<status status="PASS" starttime="20241017 05:05:23.870" endtime="20241017 05:05:23.870"/>
</kw>
<for flavor="IN">
<var>${preference}</var>
<value>@{list_prefs}</value>
<iter>
<var name="${preference}"/>
<kw name="Call Method" library="BuiltIn">
<arg>${chrome_options}</arg>
<arg>add_argument</arg>
<arg>${preference}</arg>
<doc>Calls the named method of the given object with the provided arguments.</doc>
<status status="NOT RUN" starttime="20241017 05:05:23.871" endtime="20241017 05:05:23.871"/>
</kw>
<status status="NOT RUN" starttime="20241017 05:05:23.870" endtime="20241017 05:05:23.871"/>
</iter>
<status status="NOT RUN" starttime="20241017 05:05:23.870" endtime="20241017 05:05:23.871"/>
</for>
<status status="PASS" starttime="20241017 05:05:23.869" endtime="20241017 05:05:23.871"/>
</kw>
<kw name="Call Method" library="BuiltIn">
<arg>${chrome_options}</arg>
<arg>add_experimental_option</arg>
<arg>prefs</arg>
<arg>${kw_prefs}</arg>
<doc>Calls the named method of the given object with the provided arguments.</doc>
<status status="PASS" starttime="20241017 05:05:23.871" endtime="20241017 05:05:23.871"/>
</kw>
<kw name="Set Global Variable" library="BuiltIn">
<arg>${global_browser_options}</arg>
<arg>${chrome options}</arg>
<doc>Makes a variable available globally in all tests and suites.</doc>
<msg timestamp="20241017 05:05:23.872" level="INFO">${global_browser_options} = &lt;selenium.webdriver.chrome.options.Options object at 0x0000020B5E956720&gt;</msg>
<status status="PASS" starttime="20241017 05:05:23.871" endtime="20241017 05:05:23.872"/>
</kw>
<status status="PASS" starttime="20241017 05:05:23.864" endtime="20241017 05:05:23.872"/>
</kw>
<status status="PASS" starttime="20241017 05:05:20.501" endtime="20241017 05:05:23.872"/>
</kw>
<status status="PASS" starttime="20241017 05:05:20.501" endtime="20241017 05:05:23.872"/>
</kw>
<status status="PASS" starttime="20241017 05:05:20.500" endtime="20241017 05:05:23.872"/>
</kw>
<kw name="Set Suite Metadata" library="BuiltIn">
<arg>environment</arg>
<arg>${test_server}</arg>
<doc>Sets metadata for the current test suite.</doc>
<msg timestamp="20241017 05:05:23.873" level="INFO">Set suite metadata 'environment' to value 'Dev'.</msg>
<status status="PASS" starttime="20241017 05:05:23.872" endtime="20241017 05:05:23.873"/>
</kw>
<status status="PASS" starttime="20241017 05:05:20.491" endtime="20241017 05:05:23.873"/>
</kw>
<suite id="s1-s1" name="Test Verify parameter values" source="C:\SAP_Testing\SAPtesting\Tests\Test_Verify_parameter_values.robot">
<kw name="System Logon" library="Verify_parameter_values" type="SETUP">
<kw name="Start Process" library="Process">
<arg>${symvar('ABAP_SAP_SERVER')}</arg>
<doc>Starts a new process on background.</doc>
<msg timestamp="20241017 05:05:24.422" level="INFO">Sym.Dev.ABAP_SAP_SERVER: C:\Program Files (x86)\SAP\FrontEnd\SAPGUI\saplogon.exe</msg>
<msg timestamp="20241017 05:05:24.422" level="INFO">Starting process:
"C:\Program Files (x86)\SAP\FrontEnd\SAPGUI\saplogon.exe"</msg>
<status status="PASS" starttime="20241017 05:05:24.421" endtime="20241017 05:05:24.426"/>
</kw>
<kw name="Connect To Session" library="SAP_Tcode_Library">
<doc>Connects to an open session SAP.</doc>
<status status="PASS" starttime="20241017 05:05:24.426" endtime="20241017 05:05:24.454"/>
</kw>
<kw name="Open Connection" library="SAP_Tcode_Library">
<arg>${symvar('ABAP_SID')}</arg>
<doc>Opens a connection to the given connection name. Be sure to provide the full connection name, including the bracket part.</doc>
<msg timestamp="20241017 05:05:24.454" level="INFO">Sym.Dev.ABAP_SID: DM1</msg>
<status status="PASS" starttime="20241017 05:05:24.454" endtime="20241017 05:05:26.059"/>
</kw>
<kw name="Input Text" library="SAP_Tcode_Library">
<arg>wnd[0]/usr/txtRSYST-MANDT</arg>
<arg>${symvar('ABAP_CLIENT')}</arg>
<doc>Inserts the given text into the text field identified by locator.
Use keyword `input password` to insert a password in a text field.</doc>
<msg timestamp="20241017 05:05:26.060" level="INFO">Sym.Dev.ABAP_CLIENT: 001</msg>
<msg timestamp="20241017 05:05:26.067" level="INFO">Typing text '001' into text field 'wnd[0]/usr/txtRSYST-MANDT'.</msg>
<status status="PASS" starttime="20241017 05:05:26.059" endtime="20241017 05:05:26.067"/>
</kw>
<kw name="Input Text" library="SAP_Tcode_Library">
<arg>wnd[0]/usr/txtRSYST-BNAME</arg>
<arg>${symvar('ABAP_USER')}</arg>
<doc>Inserts the given text into the text field identified by locator.
Use keyword `input password` to insert a password in a text field.</doc>
<msg timestamp="20241017 05:05:26.068" level="INFO">Sym.Dev.ABAP_USER: BCSADMIN</msg>
<msg timestamp="20241017 05:05:26.081" level="INFO">Typing text 'BCSADMIN' into text field 'wnd[0]/usr/txtRSYST-BNAME'.</msg>
<status status="PASS" starttime="20241017 05:05:26.067" endtime="20241017 05:05:26.081"/>
</kw>
<kw name="Input Password" library="SAP_Tcode_Library">
<arg>wnd[0]/usr/pwdRSYST-BCODE</arg>
<arg>${symvar('ABAP_PASSWORD')}</arg>
<doc>Inserts the given password into the text field identified by locator.
The password is not recorded in the log.</doc>
<msg timestamp="20241017 05:05:26.083" level="INFO">Sym.Dev.ABAP_PASSWORD: Sym@rocks2023</msg>
<msg timestamp="20241017 05:05:26.090" level="INFO">Typing password into text field 'wnd[0]/usr/pwdRSYST-BCODE'.</msg>
<status status="PASS" starttime="20241017 05:05:26.082" endtime="20241017 05:05:26.090"/>
</kw>
<kw name="Send Vkey" library="SAP_Tcode_Library">
<arg>0</arg>
<doc>Sends a SAP virtual key combination to the window, not into an element.
If you want to send a value to a text field, use `input text` instead.</doc>
<status status="PASS" starttime="20241017 05:05:26.090" endtime="20241017 05:05:26.504"/>
</kw>
<kw name="Multiple Logon Handling" library="SAP_Tcode_Library">
<arg>wnd[1]</arg>
<arg>wnd[1]/usr/radMULTI_LOGON_OPT2</arg>
<arg>wnd[1]/tbar[0]/btn[0]</arg>
<status status="PASS" starttime="20241017 05:05:26.504" endtime="20241017 05:05:26.512"/>
</kw>
<status status="PASS" starttime="20241017 05:05:24.420" endtime="20241017 05:05:26.512"/>
</kw>
<test id="s1-s1-t1" name="Verifying SAP Parameter values" line="8">
<kw name="Verify parameter in RZ10" library="Verify_parameter_values">
<kw name="Run Transaction" library="SAP_Tcode_Library">
<arg>/nRZ10</arg>
<doc>Runs a Sap transaction. An error is given when an unknown transaction is specified.</doc>
<status status="PASS" starttime="20241017 05:05:26.515" endtime="20241017 05:05:26.626"/>
</kw>
<kw name="Send Vkey" library="SAP_Tcode_Library">
<arg>4</arg>
<arg>window=0</arg>
<doc>Sends a SAP virtual key combination to the window, not into an element.
If you want to send a value to a text field, use `input text` instead.</doc>
<status status="PASS" starttime="20241017 05:05:26.627" endtime="20241017 05:05:26.733"/>
</kw>
<kw name="Select Profile Label" library="SAP_Tcode_Library">
<arg>wnd[1]/usr</arg>
<arg>DEFAULT</arg>
<msg timestamp="20241017 05:05:26.781" level="INFO">Text Found: DEFAULT</msg>
<status status="PASS" starttime="20241017 05:05:26.733" endtime="20241017 05:05:26.781"/>
</kw>
<kw name="Click Element" library="SAP_Tcode_Library">
<arg>wnd[1]/tbar[0]/btn[0]</arg>
<doc>Performs a single click on a given element. Used only for buttons, tabs and menu items.</doc>
<status status="PASS" starttime="20241017 05:05:26.781" endtime="20241017 05:05:26.876"/>
</kw>
<kw name="Select Radio Button" library="SAP_Tcode_Library">
<arg>wnd[0]/usr/radSPFL1010-EXPERT</arg>
<doc>Sets radio button to the specified value.</doc>
<status status="PASS" starttime="20241017 05:05:26.876" endtime="20241017 05:05:26.889"/>
</kw>
<kw name="Click Element" library="SAP_Tcode_Library">
<arg>wnd[0]/usr/btnEDIT_PUSH</arg>
<doc>Performs a single click on a given element. Used only for buttons, tabs and menu items.</doc>
<status status="PASS" starttime="20241017 05:05:26.892" endtime="20241017 05:05:27.051"/>
</kw>
<kw name="Get Length" library="BuiltIn">
<var>${length}</var>
<arg>${parameters}</arg>
<doc>Returns and logs the length of the given item as an integer.</doc>
<msg timestamp="20241017 05:05:27.067" level="INFO">Length is 7</msg>
<msg timestamp="20241017 05:05:27.067" level="INFO">${length} = 7</msg>
<status status="PASS" starttime="20241017 05:05:27.051" endtime="20241017 05:05:27.067"/>
</kw>
<for flavor="IN RANGE">
<var>${i}</var>
<value>0</value>
<value>${length}</value>
<iter>
<var name="${i}">0</var>
<kw name="Check Parameter Found" library="SAP_Tcode_Library">
<var>${result}</var>
<arg>wnd[0]/usr</arg>
<arg>${parameters}[${i}]</arg>
<msg timestamp="20241017 05:05:27.528" level="INFO">Search text ssl/ciphersuites not found</msg>
<msg timestamp="20241017 05:05:27.528" level="INFO">${result} = Search text ssl/ciphersuites not found</msg>
<status status="PASS" starttime="20241017 05:05:27.067" endtime="20241017 05:05:27.528"/>
</kw>
<kw name="Log To Console" library="BuiltIn">
<arg>${result}</arg>
<doc>Logs the given message to the console.</doc>
<status status="PASS" starttime="20241017 05:05:27.528" endtime="20241017 05:05:27.528"/>
</kw>
<if>
<branch type="IF" condition="'${result}' == '${parameters}[${i}]'">
<kw name="Get Parameter Value" library="SAP_Tcode_Library">
<arg>wnd[0]/usr</arg>
<arg>${parameters}[${i}]</arg>
<status status="NOT RUN" starttime="20241017 05:05:27.528" endtime="20241017 05:05:27.528"/>
</kw>
<kw name="Get Value" library="SAP_Tcode_Library">
<var>${param_value}</var>
<arg>wnd[0]/usr/sub:SAPLSPF2:0030[0]/txtPARAMETER_INT_VALUES-PVALUE[0,0]</arg>
<doc>Gets the value of the given element. The possible return values depend on the type of element (see Return values).</doc>
<status status="NOT RUN" starttime="20241017 05:05:27.528" endtime="20241017 05:05:27.528"/>
</kw>
<if>
<branch type="IF" condition="'${param_value}' == '${values}[${i}]'">
<kw name="Log To Console" library="BuiltIn">
<arg>${parameters}[${i}] value is ${values}[${i}]</arg>
<doc>Logs the given message to the console.</doc>
<status status="NOT RUN" starttime="20241017 05:05:27.528" endtime="20241017 05:05:27.528"/>
</kw>
<kw name="Click Element" library="SAP_Tcode_Library">
<arg>wnd[0]/tbar[0]/btn[3]</arg>
<doc>Performs a single click on a given element. Used only for buttons, tabs and menu items.</doc>
<status status="NOT RUN" starttime="20241017 05:05:27.528" endtime="20241017 05:05:27.528"/>
</kw>
<kw name="Sleep" library="BuiltIn">
<arg>2</arg>
<doc>Pauses the test executed for the given time.</doc>
<status status="NOT RUN" starttime="20241017 05:05:27.528" endtime="20241017 05:05:27.528"/>
</kw>
<status status="NOT RUN" starttime="20241017 05:05:27.528" endtime="20241017 05:05:27.528"/>
</branch>
<branch type="ELSE">
<kw name="Sleep" library="BuiltIn">
<arg>2</arg>
<doc>Pauses the test executed for the given time.</doc>
<status status="NOT RUN" starttime="20241017 05:05:27.528" endtime="20241017 05:05:27.528"/>
</kw>
<kw name="Input Text" library="SAP_Tcode_Library">
<arg>wnd[0]/usr/sub:SAPLSPF2:0030[0]/txtPARAMETER_INT_VALUES-PVALUE[0,0]</arg>
<arg>${EMPTY}</arg>
<doc>Inserts the given text into the text field identified by locator.
Use keyword `input password` to insert a password in a text field.</doc>
<status status="NOT RUN" starttime="20241017 05:05:27.528" endtime="20241017 05:05:27.528"/>
</kw>
<kw name="Sleep" library="BuiltIn">
<arg>2</arg>
<doc>Pauses the test executed for the given time.</doc>
<status status="NOT RUN" starttime="20241017 05:05:27.528" endtime="20241017 05:05:27.528"/>
</kw>
<kw name="Input Text" library="SAP_Tcode_Library">
<arg>wnd[0]/usr/sub:SAPLSPF2:0030[0]/txtPARAMETER_INT_VALUES-PVALUE[0,0]</arg>
<arg>${values}[${i}]</arg>
<doc>Inserts the given text into the text field identified by locator.
Use keyword `input password` to insert a password in a text field.</doc>
<status status="NOT RUN" starttime="20241017 05:05:27.528" endtime="20241017 05:05:27.528"/>
</kw>
<kw name="Click Element" library="SAP_Tcode_Library">
<arg>wnd[0]/tbar[1]/btn[16]</arg>
<doc>Performs a single click on a given element. Used only for buttons, tabs and menu items.</doc>
<status status="NOT RUN" starttime="20241017 05:05:27.528" endtime="20241017 05:05:27.528"/>
</kw>
<kw name="Sleep" library="BuiltIn">
<arg>2</arg>
<doc>Pauses the test executed for the given time.</doc>
<status status="NOT RUN" starttime="20241017 05:05:27.528" endtime="20241017 05:05:27.528"/>
</kw>
<kw name="Click Element" library="SAP_Tcode_Library">
<arg>wnd[0]/tbar[1]/btn[5]</arg>
<doc>Performs a single click on a given element. Used only for buttons, tabs and menu items.</doc>
<status status="NOT RUN" starttime="20241017 05:05:27.528" endtime="20241017 05:05:27.528"/>
</kw>
<kw name="Sleep" library="BuiltIn">
<arg>2</arg>
<doc>Pauses the test executed for the given time.</doc>
<status status="NOT RUN" starttime="20241017 05:05:27.528" endtime="20241017 05:05:27.528"/>
</kw>
<kw name="Click Element" library="SAP_Tcode_Library">
<arg>wnd[0]/tbar[0]/btn[3]</arg>
<doc>Performs a single click on a given element. Used only for buttons, tabs and menu items.</doc>
<status status="NOT RUN" starttime="20241017 05:05:27.528" endtime="20241017 05:05:27.528"/>
</kw>
<kw name="Sleep" library="BuiltIn">
<arg>2</arg>
<doc>Pauses the test executed for the given time.</doc>
<status status="NOT RUN" starttime="20241017 05:05:27.528" endtime="20241017 05:05:27.528"/>
</kw>
<kw name="Click Element" library="SAP_Tcode_Library">
<arg>wnd[0]/tbar[1]/btn[16]</arg>
<doc>Performs a single click on a given element. Used only for buttons, tabs and menu items.</doc>
<status status="NOT RUN" starttime="20241017 05:05:27.528" endtime="20241017 05:05:27.528"/>
</kw>
<kw name="Sleep" library="BuiltIn">
<arg>2</arg>
<doc>Pauses the test executed for the given time.</doc>
<status status="NOT RUN" starttime="20241017 05:05:27.528" endtime="20241017 05:05:27.528"/>
</kw>
<status status="NOT RUN" starttime="20241017 05:05:27.528" endtime="20241017 05:05:27.528"/>
</branch>
<status status="NOT RUN" starttime="20241017 05:05:27.528" endtime="20241017 05:05:27.528"/>
</if>
<status status="NOT RUN" starttime="20241017 05:05:27.528" endtime="20241017 05:05:27.528"/>
</branch>
<branch type="ELSE">
<kw name="Sleep" library="BuiltIn">
<arg>2</arg>
<doc>Pauses the test executed for the given time.</doc>
<msg timestamp="20241017 05:05:29.528" level="INFO">Slept 2 seconds</msg>
<status status="PASS" starttime="20241017 05:05:27.528" endtime="20241017 05:05:29.528"/>
</kw>
<kw name="Click Element" library="SAP_Tcode_Library">
<arg>wnd[0]/tbar[1]/btn[5]</arg>
<doc>Performs a single click on a given element. Used only for buttons, tabs and menu items.</doc>
<status status="PASS" starttime="20241017 05:05:29.528" endtime="20241017 05:05:29.623"/>
</kw>
<kw name="Sleep" library="BuiltIn">
<arg>2</arg>
<doc>Pauses the test executed for the given time.</doc>
<msg timestamp="20241017 05:05:31.624" level="INFO">Slept 2 seconds</msg>
<status status="PASS" starttime="20241017 05:05:29.623" endtime="20241017 05:05:31.624"/>
</kw>
<kw name="Input Text" library="SAP_Tcode_Library">
<arg>wnd[0]/usr/ctxtPARAMETER_INTERNAL-PARNAME</arg>
<arg>${parameters}[${i}]</arg>
<doc>Inserts the given text into the text field identified by locator.
Use keyword `input password` to insert a password in a text field.</doc>
<msg timestamp="20241017 05:05:31.630" level="INFO">Typing text 'ssl/ciphersuites' into text field 'wnd[0]/usr/ctxtPARAMETER_INTERNAL-PARNAME'.</msg>
<status status="PASS" starttime="20241017 05:05:31.624" endtime="20241017 05:05:31.630"/>
</kw>
<kw name="Sleep" library="BuiltIn">
<arg>2</arg>
<doc>Pauses the test executed for the given time.</doc>
<msg timestamp="20241017 05:05:33.631" level="INFO">Slept 2 seconds</msg>
<status status="PASS" starttime="20241017 05:05:31.630" endtime="20241017 05:05:33.631"/>
</kw>
<kw name="Input Text" library="SAP_Tcode_Library">
<arg>wnd[0]/usr/sub:SAPLSPF2:0030[0]/txtPARAMETER_INT_VALUES-PVALUE[0,0]</arg>
<arg>${values}[${i}]</arg>
<doc>Inserts the given text into the text field identified by locator.
Use keyword `input password` to insert a password in a text field.</doc>
<msg timestamp="20241017 05:05:33.639" level="INFO">Typing text '135:PFS:HIGH::EC_X25519:EC_P256:EC_HIGH' into text field 'wnd[0]/usr/sub:SAPLSPF2:0030[0]/txtPARAMETER_INT_VALUES-PVALUE[0,0]'.</msg>
<status status="PASS" starttime="20241017 05:05:33.631" endtime="20241017 05:05:33.639"/>
</kw>
<kw name="Sleep" library="BuiltIn">
<arg>2</arg>
<doc>Pauses the test executed for the given time.</doc>
<msg timestamp="20241017 05:05:35.639" level="INFO">Slept 2 seconds</msg>
<status status="PASS" starttime="20241017 05:05:33.639" endtime="20241017 05:05:35.639"/>
</kw>
<kw name="Click Element" library="SAP_Tcode_Library">
<arg>wnd[0]/tbar[1]/btn[16]</arg>
<doc>Performs a single click on a given element. Used only for buttons, tabs and menu items.</doc>
<status status="PASS" starttime="20241017 05:05:35.639" endtime="20241017 05:05:35.724"/>
</kw>
<kw name="Sleep" library="BuiltIn">
<arg>2</arg>
<doc>Pauses the test executed for the given time.</doc>
<msg timestamp="20241017 05:05:37.724" level="INFO">Slept 2 seconds</msg>
<status status="PASS" starttime="20241017 05:05:35.724" endtime="20241017 05:05:37.724"/>
</kw>
<kw name="Manage Window" library="SAP_Tcode_Library">
<arg>wnd[1]</arg>
<arg>Maintain Profile 'DEFAULT' Version</arg>
<arg>wnd[1]/usr/btnKNOPF1</arg>
<msg timestamp="20241017 05:05:37.724" level="INFO">Error: (-2147352567, 'Exception occurred.', (619, 'SAP Frontend Server', 'The control could not be found by id.', 'C:\\Program Files (x86)\\SAP\\FrontEnd\\SAPGUI\\sapfront.HLP', 393215, 0), None)</msg>
<status status="PASS" starttime="20241017 05:05:37.724" endtime="20241017 05:05:37.724"/>
</kw>
<kw name="Sleep" library="BuiltIn">
<arg>2</arg>
<doc>Pauses the test executed for the given time.</doc>
<msg timestamp="20241017 05:05:39.725" level="INFO">Slept 2 seconds</msg>
<status status="PASS" starttime="20241017 05:05:37.724" endtime="20241017 05:05:39.725"/>
</kw>
<kw name="Click Element" library="SAP_Tcode_Library">
<arg>wnd[0]/tbar[1]/btn[5]</arg>
<doc>Performs a single click on a given element. Used only for buttons, tabs and menu items.</doc>
<status status="PASS" starttime="20241017 05:05:39.725" endtime="20241017 05:05:39.795"/>
</kw>
<kw name="Sleep" library="BuiltIn">
<arg>2</arg>
<doc>Pauses the test executed for the given time.</doc>
<msg timestamp="20241017 05:05:41.795" level="INFO">Slept 2 seconds</msg>
<status status="PASS" starttime="20241017 05:05:39.795" endtime="20241017 05:05:41.795"/>
</kw>
<kw name="Click Element" library="SAP_Tcode_Library">
<arg>wnd[0]/tbar[0]/btn[3]</arg>
<doc>Performs a single click on a given element. Used only for buttons, tabs and menu items.</doc>
<status status="PASS" starttime="20241017 05:05:41.795" endtime="20241017 05:05:41.870"/>
</kw>
<kw name="Sleep" library="BuiltIn">
<arg>2</arg>
<doc>Pauses the test executed for the given time.</doc>
<msg timestamp="20241017 05:05:43.870" level="INFO">Slept 2 seconds</msg>
<status status="PASS" starttime="20241017 05:05:41.870" endtime="20241017 05:05:43.870"/>
</kw>
<kw name="Manage Window" library="SAP_Tcode_Library">
<arg>wnd[1]</arg>
<arg>Maintain Profile 'DEFAULT' Version</arg>
<arg>wnd[1]/usr/btnKNOPF1</arg>
<status status="PASS" starttime="20241017 05:05:43.870" endtime="20241017 05:05:43.988"/>
</kw>
<kw name="Sleep" library="BuiltIn">
<arg>2</arg>
<doc>Pauses the test executed for the given time.</doc>
<msg timestamp="20241017 05:05:45.988" level="INFO">Slept 2 seconds</msg>
<status status="PASS" starttime="20241017 05:05:43.988" endtime="20241017 05:05:45.988"/>
</kw>
<kw name="Click Element" library="SAP_Tcode_Library">
<arg>wnd[0]/tbar[1]/btn[16]</arg>
<doc>Performs a single click on a given element. Used only for buttons, tabs and menu items.</doc>
<status status="PASS" starttime="20241017 05:05:45.988" endtime="20241017 05:05:46.061"/>
</kw>
<kw name="Sleep" library="BuiltIn">
<arg>2</arg>
<doc>Pauses the test executed for the given time.</doc>
<msg timestamp="20241017 05:05:48.062" level="INFO">Slept 2 seconds</msg>
<status status="PASS" starttime="20241017 05:05:46.061" endtime="20241017 05:05:48.062"/>
</kw>
<status status="PASS" starttime="20241017 05:05:27.528" endtime="20241017 05:05:48.062"/>
</branch>
<status status="PASS" starttime="20241017 05:05:27.528" endtime="20241017 05:05:48.062"/>
</if>
<status status="PASS" starttime="20241017 05:05:27.067" endtime="20241017 05:05:48.062"/>
</iter>
<iter>
<var name="${i}">1</var>
<kw name="Check Parameter Found" library="SAP_Tcode_Library">
<var>${result}</var>
<arg>wnd[0]/usr</arg>
<arg>${parameters}[${i}]</arg>
<msg timestamp="20241017 05:05:48.498" level="INFO">Search text ssl/client_ciphersuites not found</msg>
<msg timestamp="20241017 05:05:48.498" level="INFO">${result} = Search text ssl/client_ciphersuites not found</msg>
<status status="PASS" starttime="20241017 05:05:48.062" endtime="20241017 05:05:48.498"/>
</kw>
<kw name="Log To Console" library="BuiltIn">
<arg>${result}</arg>
<doc>Logs the given message to the console.</doc>
<status status="PASS" starttime="20241017 05:05:48.498" endtime="20241017 05:05:48.498"/>
</kw>
<if>
<branch type="IF" condition="'${result}' == '${parameters}[${i}]'">
<kw name="Get Parameter Value" library="SAP_Tcode_Library">
<arg>wnd[0]/usr</arg>
<arg>${parameters}[${i}]</arg>
<status status="NOT RUN" starttime="20241017 05:05:48.498" endtime="20241017 05:05:48.498"/>
</kw>
<kw name="Get Value" library="SAP_Tcode_Library">
<var>${param_value}</var>
<arg>wnd[0]/usr/sub:SAPLSPF2:0030[0]/txtPARAMETER_INT_VALUES-PVALUE[0,0]</arg>
<doc>Gets the value of the given element. The possible return values depend on the type of element (see Return values).</doc>
<status status="NOT RUN" starttime="20241017 05:05:48.498" endtime="20241017 05:05:48.498"/>
</kw>
<if>
<branch type="IF" condition="'${param_value}' == '${values}[${i}]'">
<kw name="Log To Console" library="BuiltIn">
<arg>${parameters}[${i}] value is ${values}[${i}]</arg>
<doc>Logs the given message to the console.</doc>
<status status="NOT RUN" starttime="20241017 05:05:48.498" endtime="20241017 05:05:48.498"/>
</kw>
<kw name="Click Element" library="SAP_Tcode_Library">
<arg>wnd[0]/tbar[0]/btn[3]</arg>
<doc>Performs a single click on a given element. Used only for buttons, tabs and menu items.</doc>
<status status="NOT RUN" starttime="20241017 05:05:48.498" endtime="20241017 05:05:48.498"/>
</kw>
<kw name="Sleep" library="BuiltIn">
<arg>2</arg>
<doc>Pauses the test executed for the given time.</doc>
<status status="NOT RUN" starttime="20241017 05:05:48.498" endtime="20241017 05:05:48.498"/>
</kw>
<status status="NOT RUN" starttime="20241017 05:05:48.498" endtime="20241017 05:05:48.498"/>
</branch>
<branch type="ELSE">
<kw name="Sleep" library="BuiltIn">
<arg>2</arg>
<doc>Pauses the test executed for the given time.</doc>
<status status="NOT RUN" starttime="20241017 05:05:48.498" endtime="20241017 05:05:48.498"/>
</kw>
<kw name="Input Text" library="SAP_Tcode_Library">
<arg>wnd[0]/usr/sub:SAPLSPF2:0030[0]/txtPARAMETER_INT_VALUES-PVALUE[0,0]</arg>
<arg>${EMPTY}</arg>
<doc>Inserts the given text into the text field identified by locator.
Use keyword `input password` to insert a password in a text field.</doc>
<status status="NOT RUN" starttime="20241017 05:05:48.498" endtime="20241017 05:05:48.498"/>
</kw>
<kw name="Sleep" library="BuiltIn">
<arg>2</arg>
<doc>Pauses the test executed for the given time.</doc>
<status status="NOT RUN" starttime="20241017 05:05:48.498" endtime="20241017 05:05:48.498"/>
</kw>
<kw name="Input Text" library="SAP_Tcode_Library">
<arg>wnd[0]/usr/sub:SAPLSPF2:0030[0]/txtPARAMETER_INT_VALUES-PVALUE[0,0]</arg>
<arg>${values}[${i}]</arg>
<doc>Inserts the given text into the text field identified by locator.
Use keyword `input password` to insert a password in a text field.</doc>
<status status="NOT RUN" starttime="20241017 05:05:48.498" endtime="20241017 05:05:48.498"/>
</kw>
<kw name="Click Element" library="SAP_Tcode_Library">
<arg>wnd[0]/tbar[1]/btn[16]</arg>
<doc>Performs a single click on a given element. Used only for buttons, tabs and menu items.</doc>
<status status="NOT RUN" starttime="20241017 05:05:48.498" endtime="20241017 05:05:48.498"/>
</kw>
<kw name="Sleep" library="BuiltIn">
<arg>2</arg>
<doc>Pauses the test executed for the given time.</doc>
<status status="NOT RUN" starttime="20241017 05:05:48.498" endtime="20241017 05:05:48.498"/>
</kw>
<kw name="Click Element" library="SAP_Tcode_Library">
<arg>wnd[0]/tbar[1]/btn[5]</arg>
<doc>Performs a single click on a given element. Used only for buttons, tabs and menu items.</doc>
<status status="NOT RUN" starttime="20241017 05:05:48.498" endtime="20241017 05:05:48.498"/>
</kw>
<kw name="Sleep" library="BuiltIn">
<arg>2</arg>
<doc>Pauses the test executed for the given time.</doc>
<status status="NOT RUN" starttime="20241017 05:05:48.498" endtime="20241017 05:05:48.498"/>
</kw>
<kw name="Click Element" library="SAP_Tcode_Library">
<arg>wnd[0]/tbar[0]/btn[3]</arg>
<doc>Performs a single click on a given element. Used only for buttons, tabs and menu items.</doc>
<status status="NOT RUN" starttime="20241017 05:05:48.498" endtime="20241017 05:05:48.498"/>
</kw>
<kw name="Sleep" library="BuiltIn">
<arg>2</arg>
<doc>Pauses the test executed for the given time.</doc>
<status status="NOT RUN" starttime="20241017 05:05:48.498" endtime="20241017 05:05:48.498"/>
</kw>
<kw name="Click Element" library="SAP_Tcode_Library">
<arg>wnd[0]/tbar[1]/btn[16]</arg>
<doc>Performs a single click on a given element. Used only for buttons, tabs and menu items.</doc>
<status status="NOT RUN" starttime="20241017 05:05:48.498" endtime="20241017 05:05:48.498"/>
</kw>
<kw name="Sleep" library="BuiltIn">
<arg>2</arg>
<doc>Pauses the test executed for the given time.</doc>
<status status="NOT RUN" starttime="20241017 05:05:48.498" endtime="20241017 05:05:48.498"/>
</kw>
<status status="NOT RUN" starttime="20241017 05:05:48.498" endtime="20241017 05:05:48.498"/>
</branch>
<status status="NOT RUN" starttime="20241017 05:05:48.498" endtime="20241017 05:05:48.498"/>
</if>
<status status="NOT RUN" starttime="20241017 05:05:48.498" endtime="20241017 05:05:48.498"/>
</branch>
<branch type="ELSE">
<kw name="Sleep" library="BuiltIn">
<arg>2</arg>
<doc>Pauses the test executed for the given time.</doc>
<msg timestamp="20241017 05:05:50.498" level="INFO">Slept 2 seconds</msg>
<status status="PASS" starttime="20241017 05:05:48.498" endtime="20241017 05:05:50.498"/>
</kw>
<kw name="Click Element" library="SAP_Tcode_Library">
<arg>wnd[0]/tbar[1]/btn[5]</arg>
<doc>Performs a single click on a given element. Used only for buttons, tabs and menu items.</doc>
<status status="PASS" starttime="20241017 05:05:50.498" endtime="20241017 05:05:50.577"/>
</kw>
<kw name="Sleep" library="BuiltIn">
<arg>2</arg>
<doc>Pauses the test executed for the given time.</doc>
<msg timestamp="20241017 05:05:52.593" level="INFO">Slept 2 seconds</msg>
<status status="PASS" starttime="20241017 05:05:50.577" endtime="20241017 05:05:52.593"/>
</kw>
<kw name="Input Text" library="SAP_Tcode_Library">
<arg>wnd[0]/usr/ctxtPARAMETER_INTERNAL-PARNAME</arg>
<arg>${parameters}[${i}]</arg>
<doc>Inserts the given text into the text field identified by locator.
Use keyword `input password` to insert a password in a text field.</doc>
<msg timestamp="20241017 05:05:52.603" level="INFO">Typing text 'ssl/client_ciphersuites' into text field 'wnd[0]/usr/ctxtPARAMETER_INTERNAL-PARNAME'.</msg>
<status status="PASS" starttime="20241017 05:05:52.593" endtime="20241017 05:05:52.603"/>
</kw>
<kw name="Sleep" library="BuiltIn">
<arg>2</arg>
<doc>Pauses the test executed for the given time.</doc>
<msg timestamp="20241017 05:05:54.603" level="INFO">Slept 2 seconds</msg>
<status status="PASS" starttime="20241017 05:05:52.603" endtime="20241017 05:05:54.603"/>
</kw>
<kw name="Input Text" library="SAP_Tcode_Library">
<arg>wnd[0]/usr/sub:SAPLSPF2:0030[0]/txtPARAMETER_INT_VALUES-PVALUE[0,0]</arg>
<arg>${values}[${i}]</arg>
<doc>Inserts the given text into the text field identified by locator.
Use keyword `input password` to insert a password in a text field.</doc>
<msg timestamp="20241017 05:05:54.610" level="INFO">Typing text '150:PFS:HIGH::EC_X25519:EC_P256:EC_HIGH' into text field 'wnd[0]/usr/sub:SAPLSPF2:0030[0]/txtPARAMETER_INT_VALUES-PVALUE[0,0]'.</msg>
<status status="PASS" starttime="20241017 05:05:54.603" endtime="20241017 05:05:54.610"/>
</kw>
<kw name="Sleep" library="BuiltIn">
<arg>2</arg>
<doc>Pauses the test executed for the given time.</doc>
<msg timestamp="20241017 05:05:56.610" level="INFO">Slept 2 seconds</msg>
<status status="PASS" starttime="20241017 05:05:54.610" endtime="20241017 05:05:56.610"/>
</kw>
<kw name="Click Element" library="SAP_Tcode_Library">
<arg>wnd[0]/tbar[1]/btn[16]</arg>
<doc>Performs a single click on a given element. Used only for buttons, tabs and menu items.</doc>
<status status="PASS" starttime="20241017 05:05:56.610" endtime="20241017 05:05:56.681"/>
</kw>
<kw name="Sleep" library="BuiltIn">
<arg>2</arg>
<doc>Pauses the test executed for the given time.</doc>
<msg timestamp="20241017 05:05:58.681" level="INFO">Slept 2 seconds</msg>
<status status="PASS" starttime="20241017 05:05:56.681" endtime="20241017 05:05:58.681"/>
</kw>
<kw name="Manage Window" library="SAP_Tcode_Library">
<arg>wnd[1]</arg>
<arg>Maintain Profile 'DEFAULT' Version</arg>
<arg>wnd[1]/usr/btnKNOPF1</arg>
<msg timestamp="20241017 05:05:58.681" level="INFO">Error: (-2147352567, 'Exception occurred.', (619, 'SAP Frontend Server', 'The control could not be found by id.', 'C:\\Program Files (x86)\\SAP\\FrontEnd\\SAPGUI\\sapfront.HLP', 393215, 0), None)</msg>
<status status="PASS" starttime="20241017 05:05:58.681" endtime="20241017 05:05:58.681"/>
</kw>
<kw name="Sleep" library="BuiltIn">
<arg>2</arg>
<doc>Pauses the test executed for the given time.</doc>
<msg timestamp="20241017 05:06:00.682" level="INFO">Slept 2 seconds</msg>
<status status="PASS" starttime="20241017 05:05:58.681" endtime="20241017 05:06:00.682"/>
</kw>
<kw name="Click Element" library="SAP_Tcode_Library">
<arg>wnd[0]/tbar[1]/btn[5]</arg>
<doc>Performs a single click on a given element. Used only for buttons, tabs and menu items.</doc>
<status status="PASS" starttime="20241017 05:06:00.682" endtime="20241017 05:06:00.763"/>
</kw>
<kw name="Sleep" library="BuiltIn">
<arg>2</arg>
<doc>Pauses the test executed for the given time.</doc>
<msg timestamp="20241017 05:06:02.764" level="INFO">Slept 2 seconds</msg>
<status status="PASS" starttime="20241017 05:06:00.763" endtime="20241017 05:06:02.764"/>
</kw>
<kw name="Click Element" library="SAP_Tcode_Library">
<arg>wnd[0]/tbar[0]/btn[3]</arg>
<doc>Performs a single click on a given element. Used only for buttons, tabs and menu items.</doc>
<status status="PASS" starttime="20241017 05:06:02.764" endtime="20241017 05:06:02.842"/>
</kw>
<kw name="Sleep" library="BuiltIn">
<arg>2</arg>
<doc>Pauses the test executed for the given time.</doc>
<msg timestamp="20241017 05:06:04.842" level="INFO">Slept 2 seconds</msg>
<status status="PASS" starttime="20241017 05:06:02.842" endtime="20241017 05:06:04.842"/>
</kw>
<kw name="Manage Window" library="SAP_Tcode_Library">
<arg>wnd[1]</arg>
<arg>Maintain Profile 'DEFAULT' Version</arg>
<arg>wnd[1]/usr/btnKNOPF1</arg>
<status status="PASS" starttime="20241017 05:06:04.842" endtime="20241017 05:06:04.951"/>
</kw>
<kw name="Sleep" library="BuiltIn">
<arg>2</arg>
<doc>Pauses the test executed for the given time.</doc>
<msg timestamp="20241017 05:06:06.951" level="INFO">Slept 2 seconds</msg>
<status status="PASS" starttime="20241017 05:06:04.951" endtime="20241017 05:06:06.951"/>
</kw>
<kw name="Click Element" library="SAP_Tcode_Library">
<arg>wnd[0]/tbar[1]/btn[16]</arg>
<doc>Performs a single click on a given element. Used only for buttons, tabs and menu items.</doc>
<status status="PASS" starttime="20241017 05:06:06.951" endtime="20241017 05:06:07.021"/>
</kw>
<kw name="Sleep" library="BuiltIn">
<arg>2</arg>
<doc>Pauses the test executed for the given time.</doc>
<msg timestamp="20241017 05:06:09.021" level="INFO">Slept 2 seconds</msg>
<status status="PASS" starttime="20241017 05:06:07.021" endtime="20241017 05:06:09.021"/>
</kw>
<status status="PASS" starttime="20241017 05:05:48.498" endtime="20241017 05:06:09.021"/>
</branch>
<status status="PASS" starttime="20241017 05:05:48.498" endtime="20241017 05:06:09.021"/>
</if>
<status status="PASS" starttime="20241017 05:05:48.062" endtime="20241017 05:06:09.021"/>
</iter>
<iter>
<var name="${i}">2</var>
<kw name="Check Parameter Found" library="SAP_Tcode_Library">
<var>${result}</var>
<arg>wnd[0]/usr</arg>
<arg>${parameters}[${i}]</arg>
<msg timestamp="20241017 05:06:09.474" level="INFO">Search text icm/HTTPS/client_sni_enabled not found</msg>
<msg timestamp="20241017 05:06:09.474" level="INFO">${result} = Search text icm/HTTPS/client_sni_enabled not found</msg>
<status status="PASS" starttime="20241017 05:06:09.021" endtime="20241017 05:06:09.474"/>
</kw>
<kw name="Log To Console" library="BuiltIn">
<arg>${result}</arg>
<doc>Logs the given message to the console.</doc>
<status status="PASS" starttime="20241017 05:06:09.474" endtime="20241017 05:06:09.482"/>
</kw>
<if>
<branch type="IF" condition="'${result}' == '${parameters}[${i}]'">
<kw name="Get Parameter Value" library="SAP_Tcode_Library">
<arg>wnd[0]/usr</arg>
<arg>${parameters}[${i}]</arg>
<status status="NOT RUN" starttime="20241017 05:06:09.482" endtime="20241017 05:06:09.482"/>
</kw>
<kw name="Get Value" library="SAP_Tcode_Library">
<var>${param_value}</var>
<arg>wnd[0]/usr/sub:SAPLSPF2:0030[0]/txtPARAMETER_INT_VALUES-PVALUE[0,0]</arg>
<doc>Gets the value of the given element. The possible return values depend on the type of element (see Return values).</doc>
<status status="NOT RUN" starttime="20241017 05:06:09.482" endtime="20241017 05:06:09.482"/>
</kw>
<if>
<branch type="IF" condition="'${param_value}' == '${values}[${i}]'">
<kw name="Log To Console" library="BuiltIn">
<arg>${parameters}[${i}] value is ${values}[${i}]</arg>
<doc>Logs the given message to the console.</doc>
<status status="NOT RUN" starttime="20241017 05:06:09.482" endtime="20241017 05:06:09.482"/>
</kw>
<kw name="Click Element" library="SAP_Tcode_Library">
<arg>wnd[0]/tbar[0]/btn[3]</arg>
<doc>Performs a single click on a given element. Used only for buttons, tabs and menu items.</doc>
<status status="NOT RUN" starttime="20241017 05:06:09.482" endtime="20241017 05:06:09.482"/>
</kw>
<kw name="Sleep" library="BuiltIn">
<arg>2</arg>
<doc>Pauses the test executed for the given time.</doc>
<status status="NOT RUN" starttime="20241017 05:06:09.482" endtime="20241017 05:06:09.482"/>
</kw>
<status status="NOT RUN" starttime="20241017 05:06:09.482" endtime="20241017 05:06:09.482"/>
</branch>
<branch type="ELSE">
<kw name="Sleep" library="BuiltIn">
<arg>2</arg>
<doc>Pauses the test executed for the given time.</doc>
<status status="NOT RUN" starttime="20241017 05:06:09.482" endtime="20241017 05:06:09.482"/>
</kw>
<kw name="Input Text" library="SAP_Tcode_Library">
<arg>wnd[0]/usr/sub:SAPLSPF2:0030[0]/txtPARAMETER_INT_VALUES-PVALUE[0,0]</arg>
<arg>${EMPTY}</arg>
<doc>Inserts the given text into the text field identified by locator.
Use keyword `input password` to insert a password in a text field.</doc>
<status status="NOT RUN" starttime="20241017 05:06:09.482" endtime="20241017 05:06:09.482"/>
</kw>
<kw name="Sleep" library="BuiltIn">
<arg>2</arg>
<doc>Pauses the test executed for the given time.</doc>
<status status="NOT RUN" starttime="20241017 05:06:09.482" endtime="20241017 05:06:09.482"/>
</kw>
<kw name="Input Text" library="SAP_Tcode_Library">
<arg>wnd[0]/usr/sub:SAPLSPF2:0030[0]/txtPARAMETER_INT_VALUES-PVALUE[0,0]</arg>
<arg>${values}[${i}]</arg>
<doc>Inserts the given text into the text field identified by locator.
Use keyword `input password` to insert a password in a text field.</doc>
<status status="NOT RUN" starttime="20241017 05:06:09.482" endtime="20241017 05:06:09.482"/>
</kw>
<kw name="Click Element" library="SAP_Tcode_Library">
<arg>wnd[0]/tbar[1]/btn[16]</arg>
<doc>Performs a single click on a given element. Used only for buttons, tabs and menu items.</doc>
<status status="NOT RUN" starttime="20241017 05:06:09.482" endtime="20241017 05:06:09.482"/>
</kw>
<kw name="Sleep" library="BuiltIn">
<arg>2</arg>
<doc>Pauses the test executed for the given time.</doc>
<status status="NOT RUN" starttime="20241017 05:06:09.482" endtime="20241017 05:06:09.482"/>
</kw>
<kw name="Click Element" library="SAP_Tcode_Library">
<arg>wnd[0]/tbar[1]/btn[5]</arg>
<doc>Performs a single click on a given element. Used only for buttons, tabs and menu items.</doc>
<status status="NOT RUN" starttime="20241017 05:06:09.482" endtime="20241017 05:06:09.482"/>
</kw>
<kw name="Sleep" library="BuiltIn">
<arg>2</arg>
<doc>Pauses the test executed for the given time.</doc>
<status status="NOT RUN" starttime="20241017 05:06:09.482" endtime="20241017 05:06:09.482"/>
</kw>
<kw name="Click Element" library="SAP_Tcode_Library">
<arg>wnd[0]/tbar[0]/btn[3]</arg>
<doc>Performs a single click on a given element. Used only for buttons, tabs and menu items.</doc>
<status status="NOT RUN" starttime="20241017 05:06:09.482" endtime="20241017 05:06:09.482"/>
</kw>
<kw name="Sleep" library="BuiltIn">
<arg>2</arg>
<doc>Pauses the test executed for the given time.</doc>
<status status="NOT RUN" starttime="20241017 05:06:09.482" endtime="20241017 05:06:09.482"/>
</kw>
<kw name="Click Element" library="SAP_Tcode_Library">
<arg>wnd[0]/tbar[1]/btn[16]</arg>
<doc>Performs a single click on a given element. Used only for buttons, tabs and menu items.</doc>
<status status="NOT RUN" starttime="20241017 05:06:09.482" endtime="20241017 05:06:09.482"/>
</kw>
<kw name="Sleep" library="BuiltIn">
<arg>2</arg>
<doc>Pauses the test executed for the given time.</doc>
<status status="NOT RUN" starttime="20241017 05:06:09.482" endtime="20241017 05:06:09.482"/>
</kw>
<status status="NOT RUN" starttime="20241017 05:06:09.482" endtime="20241017 05:06:09.482"/>
</branch>
<status status="NOT RUN" starttime="20241017 05:06:09.482" endtime="20241017 05:06:09.482"/>
</if>
<status status="NOT RUN" starttime="20241017 05:06:09.482" endtime="20241017 05:06:09.482"/>
</branch>
<branch type="ELSE">
<kw name="Sleep" library="BuiltIn">
<arg>2</arg>
<doc>Pauses the test executed for the given time.</doc>
<msg timestamp="20241017 05:06:11.483" level="INFO">Slept 2 seconds</msg>
<status status="PASS" starttime="20241017 05:06:09.482" endtime="20241017 05:06:11.483"/>
</kw>
<kw name="Click Element" library="SAP_Tcode_Library">
<arg>wnd[0]/tbar[1]/btn[5]</arg>
<doc>Performs a single click on a given element. Used only for buttons, tabs and menu items.</doc>
<status status="PASS" starttime="20241017 05:06:11.483" endtime="20241017 05:06:11.562"/>
</kw>
<kw name="Sleep" library="BuiltIn">
<arg>2</arg>
<doc>Pauses the test executed for the given time.</doc>
<msg timestamp="20241017 05:06:13.562" level="INFO">Slept 2 seconds</msg>
<status status="PASS" starttime="20241017 05:06:11.562" endtime="20241017 05:06:13.562"/>
</kw>
<kw name="Input Text" library="SAP_Tcode_Library">
<arg>wnd[0]/usr/ctxtPARAMETER_INTERNAL-PARNAME</arg>
<arg>${parameters}[${i}]</arg>
<doc>Inserts the given text into the text field identified by locator.
Use keyword `input password` to insert a password in a text field.</doc>
<msg timestamp="20241017 05:06:13.562" level="INFO">Typing text 'icm/HTTPS/client_sni_enabled' into text field 'wnd[0]/usr/ctxtPARAMETER_INTERNAL-PARNAME'.</msg>
<status status="PASS" starttime="20241017 05:06:13.562" endtime="20241017 05:06:13.562"/>
</kw>
<kw name="Sleep" library="BuiltIn">
<arg>2</arg>
<doc>Pauses the test executed for the given time.</doc>
<msg timestamp="20241017 05:06:15.563" level="INFO">Slept 2 seconds</msg>
<status status="PASS" starttime="20241017 05:06:13.562" endtime="20241017 05:06:15.563"/>
</kw>
<kw name="Input Text" library="SAP_Tcode_Library">
<arg>wnd[0]/usr/sub:SAPLSPF2:0030[0]/txtPARAMETER_INT_VALUES-PVALUE[0,0]</arg>
<arg>${values}[${i}]</arg>
<doc>Inserts the given text into the text field identified by locator.
Use keyword `input password` to insert a password in a text field.</doc>
<msg timestamp="20241017 05:06:15.563" level="INFO">Typing text 'TRUE' into text field 'wnd[0]/usr/sub:SAPLSPF2:0030[0]/txtPARAMETER_INT_VALUES-PVALUE[0,0]'.</msg>
<status status="PASS" starttime="20241017 05:06:15.563" endtime="20241017 05:06:15.563"/>
</kw>
<kw name="Sleep" library="BuiltIn">
<arg>2</arg>
<doc>Pauses the test executed for the given time.</doc>
<msg timestamp="20241017 05:06:17.563" level="INFO">Slept 2 seconds</msg>
<status status="PASS" starttime="20241017 05:06:15.563" endtime="20241017 05:06:17.563"/>
</kw>
<kw name="Click Element" library="SAP_Tcode_Library">
<arg>wnd[0]/tbar[1]/btn[16]</arg>
<doc>Performs a single click on a given element. Used only for buttons, tabs and menu items.</doc>
<status status="PASS" starttime="20241017 05:06:17.563" endtime="20241017 05:06:17.623"/>
</kw>
<kw name="Sleep" library="BuiltIn">
<arg>2</arg>
<doc>Pauses the test executed for the given time.</doc>
<msg timestamp="20241017 05:06:19.623" level="INFO">Slept 2 seconds</msg>
<status status="PASS" starttime="20241017 05:06:17.623" endtime="20241017 05:06:19.623"/>
</kw>
<kw name="Manage Window" library="SAP_Tcode_Library">
<arg>wnd[1]</arg>
<arg>Maintain Profile 'DEFAULT' Version</arg>
<arg>wnd[1]/usr/btnKNOPF1</arg>
<msg timestamp="20241017 05:06:19.624" level="INFO">Error: (-2147352567, 'Exception occurred.', (619, 'SAP Frontend Server', 'The control could not be found by id.', 'C:\\Program Files (x86)\\SAP\\FrontEnd\\SAPGUI\\sapfront.HLP', 393215, 0), None)</msg>
<status status="PASS" starttime="20241017 05:06:19.623" endtime="20241017 05:06:19.624"/>
</kw>
<kw name="Sleep" library="BuiltIn">
<arg>2</arg>
<doc>Pauses the test executed for the given time.</doc>
<msg timestamp="20241017 05:06:21.624" level="INFO">Slept 2 seconds</msg>
<status status="PASS" starttime="20241017 05:06:19.624" endtime="20241017 05:06:21.624"/>
</kw>
<kw name="Click Element" library="SAP_Tcode_Library">
<arg>wnd[0]/tbar[1]/btn[5]</arg>
<doc>Performs a single click on a given element. Used only for buttons, tabs and menu items.</doc>
<status status="PASS" starttime="20241017 05:06:21.624" endtime="20241017 05:06:21.684"/>
</kw>
<kw name="Sleep" library="BuiltIn">
<arg>2</arg>
<doc>Pauses the test executed for the given time.</doc>
<msg timestamp="20241017 05:06:23.684" level="INFO">Slept 2 seconds</msg>
<status status="PASS" starttime="20241017 05:06:21.684" endtime="20241017 05:06:23.684"/>
</kw>
<kw name="Click Element" library="SAP_Tcode_Library">
<arg>wnd[0]/tbar[0]/btn[3]</arg>
<doc>Performs a single click on a given element. Used only for buttons, tabs and menu items.</doc>
<status status="PASS" starttime="20241017 05:06:23.684" endtime="20241017 05:06:23.772"/>
</kw>
<kw name="Sleep" library="BuiltIn">
<arg>2</arg>
<doc>Pauses the test executed for the given time.</doc>
<msg timestamp="20241017 05:06:25.772" level="INFO">Slept 2 seconds</msg>
<status status="PASS" starttime="20241017 05:06:23.772" endtime="20241017 05:06:25.772"/>
</kw>
<kw name="Manage Window" library="SAP_Tcode_Library">
<arg>wnd[1]</arg>
<arg>Maintain Profile 'DEFAULT' Version</arg>
<arg>wnd[1]/usr/btnKNOPF1</arg>
<status status="PASS" starttime="20241017 05:06:25.772" endtime="20241017 05:06:25.888"/>
</kw>
<kw name="Sleep" library="BuiltIn">
<arg>2</arg>
<doc>Pauses the test executed for the given time.</doc>
<msg timestamp="20241017 05:06:27.888" level="INFO">Slept 2 seconds</msg>
<status status="PASS" starttime="20241017 05:06:25.888" endtime="20241017 05:06:27.888"/>
</kw>
<kw name="Click Element" library="SAP_Tcode_Library">
<arg>wnd[0]/tbar[1]/btn[16]</arg>
<doc>Performs a single click on a given element. Used only for buttons, tabs and menu items.</doc>
<status status="PASS" starttime="20241017 05:06:27.888" endtime="20241017 05:06:27.957"/>
</kw>
<kw name="Sleep" library="BuiltIn">
<arg>2</arg>
<doc>Pauses the test executed for the given time.</doc>
<msg timestamp="20241017 05:06:29.958" level="INFO">Slept 2 seconds</msg>
<status status="PASS" starttime="20241017 05:06:27.957" endtime="20241017 05:06:29.958"/>
</kw>
<status status="PASS" starttime="20241017 05:06:09.482" endtime="20241017 05:06:29.958"/>
</branch>
<status status="PASS" starttime="20241017 05:06:09.482" endtime="20241017 05:06:29.958"/>
</if>
<status status="PASS" starttime="20241017 05:06:09.021" endtime="20241017 05:06:29.958"/>
</iter>
<iter>
<var name="${i}">3</var>
<kw name="Check Parameter Found" library="SAP_Tcode_Library">
<var>${result}</var>
<arg>wnd[0]/usr</arg>
<arg>${parameters}[${i}]</arg>
<msg timestamp="20241017 05:06:30.457" level="INFO">Search text ssl/client_sni_enabled not found</msg>
<msg timestamp="20241017 05:06:30.457" level="INFO">${result} = Search text ssl/client_sni_enabled not found</msg>
<status status="PASS" starttime="20241017 05:06:29.958" endtime="20241017 05:06:30.457"/>
</kw>
<kw name="Log To Console" library="BuiltIn">
<arg>${result}</arg>
<doc>Logs the given message to the console.</doc>
<status status="PASS" starttime="20241017 05:06:30.457" endtime="20241017 05:06:30.465"/>
</kw>
<if>
<branch type="IF" condition="'${result}' == '${parameters}[${i}]'">
<kw name="Get Parameter Value" library="SAP_Tcode_Library">
<arg>wnd[0]/usr</arg>
<arg>${parameters}[${i}]</arg>
<status status="NOT RUN" starttime="20241017 05:06:30.465" endtime="20241017 05:06:30.465"/>
</kw>
<kw name="Get Value" library="SAP_Tcode_Library">
<var>${param_value}</var>
<arg>wnd[0]/usr/sub:SAPLSPF2:0030[0]/txtPARAMETER_INT_VALUES-PVALUE[0,0]</arg>
<doc>Gets the value of the given element. The possible return values depend on the type of element (see Return values).</doc>
<status status="NOT RUN" starttime="20241017 05:06:30.465" endtime="20241017 05:06:30.465"/>
</kw>
<if>
<branch type="IF" condition="'${param_value}' == '${values}[${i}]'">
<kw name="Log To Console" library="BuiltIn">
<arg>${parameters}[${i}] value is ${values}[${i}]</arg>
<doc>Logs the given message to the console.</doc>
<status status="NOT RUN" starttime="20241017 05:06:30.465" endtime="20241017 05:06:30.465"/>
</kw>
<kw name="Click Element" library="SAP_Tcode_Library">
<arg>wnd[0]/tbar[0]/btn[3]</arg>
<doc>Performs a single click on a given element. Used only for buttons, tabs and menu items.</doc>
<status status="NOT RUN" starttime="20241017 05:06:30.465" endtime="20241017 05:06:30.465"/>
</kw>
<kw name="Sleep" library="BuiltIn">
<arg>2</arg>
<doc>Pauses the test executed for the given time.</doc>
<status status="NOT RUN" starttime="20241017 05:06:30.465" endtime="20241017 05:06:30.465"/>
</kw>
<status status="NOT RUN" starttime="20241017 05:06:30.465" endtime="20241017 05:06:30.465"/>
</branch>
<branch type="ELSE">
<kw name="Sleep" library="BuiltIn">
<arg>2</arg>
<doc>Pauses the test executed for the given time.</doc>
<status status="NOT RUN" starttime="20241017 05:06:30.465" endtime="20241017 05:06:30.465"/>
</kw>
<kw name="Input Text" library="SAP_Tcode_Library">
<arg>wnd[0]/usr/sub:SAPLSPF2:0030[0]/txtPARAMETER_INT_VALUES-PVALUE[0,0]</arg>
<arg>${EMPTY}</arg>
<doc>Inserts the given text into the text field identified by locator.
Use keyword `input password` to insert a password in a text field.</doc>
<status status="NOT RUN" starttime="20241017 05:06:30.465" endtime="20241017 05:06:30.465"/>
</kw>
<kw name="Sleep" library="BuiltIn">
<arg>2</arg>
<doc>Pauses the test executed for the given time.</doc>
<status status="NOT RUN" starttime="20241017 05:06:30.465" endtime="20241017 05:06:30.465"/>
</kw>
<kw name="Input Text" library="SAP_Tcode_Library">
<arg>wnd[0]/usr/sub:SAPLSPF2:0030[0]/txtPARAMETER_INT_VALUES-PVALUE[0,0]</arg>
<arg>${values}[${i}]</arg>
<doc>Inserts the given text into the text field identified by locator.
Use keyword `input password` to insert a password in a text field.</doc>
<status status="NOT RUN" starttime="20241017 05:06:30.465" endtime="20241017 05:06:30.465"/>
</kw>
<kw name="Click Element" library="SAP_Tcode_Library">
<arg>wnd[0]/tbar[1]/btn[16]</arg>
<doc>Performs a single click on a given element. Used only for buttons, tabs and menu items.</doc>
<status status="NOT RUN" starttime="20241017 05:06:30.465" endtime="20241017 05:06:30.465"/>
</kw>
<kw name="Sleep" library="BuiltIn">
<arg>2</arg>
<doc>Pauses the test executed for the given time.</doc>
<status status="NOT RUN" starttime="20241017 05:06:30.465" endtime="20241017 05:06:30.465"/>
</kw>
<kw name="Click Element" library="SAP_Tcode_Library">
<arg>wnd[0]/tbar[1]/btn[5]</arg>
<doc>Performs a single click on a given element. Used only for buttons, tabs and menu items.</doc>
<status status="NOT RUN" starttime="20241017 05:06:30.465" endtime="20241017 05:06:30.465"/>
</kw>
<kw name="Sleep" library="BuiltIn">
<arg>2</arg>
<doc>Pauses the test executed for the given time.</doc>
<status status="NOT RUN" starttime="20241017 05:06:30.465" endtime="20241017 05:06:30.465"/>
</kw>
<kw name="Click Element" library="SAP_Tcode_Library">
<arg>wnd[0]/tbar[0]/btn[3]</arg>
<doc>Performs a single click on a given element. Used only for buttons, tabs and menu items.</doc>
<status status="NOT RUN" starttime="20241017 05:06:30.465" endtime="20241017 05:06:30.465"/>
</kw>
<kw name="Sleep" library="BuiltIn">
<arg>2</arg>
<doc>Pauses the test executed for the given time.</doc>
<status status="NOT RUN" starttime="20241017 05:06:30.465" endtime="20241017 05:06:30.465"/>
</kw>
<kw name="Click Element" library="SAP_Tcode_Library">
<arg>wnd[0]/tbar[1]/btn[16]</arg>
<doc>Performs a single click on a given element. Used only for buttons, tabs and menu items.</doc>
<status status="NOT RUN" starttime="20241017 05:06:30.465" endtime="20241017 05:06:30.465"/>
</kw>
<kw name="Sleep" library="BuiltIn">
<arg>2</arg>
<doc>Pauses the test executed for the given time.</doc>
<status status="NOT RUN" starttime="20241017 05:06:30.465" endtime="20241017 05:06:30.465"/>
</kw>
<status status="NOT RUN" starttime="20241017 05:06:30.465" endtime="20241017 05:06:30.465"/>
</branch>
<status status="NOT RUN" starttime="20241017 05:06:30.465" endtime="20241017 05:06:30.465"/>
</if>
<status status="NOT RUN" starttime="20241017 05:06:30.465" endtime="20241017 05:06:30.465"/>
</branch>
<branch type="ELSE">
<kw name="Sleep" library="BuiltIn">
<arg>2</arg>
<doc>Pauses the test executed for the given time.</doc>
<msg timestamp="20241017 05:06:32.465" level="INFO">Slept 2 seconds</msg>
<status status="PASS" starttime="20241017 05:06:30.465" endtime="20241017 05:06:32.465"/>
</kw>
<kw name="Click Element" library="SAP_Tcode_Library">
<arg>wnd[0]/tbar[1]/btn[5]</arg>
<doc>Performs a single click on a given element. Used only for buttons, tabs and menu items.</doc>
<status status="PASS" starttime="20241017 05:06:32.465" endtime="20241017 05:06:32.551"/>
</kw>
<kw name="Sleep" library="BuiltIn">
<arg>2</arg>
<doc>Pauses the test executed for the given time.</doc>
<msg timestamp="20241017 05:06:34.552" level="INFO">Slept 2 seconds</msg>
<status status="PASS" starttime="20241017 05:06:32.551" endtime="20241017 05:06:34.552"/>
</kw>
<kw name="Input Text" library="SAP_Tcode_Library">
<arg>wnd[0]/usr/ctxtPARAMETER_INTERNAL-PARNAME</arg>
<arg>${parameters}[${i}]</arg>
<doc>Inserts the given text into the text field identified by locator.
Use keyword `input password` to insert a password in a text field.</doc>
<msg timestamp="20241017 05:06:34.561" level="INFO">Typing text 'ssl/client_sni_enabled' into text field 'wnd[0]/usr/ctxtPARAMETER_INTERNAL-PARNAME'.</msg>
<status status="PASS" starttime="20241017 05:06:34.552" endtime="20241017 05:06:34.561"/>
</kw>
<kw name="Sleep" library="BuiltIn">
<arg>2</arg>
<doc>Pauses the test executed for the given time.</doc>
<msg timestamp="20241017 05:06:36.561" level="INFO">Slept 2 seconds</msg>
<status status="PASS" starttime="20241017 05:06:34.561" endtime="20241017 05:06:36.561"/>
</kw>
<kw name="Input Text" library="SAP_Tcode_Library">
<arg>wnd[0]/usr/sub:SAPLSPF2:0030[0]/txtPARAMETER_INT_VALUES-PVALUE[0,0]</arg>
<arg>${values}[${i}]</arg>
<doc>Inserts the given text into the text field identified by locator.
Use keyword `input password` to insert a password in a text field.</doc>
<msg timestamp="20241017 05:06:36.561" level="INFO">Typing text 'TRUE' into text field 'wnd[0]/usr/sub:SAPLSPF2:0030[0]/txtPARAMETER_INT_VALUES-PVALUE[0,0]'.</msg>
<status status="PASS" starttime="20241017 05:06:36.561" endtime="20241017 05:06:36.561"/>
</kw>
<kw name="Sleep" library="BuiltIn">
<arg>2</arg>
<doc>Pauses the test executed for the given time.</doc>
<msg timestamp="20241017 05:06:38.562" level="INFO">Slept 2 seconds</msg>
<status status="PASS" starttime="20241017 05:06:36.561" endtime="20241017 05:06:38.562"/>
</kw>
<kw name="Click Element" library="SAP_Tcode_Library">
<arg>wnd[0]/tbar[1]/btn[16]</arg>
<doc>Performs a single click on a given element. Used only for buttons, tabs and menu items.</doc>
<status status="PASS" starttime="20241017 05:06:38.562" endtime="20241017 05:06:38.638"/>
</kw>
<kw name="Sleep" library="BuiltIn">
<arg>2</arg>
<doc>Pauses the test executed for the given time.</doc>
<msg timestamp="20241017 05:06:40.639" level="INFO">Slept 2 seconds</msg>
<status status="PASS" starttime="20241017 05:06:38.638" endtime="20241017 05:06:40.639"/>
</kw>
<kw name="Manage Window" library="SAP_Tcode_Library">
<arg>wnd[1]</arg>
<arg>Maintain Profile 'DEFAULT' Version</arg>
<arg>wnd[1]/usr/btnKNOPF1</arg>
<status status="PASS" starttime="20241017 05:06:40.639" endtime="20241017 05:06:40.720"/>
</kw>
<kw name="Sleep" library="BuiltIn">
<arg>2</arg>
<doc>Pauses the test executed for the given time.</doc>
<msg timestamp="20241017 05:06:42.720" level="INFO">Slept 2 seconds</msg>
<status status="PASS" starttime="20241017 05:06:40.720" endtime="20241017 05:06:42.720"/>
</kw>
<kw name="Click Element" library="SAP_Tcode_Library">
<arg>wnd[0]/tbar[1]/btn[5]</arg>
<doc>Performs a single click on a given element. Used only for buttons, tabs and menu items.</doc>
<status status="PASS" starttime="20241017 05:06:42.720" endtime="20241017 05:06:42.785"/>
</kw>
<kw name="Sleep" library="BuiltIn">
<arg>2</arg>
<doc>Pauses the test executed for the given time.</doc>
<msg timestamp="20241017 05:06:44.786" level="INFO">Slept 2 seconds</msg>
<status status="PASS" starttime="20241017 05:06:42.785" endtime="20241017 05:06:44.786"/>
</kw>
<kw name="Click Element" library="SAP_Tcode_Library">
<arg>wnd[0]/tbar[0]/btn[3]</arg>
<doc>Performs a single click on a given element. Used only for buttons, tabs and menu items.</doc>
<status status="PASS" starttime="20241017 05:06:44.786" endtime="20241017 05:06:44.889"/>
</kw>
<kw name="Sleep" library="BuiltIn">
<arg>2</arg>
<doc>Pauses the test executed for the given time.</doc>
<msg timestamp="20241017 05:06:46.890" level="INFO">Slept 2 seconds</msg>
<status status="PASS" starttime="20241017 05:06:44.889" endtime="20241017 05:06:46.890"/>
</kw>
<kw name="Manage Window" library="SAP_Tcode_Library">
<arg>wnd[1]</arg>
<arg>Maintain Profile 'DEFAULT' Version</arg>
<arg>wnd[1]/usr/btnKNOPF1</arg>
<msg timestamp="20241017 05:06:46.890" level="INFO">Error: (-2147352567, 'Exception occurred.', (619, 'SAP Frontend Server', 'The control could not be found by id.', 'C:\\Program Files (x86)\\SAP\\FrontEnd\\SAPGUI\\sapfront.HLP', 393215, 0), None)</msg>
<status status="PASS" starttime="20241017 05:06:46.890" endtime="20241017 05:06:46.890"/>
</kw>
<kw name="Sleep" library="BuiltIn">
<arg>2</arg>
<doc>Pauses the test executed for the given time.</doc>
<msg timestamp="20241017 05:06:48.890" level="INFO">Slept 2 seconds</msg>
<status status="PASS" starttime="20241017 05:06:46.890" endtime="20241017 05:06:48.890"/>
</kw>
<kw name="Click Element" library="SAP_Tcode_Library">
<arg>wnd[0]/tbar[1]/btn[16]</arg>
<doc>Performs a single click on a given element. Used only for buttons, tabs and menu items.</doc>
<status status="PASS" starttime="20241017 05:06:48.890" endtime="20241017 05:06:48.956"/>
</kw>
<kw name="Sleep" library="BuiltIn">
<arg>2</arg>
<doc>Pauses the test executed for the given time.</doc>
<msg timestamp="20241017 05:06:50.972" level="INFO">Slept 2 seconds</msg>
<status status="PASS" starttime="20241017 05:06:48.956" endtime="20241017 05:06:50.972"/>
</kw>
<status status="PASS" starttime="20241017 05:06:30.465" endtime="20241017 05:06:50.972"/>
</branch>
<status status="PASS" starttime="20241017 05:06:30.465" endtime="20241017 05:06:50.972"/>
</if>
<status status="PASS" starttime="20241017 05:06:29.958" endtime="20241017 05:06:50.972"/>
</iter>
<iter>
<var name="${i}">4</var>
<kw name="Check Parameter Found" library="SAP_Tcode_Library">
<var>${result}</var>
<arg>wnd[0]/usr</arg>
<arg>${parameters}[${i}]</arg>
<msg timestamp="20241017 05:06:51.460" level="INFO">Search text SETENV_26 not found</msg>
<msg timestamp="20241017 05:06:51.460" level="INFO">${result} = Search text SETENV_26 not found</msg>
<status status="PASS" starttime="20241017 05:06:50.972" endtime="20241017 05:06:51.460"/>
</kw>
<kw name="Log To Console" library="BuiltIn">
<arg>${result}</arg>
<doc>Logs the given message to the console.</doc>
<status status="PASS" starttime="20241017 05:06:51.460" endtime="20241017 05:06:51.460"/>
</kw>
<if>
<branch type="IF" condition="'${result}' == '${parameters}[${i}]'">
<kw name="Get Parameter Value" library="SAP_Tcode_Library">
<arg>wnd[0]/usr</arg>
<arg>${parameters}[${i}]</arg>
<status status="NOT RUN" starttime="20241017 05:06:51.460" endtime="20241017 05:06:51.460"/>
</kw>
<kw name="Get Value" library="SAP_Tcode_Library">
<var>${param_value}</var>
<arg>wnd[0]/usr/sub:SAPLSPF2:0030[0]/txtPARAMETER_INT_VALUES-PVALUE[0,0]</arg>
<doc>Gets the value of the given element. The possible return values depend on the type of element (see Return values).</doc>
<status status="NOT RUN" starttime="20241017 05:06:51.460" endtime="20241017 05:06:51.460"/>
</kw>
<if>
<branch type="IF" condition="'${param_value}' == '${values}[${i}]'">
<kw name="Log To Console" library="BuiltIn">
<arg>${parameters}[${i}] value is ${values}[${i}]</arg>
<doc>Logs the given message to the console.</doc>
<status status="NOT RUN" starttime="20241017 05:06:51.460" endtime="20241017 05:06:51.460"/>
</kw>
<kw name="Click Element" library="SAP_Tcode_Library">
<arg>wnd[0]/tbar[0]/btn[3]</arg>
<doc>Performs a single click on a given element. Used only for buttons, tabs and menu items.</doc>
<status status="NOT RUN" starttime="20241017 05:06:51.460" endtime="20241017 05:06:51.460"/>
</kw>
<kw name="Sleep" library="BuiltIn">
<arg>2</arg>
<doc>Pauses the test executed for the given time.</doc>
<status status="NOT RUN" starttime="20241017 05:06:51.460" endtime="20241017 05:06:51.460"/>
</kw>
<status status="NOT RUN" starttime="20241017 05:06:51.460" endtime="20241017 05:06:51.460"/>
</branch>
<branch type="ELSE">
<kw name="Sleep" library="BuiltIn">
<arg>2</arg>
<doc>Pauses the test executed for the given time.</doc>
<status status="NOT RUN" starttime="20241017 05:06:51.460" endtime="20241017 05:06:51.460"/>
</kw>
<kw name="Input Text" library="SAP_Tcode_Library">
<arg>wnd[0]/usr/sub:SAPLSPF2:0030[0]/txtPARAMETER_INT_VALUES-PVALUE[0,0]</arg>
<arg>${EMPTY}</arg>
<doc>Inserts the given text into the text field identified by locator.
Use keyword `input password` to insert a password in a text field.</doc>
<status status="NOT RUN" starttime="20241017 05:06:51.460" endtime="20241017 05:06:51.460"/>
</kw>
<kw name="Sleep" library="BuiltIn">
<arg>2</arg>
<doc>Pauses the test executed for the given time.</doc>
<status status="NOT RUN" starttime="20241017 05:06:51.460" endtime="20241017 05:06:51.460"/>
</kw>
<kw name="Input Text" library="SAP_Tcode_Library">
<arg>wnd[0]/usr/sub:SAPLSPF2:0030[0]/txtPARAMETER_INT_VALUES-PVALUE[0,0]</arg>
<arg>${values}[${i}]</arg>
<doc>Inserts the given text into the text field identified by locator.
Use keyword `input password` to insert a password in a text field.</doc>
<status status="NOT RUN" starttime="20241017 05:06:51.460" endtime="20241017 05:06:51.460"/>
</kw>
<kw name="Click Element" library="SAP_Tcode_Library">
<arg>wnd[0]/tbar[1]/btn[16]</arg>
<doc>Performs a single click on a given element. Used only for buttons, tabs and menu items.</doc>
<status status="NOT RUN" starttime="20241017 05:06:51.460" endtime="20241017 05:06:51.460"/>
</kw>
<kw name="Sleep" library="BuiltIn">
<arg>2</arg>
<doc>Pauses the test executed for the given time.</doc>
<status status="NOT RUN" starttime="20241017 05:06:51.460" endtime="20241017 05:06:51.460"/>
</kw>
<kw name="Click Element" library="SAP_Tcode_Library">
<arg>wnd[0]/tbar[1]/btn[5]</arg>
<doc>Performs a single click on a given element. Used only for buttons, tabs and menu items.</doc>
<status status="NOT RUN" starttime="20241017 05:06:51.460" endtime="20241017 05:06:51.460"/>
</kw>
<kw name="Sleep" library="BuiltIn">
<arg>2</arg>
<doc>Pauses the test executed for the given time.</doc>
<status status="NOT RUN" starttime="20241017 05:06:51.460" endtime="20241017 05:06:51.460"/>
</kw>
<kw name="Click Element" library="SAP_Tcode_Library">
<arg>wnd[0]/tbar[0]/btn[3]</arg>
<doc>Performs a single click on a given element. Used only for buttons, tabs and menu items.</doc>
<status status="NOT RUN" starttime="20241017 05:06:51.476" endtime="20241017 05:06:51.476"/>
</kw>
<kw name="Sleep" library="BuiltIn">
<arg>2</arg>
<doc>Pauses the test executed for the given time.</doc>
<status status="NOT RUN" starttime="20241017 05:06:51.476" endtime="20241017 05:06:51.476"/>
</kw>
<kw name="Click Element" library="SAP_Tcode_Library">
<arg>wnd[0]/tbar[1]/btn[16]</arg>
<doc>Performs a single click on a given element. Used only for buttons, tabs and menu items.</doc>
<status status="NOT RUN" starttime="20241017 05:06:51.476" endtime="20241017 05:06:51.476"/>
</kw>
<kw name="Sleep" library="BuiltIn">
<arg>2</arg>
<doc>Pauses the test executed for the given time.</doc>
<status status="NOT RUN" starttime="20241017 05:06:51.476" endtime="20241017 05:06:51.476"/>
</kw>
<status status="NOT RUN" starttime="20241017 05:06:51.460" endtime="20241017 05:06:51.476"/>
</branch>
<status status="NOT RUN" starttime="20241017 05:06:51.460" endtime="20241017 05:06:51.476"/>
</if>
<status status="NOT RUN" starttime="20241017 05:06:51.460" endtime="20241017 05:06:51.476"/>
</branch>
<branch type="ELSE">
<kw name="Sleep" library="BuiltIn">
<arg>2</arg>
<doc>Pauses the test executed for the given time.</doc>
<msg timestamp="20241017 05:06:53.476" level="INFO">Slept 2 seconds</msg>
<status status="PASS" starttime="20241017 05:06:51.476" endtime="20241017 05:06:53.476"/>
</kw>
<kw name="Click Element" library="SAP_Tcode_Library">
<arg>wnd[0]/tbar[1]/btn[5]</arg>
<doc>Performs a single click on a given element. Used only for buttons, tabs and menu items.</doc>
<status status="PASS" starttime="20241017 05:06:53.476" endtime="20241017 05:06:53.560"/>
</kw>
<kw name="Sleep" library="BuiltIn">
<arg>2</arg>
<doc>Pauses the test executed for the given time.</doc>
<msg timestamp="20241017 05:06:55.561" level="INFO">Slept 2 seconds</msg>
<status status="PASS" starttime="20241017 05:06:53.560" endtime="20241017 05:06:55.561"/>
</kw>
<kw name="Input Text" library="SAP_Tcode_Library">
<arg>wnd[0]/usr/ctxtPARAMETER_INTERNAL-PARNAME</arg>
<arg>${parameters}[${i}]</arg>
<doc>Inserts the given text into the text field identified by locator.
Use keyword `input password` to insert a password in a text field.</doc>
<msg timestamp="20241017 05:06:55.567" level="INFO">Typing text 'SETENV_26' into text field 'wnd[0]/usr/ctxtPARAMETER_INTERNAL-PARNAME'.</msg>
<status status="PASS" starttime="20241017 05:06:55.561" endtime="20241017 05:06:55.567"/>
</kw>
<kw name="Sleep" library="BuiltIn">
<arg>2</arg>
<doc>Pauses the test executed for the given time.</doc>
<msg timestamp="20241017 05:06:57.567" level="INFO">Slept 2 seconds</msg>
<status status="PASS" starttime="20241017 05:06:55.567" endtime="20241017 05:06:57.567"/>
</kw>
<kw name="Input Text" library="SAP_Tcode_Library">
<arg>wnd[0]/usr/sub:SAPLSPF2:0030[0]/txtPARAMETER_INT_VALUES-PVALUE[0,0]</arg>
<arg>${values}[${i}]</arg>
<doc>Inserts the given text into the text field identified by locator.
Use keyword `input password` to insert a password in a text field.</doc>
<msg timestamp="20241017 05:06:57.567" level="INFO">Typing text 'SECUDIR=$(DIR_INSTANCE)$(DIR_SEP)sec' into text field 'wnd[0]/usr/sub:SAPLSPF2:0030[0]/txtPARAMETER_INT_VALUES-PVALUE[0,0]'.</msg>
<status status="PASS" starttime="20241017 05:06:57.567" endtime="20241017 05:06:57.567"/>
</kw>
<kw name="Sleep" library="BuiltIn">
<arg>2</arg>
<doc>Pauses the test executed for the given time.</doc>
<msg timestamp="20241017 05:06:59.568" level="INFO">Slept 2 seconds</msg>
<status status="PASS" starttime="20241017 05:06:57.567" endtime="20241017 05:06:59.568"/>
</kw>
<kw name="Click Element" library="SAP_Tcode_Library">
<arg>wnd[0]/tbar[1]/btn[16]</arg>
<doc>Performs a single click on a given element. Used only for buttons, tabs and menu items.</doc>
<status status="PASS" starttime="20241017 05:06:59.568" endtime="20241017 05:06:59.655"/>
</kw>
<kw name="Sleep" library="BuiltIn">
<arg>2</arg>
<doc>Pauses the test executed for the given time.</doc>
<msg timestamp="20241017 05:07:01.655" level="INFO">Slept 2 seconds</msg>
<status status="PASS" starttime="20241017 05:06:59.655" endtime="20241017 05:07:01.655"/>
</kw>
<kw name="Manage Window" library="SAP_Tcode_Library">
<arg>wnd[1]</arg>
<arg>Maintain Profile 'DEFAULT' Version</arg>
<arg>wnd[1]/usr/btnKNOPF1</arg>
<msg timestamp="20241017 05:07:01.656" level="INFO">Error: (-2147352567, 'Exception occurred.', (619, 'SAP Frontend Server', 'The control could not be found by id.', 'C:\\Program Files (x86)\\SAP\\FrontEnd\\SAPGUI\\sapfront.HLP', 393215, 0), None)</msg>
<status status="PASS" starttime="20241017 05:07:01.655" endtime="20241017 05:07:01.656"/>
</kw>
<kw name="Sleep" library="BuiltIn">
<arg>2</arg>
<doc>Pauses the test executed for the given time.</doc>
<msg timestamp="20241017 05:07:03.656" level="INFO">Slept 2 seconds</msg>
<status status="PASS" starttime="20241017 05:07:01.656" endtime="20241017 05:07:03.656"/>
</kw>
<kw name="Click Element" library="SAP_Tcode_Library">
<arg>wnd[0]/tbar[1]/btn[5]</arg>
<doc>Performs a single click on a given element. Used only for buttons, tabs and menu items.</doc>
<status status="PASS" starttime="20241017 05:07:03.656" endtime="20241017 05:07:03.715"/>
</kw>
<kw name="Sleep" library="BuiltIn">
<arg>2</arg>
<doc>Pauses the test executed for the given time.</doc>
<msg timestamp="20241017 05:07:05.715" level="INFO">Slept 2 seconds</msg>
<status status="PASS" starttime="20241017 05:07:03.715" endtime="20241017 05:07:05.715"/>
</kw>
<kw name="Click Element" library="SAP_Tcode_Library">
<arg>wnd[0]/tbar[0]/btn[3]</arg>
<doc>Performs a single click on a given element. Used only for buttons, tabs and menu items.</doc>
<status status="PASS" starttime="20241017 05:07:05.715" endtime="20241017 05:07:05.795"/>
</kw>
<kw name="Sleep" library="BuiltIn">
<arg>2</arg>
<doc>Pauses the test executed for the given time.</doc>
<msg timestamp="20241017 05:07:07.795" level="INFO">Slept 2 seconds</msg>
<status status="PASS" starttime="20241017 05:07:05.795" endtime="20241017 05:07:07.795"/>
</kw>
<kw name="Manage Window" library="SAP_Tcode_Library">
<arg>wnd[1]</arg>
<arg>Maintain Profile 'DEFAULT' Version</arg>
<arg>wnd[1]/usr/btnKNOPF1</arg>
<status status="PASS" starttime="20241017 05:07:07.795" endtime="20241017 05:07:07.904"/>
</kw>
<kw name="Sleep" library="BuiltIn">
<arg>2</arg>
<doc>Pauses the test executed for the given time.</doc>
<msg timestamp="20241017 05:07:09.904" level="INFO">Slept 2 seconds</msg>
<status status="PASS" starttime="20241017 05:07:07.904" endtime="20241017 05:07:09.904"/>
</kw>
<kw name="Click Element" library="SAP_Tcode_Library">
<arg>wnd[0]/tbar[1]/btn[16]</arg>
[...]
<status status="NOT RUN" starttime="20241017 05:07:33.541" endtime="20241017 05:07:33.541"/>
</kw>
<if>
<branch type="IF" condition="'${param_value}' == '${values}[${i}]'">
<kw name="Log To Console" library="BuiltIn">
<arg>${parameters}[${i}] value is ${values}[${i}]</arg>
<doc>Logs the given message to the console.</doc>
<status status="NOT RUN" starttime="20241017 05:07:33.541" endtime="20241017 05:07:33.541"/>
</kw>
<kw name="Click Element" library="SAP_Tcode_Library">
<arg>wnd[0]/tbar[0]/btn[3]</arg>
<doc>Performs a single click on a given element. Used only for buttons, tabs and menu items.</doc>
<status status="NOT RUN" starttime="20241017 05:07:33.541" endtime="20241017 05:07:33.541"/>
</kw>
<kw name="Sleep" library="BuiltIn">
<arg>2</arg>
<doc>Pauses the test executed for the given time.</doc>
<status status="NOT RUN" starttime="20241017 05:07:33.541" endtime="20241017 05:07:33.541"/>
</kw>
<status status="NOT RUN" starttime="20241017 05:07:33.541" endtime="20241017 05:07:33.541"/>
</branch>
<branch type="ELSE">
<kw name="Sleep" library="BuiltIn">
<arg>2</arg>
<doc>Pauses the test executed for the given time.</doc>
<status status="NOT RUN" starttime="20241017 05:07:33.541" endtime="20241017 05:07:33.541"/>
</kw>
<kw name="Input Text" library="SAP_Tcode_Library">
<arg>wnd[0]/usr/sub:SAPLSPF2:0030[0]/txtPARAMETER_INT_VALUES-PVALUE[0,0]</arg>
<arg>${EMPTY}</arg>
<doc>Inserts the given text into the text field identified by locator.
Use keyword `input password` to insert a password in a text field.</doc>
<status status="NOT RUN" starttime="20241017 05:07:33.541" endtime="20241017 05:07:33.541"/>
</kw>
<kw name="Sleep" library="BuiltIn">
<arg>2</arg>
<doc>Pauses the test executed for the given time.</doc>
<status status="NOT RUN" starttime="20241017 05:07:33.541" endtime="20241017 05:07:33.541"/>
</kw>
<kw name="Input Text" library="SAP_Tcode_Library">
<arg>wnd[0]/usr/sub:SAPLSPF2:0030[0]/txtPARAMETER_INT_VALUES-PVALUE[0,0]</arg>
<arg>${values}[${i}]</arg>
<doc>Inserts the given text into the text field identified by locator.
Use keyword `input password` to insert a password in a text field.</doc>
<status status="NOT RUN" starttime="20241017 05:07:33.541" endtime="20241017 05:07:33.541"/>
</kw>
<kw name="Click Element" library="SAP_Tcode_Library">
<arg>wnd[0]/tbar[1]/btn[16]</arg>
<doc>Performs a single click on a given element. Used only for buttons, tabs and menu items.</doc>
<status status="NOT RUN" starttime="20241017 05:07:33.541" endtime="20241017 05:07:33.541"/>
</kw>
<kw name="Sleep" library="BuiltIn">
<arg>2</arg>
<doc>Pauses the test executed for the given time.</doc>
<status status="NOT RUN" starttime="20241017 05:07:33.541" endtime="20241017 05:07:33.541"/>
</kw>
<kw name="Click Element" library="SAP_Tcode_Library">
<arg>wnd[0]/tbar[1]/btn[5]</arg>
<doc>Performs a single click on a given element. Used only for buttons, tabs and menu items.</doc>
<status status="NOT RUN" starttime="20241017 05:07:33.541" endtime="20241017 05:07:33.541"/>
</kw>
<kw name="Sleep" library="BuiltIn">
<arg>2</arg>
<doc>Pauses the test executed for the given time.</doc>
<status status="NOT RUN" starttime="20241017 05:07:33.541" endtime="20241017 05:07:33.541"/>
</kw>
<kw name="Click Element" library="SAP_Tcode_Library">
<arg>wnd[0]/tbar[0]/btn[3]</arg>
<doc>Performs a single click on a given element. Used only for buttons, tabs and menu items.</doc>
<status status="NOT RUN" starttime="20241017 05:07:33.541" endtime="20241017 05:07:33.541"/>
</kw>
<kw name="Sleep" library="BuiltIn">
<arg>2</arg>
<doc>Pauses the test executed for the given time.</doc>
<status status="NOT RUN" starttime="20241017 05:07:33.541" endtime="20241017 05:07:33.541"/>
</kw>
<kw name="Click Element" library="SAP_Tcode_Library">
<arg>wnd[0]/tbar[1]/btn[16]</arg>
<doc>Performs a single click on a given element. Used only for buttons, tabs and menu items.</doc>
<status status="NOT RUN" starttime="20241017 05:07:33.541" endtime="20241017 05:07:33.541"/>
</kw>
<kw name="Sleep" library="BuiltIn">
<arg>2</arg>
<doc>Pauses the test executed for the given time.</doc>
<status status="NOT RUN" starttime="20241017 05:07:33.544" endtime="20241017 05:07:33.544"/>
</kw>
<status status="NOT RUN" starttime="20241017 05:07:33.541" endtime="20241017 05:07:33.544"/>
</branch>
<status status="NOT RUN" starttime="20241017 05:07:33.541" endtime="20241017 05:07:33.544"/>
</if>
<status status="NOT RUN" starttime="20241017 05:07:33.525" endtime="20241017 05:07:33.544"/>
</branch>
<branch type="ELSE">
<kw name="Sleep" library="BuiltIn">
<arg>2</arg>
<doc>Pauses the test executed for the given time.</doc>
<msg timestamp="20241017 05:07:35.545" level="INFO">Slept 2 seconds</msg>
<status status="PASS" starttime="20241017 05:07:33.544" endtime="20241017 05:07:35.545"/>
</kw>
<kw name="Click Element" library="SAP_Tcode_Library">
<arg>wnd[0]/tbar[1]/btn[5]</arg>
<doc>Performs a single click on a given element. Used only for buttons, tabs and menu items.</doc>
<status status="PASS" starttime="20241017 05:07:35.545" endtime="20241017 05:07:35.625"/>
</kw>
<kw name="Sleep" library="BuiltIn">
<arg>2</arg>
<doc>Pauses the test executed for the given time.</doc>
<msg timestamp="20241017 05:07:37.625" level="INFO">Slept 2 seconds</msg>
<status status="PASS" starttime="20241017 05:07:35.625" endtime="20241017 05:07:37.625"/>
</kw>
<kw name="Input Text" library="SAP_Tcode_Library">
<arg>wnd[0]/usr/ctxtPARAMETER_INTERNAL-PARNAME</arg>
<arg>${parameters}[${i}]</arg>
<doc>Inserts the given text into the text field identified by locator.
Use keyword `input password` to insert a password in a text field.</doc>
<msg timestamp="20241017 05:07:37.636" level="INFO">Typing text 'SETENV_28' into text field 'wnd[0]/usr/ctxtPARAMETER_INTERNAL-PARNAME'.</msg>
<status status="PASS" starttime="20241017 05:07:37.625" endtime="20241017 05:07:37.636"/>
</kw>
<kw name="Sleep" library="BuiltIn">
<arg>2</arg>
<doc>Pauses the test executed for the given time.</doc>
<msg timestamp="20241017 05:07:39.636" level="INFO">Slept 2 seconds</msg>
<status status="PASS" starttime="20241017 05:07:37.636" endtime="20241017 05:07:39.636"/>
</kw>
<kw name="Input Text" library="SAP_Tcode_Library">
<arg>wnd[0]/usr/sub:SAPLSPF2:0030[0]/txtPARAMETER_INT_VALUES-PVALUE[0,0]</arg>
<arg>${values}[${i}]</arg>
<doc>Inserts the given text into the text field identified by locator.
Use keyword `input password` to insert a password in a text field.</doc>
<msg timestamp="20241017 05:07:39.638" level="INFO">Typing text 'SAPSSL_CLIENT_SNI_ENABLED=TRUE' into text field 'wnd[0]/usr/sub:SAPLSPF2:0030[0]/txtPARAMETER_INT_VALUES-PVALUE[0,0]'.</msg>
<status status="PASS" starttime="20241017 05:07:39.636" endtime="20241017 05:07:39.638"/>
</kw>
<kw name="Sleep" library="BuiltIn">
<arg>2</arg>
<doc>Pauses the test executed for the given time.</doc>
<msg timestamp="20241017 05:07:41.639" level="INFO">Slept 2 seconds</msg>
<status status="PASS" starttime="20241017 05:07:39.638" endtime="20241017 05:07:41.639"/>
</kw>
<kw name="Click Element" library="SAP_Tcode_Library">
<arg>wnd[0]/tbar[1]/btn[16]</arg>
<doc>Performs a single click on a given element. Used only for buttons, tabs and menu items.</doc>
<status status="PASS" starttime="20241017 05:07:41.639" endtime="20241017 05:07:41.706"/>
</kw>
<kw name="Sleep" library="BuiltIn">
<arg>2</arg>
<doc>Pauses the test executed for the given time.</doc>
<msg timestamp="20241017 05:07:43.706" level="INFO">Slept 2 seconds</msg>
<status status="PASS" starttime="20241017 05:07:41.706" endtime="20241017 05:07:43.706"/>
</kw>
<kw name="Manage Window" library="SAP_Tcode_Library">
<arg>wnd[1]</arg>
<arg>Maintain Profile 'DEFAULT' Version</arg>
<arg>wnd[1]/usr/btnKNOPF1</arg>
<msg timestamp="20241017 05:07:43.706" level="INFO">Error: (-2147352567, 'Exception occurred.', (619, 'SAP Frontend Server', 'The control could not be found by id.', 'C:\\Program Files (x86)\\SAP\\FrontEnd\\SAPGUI\\sapfront.HLP', 393215, 0), None)</msg>
<status status="PASS" starttime="20241017 05:07:43.706" endtime="20241017 05:07:43.706"/>
</kw>
<kw name="Sleep" library="BuiltIn">
<arg>2</arg>
<doc>Pauses the test executed for the given time.</doc>
<msg timestamp="20241017 05:07:45.706" level="INFO">Slept 2 seconds</msg>
<status status="PASS" starttime="20241017 05:07:43.706" endtime="20241017 05:07:45.706"/>
</kw>
<kw name="Click Element" library="SAP_Tcode_Library">
<arg>wnd[0]/tbar[1]/btn[5]</arg>
<doc>Performs a single click on a given element. Used only for buttons, tabs and menu items.</doc>
<status status="PASS" starttime="20241017 05:07:45.706" endtime="20241017 05:07:45.778"/>
</kw>
<kw name="Sleep" library="BuiltIn">
<arg>2</arg>
<doc>Pauses the test executed for the given time.</doc>
<msg timestamp="20241017 05:07:47.778" level="INFO">Slept 2 seconds</msg>
<status status="PASS" starttime="20241017 05:07:45.778" endtime="20241017 05:07:47.778"/>
</kw>
<kw name="Click Element" library="SAP_Tcode_Library">
<arg>wnd[0]/tbar[0]/btn[3]</arg>
<doc>Performs a single click on a given element. Used only for buttons, tabs and menu items.</doc>
<status status="PASS" starttime="20241017 05:07:47.778" endtime="20241017 05:07:47.857"/>
</kw>
<kw name="Sleep" library="BuiltIn">
<arg>2</arg>
<doc>Pauses the test executed for the given time.</doc>
<msg timestamp="20241017 05:07:49.857" level="INFO">Slept 2 seconds</msg>
<status status="PASS" starttime="20241017 05:07:47.857" endtime="20241017 05:07:49.857"/>
</kw>
<kw name="Manage Window" library="SAP_Tcode_Library">
<arg>wnd[1]</arg>
<arg>Maintain Profile 'DEFAULT' Version</arg>
<arg>wnd[1]/usr/btnKNOPF1</arg>
<status status="PASS" starttime="20241017 05:07:49.857" endtime="20241017 05:07:49.986"/>
</kw>
<kw name="Sleep" library="BuiltIn">
<arg>2</arg>
<doc>Pauses the test executed for the given time.</doc>
<msg timestamp="20241017 05:07:51.986" level="INFO">Slept 2 seconds</msg>
<status status="PASS" starttime="20241017 05:07:49.986" endtime="20241017 05:07:51.986"/>
</kw>
<kw name="Click Element" library="SAP_Tcode_Library">
<arg>wnd[0]/tbar[1]/btn[16]</arg>
<doc>Performs a single click on a given element. Used only for buttons, tabs and menu items.</doc>
<status status="PASS" starttime="20241017 05:07:51.986" endtime="20241017 05:07:52.047"/>
</kw>
<kw name="Sleep" library="BuiltIn">
<arg>2</arg>
<doc>Pauses the test executed for the given time.</doc>
<msg timestamp="20241017 05:07:54.048" level="INFO">Slept 2 seconds</msg>
<status status="PASS" starttime="20241017 05:07:52.047" endtime="20241017 05:07:54.048"/>
</kw>
<status status="PASS" starttime="20241017 05:07:33.544" endtime="20241017 05:07:54.048"/>
</branch>
<status status="PASS" starttime="20241017 05:07:33.525" endtime="20241017 05:07:54.048"/>
</if>
<status status="PASS" starttime="20241017 05:07:33.001" endtime="20241017 05:07:54.048"/>
</iter>
<status status="PASS" starttime="20241017 05:05:27.067" endtime="20241017 05:07:54.048"/>
</for>
<kw name="Sleep" library="BuiltIn">
<arg>2</arg>
<doc>Pauses the test executed for the given time.</doc>
<msg timestamp="20241017 05:07:56.048" level="INFO">Slept 2 seconds</msg>
<status status="PASS" starttime="20241017 05:07:54.048" endtime="20241017 05:07:56.048"/>
</kw>
<kw name="Click Element" library="SAP_Tcode_Library">
<arg>wnd[0]/tbar[0]/btn[3]</arg>
<doc>Performs a single click on a given element. Used only for buttons, tabs and menu items.</doc>
<status status="PASS" starttime="20241017 05:07:56.048" endtime="20241017 05:07:56.139"/>
</kw>
<kw name="Sleep" library="BuiltIn">
<arg>2</arg>
<doc>Pauses the test executed for the given time.</doc>
<msg timestamp="20241017 05:07:58.139" level="INFO">Slept 2 seconds</msg>
<status status="PASS" starttime="20241017 05:07:56.139" endtime="20241017 05:07:58.139"/>
</kw>
<kw name="Click Element" library="SAP_Tcode_Library">
<arg>wnd[0]/tbar[0]/btn[11]</arg>
<doc>Performs a single click on a given element. Used only for buttons, tabs and menu items.</doc>
<status status="PASS" starttime="20241017 05:07:58.139" endtime="20241017 05:07:58.217"/>
</kw>
<kw name="Sleep" library="BuiltIn">
<arg>2</arg>
<doc>Pauses the test executed for the given time.</doc>
<msg timestamp="20241017 05:08:00.218" level="INFO">Slept 2 seconds</msg>
<status status="PASS" starttime="20241017 05:07:58.217" endtime="20241017 05:08:00.218"/>
</kw>
<kw name="Click Element" library="SAP_Tcode_Library">
<arg>wnd[1]/usr/btnSPOP-OPTION1</arg>
<doc>Performs a single click on a given element. Used only for buttons, tabs and menu items.</doc>
<status status="PASS" starttime="20241017 05:08:00.218" endtime="20241017 05:08:00.296"/>
</kw>
<kw name="Sleep" library="BuiltIn">
<arg>2</arg>
<doc>Pauses the test executed for the given time.</doc>
<msg timestamp="20241017 05:08:02.297" level="INFO">Slept 2 seconds</msg>
<status status="PASS" starttime="20241017 05:08:00.296" endtime="20241017 05:08:02.297"/>
</kw>
<kw name="Window Handling" library="SAP_Tcode_Library">
<arg>wnd[1]</arg>
<arg>Information</arg>
<arg>wnd[1]/tbar[0]/btn[0]</arg>
<msg timestamp="20241017 05:08:02.297" level="INFO">Error: (-2147352567, 'Exception occurred.', (619, 'SAP Frontend Server', 'The control could not be found by id.', 'C:\\Program Files (x86)\\SAP\\FrontEnd\\SAPGUI\\sapfront.HLP', 393215, 0), None)</msg>
<status status="PASS" starttime="20241017 05:08:02.297" endtime="20241017 05:08:02.297"/>
</kw>
<kw name="Sleep" library="BuiltIn">
<arg>2</arg>
<doc>Pauses the test executed for the given time.</doc>
<msg timestamp="20241017 05:08:04.297" level="INFO">Slept 2 seconds</msg>
<status status="PASS" starttime="20241017 05:08:02.297" endtime="20241017 05:08:04.297"/>
</kw>
<kw name="Window Handling" library="SAP_Tcode_Library">
<arg>wnd[1]</arg>
<arg>Note</arg>
<arg>wnd[1]/tbar[0]/btn[0]</arg>
<msg timestamp="20241017 05:08:04.297" level="INFO">Error: (-2147352567, 'Exception occurred.', (619, 'SAP Frontend Server', 'The control could not be found by id.', 'C:\\Program Files (x86)\\SAP\\FrontEnd\\SAPGUI\\sapfront.HLP', 393215, 0), None)</msg>
<status status="PASS" starttime="20241017 05:08:04.297" endtime="20241017 05:08:04.297"/>
</kw>
<kw name="Sleep" library="BuiltIn">
<arg>2</arg>
<doc>Pauses the test executed for the given time.</doc>
<msg timestamp="20241017 05:08:06.297" level="INFO">Slept 2 seconds</msg>
<status status="PASS" starttime="20241017 05:08:04.297" endtime="20241017 05:08:06.297"/>
</kw>
<kw name="Write Excel" library="Verify_parameter_values">
<arg>${filepath}</arg>
<arg>${sheetname}</arg>
<arg>5</arg>
<arg>2</arg>
<arg>${parameter_Pass}</arg>
<kw name="Open Excel Document" library="ExcelLibrary">
<arg>${filepath}</arg>
<arg>1</arg>
<doc>Opens xlsx document file.</doc>
<status status="PASS" starttime="20241017 05:08:06.297" endtime="20241017 05:08:06.299"/>
</kw>
<kw name="Get Sheet" library="ExcelLibrary">
<arg>${sheetname}</arg>
<doc>Returns a page from the current document.</doc>
<status status="PASS" starttime="20241017 05:08:06.299" endtime="20241017 05:08:06.299"/>
</kw>
<kw name="Write Excel Cell" library="ExcelLibrary">
<arg>${rownum}</arg>
<arg>${colnum}</arg>
<arg>${cell_value}</arg>
<arg>${sheetname}</arg>
<doc>Writes value to the cell.</doc>
<status status="PASS" starttime="20241017 05:08:06.299" endtime="20241017 05:08:06.299"/>
</kw>
<kw name="Save Excel Document" library="ExcelLibrary">
<arg>${filepath}</arg>
<doc>Saves the current document to disk.</doc>
<status status="PASS" starttime="20241017 05:08:06.299" endtime="20241017 05:08:06.316"/>
</kw>
<kw name="Close Current Excel Document" library="ExcelLibrary">
<doc>Closes current document.</doc>
<status status="PASS" starttime="20241017 05:08:06.316" endtime="20241017 05:08:06.316"/>
</kw>
<status status="PASS" starttime="20241017 05:08:06.297" endtime="20241017 05:08:06.316"/>
</kw>
<kw name="Write Excel" library="Verify_parameter_values">
<arg>${filepath}</arg>
<arg>${sheetname}</arg>
<arg>5</arg>
<arg>3</arg>
<arg>Passed</arg>
<kw name="Open Excel Document" library="ExcelLibrary">
<arg>${filepath}</arg>
<arg>1</arg>
<doc>Opens xlsx document file.</doc>
<status status="PASS" starttime="20241017 05:08:06.316" endtime="20241017 05:08:06.330"/>
</kw>
<kw name="Get Sheet" library="ExcelLibrary">
<arg>${sheetname}</arg>
<doc>Returns a page from the current document.</doc>
<status status="PASS" starttime="20241017 05:08:06.330" endtime="20241017 05:08:06.330"/>
</kw>
<kw name="Write Excel Cell" library="ExcelLibrary">
<arg>${rownum}</arg>
<arg>${colnum}</arg>
<arg>${cell_value}</arg>
<arg>${sheetname}</arg>
<doc>Writes value to the cell.</doc>
<status status="PASS" starttime="20241017 05:08:06.330" endtime="20241017 05:08:06.330"/>
</kw>
<kw name="Save Excel Document" library="ExcelLibrary">
<arg>${filepath}</arg>
<doc>Saves the current document to disk.</doc>
<status status="PASS" starttime="20241017 05:08:06.330" endtime="20241017 05:08:06.362"/>
</kw>
<kw name="Close Current Excel Document" library="ExcelLibrary">
<doc>Closes current document.</doc>
<status status="PASS" starttime="20241017 05:08:06.362" endtime="20241017 05:08:06.362"/>
</kw>
<status status="PASS" starttime="20241017 05:08:06.316" endtime="20241017 05:08:06.362"/>
</kw>
<status status="PASS" starttime="20241017 05:05:26.514" endtime="20241017 05:08:06.362"/>
</kw>
<tag>verifyparam</tag>
<status status="PASS" starttime="20241017 05:05:26.512" endtime="20241017 05:08:06.362"/>
</test>
<status status="PASS" starttime="20241017 05:05:23.873" endtime="20241017 05:08:06.362"/>
</suite>
<doc>Testing functionality through Robot Framework</doc>
<meta name="environment">Dev</meta>
<meta name="test_browser_name">chrome</meta>
<meta name="test_browser_version">129.0.6668.101</meta>
<meta name="test_driver_version">128.0.6613.119 </meta>
<meta name="test_environment">Dev</meta>
<meta name="test_freeze_dependencies">astroid==3.2.3,attrs==23.2.0,beautifulsoup4==4.12.3,bs4==0.0.2,certifi==2024.7.4,cffi==1.16.0,chardet==5.2.0,charset-normalizer==3.3.2,click==8.1.7,colorama==0.4.6,cryptography==42.0.8,defusedxml==0.7.1,dill==0.3.8,docutils==0.21.2,et-xmlfile==1.1.0,ExcelLib==0.0.1b2,exceptiongroup==1.2.2,gitdb==4.0.11,GitPython==3.1.43,h11==0.14.0,idna==3.7,isort==5.13.2,Jinja2==3.1.4,jira==3.8.0,jsonpath-ng==1.6.1,jsonschema==4.23.0,jsonschema-specifications==2023.12.1,lazy-object-proxy==1.10.0,lxml==5.2.2,markdown-it-py==3.0.0,MarkupSafe==2.1.5,mccabe==0.7.0,mdurl==0.1.2,natsort==8.4.0,numpy==2.0.0,oauthlib==3.2.2,openpyxl==3.1.5,outcome==1.3.0.post0,packaging==24.1,pandas==2.2.2,pathspec==0.11.2,pillow==10.4.0,pip==24.1.2,platformdirs==4.2.2,ply==3.11,pycparser==2.22,Pygments==2.18.0,pylint==3.2.5,PySocks==1.7.1,python-dateutil==2.9.0.post0,pytz==2024.1,pywin32==306,PyYAML==6.0.1,referencing==0.35.1,requests==2.32.3,requests-oauthlib==2.0.0,requests-toolbelt==1.0.0,rich==13.7.1,rich-click==1.6.1,robotframework==6.0.2,robotframework-datadriver==1.9.0,robotframework-excellib==2.0.1,robotframework-jsonlibrary==0.5,robotframework-pabot==2.16.0,robotframework-pythonlibcore==4.2.0,robotframework-requests==0.9.2,robotframework-sapguilibrary==1.1,robotframework-seleniumlibrary==5.1.3,robotframework-stacktrace==0.4.1,robotframework-tidy==4.5.0,rpds-py==0.19.0,selenium==4.9.1,setuptools==71.0.2,six==1.16.0,smmap==5.0.1,sniffio==1.3.1,sortedcontainers==2.4.0,soupsieve==2.5,tomli==2.0.1,tomlkit==0.13.0,trio==0.26.0,trio-websocket==0.11.1,typing_extensions==4.12.2,tzdata==2024.1,urllib3==2.2.2,wheel==0.43.0,wrapt==1.16.0,wsproto==1.2.0,xlrd==2.0.1,XlsxWriter==3.2.0</meta>
<status status="PASS" starttime="20241017 05:05:20.110" endtime="20241017 05:08:06.410"/>
</suite>
<statistics>
<total>
<stat pass="1" fail="0" skip="0">All Tests</stat>
</total>
<tag>
<stat pass="1" fail="0" skip="0">verifyparam</stat>
</tag>
<suite>
<stat pass="1" fail="0" skip="0" id="s1" name="Tests">Tests</stat>
<stat pass="1" fail="0" skip="0" id="s1-s1" name="Test Verify parameter values">Tests.Test Verify parameter values</stat>
</suite>
</statistics>
<errors>
</errors>
</robot>
