<?xml version="1.0" encoding="UTF-8"?>
<robot generator="Robot 6.0.2 (Python 3.12.1 on win32)" generated="20240222 13:21:18.438" rpa="false" schemaversion="3">
<suite id="s1" name="Tests" source="C:\SAP_Testing\SAPtesting\Tests">
<kw name="Setup highest level suite" type="SETUP">
<kw name="Set Variable" library="BuiltIn">
<var>${d.test_server}</var>
<arg>${test_server}</arg>
<doc>Returns the given values which can then be assigned to a variables.</doc>
<msg timestamp="20240222 13:21:19.099" level="INFO">${d.test_server} = Dev</msg>
<status status="PASS" starttime="20240222 13:21:19.099" endtime="20240222 13:21:19.100"/>
</kw>
<kw name="Reset screenshot count variable" library="Support">
<kw name="Set Variable" library="BuiltIn">
<var>${screenshotCount}</var>
<arg>${PABOTQUEUEINDEX}_1</arg>
<doc>Returns the given values which can then be assigned to a variables.</doc>
<msg timestamp="20240222 13:21:19.101" level="INFO">${screenshotCount} = 0_1</msg>
<status status="PASS" starttime="20240222 13:21:19.100" endtime="20240222 13:21:19.101"/>
</kw>
<kw name="Set Global Variable" library="BuiltIn">
<arg>${screenshotCount}</arg>
<doc>Makes a variable available globally in all tests and suites.</doc>
<msg timestamp="20240222 13:21:19.102" level="INFO">${screenshotCount} = 0_1</msg>
<status status="PASS" starttime="20240222 13:21:19.101" endtime="20240222 13:21:19.102"/>
</kw>
<kw name="Set up screenshot directory" library="Support">
<kw name="Create Directory" library="OperatingSystem">
<arg>${OUTPUTDIR}${/}${wvar('screenshot_dir')}</arg>
<doc>Creates the specified directory.</doc>
<msg timestamp="20240222 13:21:19.103" level="INFO">Web.Dev.screenshot_dir: Screenshot</msg>
<msg timestamp="20240222 13:21:19.105" level="INFO" html="true">Created directory '&lt;a href="file://C:\SAP_Testing\SAPtesting\Output\pabot_results\0\Screenshot"&gt;C:\SAP_Testing\SAPtesting\Output\pabot_results\0\Screenshot&lt;/a&gt;'.</msg>
<status status="PASS" starttime="20240222 13:21:19.102" endtime="20240222 13:21:19.105"/>
</kw>
<status status="PASS" starttime="20240222 13:21:19.102" endtime="20240222 13:21:19.105"/>
</kw>
<status status="PASS" starttime="20240222 13:21:19.100" endtime="20240222 13:21:19.105"/>
</kw>
<kw name="Set Global Variable" library="BuiltIn">
<arg>${screenshot_taking}</arg>
<arg>${True}</arg>
<doc>Makes a variable available globally in all tests and suites.</doc>
<msg timestamp="20240222 13:21:19.106" level="INFO">${screenshot_taking} = True</msg>
<status status="PASS" starttime="20240222 13:21:19.105" endtime="20240222 13:21:19.106"/>
</kw>
<kw name="Setup linux execution" library="Support">
<kw name="Run Keyword And Return Status" library="BuiltIn">
<var>${web_test_check}</var>
<arg>Variable Should Exist</arg>
<arg>${web_test}</arg>
<doc>Runs the given keyword with given arguments and returns the status as a Boolean value.</doc>
<kw name="Variable Should Exist" library="BuiltIn">
<arg>${web_test}</arg>
<doc>Fails unless the given variable exists within the current scope.</doc>
<status status="PASS" starttime="20240222 13:21:19.107" endtime="20240222 13:21:19.107"/>
</kw>
<msg timestamp="20240222 13:21:19.107" level="INFO">${web_test_check} = True</msg>
<status status="PASS" starttime="20240222 13:21:19.106" endtime="20240222 13:21:19.107"/>
</kw>
<kw name="Run Keyword If" library="BuiltIn">
<arg>${web_test_check}</arg>
<arg>Setup Docker Execution Options</arg>
<doc>Runs the given keyword with the given arguments, if ``condition`` is true.</doc>
<kw name="Setup Docker Execution Options" library="Support_Web">
<kw name="Setup Suite Metadata" library="Support_Web">
<arg>${browser}</arg>
<kw name="Get Browser Metadata" library="BrowserSupport">
<var>&amp;{browser_information}</var>
<arg>browser=${browser}</arg>
<doc>Fetches browser metadata information
:param browser: Name of the browser for which information is fetched
:param reload: Re-read the metadata based on the browser
:return: Browser metadata information, dict of format
            {"browser_version": browser version value,
             "driver_version": driver version value}</doc>
<msg timestamp="20240222 13:21:22.324" level="INFO">&amp;{browser_information} = { browser_version=122.0.6261.57 | driver_version=121.0.6167.85  }</msg>
<status status="PASS" starttime="20240222 13:21:19.108" endtime="20240222 13:21:22.324"/>
</kw>
<kw name="Set Suite Metadata" library="BuiltIn">
<arg>test_browser_name</arg>
<arg>${browser}</arg>
<doc>Sets metadata for the current test suite.</doc>
<msg timestamp="20240222 13:21:22.324" level="INFO">Set suite metadata 'test_browser_name' to value 'chrome'.</msg>
<status status="PASS" starttime="20240222 13:21:22.324" endtime="20240222 13:21:22.324"/>
</kw>
<kw name="Set Suite Metadata" library="BuiltIn">
<arg>test_browser_version</arg>
<arg>${browser_information.browser_version}</arg>
<doc>Sets metadata for the current test suite.</doc>
<msg timestamp="20240222 13:21:22.324" level="INFO">Set suite metadata 'test_browser_version' to value '122.0.6261.57'.</msg>
<status status="PASS" starttime="20240222 13:21:22.324" endtime="20240222 13:21:22.324"/>
</kw>
<kw name="Set Suite Metadata" library="BuiltIn">
<arg>test_driver_version</arg>
<arg>${browser_information.driver_version}</arg>
<doc>Sets metadata for the current test suite.</doc>
<msg timestamp="20240222 13:21:22.324" level="INFO">Set suite metadata 'test_driver_version' to value '121.0.6167.85 '.</msg>
<status status="PASS" starttime="20240222 13:21:22.324" endtime="20240222 13:21:22.324"/>
</kw>
<status status="PASS" starttime="20240222 13:21:19.108" endtime="20240222 13:21:22.324"/>
</kw>
<kw name="Setup Global Docker Execution Options" library="Support_Web">
<kw name="Set Global Variable" library="BuiltIn">
<arg>${global_browser_options}</arg>
<arg>None</arg>
<doc>Makes a variable available globally in all tests and suites.</doc>
<msg timestamp="20240222 13:21:22.324" level="INFO">${global_browser_options} = None</msg>
<status status="PASS" starttime="20240222 13:21:22.324" endtime="20240222 13:21:22.324"/>
</kw>
<kw name="Get Environment Variable" library="OperatingSystem">
<var>${docker_check}</var>
<arg>EXECUTION_ENVIRONMENT</arg>
<arg>not_found</arg>
<doc>Returns the value of an environment variable with the given name.</doc>
<msg timestamp="20240222 13:21:22.329" level="INFO">${docker_check} = not_found</msg>
<status status="PASS" starttime="20240222 13:21:22.324" endtime="20240222 13:21:22.330"/>
</kw>
<kw name="Run Keyword And Return If" library="BuiltIn">
<arg>"${docker_check}"!="docker"</arg>
<arg>Log</arg>
<arg>Not executing on Docker</arg>
<doc>Runs the specified keyword and returns from the enclosing user keyword.</doc>
<kw name="Log" library="BuiltIn">
<arg>Not executing on Docker</arg>
<doc>Logs the given message with the given level.</doc>
<msg timestamp="20240222 13:21:22.330" level="INFO">Not executing on Docker</msg>
<status status="PASS" starttime="20240222 13:21:22.330" endtime="20240222 13:21:22.330"/>
</kw>
<msg timestamp="20240222 13:21:22.330" level="INFO">Returning from the enclosing user keyword.</msg>
<status status="PASS" starttime="20240222 13:21:22.330" endtime="20240222 13:21:22.330"/>
</kw>
<kw name="Create List" library="BuiltIn">
<var>@{options}</var>
<arg>--headless</arg>
<arg>--no-sandbox</arg>
<arg>--disable-dev-shm-usage</arg>
<doc>Returns a list containing given items.</doc>
<status status="NOT RUN" starttime="20240222 13:21:22.330" endtime="20240222 13:21:22.330"/>
</kw>
<kw name="Set Global Variable" library="BuiltIn">
<arg>@{docker_options}</arg>
<arg>@{options}</arg>
<doc>Makes a variable available globally in all tests and suites.</doc>
<status status="NOT RUN" starttime="20240222 13:21:22.330" endtime="20240222 13:21:22.330"/>
</kw>
<status status="PASS" starttime="20240222 13:21:22.324" endtime="20240222 13:21:22.330"/>
</kw>
<kw name="Create Webdriver for chrome preferences" library="Support_Web">
<kw name="Update Docker Execution Options" library="Support_Web">
<var>${list_prefs}</var>
<arg>${list_prefs}</arg>
<kw name="Run Keyword And Return Status" library="BuiltIn">
<var>${docker_check}</var>
<arg>Variable Should Exist</arg>
<arg>${docker_options}</arg>
<doc>Runs the given keyword with given arguments and returns the status as a Boolean value.</doc>
<kw name="Variable Should Exist" library="BuiltIn">
<arg>${docker_options}</arg>
<doc>Fails unless the given variable exists within the current scope.</doc>
<msg timestamp="20240222 13:21:22.330" level="FAIL">Variable '${docker_options}' does not exist.</msg>
<status status="FAIL" starttime="20240222 13:21:22.330" endtime="20240222 13:21:22.330"/>
</kw>
<msg timestamp="20240222 13:21:22.330" level="INFO">${docker_check} = False</msg>
<status status="PASS" starttime="20240222 13:21:22.330" endtime="20240222 13:21:22.330"/>
</kw>
<kw name="Get Length" library="BuiltIn">
<var>${list_prefs_length}</var>
<arg>${list_prefs}</arg>
<doc>Returns and logs the length of the given item as an integer.</doc>
<msg timestamp="20240222 13:21:22.330" level="INFO">Length is 1</msg>
<msg timestamp="20240222 13:21:22.330" level="INFO">${list_prefs_length} = 1</msg>
<status status="PASS" starttime="20240222 13:21:22.330" endtime="20240222 13:21:22.330"/>
</kw>
<kw name="Run Keyword If" library="BuiltIn">
<var>${list_prefs}</var>
<arg>${docker_check} and ${list_prefs_length}&gt;0 and ${list_prefs}[0] != []</arg>
<arg>Combine Lists</arg>
<arg>${list_prefs}</arg>
<arg>${docker_options}</arg>
<arg>ELSE IF</arg>
<arg>${docker_check}</arg>
<arg>Set Variable</arg>
<arg>${docker_options}</arg>
<arg>ELSE</arg>
<arg>Set Variable</arg>
<arg>${list_prefs}</arg>
<doc>Runs the given keyword with the given arguments, if ``condition`` is true.</doc>
<kw name="Set Variable" library="BuiltIn">
<arg>${list_prefs}</arg>
<doc>Returns the given values which can then be assigned to a variables.</doc>
<status status="PASS" starttime="20240222 13:21:22.330" endtime="20240222 13:21:22.330"/>
</kw>
<msg timestamp="20240222 13:21:22.330" level="INFO">${list_prefs} = [[]]</msg>
<status status="PASS" starttime="20240222 13:21:22.330" endtime="20240222 13:21:22.330"/>
</kw>
<msg timestamp="20240222 13:21:22.330" level="INFO">${list_prefs} = [[]]</msg>
<status status="PASS" starttime="20240222 13:21:22.330" endtime="20240222 13:21:22.330"/>
</kw>
<kw name="Create Chrome Options for download preferences" library="Support_Web">
<var>${chrome_options}</var>
<kw name="Evaluate" library="BuiltIn">
<var>${chrome_options}</var>
<arg>sys.modules['selenium.webdriver'].ChromeOptions()</arg>
<arg>sys</arg>
<doc>Evaluates the given expression in Python and returns the result.</doc>
<msg timestamp="20240222 13:21:22.330" level="INFO">${chrome_options} = &lt;selenium.webdriver.chrome.options.Options object at 0x0000022811D7D4C0&gt;</msg>
<status status="PASS" starttime="20240222 13:21:22.330" endtime="20240222 13:21:22.330"/>
</kw>
<msg timestamp="20240222 13:21:22.330" level="INFO">${chrome_options} = &lt;selenium.webdriver.chrome.options.Options object at 0x0000022811D7D4C0&gt;</msg>
<status status="PASS" starttime="20240222 13:21:22.330" endtime="20240222 13:21:22.330"/>
</kw>
<kw name="Update Preferences List" library="Support_Web">
<arg>${chrome_options}</arg>
<arg>@{list_prefs}</arg>
<kw name="Convert To String" library="BuiltIn">
<var>${string_prefs}</var>
<arg>${list_prefs}</arg>
<doc>Converts the given item to a Unicode string.</doc>
<msg timestamp="20240222 13:21:22.330" level="INFO">${string_prefs} = [[]]</msg>
<status status="PASS" starttime="20240222 13:21:22.330" endtime="20240222 13:21:22.330"/>
</kw>
<kw name="Return From Keyword If" library="BuiltIn">
<arg>${string_prefs} == [[]]</arg>
<doc>Returns from the enclosing user keyword if ``condition`` is true.</doc>
<msg timestamp="20240222 13:21:22.339" level="INFO">Returning from the enclosing user keyword.</msg>
<status status="PASS" starttime="20240222 13:21:22.330" endtime="20240222 13:21:22.339"/>
</kw>
<for flavor="IN">
<var>${preference}</var>
<value>@{list_prefs}</value>
<iter>
<var name="${preference}"/>
<kw name="Call Method" library="BuiltIn">
<arg>${chrome_options}</arg>
<arg>add_argument</arg>
<arg>${preference}</arg>
<doc>Calls the named method of the given object with the provided arguments.</doc>
<status status="NOT RUN" starttime="20240222 13:21:22.339" endtime="20240222 13:21:22.339"/>
</kw>
<status status="NOT RUN" starttime="20240222 13:21:22.339" endtime="20240222 13:21:22.339"/>
</iter>
<status status="NOT RUN" starttime="20240222 13:21:22.339" endtime="20240222 13:21:22.339"/>
</for>
<status status="PASS" starttime="20240222 13:21:22.330" endtime="20240222 13:21:22.339"/>
</kw>
<kw name="Call Method" library="BuiltIn">
<arg>${chrome_options}</arg>
<arg>add_experimental_option</arg>
<arg>prefs</arg>
<arg>${kw_prefs}</arg>
<doc>Calls the named method of the given object with the provided arguments.</doc>
<status status="PASS" starttime="20240222 13:21:22.339" endtime="20240222 13:21:22.339"/>
</kw>
<kw name="Set Global Variable" library="BuiltIn">
<arg>${global_browser_options}</arg>
<arg>${chrome options}</arg>
<doc>Makes a variable available globally in all tests and suites.</doc>
<msg timestamp="20240222 13:21:22.339" level="INFO">${global_browser_options} = &lt;selenium.webdriver.chrome.options.Options object at 0x0000022811D7D4C0&gt;</msg>
<status status="PASS" starttime="20240222 13:21:22.339" endtime="20240222 13:21:22.339"/>
</kw>
<status status="PASS" starttime="20240222 13:21:22.330" endtime="20240222 13:21:22.339"/>
</kw>
<status status="PASS" starttime="20240222 13:21:19.108" endtime="20240222 13:21:22.342"/>
</kw>
<status status="PASS" starttime="20240222 13:21:19.107" endtime="20240222 13:21:22.342"/>
</kw>
<status status="PASS" starttime="20240222 13:21:19.106" endtime="20240222 13:21:22.342"/>
</kw>
<kw name="Set Suite Metadata" library="BuiltIn">
<arg>environment</arg>
<arg>${test_server}</arg>
<doc>Sets metadata for the current test suite.</doc>
<msg timestamp="20240222 13:21:22.342" level="INFO">Set suite metadata 'environment' to value 'Dev'.</msg>
<status status="PASS" starttime="20240222 13:21:22.342" endtime="20240222 13:21:22.342"/>
</kw>
<status status="PASS" starttime="20240222 13:21:19.098" endtime="20240222 13:21:22.342"/>
</kw>
<suite id="s1-s1" name="Test FB70" source="C:\SAP_Testing\SAPtesting\Tests\Test_FB70.robot">
<kw name="SAP logon" library="FB70" type="SETUP">
<kw name="SAP logon" library="FB70">
<kw name="SAP logon" library="FB70">
<kw name="SAP logon" library="FB70">
<kw name="SAP logon" library="FB70">
<kw name="SAP logon" library="FB70">
<kw name="SAP logon" library="FB70">
<kw name="SAP logon" library="FB70">
<kw name="SAP logon" library="FB70">
<kw name="SAP logon" library="FB70">
<kw name="SAP logon" library="FB70">
<kw name="SAP logon" library="FB70">
<kw name="SAP logon" library="FB70">
<kw name="SAP logon" library="FB70">
<kw name="SAP logon" library="FB70">
<kw name="SAP logon" library="FB70">
<kw name="SAP logon" library="FB70">
<kw name="SAP logon" library="FB70">
<kw name="SAP logon" library="FB70">
<kw name="SAP logon" library="FB70">
<kw name="SAP logon" library="FB70">
<kw name="SAP logon" library="FB70">
<kw name="SAP logon" library="FB70">
<kw name="SAP logon" library="FB70">
<kw name="SAP logon" library="FB70">
<kw name="SAP logon" library="FB70">
<kw name="SAP logon" library="FB70">
<kw name="SAP logon" library="FB70">
<kw name="SAP logon" library="FB70">
<kw name="SAP logon" library="FB70">
<kw name="SAP logon" library="FB70">
<kw name="SAP logon" library="FB70">
<kw name="SAP logon" library="FB70">
<kw name="SAP logon" library="FB70">
<kw name="SAP logon" library="FB70">
<kw name="SAP logon" library="FB70">
<kw name="SAP logon" library="FB70">
<kw name="SAP logon" library="FB70">
<kw name="SAP logon" library="FB70">
<kw name="SAP logon" library="FB70">
<kw name="SAP logon" library="FB70">
<kw name="SAP logon" library="FB70">
<kw name="SAP logon" library="FB70">
<kw name="SAP logon" library="FB70">
<kw name="SAP logon" library="FB70">
<kw name="SAP logon" library="FB70">
<kw name="SAP logon" library="FB70">
<kw name="SAP logon" library="FB70">
<kw name="SAP logon" library="FB70">
<kw name="SAP logon" library="FB70">
<kw name="SAP logon" library="FB70">
<kw name="SAP logon" library="FB70">
<kw name="SAP logon" library="FB70">
<kw name="SAP logon" library="FB70">
<kw name="SAP logon" library="FB70">
<kw name="SAP logon" library="FB70">
<kw name="SAP logon" library="FB70">
<kw name="SAP logon" library="FB70">
<kw name="SAP logon" library="FB70">
<kw name="SAP logon" library="FB70">
<kw name="SAP logon" library="FB70">
<kw name="SAP logon" library="FB70">
<kw name="SAP logon" library="FB70">
<kw name="SAP logon" library="FB70">
<kw name="SAP logon" library="FB70">
<kw name="SAP logon" library="FB70">
<kw name="SAP logon" library="FB70">
<kw name="SAP logon" library="FB70">
<kw name="SAP logon" library="FB70">
<kw name="SAP logon" library="FB70">
<kw name="SAP logon" library="FB70">
<kw name="SAP logon" library="FB70">
<kw name="SAP logon" library="FB70">
<kw name="SAP logon" library="FB70">
<kw name="SAP logon" library="FB70">
<kw name="SAP logon" library="FB70">
<kw name="SAP logon" library="FB70">
<kw name="SAP logon" library="FB70">
<kw name="SAP logon" library="FB70">
<kw name="SAP logon" library="FB70">
<kw name="SAP logon" library="FB70">
<kw name="SAP logon" library="FB70">
<kw name="SAP logon" library="FB70">
<kw name="SAP logon" library="FB70">
<kw name="SAP logon" library="FB70">
<kw name="SAP logon" library="FB70">
<kw name="SAP logon" library="FB70">
<kw name="SAP logon" library="FB70">
<kw name="SAP logon" library="FB70">
<kw name="SAP logon" library="FB70">
<kw name="SAP logon" library="FB70">
<kw name="SAP logon" library="FB70">
<kw name="SAP logon" library="FB70">
<kw name="SAP logon" library="FB70">
<kw name="SAP logon" library="FB70">
<kw name="SAP logon" library="FB70">
<kw name="SAP logon" library="FB70">
<kw name="SAP logon" library="FB70">
<kw name="SAP logon" library="FB70">
<kw name="SAP logon" library="FB70">
<msg timestamp="20240222 13:21:22.641" level="FAIL">Maximum limit of started keywords and control structures exceeded.</msg>
<status status="FAIL" starttime="20240222 13:21:22.632" endtime="20240222 13:21:22.641"/>
</kw>
<msg timestamp="20240222 13:21:22.643" level="FAIL">Maximum limit of started keywords and control structures exceeded.</msg>
<status status="FAIL" starttime="20240222 13:21:22.632" endtime="20240222 13:21:22.643"/>
</kw>
<msg timestamp="20240222 13:21:22.643" level="FAIL">Maximum limit of started keywords and control structures exceeded.</msg>
<status status="FAIL" starttime="20240222 13:21:22.632" endtime="20240222 13:21:22.643"/>
</kw>
<msg timestamp="20240222 13:21:22.643" level="FAIL">Maximum limit of started keywords and control structures exceeded.</msg>
<status status="FAIL" starttime="20240222 13:21:22.632" endtime="20240222 13:21:22.643"/>
</kw>
<msg timestamp="20240222 13:21:22.643" level="FAIL">Maximum limit of started keywords and control structures exceeded.</msg>
<status status="FAIL" starttime="20240222 13:21:22.632" endtime="20240222 13:21:22.643"/>
</kw>
<msg timestamp="20240222 13:21:22.643" level="FAIL">Maximum limit of started keywords and control structures exceeded.</msg>
<status status="FAIL" starttime="20240222 13:21:22.632" endtime="20240222 13:21:22.643"/>
</kw>
<msg timestamp="20240222 13:21:22.643" level="FAIL">Maximum limit of started keywords and control structures exceeded.</msg>
<status status="FAIL" starttime="20240222 13:21:22.632" endtime="20240222 13:21:22.643"/>
</kw>
<msg timestamp="20240222 13:21:22.643" level="FAIL">Maximum limit of started keywords and control structures exceeded.</msg>
<status status="FAIL" starttime="20240222 13:21:22.632" endtime="20240222 13:21:22.643"/>
</kw>
<msg timestamp="20240222 13:21:22.643" level="FAIL">Maximum limit of started keywords and control structures exceeded.</msg>
<status status="FAIL" starttime="20240222 13:21:22.632" endtime="20240222 13:21:22.643"/>
</kw>
<msg timestamp="20240222 13:21:22.643" level="FAIL">Maximum limit of started keywords and control structures exceeded.</msg>
<status status="FAIL" starttime="20240222 13:21:22.632" endtime="20240222 13:21:22.643"/>
</kw>
<msg timestamp="20240222 13:21:22.643" level="FAIL">Maximum limit of started keywords and control structures exceeded.</msg>
<status status="FAIL" starttime="20240222 13:21:22.632" endtime="20240222 13:21:22.643"/>
</kw>
<msg timestamp="20240222 13:21:22.643" level="FAIL">Maximum limit of started keywords and control structures exceeded.</msg>
<status status="FAIL" starttime="20240222 13:21:22.632" endtime="20240222 13:21:22.643"/>
</kw>
<msg timestamp="20240222 13:21:22.643" level="FAIL">Maximum limit of started keywords and control structures exceeded.</msg>
<status status="FAIL" starttime="20240222 13:21:22.632" endtime="20240222 13:21:22.643"/>
</kw>
<msg timestamp="20240222 13:21:22.643" level="FAIL">Maximum limit of started keywords and control structures exceeded.</msg>
<status status="FAIL" starttime="20240222 13:21:22.632" endtime="20240222 13:21:22.643"/>
</kw>
<msg timestamp="20240222 13:21:22.643" level="FAIL">Maximum limit of started keywords and control structures exceeded.</msg>
<status status="FAIL" starttime="20240222 13:21:22.632" endtime="20240222 13:21:22.643"/>
</kw>
<msg timestamp="20240222 13:21:22.643" level="FAIL">Maximum limit of started keywords and control structures exceeded.</msg>
<status status="FAIL" starttime="20240222 13:21:22.632" endtime="20240222 13:21:22.643"/>
</kw>
<msg timestamp="20240222 13:21:22.643" level="FAIL">Maximum limit of started keywords and control structures exceeded.</msg>
<status status="FAIL" starttime="20240222 13:21:22.632" endtime="20240222 13:21:22.643"/>
</kw>
<msg timestamp="20240222 13:21:22.643" level="FAIL">Maximum limit of started keywords and control structures exceeded.</msg>
<status status="FAIL" starttime="20240222 13:21:22.632" endtime="20240222 13:21:22.643"/>
</kw>
<msg timestamp="20240222 13:21:22.643" level="FAIL">Maximum limit of started keywords and control structures exceeded.</msg>
<status status="FAIL" starttime="20240222 13:21:22.632" endtime="20240222 13:21:22.643"/>
</kw>
<msg timestamp="20240222 13:21:22.643" level="FAIL">Maximum limit of started keywords and control structures exceeded.</msg>
<status status="FAIL" starttime="20240222 13:21:22.632" endtime="20240222 13:21:22.643"/>
</kw>
<msg timestamp="20240222 13:21:22.643" level="FAIL">Maximum limit of started keywords and control structures exceeded.</msg>
<status status="FAIL" starttime="20240222 13:21:22.632" endtime="20240222 13:21:22.643"/>
</kw>
<msg timestamp="20240222 13:21:22.643" level="FAIL">Maximum limit of started keywords and control structures exceeded.</msg>
<status status="FAIL" starttime="20240222 13:21:22.632" endtime="20240222 13:21:22.643"/>
</kw>
<msg timestamp="20240222 13:21:22.643" level="FAIL">Maximum limit of started keywords and control structures exceeded.</msg>
<status status="FAIL" starttime="20240222 13:21:22.632" endtime="20240222 13:21:22.643"/>
</kw>
<msg timestamp="20240222 13:21:22.643" level="FAIL">Maximum limit of started keywords and control structures exceeded.</msg>
<status status="FAIL" starttime="20240222 13:21:22.632" endtime="20240222 13:21:22.643"/>
</kw>
<msg timestamp="20240222 13:21:22.643" level="FAIL">Maximum limit of started keywords and control structures exceeded.</msg>
<status status="FAIL" starttime="20240222 13:21:22.632" endtime="20240222 13:21:22.643"/>
</kw>
<msg timestamp="20240222 13:21:22.643" level="FAIL">Maximum limit of started keywords and control structures exceeded.</msg>
<status status="FAIL" starttime="20240222 13:21:22.632" endtime="20240222 13:21:22.643"/>
</kw>
<msg timestamp="20240222 13:21:22.643" level="FAIL">Maximum limit of started keywords and control structures exceeded.</msg>
<status status="FAIL" starttime="20240222 13:21:22.632" endtime="20240222 13:21:22.643"/>
</kw>
<msg timestamp="20240222 13:21:22.643" level="FAIL">Maximum limit of started keywords and control structures exceeded.</msg>
<status status="FAIL" starttime="20240222 13:21:22.632" endtime="20240222 13:21:22.643"/>
</kw>
<msg timestamp="20240222 13:21:22.643" level="FAIL">Maximum limit of started keywords and control structures exceeded.</msg>
<status status="FAIL" starttime="20240222 13:21:22.632" endtime="20240222 13:21:22.643"/>
</kw>
<msg timestamp="20240222 13:21:22.643" level="FAIL">Maximum limit of started keywords and control structures exceeded.</msg>
<status status="FAIL" starttime="20240222 13:21:22.632" endtime="20240222 13:21:22.643"/>
</kw>
<msg timestamp="20240222 13:21:22.643" level="FAIL">Maximum limit of started keywords and control structures exceeded.</msg>
<status status="FAIL" starttime="20240222 13:21:22.632" endtime="20240222 13:21:22.643"/>
</kw>
<msg timestamp="20240222 13:21:22.643" level="FAIL">Maximum limit of started keywords and control structures exceeded.</msg>
<status status="FAIL" starttime="20240222 13:21:22.632" endtime="20240222 13:21:22.643"/>
</kw>
<msg timestamp="20240222 13:21:22.657" level="FAIL">Maximum limit of started keywords and control structures exceeded.</msg>
<status status="FAIL" starttime="20240222 13:21:22.632" endtime="20240222 13:21:22.657"/>
</kw>
<msg timestamp="20240222 13:21:22.657" level="FAIL">Maximum limit of started keywords and control structures exceeded.</msg>
<status status="FAIL" starttime="20240222 13:21:22.632" endtime="20240222 13:21:22.657"/>
</kw>
<msg timestamp="20240222 13:21:22.657" level="FAIL">Maximum limit of started keywords and control structures exceeded.</msg>
<status status="FAIL" starttime="20240222 13:21:22.632" endtime="20240222 13:21:22.657"/>
</kw>
<msg timestamp="20240222 13:21:22.657" level="FAIL">Maximum limit of started keywords and control structures exceeded.</msg>
<status status="FAIL" starttime="20240222 13:21:22.632" endtime="20240222 13:21:22.657"/>
</kw>
<msg timestamp="20240222 13:21:22.657" level="FAIL">Maximum limit of started keywords and control structures exceeded.</msg>
<status status="FAIL" starttime="20240222 13:21:22.632" endtime="20240222 13:21:22.657"/>
</kw>
<msg timestamp="20240222 13:21:22.657" level="FAIL">Maximum limit of started keywords and control structures exceeded.</msg>
<status status="FAIL" starttime="20240222 13:21:22.632" endtime="20240222 13:21:22.657"/>
</kw>
<msg timestamp="20240222 13:21:22.657" level="FAIL">Maximum limit of started keywords and control structures exceeded.</msg>
<status status="FAIL" starttime="20240222 13:21:22.632" endtime="20240222 13:21:22.657"/>
</kw>
<msg timestamp="20240222 13:21:22.657" level="FAIL">Maximum limit of started keywords and control structures exceeded.</msg>
<status status="FAIL" starttime="20240222 13:21:22.625" endtime="20240222 13:21:22.657"/>
</kw>
<msg timestamp="20240222 13:21:22.657" level="FAIL">Maximum limit of started keywords and control structures exceeded.</msg>
<status status="FAIL" starttime="20240222 13:21:22.625" endtime="20240222 13:21:22.657"/>
</kw>
<msg timestamp="20240222 13:21:22.657" level="FAIL">Maximum limit of started keywords and control structures exceeded.</msg>
<status status="FAIL" starttime="20240222 13:21:22.625" endtime="20240222 13:21:22.657"/>
</kw>
<msg timestamp="20240222 13:21:22.657" level="FAIL">Maximum limit of started keywords and control structures exceeded.</msg>
<status status="FAIL" starttime="20240222 13:21:22.625" endtime="20240222 13:21:22.657"/>
</kw>
<msg timestamp="20240222 13:21:22.657" level="FAIL">Maximum limit of started keywords and control structures exceeded.</msg>
<status status="FAIL" starttime="20240222 13:21:22.625" endtime="20240222 13:21:22.657"/>
</kw>
<msg timestamp="20240222 13:21:22.657" level="FAIL">Maximum limit of started keywords and control structures exceeded.</msg>
<status status="FAIL" starttime="20240222 13:21:22.625" endtime="20240222 13:21:22.657"/>
</kw>
<msg timestamp="20240222 13:21:22.657" level="FAIL">Maximum limit of started keywords and control structures exceeded.</msg>
<status status="FAIL" starttime="20240222 13:21:22.625" endtime="20240222 13:21:22.657"/>
</kw>
<msg timestamp="20240222 13:21:22.657" level="FAIL">Maximum limit of started keywords and control structures exceeded.</msg>
<status status="FAIL" starttime="20240222 13:21:22.625" endtime="20240222 13:21:22.657"/>
</kw>
<msg timestamp="20240222 13:21:22.657" level="FAIL">Maximum limit of started keywords and control structures exceeded.</msg>
<status status="FAIL" starttime="20240222 13:21:22.625" endtime="20240222 13:21:22.657"/>
</kw>
<msg timestamp="20240222 13:21:22.657" level="FAIL">Maximum limit of started keywords and control structures exceeded.</msg>
<status status="FAIL" starttime="20240222 13:21:22.625" endtime="20240222 13:21:22.657"/>
</kw>
<msg timestamp="20240222 13:21:22.657" level="FAIL">Maximum limit of started keywords and control structures exceeded.</msg>
<status status="FAIL" starttime="20240222 13:21:22.625" endtime="20240222 13:21:22.657"/>
</kw>
<msg timestamp="20240222 13:21:22.657" level="FAIL">Maximum limit of started keywords and control structures exceeded.</msg>
<status status="FAIL" starttime="20240222 13:21:22.625" endtime="20240222 13:21:22.657"/>
</kw>
<msg timestamp="20240222 13:21:22.657" level="FAIL">Maximum limit of started keywords and control structures exceeded.</msg>
<status status="FAIL" starttime="20240222 13:21:22.625" endtime="20240222 13:21:22.657"/>
</kw>
<msg timestamp="20240222 13:21:22.657" level="FAIL">Maximum limit of started keywords and control structures exceeded.</msg>
<status status="FAIL" starttime="20240222 13:21:22.625" endtime="20240222 13:21:22.657"/>
</kw>
<msg timestamp="20240222 13:21:22.657" level="FAIL">Maximum limit of started keywords and control structures exceeded.</msg>
<status status="FAIL" starttime="20240222 13:21:22.625" endtime="20240222 13:21:22.657"/>
</kw>
<msg timestamp="20240222 13:21:22.657" level="FAIL">Maximum limit of started keywords and control structures exceeded.</msg>
<status status="FAIL" starttime="20240222 13:21:22.625" endtime="20240222 13:21:22.657"/>
</kw>
<msg timestamp="20240222 13:21:22.657" level="FAIL">Maximum limit of started keywords and control structures exceeded.</msg>
<status status="FAIL" starttime="20240222 13:21:22.625" endtime="20240222 13:21:22.657"/>
</kw>
<msg timestamp="20240222 13:21:22.657" level="FAIL">Maximum limit of started keywords and control structures exceeded.</msg>
<status status="FAIL" starttime="20240222 13:21:22.625" endtime="20240222 13:21:22.657"/>
</kw>
<msg timestamp="20240222 13:21:22.657" level="FAIL">Maximum limit of started keywords and control structures exceeded.</msg>
<status status="FAIL" starttime="20240222 13:21:22.625" endtime="20240222 13:21:22.657"/>
</kw>
<msg timestamp="20240222 13:21:22.657" level="FAIL">Maximum limit of started keywords and control structures exceeded.</msg>
<status status="FAIL" starttime="20240222 13:21:22.625" endtime="20240222 13:21:22.657"/>
</kw>
<msg timestamp="20240222 13:21:22.657" level="FAIL">Maximum limit of started keywords and control structures exceeded.</msg>
<status status="FAIL" starttime="20240222 13:21:22.625" endtime="20240222 13:21:22.657"/>
</kw>
<msg timestamp="20240222 13:21:22.657" level="FAIL">Maximum limit of started keywords and control structures exceeded.</msg>
<status status="FAIL" starttime="20240222 13:21:22.625" endtime="20240222 13:21:22.657"/>
</kw>
<msg timestamp="20240222 13:21:22.657" level="FAIL">Maximum limit of started keywords and control structures exceeded.</msg>
<status status="FAIL" starttime="20240222 13:21:22.625" endtime="20240222 13:21:22.657"/>
</kw>
<msg timestamp="20240222 13:21:22.657" level="FAIL">Maximum limit of started keywords and control structures exceeded.</msg>
<status status="FAIL" starttime="20240222 13:21:22.625" endtime="20240222 13:21:22.657"/>
</kw>
<msg timestamp="20240222 13:21:22.657" level="FAIL">Maximum limit of started keywords and control structures exceeded.</msg>
<status status="FAIL" starttime="20240222 13:21:22.625" endtime="20240222 13:21:22.657"/>
</kw>
<msg timestamp="20240222 13:21:22.657" level="FAIL">Maximum limit of started keywords and control structures exceeded.</msg>
<status status="FAIL" starttime="20240222 13:21:22.625" endtime="20240222 13:21:22.657"/>
</kw>
<msg timestamp="20240222 13:21:22.657" level="FAIL">Maximum limit of started keywords and control structures exceeded.</msg>
<status status="FAIL" starttime="20240222 13:21:22.609" endtime="20240222 13:21:22.657"/>
</kw>
<msg timestamp="20240222 13:21:22.657" level="FAIL">Maximum limit of started keywords and control structures exceeded.</msg>
<status status="FAIL" starttime="20240222 13:21:22.609" endtime="20240222 13:21:22.657"/>
</kw>
<msg timestamp="20240222 13:21:22.657" level="FAIL">Maximum limit of started keywords and control structures exceeded.</msg>
<status status="FAIL" starttime="20240222 13:21:22.609" endtime="20240222 13:21:22.657"/>
</kw>
<msg timestamp="20240222 13:21:22.657" level="FAIL">Maximum limit of started keywords and control structures exceeded.</msg>
<status status="FAIL" starttime="20240222 13:21:22.609" endtime="20240222 13:21:22.657"/>
</kw>
<msg timestamp="20240222 13:21:22.657" level="FAIL">Maximum limit of started keywords and control structures exceeded.</msg>
<status status="FAIL" starttime="20240222 13:21:22.609" endtime="20240222 13:21:22.657"/>
</kw>
<msg timestamp="20240222 13:21:22.657" level="FAIL">Maximum limit of started keywords and control structures exceeded.</msg>
<status status="FAIL" starttime="20240222 13:21:22.609" endtime="20240222 13:21:22.657"/>
</kw>
<msg timestamp="20240222 13:21:22.657" level="FAIL">Maximum limit of started keywords and control structures exceeded.</msg>
<status status="FAIL" starttime="20240222 13:21:22.609" endtime="20240222 13:21:22.657"/>
</kw>
<msg timestamp="20240222 13:21:22.657" level="FAIL">Maximum limit of started keywords and control structures exceeded.</msg>
<status status="FAIL" starttime="20240222 13:21:22.609" endtime="20240222 13:21:22.657"/>
</kw>
<msg timestamp="20240222 13:21:22.657" level="FAIL">Maximum limit of started keywords and control structures exceeded.</msg>
<status status="FAIL" starttime="20240222 13:21:22.609" endtime="20240222 13:21:22.657"/>
</kw>
<msg timestamp="20240222 13:21:22.657" level="FAIL">Maximum limit of started keywords and control structures exceeded.</msg>
<status status="FAIL" starttime="20240222 13:21:22.609" endtime="20240222 13:21:22.657"/>
</kw>
<msg timestamp="20240222 13:21:22.657" level="FAIL">Maximum limit of started keywords and control structures exceeded.</msg>
<status status="FAIL" starttime="20240222 13:21:22.609" endtime="20240222 13:21:22.657"/>
</kw>
<msg timestamp="20240222 13:21:22.657" level="FAIL">Maximum limit of started keywords and control structures exceeded.</msg>
<status status="FAIL" starttime="20240222 13:21:22.609" endtime="20240222 13:21:22.657"/>
</kw>
<msg timestamp="20240222 13:21:22.657" level="FAIL">Maximum limit of started keywords and control structures exceeded.</msg>
<status status="FAIL" starttime="20240222 13:21:22.609" endtime="20240222 13:21:22.657"/>
</kw>
<msg timestamp="20240222 13:21:22.657" level="FAIL">Maximum limit of started keywords and control structures exceeded.</msg>
<status status="FAIL" starttime="20240222 13:21:22.609" endtime="20240222 13:21:22.657"/>
</kw>
<msg timestamp="20240222 13:21:22.657" level="FAIL">Maximum limit of started keywords and control structures exceeded.</msg>
<status status="FAIL" starttime="20240222 13:21:22.609" endtime="20240222 13:21:22.657"/>
</kw>
<msg timestamp="20240222 13:21:22.657" level="FAIL">Maximum limit of started keywords and control structures exceeded.</msg>
<status status="FAIL" starttime="20240222 13:21:22.609" endtime="20240222 13:21:22.657"/>
</kw>
<msg timestamp="20240222 13:21:22.657" level="FAIL">Maximum limit of started keywords and control structures exceeded.</msg>
<status status="FAIL" starttime="20240222 13:21:22.609" endtime="20240222 13:21:22.657"/>
</kw>
<msg timestamp="20240222 13:21:22.657" level="FAIL">Maximum limit of started keywords and control structures exceeded.</msg>
<status status="FAIL" starttime="20240222 13:21:22.609" endtime="20240222 13:21:22.657"/>
</kw>
<msg timestamp="20240222 13:21:22.657" level="FAIL">Maximum limit of started keywords and control structures exceeded.</msg>
<status status="FAIL" starttime="20240222 13:21:22.609" endtime="20240222 13:21:22.657"/>
</kw>
<msg timestamp="20240222 13:21:22.657" level="FAIL">Maximum limit of started keywords and control structures exceeded.</msg>
<status status="FAIL" starttime="20240222 13:21:22.609" endtime="20240222 13:21:22.657"/>
</kw>
<msg timestamp="20240222 13:21:22.657" level="FAIL">Maximum limit of started keywords and control structures exceeded.</msg>
<status status="FAIL" starttime="20240222 13:21:22.609" endtime="20240222 13:21:22.657"/>
</kw>
<msg timestamp="20240222 13:21:22.657" level="FAIL">Maximum limit of started keywords and control structures exceeded.</msg>
<status status="FAIL" starttime="20240222 13:21:22.609" endtime="20240222 13:21:22.657"/>
</kw>
<msg timestamp="20240222 13:21:22.657" level="FAIL">Maximum limit of started keywords and control structures exceeded.</msg>
<status status="FAIL" starttime="20240222 13:21:22.609" endtime="20240222 13:21:22.657"/>
</kw>
<msg timestamp="20240222 13:21:22.657" level="FAIL">Maximum limit of started keywords and control structures exceeded.</msg>
<status status="FAIL" starttime="20240222 13:21:22.609" endtime="20240222 13:21:22.657"/>
</kw>
<msg timestamp="20240222 13:21:22.672" level="FAIL">Maximum limit of started keywords and control structures exceeded.</msg>
<status status="FAIL" starttime="20240222 13:21:22.609" endtime="20240222 13:21:22.672"/>
</kw>
<msg timestamp="20240222 13:21:22.672" level="FAIL">Maximum limit of started keywords and control structures exceeded.</msg>
<status status="FAIL" starttime="20240222 13:21:22.609" endtime="20240222 13:21:22.672"/>
</kw>
<msg timestamp="20240222 13:21:22.672" level="FAIL">Maximum limit of started keywords and control structures exceeded.</msg>
<status status="FAIL" starttime="20240222 13:21:22.609" endtime="20240222 13:21:22.672"/>
</kw>
<msg timestamp="20240222 13:21:22.672" level="FAIL">Maximum limit of started keywords and control structures exceeded.</msg>
<status status="FAIL" starttime="20240222 13:21:22.609" endtime="20240222 13:21:22.672"/>
</kw>
<msg timestamp="20240222 13:21:22.672" level="FAIL">Maximum limit of started keywords and control structures exceeded.</msg>
<status status="FAIL" starttime="20240222 13:21:22.609" endtime="20240222 13:21:22.672"/>
</kw>
<msg timestamp="20240222 13:21:22.672" level="FAIL">Maximum limit of started keywords and control structures exceeded.</msg>
<status status="FAIL" starttime="20240222 13:21:22.609" endtime="20240222 13:21:22.672"/>
</kw>
<msg timestamp="20240222 13:21:22.672" level="FAIL">Maximum limit of started keywords and control structures exceeded.</msg>
<status status="FAIL" starttime="20240222 13:21:22.609" endtime="20240222 13:21:22.672"/>
</kw>
<msg timestamp="20240222 13:21:22.672" level="FAIL">Maximum limit of started keywords and control structures exceeded.</msg>
<status status="FAIL" starttime="20240222 13:21:22.609" endtime="20240222 13:21:22.672"/>
</kw>
<msg timestamp="20240222 13:21:22.672" level="FAIL">Maximum limit of started keywords and control structures exceeded.</msg>
<status status="FAIL" starttime="20240222 13:21:22.609" endtime="20240222 13:21:22.672"/>
</kw>
<msg timestamp="20240222 13:21:22.672" level="FAIL">Maximum limit of started keywords and control structures exceeded.</msg>
<status status="FAIL" starttime="20240222 13:21:22.609" endtime="20240222 13:21:22.672"/>
</kw>
<msg timestamp="20240222 13:21:22.672" level="FAIL">Maximum limit of started keywords and control structures exceeded.</msg>
<status status="FAIL" starttime="20240222 13:21:22.609" endtime="20240222 13:21:22.672"/>
</kw>
<test id="s1-s1-t1" name="Interlinked transactions for Invoice" line="8">
<tag>FB70</tag>
<tag>Regression</tag>
<status status="FAIL" starttime="20240222 13:21:22.672" endtime="20240222 13:21:22.672">Parent suite setup failed:
Maximum limit of started keywords and control structures exceeded.</status>
</test>
<errors>
<msg timestamp="20240222 13:21:22.672" level="ERROR">Maximum limit of started keywords and control structures exceeded.

Try --help for usage information.</msg>
</errors>
</robot>
