<?xml version="1.0" encoding="UTF-8"?>
<robot generator="Robot 6.0.2 (Python 3.12.1 on win32)" generated="20240215 13:19:36.587" rpa="false" schemaversion="3">
<suite id="s1" name="Tests" source="C:\SAP_Testing\SAPtesting\Tests">
<kw name="Setup highest level suite" type="SETUP">
<kw name="Set Variable" library="BuiltIn">
<var>${d.test_server}</var>
<arg>${test_server}</arg>
<doc>Returns the given values which can then be assigned to a variables.</doc>
<msg timestamp="20240215 13:19:37.228" level="INFO">${d.test_server} = Dev</msg>
<status status="PASS" starttime="20240215 13:19:37.228" endtime="20240215 13:19:37.228"/>
</kw>
<kw name="Reset screenshot count variable" library="Support">
<kw name="Set Variable" library="BuiltIn">
<var>${screenshotCount}</var>
<arg>${PABOTQUEUEINDEX}_1</arg>
<doc>Returns the given values which can then be assigned to a variables.</doc>
<msg timestamp="20240215 13:19:37.229" level="INFO">${screenshotCount} = 0_1</msg>
<status status="PASS" starttime="20240215 13:19:37.229" endtime="20240215 13:19:37.229"/>
</kw>
<kw name="Set Global Variable" library="BuiltIn">
<arg>${screenshotCount}</arg>
<doc>Makes a variable available globally in all tests and suites.</doc>
<msg timestamp="20240215 13:19:37.230" level="INFO">${screenshotCount} = 0_1</msg>
<status status="PASS" starttime="20240215 13:19:37.230" endtime="20240215 13:19:37.230"/>
</kw>
<kw name="Set up screenshot directory" library="Support">
<kw name="Create Directory" library="OperatingSystem">
<arg>${OUTPUTDIR}${/}${wvar('screenshot_dir')}</arg>
<doc>Creates the specified directory.</doc>
<msg timestamp="20240215 13:19:37.231" level="INFO">Web.Dev.screenshot_dir: Screenshot</msg>
<msg timestamp="20240215 13:19:37.233" level="INFO" html="true">Created directory '&lt;a href="file://C:\SAP_Testing\SAPtesting\Output\pabot_results\0\Screenshot"&gt;C:\SAP_Testing\SAPtesting\Output\pabot_results\0\Screenshot&lt;/a&gt;'.</msg>
<status status="PASS" starttime="20240215 13:19:37.230" endtime="20240215 13:19:37.233"/>
</kw>
<status status="PASS" starttime="20240215 13:19:37.230" endtime="20240215 13:19:37.233"/>
</kw>
<status status="PASS" starttime="20240215 13:19:37.229" endtime="20240215 13:19:37.233"/>
</kw>
<kw name="Set Global Variable" library="BuiltIn">
<arg>${screenshot_taking}</arg>
<arg>${True}</arg>
<doc>Makes a variable available globally in all tests and suites.</doc>
<msg timestamp="20240215 13:19:37.234" level="INFO">${screenshot_taking} = True</msg>
<status status="PASS" starttime="20240215 13:19:37.233" endtime="20240215 13:19:37.234"/>
</kw>
<kw name="Setup linux execution" library="Support">
<kw name="Run Keyword And Return Status" library="BuiltIn">
<var>${web_test_check}</var>
<arg>Variable Should Exist</arg>
<arg>${web_test}</arg>
<doc>Runs the given keyword with given arguments and returns the status as a Boolean value.</doc>
<kw name="Variable Should Exist" library="BuiltIn">
<arg>${web_test}</arg>
<doc>Fails unless the given variable exists within the current scope.</doc>
<status status="PASS" starttime="20240215 13:19:37.235" endtime="20240215 13:19:37.235"/>
</kw>
<msg timestamp="20240215 13:19:37.235" level="INFO">${web_test_check} = True</msg>
<status status="PASS" starttime="20240215 13:19:37.234" endtime="20240215 13:19:37.235"/>
</kw>
<kw name="Run Keyword If" library="BuiltIn">
<arg>${web_test_check}</arg>
<arg>Setup Docker Execution Options</arg>
<doc>Runs the given keyword with the given arguments, if ``condition`` is true.</doc>
<kw name="Setup Docker Execution Options" library="Support_Web">
<kw name="Setup Suite Metadata" library="Support_Web">
<arg>${browser}</arg>
<kw name="Get Browser Metadata" library="BrowserSupport">
<var>&amp;{browser_information}</var>
<arg>browser=${browser}</arg>
<doc>Fetches browser metadata information
:param browser: Name of the browser for which information is fetched
:param reload: Re-read the metadata based on the browser
:return: Browser metadata information, dict of format
            {"browser_version": browser version value,
             "driver_version": driver version value}</doc>
<msg timestamp="20240215 13:19:40.564" level="INFO">&amp;{browser_information} = { browser_version=121.0.6167.161 | driver_version=121.0.6167.85  }</msg>
<status status="PASS" starttime="20240215 13:19:37.236" endtime="20240215 13:19:40.564"/>
</kw>
<kw name="Set Suite Metadata" library="BuiltIn">
<arg>test_browser_name</arg>
<arg>${browser}</arg>
<doc>Sets metadata for the current test suite.</doc>
<msg timestamp="20240215 13:19:40.565" level="INFO">Set suite metadata 'test_browser_name' to value 'chrome'.</msg>
<status status="PASS" starttime="20240215 13:19:40.564" endtime="20240215 13:19:40.565"/>
</kw>
<kw name="Set Suite Metadata" library="BuiltIn">
<arg>test_browser_version</arg>
<arg>${browser_information.browser_version}</arg>
<doc>Sets metadata for the current test suite.</doc>
<msg timestamp="20240215 13:19:40.566" level="INFO">Set suite metadata 'test_browser_version' to value '121.0.6167.161'.</msg>
<status status="PASS" starttime="20240215 13:19:40.565" endtime="20240215 13:19:40.566"/>
</kw>
<kw name="Set Suite Metadata" library="BuiltIn">
<arg>test_driver_version</arg>
<arg>${browser_information.driver_version}</arg>
<doc>Sets metadata for the current test suite.</doc>
<msg timestamp="20240215 13:19:40.568" level="INFO">Set suite metadata 'test_driver_version' to value '121.0.6167.85 '.</msg>
<status status="PASS" starttime="20240215 13:19:40.567" endtime="20240215 13:19:40.568"/>
</kw>
<status status="PASS" starttime="20240215 13:19:37.236" endtime="20240215 13:19:40.568"/>
</kw>
<kw name="Setup Global Docker Execution Options" library="Support_Web">
<kw name="Set Global Variable" library="BuiltIn">
<arg>${global_browser_options}</arg>
<arg>None</arg>
<doc>Makes a variable available globally in all tests and suites.</doc>
<msg timestamp="20240215 13:19:40.568" level="INFO">${global_browser_options} = None</msg>
<status status="PASS" starttime="20240215 13:19:40.568" endtime="20240215 13:19:40.568"/>
</kw>
<kw name="Get Environment Variable" library="OperatingSystem">
<var>${docker_check}</var>
<arg>EXECUTION_ENVIRONMENT</arg>
<arg>not_found</arg>
<doc>Returns the value of an environment variable with the given name.</doc>
<msg timestamp="20240215 13:19:40.568" level="INFO">${docker_check} = not_found</msg>
<status status="PASS" starttime="20240215 13:19:40.568" endtime="20240215 13:19:40.568"/>
</kw>
<kw name="Run Keyword And Return If" library="BuiltIn">
<arg>"${docker_check}"!="docker"</arg>
<arg>Log</arg>
<arg>Not executing on Docker</arg>
<doc>Runs the specified keyword and returns from the enclosing user keyword.</doc>
<kw name="Log" library="BuiltIn">
<arg>Not executing on Docker</arg>
<doc>Logs the given message with the given level.</doc>
<msg timestamp="20240215 13:19:40.568" level="INFO">Not executing on Docker</msg>
<status status="PASS" starttime="20240215 13:19:40.568" endtime="20240215 13:19:40.568"/>
</kw>
<msg timestamp="20240215 13:19:40.568" level="INFO">Returning from the enclosing user keyword.</msg>
<status status="PASS" starttime="20240215 13:19:40.568" endtime="20240215 13:19:40.568"/>
</kw>
<kw name="Create List" library="BuiltIn">
<var>@{options}</var>
<arg>--headless</arg>
<arg>--no-sandbox</arg>
<arg>--disable-dev-shm-usage</arg>
<doc>Returns a list containing given items.</doc>
<status status="NOT RUN" starttime="20240215 13:19:40.568" endtime="20240215 13:19:40.568"/>
</kw>
<kw name="Set Global Variable" library="BuiltIn">
<arg>@{docker_options}</arg>
<arg>@{options}</arg>
<doc>Makes a variable available globally in all tests and suites.</doc>
<status status="NOT RUN" starttime="20240215 13:19:40.568" endtime="20240215 13:19:40.568"/>
</kw>
<status status="PASS" starttime="20240215 13:19:40.568" endtime="20240215 13:19:40.568"/>
</kw>
<kw name="Create Webdriver for chrome preferences" library="Support_Web">
<kw name="Update Docker Execution Options" library="Support_Web">
<var>${list_prefs}</var>
<arg>${list_prefs}</arg>
<kw name="Run Keyword And Return Status" library="BuiltIn">
<var>${docker_check}</var>
<arg>Variable Should Exist</arg>
<arg>${docker_options}</arg>
<doc>Runs the given keyword with given arguments and returns the status as a Boolean value.</doc>
<kw name="Variable Should Exist" library="BuiltIn">
<arg>${docker_options}</arg>
<doc>Fails unless the given variable exists within the current scope.</doc>
<msg timestamp="20240215 13:19:40.574" level="FAIL">Variable '${docker_options}' does not exist.</msg>
<status status="FAIL" starttime="20240215 13:19:40.574" endtime="20240215 13:19:40.574"/>
</kw>
<msg timestamp="20240215 13:19:40.574" level="INFO">${docker_check} = False</msg>
<status status="PASS" starttime="20240215 13:19:40.568" endtime="20240215 13:19:40.574"/>
</kw>
<kw name="Get Length" library="BuiltIn">
<var>${list_prefs_length}</var>
<arg>${list_prefs}</arg>
<doc>Returns and logs the length of the given item as an integer.</doc>
<msg timestamp="20240215 13:19:40.574" level="INFO">Length is 1</msg>
<msg timestamp="20240215 13:19:40.574" level="INFO">${list_prefs_length} = 1</msg>
<status status="PASS" starttime="20240215 13:19:40.574" endtime="20240215 13:19:40.574"/>
</kw>
<kw name="Run Keyword If" library="BuiltIn">
<var>${list_prefs}</var>
<arg>${docker_check} and ${list_prefs_length}&gt;0 and ${list_prefs}[0] != []</arg>
<arg>Combine Lists</arg>
<arg>${list_prefs}</arg>
<arg>${docker_options}</arg>
<arg>ELSE IF</arg>
<arg>${docker_check}</arg>
<arg>Set Variable</arg>
<arg>${docker_options}</arg>
<arg>ELSE</arg>
<arg>Set Variable</arg>
<arg>${list_prefs}</arg>
<doc>Runs the given keyword with the given arguments, if ``condition`` is true.</doc>
<kw name="Set Variable" library="BuiltIn">
<arg>${list_prefs}</arg>
<doc>Returns the given values which can then be assigned to a variables.</doc>
<status status="PASS" starttime="20240215 13:19:40.574" endtime="20240215 13:19:40.574"/>
</kw>
<msg timestamp="20240215 13:19:40.574" level="INFO">${list_prefs} = [[]]</msg>
<status status="PASS" starttime="20240215 13:19:40.574" endtime="20240215 13:19:40.574"/>
</kw>
<msg timestamp="20240215 13:19:40.574" level="INFO">${list_prefs} = [[]]</msg>
<status status="PASS" starttime="20240215 13:19:40.568" endtime="20240215 13:19:40.574"/>
</kw>
<kw name="Create Chrome Options for download preferences" library="Support_Web">
<var>${chrome_options}</var>
<kw name="Evaluate" library="BuiltIn">
<var>${chrome_options}</var>
<arg>sys.modules['selenium.webdriver'].ChromeOptions()</arg>
<arg>sys</arg>
<doc>Evaluates the given expression in Python and returns the result.</doc>
<msg timestamp="20240215 13:19:40.574" level="INFO">${chrome_options} = &lt;selenium.webdriver.chrome.options.Options object at 0x00000145A3DAD850&gt;</msg>
<status status="PASS" starttime="20240215 13:19:40.574" endtime="20240215 13:19:40.574"/>
</kw>
<msg timestamp="20240215 13:19:40.574" level="INFO">${chrome_options} = &lt;selenium.webdriver.chrome.options.Options object at 0x00000145A3DAD850&gt;</msg>
<status status="PASS" starttime="20240215 13:19:40.574" endtime="20240215 13:19:40.574"/>
</kw>
<kw name="Update Preferences List" library="Support_Web">
<arg>${chrome_options}</arg>
<arg>@{list_prefs}</arg>
<kw name="Convert To String" library="BuiltIn">
<var>${string_prefs}</var>
<arg>${list_prefs}</arg>
<doc>Converts the given item to a Unicode string.</doc>
<msg timestamp="20240215 13:19:40.574" level="INFO">${string_prefs} = [[]]</msg>
<status status="PASS" starttime="20240215 13:19:40.574" endtime="20240215 13:19:40.574"/>
</kw>
<kw name="Return From Keyword If" library="BuiltIn">
<arg>${string_prefs} == [[]]</arg>
<doc>Returns from the enclosing user keyword if ``condition`` is true.</doc>
<msg timestamp="20240215 13:19:40.574" level="INFO">Returning from the enclosing user keyword.</msg>
<status status="PASS" starttime="20240215 13:19:40.574" endtime="20240215 13:19:40.574"/>
</kw>
<for flavor="IN">
<var>${preference}</var>
<value>@{list_prefs}</value>
<iter>
<var name="${preference}"/>
<kw name="Call Method" library="BuiltIn">
<arg>${chrome_options}</arg>
<arg>add_argument</arg>
<arg>${preference}</arg>
<doc>Calls the named method of the given object with the provided arguments.</doc>
<status status="NOT RUN" starttime="20240215 13:19:40.574" endtime="20240215 13:19:40.574"/>
</kw>
<status status="NOT RUN" starttime="20240215 13:19:40.574" endtime="20240215 13:19:40.574"/>
</iter>
<status status="NOT RUN" starttime="20240215 13:19:40.574" endtime="20240215 13:19:40.574"/>
</for>
<status status="PASS" starttime="20240215 13:19:40.574" endtime="20240215 13:19:40.582"/>
</kw>
<kw name="Call Method" library="BuiltIn">
<arg>${chrome_options}</arg>
<arg>add_experimental_option</arg>
<arg>prefs</arg>
<arg>${kw_prefs}</arg>
<doc>Calls the named method of the given object with the provided arguments.</doc>
<status status="PASS" starttime="20240215 13:19:40.582" endtime="20240215 13:19:40.582"/>
</kw>
<kw name="Set Global Variable" library="BuiltIn">
<arg>${global_browser_options}</arg>
<arg>${chrome options}</arg>
<doc>Makes a variable available globally in all tests and suites.</doc>
<msg timestamp="20240215 13:19:40.583" level="INFO">${global_browser_options} = &lt;selenium.webdriver.chrome.options.Options object at 0x00000145A3DAD850&gt;</msg>
<status status="PASS" starttime="20240215 13:19:40.583" endtime="20240215 13:19:40.583"/>
</kw>
<status status="PASS" starttime="20240215 13:19:40.568" endtime="20240215 13:19:40.583"/>
</kw>
<status status="PASS" starttime="20240215 13:19:37.236" endtime="20240215 13:19:40.583"/>
</kw>
<status status="PASS" starttime="20240215 13:19:37.235" endtime="20240215 13:19:40.583"/>
</kw>
<status status="PASS" starttime="20240215 13:19:37.234" endtime="20240215 13:19:40.583"/>
</kw>
<kw name="Set Suite Metadata" library="BuiltIn">
<arg>environment</arg>
<arg>${test_server}</arg>
<doc>Sets metadata for the current test suite.</doc>
<msg timestamp="20240215 13:19:40.583" level="INFO">Set suite metadata 'environment' to value 'Dev'.</msg>
<status status="PASS" starttime="20240215 13:19:40.583" endtime="20240215 13:19:40.583"/>
</kw>
<status status="PASS" starttime="20240215 13:19:37.227" endtime="20240215 13:19:40.583"/>
</kw>
<suite id="s1-s1" name="Test Addon" source="C:\SAP_Testing\SAPtesting\Tests\Test_Addon.robot">
<kw name="System Logon" library="Common_Function" type="SETUP">
<kw name="Start Process" library="Process">
<arg>${symvar('EXE_PAD')}</arg>
<doc>Starts a new process on background.</doc>
<msg timestamp="20240215 13:19:40.606" level="INFO">Sym.Dev.EXE_PAD: C:\Program Files (x86)\SAP\FrontEnd\SAPgui\saplogon.exe</msg>
<msg timestamp="20240215 13:19:40.606" level="INFO">Starting process:
"C:\Program Files (x86)\SAP\FrontEnd\SAPgui\saplogon.exe"</msg>
<status status="PASS" starttime="20240215 13:19:40.606" endtime="20240215 13:19:40.606"/>
</kw>
<kw name="Sleep" library="BuiltIn">
<arg>5s</arg>
<doc>Pauses the test executed for the given time.</doc>
<msg timestamp="20240215 13:19:45.606" level="INFO">Slept 5 seconds</msg>
<status status="PASS" starttime="20240215 13:19:40.606" endtime="20240215 13:19:45.606"/>
</kw>
<kw name="Connect To Session" library="CustomSapGuiLibrary">
<doc>Connects to an open session SAP.</doc>
<status status="PASS" starttime="20240215 13:19:45.606" endtime="20240215 13:19:45.613"/>
</kw>
<kw name="Sleep" library="BuiltIn">
<arg>5</arg>
<doc>Pauses the test executed for the given time.</doc>
<msg timestamp="20240215 13:19:50.613" level="INFO">Slept 5 seconds</msg>
<status status="PASS" starttime="20240215 13:19:45.613" endtime="20240215 13:19:50.613"/>
</kw>
<kw name="Open Connection" library="CustomSapGuiLibrary">
<arg>${symvar('Connection_Name')}</arg>
<doc>Opens a connection to the given connection name. Be sure to provide the full connection name, including the bracket part.</doc>
<msg timestamp="20240215 13:19:50.613" level="INFO">Sym.Dev.Connection_Name: RBT</msg>
<status status="PASS" starttime="20240215 13:19:50.613" endtime="20240215 13:19:52.263"/>
</kw>
<kw name="Sleep" library="BuiltIn">
<arg>5</arg>
<doc>Pauses the test executed for the given time.</doc>
<msg timestamp="20240215 13:19:57.265" level="INFO">Slept 5 seconds</msg>
<status status="PASS" starttime="20240215 13:19:52.264" endtime="20240215 13:19:57.265"/>
</kw>
<kw name="Input Text" library="CustomSapGuiLibrary">
<arg>wnd[0]/usr/txtRSYST-MANDT</arg>
<arg>${symvar('SAP_CLIENT')}</arg>
<doc>Inserts the given text into the text field identified by locator.
Use keyword `input password` to insert a password in a text field.</doc>
<msg timestamp="20240215 13:19:57.265" level="INFO">Sym.Dev.SAP_CLIENT: 000</msg>
<msg timestamp="20240215 13:19:57.270" level="INFO">Typing text '000' into text field 'wnd[0]/usr/txtRSYST-MANDT'.</msg>
<status status="PASS" starttime="20240215 13:19:57.265" endtime="20240215 13:19:57.270"/>
</kw>
<kw name="Sleep" library="BuiltIn">
<arg>1</arg>
<doc>Pauses the test executed for the given time.</doc>
<msg timestamp="20240215 13:19:58.270" level="INFO">Slept 1 second</msg>
<status status="PASS" starttime="20240215 13:19:57.270" endtime="20240215 13:19:58.270"/>
</kw>
<kw name="Input Text" library="CustomSapGuiLibrary">
<arg>wnd[0]/usr/txtRSYST-BNAME</arg>
<arg>${symvar('SAP_USER')}</arg>
<doc>Inserts the given text into the text field identified by locator.
Use keyword `input password` to insert a password in a text field.</doc>
<msg timestamp="20240215 13:19:58.270" level="INFO">Sym.Dev.SAP_USER: DDIC</msg>
<msg timestamp="20240215 13:19:58.287" level="INFO">Typing text 'DDIC' into text field 'wnd[0]/usr/txtRSYST-BNAME'.</msg>
<status status="PASS" starttime="20240215 13:19:58.270" endtime="20240215 13:19:58.287"/>
</kw>
<kw name="Sleep" library="BuiltIn">
<arg>1</arg>
<doc>Pauses the test executed for the given time.</doc>
<msg timestamp="20240215 13:19:59.287" level="INFO">Slept 1 second</msg>
<status status="PASS" starttime="20240215 13:19:58.287" endtime="20240215 13:19:59.287"/>
</kw>
<kw name="Input Password" library="CustomSapGuiLibrary">
<arg>wnd[0]/usr/pwdRSYST-BCODE</arg>
<arg>${symvar('SAP_PASSWORD')}</arg>
<doc>Inserts the given password into the text field identified by locator.
The password is not recorded in the log.</doc>
<msg timestamp="20240215 13:19:59.287" level="INFO">Sym.Dev.SAP_PASSWORD: Sym@rocks2023</msg>
<msg timestamp="20240215 13:19:59.289" level="INFO">Typing password into text field 'wnd[0]/usr/pwdRSYST-BCODE'.</msg>
<status status="PASS" starttime="20240215 13:19:59.287" endtime="20240215 13:19:59.289"/>
</kw>
<kw name="Sleep" library="BuiltIn">
<arg>2</arg>
<doc>Pauses the test executed for the given time.</doc>
<msg timestamp="20240215 13:20:01.289" level="INFO">Slept 2 seconds</msg>
<status status="PASS" starttime="20240215 13:19:59.289" endtime="20240215 13:20:01.289"/>
</kw>
<kw name="Send Vkey" library="CustomSapGuiLibrary">
<arg>0</arg>
<doc>Sends a SAP virtual key combination to the window, not into an element.
If you want to send a value to a text field, use `input text` instead.</doc>
<status status="PASS" starttime="20240215 13:20:01.289" endtime="20240215 13:20:01.599"/>
</kw>
<kw name="Sleep" library="BuiltIn">
<arg>5</arg>
<doc>Pauses the test executed for the given time.</doc>
<msg timestamp="20240215 13:20:06.599" level="INFO">Slept 5 seconds</msg>
<status status="PASS" starttime="20240215 13:20:01.599" endtime="20240215 13:20:06.599"/>
</kw>
<kw name="Multiple Logon Handling" library="CustomSapGuiLibrary">
<arg>wnd[1]</arg>
<arg>wnd[1]/usr/radMULTI_LOGON_OPT2</arg>
<arg>wnd[1]/tbar[0]/btn[0]</arg>
<msg timestamp="20240215 13:20:06.966" level="INFO">Multiple logon exists</msg>
<status status="PASS" starttime="20240215 13:20:06.599" endtime="20240215 13:20:06.966"/>
</kw>
<kw name="Sleep" library="BuiltIn">
<arg>1</arg>
<doc>Pauses the test executed for the given time.</doc>
<msg timestamp="20240215 13:20:07.966" level="INFO">Slept 1 second</msg>
<status status="PASS" starttime="20240215 13:20:06.966" endtime="20240215 13:20:07.966"/>
</kw>
<status status="PASS" starttime="20240215 13:19:40.606" endtime="20240215 13:20:07.966"/>
</kw>
<test id="s1-s1-t1" name="Check_Saint Transation Code" line="10">
<kw name="Saint Transation Code" library="Addon">
<kw name="Run Transaction" library="CustomSapGuiLibrary">
<arg>Saint</arg>
<doc>Runs a Sap transaction. An error is given when an unknown transaction is specified.</doc>
<status status="PASS" starttime="20240215 13:20:07.967" endtime="20240215 13:20:08.168"/>
</kw>
<kw name="Sleep" library="BuiltIn">
<arg>2</arg>
<doc>Pauses the test executed for the given time.</doc>
<msg timestamp="20240215 13:20:10.182" level="INFO">Slept 2 seconds</msg>
<status status="PASS" starttime="20240215 13:20:08.182" endtime="20240215 13:20:10.182"/>
</kw>
<kw name="Take Screenshot" library="CustomSapGuiLibrary">
<arg>saintfrontpage.jpg</arg>
<doc>Takes a screenshot, only if 'screenshots on error' has been enabled,
either at import of with keyword `enable screenshots on error`.</doc>
<msg timestamp="20240215 13:20:10.255" level="INFO" html="true">&lt;a href="saintfrontpage.jpg"&gt;&lt;img src="saintfrontpage.jpg" width="800px"&gt;&lt;/a&gt;</msg>
<status status="PASS" starttime="20240215 13:20:10.182" endtime="20240215 13:20:10.255"/>
</kw>
<kw name="Sleep" library="BuiltIn">
<arg>1</arg>
<doc>Pauses the test executed for the given time.</doc>
<msg timestamp="20240215 13:20:11.262" level="INFO">Slept 1 second</msg>
<status status="PASS" starttime="20240215 13:20:10.261" endtime="20240215 13:20:11.262"/>
</kw>
<kw name="Get Maintenance Certificate Text" library="CustomSapGuiLibrary">
<arg>${certificate_id}</arg>
<msg timestamp="20240215 13:20:11.262" level="INFO">License available to proceed further</msg>
<status status="PASS" starttime="20240215 13:20:11.262" endtime="20240215 13:20:11.262"/>
</kw>
<kw name="Take Screenshot" library="CustomSapGuiLibrary">
<arg>certificate.jpg</arg>
<doc>Takes a screenshot, only if 'screenshots on error' has been enabled,
either at import of with keyword `enable screenshots on error`.</doc>
<msg timestamp="20240215 13:20:11.320" level="INFO" html="true">&lt;a href="certificate.jpg"&gt;&lt;img src="certificate.jpg" width="800px"&gt;&lt;/a&gt;</msg>
<status status="PASS" starttime="20240215 13:20:11.262" endtime="20240215 13:20:11.320"/>
</kw>
<kw name="Sleep" library="BuiltIn">
<arg>5</arg>
<doc>Pauses the test executed for the given time.</doc>
<msg timestamp="20240215 13:20:16.320" level="INFO">Slept 5 seconds</msg>
<status status="PASS" starttime="20240215 13:20:11.320" endtime="20240215 13:20:16.320"/>
</kw>
<kw name="Click Element" library="CustomSapGuiLibrary">
<arg>wnd[0]/mbar/menu[0]/menu[0]/menu[1]</arg>
<doc>Performs a single click on a given element. Used only for buttons, tabs and menu items.</doc>
<status status="PASS" starttime="20240215 13:20:16.320" endtime="20240215 13:20:16.587"/>
</kw>
<kw name="Sleep" library="BuiltIn">
<arg>3</arg>
<doc>Pauses the test executed for the given time.</doc>
<msg timestamp="20240215 13:20:19.587" level="INFO">Slept 3 seconds</msg>
<status status="PASS" starttime="20240215 13:20:16.587" endtime="20240215 13:20:19.587"/>
</kw>
<kw name="Click Element" library="CustomSapGuiLibrary">
<arg>wnd[1]/usr/btnBUTTON_1</arg>
<doc>Performs a single click on a given element. Used only for buttons, tabs and menu items.</doc>
<status status="PASS" starttime="20240215 13:20:19.587" endtime="20240215 13:20:19.930"/>
</kw>
<kw name="Sleep" library="BuiltIn">
<arg>3</arg>
<doc>Pauses the test executed for the given time.</doc>
<msg timestamp="20240215 13:20:22.941" level="INFO">Slept 3 seconds</msg>
<status status="PASS" starttime="20240215 13:20:19.941" endtime="20240215 13:20:22.941"/>
</kw>
<kw name="Click Element" library="CustomSapGuiLibrary">
<arg>wnd[0]/tbar[0]/btn[3]</arg>
<doc>Performs a single click on a given element. Used only for buttons, tabs and menu items.</doc>
<status status="PASS" starttime="20240215 13:20:22.941" endtime="20240215 13:20:23.125"/>
</kw>
<kw name="Sleep" library="BuiltIn">
<arg>10</arg>
<doc>Pauses the test executed for the given time.</doc>
<msg timestamp="20240215 13:20:33.126" level="INFO">Slept 10 seconds</msg>
<status status="PASS" starttime="20240215 13:20:23.125" endtime="20240215 13:20:33.126"/>
</kw>
<kw name="Take Screenshot" library="CustomSapGuiLibrary">
<arg>Saint1.jpg</arg>
<doc>Takes a screenshot, only if 'screenshots on error' has been enabled,
either at import of with keyword `enable screenshots on error`.</doc>
<msg timestamp="20240215 13:20:33.167" level="INFO" html="true">&lt;a href="Saint1.jpg"&gt;&lt;img src="Saint1.jpg" width="800px"&gt;&lt;/a&gt;</msg>
<status status="PASS" starttime="20240215 13:20:33.126" endtime="20240215 13:20:33.167"/>
</kw>
<kw name="Click Element" library="CustomSapGuiLibrary">
<arg>wnd[0]/usr/btnBUTTON_NEXT</arg>
<doc>Performs a single click on a given element. Used only for buttons, tabs and menu items.</doc>
<status status="PASS" starttime="20240215 13:20:33.167" endtime="20240215 13:20:33.281"/>
</kw>
<kw name="Sleep" library="BuiltIn">
<arg>2</arg>
<doc>Pauses the test executed for the given time.</doc>
<msg timestamp="20240215 13:20:35.282" level="INFO">Slept 2 seconds</msg>
<status status="PASS" starttime="20240215 13:20:33.281" endtime="20240215 13:20:35.282"/>
</kw>
<kw name="Take Screenshot" library="CustomSapGuiLibrary">
<arg>saint2.jpg</arg>
<doc>Takes a screenshot, only if 'screenshots on error' has been enabled,
either at import of with keyword `enable screenshots on error`.</doc>
<msg timestamp="20240215 13:20:35.332" level="INFO" html="true">&lt;a href="saint2.jpg"&gt;&lt;img src="saint2.jpg" width="800px"&gt;&lt;/a&gt;</msg>
<status status="PASS" starttime="20240215 13:20:35.282" endtime="20240215 13:20:35.332"/>
</kw>
<status status="PASS" starttime="20240215 13:20:07.967" endtime="20240215 13:20:35.332"/>
</kw>
<kw name="Get Cell Text From SAP Table" library="Addon">
<kw name="Log" library="BuiltIn">
<arg>${addon}</arg>
<doc>Logs the given message with the given level.</doc>
<msg timestamp="20240215 13:20:35.332" level="FAIL">Variable '${addon}' not found.</msg>
<status status="FAIL" starttime="20240215 13:20:35.332" endtime="20240215 13:20:35.332"/>
</kw>
<kw name="Find Addon Rows" library="CustomSapGuiLibrary">
<var>${foundRow}</var>
<arg>wnd[0]/usr/subLIST_AREA:SAPLSAINT_UI:0104/tblSAPLSAINT_UIADDON_TO_INSTALL</arg>
<arg>${addon}</arg>
<status status="NOT RUN" starttime="20240215 13:20:35.332" endtime="20240215 13:20:35.332"/>
</kw>
<kw name="Log" library="BuiltIn">
<arg>Found text in row: ${foundRow}</arg>
<doc>Logs the given message with the given level.</doc>
<status status="NOT RUN" starttime="20240215 13:20:35.332" endtime="20240215 13:20:35.332"/>
</kw>
<kw name="Select Table Row" library="CustomSapGuiLibrary">
<arg>wnd[0]/usr/subLIST_AREA:SAPLSAINT_UI:0104/tblSAPLSAINT_UIADDON_TO_INSTALL</arg>
<arg>${foundRow}</arg>
<doc>Selects an entire row of a table. This can either be a TableControl or a GridView 'table_id'
which is contained within a shell object. The row is an index to select the row, starting from 0.</doc>
<status status="NOT RUN" starttime="20240215 13:20:35.332" endtime="20240215 13:20:35.332"/>
</kw>
<kw name="Take Screenshot" library="CustomSapGuiLibrary">
<arg>saint4.jpg</arg>
<doc>Takes a screenshot, only if 'screenshots on error' has been enabled,
either at import of with keyword `enable screenshots on error`.</doc>
<status status="NOT RUN" starttime="20240215 13:20:35.332" endtime="20240215 13:20:35.332"/>
</kw>
<kw name="Click Element" library="CustomSapGuiLibrary">
<arg>wnd[0]/usr/btnBUTTON_NEXT</arg>
<doc>Performs a single click on a given element. Used only for buttons, tabs and menu items.</doc>
<status status="NOT RUN" starttime="20240215 13:20:35.332" endtime="20240215 13:20:35.332"/>
</kw>
<kw name="Sleep" library="BuiltIn">
<arg>4</arg>
<doc>Pauses the test executed for the given time.</doc>
<status status="NOT RUN" starttime="20240215 13:20:35.332" endtime="20240215 13:20:35.332"/>
</kw>
<status status="FAIL" starttime="20240215 13:20:35.332" endtime="20240215 13:20:35.332"/>
</kw>
<tag>RBTLOGIN</tag>
<tag>Regression</tag>
<status status="FAIL" starttime="20240215 13:20:07.966" endtime="20240215 13:20:35.332">Variable '${addon}' not found.</status>
</test>
<kw name="System Logout" library="Common_Function" type="TEARDOWN">
<kw name="Run Transaction" library="CustomSapGuiLibrary">
<arg>/nex</arg>
<doc>Runs a Sap transaction. An error is given when an unknown transaction is specified.</doc>
<status status="PASS" starttime="20240215 13:20:35.332" endtime="20240215 13:20:35.374"/>
</kw>
<kw name="Sleep" library="BuiltIn">
<arg>5</arg>
<doc>Pauses the test executed for the given time.</doc>
<msg timestamp="20240215 13:20:40.375" level="INFO">Slept 5 seconds</msg>
<status status="PASS" starttime="20240215 13:20:35.374" endtime="20240215 13:20:40.375"/>
</kw>
<status status="PASS" starttime="20240215 13:20:35.332" endtime="20240215 13:20:40.375"/>
</kw>
<status status="FAIL" starttime="20240215 13:19:40.583" endtime="20240215 13:20:40.375"/>
</suite>
<doc>Testing functionality through Robot Framework</doc>
<meta name="environment">Dev</meta>
<meta name="test_browser_name">chrome</meta>
<meta name="test_browser_version">121.0.6167.161</meta>
<meta name="test_driver_version">121.0.6167.85 </meta>
<meta name="test_environment">Dev</meta>
<meta name="test_freeze_dependencies">astroid==3.0.3,attrs==23.2.0,beautifulsoup4==4.12.3,bs4==0.0.2,certifi==2024.2.2,cffi==1.16.0,chardet==5.2.0,charset-normalizer==3.3.2,click==8.1.7,colorama==0.4.6,cryptography==42.0.2,defusedxml==0.7.1,dill==0.3.8,docutils==0.20.1,exceptiongroup==1.2.0,gitdb==4.0.11,GitPython==3.1.41,h11==0.14.0,idna==3.6,isort==5.13.2,Jinja2==3.1.3,jira==3.6.0,jsonpath-ng==1.6.1,jsonschema==4.21.1,jsonschema-specifications==2023.12.1,lazy-object-proxy==1.10.0,lxml==5.1.0,markdown-it-py==3.0.0,MarkupSafe==2.1.5,mccabe==0.7.0,mdurl==0.1.2,natsort==8.4.0,oauthlib==3.2.2,outcome==1.3.0.post0,packaging==23.2,pathspec==0.11.2,pillow==10.2.0,pip==24.0,platformdirs==4.2.0,ply==3.11,pycparser==2.21,Pygments==2.17.2,pylint==3.0.3,PySocks==1.7.1,pywin32==306,PyYAML==6.0.1,referencing==0.33.0,reportlab==4.1.0,requests==2.31.0,requests-oauthlib==1.3.1,requests-toolbelt==1.0.0,rich==13.7.0,rich-click==1.6.1,robotframework==6.0.2,robotframework-datadriver==1.9.0,robotframework-jsonlibrary==0.5,robotframework-pabot==2.16.0,robotframework-pythonlibcore==4.2.0,robotframework-requests==0.9.2,robotframework-sapguilibrary==1.1,robotframework-seleniumlibrary==5.1.3,robotframework-stacktrace==0.4.1,robotframework-tidy==4.5.0,rpds-py==0.17.1,selenium==4.9.1,setuptools==69.0.3,smmap==5.0.1,sniffio==1.3.0,sortedcontainers==2.4.0,soupsieve==2.5,tomli==2.0.1,tomlkit==0.12.3,trio==0.24.0,trio-websocket==0.11.1,typing_extensions==4.9.0,urllib3==2.2.0,wheel==0.42.0,wrapt==1.16.0,wsproto==1.2.0</meta>
<status status="FAIL" starttime="20240215 13:19:36.870" endtime="20240215 13:20:40.780"/>
</suite>
<statistics>
<total>
<stat pass="0" fail="1" skip="0">All Tests</stat>
</total>
<tag>
<stat pass="0" fail="1" skip="0">RBTLOGIN</stat>
<stat pass="0" fail="1" skip="0">Regression</stat>
</tag>
<suite>
<stat pass="0" fail="1" skip="0" id="s1" name="Tests">Tests</stat>
<stat pass="0" fail="1" skip="0" id="s1-s1" name="Test Addon">Tests.Test Addon</stat>
</suite>
</statistics>
<errors>
<msg timestamp="20240215 13:19:40.606" level="ERROR">Error in file 'C:\SAP_Testing\SAPtesting\Tests\Resource\Addon.robot' on line 24: Setting variable '${addon}' failed: Resolving variable '${symvar('addOn').split(',')}' failed: AttributeError: 'list' object has no attribute 'split'</msg>
</errors>
</robot>
