==============================================================================
Tests :: Testing functionality through Robot Framework                        
==============================================================================
Tests.Test Migration tcodes                                                   
==============================================================================
  
  Traceback (most recent call last):
    ~~~~~~~~~~~~~~~~~~~~~~~~~~~~~~~~~~~~~~~~~~~~~~~~~~~~~~~~~~~~~~~~~~~~~~~~~~
<<<<<<< HEAD
    File  C:\SAP_Testing\SAPtesting\Tests\Test_Migration_tcodes.robot:5
      System Logon    
    ~~~~~~~~~~~~~~~~~~~~~~~~~~~~~~~~~~~~~~~~~~~~~~~~~~~~~~~~~~~~~~~~~~~~~~~~~~
    File  C:\SAP_Testing\SAPtesting\Tests\Resource\Common_SAP_Tcodefn.robot:19
=======
    File  C:\RobotFramework\SAPtesting\Tests\Test_Migration_tcodes.robot:5
      System Logon    
    ~~~~~~~~~~~~~~~~~~~~~~~~~~~~~~~~~~~~~~~~~~~~~~~~~~~~~~~~~~~~~~~~~~~~~~~~~~
    File  C:\RobotFramework\SAPtesting\Tests\Resource\Common_SAP_Tcodefn.robot:19
>>>>>>> f2a6fa160e10b08c47007fdec444a649f20d929f
      Start Process    ${symvar('SAP_SERVER')}
      |  ${symvar('SAP_SERVER')} =  (str)
______________________________________________________________________________
Executing SM69                                                        | FAIL |
Parent suite setup failed:
OSError: [WinError 87] The parameter is incorrect
------------------------------------------------------------------------------
  
  Traceback (most recent call last):
    ~~~~~~~~~~~~~~~~~~~~~~~~~~~~~~~~~~~~~~~~~~~~~~~~~~~~~~~~~~~~~~~~~~~~~~~~~~
<<<<<<< HEAD
    File  C:\SAP_Testing\SAPtesting\Tests\Test_Migration_tcodes.robot:6
      System Logout    
    ~~~~~~~~~~~~~~~~~~~~~~~~~~~~~~~~~~~~~~~~~~~~~~~~~~~~~~~~~~~~~~~~~~~~~~~~~~
    File  C:\SAP_Testing\SAPtesting\Tests\Resource\Common_SAP_Tcodefn.robot:33
=======
    File  C:\RobotFramework\SAPtesting\Tests\Test_Migration_tcodes.robot:6
      System Logout    
    ~~~~~~~~~~~~~~~~~~~~~~~~~~~~~~~~~~~~~~~~~~~~~~~~~~~~~~~~~~~~~~~~~~~~~~~~~~
    File  C:\RobotFramework\SAPtesting\Tests\Resource\Common_SAP_Tcodefn.robot:33
>>>>>>> f2a6fa160e10b08c47007fdec444a649f20d929f
      Run Transaction    /nex
______________________________________________________________________________
Tests.Test Migration tcodes                                           | FAIL |
Suite setup failed:
OSError: [WinError 87] The parameter is incorrect

Also suite teardown failed:
AttributeError: 'int' object has no attribute 'findById'

1 test, 0 passed, 1 failed
==============================================================================
Tests :: Testing functionality through Robot Framework                | FAIL |
1 test, 0 passed, 1 failed
==============================================================================
Output:  C:\RobotFramework\SAPtesting\Output\pabot_results\0\Output.xml
