==============================================================================
Tests :: Testing functionality through Robot Framework                        
==============================================================================
Tests.Test scc4                                                               
==============================================================================
  
  Traceback (most recent call last):
    ~~~~~~~~~~~~~~~~~~~~~~~~~~~~~~~~~~~~~~~~~~~~~~~~~~~~~~~~~~~~~~~~~~~~~~~~~~
    File  F:\Robotframework\sap_testing\Tests\Test_scc4.robot:4
      System Logon    
    ~~~~~~~~~~~~~~~~~~~~~~~~~~~~~~~~~~~~~~~~~~~~~~~~~~~~~~~~~~~~~~~~~~~~~~~~~~
    File  F:\Robotframework\sap_testing\Tests\Resource\SCC4.robot:10
      Start Process    ${symvar('Heineken_SAP_SERVER')}
      |  ${symvar('Heineken_SAP_SERVER')} = C:\Program Files \SAP\FrontEnd\SAPGUI\saplogon.exe (str)
______________________________________________________________________________
SCC4                                                                  | FAIL |
Parent suite setup failed:
FileNotFoundError: [WinError 2] The system cannot find the file specified
------------------------------------------------------------------------------
  
  Traceback (most recent call last):
    ~~~~~~~~~~~~~~~~~~~~~~~~~~~~~~~~~~~~~~~~~~~~~~~~~~~~~~~~~~~~~~~~~~~~~~~~~~
    File  F:\Robotframework\sap_testing\Tests\Test_scc4.robot:5
      System Logout    
    ~~~~~~~~~~~~~~~~~~~~~~~~~~~~~~~~~~~~~~~~~~~~~~~~~~~~~~~~~~~~~~~~~~~~~~~~~~
    File  F:\Robotframework\sap_testing\Tests\Resource\SCC4.robot:22
      Run Transaction    /nex
______________________________________________________________________________
Tests.Test scc4                                                       | FAIL |
Suite setup failed:
FileNotFoundError: [WinError 2] The system cannot find the file specified

Also suite teardown failed:
No keyword with name 'Run Transaction' found. Did you try using keyword 'OperatingSystem.Run' and forgot to use enough whitespace between keyword and arguments?

1 test, 0 passed, 1 failed
==============================================================================
Tests :: Testing functionality through Robot Framework                | FAIL |
1 test, 0 passed, 1 failed
==============================================================================
Output:  F:\Robotframework\sap_testing\Output\d72bc1be-2bd1-4b8a-9ea0-ea5fd387d148\pabot_results\0\Output.xml
