<?xml version="1.0" encoding="UTF-8"?>
<robot generator="Rebot 6.0.2 (Python 3.12.3 on win32)" generated="20240603 07:12:18.899" rpa="false" schemaversion="3">
<suite id="s1" name="Tests" source="D:\RobotFramework\SAPtesting\Tests">
<kw name="Setup highest level suite" type="SETUP">
<kw name="Set Variable" library="BuiltIn">
<var>${d.test_server}</var>
<arg>${test_server}</arg>
<doc>Returns the given values which can then be assigned to a variables.</doc>
<msg timestamp="20240603 07:11:02.657" level="INFO">${d.test_server} = Dev</msg>
<status status="PASS" starttime="20240603 07:11:02.656" endtime="20240603 07:11:02.657"/>
</kw>
<kw name="Reset screenshot count variable" library="Support">
<kw name="Set Variable" library="BuiltIn">
<var>${screenshotCount}</var>
<arg>${PABOTQUEUEINDEX}_1</arg>
<doc>Returns the given values which can then be assigned to a variables.</doc>
<msg timestamp="20240603 07:11:02.658" level="INFO">${screenshotCount} = 0_1</msg>
<status status="PASS" starttime="20240603 07:11:02.657" endtime="20240603 07:11:02.658"/>
</kw>
<kw name="Set Global Variable" library="BuiltIn">
<arg>${screenshotCount}</arg>
<doc>Makes a variable available globally in all tests and suites.</doc>
<msg timestamp="20240603 07:11:02.659" level="INFO">${screenshotCount} = 0_1</msg>
<status status="PASS" starttime="20240603 07:11:02.658" endtime="20240603 07:11:02.659"/>
</kw>
<kw name="Set up screenshot directory" library="Support">
<kw name="Create Directory" library="OperatingSystem">
<arg>${OUTPUTDIR}${/}${wvar('screenshot_dir')}</arg>
<doc>Creates the specified directory.</doc>
<msg timestamp="20240603 07:11:02.660" level="INFO">Web.Dev.screenshot_dir: Screenshot</msg>
<msg timestamp="20240603 07:11:02.663" level="INFO" html="true">Created directory '&lt;a href="file://D:\RobotFramework\SAPtesting\Output\pabot_results\0\Screenshot"&gt;D:\RobotFramework\SAPtesting\Output\pabot_results\0\Screenshot&lt;/a&gt;'.</msg>
<status status="PASS" starttime="20240603 07:11:02.659" endtime="20240603 07:11:02.663"/>
</kw>
<status status="PASS" starttime="20240603 07:11:02.659" endtime="20240603 07:11:02.663"/>
</kw>
<status status="PASS" starttime="20240603 07:11:02.657" endtime="20240603 07:11:02.664"/>
</kw>
<kw name="Set Global Variable" library="BuiltIn">
<arg>${screenshot_taking}</arg>
<arg>${True}</arg>
<doc>Makes a variable available globally in all tests and suites.</doc>
<msg timestamp="20240603 07:11:02.664" level="INFO">${screenshot_taking} = True</msg>
<status status="PASS" starttime="20240603 07:11:02.664" endtime="20240603 07:11:02.664"/>
</kw>
<kw name="Setup linux execution" library="Support">
<kw name="Run Keyword And Return Status" library="BuiltIn">
<var>${web_test_check}</var>
<arg>Variable Should Exist</arg>
<arg>${web_test}</arg>
<doc>Runs the given keyword with given arguments and returns the status as a Boolean value.</doc>
<kw name="Variable Should Exist" library="BuiltIn">
<arg>${web_test}</arg>
<doc>Fails unless the given variable exists within the current scope.</doc>
<status status="PASS" starttime="20240603 07:11:02.665" endtime="20240603 07:11:02.666"/>
</kw>
<msg timestamp="20240603 07:11:02.666" level="INFO">${web_test_check} = True</msg>
<status status="PASS" starttime="20240603 07:11:02.665" endtime="20240603 07:11:02.666"/>
</kw>
<kw name="Run Keyword If" library="BuiltIn">
<arg>${web_test_check}</arg>
<arg>Setup Docker Execution Options</arg>
<doc>Runs the given keyword with the given arguments, if ``condition`` is true.</doc>
<kw name="Setup Docker Execution Options" library="Support_Web">
<kw name="Setup Suite Metadata" library="Support_Web">
<arg>${browser}</arg>
<kw name="Get Browser Metadata" library="BrowserSupport">
<var>&amp;{browser_information}</var>
<arg>browser=${browser}</arg>
<doc>Fetches browser metadata information
:param browser: Name of the browser for which information is fetched
:param reload: Re-read the metadata based on the browser
:return: Browser metadata information, dict of format
            {"browser_version": browser version value,
             "driver_version": driver version value}</doc>
<msg timestamp="20240603 07:11:06.397" level="INFO">&amp;{browser_information} = { browser_version=125.0.6422.77 | driver_version=124.0.6367.207  }</msg>
<status status="PASS" starttime="20240603 07:11:02.667" endtime="20240603 07:11:06.398"/>
</kw>
<kw name="Set Suite Metadata" library="BuiltIn">
<arg>test_browser_name</arg>
<arg>${browser}</arg>
<doc>Sets metadata for the current test suite.</doc>
<msg timestamp="20240603 07:11:06.399" level="INFO">Set suite metadata 'test_browser_name' to value 'chrome'.</msg>
<status status="PASS" starttime="20240603 07:11:06.398" endtime="20240603 07:11:06.399"/>
</kw>
<kw name="Set Suite Metadata" library="BuiltIn">
<arg>test_browser_version</arg>
<arg>${browser_information.browser_version}</arg>
<doc>Sets metadata for the current test suite.</doc>
<msg timestamp="20240603 07:11:06.401" level="INFO">Set suite metadata 'test_browser_version' to value '125.0.6422.77'.</msg>
<status status="PASS" starttime="20240603 07:11:06.399" endtime="20240603 07:11:06.401"/>
</kw>
<kw name="Set Suite Metadata" library="BuiltIn">
<arg>test_driver_version</arg>
<arg>${browser_information.driver_version}</arg>
<doc>Sets metadata for the current test suite.</doc>
<msg timestamp="20240603 07:11:06.402" level="INFO">Set suite metadata 'test_driver_version' to value '124.0.6367.207 '.</msg>
<status status="PASS" starttime="20240603 07:11:06.401" endtime="20240603 07:11:06.402"/>
</kw>
<status status="PASS" starttime="20240603 07:11:02.667" endtime="20240603 07:11:06.402"/>
</kw>
<kw name="Setup Global Docker Execution Options" library="Support_Web">
<kw name="Set Global Variable" library="BuiltIn">
<arg>${global_browser_options}</arg>
<arg>None</arg>
<doc>Makes a variable available globally in all tests and suites.</doc>
<msg timestamp="20240603 07:11:06.404" level="INFO">${global_browser_options} = None</msg>
<status status="PASS" starttime="20240603 07:11:06.403" endtime="20240603 07:11:06.404"/>
</kw>
<kw name="Get Environment Variable" library="OperatingSystem">
<var>${docker_check}</var>
<arg>EXECUTION_ENVIRONMENT</arg>
<arg>not_found</arg>
<doc>Returns the value of an environment variable with the given name.</doc>
<msg timestamp="20240603 07:11:06.405" level="INFO">${docker_check} = not_found</msg>
<status status="PASS" starttime="20240603 07:11:06.405" endtime="20240603 07:11:06.405"/>
</kw>
<kw name="Run Keyword And Return If" library="BuiltIn">
<arg>"${docker_check}"!="docker"</arg>
<arg>Log</arg>
<arg>Not executing on Docker</arg>
<doc>Runs the specified keyword and returns from the enclosing user keyword.</doc>
<kw name="Log" library="BuiltIn">
<arg>Not executing on Docker</arg>
<doc>Logs the given message with the given level.</doc>
<msg timestamp="20240603 07:11:06.406" level="INFO">Not executing on Docker</msg>
<status status="PASS" starttime="20240603 07:11:06.406" endtime="20240603 07:11:06.406"/>
</kw>
<msg timestamp="20240603 07:11:06.406" level="INFO">Returning from the enclosing user keyword.</msg>
<status status="PASS" starttime="20240603 07:11:06.405" endtime="20240603 07:11:06.406"/>
</kw>
<kw name="Create List" library="BuiltIn">
<var>@{options}</var>
<arg>--headless</arg>
<arg>--no-sandbox</arg>
<arg>--disable-dev-shm-usage</arg>
<doc>Returns a list containing given items.</doc>
<status status="NOT RUN" starttime="20240603 07:11:06.406" endtime="20240603 07:11:06.407"/>
</kw>
<kw name="Set Global Variable" library="BuiltIn">
<arg>@{docker_options}</arg>
<arg>@{options}</arg>
<doc>Makes a variable available globally in all tests and suites.</doc>
<status status="NOT RUN" starttime="20240603 07:11:06.407" endtime="20240603 07:11:06.407"/>
</kw>
<status status="PASS" starttime="20240603 07:11:06.403" endtime="20240603 07:11:06.407"/>
</kw>
<kw name="Create Webdriver for chrome preferences" library="Support_Web">
<kw name="Update Docker Execution Options" library="Support_Web">
<var>${list_prefs}</var>
<arg>${list_prefs}</arg>
<kw name="Run Keyword And Return Status" library="BuiltIn">
<var>${docker_check}</var>
<arg>Variable Should Exist</arg>
<arg>${docker_options}</arg>
<doc>Runs the given keyword with given arguments and returns the status as a Boolean value.</doc>
<kw name="Variable Should Exist" library="BuiltIn">
<arg>${docker_options}</arg>
<doc>Fails unless the given variable exists within the current scope.</doc>
<msg timestamp="20240603 07:11:06.411" level="FAIL">Variable '${docker_options}' does not exist.</msg>
<status status="FAIL" starttime="20240603 07:11:06.408" endtime="20240603 07:11:06.411"/>
</kw>
<msg timestamp="20240603 07:11:06.411" level="INFO">${docker_check} = False</msg>
<status status="PASS" starttime="20240603 07:11:06.408" endtime="20240603 07:11:06.411"/>
</kw>
<kw name="Get Length" library="BuiltIn">
<var>${list_prefs_length}</var>
<arg>${list_prefs}</arg>
<doc>Returns and logs the length of the given item as an integer.</doc>
<msg timestamp="20240603 07:11:06.411" level="INFO">Length is 1</msg>
<msg timestamp="20240603 07:11:06.411" level="INFO">${list_prefs_length} = 1</msg>
<status status="PASS" starttime="20240603 07:11:06.411" endtime="20240603 07:11:06.412"/>
</kw>
<kw name="Run Keyword If" library="BuiltIn">
<var>${list_prefs}</var>
<arg>${docker_check} and ${list_prefs_length}&gt;0 and ${list_prefs}[0] != []</arg>
<arg>Combine Lists</arg>
<arg>${list_prefs}</arg>
<arg>${docker_options}</arg>
<arg>ELSE IF</arg>
<arg>${docker_check}</arg>
<arg>Set Variable</arg>
<arg>${docker_options}</arg>
<arg>ELSE</arg>
<arg>Set Variable</arg>
<arg>${list_prefs}</arg>
<doc>Runs the given keyword with the given arguments, if ``condition`` is true.</doc>
<kw name="Set Variable" library="BuiltIn">
<arg>${list_prefs}</arg>
<doc>Returns the given values which can then be assigned to a variables.</doc>
<status status="PASS" starttime="20240603 07:11:06.412" endtime="20240603 07:11:06.413"/>
</kw>
<msg timestamp="20240603 07:11:06.413" level="INFO">${list_prefs} = [[]]</msg>
<status status="PASS" starttime="20240603 07:11:06.412" endtime="20240603 07:11:06.413"/>
</kw>
<msg timestamp="20240603 07:11:06.413" level="INFO">${list_prefs} = [[]]</msg>
<status status="PASS" starttime="20240603 07:11:06.408" endtime="20240603 07:11:06.413"/>
</kw>
<kw name="Create Chrome Options for download preferences" library="Support_Web">
<var>${chrome_options}</var>
<kw name="Evaluate" library="BuiltIn">
<var>${chrome_options}</var>
<arg>sys.modules['selenium.webdriver'].ChromeOptions()</arg>
<arg>sys</arg>
<doc>Evaluates the given expression in Python and returns the result.</doc>
<msg timestamp="20240603 07:11:06.414" level="INFO">${chrome_options} = &lt;selenium.webdriver.chrome.options.Options object at 0x0000020DF4CDB3B0&gt;</msg>
<status status="PASS" starttime="20240603 07:11:06.414" endtime="20240603 07:11:06.414"/>
</kw>
<msg timestamp="20240603 07:11:06.414" level="INFO">${chrome_options} = &lt;selenium.webdriver.chrome.options.Options object at 0x0000020DF4CDB3B0&gt;</msg>
<status status="PASS" starttime="20240603 07:11:06.413" endtime="20240603 07:11:06.414"/>
</kw>
<kw name="Update Preferences List" library="Support_Web">
<arg>${chrome_options}</arg>
<arg>@{list_prefs}</arg>
<kw name="Convert To String" library="BuiltIn">
<var>${string_prefs}</var>
<arg>${list_prefs}</arg>
<doc>Converts the given item to a Unicode string.</doc>
<msg timestamp="20240603 07:11:06.415" level="INFO">${string_prefs} = [[]]</msg>
<status status="PASS" starttime="20240603 07:11:06.415" endtime="20240603 07:11:06.415"/>
</kw>
<kw name="Return From Keyword If" library="BuiltIn">
<arg>${string_prefs} == [[]]</arg>
<doc>Returns from the enclosing user keyword if ``condition`` is true.</doc>
<msg timestamp="20240603 07:11:06.416" level="INFO">Returning from the enclosing user keyword.</msg>
<status status="PASS" starttime="20240603 07:11:06.416" endtime="20240603 07:11:06.416"/>
</kw>
<for flavor="IN">
<var>${preference}</var>
<value>@{list_prefs}</value>
<iter>
<var name="${preference}"/>
<kw name="Call Method" library="BuiltIn">
<arg>${chrome_options}</arg>
<arg>add_argument</arg>
<arg>${preference}</arg>
<doc>Calls the named method of the given object with the provided arguments.</doc>
<status status="NOT RUN" starttime="20240603 07:11:06.417" endtime="20240603 07:11:06.417"/>
</kw>
<status status="NOT RUN" starttime="20240603 07:11:06.416" endtime="20240603 07:11:06.417"/>
</iter>
<status status="NOT RUN" starttime="20240603 07:11:06.416" endtime="20240603 07:11:06.417"/>
</for>
<status status="PASS" starttime="20240603 07:11:06.415" endtime="20240603 07:11:06.417"/>
</kw>
<kw name="Call Method" library="BuiltIn">
<arg>${chrome_options}</arg>
<arg>add_experimental_option</arg>
<arg>prefs</arg>
<arg>${kw_prefs}</arg>
<doc>Calls the named method of the given object with the provided arguments.</doc>
<status status="PASS" starttime="20240603 07:11:06.417" endtime="20240603 07:11:06.418"/>
</kw>
<kw name="Set Global Variable" library="BuiltIn">
<arg>${global_browser_options}</arg>
<arg>${chrome options}</arg>
<doc>Makes a variable available globally in all tests and suites.</doc>
<msg timestamp="20240603 07:11:06.418" level="INFO">${global_browser_options} = &lt;selenium.webdriver.chrome.options.Options object at 0x0000020DF4CDB3B0&gt;</msg>
<status status="PASS" starttime="20240603 07:11:06.418" endtime="20240603 07:11:06.418"/>
</kw>
<status status="PASS" starttime="20240603 07:11:06.407" endtime="20240603 07:11:06.418"/>
</kw>
<status status="PASS" starttime="20240603 07:11:02.667" endtime="20240603 07:11:06.419"/>
</kw>
<status status="PASS" starttime="20240603 07:11:02.666" endtime="20240603 07:11:06.419"/>
</kw>
<status status="PASS" starttime="20240603 07:11:02.665" endtime="20240603 07:11:06.419"/>
</kw>
<kw name="Set Suite Metadata" library="BuiltIn">
<arg>environment</arg>
<arg>${test_server}</arg>
<doc>Sets metadata for the current test suite.</doc>
<msg timestamp="20240603 07:11:06.419" level="INFO">Set suite metadata 'environment' to value 'Dev'.</msg>
<status status="PASS" starttime="20240603 07:11:06.419" endtime="20240603 07:11:06.419"/>
</kw>
<status status="PASS" starttime="20240603 07:11:02.655" endtime="20240603 07:11:06.420"/>
</kw>
<suite id="s1-s1" name="Test Spam version" source="D:\RobotFramework\SAPtesting\Tests\Test_Spam_version.robot">
<kw name="System Logon" library="Spam_version" type="SETUP">
<kw name="Start Process" library="Process">
<arg>${symvar('Nike_SAP')}</arg>
<doc>Starts a new process on background.</doc>
<msg timestamp="20240603 07:11:06.554" level="INFO">Sym.Dev.Nike_SAP: C:\Program Files\SAP\FrontEnd\SAPGUI\saplogon.exe</msg>
<msg timestamp="20240603 07:11:06.554" level="INFO">Starting process:
"C:\Program Files\SAP\FrontEnd\SAPGUI\saplogon.exe"</msg>
<status status="PASS" starttime="20240603 07:11:06.553" endtime="20240603 07:11:06.564"/>
</kw>
<kw name="Sleep" library="BuiltIn">
<arg>5</arg>
<doc>Pauses the test executed for the given time.</doc>
<msg timestamp="20240603 07:11:11.564" level="INFO">Slept 5 seconds</msg>
<status status="PASS" starttime="20240603 07:11:06.564" endtime="20240603 07:11:11.564"/>
</kw>
<kw name="Connect To Session" library="CustomSapGuiLibrary">
<doc>Connects to an open session SAP.</doc>
<status status="PASS" starttime="20240603 07:11:11.564" endtime="20240603 07:11:11.578"/>
</kw>
<kw name="Open Connection" library="CustomSapGuiLibrary">
<arg>${symvar('Nike_connection')}</arg>
<doc>Opens a connection to the given connection name. Be sure to provide the full connection name, including the bracket part.</doc>
<msg timestamp="20240603 07:11:11.579" level="INFO">Sym.Dev.Nike_connection: CFG</msg>
<status status="PASS" starttime="20240603 07:11:11.578" endtime="20240603 07:11:12.278"/>
</kw>
<kw name="Input Text" library="CustomSapGuiLibrary">
<arg>wnd[0]/usr/txtRSYST-MANDT</arg>
<arg>${symvar('CFG_CLIENT')}</arg>
<doc>Inserts the given text into the text field identified by locator.
Use keyword `input password` to insert a password in a text field.</doc>
<msg timestamp="20240603 07:11:12.280" level="INFO">Sym.Dev.CFG_CLIENT: 000</msg>
<msg timestamp="20240603 07:11:12.313" level="INFO">Typing text '000' into text field 'wnd[0]/usr/txtRSYST-MANDT'.</msg>
<status status="PASS" starttime="20240603 07:11:12.278" endtime="20240603 07:11:12.313"/>
</kw>
<kw name="Input Text" library="CustomSapGuiLibrary">
<arg>wnd[0]/usr/txtRSYST-BNAME</arg>
<arg>${symvar('CFG_USER')}</arg>
<doc>Inserts the given text into the text field identified by locator.
Use keyword `input password` to insert a password in a text field.</doc>
<msg timestamp="20240603 07:11:12.315" level="INFO">Sym.Dev.CFG_USER: basisadmin</msg>
<msg timestamp="20240603 07:11:12.328" level="INFO">Typing text 'basisadmin' into text field 'wnd[0]/usr/txtRSYST-BNAME'.</msg>
<status status="PASS" starttime="20240603 07:11:12.313" endtime="20240603 07:11:12.328"/>
</kw>
<kw name="Input Password" library="CustomSapGuiLibrary">
<arg>wnd[0]/usr/pwdRSYST-BCODE</arg>
<arg>%{CFG_PASS}</arg>
<doc>Inserts the given password into the text field identified by locator.
The password is not recorded in the log.</doc>
<msg timestamp="20240603 07:11:12.334" level="INFO">Typing password into text field 'wnd[0]/usr/pwdRSYST-BCODE'.</msg>
<status status="PASS" starttime="20240603 07:11:12.328" endtime="20240603 07:11:12.334"/>
</kw>
<kw name="Send Vkey" library="CustomSapGuiLibrary">
<arg>0</arg>
<doc>Sends a SAP virtual key combination to the window, not into an element.
If you want to send a value to a text field, use `input text` instead.</doc>
<status status="PASS" starttime="20240603 07:11:12.334" endtime="20240603 07:11:12.907"/>
</kw>
<kw name="Multiple Logon Handling" library="CustomSapGuiLibrary">
<arg>wnd[1]</arg>
<arg>wnd[1]/usr/radMULTI_LOGON_OPT2</arg>
<arg>wnd[1]/tbar[0]/btn[0]</arg>
<status status="PASS" starttime="20240603 07:11:12.907" endtime="20240603 07:11:12.914"/>
</kw>
<kw name="Sleep" library="BuiltIn">
<arg>1</arg>
<doc>Pauses the test executed for the given time.</doc>
<msg timestamp="20240603 07:11:13.914" level="INFO">Slept 1 second</msg>
<status status="PASS" starttime="20240603 07:11:12.914" endtime="20240603 07:11:13.914"/>
</kw>
<status status="PASS" starttime="20240603 07:11:06.552" endtime="20240603 07:11:13.914"/>
</kw>
<test id="s1-s1-t1" name="Check_Spam_update" line="10">
<kw name="Spam Transaction" library="Spam_version">
<kw name="Run Transaction" library="CustomSapGuiLibrary">
<arg>spam</arg>
<doc>Runs a Sap transaction. An error is given when an unknown transaction is specified.</doc>
<status status="PASS" starttime="20240603 07:11:13.915" endtime="20240603 07:11:14.780"/>
</kw>
<kw name="Sleep" library="BuiltIn">
<arg>5</arg>
<doc>Pauses the test executed for the given time.</doc>
<msg timestamp="20240603 07:11:19.783" level="INFO">Slept 5 seconds</msg>
<status status="PASS" starttime="20240603 07:11:14.781" endtime="20240603 07:11:19.783"/>
</kw>
<kw name="Take Screenshot" library="CustomSapGuiLibrary">
<arg>001_spam.jpg</arg>
<doc>Takes a screenshot, only if 'screenshots on error' has been enabled,
either at import of with keyword `enable screenshots on error`.</doc>
<msg timestamp="20240603 07:11:19.884" level="INFO" html="true">&lt;a href="001_spam.jpg"&gt;&lt;img src="001_spam.jpg" width="800px"&gt;&lt;/a&gt;</msg>
<status status="PASS" starttime="20240603 07:11:19.783" endtime="20240603 07:11:19.885"/>
</kw>
<status status="PASS" starttime="20240603 07:11:13.915" endtime="20240603 07:11:19.885"/>
</kw>
<kw name="Certificate Verification" library="Spam_version">
<kw name="Get Maintenance Certificate Text" library="CustomSapGuiLibrary">
<arg>wnd[0]/sbar/pane[0]</arg>
<msg timestamp="20240603 07:11:19.889" level="INFO">License available to proceed further</msg>
<status status="PASS" starttime="20240603 07:11:19.886" endtime="20240603 07:11:19.889"/>
</kw>
<kw name="Sleep" library="BuiltIn">
<arg>2</arg>
<doc>Pauses the test executed for the given time.</doc>
<msg timestamp="20240603 07:11:21.891" level="INFO">Slept 2 seconds</msg>
<status status="PASS" starttime="20240603 07:11:19.889" endtime="20240603 07:11:21.891"/>
</kw>
<kw name="Take Screenshot" library="CustomSapGuiLibrary">
<arg>001a_Certificate.jpg</arg>
<doc>Takes a screenshot, only if 'screenshots on error' has been enabled,
either at import of with keyword `enable screenshots on error`.</doc>
<msg timestamp="20240603 07:11:21.967" level="INFO" html="true">&lt;a href="001a_Certificate.jpg"&gt;&lt;img src="001a_Certificate.jpg" width="800px"&gt;&lt;/a&gt;</msg>
<status status="PASS" starttime="20240603 07:11:21.891" endtime="20240603 07:11:21.967"/>
</kw>
<status status="PASS" starttime="20240603 07:11:19.885" endtime="20240603 07:11:21.967"/>
</kw>
<kw name="Version check" library="Spam_version">
<kw name="Click Element" library="CustomSapGuiLibrary">
<arg>wnd[0]/usr/btnPATCH_STATUS</arg>
<doc>Performs a single click on a given element. Used only for buttons, tabs and menu items.</doc>
<status status="PASS" starttime="20240603 07:11:21.968" endtime="20240603 07:11:22.349"/>
</kw>
<kw name="Sleep" library="BuiltIn">
<arg>2</arg>
<doc>Pauses the test executed for the given time.</doc>
<msg timestamp="20240603 07:11:24.349" level="INFO">Slept 2 seconds</msg>
<status status="PASS" starttime="20240603 07:11:22.349" endtime="20240603 07:11:24.349"/>
</kw>
<kw name="Take Screenshot" library="CustomSapGuiLibrary">
<arg>002a_Pre_upgrade_Version_1.jpg</arg>
<doc>Takes a screenshot, only if 'screenshots on error' has been enabled,
either at import of with keyword `enable screenshots on error`.</doc>
<msg timestamp="20240603 07:11:24.417" level="INFO" html="true">&lt;a href="002a_Pre_upgrade_Version_1.jpg"&gt;&lt;img src="002a_Pre_upgrade_Version_1.jpg" width="800px"&gt;&lt;/a&gt;</msg>
<status status="PASS" starttime="20240603 07:11:24.349" endtime="20240603 07:11:24.417"/>
</kw>
<kw name="Select Spam Version" library="CustomSapGuiLibrary">
<var>${row}</var>
<arg>wnd[1]/usr/tabsVERSDETAILS/tabpCOMP_VERS/ssubDETAIL_SUBSCREEN:SAPLOCS_UI_CONTROLS:0301/cntlSCV_CU_CONTROL/shellcont/shell</arg>
<arg>${symvar('addOn')}</arg>
<msg timestamp="20240603 07:11:24.419" level="INFO">Sym.Dev.addOn: BNWVS</msg>
<msg timestamp="20240603 07:11:24.523" level="INFO">92
0
SAP_BASIS
1
SAP_ABA
2
SAP_GWFND
3
SAP_UI
4
ST-PI
5
SAP_BW
6
UIBAS001
7
GRCPINW
8
MDG_FND
9
S4FND
10
MDG_APPL
11
S4CEXT
12
S4CORE
13
S4HCM
14
S4HCMCAE
15
S4HCMCAR
16
S4HCMCAT
17
S4HCMCAU
18
S4HCMCBE
19
S4HCMCBG
20
S4HCMCBR
21
S4HCMCCA
22
S4HCMCCH
23
S4HCMCCL
24
S4HCMCCN
25
S4HCMCCO
26
S4HCMCCZ
27
S4HCMCDE
28
S4HCMCDK
29
S4HCMCEG
30
S4HCMCES
31
S4HCMCFI
32
S4HCMCFR
33
S4HCMCGB
34
S4HCMCGR
35
S4HCMCHK
36
S4HCMCHR
37
S4HCMCHU
38
S4HCMCID
39
S4HCMCIE
40
S4HCMCIN
41
S4HCMCIT
42
S4HCMCJP
43
S4HCMCKR
44
S4HCMCKW
45
S4HCMCKZ
46
S4HCMCMX
47
S4HCMCMY
48
S4HCMCNL
49
S4HCMCNO
50
S4HCMCNZ
51
S4HCMCOM
52
S4HCMCPH
53
S4HCMCPL
54
S4HCMCPT
55
S4HCMCQA
56
S4HCMCRO
57
S4HCMCRU
58
S4HCMCSA
59
S4HCMCSE
60
S4HCMCSG
61
S4HCMCSI
62
S4HCMCSK
63
S4HCMCTH
64
S4HCMCTR
65
S4HCMCTW
66
S4HCMCUA
67
S4HCMCUN
68
S4HCMCUS
69
S4HCMCVE
70
S4HCMCZA
71
S4HCMGXX
72
S4HCMRXX
73
EA-DFPS
74
EA-PS
75
FI-CAX
76
IS-OIL
77
IS-PRA
78
IS-PS-CA
79
IS-UT
80
S4COREOP
81
S4DEPREC
82
GBX01HR5
83
UIAPFI70
84
UIS4HOP1
85
AIFGEN
86
BNWVS
Text Found in ${row}</msg>
<msg timestamp="20240603 07:11:24.523" level="INFO">${row} = 86</msg>
<status status="PASS" starttime="20240603 07:11:24.418" endtime="20240603 07:11:24.523"/>
</kw>
<kw name="Log" library="BuiltIn">
<arg>${row}</arg>
<doc>Logs the given message with the given level.</doc>
<msg timestamp="20240603 07:11:24.524" level="INFO">86</msg>
<status status="PASS" starttime="20240603 07:11:24.523" endtime="20240603 07:11:24.524"/>
</kw>
<kw name="Take Screenshot" library="CustomSapGuiLibrary">
<arg>002b_Pre_upgrade_Version_1.jpg</arg>
<doc>Takes a screenshot, only if 'screenshots on error' has been enabled,
either at import of with keyword `enable screenshots on error`.</doc>
<msg timestamp="20240603 07:11:24.600" level="INFO" html="true">&lt;a href="002b_Pre_upgrade_Version_1.jpg"&gt;&lt;img src="002b_Pre_upgrade_Version_1.jpg" width="800px"&gt;&lt;/a&gt;</msg>
<status status="PASS" starttime="20240603 07:11:24.524" endtime="20240603 07:11:24.600"/>
</kw>
<kw name="Select Table Row" library="CustomSapGuiLibrary">
<arg>wnd[1]/usr/tabsVERSDETAILS/tabpCOMP_VERS/ssubDETAIL_SUBSCREEN:SAPLOCS_UI_CONTROLS:0301/cntlSCV_CU_CONTROL/shellcont/shell</arg>
<arg>${row}</arg>
<doc>Selects an entire row of a table. This can either be a TableControl or a GridView 'table_id'
which is contained within a shell object. The row is an index to select the row, starting from 0.</doc>
<status status="PASS" starttime="20240603 07:11:24.600" endtime="20240603 07:11:24.626"/>
</kw>
<kw name="Sleep" library="BuiltIn">
<arg>6</arg>
<doc>Pauses the test executed for the given time.</doc>
<msg timestamp="20240603 07:11:30.627" level="INFO">Slept 6 seconds</msg>
<status status="PASS" starttime="20240603 07:11:24.626" endtime="20240603 07:11:30.627"/>
</kw>
<kw name="Take Screenshot" library="CustomSapGuiLibrary">
<arg>002c_Pre_upgrade_Version_1.jpg</arg>
<doc>Takes a screenshot, only if 'screenshots on error' has been enabled,
either at import of with keyword `enable screenshots on error`.</doc>
<msg timestamp="20240603 07:11:30.696" level="INFO" html="true">&lt;a href="002c_Pre_upgrade_Version_1.jpg"&gt;&lt;img src="002c_Pre_upgrade_Version_1.jpg" width="800px"&gt;&lt;/a&gt;</msg>
<status status="PASS" starttime="20240603 07:11:30.627" endtime="20240603 07:11:30.696"/>
</kw>
<kw name="Click Element" library="CustomSapGuiLibrary">
<arg>wnd[1]/tbar[0]/btn[0]</arg>
<doc>Performs a single click on a given element. Used only for buttons, tabs and menu items.</doc>
<status status="PASS" starttime="20240603 07:11:30.696" endtime="20240603 07:11:30.864"/>
</kw>
<status status="PASS" starttime="20240603 07:11:21.967" endtime="20240603 07:11:30.864"/>
</kw>
<kw name="Loading package" library="Spam_version">
<kw name="Click Element" library="CustomSapGuiLibrary">
<arg>wnd[0]/mbar/menu[0]/menu[0]/menu[1]</arg>
<doc>Performs a single click on a given element. Used only for buttons, tabs and menu items.</doc>
<status status="PASS" starttime="20240603 07:11:30.865" endtime="20240603 07:11:31.007"/>
</kw>
<kw name="Sleep" library="BuiltIn">
<arg>2</arg>
<doc>Pauses the test executed for the given time.</doc>
<msg timestamp="20240603 07:11:33.008" level="INFO">Slept 2 seconds</msg>
<status status="PASS" starttime="20240603 07:11:31.008" endtime="20240603 07:11:33.008"/>
</kw>
<kw name="Take Screenshot" library="CustomSapGuiLibrary">
<arg>003_Load_1.jpg</arg>
<doc>Takes a screenshot, only if 'screenshots on error' has been enabled,
either at import of with keyword `enable screenshots on error`.</doc>
<msg timestamp="20240603 07:11:33.078" level="INFO" html="true">&lt;a href="003_Load_1.jpg"&gt;&lt;img src="003_Load_1.jpg" width="800px"&gt;&lt;/a&gt;</msg>
<status status="PASS" starttime="20240603 07:11:33.008" endtime="20240603 07:11:33.079"/>
</kw>
<kw name="Click Element" library="CustomSapGuiLibrary">
<arg>wnd[1]/usr/btnSPOP-OPTION1</arg>
<doc>Performs a single click on a given element. Used only for buttons, tabs and menu items.</doc>
<status status="PASS" starttime="20240603 07:11:33.079" endtime="20240603 07:11:35.368"/>
</kw>
<kw name="Sleep" library="BuiltIn">
<arg>2</arg>
<doc>Pauses the test executed for the given time.</doc>
<msg timestamp="20240603 07:11:37.369" level="INFO">Slept 2 seconds</msg>
<status status="PASS" starttime="20240603 07:11:35.368" endtime="20240603 07:11:37.369"/>
</kw>
<kw name="Take Screenshot" library="CustomSapGuiLibrary">
<arg>004_Load_2.jpg</arg>
<doc>Takes a screenshot, only if 'screenshots on error' has been enabled,
either at import of with keyword `enable screenshots on error`.</doc>
<msg timestamp="20240603 07:11:37.449" level="INFO" html="true">&lt;a href="004_Load_2.jpg"&gt;&lt;img src="004_Load_2.jpg" width="800px"&gt;&lt;/a&gt;</msg>
<status status="PASS" starttime="20240603 07:11:37.369" endtime="20240603 07:11:37.449"/>
</kw>
<kw name="Click Element" library="CustomSapGuiLibrary">
<arg>wnd[0]/tbar[0]/btn[3]</arg>
<doc>Performs a single click on a given element. Used only for buttons, tabs and menu items.</doc>
<status status="PASS" starttime="20240603 07:11:37.449" endtime="20240603 07:11:37.835"/>
</kw>
<kw name="Sleep" library="BuiltIn">
<arg>2</arg>
<doc>Pauses the test executed for the given time.</doc>
<msg timestamp="20240603 07:11:39.837" level="INFO">Slept 2 seconds</msg>
<status status="PASS" starttime="20240603 07:11:37.836" endtime="20240603 07:11:39.837"/>
</kw>
<kw name="Take Screenshot" library="CustomSapGuiLibrary">
<arg>005_Load_3.jpg</arg>
<doc>Takes a screenshot, only if 'screenshots on error' has been enabled,
either at import of with keyword `enable screenshots on error`.</doc>
<msg timestamp="20240603 07:11:39.895" level="INFO" html="true">&lt;a href="005_Load_3.jpg"&gt;&lt;img src="005_Load_3.jpg" width="800px"&gt;&lt;/a&gt;</msg>
<status status="PASS" starttime="20240603 07:11:39.837" endtime="20240603 07:11:39.895"/>
</kw>
<status status="PASS" starttime="20240603 07:11:30.865" endtime="20240603 07:11:39.895"/>
</kw>
<kw name="Display/Define" library="Spam_version">
<kw name="Click Element" library="CustomSapGuiLibrary">
<arg>wnd[0]/usr/btnPAT100-QUEUE</arg>
<doc>Performs a single click on a given element. Used only for buttons, tabs and menu items.</doc>
<status status="PASS" starttime="20240603 07:11:39.896" endtime="20240603 07:11:40.914"/>
</kw>
<kw name="Sleep" library="BuiltIn">
<arg>2</arg>
<doc>Pauses the test executed for the given time.</doc>
<msg timestamp="20240603 07:11:42.915" level="INFO">Slept 2 seconds</msg>
<status status="PASS" starttime="20240603 07:11:40.914" endtime="20240603 07:11:42.915"/>
</kw>
<kw name="Take Screenshot" library="CustomSapGuiLibrary">
<arg>006_Display.jpg</arg>
<doc>Takes a screenshot, only if 'screenshots on error' has been enabled,
either at import of with keyword `enable screenshots on error`.</doc>
<msg timestamp="20240603 07:11:42.994" level="INFO" html="true">&lt;a href="006_Display.jpg"&gt;&lt;img src="006_Display.jpg" width="800px"&gt;&lt;/a&gt;</msg>
<status status="PASS" starttime="20240603 07:11:42.915" endtime="20240603 07:11:42.995"/>
</kw>
<status status="PASS" starttime="20240603 07:11:39.895" endtime="20240603 07:11:42.995"/>
</kw>
<kw name="Spam Component selection" library="Spam_version">
<kw name="Select Spam Based On Text" library="CustomSapGuiLibrary">
<var>${row}</var>
<arg>wnd[1]/usr/cntlCOMP_ONLY_CONTROL/shellcont/shell</arg>
<arg>${symvar('patch_comp')}</arg>
<msg timestamp="20240603 07:11:42.996" level="INFO">Sym.Dev.patch_comp: BNWVS</msg>
<msg timestamp="20240603 07:11:43.078" level="INFO">33
0
SAP_BASIS
not found
1
SAP_ABA
not found
2
SAP_GWFND
not found
3
SAP_UI
not found
4
ST-PI
not found
5
SAP_BW
not found
6
UIBAS001
not found
7
GRCPINW
not found
8
MDG_FND
not found
9
S4FND
not found
10
MDG_APPL
not found
11
S4CEXT
not found
12
S4CORE
not found
13
S4HCM
not found
14
EA-DFPS
not found
15
EA-PS
not found
16
FI-CAX
not found
17
IS-OIL
not found
18
IS-PRA
not found
19
IS-PS-CA
not found
20
IS-UT
not found
21
S4COREOP
not found
22
S4DEPREC
not found
23
GBX01HR5
not found
24
UIAPFI70
not found
25
UIS4HOP1
not found
26
AIFGEN
not found
27
BNWVS
Text Found in ${row}</msg>
<msg timestamp="20240603 07:11:43.079" level="INFO">${row} = 27</msg>
<status status="PASS" starttime="20240603 07:11:42.995" endtime="20240603 07:11:43.079"/>
</kw>
<kw name="Log" library="BuiltIn">
<arg>${row}</arg>
<doc>Logs the given message with the given level.</doc>
<msg timestamp="20240603 07:11:43.079" level="INFO">27</msg>
<status status="PASS" starttime="20240603 07:11:43.079" endtime="20240603 07:11:43.080"/>
</kw>
<kw name="Take Screenshot" library="CustomSapGuiLibrary">
<arg>007_Spam_component1.jpg</arg>
<doc>Takes a screenshot, only if 'screenshots on error' has been enabled,
either at import of with keyword `enable screenshots on error`.</doc>
<msg timestamp="20240603 07:11:43.148" level="INFO" html="true">&lt;a href="007_Spam_component1.jpg"&gt;&lt;img src="007_Spam_component1.jpg" width="800px"&gt;&lt;/a&gt;</msg>
<status status="PASS" starttime="20240603 07:11:43.080" endtime="20240603 07:11:43.148"/>
</kw>
<kw name="Select Table Row" library="CustomSapGuiLibrary">
<arg>wnd[1]/usr/cntlCOMP_ONLY_CONTROL/shellcont/shell</arg>
<arg>${row}</arg>
<doc>Selects an entire row of a table. This can either be a TableControl or a GridView 'table_id'
which is contained within a shell object. The row is an index to select the row, starting from 0.</doc>
<status status="PASS" starttime="20240603 07:11:43.148" endtime="20240603 07:11:43.171"/>
</kw>
<kw name="Sleep" library="BuiltIn">
<arg>2</arg>
<doc>Pauses the test executed for the given time.</doc>
<msg timestamp="20240603 07:11:45.172" level="INFO">Slept 2 seconds</msg>
<status status="PASS" starttime="20240603 07:11:43.171" endtime="20240603 07:11:45.172"/>
</kw>
<kw name="Take Screenshot" library="CustomSapGuiLibrary">
<arg>008_Spam_component2.jpg</arg>
<doc>Takes a screenshot, only if 'screenshots on error' has been enabled,
either at import of with keyword `enable screenshots on error`.</doc>
<msg timestamp="20240603 07:11:45.250" level="INFO" html="true">&lt;a href="008_Spam_component2.jpg"&gt;&lt;img src="008_Spam_component2.jpg" width="800px"&gt;&lt;/a&gt;</msg>
<status status="PASS" starttime="20240603 07:11:45.172" endtime="20240603 07:11:45.251"/>
</kw>
<kw name="Click Element" library="CustomSapGuiLibrary">
<arg>wnd[1]/tbar[0]/btn[0]</arg>
<doc>Performs a single click on a given element. Used only for buttons, tabs and menu items.</doc>
<status status="PASS" starttime="20240603 07:11:45.251" endtime="20240603 07:11:45.415"/>
</kw>
<kw name="Sleep" library="BuiltIn">
<arg>2</arg>
<doc>Pauses the test executed for the given time.</doc>
<msg timestamp="20240603 07:11:47.415" level="INFO">Slept 2 seconds</msg>
<status status="PASS" starttime="20240603 07:11:45.415" endtime="20240603 07:11:47.415"/>
</kw>
<kw name="Take Screenshot" library="CustomSapGuiLibrary">
<arg>009_Spam_component3.jpg</arg>
<doc>Takes a screenshot, only if 'screenshots on error' has been enabled,
either at import of with keyword `enable screenshots on error`.</doc>
<msg timestamp="20240603 07:11:47.475" level="INFO" html="true">&lt;a href="009_Spam_component3.jpg"&gt;&lt;img src="009_Spam_component3.jpg" width="800px"&gt;&lt;/a&gt;</msg>
<status status="PASS" starttime="20240603 07:11:47.415" endtime="20240603 07:11:47.475"/>
</kw>
<status status="PASS" starttime="20240603 07:11:42.995" endtime="20240603 07:11:47.476"/>
</kw>
<kw name="Spam Patch selection" library="Spam_version">
<kw name="Spam Search And Select Label" library="CustomSapGuiLibrary">
<var>${patch_value}</var>
<arg>wnd[1]/usr</arg>
<arg>${symvar('patch_vers')}</arg>
<msg timestamp="20240603 07:11:47.478" level="INFO">Sym.Dev.patch_vers: SAPK-70A04INBNWVS</msg>
<msg timestamp="20240603 07:11:47.493" level="INFO">0
Error: (-2147352567, 'Exception occurred.', (617, 'SAP Frontend Server', 'The virtual key is not enabled.', None, 0, 0), None)</msg>
<msg timestamp="20240603 07:11:47.493" level="INFO">${patch_value} = None</msg>
<status status="PASS" starttime="20240603 07:11:47.476" endtime="20240603 07:11:47.493"/>
</kw>
<kw name="Log" library="BuiltIn">
<arg>${patch_value}</arg>
<doc>Logs the given message with the given level.</doc>
<msg timestamp="20240603 07:11:47.493" level="INFO">None</msg>
<status status="PASS" starttime="20240603 07:11:47.493" endtime="20240603 07:11:47.494"/>
</kw>
<kw name="Sleep" library="BuiltIn">
<arg>2</arg>
<doc>Pauses the test executed for the given time.</doc>
<msg timestamp="20240603 07:11:49.495" level="INFO">Slept 2 seconds</msg>
<status status="PASS" starttime="20240603 07:11:47.494" endtime="20240603 07:11:49.495"/>
</kw>
<kw name="Take Screenshot" library="CustomSapGuiLibrary">
<arg>010_patch_select1.jpg</arg>
<doc>Takes a screenshot, only if 'screenshots on error' has been enabled,
either at import of with keyword `enable screenshots on error`.</doc>
<msg timestamp="20240603 07:11:49.544" level="INFO" html="true">&lt;a href="010_patch_select1.jpg"&gt;&lt;img src="010_patch_select1.jpg" width="800px"&gt;&lt;/a&gt;</msg>
<status status="PASS" starttime="20240603 07:11:49.495" endtime="20240603 07:11:49.544"/>
</kw>
<kw name="Click Element" library="CustomSapGuiLibrary">
<arg>wnd[1]/tbar[0]/btn[0]</arg>
<doc>Performs a single click on a given element. Used only for buttons, tabs and menu items.</doc>
<status status="PASS" starttime="20240603 07:11:49.544" endtime="20240603 07:11:50.018"/>
</kw>
<kw name="Sleep" library="BuiltIn">
<arg>2</arg>
<doc>Pauses the test executed for the given time.</doc>
<msg timestamp="20240603 07:11:52.019" level="INFO">Slept 2 seconds</msg>
<status status="PASS" starttime="20240603 07:11:50.018" endtime="20240603 07:11:52.019"/>
</kw>
<kw name="Take Screenshot" library="CustomSapGuiLibrary">
<arg>011_patch_select2.jpg</arg>
<doc>Takes a screenshot, only if 'screenshots on error' has been enabled,
either at import of with keyword `enable screenshots on error`.</doc>
<msg timestamp="20240603 07:11:52.094" level="INFO" html="true">&lt;a href="011_patch_select2.jpg"&gt;&lt;img src="011_patch_select2.jpg" width="800px"&gt;&lt;/a&gt;</msg>
<status status="PASS" starttime="20240603 07:11:52.019" endtime="20240603 07:11:52.094"/>
</kw>
<status status="PASS" starttime="20240603 07:11:47.476" endtime="20240603 07:11:52.094"/>
</kw>
<kw name="Important SAP note handling" library="Spam_version">
<kw name="Is Imp Notes Existing" library="CustomSapGuiLibrary">
<arg>wnd[1]</arg>
<arg>wnd[1]/tbar[0]/btn[0]</arg>
<msg timestamp="20240603 07:11:52.098" level="INFO">Modal window does not exist.</msg>
<status status="PASS" starttime="20240603 07:11:52.095" endtime="20240603 07:11:52.098"/>
</kw>
<kw name="Sleep" library="BuiltIn">
<arg>2</arg>
<doc>Pauses the test executed for the given time.</doc>
<msg timestamp="20240603 07:11:54.099" level="INFO">Slept 2 seconds</msg>
<status status="PASS" starttime="20240603 07:11:52.098" endtime="20240603 07:11:54.099"/>
</kw>
<kw name="Take Screenshot" library="CustomSapGuiLibrary">
<arg>012_SAP_note.jpg</arg>
<doc>Takes a screenshot, only if 'screenshots on error' has been enabled,
either at import of with keyword `enable screenshots on error`.</doc>
<msg timestamp="20240603 07:11:54.165" level="INFO" html="true">&lt;a href="012_SAP_note.jpg"&gt;&lt;img src="012_SAP_note.jpg" width="800px"&gt;&lt;/a&gt;</msg>
<status status="PASS" starttime="20240603 07:11:54.099" endtime="20240603 07:11:54.165"/>
</kw>
<kw name="Click Element" library="CustomSapGuiLibrary">
<arg>wnd[1]/usr/btnBUTTON_2</arg>
<doc>Performs a single click on a given element. Used only for buttons, tabs and menu items.</doc>
<msg timestamp="20240603 07:11:54.224" level="INFO" html="true">&lt;a href="sap-screenshot_1.jpg"&gt;&lt;img src="sap-screenshot_1.jpg" width="800px"&gt;&lt;/a&gt;</msg>
<msg timestamp="20240603 07:11:54.224" level="FAIL">ValueError: Cannot find element with id 'wnd[1]/usr/btnBUTTON_2'</msg>
<status status="FAIL" starttime="20240603 07:11:54.165" endtime="20240603 07:11:54.226"/>
</kw>
<kw name="Sleep" library="BuiltIn">
<arg>2</arg>
<doc>Pauses the test executed for the given time.</doc>
<status status="NOT RUN" starttime="20240603 07:11:54.226" endtime="20240603 07:11:54.227"/>
</kw>
<kw name="Take Screenshot" library="CustomSapGuiLibrary">
<arg>013_Modification.jpg</arg>
<doc>Takes a screenshot, only if 'screenshots on error' has been enabled,
either at import of with keyword `enable screenshots on error`.</doc>
<status status="NOT RUN" starttime="20240603 07:11:54.227" endtime="20240603 07:11:54.227"/>
</kw>
<status status="FAIL" starttime="20240603 07:11:52.095" endtime="20240603 07:11:54.228"/>
</kw>
<tag>Regression</tag>
<tag>spamversion</tag>
<status status="FAIL" starttime="20240603 07:11:13.914" endtime="20240603 07:11:54.228">ValueError: Cannot find element with id 'wnd[1]/usr/btnBUTTON_2'

Also parent suite teardown failed:
Several failures occurred:

1) com_error: (-2147417848, 'The object invoked has disconnected from its clients.', None, None)

2) Execution terminated by signal</status>
</test>
<test id="s1-s1-t2" name="Import Queue" line="20">
<kw name="Importing queue from support package" library="Spam_version">
<kw name="Click Element" library="CustomSapGuiLibrary">
<arg>wnd[0]/mbar/menu[0]/menu[3]</arg>
<doc>Performs a single click on a given element. Used only for buttons, tabs and menu items.</doc>
<status status="PASS" starttime="20240603 07:11:54.232" endtime="20240603 07:11:54.293"/>
</kw>
<kw name="Sleep" library="BuiltIn">
<arg>2</arg>
<doc>Pauses the test executed for the given time.</doc>
<msg timestamp="20240603 07:11:56.294" level="INFO">Slept 2 seconds</msg>
<status status="PASS" starttime="20240603 07:11:54.293" endtime="20240603 07:11:56.294"/>
</kw>
<kw name="Take Screenshot" library="CustomSapGuiLibrary">
<arg>014_Imp_que_1.jpg</arg>
<doc>Takes a screenshot, only if 'screenshots on error' has been enabled,
either at import of with keyword `enable screenshots on error`.</doc>
<msg timestamp="20240603 07:11:56.366" level="INFO" html="true">&lt;a href="014_Imp_que_1.jpg"&gt;&lt;img src="014_Imp_que_1.jpg" width="800px"&gt;&lt;/a&gt;</msg>
<status status="PASS" starttime="20240603 07:11:56.294" endtime="20240603 07:11:56.366"/>
</kw>
<kw name="Click Element" library="CustomSapGuiLibrary">
<arg>wnd[1]/tbar[0]/btn[27]</arg>
<doc>Performs a single click on a given element. Used only for buttons, tabs and menu items.</doc>
<msg timestamp="20240603 07:11:56.426" level="INFO" html="true">&lt;a href="sap-screenshot_2.jpg"&gt;&lt;img src="sap-screenshot_2.jpg" width="800px"&gt;&lt;/a&gt;</msg>
<msg timestamp="20240603 07:11:56.426" level="FAIL">ValueError: Cannot find element with id 'wnd[1]/tbar[0]/btn[27]'</msg>
<status status="FAIL" starttime="20240603 07:11:56.367" endtime="20240603 07:11:56.427"/>
</kw>
<kw name="Sleep" library="BuiltIn">
<arg>2</arg>
<doc>Pauses the test executed for the given time.</doc>
<status status="NOT RUN" starttime="20240603 07:11:56.427" endtime="20240603 07:11:56.427"/>
</kw>
<kw name="Take Screenshot" library="CustomSapGuiLibrary">
<arg>015_Imp_que_2.jpg</arg>
<doc>Takes a screenshot, only if 'screenshots on error' has been enabled,
either at import of with keyword `enable screenshots on error`.</doc>
<status status="NOT RUN" starttime="20240603 07:11:56.427" endtime="20240603 07:11:56.428"/>
</kw>
<status status="FAIL" starttime="20240603 07:11:54.231" endtime="20240603 07:11:56.428"/>
</kw>
<kw name="Start Options" library="Spam_version">
<status status="NOT RUN" starttime="20240603 07:11:56.428" endtime="20240603 07:11:56.428"/>
</kw>
<kw name="Import Option" library="Spam_version">
<status status="NOT RUN" starttime="20240603 07:11:56.429" endtime="20240603 07:11:56.429"/>
</kw>
<kw name="Confirm Queue" library="Spam_version">
<status status="NOT RUN" starttime="20240603 07:11:56.429" endtime="20240603 07:11:56.429"/>
</kw>
<kw name="Version check post upgrade" library="Spam_version">
<status status="NOT RUN" starttime="20240603 07:11:56.429" endtime="20240603 07:11:56.429"/>
</kw>
<tag>Regression</tag>
<tag>spamversion</tag>
<status status="FAIL" starttime="20240603 07:11:54.231" endtime="20240603 07:11:56.429">ValueError: Cannot find element with id 'wnd[1]/tbar[0]/btn[27]'

Also parent suite teardown failed:
Several failures occurred:

1) com_error: (-2147417848, 'The object invoked has disconnected from its clients.', None, None)

2) Execution terminated by signal</status>
</test>
<kw name="System Logout" library="Spam_version" type="TEARDOWN">
<kw name="Run Transaction" library="CustomSapGuiLibrary">
<arg>/nex</arg>
<doc>Runs a Sap transaction. An error is given when an unknown transaction is specified.</doc>
<msg timestamp="20240603 07:11:56.432" level="FAIL">com_error: (-2147417848, 'The object invoked has disconnected from its clients.', None, None)</msg>
<status status="FAIL" starttime="20240603 07:11:56.431" endtime="20240603 07:11:56.432"/>
</kw>
<kw name="Sleep" library="BuiltIn">
<arg>2</arg>
<doc>Pauses the test executed for the given time.</doc>
<msg timestamp="20240603 07:11:58.434" level="INFO">Slept 2 seconds</msg>
<status status="PASS" starttime="20240603 07:11:56.432" endtime="20240603 07:11:58.434"/>
</kw>
<kw name="Create Pdf" library="PDF">
<arg>${screenshot_directory}</arg>
<arg>${output_pdf}</arg>
<status status="PASS" starttime="20240603 07:11:58.434" endtime="20240603 07:12:16.349"/>
</kw>
<kw name="Sleep" library="BuiltIn">
<arg>2</arg>
<doc>Pauses the test executed for the given time.</doc>
<status status="FAIL" starttime="20240603 07:12:16.349" endtime="20240603 07:12:18.175"/>
</kw>
<status status="FAIL" starttime="20240603 07:11:56.430" endtime="20240603 07:12:18.176">Several failures occurred:

1) com_error: (-2147417848, 'The object invoked has disconnected from its clients.', None, None)

2) Execution terminated by signal</status>
</kw>
<status status="FAIL" starttime="20240603 07:11:06.420" endtime="20240603 07:12:18.176">Suite teardown failed:
Several failures occurred:

1) com_error: (-2147417848, 'The object invoked has disconnected from its clients.', None, None)

2) Execution terminated by signal</status>
</suite>
<doc>Testing functionality through Robot Framework</doc>
<meta name="environment">Dev</meta>
<meta name="test_browser_name">chrome</meta>
<meta name="test_browser_version">125.0.6422.77</meta>
<meta name="test_driver_version">124.0.6367.207 </meta>
<meta name="test_environment">Dev</meta>
<meta name="test_freeze_dependencies">astroid==3.1.0,attrs==23.2.0,beautifulsoup4==4.12.3,bs4==0.0.2,build==1.2.1,certifi==2024.2.2,cffi==1.16.0,chardet==5.2.0,charset-normalizer==3.3.2,click==8.1.7,cmake==3.29.3,colorama==0.4.6,comtypes==1.4.2,cryptography==42.0.5,defusedxml==0.7.1,dill==0.3.8,docutils==0.21.2,et-xmlfile==1.1.0,exceptiongroup==1.2.1,fire==0.4.0,gitdb==4.0.11,GitPython==3.1.43,h11==0.14.0,idna==3.7,isort==5.13.2,Jinja2==3.1.3,jira==3.8.0,jsonpath-ng==1.6.1,jsonschema==4.21.1,jsonschema-specifications==2023.12.1,lazy-object-proxy==1.10.0,lxml==5.2.1,markdown-it-py==3.0.0,MarkupSafe==2.1.5,mccabe==0.7.0,mdurl==0.1.2,natsort==8.4.0,oauthlib==3.2.2,openpyxl==3.1.2,outcome==1.3.0.post0,packaging==24.0,pathspec==0.11.2,pendulum==3.0.0,pillow==10.3.0,pip==24.0,platformdirs==4.2.1,ply==3.11,psutil==5.9.8,pycparser==2.22,Pygments==2.17.2,pylint==3.1.0,pynput-robocorp-fork==5.0.0,pyperclip==1.8.2,pyproject-toml==0.0.10,pyproject_hooks==1.1.0,PySocks==1.7.1,python-dateutil==2.9.0.post0,python-dotenv==1.0.1,pywin32==306,PyYAML==6.0.1,referencing==0.35.0,reportlab==4.2.0,requests==2.31.0,requests-oauthlib==2.0.0,requests-toolbelt==1.0.0,rich==13.7.1,rich-click==1.6.1,robotframework==6.0.2,robotframework-datadriver==1.9.0,robotframework-excellib==2.0.1,robotframework-jsonlibrary==0.5,robotframework-pabot==2.16.0,robotframework-pythonlibcore==4.2.0,robotframework-requests==0.9.2,robotframework-sapguilibrary==1.1,robotframework-seleniumlibrary==5.1.3,robotframework-stacktrace==0.4.1,robotframework-tidy==4.5.0,rpaframework-core==11.3.2,rpaframework-windows==7.5.1,rpds-py==0.18.0,selenium==4.9.1,setuptools==70.0.0,six==1.16.0,smmap==5.0.1,sniffio==1.3.1,sortedcontainers==2.4.0,soupsieve==2.5,termcolor==2.4.0,time-machine==2.14.1,toml==0.10.2,tomli==2.0.1,tomlkit==0.12.4,trio==0.25.0,trio-websocket==0.11.1,typing_extensions==4.11.0,tzdata==2024.1,uiautomation==2.0.18,urllib3==2.2.1,webdriver-manager==4.0.1,wheel==0.43.0,wrapt==1.16.0,wsproto==1.2.0</meta>
<status status="FAIL" starttime="20240603 07:11:02.234" endtime="20240603 07:12:18.558"/>
</suite>
<statistics>
<total>
<stat pass="0" fail="2" skip="0">All Tests</stat>
</total>
<tag>
<stat pass="0" fail="2" skip="0">Regression</stat>
<stat pass="0" fail="2" skip="0">spamversion</stat>
</tag>
<suite>
<stat pass="0" fail="2" skip="0" id="s1" name="Tests">Tests</stat>
<stat pass="0" fail="2" skip="0" id="s1-s1" name="Test Spam version">Tests.Test Spam version</stat>
</suite>
</statistics>
<errors>
</errors>
</robot>
