<?xml version="1.0" encoding="UTF-8"?>
<robot generator="Rebot 6.0.2 (Python 3.12.1 on win32)" generated="20240503 14:02:43.772" rpa="false" schemaversion="3">
<suite id="s1" name="Tests" source="C:\SAP_Testing\SAPtesting\Tests">
<kw name="Setup highest level suite" type="SETUP">
<kw name="Set Variable" library="BuiltIn">
<var>${d.test_server}</var>
<arg>${test_server}</arg>
<doc>Returns the given values which can then be assigned to a variables.</doc>
<msg timestamp="20240503 13:56:32.967" level="INFO">${d.test_server} = Dev</msg>
<status status="PASS" starttime="20240503 13:56:32.967" endtime="20240503 13:56:32.967"/>
</kw>
<kw name="Reset screenshot count variable" library="Support">
<kw name="Set Variable" library="BuiltIn">
<var>${screenshotCount}</var>
<arg>${PABOTQUEUEINDEX}_1</arg>
<doc>Returns the given values which can then be assigned to a variables.</doc>
<msg timestamp="20240503 13:56:32.967" level="INFO">${screenshotCount} = 0_1</msg>
<status status="PASS" starttime="20240503 13:56:32.967" endtime="20240503 13:56:32.967"/>
</kw>
<kw name="Set Global Variable" library="BuiltIn">
<arg>${screenshotCount}</arg>
<doc>Makes a variable available globally in all tests and suites.</doc>
<msg timestamp="20240503 13:56:32.967" level="INFO">${screenshotCount} = 0_1</msg>
<status status="PASS" starttime="20240503 13:56:32.967" endtime="20240503 13:56:32.967"/>
</kw>
<kw name="Set up screenshot directory" library="Support">
<kw name="Create Directory" library="OperatingSystem">
<arg>${OUTPUTDIR}${/}${wvar('screenshot_dir')}</arg>
<doc>Creates the specified directory.</doc>
<msg timestamp="20240503 13:56:32.967" level="INFO">Web.Dev.screenshot_dir: Screenshot</msg>
<msg timestamp="20240503 13:56:32.967" level="INFO" html="true">Created directory '&lt;a href="file://C:\SAP_Testing\SAPtesting\Output\pabot_results\0\Screenshot"&gt;C:\SAP_Testing\SAPtesting\Output\pabot_results\0\Screenshot&lt;/a&gt;'.</msg>
<status status="PASS" starttime="20240503 13:56:32.967" endtime="20240503 13:56:32.967"/>
</kw>
<status status="PASS" starttime="20240503 13:56:32.967" endtime="20240503 13:56:32.967"/>
</kw>
<status status="PASS" starttime="20240503 13:56:32.967" endtime="20240503 13:56:32.967"/>
</kw>
<kw name="Set Global Variable" library="BuiltIn">
<arg>${screenshot_taking}</arg>
<arg>${True}</arg>
<doc>Makes a variable available globally in all tests and suites.</doc>
<msg timestamp="20240503 13:56:32.967" level="INFO">${screenshot_taking} = True</msg>
<status status="PASS" starttime="20240503 13:56:32.967" endtime="20240503 13:56:32.967"/>
</kw>
<kw name="Setup linux execution" library="Support">
<kw name="Run Keyword And Return Status" library="BuiltIn">
<var>${web_test_check}</var>
<arg>Variable Should Exist</arg>
<arg>${web_test}</arg>
<doc>Runs the given keyword with given arguments and returns the status as a Boolean value.</doc>
<kw name="Variable Should Exist" library="BuiltIn">
<arg>${web_test}</arg>
<doc>Fails unless the given variable exists within the current scope.</doc>
<status status="PASS" starttime="20240503 13:56:32.967" endtime="20240503 13:56:32.967"/>
</kw>
<msg timestamp="20240503 13:56:32.967" level="INFO">${web_test_check} = True</msg>
<status status="PASS" starttime="20240503 13:56:32.967" endtime="20240503 13:56:32.967"/>
</kw>
<kw name="Run Keyword If" library="BuiltIn">
<arg>${web_test_check}</arg>
<arg>Setup Docker Execution Options</arg>
<doc>Runs the given keyword with the given arguments, if ``condition`` is true.</doc>
<kw name="Setup Docker Execution Options" library="Support_Web">
<kw name="Setup Suite Metadata" library="Support_Web">
<arg>${browser}</arg>
<kw name="Get Browser Metadata" library="BrowserSupport">
<var>&amp;{browser_information}</var>
<arg>browser=${browser}</arg>
<doc>Fetches browser metadata information
:param browser: Name of the browser for which information is fetched
:param reload: Re-read the metadata based on the browser
:return: Browser metadata information, dict of format
            {"browser_version": browser version value,
             "driver_version": driver version value}</doc>
<msg timestamp="20240503 13:56:38.178" level="INFO">&amp;{browser_information} = { browser_version=124.0.6367.119 | driver_version=124.0.6367.91  }</msg>
<status status="PASS" starttime="20240503 13:56:32.967" endtime="20240503 13:56:38.178"/>
</kw>
<kw name="Set Suite Metadata" library="BuiltIn">
<arg>test_browser_name</arg>
<arg>${browser}</arg>
<doc>Sets metadata for the current test suite.</doc>
<msg timestamp="20240503 13:56:38.178" level="INFO">Set suite metadata 'test_browser_name' to value 'chrome'.</msg>
<status status="PASS" starttime="20240503 13:56:38.178" endtime="20240503 13:56:38.178"/>
</kw>
<kw name="Set Suite Metadata" library="BuiltIn">
<arg>test_browser_version</arg>
<arg>${browser_information.browser_version}</arg>
<doc>Sets metadata for the current test suite.</doc>
<msg timestamp="20240503 13:56:38.178" level="INFO">Set suite metadata 'test_browser_version' to value '124.0.6367.119'.</msg>
<status status="PASS" starttime="20240503 13:56:38.178" endtime="20240503 13:56:38.178"/>
</kw>
<kw name="Set Suite Metadata" library="BuiltIn">
<arg>test_driver_version</arg>
<arg>${browser_information.driver_version}</arg>
<doc>Sets metadata for the current test suite.</doc>
<msg timestamp="20240503 13:56:38.178" level="INFO">Set suite metadata 'test_driver_version' to value '124.0.6367.91 '.</msg>
<status status="PASS" starttime="20240503 13:56:38.178" endtime="20240503 13:56:38.178"/>
</kw>
<status status="PASS" starttime="20240503 13:56:32.967" endtime="20240503 13:56:38.178"/>
</kw>
<kw name="Setup Global Docker Execution Options" library="Support_Web">
<kw name="Set Global Variable" library="BuiltIn">
<arg>${global_browser_options}</arg>
<arg>None</arg>
<doc>Makes a variable available globally in all tests and suites.</doc>
<msg timestamp="20240503 13:56:38.178" level="INFO">${global_browser_options} = None</msg>
<status status="PASS" starttime="20240503 13:56:38.178" endtime="20240503 13:56:38.178"/>
</kw>
<kw name="Get Environment Variable" library="OperatingSystem">
<var>${docker_check}</var>
<arg>EXECUTION_ENVIRONMENT</arg>
<arg>not_found</arg>
<doc>Returns the value of an environment variable with the given name.</doc>
<msg timestamp="20240503 13:56:38.178" level="INFO">${docker_check} = not_found</msg>
<status status="PASS" starttime="20240503 13:56:38.178" endtime="20240503 13:56:38.178"/>
</kw>
<kw name="Run Keyword And Return If" library="BuiltIn">
<arg>"${docker_check}"!="docker"</arg>
<arg>Log</arg>
<arg>Not executing on Docker</arg>
<doc>Runs the specified keyword and returns from the enclosing user keyword.</doc>
<kw name="Log" library="BuiltIn">
<arg>Not executing on Docker</arg>
<doc>Logs the given message with the given level.</doc>
<msg timestamp="20240503 13:56:38.178" level="INFO">Not executing on Docker</msg>
<status status="PASS" starttime="20240503 13:56:38.178" endtime="20240503 13:56:38.178"/>
</kw>
<msg timestamp="20240503 13:56:38.178" level="INFO">Returning from the enclosing user keyword.</msg>
<status status="PASS" starttime="20240503 13:56:38.178" endtime="20240503 13:56:38.178"/>
</kw>
<kw name="Create List" library="BuiltIn">
<var>@{options}</var>
<arg>--headless</arg>
<arg>--no-sandbox</arg>
<arg>--disable-dev-shm-usage</arg>
<doc>Returns a list containing given items.</doc>
<status status="NOT RUN" starttime="20240503 13:56:38.178" endtime="20240503 13:56:38.178"/>
</kw>
<kw name="Set Global Variable" library="BuiltIn">
<arg>@{docker_options}</arg>
<arg>@{options}</arg>
<doc>Makes a variable available globally in all tests and suites.</doc>
<status status="NOT RUN" starttime="20240503 13:56:38.178" endtime="20240503 13:56:38.178"/>
</kw>
<status status="PASS" starttime="20240503 13:56:38.178" endtime="20240503 13:56:38.178"/>
</kw>
<kw name="Create Webdriver for chrome preferences" library="Support_Web">
<kw name="Update Docker Execution Options" library="Support_Web">
<var>${list_prefs}</var>
<arg>${list_prefs}</arg>
<kw name="Run Keyword And Return Status" library="BuiltIn">
<var>${docker_check}</var>
<arg>Variable Should Exist</arg>
<arg>${docker_options}</arg>
<doc>Runs the given keyword with given arguments and returns the status as a Boolean value.</doc>
<kw name="Variable Should Exist" library="BuiltIn">
<arg>${docker_options}</arg>
<doc>Fails unless the given variable exists within the current scope.</doc>
<msg timestamp="20240503 13:56:38.178" level="FAIL">Variable '${docker_options}' does not exist.</msg>
<status status="FAIL" starttime="20240503 13:56:38.178" endtime="20240503 13:56:38.178"/>
</kw>
<msg timestamp="20240503 13:56:38.178" level="INFO">${docker_check} = False</msg>
<status status="PASS" starttime="20240503 13:56:38.178" endtime="20240503 13:56:38.178"/>
</kw>
<kw name="Get Length" library="BuiltIn">
<var>${list_prefs_length}</var>
<arg>${list_prefs}</arg>
<doc>Returns and logs the length of the given item as an integer.</doc>
<msg timestamp="20240503 13:56:38.178" level="INFO">Length is 1</msg>
<msg timestamp="20240503 13:56:38.178" level="INFO">${list_prefs_length} = 1</msg>
<status status="PASS" starttime="20240503 13:56:38.178" endtime="20240503 13:56:38.178"/>
</kw>
<kw name="Run Keyword If" library="BuiltIn">
<var>${list_prefs}</var>
<arg>${docker_check} and ${list_prefs_length}&gt;0 and ${list_prefs}[0] != []</arg>
<arg>Combine Lists</arg>
<arg>${list_prefs}</arg>
<arg>${docker_options}</arg>
<arg>ELSE IF</arg>
<arg>${docker_check}</arg>
<arg>Set Variable</arg>
<arg>${docker_options}</arg>
<arg>ELSE</arg>
<arg>Set Variable</arg>
<arg>${list_prefs}</arg>
<doc>Runs the given keyword with the given arguments, if ``condition`` is true.</doc>
<kw name="Set Variable" library="BuiltIn">
<arg>${list_prefs}</arg>
<doc>Returns the given values which can then be assigned to a variables.</doc>
<status status="PASS" starttime="20240503 13:56:38.178" endtime="20240503 13:56:38.178"/>
</kw>
<msg timestamp="20240503 13:56:38.178" level="INFO">${list_prefs} = [[]]</msg>
<status status="PASS" starttime="20240503 13:56:38.178" endtime="20240503 13:56:38.178"/>
</kw>
<msg timestamp="20240503 13:56:38.178" level="INFO">${list_prefs} = [[]]</msg>
<status status="PASS" starttime="20240503 13:56:38.178" endtime="20240503 13:56:38.178"/>
</kw>
<kw name="Create Chrome Options for download preferences" library="Support_Web">
<var>${chrome_options}</var>
<kw name="Evaluate" library="BuiltIn">
<var>${chrome_options}</var>
<arg>sys.modules['selenium.webdriver'].ChromeOptions()</arg>
<arg>sys</arg>
<doc>Evaluates the given expression in Python and returns the result.</doc>
<msg timestamp="20240503 13:56:38.178" level="INFO">${chrome_options} = &lt;selenium.webdriver.chrome.options.Options object at 0x000002121DC219A0&gt;</msg>
<status status="PASS" starttime="20240503 13:56:38.178" endtime="20240503 13:56:38.178"/>
</kw>
<msg timestamp="20240503 13:56:38.178" level="INFO">${chrome_options} = &lt;selenium.webdriver.chrome.options.Options object at 0x000002121DC219A0&gt;</msg>
<status status="PASS" starttime="20240503 13:56:38.178" endtime="20240503 13:56:38.178"/>
</kw>
<kw name="Update Preferences List" library="Support_Web">
<arg>${chrome_options}</arg>
<arg>@{list_prefs}</arg>
<kw name="Convert To String" library="BuiltIn">
<var>${string_prefs}</var>
<arg>${list_prefs}</arg>
<doc>Converts the given item to a Unicode string.</doc>
<msg timestamp="20240503 13:56:38.178" level="INFO">${string_prefs} = [[]]</msg>
<status status="PASS" starttime="20240503 13:56:38.178" endtime="20240503 13:56:38.178"/>
</kw>
<kw name="Return From Keyword If" library="BuiltIn">
<arg>${string_prefs} == [[]]</arg>
<doc>Returns from the enclosing user keyword if ``condition`` is true.</doc>
<msg timestamp="20240503 13:56:38.178" level="INFO">Returning from the enclosing user keyword.</msg>
<status status="PASS" starttime="20240503 13:56:38.178" endtime="20240503 13:56:38.178"/>
</kw>
<for flavor="IN">
<var>${preference}</var>
<value>@{list_prefs}</value>
<iter>
<var name="${preference}"/>
<kw name="Call Method" library="BuiltIn">
<arg>${chrome_options}</arg>
<arg>add_argument</arg>
<arg>${preference}</arg>
<doc>Calls the named method of the given object with the provided arguments.</doc>
<status status="NOT RUN" starttime="20240503 13:56:38.178" endtime="20240503 13:56:38.178"/>
</kw>
<status status="NOT RUN" starttime="20240503 13:56:38.178" endtime="20240503 13:56:38.178"/>
</iter>
<status status="NOT RUN" starttime="20240503 13:56:38.178" endtime="20240503 13:56:38.178"/>
</for>
<status status="PASS" starttime="20240503 13:56:38.178" endtime="20240503 13:56:38.178"/>
</kw>
<kw name="Call Method" library="BuiltIn">
<arg>${chrome_options}</arg>
<arg>add_experimental_option</arg>
<arg>prefs</arg>
<arg>${kw_prefs}</arg>
<doc>Calls the named method of the given object with the provided arguments.</doc>
<status status="PASS" starttime="20240503 13:56:38.178" endtime="20240503 13:56:38.178"/>
</kw>
<kw name="Set Global Variable" library="BuiltIn">
<arg>${global_browser_options}</arg>
<arg>${chrome options}</arg>
<doc>Makes a variable available globally in all tests and suites.</doc>
<msg timestamp="20240503 13:56:38.178" level="INFO">${global_browser_options} = &lt;selenium.webdriver.chrome.options.Options object at 0x000002121DC219A0&gt;</msg>
<status status="PASS" starttime="20240503 13:56:38.178" endtime="20240503 13:56:38.178"/>
</kw>
<status status="PASS" starttime="20240503 13:56:38.178" endtime="20240503 13:56:38.178"/>
</kw>
<status status="PASS" starttime="20240503 13:56:32.967" endtime="20240503 13:56:38.178"/>
</kw>
<status status="PASS" starttime="20240503 13:56:32.967" endtime="20240503 13:56:38.178"/>
</kw>
<status status="PASS" starttime="20240503 13:56:32.967" endtime="20240503 13:56:38.178"/>
</kw>
<kw name="Set Suite Metadata" library="BuiltIn">
<arg>environment</arg>
<arg>${test_server}</arg>
<doc>Sets metadata for the current test suite.</doc>
<msg timestamp="20240503 13:56:38.178" level="INFO">Set suite metadata 'environment' to value 'Dev'.</msg>
<status status="PASS" starttime="20240503 13:56:38.178" endtime="20240503 13:56:38.178"/>
</kw>
<kw name="Set Variable" library="BuiltIn">
<var>${d.test_server}</var>
<arg>${test_server}</arg>
<doc>Returns the given values which can then be assigned to a variables.</doc>
<msg timestamp="20240503 13:56:32.983" level="INFO">${d.test_server} = Dev</msg>
<status status="PASS" starttime="20240503 13:56:32.983" endtime="20240503 13:56:32.983"/>
</kw>
<kw name="Reset screenshot count variable" library="Support">
<kw name="Set Variable" library="BuiltIn">
<var>${screenshotCount}</var>
<arg>${PABOTQUEUEINDEX}_1</arg>
<doc>Returns the given values which can then be assigned to a variables.</doc>
<msg timestamp="20240503 13:56:32.983" level="INFO">${screenshotCount} = 1_1</msg>
<status status="PASS" starttime="20240503 13:56:32.983" endtime="20240503 13:56:32.983"/>
</kw>
<kw name="Set Global Variable" library="BuiltIn">
<arg>${screenshotCount}</arg>
<doc>Makes a variable available globally in all tests and suites.</doc>
<msg timestamp="20240503 13:56:32.983" level="INFO">${screenshotCount} = 1_1</msg>
<status status="PASS" starttime="20240503 13:56:32.983" endtime="20240503 13:56:32.983"/>
</kw>
<kw name="Set up screenshot directory" library="Support">
<kw name="Create Directory" library="OperatingSystem">
<arg>${OUTPUTDIR}${/}${wvar('screenshot_dir')}</arg>
<doc>Creates the specified directory.</doc>
<msg timestamp="20240503 13:56:32.983" level="INFO">Web.Dev.screenshot_dir: Screenshot</msg>
<msg timestamp="20240503 13:56:32.998" level="INFO" html="true">Created directory '&lt;a href="file://C:\SAP_Testing\SAPtesting\Output\pabot_results\1\Screenshot"&gt;C:\SAP_Testing\SAPtesting\Output\pabot_results\1\Screenshot&lt;/a&gt;'.</msg>
<status status="PASS" starttime="20240503 13:56:32.983" endtime="20240503 13:56:32.998"/>
</kw>
<status status="PASS" starttime="20240503 13:56:32.983" endtime="20240503 13:56:32.998"/>
</kw>
<status status="PASS" starttime="20240503 13:56:32.983" endtime="20240503 13:56:32.998"/>
</kw>
<kw name="Set Global Variable" library="BuiltIn">
<arg>${screenshot_taking}</arg>
<arg>${True}</arg>
<doc>Makes a variable available globally in all tests and suites.</doc>
<msg timestamp="20240503 13:56:32.998" level="INFO">${screenshot_taking} = True</msg>
<status status="PASS" starttime="20240503 13:56:32.998" endtime="20240503 13:56:32.998"/>
</kw>
<kw name="Setup linux execution" library="Support">
<kw name="Run Keyword And Return Status" library="BuiltIn">
<var>${web_test_check}</var>
<arg>Variable Should Exist</arg>
<arg>${web_test}</arg>
<doc>Runs the given keyword with given arguments and returns the status as a Boolean value.</doc>
<kw name="Variable Should Exist" library="BuiltIn">
<arg>${web_test}</arg>
<doc>Fails unless the given variable exists within the current scope.</doc>
<status status="PASS" starttime="20240503 13:56:32.998" endtime="20240503 13:56:32.998"/>
</kw>
<msg timestamp="20240503 13:56:32.998" level="INFO">${web_test_check} = True</msg>
<status status="PASS" starttime="20240503 13:56:32.998" endtime="20240503 13:56:32.998"/>
</kw>
<kw name="Run Keyword If" library="BuiltIn">
<arg>${web_test_check}</arg>
<arg>Setup Docker Execution Options</arg>
<doc>Runs the given keyword with the given arguments, if ``condition`` is true.</doc>
<kw name="Setup Docker Execution Options" library="Support_Web">
<kw name="Setup Suite Metadata" library="Support_Web">
<arg>${browser}</arg>
<kw name="Get Browser Metadata" library="BrowserSupport">
<var>&amp;{browser_information}</var>
<arg>browser=${browser}</arg>
<doc>Fetches browser metadata information
:param browser: Name of the browser for which information is fetched
:param reload: Re-read the metadata based on the browser
:return: Browser metadata information, dict of format
            {"browser_version": browser version value,
             "driver_version": driver version value}</doc>
<msg timestamp="20240503 13:56:38.271" level="INFO">&amp;{browser_information} = { browser_version=124.0.6367.119 | driver_version=124.0.6367.91  }</msg>
<status status="PASS" starttime="20240503 13:56:32.998" endtime="20240503 13:56:38.271"/>
</kw>
<kw name="Set Suite Metadata" library="BuiltIn">
<arg>test_browser_name</arg>
<arg>${browser}</arg>
<doc>Sets metadata for the current test suite.</doc>
<msg timestamp="20240503 13:56:38.271" level="INFO">Set suite metadata 'test_browser_name' to value 'chrome'.</msg>
<status status="PASS" starttime="20240503 13:56:38.271" endtime="20240503 13:56:38.271"/>
</kw>
<kw name="Set Suite Metadata" library="BuiltIn">
<arg>test_browser_version</arg>
<arg>${browser_information.browser_version}</arg>
<doc>Sets metadata for the current test suite.</doc>
<msg timestamp="20240503 13:56:38.271" level="INFO">Set suite metadata 'test_browser_version' to value '124.0.6367.119'.</msg>
<status status="PASS" starttime="20240503 13:56:38.271" endtime="20240503 13:56:38.271"/>
</kw>
<kw name="Set Suite Metadata" library="BuiltIn">
<arg>test_driver_version</arg>
<arg>${browser_information.driver_version}</arg>
<doc>Sets metadata for the current test suite.</doc>
<msg timestamp="20240503 13:56:38.271" level="INFO">Set suite metadata 'test_driver_version' to value '124.0.6367.91 '.</msg>
<status status="PASS" starttime="20240503 13:56:38.271" endtime="20240503 13:56:38.271"/>
</kw>
<status status="PASS" starttime="20240503 13:56:32.998" endtime="20240503 13:56:38.271"/>
</kw>
<kw name="Setup Global Docker Execution Options" library="Support_Web">
<kw name="Set Global Variable" library="BuiltIn">
<arg>${global_browser_options}</arg>
<arg>None</arg>
<doc>Makes a variable available globally in all tests and suites.</doc>
<msg timestamp="20240503 13:56:38.271" level="INFO">${global_browser_options} = None</msg>
<status status="PASS" starttime="20240503 13:56:38.271" endtime="20240503 13:56:38.271"/>
</kw>
<kw name="Get Environment Variable" library="OperatingSystem">
<var>${docker_check}</var>
<arg>EXECUTION_ENVIRONMENT</arg>
<arg>not_found</arg>
<doc>Returns the value of an environment variable with the given name.</doc>
<msg timestamp="20240503 13:56:38.271" level="INFO">${docker_check} = not_found</msg>
<status status="PASS" starttime="20240503 13:56:38.271" endtime="20240503 13:56:38.271"/>
</kw>
<kw name="Run Keyword And Return If" library="BuiltIn">
<arg>"${docker_check}"!="docker"</arg>
<arg>Log</arg>
<arg>Not executing on Docker</arg>
<doc>Runs the specified keyword and returns from the enclosing user keyword.</doc>
<kw name="Log" library="BuiltIn">
<arg>Not executing on Docker</arg>
<doc>Logs the given message with the given level.</doc>
<msg timestamp="20240503 13:56:38.271" level="INFO">Not executing on Docker</msg>
<status status="PASS" starttime="20240503 13:56:38.271" endtime="20240503 13:56:38.271"/>
</kw>
<msg timestamp="20240503 13:56:38.271" level="INFO">Returning from the enclosing user keyword.</msg>
<status status="PASS" starttime="20240503 13:56:38.271" endtime="20240503 13:56:38.271"/>
</kw>
<kw name="Create List" library="BuiltIn">
<var>@{options}</var>
<arg>--headless</arg>
<arg>--no-sandbox</arg>
<arg>--disable-dev-shm-usage</arg>
<doc>Returns a list containing given items.</doc>
<status status="NOT RUN" starttime="20240503 13:56:38.271" endtime="20240503 13:56:38.271"/>
</kw>
<kw name="Set Global Variable" library="BuiltIn">
<arg>@{docker_options}</arg>
<arg>@{options}</arg>
<doc>Makes a variable available globally in all tests and suites.</doc>
<status status="NOT RUN" starttime="20240503 13:56:38.271" endtime="20240503 13:56:38.271"/>
</kw>
<status status="PASS" starttime="20240503 13:56:38.271" endtime="20240503 13:56:38.271"/>
</kw>
<kw name="Create Webdriver for chrome preferences" library="Support_Web">
<kw name="Update Docker Execution Options" library="Support_Web">
<var>${list_prefs}</var>
<arg>${list_prefs}</arg>
<kw name="Run Keyword And Return Status" library="BuiltIn">
<var>${docker_check}</var>
<arg>Variable Should Exist</arg>
<arg>${docker_options}</arg>
<doc>Runs the given keyword with given arguments and returns the status as a Boolean value.</doc>
<kw name="Variable Should Exist" library="BuiltIn">
<arg>${docker_options}</arg>
<doc>Fails unless the given variable exists within the current scope.</doc>
<msg timestamp="20240503 13:56:38.271" level="FAIL">Variable '${docker_options}' does not exist.</msg>
<status status="FAIL" starttime="20240503 13:56:38.271" endtime="20240503 13:56:38.271"/>
</kw>
<msg timestamp="20240503 13:56:38.271" level="INFO">${docker_check} = False</msg>
<status status="PASS" starttime="20240503 13:56:38.271" endtime="20240503 13:56:38.271"/>
</kw>
<kw name="Get Length" library="BuiltIn">
<var>${list_prefs_length}</var>
<arg>${list_prefs}</arg>
<doc>Returns and logs the length of the given item as an integer.</doc>
<msg timestamp="20240503 13:56:38.271" level="INFO">Length is 1</msg>
<msg timestamp="20240503 13:56:38.271" level="INFO">${list_prefs_length} = 1</msg>
<status status="PASS" starttime="20240503 13:56:38.271" endtime="20240503 13:56:38.271"/>
</kw>
<kw name="Run Keyword If" library="BuiltIn">
<var>${list_prefs}</var>
<arg>${docker_check} and ${list_prefs_length}&gt;0 and ${list_prefs}[0] != []</arg>
<arg>Combine Lists</arg>
<arg>${list_prefs}</arg>
<arg>${docker_options}</arg>
<arg>ELSE IF</arg>
<arg>${docker_check}</arg>
<arg>Set Variable</arg>
<arg>${docker_options}</arg>
<arg>ELSE</arg>
<arg>Set Variable</arg>
<arg>${list_prefs}</arg>
<doc>Runs the given keyword with the given arguments, if ``condition`` is true.</doc>
<kw name="Set Variable" library="BuiltIn">
<arg>${list_prefs}</arg>
<doc>Returns the given values which can then be assigned to a variables.</doc>
<status status="PASS" starttime="20240503 13:56:38.271" endtime="20240503 13:56:38.271"/>
</kw>
<msg timestamp="20240503 13:56:38.271" level="INFO">${list_prefs} = [[]]</msg>
<status status="PASS" starttime="20240503 13:56:38.271" endtime="20240503 13:56:38.271"/>
</kw>
<msg timestamp="20240503 13:56:38.271" level="INFO">${list_prefs} = [[]]</msg>
<status status="PASS" starttime="20240503 13:56:38.271" endtime="20240503 13:56:38.271"/>
</kw>
<kw name="Create Chrome Options for download preferences" library="Support_Web">
<var>${chrome_options}</var>
<kw name="Evaluate" library="BuiltIn">
<var>${chrome_options}</var>
<arg>sys.modules['selenium.webdriver'].ChromeOptions()</arg>
<arg>sys</arg>
<doc>Evaluates the given expression in Python and returns the result.</doc>
<msg timestamp="20240503 13:56:38.271" level="INFO">${chrome_options} = &lt;selenium.webdriver.chrome.options.Options object at 0x000001DE463AD310&gt;</msg>
<status status="PASS" starttime="20240503 13:56:38.271" endtime="20240503 13:56:38.271"/>
</kw>
<msg timestamp="20240503 13:56:38.271" level="INFO">${chrome_options} = &lt;selenium.webdriver.chrome.options.Options object at 0x000001DE463AD310&gt;</msg>
<status status="PASS" starttime="20240503 13:56:38.271" endtime="20240503 13:56:38.271"/>
</kw>
<kw name="Update Preferences List" library="Support_Web">
<arg>${chrome_options}</arg>
<arg>@{list_prefs}</arg>
<kw name="Convert To String" library="BuiltIn">
<var>${string_prefs}</var>
<arg>${list_prefs}</arg>
<doc>Converts the given item to a Unicode string.</doc>
<msg timestamp="20240503 13:56:38.286" level="INFO">${string_prefs} = [[]]</msg>
<status status="PASS" starttime="20240503 13:56:38.286" endtime="20240503 13:56:38.286"/>
</kw>
<kw name="Return From Keyword If" library="BuiltIn">
<arg>${string_prefs} == [[]]</arg>
<doc>Returns from the enclosing user keyword if ``condition`` is true.</doc>
<msg timestamp="20240503 13:56:38.286" level="INFO">Returning from the enclosing user keyword.</msg>
<status status="PASS" starttime="20240503 13:56:38.286" endtime="20240503 13:56:38.286"/>
</kw>
<for flavor="IN">
<var>${preference}</var>
<value>@{list_prefs}</value>
<iter>
<var name="${preference}"/>
<kw name="Call Method" library="BuiltIn">
<arg>${chrome_options}</arg>
<arg>add_argument</arg>
<arg>${preference}</arg>
<doc>Calls the named method of the given object with the provided arguments.</doc>
<status status="NOT RUN" starttime="20240503 13:56:38.286" endtime="20240503 13:56:38.286"/>
</kw>
<status status="NOT RUN" starttime="20240503 13:56:38.286" endtime="20240503 13:56:38.286"/>
</iter>
<status status="NOT RUN" starttime="20240503 13:56:38.286" endtime="20240503 13:56:38.286"/>
</for>
<status status="PASS" starttime="20240503 13:56:38.271" endtime="20240503 13:56:38.286"/>
</kw>
<kw name="Call Method" library="BuiltIn">
<arg>${chrome_options}</arg>
<arg>add_experimental_option</arg>
<arg>prefs</arg>
<arg>${kw_prefs}</arg>
<doc>Calls the named method of the given object with the provided arguments.</doc>
<status status="PASS" starttime="20240503 13:56:38.286" endtime="20240503 13:56:38.286"/>
</kw>
<kw name="Set Global Variable" library="BuiltIn">
<arg>${global_browser_options}</arg>
<arg>${chrome options}</arg>
<doc>Makes a variable available globally in all tests and suites.</doc>
<msg timestamp="20240503 13:56:38.286" level="INFO">${global_browser_options} = &lt;selenium.webdriver.chrome.options.Options object at 0x000001DE463AD310&gt;</msg>
<status status="PASS" starttime="20240503 13:56:38.286" endtime="20240503 13:56:38.286"/>
</kw>
<status status="PASS" starttime="20240503 13:56:38.271" endtime="20240503 13:56:38.286"/>
</kw>
<status status="PASS" starttime="20240503 13:56:32.998" endtime="20240503 13:56:38.286"/>
</kw>
<status status="PASS" starttime="20240503 13:56:32.998" endtime="20240503 13:56:38.286"/>
</kw>
<status status="PASS" starttime="20240503 13:56:32.998" endtime="20240503 13:56:38.286"/>
</kw>
<kw name="Set Suite Metadata" library="BuiltIn">
<arg>environment</arg>
<arg>${test_server}</arg>
<doc>Sets metadata for the current test suite.</doc>
<msg timestamp="20240503 13:56:38.286" level="INFO">Set suite metadata 'environment' to value 'Dev'.</msg>
<status status="PASS" starttime="20240503 13:56:38.286" endtime="20240503 13:56:38.286"/>
</kw>
<kw name="Set Variable" library="BuiltIn">
<var>${d.test_server}</var>
<arg>${test_server}</arg>
<doc>Returns the given values which can then be assigned to a variables.</doc>
<msg timestamp="20240503 13:57:14.228" level="INFO">${d.test_server} = Dev</msg>
<status status="PASS" starttime="20240503 13:57:14.228" endtime="20240503 13:57:14.228"/>
</kw>
<kw name="Reset screenshot count variable" library="Support">
<kw name="Set Variable" library="BuiltIn">
<var>${screenshotCount}</var>
<arg>${PABOTQUEUEINDEX}_1</arg>
<doc>Returns the given values which can then be assigned to a variables.</doc>
<msg timestamp="20240503 13:57:14.228" level="INFO">${screenshotCount} = 2_1</msg>
<status status="PASS" starttime="20240503 13:57:14.228" endtime="20240503 13:57:14.228"/>
</kw>
<kw name="Set Global Variable" library="BuiltIn">
<arg>${screenshotCount}</arg>
<doc>Makes a variable available globally in all tests and suites.</doc>
<msg timestamp="20240503 13:57:14.228" level="INFO">${screenshotCount} = 2_1</msg>
<status status="PASS" starttime="20240503 13:57:14.228" endtime="20240503 13:57:14.228"/>
</kw>
<kw name="Set up screenshot directory" library="Support">
<kw name="Create Directory" library="OperatingSystem">
<arg>${OUTPUTDIR}${/}${wvar('screenshot_dir')}</arg>
<doc>Creates the specified directory.</doc>
<msg timestamp="20240503 13:57:14.228" level="INFO">Web.Dev.screenshot_dir: Screenshot</msg>
<msg timestamp="20240503 13:57:14.242" level="INFO" html="true">Created directory '&lt;a href="file://C:\SAP_Testing\SAPtesting\Output\pabot_results\2\Screenshot"&gt;C:\SAP_Testing\SAPtesting\Output\pabot_results\2\Screenshot&lt;/a&gt;'.</msg>
<status status="PASS" starttime="20240503 13:57:14.228" endtime="20240503 13:57:14.242"/>
</kw>
<status status="PASS" starttime="20240503 13:57:14.228" endtime="20240503 13:57:14.242"/>
</kw>
<status status="PASS" starttime="20240503 13:57:14.228" endtime="20240503 13:57:14.242"/>
</kw>
<kw name="Set Global Variable" library="BuiltIn">
<arg>${screenshot_taking}</arg>
<arg>${True}</arg>
<doc>Makes a variable available globally in all tests and suites.</doc>
<msg timestamp="20240503 13:57:14.242" level="INFO">${screenshot_taking} = True</msg>
<status status="PASS" starttime="20240503 13:57:14.242" endtime="20240503 13:57:14.242"/>
</kw>
<kw name="Setup linux execution" library="Support">
<kw name="Run Keyword And Return Status" library="BuiltIn">
<var>${web_test_check}</var>
<arg>Variable Should Exist</arg>
<arg>${web_test}</arg>
<doc>Runs the given keyword with given arguments and returns the status as a Boolean value.</doc>
<kw name="Variable Should Exist" library="BuiltIn">
<arg>${web_test}</arg>
<doc>Fails unless the given variable exists within the current scope.</doc>
<status status="PASS" starttime="20240503 13:57:14.242" endtime="20240503 13:57:14.242"/>
</kw>
<msg timestamp="20240503 13:57:14.242" level="INFO">${web_test_check} = True</msg>
<status status="PASS" starttime="20240503 13:57:14.242" endtime="20240503 13:57:14.242"/>
</kw>
<kw name="Run Keyword If" library="BuiltIn">
<arg>${web_test_check}</arg>
<arg>Setup Docker Execution Options</arg>
<doc>Runs the given keyword with the given arguments, if ``condition`` is true.</doc>
<kw name="Setup Docker Execution Options" library="Support_Web">
<kw name="Setup Suite Metadata" library="Support_Web">
<arg>${browser}</arg>
<kw name="Get Browser Metadata" library="BrowserSupport">
<var>&amp;{browser_information}</var>
<arg>browser=${browser}</arg>
<doc>Fetches browser metadata information
:param browser: Name of the browser for which information is fetched
:param reload: Re-read the metadata based on the browser
:return: Browser metadata information, dict of format
            {"browser_version": browser version value,
             "driver_version": driver version value}</doc>
<msg timestamp="20240503 13:57:17.846" level="INFO">&amp;{browser_information} = { browser_version=124.0.6367.119 | driver_version=124.0.6367.91  }</msg>
<status status="PASS" starttime="20240503 13:57:14.242" endtime="20240503 13:57:17.846"/>
</kw>
<kw name="Set Suite Metadata" library="BuiltIn">
<arg>test_browser_name</arg>
<arg>${browser}</arg>
<doc>Sets metadata for the current test suite.</doc>
<msg timestamp="20240503 13:57:17.846" level="INFO">Set suite metadata 'test_browser_name' to value 'chrome'.</msg>
<status status="PASS" starttime="20240503 13:57:17.846" endtime="20240503 13:57:17.846"/>
</kw>
<kw name="Set Suite Metadata" library="BuiltIn">
<arg>test_browser_version</arg>
<arg>${browser_information.browser_version}</arg>
<doc>Sets metadata for the current test suite.</doc>
<msg timestamp="20240503 13:57:17.846" level="INFO">Set suite metadata 'test_browser_version' to value '124.0.6367.119'.</msg>
<status status="PASS" starttime="20240503 13:57:17.846" endtime="20240503 13:57:17.846"/>
</kw>
<kw name="Set Suite Metadata" library="BuiltIn">
<arg>test_driver_version</arg>
<arg>${browser_information.driver_version}</arg>
<doc>Sets metadata for the current test suite.</doc>
<msg timestamp="20240503 13:57:17.846" level="INFO">Set suite metadata 'test_driver_version' to value '124.0.6367.91 '.</msg>
<status status="PASS" starttime="20240503 13:57:17.846" endtime="20240503 13:57:17.846"/>
</kw>
<status status="PASS" starttime="20240503 13:57:14.242" endtime="20240503 13:57:17.846"/>
</kw>
<kw name="Setup Global Docker Execution Options" library="Support_Web">
<kw name="Set Global Variable" library="BuiltIn">
<arg>${global_browser_options}</arg>
<arg>None</arg>
<doc>Makes a variable available globally in all tests and suites.</doc>
<msg timestamp="20240503 13:57:17.846" level="INFO">${global_browser_options} = None</msg>
<status status="PASS" starttime="20240503 13:57:17.846" endtime="20240503 13:57:17.846"/>
</kw>
<kw name="Get Environment Variable" library="OperatingSystem">
<var>${docker_check}</var>
<arg>EXECUTION_ENVIRONMENT</arg>
<arg>not_found</arg>
<doc>Returns the value of an environment variable with the given name.</doc>
<msg timestamp="20240503 13:57:17.846" level="INFO">${docker_check} = not_found</msg>
<status status="PASS" starttime="20240503 13:57:17.846" endtime="20240503 13:57:17.846"/>
</kw>
<kw name="Run Keyword And Return If" library="BuiltIn">
<arg>"${docker_check}"!="docker"</arg>
<arg>Log</arg>
<arg>Not executing on Docker</arg>
<doc>Runs the specified keyword and returns from the enclosing user keyword.</doc>
<kw name="Log" library="BuiltIn">
<arg>Not executing on Docker</arg>
<doc>Logs the given message with the given level.</doc>
<msg timestamp="20240503 13:57:17.846" level="INFO">Not executing on Docker</msg>
<status status="PASS" starttime="20240503 13:57:17.846" endtime="20240503 13:57:17.846"/>
</kw>
<msg timestamp="20240503 13:57:17.846" level="INFO">Returning from the enclosing user keyword.</msg>
<status status="PASS" starttime="20240503 13:57:17.846" endtime="20240503 13:57:17.846"/>
</kw>
<kw name="Create List" library="BuiltIn">
<var>@{options}</var>
<arg>--headless</arg>
<arg>--no-sandbox</arg>
<arg>--disable-dev-shm-usage</arg>
<doc>Returns a list containing given items.</doc>
<status status="NOT RUN" starttime="20240503 13:57:17.846" endtime="20240503 13:57:17.846"/>
</kw>
<kw name="Set Global Variable" library="BuiltIn">
<arg>@{docker_options}</arg>
<arg>@{options}</arg>
<doc>Makes a variable available globally in all tests and suites.</doc>
<status status="NOT RUN" starttime="20240503 13:57:17.846" endtime="20240503 13:57:17.846"/>
</kw>
<status status="PASS" starttime="20240503 13:57:17.846" endtime="20240503 13:57:17.846"/>
</kw>
<kw name="Create Webdriver for chrome preferences" library="Support_Web">
<kw name="Update Docker Execution Options" library="Support_Web">
<var>${list_prefs}</var>
<arg>${list_prefs}</arg>
<kw name="Run Keyword And Return Status" library="BuiltIn">
<var>${docker_check}</var>
<arg>Variable Should Exist</arg>
<arg>${docker_options}</arg>
<doc>Runs the given keyword with given arguments and returns the status as a Boolean value.</doc>
<kw name="Variable Should Exist" library="BuiltIn">
<arg>${docker_options}</arg>
<doc>Fails unless the given variable exists within the current scope.</doc>
<msg timestamp="20240503 13:57:17.846" level="FAIL">Variable '${docker_options}' does not exist.</msg>
<status status="FAIL" starttime="20240503 13:57:17.846" endtime="20240503 13:57:17.846"/>
</kw>
<msg timestamp="20240503 13:57:17.846" level="INFO">${docker_check} = False</msg>
<status status="PASS" starttime="20240503 13:57:17.846" endtime="20240503 13:57:17.846"/>
</kw>
<kw name="Get Length" library="BuiltIn">
<var>${list_prefs_length}</var>
<arg>${list_prefs}</arg>
<doc>Returns and logs the length of the given item as an integer.</doc>
<msg timestamp="20240503 13:57:17.846" level="INFO">Length is 1</msg>
<msg timestamp="20240503 13:57:17.846" level="INFO">${list_prefs_length} = 1</msg>
<status status="PASS" starttime="20240503 13:57:17.846" endtime="20240503 13:57:17.846"/>
</kw>
<kw name="Run Keyword If" library="BuiltIn">
<var>${list_prefs}</var>
<arg>${docker_check} and ${list_prefs_length}&gt;0 and ${list_prefs}[0] != []</arg>
<arg>Combine Lists</arg>
<arg>${list_prefs}</arg>
<arg>${docker_options}</arg>
<arg>ELSE IF</arg>
<arg>${docker_check}</arg>
<arg>Set Variable</arg>
<arg>${docker_options}</arg>
<arg>ELSE</arg>
<arg>Set Variable</arg>
<arg>${list_prefs}</arg>
<doc>Runs the given keyword with the given arguments, if ``condition`` is true.</doc>
<kw name="Set Variable" library="BuiltIn">
<arg>${list_prefs}</arg>
<doc>Returns the given values which can then be assigned to a variables.</doc>
<status status="PASS" starttime="20240503 13:57:17.846" endtime="20240503 13:57:17.846"/>
</kw>
<msg timestamp="20240503 13:57:17.846" level="INFO">${list_prefs} = [[]]</msg>
<status status="PASS" starttime="20240503 13:57:17.846" endtime="20240503 13:57:17.846"/>
</kw>
<msg timestamp="20240503 13:57:17.846" level="INFO">${list_prefs} = [[]]</msg>
<status status="PASS" starttime="20240503 13:57:17.846" endtime="20240503 13:57:17.846"/>
</kw>
<kw name="Create Chrome Options for download preferences" library="Support_Web">
<var>${chrome_options}</var>
<kw name="Evaluate" library="BuiltIn">
<var>${chrome_options}</var>
<arg>sys.modules['selenium.webdriver'].ChromeOptions()</arg>
<arg>sys</arg>
<doc>Evaluates the given expression in Python and returns the result.</doc>
<msg timestamp="20240503 13:57:17.846" level="INFO">${chrome_options} = &lt;selenium.webdriver.chrome.options.Options object at 0x0000015B4BD3A0C0&gt;</msg>
<status status="PASS" starttime="20240503 13:57:17.846" endtime="20240503 13:57:17.846"/>
</kw>
<msg timestamp="20240503 13:57:17.846" level="INFO">${chrome_options} = &lt;selenium.webdriver.chrome.options.Options object at 0x0000015B4BD3A0C0&gt;</msg>
<status status="PASS" starttime="20240503 13:57:17.846" endtime="20240503 13:57:17.846"/>
</kw>
<kw name="Update Preferences List" library="Support_Web">
<arg>${chrome_options}</arg>
<arg>@{list_prefs}</arg>
<kw name="Convert To String" library="BuiltIn">
<var>${string_prefs}</var>
<arg>${list_prefs}</arg>
<doc>Converts the given item to a Unicode string.</doc>
<msg timestamp="20240503 13:57:17.846" level="INFO">${string_prefs} = [[]]</msg>
<status status="PASS" starttime="20240503 13:57:17.846" endtime="20240503 13:57:17.846"/>
</kw>
<kw name="Return From Keyword If" library="BuiltIn">
<arg>${string_prefs} == [[]]</arg>
<doc>Returns from the enclosing user keyword if ``condition`` is true.</doc>
<msg timestamp="20240503 13:57:17.846" level="INFO">Returning from the enclosing user keyword.</msg>
<status status="PASS" starttime="20240503 13:57:17.846" endtime="20240503 13:57:17.846"/>
</kw>
<for flavor="IN">
<var>${preference}</var>
<value>@{list_prefs}</value>
<iter>
<var name="${preference}"/>
<kw name="Call Method" library="BuiltIn">
<arg>${chrome_options}</arg>
<arg>add_argument</arg>
<arg>${preference}</arg>
<doc>Calls the named method of the given object with the provided arguments.</doc>
<status status="NOT RUN" starttime="20240503 13:57:17.861" endtime="20240503 13:57:17.861"/>
</kw>
<status status="NOT RUN" starttime="20240503 13:57:17.861" endtime="20240503 13:57:17.861"/>
</iter>
<status status="NOT RUN" starttime="20240503 13:57:17.846" endtime="20240503 13:57:17.861"/>
</for>
<status status="PASS" starttime="20240503 13:57:17.846" endtime="20240503 13:57:17.861"/>
</kw>
<kw name="Call Method" library="BuiltIn">
<arg>${chrome_options}</arg>
<arg>add_experimental_option</arg>
<arg>prefs</arg>
<arg>${kw_prefs}</arg>
<doc>Calls the named method of the given object with the provided arguments.</doc>
<status status="PASS" starttime="20240503 13:57:17.861" endtime="20240503 13:57:17.861"/>
</kw>
<kw name="Set Global Variable" library="BuiltIn">
<arg>${global_browser_options}</arg>
<arg>${chrome options}</arg>
<doc>Makes a variable available globally in all tests and suites.</doc>
<msg timestamp="20240503 13:57:17.861" level="INFO">${global_browser_options} = &lt;selenium.webdriver.chrome.options.Options object at 0x0000015B4BD3A0C0&gt;</msg>
<status status="PASS" starttime="20240503 13:57:17.861" endtime="20240503 13:57:17.861"/>
</kw>
<status status="PASS" starttime="20240503 13:57:17.846" endtime="20240503 13:57:17.861"/>
</kw>
<status status="PASS" starttime="20240503 13:57:14.242" endtime="20240503 13:57:17.861"/>
</kw>
<status status="PASS" starttime="20240503 13:57:14.242" endtime="20240503 13:57:17.861"/>
</kw>
<status status="PASS" starttime="20240503 13:57:14.242" endtime="20240503 13:57:17.861"/>
</kw>
<kw name="Set Suite Metadata" library="BuiltIn">
<arg>environment</arg>
<arg>${test_server}</arg>
<doc>Sets metadata for the current test suite.</doc>
<msg timestamp="20240503 13:57:17.861" level="INFO">Set suite metadata 'environment' to value 'Dev'.</msg>
<status status="PASS" starttime="20240503 13:57:17.861" endtime="20240503 13:57:17.861"/>
</kw>
<kw name="Set Variable" library="BuiltIn">
<var>${d.test_server}</var>
<arg>${test_server}</arg>
<doc>Returns the given values which can then be assigned to a variables.</doc>
<msg timestamp="20240503 13:57:15.256" level="INFO">${d.test_server} = Dev</msg>
<status status="PASS" starttime="20240503 13:57:15.256" endtime="20240503 13:57:15.256"/>
</kw>
<kw name="Reset screenshot count variable" library="Support">
<kw name="Set Variable" library="BuiltIn">
<var>${screenshotCount}</var>
<arg>${PABOTQUEUEINDEX}_1</arg>
<doc>Returns the given values which can then be assigned to a variables.</doc>
<msg timestamp="20240503 13:57:15.256" level="INFO">${screenshotCount} = 3_1</msg>
<status status="PASS" starttime="20240503 13:57:15.256" endtime="20240503 13:57:15.256"/>
</kw>
<kw name="Set Global Variable" library="BuiltIn">
<arg>${screenshotCount}</arg>
<doc>Makes a variable available globally in all tests and suites.</doc>
<msg timestamp="20240503 13:57:15.256" level="INFO">${screenshotCount} = 3_1</msg>
<status status="PASS" starttime="20240503 13:57:15.256" endtime="20240503 13:57:15.256"/>
</kw>
<kw name="Set up screenshot directory" library="Support">
<kw name="Create Directory" library="OperatingSystem">
<arg>${OUTPUTDIR}${/}${wvar('screenshot_dir')}</arg>
<doc>Creates the specified directory.</doc>
<msg timestamp="20240503 13:57:15.256" level="INFO">Web.Dev.screenshot_dir: Screenshot</msg>
<msg timestamp="20240503 13:57:15.256" level="INFO" html="true">Created directory '&lt;a href="file://C:\SAP_Testing\SAPtesting\Output\pabot_results\3\Screenshot"&gt;C:\SAP_Testing\SAPtesting\Output\pabot_results\3\Screenshot&lt;/a&gt;'.</msg>
<status status="PASS" starttime="20240503 13:57:15.256" endtime="20240503 13:57:15.256"/>
</kw>
<status status="PASS" starttime="20240503 13:57:15.256" endtime="20240503 13:57:15.256"/>
</kw>
<status status="PASS" starttime="20240503 13:57:15.256" endtime="20240503 13:57:15.256"/>
</kw>
<kw name="Set Global Variable" library="BuiltIn">
<arg>${screenshot_taking}</arg>
<arg>${True}</arg>
<doc>Makes a variable available globally in all tests and suites.</doc>
<msg timestamp="20240503 13:57:15.256" level="INFO">${screenshot_taking} = True</msg>
<status status="PASS" starttime="20240503 13:57:15.256" endtime="20240503 13:57:15.256"/>
</kw>
<kw name="Setup linux execution" library="Support">
<kw name="Run Keyword And Return Status" library="BuiltIn">
<var>${web_test_check}</var>
<arg>Variable Should Exist</arg>
<arg>${web_test}</arg>
<doc>Runs the given keyword with given arguments and returns the status as a Boolean value.</doc>
<kw name="Variable Should Exist" library="BuiltIn">
<arg>${web_test}</arg>
<doc>Fails unless the given variable exists within the current scope.</doc>
<status status="PASS" starttime="20240503 13:57:15.256" endtime="20240503 13:57:15.256"/>
</kw>
<msg timestamp="20240503 13:57:15.256" level="INFO">${web_test_check} = True</msg>
<status status="PASS" starttime="20240503 13:57:15.256" endtime="20240503 13:57:15.256"/>
</kw>
<kw name="Run Keyword If" library="BuiltIn">
<arg>${web_test_check}</arg>
<arg>Setup Docker Execution Options</arg>
<doc>Runs the given keyword with the given arguments, if ``condition`` is true.</doc>
<kw name="Setup Docker Execution Options" library="Support_Web">
<kw name="Setup Suite Metadata" library="Support_Web">
<arg>${browser}</arg>
<kw name="Get Browser Metadata" library="BrowserSupport">
<var>&amp;{browser_information}</var>
<arg>browser=${browser}</arg>
<doc>Fetches browser metadata information
:param browser: Name of the browser for which information is fetched
:param reload: Re-read the metadata based on the browser
:return: Browser metadata information, dict of format
            {"browser_version": browser version value,
             "driver_version": driver version value}</doc>
<msg timestamp="20240503 13:57:19.928" level="INFO">&amp;{browser_information} = { browser_version=124.0.6367.119 | driver_version=124.0.6367.91  }</msg>
<status status="PASS" starttime="20240503 13:57:15.256" endtime="20240503 13:57:19.928"/>
</kw>
<kw name="Set Suite Metadata" library="BuiltIn">
<arg>test_browser_name</arg>
<arg>${browser}</arg>
<doc>Sets metadata for the current test suite.</doc>
<msg timestamp="20240503 13:57:19.928" level="INFO">Set suite metadata 'test_browser_name' to value 'chrome'.</msg>
<status status="PASS" starttime="20240503 13:57:19.928" endtime="20240503 13:57:19.928"/>
</kw>
<kw name="Set Suite Metadata" library="BuiltIn">
<arg>test_browser_version</arg>
<arg>${browser_information.browser_version}</arg>
<doc>Sets metadata for the current test suite.</doc>
<msg timestamp="20240503 13:57:19.928" level="INFO">Set suite metadata 'test_browser_version' to value '124.0.6367.119'.</msg>
<status status="PASS" starttime="20240503 13:57:19.928" endtime="20240503 13:57:19.928"/>
</kw>
<kw name="Set Suite Metadata" library="BuiltIn">
<arg>test_driver_version</arg>
<arg>${browser_information.driver_version}</arg>
<doc>Sets metadata for the current test suite.</doc>
<msg timestamp="20240503 13:57:19.928" level="INFO">Set suite metadata 'test_driver_version' to value '124.0.6367.91 '.</msg>
<status status="PASS" starttime="20240503 13:57:19.928" endtime="20240503 13:57:19.928"/>
</kw>
<status status="PASS" starttime="20240503 13:57:15.256" endtime="20240503 13:57:19.928"/>
</kw>
<kw name="Setup Global Docker Execution Options" library="Support_Web">
<kw name="Set Global Variable" library="BuiltIn">
<arg>${global_browser_options}</arg>
<arg>None</arg>
<doc>Makes a variable available globally in all tests and suites.</doc>
<msg timestamp="20240503 13:57:19.928" level="INFO">${global_browser_options} = None</msg>
<status status="PASS" starttime="20240503 13:57:19.928" endtime="20240503 13:57:19.928"/>
</kw>
<kw name="Get Environment Variable" library="OperatingSystem">
<var>${docker_check}</var>
<arg>EXECUTION_ENVIRONMENT</arg>
<arg>not_found</arg>
<doc>Returns the value of an environment variable with the given name.</doc>
<msg timestamp="20240503 13:57:19.928" level="INFO">${docker_check} = not_found</msg>
<status status="PASS" starttime="20240503 13:57:19.928" endtime="20240503 13:57:19.928"/>
</kw>
<kw name="Run Keyword And Return If" library="BuiltIn">
<arg>"${docker_check}"!="docker"</arg>
<arg>Log</arg>
<arg>Not executing on Docker</arg>
<doc>Runs the specified keyword and returns from the enclosing user keyword.</doc>
<kw name="Log" library="BuiltIn">
<arg>Not executing on Docker</arg>
<doc>Logs the given message with the given level.</doc>
<msg timestamp="20240503 13:57:19.928" level="INFO">Not executing on Docker</msg>
<status status="PASS" starttime="20240503 13:57:19.928" endtime="20240503 13:57:19.928"/>
</kw>
<msg timestamp="20240503 13:57:19.928" level="INFO">Returning from the enclosing user keyword.</msg>
<status status="PASS" starttime="20240503 13:57:19.928" endtime="20240503 13:57:19.928"/>
</kw>
<kw name="Create List" library="BuiltIn">
<var>@{options}</var>
<arg>--headless</arg>
<arg>--no-sandbox</arg>
<arg>--disable-dev-shm-usage</arg>
<doc>Returns a list containing given items.</doc>
<status status="NOT RUN" starttime="20240503 13:57:19.928" endtime="20240503 13:57:19.928"/>
</kw>
<kw name="Set Global Variable" library="BuiltIn">
<arg>@{docker_options}</arg>
<arg>@{options}</arg>
<doc>Makes a variable available globally in all tests and suites.</doc>
<status status="NOT RUN" starttime="20240503 13:57:19.928" endtime="20240503 13:57:19.928"/>
</kw>
<status status="PASS" starttime="20240503 13:57:19.928" endtime="20240503 13:57:19.928"/>
</kw>
<kw name="Create Webdriver for chrome preferences" library="Support_Web">
<kw name="Update Docker Execution Options" library="Support_Web">
<var>${list_prefs}</var>
<arg>${list_prefs}</arg>
<kw name="Run Keyword And Return Status" library="BuiltIn">
<var>${docker_check}</var>
<arg>Variable Should Exist</arg>
<arg>${docker_options}</arg>
<doc>Runs the given keyword with given arguments and returns the status as a Boolean value.</doc>
<kw name="Variable Should Exist" library="BuiltIn">
<arg>${docker_options}</arg>
<doc>Fails unless the given variable exists within the current scope.</doc>
<msg timestamp="20240503 13:57:19.938" level="FAIL">Variable '${docker_options}' does not exist.</msg>
<status status="FAIL" starttime="20240503 13:57:19.928" endtime="20240503 13:57:19.938"/>
</kw>
<msg timestamp="20240503 13:57:19.938" level="INFO">${docker_check} = False</msg>
<status status="PASS" starttime="20240503 13:57:19.928" endtime="20240503 13:57:19.938"/>
</kw>
<kw name="Get Length" library="BuiltIn">
<var>${list_prefs_length}</var>
<arg>${list_prefs}</arg>
<doc>Returns and logs the length of the given item as an integer.</doc>
<msg timestamp="20240503 13:57:19.938" level="INFO">Length is 1</msg>
<msg timestamp="20240503 13:57:19.938" level="INFO">${list_prefs_length} = 1</msg>
<status status="PASS" starttime="20240503 13:57:19.938" endtime="20240503 13:57:19.938"/>
</kw>
<kw name="Run Keyword If" library="BuiltIn">
<var>${list_prefs}</var>
<arg>${docker_check} and ${list_prefs_length}&gt;0 and ${list_prefs}[0] != []</arg>
<arg>Combine Lists</arg>
<arg>${list_prefs}</arg>
<arg>${docker_options}</arg>
<arg>ELSE IF</arg>
<arg>${docker_check}</arg>
<arg>Set Variable</arg>
<arg>${docker_options}</arg>
<arg>ELSE</arg>
<arg>Set Variable</arg>
<arg>${list_prefs}</arg>
<doc>Runs the given keyword with the given arguments, if ``condition`` is true.</doc>
<kw name="Set Variable" library="BuiltIn">
<arg>${list_prefs}</arg>
<doc>Returns the given values which can then be assigned to a variables.</doc>
<status status="PASS" starttime="20240503 13:57:19.938" endtime="20240503 13:57:19.938"/>
</kw>
<msg timestamp="20240503 13:57:19.938" level="INFO">${list_prefs} = [[]]</msg>
<status status="PASS" starttime="20240503 13:57:19.938" endtime="20240503 13:57:19.938"/>
</kw>
<msg timestamp="20240503 13:57:19.938" level="INFO">${list_prefs} = [[]]</msg>
<status status="PASS" starttime="20240503 13:57:19.928" endtime="20240503 13:57:19.938"/>
</kw>
<kw name="Create Chrome Options for download preferences" library="Support_Web">
<var>${chrome_options}</var>
<kw name="Evaluate" library="BuiltIn">
<var>${chrome_options}</var>
<arg>sys.modules['selenium.webdriver'].ChromeOptions()</arg>
<arg>sys</arg>
<doc>Evaluates the given expression in Python and returns the result.</doc>
<msg timestamp="20240503 13:57:19.938" level="INFO">${chrome_options} = &lt;selenium.webdriver.chrome.options.Options object at 0x000002310241E0F0&gt;</msg>
<status status="PASS" starttime="20240503 13:57:19.938" endtime="20240503 13:57:19.938"/>
</kw>
<msg timestamp="20240503 13:57:19.938" level="INFO">${chrome_options} = &lt;selenium.webdriver.chrome.options.Options object at 0x000002310241E0F0&gt;</msg>
<status status="PASS" starttime="20240503 13:57:19.938" endtime="20240503 13:57:19.938"/>
</kw>
<kw name="Update Preferences List" library="Support_Web">
<arg>${chrome_options}</arg>
<arg>@{list_prefs}</arg>
<kw name="Convert To String" library="BuiltIn">
<var>${string_prefs}</var>
<arg>${list_prefs}</arg>
<doc>Converts the given item to a Unicode string.</doc>
<msg timestamp="20240503 13:57:19.938" level="INFO">${string_prefs} = [[]]</msg>
<status status="PASS" starttime="20240503 13:57:19.938" endtime="20240503 13:57:19.938"/>
</kw>
<kw name="Return From Keyword If" library="BuiltIn">
<arg>${string_prefs} == [[]]</arg>
<doc>Returns from the enclosing user keyword if ``condition`` is true.</doc>
<msg timestamp="20240503 13:57:19.938" level="INFO">Returning from the enclosing user keyword.</msg>
<status status="PASS" starttime="20240503 13:57:19.938" endtime="20240503 13:57:19.938"/>
</kw>
<for flavor="IN">
<var>${preference}</var>
<value>@{list_prefs}</value>
<iter>
<var name="${preference}"/>
<kw name="Call Method" library="BuiltIn">
<arg>${chrome_options}</arg>
<arg>add_argument</arg>
<arg>${preference}</arg>
<doc>Calls the named method of the given object with the provided arguments.</doc>
<status status="NOT RUN" starttime="20240503 13:57:19.938" endtime="20240503 13:57:19.938"/>
</kw>
<status status="NOT RUN" starttime="20240503 13:57:19.938" endtime="20240503 13:57:19.938"/>
</iter>
<status status="NOT RUN" starttime="20240503 13:57:19.938" endtime="20240503 13:57:19.938"/>
</for>
<status status="PASS" starttime="20240503 13:57:19.938" endtime="20240503 13:57:19.938"/>
</kw>
<kw name="Call Method" library="BuiltIn">
<arg>${chrome_options}</arg>
<arg>add_experimental_option</arg>
<arg>prefs</arg>
<arg>${kw_prefs}</arg>
<doc>Calls the named method of the given object with the provided arguments.</doc>
<status status="PASS" starttime="20240503 13:57:19.938" endtime="20240503 13:57:19.938"/>
</kw>
<kw name="Set Global Variable" library="BuiltIn">
<arg>${global_browser_options}</arg>
<arg>${chrome options}</arg>
<doc>Makes a variable available globally in all tests and suites.</doc>
<msg timestamp="20240503 13:57:19.938" level="INFO">${global_browser_options} = &lt;selenium.webdriver.chrome.options.Options object at 0x000002310241E0F0&gt;</msg>
<status status="PASS" starttime="20240503 13:57:19.938" endtime="20240503 13:57:19.938"/>
</kw>
<status status="PASS" starttime="20240503 13:57:19.928" endtime="20240503 13:57:19.938"/>
</kw>
<status status="PASS" starttime="20240503 13:57:15.256" endtime="20240503 13:57:19.938"/>
</kw>
<status status="PASS" starttime="20240503 13:57:15.256" endtime="20240503 13:57:19.938"/>
</kw>
<status status="PASS" starttime="20240503 13:57:15.256" endtime="20240503 13:57:19.938"/>
</kw>
<kw name="Set Suite Metadata" library="BuiltIn">
<arg>environment</arg>
<arg>${test_server}</arg>
<doc>Sets metadata for the current test suite.</doc>
<msg timestamp="20240503 13:57:19.938" level="INFO">Set suite metadata 'environment' to value 'Dev'.</msg>
<status status="PASS" starttime="20240503 13:57:19.938" endtime="20240503 13:57:19.938"/>
</kw>
<kw name="Set Variable" library="BuiltIn">
<var>${d.test_server}</var>
<arg>${test_server}</arg>
<doc>Returns the given values which can then be assigned to a variables.</doc>
<msg timestamp="20240503 13:57:52.943" level="INFO">${d.test_server} = Dev</msg>
<status status="PASS" starttime="20240503 13:57:52.943" endtime="20240503 13:57:52.943"/>
</kw>
<kw name="Reset screenshot count variable" library="Support">
<kw name="Set Variable" library="BuiltIn">
<var>${screenshotCount}</var>
<arg>${PABOTQUEUEINDEX}_1</arg>
<doc>Returns the given values which can then be assigned to a variables.</doc>
<msg timestamp="20240503 13:57:52.953" level="INFO">${screenshotCount} = 4_1</msg>
<status status="PASS" starttime="20240503 13:57:52.943" endtime="20240503 13:57:52.953"/>
</kw>
<kw name="Set Global Variable" library="BuiltIn">
<arg>${screenshotCount}</arg>
<doc>Makes a variable available globally in all tests and suites.</doc>
<msg timestamp="20240503 13:57:52.953" level="INFO">${screenshotCount} = 4_1</msg>
<status status="PASS" starttime="20240503 13:57:52.953" endtime="20240503 13:57:52.953"/>
</kw>
<kw name="Set up screenshot directory" library="Support">
<kw name="Create Directory" library="OperatingSystem">
<arg>${OUTPUTDIR}${/}${wvar('screenshot_dir')}</arg>
<doc>Creates the specified directory.</doc>
<msg timestamp="20240503 13:57:52.953" level="INFO">Web.Dev.screenshot_dir: Screenshot</msg>
<msg timestamp="20240503 13:57:52.955" level="INFO" html="true">Created directory '&lt;a href="file://C:\SAP_Testing\SAPtesting\Output\pabot_results\4\Screenshot"&gt;C:\SAP_Testing\SAPtesting\Output\pabot_results\4\Screenshot&lt;/a&gt;'.</msg>
<status status="PASS" starttime="20240503 13:57:52.953" endtime="20240503 13:57:52.955"/>
</kw>
<status status="PASS" starttime="20240503 13:57:52.953" endtime="20240503 13:57:52.955"/>
</kw>
<status status="PASS" starttime="20240503 13:57:52.943" endtime="20240503 13:57:52.955"/>
</kw>
<kw name="Set Global Variable" library="BuiltIn">
<arg>${screenshot_taking}</arg>
<arg>${True}</arg>
<doc>Makes a variable available globally in all tests and suites.</doc>
<msg timestamp="20240503 13:57:52.955" level="INFO">${screenshot_taking} = True</msg>
<status status="PASS" starttime="20240503 13:57:52.955" endtime="20240503 13:57:52.955"/>
</kw>
<kw name="Setup linux execution" library="Support">
<kw name="Run Keyword And Return Status" library="BuiltIn">
<var>${web_test_check}</var>
<arg>Variable Should Exist</arg>
<arg>${web_test}</arg>
<doc>Runs the given keyword with given arguments and returns the status as a Boolean value.</doc>
<kw name="Variable Should Exist" library="BuiltIn">
<arg>${web_test}</arg>
<doc>Fails unless the given variable exists within the current scope.</doc>
<status status="PASS" starttime="20240503 13:57:52.955" endtime="20240503 13:57:52.955"/>
</kw>
<msg timestamp="20240503 13:57:52.955" level="INFO">${web_test_check} = True</msg>
<status status="PASS" starttime="20240503 13:57:52.955" endtime="20240503 13:57:52.955"/>
</kw>
<kw name="Run Keyword If" library="BuiltIn">
<arg>${web_test_check}</arg>
<arg>Setup Docker Execution Options</arg>
<doc>Runs the given keyword with the given arguments, if ``condition`` is true.</doc>
<kw name="Setup Docker Execution Options" library="Support_Web">
<kw name="Setup Suite Metadata" library="Support_Web">
<arg>${browser}</arg>
<kw name="Get Browser Metadata" library="BrowserSupport">
<var>&amp;{browser_information}</var>
<arg>browser=${browser}</arg>
<doc>Fetches browser metadata information
:param browser: Name of the browser for which information is fetched
:param reload: Re-read the metadata based on the browser
:return: Browser metadata information, dict of format
            {"browser_version": browser version value,
             "driver_version": driver version value}</doc>
<msg timestamp="20240503 13:57:57.414" level="INFO">&amp;{browser_information} = { browser_version=124.0.6367.119 | driver_version=124.0.6367.91  }</msg>
<status status="PASS" starttime="20240503 13:57:52.955" endtime="20240503 13:57:57.414"/>
</kw>
<kw name="Set Suite Metadata" library="BuiltIn">
<arg>test_browser_name</arg>
<arg>${browser}</arg>
<doc>Sets metadata for the current test suite.</doc>
<msg timestamp="20240503 13:57:57.414" level="INFO">Set suite metadata 'test_browser_name' to value 'chrome'.</msg>
<status status="PASS" starttime="20240503 13:57:57.414" endtime="20240503 13:57:57.414"/>
</kw>
<kw name="Set Suite Metadata" library="BuiltIn">
<arg>test_browser_version</arg>
<arg>${browser_information.browser_version}</arg>
<doc>Sets metadata for the current test suite.</doc>
<msg timestamp="20240503 13:57:57.414" level="INFO">Set suite metadata 'test_browser_version' to value '124.0.6367.119'.</msg>
<status status="PASS" starttime="20240503 13:57:57.414" endtime="20240503 13:57:57.414"/>
</kw>
<kw name="Set Suite Metadata" library="BuiltIn">
<arg>test_driver_version</arg>
<arg>${browser_information.driver_version}</arg>
<doc>Sets metadata for the current test suite.</doc>
<msg timestamp="20240503 13:57:57.414" level="INFO">Set suite metadata 'test_driver_version' to value '124.0.6367.91 '.</msg>
<status status="PASS" starttime="20240503 13:57:57.414" endtime="20240503 13:57:57.414"/>
</kw>
<status status="PASS" starttime="20240503 13:57:52.955" endtime="20240503 13:57:57.414"/>
</kw>
<kw name="Setup Global Docker Execution Options" library="Support_Web">
<kw name="Set Global Variable" library="BuiltIn">
<arg>${global_browser_options}</arg>
<arg>None</arg>
<doc>Makes a variable available globally in all tests and suites.</doc>
<msg timestamp="20240503 13:57:57.414" level="INFO">${global_browser_options} = None</msg>
<status status="PASS" starttime="20240503 13:57:57.414" endtime="20240503 13:57:57.414"/>
</kw>
<kw name="Get Environment Variable" library="OperatingSystem">
<var>${docker_check}</var>
<arg>EXECUTION_ENVIRONMENT</arg>
<arg>not_found</arg>
<doc>Returns the value of an environment variable with the given name.</doc>
<msg timestamp="20240503 13:57:57.414" level="INFO">${docker_check} = not_found</msg>
<status status="PASS" starttime="20240503 13:57:57.414" endtime="20240503 13:57:57.414"/>
</kw>
<kw name="Run Keyword And Return If" library="BuiltIn">
<arg>"${docker_check}"!="docker"</arg>
<arg>Log</arg>
<arg>Not executing on Docker</arg>
<doc>Runs the specified keyword and returns from the enclosing user keyword.</doc>
<kw name="Log" library="BuiltIn">
<arg>Not executing on Docker</arg>
<doc>Logs the given message with the given level.</doc>
<msg timestamp="20240503 13:57:57.414" level="INFO">Not executing on Docker</msg>
<status status="PASS" starttime="20240503 13:57:57.414" endtime="20240503 13:57:57.414"/>
</kw>
<msg timestamp="20240503 13:57:57.414" level="INFO">Returning from the enclosing user keyword.</msg>
<status status="PASS" starttime="20240503 13:57:57.414" endtime="20240503 13:57:57.414"/>
</kw>
<kw name="Create List" library="BuiltIn">
<var>@{options}</var>
<arg>--headless</arg>
<arg>--no-sandbox</arg>
<arg>--disable-dev-shm-usage</arg>
<doc>Returns a list containing given items.</doc>
<status status="NOT RUN" starttime="20240503 13:57:57.414" endtime="20240503 13:57:57.414"/>
</kw>
<kw name="Set Global Variable" library="BuiltIn">
<arg>@{docker_options}</arg>
<arg>@{options}</arg>
<doc>Makes a variable available globally in all tests and suites.</doc>
<status status="NOT RUN" starttime="20240503 13:57:57.414" endtime="20240503 13:57:57.414"/>
</kw>
<status status="PASS" starttime="20240503 13:57:57.414" endtime="20240503 13:57:57.414"/>
</kw>
<kw name="Create Webdriver for chrome preferences" library="Support_Web">
<kw name="Update Docker Execution Options" library="Support_Web">
<var>${list_prefs}</var>
<arg>${list_prefs}</arg>
<kw name="Run Keyword And Return Status" library="BuiltIn">
<var>${docker_check}</var>
<arg>Variable Should Exist</arg>
<arg>${docker_options}</arg>
<doc>Runs the given keyword with given arguments and returns the status as a Boolean value.</doc>
<kw name="Variable Should Exist" library="BuiltIn">
<arg>${docker_options}</arg>
<doc>Fails unless the given variable exists within the current scope.</doc>
<msg timestamp="20240503 13:57:57.414" level="FAIL">Variable '${docker_options}' does not exist.</msg>
<status status="FAIL" starttime="20240503 13:57:57.414" endtime="20240503 13:57:57.414"/>
</kw>
<msg timestamp="20240503 13:57:57.414" level="INFO">${docker_check} = False</msg>
<status status="PASS" starttime="20240503 13:57:57.414" endtime="20240503 13:57:57.414"/>
</kw>
<kw name="Get Length" library="BuiltIn">
<var>${list_prefs_length}</var>
<arg>${list_prefs}</arg>
<doc>Returns and logs the length of the given item as an integer.</doc>
<msg timestamp="20240503 13:57:57.414" level="INFO">Length is 1</msg>
<msg timestamp="20240503 13:57:57.414" level="INFO">${list_prefs_length} = 1</msg>
<status status="PASS" starttime="20240503 13:57:57.414" endtime="20240503 13:57:57.414"/>
</kw>
<kw name="Run Keyword If" library="BuiltIn">
<var>${list_prefs}</var>
<arg>${docker_check} and ${list_prefs_length}&gt;0 and ${list_prefs}[0] != []</arg>
<arg>Combine Lists</arg>
<arg>${list_prefs}</arg>
<arg>${docker_options}</arg>
<arg>ELSE IF</arg>
<arg>${docker_check}</arg>
<arg>Set Variable</arg>
<arg>${docker_options}</arg>
<arg>ELSE</arg>
<arg>Set Variable</arg>
<arg>${list_prefs}</arg>
<doc>Runs the given keyword with the given arguments, if ``condition`` is true.</doc>
<kw name="Set Variable" library="BuiltIn">
<arg>${list_prefs}</arg>
<doc>Returns the given values which can then be assigned to a variables.</doc>
<status status="PASS" starttime="20240503 13:57:57.414" endtime="20240503 13:57:57.414"/>
</kw>
<msg timestamp="20240503 13:57:57.414" level="INFO">${list_prefs} = [[]]</msg>
<status status="PASS" starttime="20240503 13:57:57.414" endtime="20240503 13:57:57.414"/>
</kw>
<msg timestamp="20240503 13:57:57.414" level="INFO">${list_prefs} = [[]]</msg>
<status status="PASS" starttime="20240503 13:57:57.414" endtime="20240503 13:57:57.414"/>
</kw>
<kw name="Create Chrome Options for download preferences" library="Support_Web">
<var>${chrome_options}</var>
<kw name="Evaluate" library="BuiltIn">
<var>${chrome_options}</var>
<arg>sys.modules['selenium.webdriver'].ChromeOptions()</arg>
<arg>sys</arg>
<doc>Evaluates the given expression in Python and returns the result.</doc>
<msg timestamp="20240503 13:57:57.414" level="INFO">${chrome_options} = &lt;selenium.webdriver.chrome.options.Options object at 0x000001FD2DA0DC40&gt;</msg>
<status status="PASS" starttime="20240503 13:57:57.414" endtime="20240503 13:57:57.414"/>
</kw>
<msg timestamp="20240503 13:57:57.430" level="INFO">${chrome_options} = &lt;selenium.webdriver.chrome.options.Options object at 0x000001FD2DA0DC40&gt;</msg>
<status status="PASS" starttime="20240503 13:57:57.414" endtime="20240503 13:57:57.430"/>
</kw>
<kw name="Update Preferences List" library="Support_Web">
<arg>${chrome_options}</arg>
<arg>@{list_prefs}</arg>
<kw name="Convert To String" library="BuiltIn">
<var>${string_prefs}</var>
<arg>${list_prefs}</arg>
<doc>Converts the given item to a Unicode string.</doc>
<msg timestamp="20240503 13:57:57.430" level="INFO">${string_prefs} = [[]]</msg>
<status status="PASS" starttime="20240503 13:57:57.430" endtime="20240503 13:57:57.430"/>
</kw>
<kw name="Return From Keyword If" library="BuiltIn">
<arg>${string_prefs} == [[]]</arg>
<doc>Returns from the enclosing user keyword if ``condition`` is true.</doc>
<msg timestamp="20240503 13:57:57.430" level="INFO">Returning from the enclosing user keyword.</msg>
<status status="PASS" starttime="20240503 13:57:57.430" endtime="20240503 13:57:57.430"/>
</kw>
<for flavor="IN">
<var>${preference}</var>
<value>@{list_prefs}</value>
<iter>
<var name="${preference}"/>
<kw name="Call Method" library="BuiltIn">
<arg>${chrome_options}</arg>
<arg>add_argument</arg>
<arg>${preference}</arg>
<doc>Calls the named method of the given object with the provided arguments.</doc>
<status status="NOT RUN" starttime="20240503 13:57:57.430" endtime="20240503 13:57:57.430"/>
</kw>
<status status="NOT RUN" starttime="20240503 13:57:57.430" endtime="20240503 13:57:57.430"/>
</iter>
<status status="NOT RUN" starttime="20240503 13:57:57.430" endtime="20240503 13:57:57.430"/>
</for>
<status status="PASS" starttime="20240503 13:57:57.430" endtime="20240503 13:57:57.430"/>
</kw>
<kw name="Call Method" library="BuiltIn">
<arg>${chrome_options}</arg>
<arg>add_experimental_option</arg>
<arg>prefs</arg>
<arg>${kw_prefs}</arg>
<doc>Calls the named method of the given object with the provided arguments.</doc>
<status status="PASS" starttime="20240503 13:57:57.430" endtime="20240503 13:57:57.430"/>
</kw>
<kw name="Set Global Variable" library="BuiltIn">
<arg>${global_browser_options}</arg>
<arg>${chrome options}</arg>
<doc>Makes a variable available globally in all tests and suites.</doc>
<msg timestamp="20240503 13:57:57.430" level="INFO">${global_browser_options} = &lt;selenium.webdriver.chrome.options.Options object at 0x000001FD2DA0DC40&gt;</msg>
<status status="PASS" starttime="20240503 13:57:57.430" endtime="20240503 13:57:57.430"/>
</kw>
<status status="PASS" starttime="20240503 13:57:57.414" endtime="20240503 13:57:57.430"/>
</kw>
<status status="PASS" starttime="20240503 13:57:52.955" endtime="20240503 13:57:57.430"/>
</kw>
<status status="PASS" starttime="20240503 13:57:52.955" endtime="20240503 13:57:57.430"/>
</kw>
<status status="PASS" starttime="20240503 13:57:52.955" endtime="20240503 13:57:57.430"/>
</kw>
<kw name="Set Suite Metadata" library="BuiltIn">
<arg>environment</arg>
<arg>${test_server}</arg>
<doc>Sets metadata for the current test suite.</doc>
<msg timestamp="20240503 13:57:57.430" level="INFO">Set suite metadata 'environment' to value 'Dev'.</msg>
<status status="PASS" starttime="20240503 13:57:57.430" endtime="20240503 13:57:57.430"/>
</kw>
<kw name="Set Variable" library="BuiltIn">
<var>${d.test_server}</var>
<arg>${test_server}</arg>
<doc>Returns the given values which can then be assigned to a variables.</doc>
<msg timestamp="20240503 13:58:00.473" level="INFO">${d.test_server} = Dev</msg>
<status status="PASS" starttime="20240503 13:58:00.473" endtime="20240503 13:58:00.473"/>
</kw>
<kw name="Reset screenshot count variable" library="Support">
<kw name="Set Variable" library="BuiltIn">
<var>${screenshotCount}</var>
<arg>${PABOTQUEUEINDEX}_1</arg>
<doc>Returns the given values which can then be assigned to a variables.</doc>
<msg timestamp="20240503 13:58:00.473" level="INFO">${screenshotCount} = 5_1</msg>
<status status="PASS" starttime="20240503 13:58:00.473" endtime="20240503 13:58:00.473"/>
</kw>
<kw name="Set Global Variable" library="BuiltIn">
<arg>${screenshotCount}</arg>
<doc>Makes a variable available globally in all tests and suites.</doc>
<msg timestamp="20240503 13:58:00.473" level="INFO">${screenshotCount} = 5_1</msg>
<status status="PASS" starttime="20240503 13:58:00.473" endtime="20240503 13:58:00.473"/>
</kw>
<kw name="Set up screenshot directory" library="Support">
<kw name="Create Directory" library="OperatingSystem">
<arg>${OUTPUTDIR}${/}${wvar('screenshot_dir')}</arg>
<doc>Creates the specified directory.</doc>
<msg timestamp="20240503 13:58:00.473" level="INFO">Web.Dev.screenshot_dir: Screenshot</msg>
<msg timestamp="20240503 13:58:00.473" level="INFO" html="true">Created directory '&lt;a href="file://C:\SAP_Testing\SAPtesting\Output\pabot_results\5\Screenshot"&gt;C:\SAP_Testing\SAPtesting\Output\pabot_results\5\Screenshot&lt;/a&gt;'.</msg>
<status status="PASS" starttime="20240503 13:58:00.473" endtime="20240503 13:58:00.473"/>
</kw>
<status status="PASS" starttime="20240503 13:58:00.473" endtime="20240503 13:58:00.473"/>
</kw>
<status status="PASS" starttime="20240503 13:58:00.473" endtime="20240503 13:58:00.473"/>
</kw>
<kw name="Set Global Variable" library="BuiltIn">
<arg>${screenshot_taking}</arg>
<arg>${True}</arg>
<doc>Makes a variable available globally in all tests and suites.</doc>
<msg timestamp="20240503 13:58:00.473" level="INFO">${screenshot_taking} = True</msg>
<status status="PASS" starttime="20240503 13:58:00.473" endtime="20240503 13:58:00.473"/>
</kw>
<kw name="Setup linux execution" library="Support">
<kw name="Run Keyword And Return Status" library="BuiltIn">
<var>${web_test_check}</var>
<arg>Variable Should Exist</arg>
<arg>${web_test}</arg>
<doc>Runs the given keyword with given arguments and returns the status as a Boolean value.</doc>
<kw name="Variable Should Exist" library="BuiltIn">
<arg>${web_test}</arg>
<doc>Fails unless the given variable exists within the current scope.</doc>
<status status="PASS" starttime="20240503 13:58:00.473" endtime="20240503 13:58:00.484"/>
</kw>
<msg timestamp="20240503 13:58:00.484" level="INFO">${web_test_check} = True</msg>
<status status="PASS" starttime="20240503 13:58:00.473" endtime="20240503 13:58:00.484"/>
</kw>
<kw name="Run Keyword If" library="BuiltIn">
<arg>${web_test_check}</arg>
<arg>Setup Docker Execution Options</arg>
<doc>Runs the given keyword with the given arguments, if ``condition`` is true.</doc>
<kw name="Setup Docker Execution Options" library="Support_Web">
<kw name="Setup Suite Metadata" library="Support_Web">
<arg>${browser}</arg>
<kw name="Get Browser Metadata" library="BrowserSupport">
<var>&amp;{browser_information}</var>
<arg>browser=${browser}</arg>
<doc>Fetches browser metadata information
:param browser: Name of the browser for which information is fetched
:param reload: Re-read the metadata based on the browser
:return: Browser metadata information, dict of format
            {"browser_version": browser version value,
             "driver_version": driver version value}</doc>
<msg timestamp="20240503 13:58:04.943" level="INFO">&amp;{browser_information} = { browser_version=124.0.6367.119 | driver_version=124.0.6367.91  }</msg>
<status status="PASS" starttime="20240503 13:58:00.484" endtime="20240503 13:58:04.943"/>
</kw>
<kw name="Set Suite Metadata" library="BuiltIn">
<arg>test_browser_name</arg>
<arg>${browser}</arg>
<doc>Sets metadata for the current test suite.</doc>
<msg timestamp="20240503 13:58:04.943" level="INFO">Set suite metadata 'test_browser_name' to value 'chrome'.</msg>
<status status="PASS" starttime="20240503 13:58:04.943" endtime="20240503 13:58:04.943"/>
</kw>
<kw name="Set Suite Metadata" library="BuiltIn">
<arg>test_browser_version</arg>
<arg>${browser_information.browser_version}</arg>
<doc>Sets metadata for the current test suite.</doc>
<msg timestamp="20240503 13:58:04.943" level="INFO">Set suite metadata 'test_browser_version' to value '124.0.6367.119'.</msg>
<status status="PASS" starttime="20240503 13:58:04.943" endtime="20240503 13:58:04.943"/>
</kw>
<kw name="Set Suite Metadata" library="BuiltIn">
<arg>test_driver_version</arg>
<arg>${browser_information.driver_version}</arg>
<doc>Sets metadata for the current test suite.</doc>
<msg timestamp="20240503 13:58:04.943" level="INFO">Set suite metadata 'test_driver_version' to value '124.0.6367.91 '.</msg>
<status status="PASS" starttime="20240503 13:58:04.943" endtime="20240503 13:58:04.943"/>
</kw>
<status status="PASS" starttime="20240503 13:58:00.484" endtime="20240503 13:58:04.943"/>
</kw>
<kw name="Setup Global Docker Execution Options" library="Support_Web">
<kw name="Set Global Variable" library="BuiltIn">
<arg>${global_browser_options}</arg>
<arg>None</arg>
<doc>Makes a variable available globally in all tests and suites.</doc>
<msg timestamp="20240503 13:58:04.943" level="INFO">${global_browser_options} = None</msg>
<status status="PASS" starttime="20240503 13:58:04.943" endtime="20240503 13:58:04.943"/>
</kw>
<kw name="Get Environment Variable" library="OperatingSystem">
<var>${docker_check}</var>
<arg>EXECUTION_ENVIRONMENT</arg>
<arg>not_found</arg>
<doc>Returns the value of an environment variable with the given name.</doc>
<msg timestamp="20240503 13:58:04.943" level="INFO">${docker_check} = not_found</msg>
<status status="PASS" starttime="20240503 13:58:04.943" endtime="20240503 13:58:04.943"/>
</kw>
<kw name="Run Keyword And Return If" library="BuiltIn">
<arg>"${docker_check}"!="docker"</arg>
<arg>Log</arg>
<arg>Not executing on Docker</arg>
<doc>Runs the specified keyword and returns from the enclosing user keyword.</doc>
<kw name="Log" library="BuiltIn">
<arg>Not executing on Docker</arg>
<doc>Logs the given message with the given level.</doc>
<msg timestamp="20240503 13:58:04.943" level="INFO">Not executing on Docker</msg>
<status status="PASS" starttime="20240503 13:58:04.943" endtime="20240503 13:58:04.943"/>
</kw>
<msg timestamp="20240503 13:58:04.943" level="INFO">Returning from the enclosing user keyword.</msg>
<status status="PASS" starttime="20240503 13:58:04.943" endtime="20240503 13:58:04.943"/>
</kw>
<kw name="Create List" library="BuiltIn">
<var>@{options}</var>
<arg>--headless</arg>
<arg>--no-sandbox</arg>
<arg>--disable-dev-shm-usage</arg>
<doc>Returns a list containing given items.</doc>
<status status="NOT RUN" starttime="20240503 13:58:04.943" endtime="20240503 13:58:04.943"/>
</kw>
<kw name="Set Global Variable" library="BuiltIn">
<arg>@{docker_options}</arg>
<arg>@{options}</arg>
<doc>Makes a variable available globally in all tests and suites.</doc>
<status status="NOT RUN" starttime="20240503 13:58:04.943" endtime="20240503 13:58:04.943"/>
</kw>
<status status="PASS" starttime="20240503 13:58:04.943" endtime="20240503 13:58:04.943"/>
</kw>
<kw name="Create Webdriver for chrome preferences" library="Support_Web">
<kw name="Update Docker Execution Options" library="Support_Web">
<var>${list_prefs}</var>
<arg>${list_prefs}</arg>
<kw name="Run Keyword And Return Status" library="BuiltIn">
<var>${docker_check}</var>
<arg>Variable Should Exist</arg>
<arg>${docker_options}</arg>
<doc>Runs the given keyword with given arguments and returns the status as a Boolean value.</doc>
<kw name="Variable Should Exist" library="BuiltIn">
<arg>${docker_options}</arg>
<doc>Fails unless the given variable exists within the current scope.</doc>
<msg timestamp="20240503 13:58:04.943" level="FAIL">Variable '${docker_options}' does not exist.</msg>
<status status="FAIL" starttime="20240503 13:58:04.943" endtime="20240503 13:58:04.943"/>
</kw>
<msg timestamp="20240503 13:58:04.943" level="INFO">${docker_check} = False</msg>
<status status="PASS" starttime="20240503 13:58:04.943" endtime="20240503 13:58:04.943"/>
</kw>
<kw name="Get Length" library="BuiltIn">
<var>${list_prefs_length}</var>
<arg>${list_prefs}</arg>
[...]
<stat pass="0" fail="1" skip="0" id="s1-s15" name="Test WE21">Tests.Test WE21</stat>
</suite>
</statistics>
<errors>
<msg timestamp="20240503 13:56:50.112" level="WARN">Taking screenshot failed: OSError: screen grab failed
Make sure tests are run with a physical or virtual display.</msg>
<msg timestamp="20240503 13:56:51.150" level="WARN">Taking screenshot failed: OSError: screen grab failed
Make sure tests are run with a physical or virtual display.</msg>
<msg timestamp="20240503 13:56:52.874" level="WARN">Taking screenshot failed: OSError: screen grab failed
Make sure tests are run with a physical or virtual display.</msg>
<msg timestamp="20240503 13:56:56.935" level="WARN">Taking screenshot failed: OSError: screen grab failed
Make sure tests are run with a physical or virtual display.</msg>
<msg timestamp="20240503 13:57:02.168" level="WARN">Taking screenshot failed: OSError: screen grab failed
Make sure tests are run with a physical or virtual display.</msg>
<msg timestamp="20240503 13:56:49.795" level="WARN">Taking screenshot failed: OSError: screen grab failed
Make sure tests are run with a physical or virtual display.</msg>
<msg timestamp="20240503 13:56:51.449" level="WARN">Taking screenshot failed: OSError: screen grab failed
Make sure tests are run with a physical or virtual display.</msg>
<msg timestamp="20240503 13:56:52.945" level="WARN">Taking screenshot failed: OSError: screen grab failed
Make sure tests are run with a physical or virtual display.</msg>
<msg timestamp="20240503 13:56:54.179" level="WARN">Taking screenshot failed: OSError: screen grab failed
Make sure tests are run with a physical or virtual display.</msg>
<msg timestamp="20240503 13:56:55.406" level="WARN">Taking screenshot failed: OSError: screen grab failed
Make sure tests are run with a physical or virtual display.</msg>
<msg timestamp="20240503 13:56:56.641" level="WARN">Taking screenshot failed: OSError: screen grab failed
Make sure tests are run with a physical or virtual display.</msg>
<msg timestamp="20240503 13:56:57.871" level="WARN">Taking screenshot failed: OSError: screen grab failed
Make sure tests are run with a physical or virtual display.</msg>
<msg timestamp="20240503 13:57:03.155" level="WARN">Taking screenshot failed: OSError: screen grab failed
Make sure tests are run with a physical or virtual display.</msg>
<msg timestamp="20240503 13:57:29.447" level="WARN">Taking screenshot failed: OSError: screen grab failed
Make sure tests are run with a physical or virtual display.</msg>
<msg timestamp="20240503 13:57:30.458" level="WARN">Taking screenshot failed: OSError: screen grab failed
Make sure tests are run with a physical or virtual display.</msg>
<msg timestamp="20240503 13:57:32.239" level="WARN">Taking screenshot failed: OSError: screen grab failed
Make sure tests are run with a physical or virtual display.</msg>
<msg timestamp="20240503 13:57:33.248" level="WARN">Taking screenshot failed: OSError: screen grab failed
Make sure tests are run with a physical or virtual display.</msg>
<msg timestamp="20240503 13:57:35.600" level="WARN">Taking screenshot failed: OSError: screen grab failed
Make sure tests are run with a physical or virtual display.</msg>
<msg timestamp="20240503 13:57:37.207" level="WARN">Taking screenshot failed: OSError: screen grab failed
Make sure tests are run with a physical or virtual display.</msg>
<msg timestamp="20240503 13:57:39.036" level="WARN">Taking screenshot failed: OSError: screen grab failed
Make sure tests are run with a physical or virtual display.</msg>
<msg timestamp="20240503 13:57:40.279" level="WARN">Taking screenshot failed: OSError: screen grab failed
Make sure tests are run with a physical or virtual display.</msg>
<msg timestamp="20240503 13:57:41.534" level="WARN">Taking screenshot failed: OSError: screen grab failed
Make sure tests are run with a physical or virtual display.</msg>
<msg timestamp="20240503 13:57:42.783" level="WARN">Taking screenshot failed: OSError: screen grab failed
Make sure tests are run with a physical or virtual display.</msg>
<msg timestamp="20240503 13:57:49.113" level="WARN">Taking screenshot failed: OSError: screen grab failed
Make sure tests are run with a physical or virtual display.</msg>
<msg timestamp="20240503 13:57:32.411" level="WARN">Taking screenshot failed: OSError: screen grab failed
Make sure tests are run with a physical or virtual display.</msg>
<msg timestamp="20240503 13:57:34.043" level="WARN">Taking screenshot failed: OSError: screen grab failed
Make sure tests are run with a physical or virtual display.</msg>
<msg timestamp="20240503 13:57:35.029" level="WARN">Taking screenshot failed: OSError: screen grab failed
Make sure tests are run with a physical or virtual display.</msg>
<msg timestamp="20240503 13:57:36.287" level="WARN">Taking screenshot failed: OSError: screen grab failed
Make sure tests are run with a physical or virtual display.</msg>
<msg timestamp="20240503 13:57:41.619" level="WARN">Taking screenshot failed: OSError: screen grab failed
Make sure tests are run with a physical or virtual display.</msg>
<msg timestamp="20240503 13:58:09.016" level="WARN">Taking screenshot failed: OSError: screen grab failed
Make sure tests are run with a physical or virtual display.</msg>
<msg timestamp="20240503 13:58:10.026" level="WARN">Taking screenshot failed: OSError: screen grab failed
Make sure tests are run with a physical or virtual display.</msg>
<msg timestamp="20240503 13:58:12.231" level="WARN">Taking screenshot failed: OSError: screen grab failed
Make sure tests are run with a physical or virtual display.</msg>
<msg timestamp="20240503 13:58:29.090" level="WARN">Taking screenshot failed: OSError: screen grab failed
Make sure tests are run with a physical or virtual display.</msg>
<msg timestamp="20240503 13:58:39.371" level="WARN">Taking screenshot failed: OSError: screen grab failed
Make sure tests are run with a physical or virtual display.</msg>
<msg timestamp="20240503 13:58:44.653" level="WARN">Taking screenshot failed: OSError: screen grab failed
Make sure tests are run with a physical or virtual display.</msg>
<msg timestamp="20240503 13:58:16.203" level="WARN">Taking screenshot failed: OSError: screen grab failed
Make sure tests are run with a physical or virtual display.</msg>
<msg timestamp="20240503 13:58:17.796" level="WARN">Taking screenshot failed: OSError: screen grab failed
Make sure tests are run with a physical or virtual display.</msg>
<msg timestamp="20240503 13:58:32.045" level="WARN">Taking screenshot failed: OSError: screen grab failed
Make sure tests are run with a physical or virtual display.</msg>
<msg timestamp="20240503 13:58:58.868" level="WARN">Taking screenshot failed: OSError: screen grab failed
Make sure tests are run with a physical or virtual display.</msg>
<msg timestamp="20240503 13:58:59.963" level="WARN">Taking screenshot failed: OSError: screen grab failed
Make sure tests are run with a physical or virtual display.</msg>
<msg timestamp="20240503 13:59:01.723" level="WARN">Taking screenshot failed: OSError: screen grab failed
Make sure tests are run with a physical or virtual display.</msg>
<msg timestamp="20240503 13:59:03.107" level="WARN">Taking screenshot failed: OSError: screen grab failed
Make sure tests are run with a physical or virtual display.</msg>
<msg timestamp="20240503 13:59:04.351" level="WARN">Taking screenshot failed: OSError: screen grab failed
Make sure tests are run with a physical or virtual display.</msg>
<msg timestamp="20240503 13:59:05.583" level="WARN">Taking screenshot failed: OSError: screen grab failed
Make sure tests are run with a physical or virtual display.</msg>
<msg timestamp="20240503 13:59:06.878" level="WARN">Taking screenshot failed: OSError: screen grab failed
Make sure tests are run with a physical or virtual display.</msg>
<msg timestamp="20240503 13:59:08.129" level="WARN">Taking screenshot failed: OSError: screen grab failed
Make sure tests are run with a physical or virtual display.</msg>
<msg timestamp="20240503 13:59:13.425" level="WARN">Taking screenshot failed: OSError: screen grab failed
Make sure tests are run with a physical or virtual display.</msg>
<msg timestamp="20240503 13:59:11.952" level="WARN">Taking screenshot failed: OSError: screen grab failed
Make sure tests are run with a physical or virtual display.</msg>
<msg timestamp="20240503 13:59:12.962" level="WARN">Taking screenshot failed: OSError: screen grab failed
Make sure tests are run with a physical or virtual display.</msg>
<msg timestamp="20240503 13:59:13.654" level="WARN">Taking screenshot failed: OSError: screen grab failed
Make sure tests are run with a physical or virtual display.</msg>
<msg timestamp="20240503 13:59:19.945" level="WARN">Taking screenshot failed: OSError: screen grab failed
Make sure tests are run with a physical or virtual display.</msg>
<msg timestamp="20240503 13:59:39.964" level="WARN">Taking screenshot failed: OSError: screen grab failed
Make sure tests are run with a physical or virtual display.</msg>
<msg timestamp="20240503 13:59:40.976" level="WARN">Taking screenshot failed: OSError: screen grab failed
Make sure tests are run with a physical or virtual display.</msg>
<msg timestamp="20240503 13:59:41.659" level="WARN">Taking screenshot failed: OSError: screen grab failed
Make sure tests are run with a physical or virtual display.</msg>
<msg timestamp="20240503 13:59:42.904" level="WARN">Taking screenshot failed: OSError: screen grab failed
Make sure tests are run with a physical or virtual display.</msg>
<msg timestamp="20240503 13:59:43.150" level="WARN">Taking screenshot failed: OSError: screen grab failed
Make sure tests are run with a physical or virtual display.</msg>
<msg timestamp="20240503 13:59:43.405" level="WARN">Taking screenshot failed: OSError: screen grab failed
Make sure tests are run with a physical or virtual display.</msg>
<msg timestamp="20240503 13:59:43.640" level="WARN">Taking screenshot failed: OSError: screen grab failed
Make sure tests are run with a physical or virtual display.</msg>
<msg timestamp="20240503 13:59:46.442" level="WARN">Taking screenshot failed: OSError: screen grab failed
Make sure tests are run with a physical or virtual display.</msg>
<msg timestamp="20240503 13:59:47.988" level="WARN">Taking screenshot failed: OSError: screen grab failed
Make sure tests are run with a physical or virtual display.</msg>
<msg timestamp="20240503 13:59:49.522" level="WARN">Taking screenshot failed: OSError: screen grab failed
Make sure tests are run with a physical or virtual display.</msg>
<msg timestamp="20240503 13:59:51.071" level="WARN">Taking screenshot failed: OSError: screen grab failed
Make sure tests are run with a physical or virtual display.</msg>
<msg timestamp="20240503 13:59:52.835" level="WARN">Taking screenshot failed: OSError: screen grab failed
Make sure tests are run with a physical or virtual display.</msg>
<msg timestamp="20240503 13:59:58.376" level="WARN">Taking screenshot failed: OSError: screen grab failed
Make sure tests are run with a physical or virtual display.</msg>
<msg timestamp="20240503 13:59:46.918" level="WARN">Taking screenshot failed: OSError: screen grab failed
Make sure tests are run with a physical or virtual display.</msg>
<msg timestamp="20240503 13:59:48.532" level="WARN">Taking screenshot failed: OSError: screen grab failed
Make sure tests are run with a physical or virtual display.</msg>
<msg timestamp="20240503 13:59:50.023" level="WARN">Taking screenshot failed: OSError: screen grab failed
Make sure tests are run with a physical or virtual display.</msg>
<msg timestamp="20240503 13:59:50.054" level="WARN">Taking screenshot failed: OSError: screen grab failed
Make sure tests are run with a physical or virtual display.</msg>
<msg timestamp="20240503 13:59:51.414" level="WARN">Taking screenshot failed: OSError: screen grab failed
Make sure tests are run with a physical or virtual display.</msg>
<msg timestamp="20240503 13:59:52.685" level="WARN">Taking screenshot failed: OSError: screen grab failed
Make sure tests are run with a physical or virtual display.</msg>
<msg timestamp="20240503 13:59:52.716" level="WARN">Taking screenshot failed: OSError: screen grab failed
Make sure tests are run with a physical or virtual display.</msg>
<msg timestamp="20240503 13:59:54.041" level="WARN">Taking screenshot failed: OSError: screen grab failed
Make sure tests are run with a physical or virtual display.</msg>
<msg timestamp="20240503 13:59:55.306" level="WARN">Taking screenshot failed: OSError: screen grab failed
Make sure tests are run with a physical or virtual display.</msg>
<msg timestamp="20240503 13:59:55.327" level="WARN">Taking screenshot failed: OSError: screen grab failed
Make sure tests are run with a physical or virtual display.</msg>
<msg timestamp="20240503 13:59:56.655" level="WARN">Taking screenshot failed: OSError: screen grab failed
Make sure tests are run with a physical or virtual display.</msg>
<msg timestamp="20240503 13:59:57.929" level="WARN">Taking screenshot failed: OSError: screen grab failed
Make sure tests are run with a physical or virtual display.</msg>
<msg timestamp="20240503 13:59:57.955" level="WARN">Taking screenshot failed: OSError: screen grab failed
Make sure tests are run with a physical or virtual display.</msg>
<msg timestamp="20240503 13:59:59.268" level="WARN">Taking screenshot failed: OSError: screen grab failed
Make sure tests are run with a physical or virtual display.</msg>
<msg timestamp="20240503 14:00:04.558" level="WARN">Taking screenshot failed: OSError: screen grab failed
Make sure tests are run with a physical or virtual display.</msg>
<msg timestamp="20240503 14:00:25.670" level="WARN">Taking screenshot failed: OSError: screen grab failed
Make sure tests are run with a physical or virtual display.</msg>
<msg timestamp="20240503 14:00:26.681" level="WARN">Taking screenshot failed: OSError: screen grab failed
Make sure tests are run with a physical or virtual display.</msg>
<msg timestamp="20240503 14:00:28.955" level="WARN">Taking screenshot failed: OSError: screen grab failed
Make sure tests are run with a physical or virtual display.</msg>
<msg timestamp="20240503 14:00:30.939" level="WARN">Taking screenshot failed: OSError: screen grab failed
Make sure tests are run with a physical or virtual display.</msg>
<msg timestamp="20240503 14:00:32.447" level="WARN">Taking screenshot failed: OSError: screen grab failed
Make sure tests are run with a physical or virtual display.</msg>
<msg timestamp="20240503 14:00:34.464" level="WARN">Taking screenshot failed: OSError: screen grab failed
Make sure tests are run with a physical or virtual display.</msg>
<msg timestamp="20240503 14:00:35.945" level="WARN">Taking screenshot failed: OSError: screen grab failed
Make sure tests are run with a physical or virtual display.</msg>
<msg timestamp="20240503 14:00:37.435" level="WARN">Taking screenshot failed: OSError: screen grab failed
Make sure tests are run with a physical or virtual display.</msg>
<msg timestamp="20240503 14:00:39.140" level="WARN">Taking screenshot failed: OSError: screen grab failed
Make sure tests are run with a physical or virtual display.</msg>
<msg timestamp="20240503 14:00:40.625" level="WARN">Taking screenshot failed: OSError: screen grab failed
Make sure tests are run with a physical or virtual display.</msg>
<msg timestamp="20240503 14:00:41.900" level="WARN">Taking screenshot failed: OSError: screen grab failed
Make sure tests are run with a physical or virtual display.</msg>
<msg timestamp="20240503 14:00:43.159" level="WARN">Taking screenshot failed: OSError: screen grab failed
Make sure tests are run with a physical or virtual display.</msg>
<msg timestamp="20240503 14:00:45.222" level="WARN">Taking screenshot failed: OSError: screen grab failed
Make sure tests are run with a physical or virtual display.</msg>
<msg timestamp="20240503 14:00:47.402" level="WARN">Taking screenshot failed: OSError: screen grab failed
Make sure tests are run with a physical or virtual display.</msg>
<msg timestamp="20240503 14:00:52.637" level="WARN">Taking screenshot failed: OSError: screen grab failed
Make sure tests are run with a physical or virtual display.</msg>
<msg timestamp="20240503 14:00:30.854" level="WARN">Taking screenshot failed: OSError: screen grab failed
Make sure tests are run with a physical or virtual display.</msg>
<msg timestamp="20240503 14:00:32.559" level="WARN">Taking screenshot failed: OSError: screen grab failed
Make sure tests are run with a physical or virtual display.</msg>
<msg timestamp="20240503 14:00:33.895" level="WARN">Taking screenshot failed: OSError: screen grab failed
Make sure tests are run with a physical or virtual display.</msg>
<msg timestamp="20240503 14:00:37.961" level="WARN">Taking screenshot failed: OSError: screen grab failed
Make sure tests are run with a physical or virtual display.</msg>
<msg timestamp="20240503 14:00:42.498" level="WARN">Taking screenshot failed: OSError: screen grab failed
Make sure tests are run with a physical or virtual display.</msg>
<msg timestamp="20240503 14:00:46.564" level="WARN">Taking screenshot failed: OSError: screen grab failed
Make sure tests are run with a physical or virtual display.</msg>
<msg timestamp="20240503 14:00:51.064" level="WARN">Taking screenshot failed: OSError: screen grab failed
Make sure tests are run with a physical or virtual display.</msg>
<msg timestamp="20240503 14:00:55.126" level="WARN">Taking screenshot failed: OSError: screen grab failed
Make sure tests are run with a physical or virtual display.</msg>
<msg timestamp="20240503 14:00:59.653" level="WARN">Taking screenshot failed: OSError: screen grab failed
Make sure tests are run with a physical or virtual display.</msg>
<msg timestamp="20240503 14:01:03.714" level="WARN">Taking screenshot failed: OSError: screen grab failed
Make sure tests are run with a physical or virtual display.</msg>
<msg timestamp="20240503 14:01:08.297" level="WARN">Taking screenshot failed: OSError: screen grab failed
Make sure tests are run with a physical or virtual display.</msg>
<msg timestamp="20240503 14:01:12.346" level="WARN">Taking screenshot failed: OSError: screen grab failed
Make sure tests are run with a physical or virtual display.</msg>
<msg timestamp="20240503 14:01:16.845" level="WARN">Taking screenshot failed: OSError: screen grab failed
Make sure tests are run with a physical or virtual display.</msg>
<msg timestamp="20240503 14:01:20.913" level="WARN">Taking screenshot failed: OSError: screen grab failed
Make sure tests are run with a physical or virtual display.</msg>
<msg timestamp="20240503 14:01:26.197" level="WARN">Taking screenshot failed: OSError: screen grab failed
Make sure tests are run with a physical or virtual display.</msg>
<msg timestamp="20240503 14:01:20.827" level="WARN">Taking screenshot failed: OSError: screen grab failed
Make sure tests are run with a physical or virtual display.</msg>
<msg timestamp="20240503 14:01:22.468" level="WARN">Taking screenshot failed: OSError: screen grab failed
Make sure tests are run with a physical or virtual display.</msg>
<msg timestamp="20240503 14:01:23.428" level="WARN">Taking screenshot failed: OSError: screen grab failed
Make sure tests are run with a physical or virtual display.</msg>
<msg timestamp="20240503 14:01:27.678" level="WARN">Taking screenshot failed: OSError: screen grab failed
Make sure tests are run with a physical or virtual display.</msg>
<msg timestamp="20240503 14:01:30.972" level="WARN">Taking screenshot failed: OSError: screen grab failed
Make sure tests are run with a physical or virtual display.</msg>
</errors>
</robot>
