==============================================================================
Tests :: Testing functionality through Robot Framework                        
==============================================================================
  
  Traceback (most recent call last):
    ~~~~~~~~~~~~~~~~~~~~~~~~~~~~~~~~~~~~~~~~~~~~~~~~~~~~~~~~~~~~~~~~~~~~~~~~~~
    File  C:\RobotFramework\sap_testing\Tests\__init__.robot:3
      Setup highest level suite    
    ~~~~~~~~~~~~~~~~~~~~~~~~~~~~~~~~~~~~~~~~~~~~~~~~~~~~~~~~~~~~~~~~~~~~~~~~~~
    File  C:\RobotFramework\sap_testing\Tests\__init__.robot:12
      Setup linux execution    
    ~~~~~~~~~~~~~~~~~~~~~~~~~~~~~~~~~~~~~~~~~~~~~~~~~~~~~~~~~~~~~~~~~~~~~~~~~~
    File  C:\RobotFramework\sap_testing\Tests\Support.robot:63
      Run Keyword If    ${web_test_check}    Setup Docker Execution Options
      |  ${web_test_check} = <Unable to define variable value>
    ~~~~~~~~~~~~~~~~~~~~~~~~~~~~~~~~~~~~~~~~~~~~~~~~~~~~~~~~~~~~~~~~~~~~~~~~~~
    File  None:0
      Setup Docker Execution Options    
    ~~~~~~~~~~~~~~~~~~~~~~~~~~~~~~~~~~~~~~~~~~~~~~~~~~~~~~~~~~~~~~~~~~~~~~~~~~
    File  C:\RobotFramework\sap_testing\Tests\Web\Support_Web.robot:32
      Setup Suite Metadata    ${browser}
      |  ${browser} = chrome (str)
    ~~~~~~~~~~~~~~~~~~~~~~~~~~~~~~~~~~~~~~~~~~~~~~~~~~~~~~~~~~~~~~~~~~~~~~~~~~
    File  C:\RobotFramework\sap_testing\Tests\Web\Support_Web.robot:26
      Get Browser Metadata    browser=${browser}
      |  browser=${browser} = browser=chrome (str)
______________________________________________________________________________
Tests.Test STRUST                                                             
==============================================================================
Executing STRUST                                                      | FAIL |
Parent suite setup failed:
SessionNotCreatedException: Message: session not created: This version of ChromeDriver only supports Chrome version 121
Current browser version is 123.0.6312.106 with binary path C:\Program Files\Google\Chrome\Application\chrome.exe
Stacktrace:
	GetHandleVerifier [0x00007FF68B745E42+3538674]
	(No symbol) [0x00007FF68B364C02]
	(No symbol) [0x00007FF68B215AEB]
	(No symbol) [0x00007FF68B24C512]
	(No symbol) [0x00007FF68B24B872]
	(No symbol) [0x00007FF68B245106]
	(No symbol) [0x00007FF68B2421C8]
	(No symbol) [0x00007FF68B2894B9]
	(No symbol) [0x00007FF68B27EE53]
	(No symbol) [0x00007FF68B24F514]
	(No symbol) [0x00007FF68B250631]
	GetHandleVerifier [0x00007FF68B776CAD+3738973]
	GetHandleVerifier [0x00007FF68B7CC506+4089270]
	GetHandleVerifier [0x00007FF68B7C4823+4057299]
	GetHandleVerifier [0x00007FF68B495C49+720121]
	(No symbol) [0x00007FF68B37126F]
	(No symbol) [0x00007FF68B36C304]
	(No symbol) [0x00007FF68B36C432]
	(No symbol) [0x00007FF68B35BD04]
	BaseThreadInitThunk [0x00007FFFEA0984D4+20]
	RtlUserThreadStart [0x00007FFFEA511791+33]
------------------------------------------------------------------------------
Tests.Test STRUST                                                     | FAIL |
Parent suite setup failed:
SessionNotCreatedException: Message: session not created: This version of ChromeDriver only supports Chrome version 121
Current browser version is 123.0.6312.106 with binary path C:\Program Files\Google\Chrome\Application\chrome.exe
Stacktrace:
	GetHandleVerifier [0x00007FF68B745E42+3538674]
	(No symbol) [0x00007FF68B364C02]
	(No symbol) [0x00007FF68B215AEB]
	(No symbol) [0x00007FF68B24C512]
	(No symbol) [0x00007FF68B24B872]
	(No symbol) [0x00007FF68B245106]
	(No symbol) [0x00007FF68B2421C8]
	(No symbol) [0x00007FF68B2894B9]
	(No symbol) [0x00007FF68B27EE53]
	(No symbol) [0x00007FF68B24F514]
	(No symbol) [0x00007FF68B250631]
	GetHandleVerifier [0x00007FF68B776CAD+3738973]
	GetHandleVerifier [0x00007FF68B7CC506+4089270]
	GetHandleVerifier [0x00007FF68B7C4823+4057299]
	GetHandleVerifier [0x00007FF68B495C49+720121]
	(No symbol) [0x00007FF68B37126F]
	(No symbol) [0x00007FF68B36C304]
	(No symbol) [0x00007FF68B36C432]
	(No symbol) [0x00007FF68B35BD04]
	BaseThreadInitThunk [0x00007FFFEA0984D4+20]
	RtlUserThreadStart [0x00007FFFEA511791+33]


1 test, 0 passed, 1 failed
==============================================================================
Tests :: Testing functionality through Robot Framework                | FAIL |
Suite setup failed:
SessionNotCreatedException: Message: session not created: This version of ChromeDriver only supports Chrome version 121
Current browser version is 123.0.6312.106 with binary path C:\Program Files\Google\Chrome\Application\chrome.exe
Stacktrace:
	GetHandleVerifier [0x00007FF68B745E42+3538674]
	(No symbol) [0x00007FF68B364C02]
	(No symbol) [0x00007FF68B215AEB]
	(No symbol) [0x00007FF68B24C512]
	(No symbol) [0x00007FF68B24B872]
	(No symbol) [0x00007FF68B245106]
	(No symbol) [0x00007FF68B2421C8]
	(No symbol) [0x00007FF68B2894B9]
	(No symbol) [0x00007FF68B27EE53]
	(No symbol) [0x00007FF68B24F514]
	(No symbol) [0x00007FF68B250631]
	GetHandleVerifier [0x00007FF68B776CAD+3738973]
	GetHandleVerifier [0x00007FF68B7CC506+4089270]
	GetHandleVerifier [0x00007FF68B7C4823+4057299]
	GetHandleVerifier [0x00007FF68B495C49+720121]
	(No symbol) [0x00007FF68B37126F]
	(No symbol) [0x00007FF68B36C304]
	(No symbol) [0x00007FF68B36C432]
	(No symbol) [0x00007FF68B35BD04]
	BaseThreadInitThunk [0x00007FFFEA0984D4+20]
	RtlUserThreadStart [0x00007FFFEA511791+33]


1 test, 0 passed, 1 failed
==============================================================================
Output:  C:\RobotFramework\sap_testing\Output\7308f2f3-3477-46b7-b49b-99ec470f9df2\pabot_results\0\Output.xml
