==============================================================================
Tests :: Testing functionality through Robot Framework                        
==============================================================================
Tests.Test Create outbound Delivery                                           
==============================================================================
  
  Traceback (most recent call last):
    ~~~~~~~~~~~~~~~~~~~~~~~~~~~~~~~~~~~~~~~~~~~~~~~~~~~~~~~~~~~~~~~~~~~~~~~~~~
    File  C:\RobotFramework\sap_testing\Tests\Test_Create_outbound_Delivery.robot:5
      System Logon    
    ~~~~~~~~~~~~~~~~~~~~~~~~~~~~~~~~~~~~~~~~~~~~~~~~~~~~~~~~~~~~~~~~~~~~~~~~~~
    File  C:\RobotFramework\sap_testing\Tests\Resource\Create_outbound_Delivery.robot:11
      Connect To Session    
______________________________________________________________________________
Executing VL01N                                                       | FAIL |
Parent suite setup failed:
Warning: Could not connect to Session, is Sap Logon Pad open?
------------------------------------------------------------------------------
  
  Traceback (most recent call last):
    ~~~~~~~~~~~~~~~~~~~~~~~~~~~~~~~~~~~~~~~~~~~~~~~~~~~~~~~~~~~~~~~~~~~~~~~~~~
    File  C:\RobotFramework\sap_testing\Tests\Test_Create_outbound_Delivery.robot:6
      System Logout    
    ~~~~~~~~~~~~~~~~~~~~~~~~~~~~~~~~~~~~~~~~~~~~~~~~~~~~~~~~~~~~~~~~~~~~~~~~~~
    File  C:\RobotFramework\sap_testing\Tests\Resource\Create_outbound_Delivery.robot:21
      Run Transaction    /nex
______________________________________________________________________________
Tests.Test Create outbound Delivery                                   | FAIL |
Suite setup failed:
Warning: Could not connect to Session, is Sap Logon Pad open?

Also suite teardown failed:
AttributeError: 'int' object has no attribute 'findById'

1 test, 0 passed, 1 failed
==============================================================================
Tests :: Testing functionality through Robot Framework                | FAIL |
1 test, 0 passed, 1 failed
==============================================================================
Output:  C:\RobotFramework\sap_testing\Output\27310d91-96b1-40b5-b7e9-45ccd09cec97\pabot_results\0\Output.xml
