==============================================================================
Tests :: Testing functionality through Robot Framework                        
==============================================================================
Tests.Test OAC0                                                               
==============================================================================
  
  Traceback (most recent call last):
    ~~~~~~~~~~~~~~~~~~~~~~~~~~~~~~~~~~~~~~~~~~~~~~~~~~~~~~~~~~~~~~~~~~~~~~~~~~
    File  C:\RobotFramework\sap_testing\Tests\Test_OAC0.robot:4
      System Logon    
    ~~~~~~~~~~~~~~~~~~~~~~~~~~~~~~~~~~~~~~~~~~~~~~~~~~~~~~~~~~~~~~~~~~~~~~~~~~
    File  C:\RobotFramework\sap_testing\Tests\Resource\OAC0.robot:13
      Input Text    wnd[0]/usr/txtRSYST-MANDT    ${symvar('Client_Id')}
      |  ${symvar('Client_Id')} = 001 (str)
______________________________________________________________________________
Executing OACO                                                        | FAIL |
Parent suite setup failed:
AttributeError: Property '<unknown>.text' can not be set.
------------------------------------------------------------------------------
  
  Traceback (most recent call last):
    ~~~~~~~~~~~~~~~~~~~~~~~~~~~~~~~~~~~~~~~~~~~~~~~~~~~~~~~~~~~~~~~~~~~~~~~~~~
    File  C:\RobotFramework\sap_testing\Tests\Test_OAC0.robot:5
      System Logout    
    ~~~~~~~~~~~~~~~~~~~~~~~~~~~~~~~~~~~~~~~~~~~~~~~~~~~~~~~~~~~~~~~~~~~~~~~~~~
    File  C:\RobotFramework\sap_testing\Tests\Resource\OAC0.robot:24
      Run Transaction    /nex
______________________________________________________________________________
Tests.Test OAC0                                                       | FAIL |
Suite setup failed:
AttributeError: Property '<unknown>.text' can not be set.

Also suite teardown failed:
AttributeError: Property '<unknown>.text' can not be set.

1 test, 0 passed, 1 failed
==============================================================================
Tests :: Testing functionality through Robot Framework                | FAIL |
1 test, 0 passed, 1 failed
==============================================================================
Output:  C:\SAP_Testing\SAPtesting\new2output\aaa9213e-5753-4d1b-81a2-dfdfb6b663e8\pabot_results\0\Output.xml
