==============================================================================
Tests :: Testing functionality through Robot Framework                        
==============================================================================
Tests.Test.Roles                                                              
==============================================================================
START                                                                   
  Traceback (most recent call last):
    ~~~~~~~~~~~~~~~~~~~~~~~~~~~~~~~~~~~~~~~~~~~~~~~~~~~~~~~~~~~~~~~~~~~~~~~~~~
    File  C:\RobotFramework\sap_testing\Tests\test.roles.robot:6
    T:  START    
    ~~~~~~~~~~~~~~~~~~~~~~~~~~~~~~~~~~~~~~~~~~~~~~~~~~~~~~~~~~~~~~~~~~~~~~~~~~
    File  C:\RobotFramework\sap_testing\Tests\test.roles.robot:7
      START    
    ~~~~~~~~~~~~~~~~~~~~~~~~~~~~~~~~~~~~~~~~~~~~~~~~~~~~~~~~~~~~~~~~~~~~~~~~~~
    File  C:\RobotFramework\sap_testing\Tests\Resource\roles.robot:9
      Connect To Session    
______________________________________________________________________________
| FAIL |
Warning: Could not connect to Session, is Sap Logon Pad open?
------------------------------------------------------------------------------
PFCG_TCODE                                                              
  Traceback (most recent call last):
    ~~~~~~~~~~~~~~~~~~~~~~~~~~~~~~~~~~~~~~~~~~~~~~~~~~~~~~~~~~~~~~~~~~~~~~~~~~
    File  C:\RobotFramework\sap_testing\Tests\test.roles.robot:8
    T:  PFCG_TCODE    
    ~~~~~~~~~~~~~~~~~~~~~~~~~~~~~~~~~~~~~~~~~~~~~~~~~~~~~~~~~~~~~~~~~~~~~~~~~~
    File  C:\RobotFramework\sap_testing\Tests\test.roles.robot:9
      PFCG_TCODE    
    ~~~~~~~~~~~~~~~~~~~~~~~~~~~~~~~~~~~~~~~~~~~~~~~~~~~~~~~~~~~~~~~~~~~~~~~~~~
    File  C:\RobotFramework\sap_testing\Tests\Resource\roles.robot:19
      Run Transaction    wnd[0]/tbar[0]/okcd    PFCG
______________________________________________________________________________
| FAIL |
AttributeError: 'int' object has no attribute 'findById'
------------------------------------------------------------------------------
Tests.Test.Roles                                                      | FAIL |
2 tests, 0 passed, 2 failed
==============================================================================
Tests :: Testing functionality through Robot Framework                | FAIL |
2 tests, 0 passed, 2 failed
==============================================================================
Output:  C:\RobotFramework\sap_testing\Output\d8b58301-3933-4aa2-bd05-45f2d32e382a\pabot_results\0\Output.xml
