==============================================================================
Tests :: Testing functionality through Robot Framework                        
==============================================================================
  
  Traceback (most recent call last):
    ~~~~~~~~~~~~~~~~~~~~~~~~~~~~~~~~~~~~~~~~~~~~~~~~~~~~~~~~~~~~~~~~~~~~~~~~~~
    File  C:\RobotFramework\sap_testing\Tests\__init__.robot:3
      Setup highest level suite    
    ~~~~~~~~~~~~~~~~~~~~~~~~~~~~~~~~~~~~~~~~~~~~~~~~~~~~~~~~~~~~~~~~~~~~~~~~~~
    File  C:\RobotFramework\sap_testing\Tests\__init__.robot:12
      Setup linux execution    
    ~~~~~~~~~~~~~~~~~~~~~~~~~~~~~~~~~~~~~~~~~~~~~~~~~~~~~~~~~~~~~~~~~~~~~~~~~~
    File  C:\RobotFramework\sap_testing\Tests\Support.robot:63
      Run Keyword If    ${web_test_check}    Setup Docker Execution Options
      |  ${web_test_check} = <Unable to define variable value>
    ~~~~~~~~~~~~~~~~~~~~~~~~~~~~~~~~~~~~~~~~~~~~~~~~~~~~~~~~~~~~~~~~~~~~~~~~~~
    File  None:0
      Setup Docker Execution Options    
    ~~~~~~~~~~~~~~~~~~~~~~~~~~~~~~~~~~~~~~~~~~~~~~~~~~~~~~~~~~~~~~~~~~~~~~~~~~
    File  C:\RobotFramework\sap_testing\Tests\Web\Support_Web.robot:32
      Setup Suite Metadata    ${browser}
      |  ${browser} = chrome (str)
    ~~~~~~~~~~~~~~~~~~~~~~~~~~~~~~~~~~~~~~~~~~~~~~~~~~~~~~~~~~~~~~~~~~~~~~~~~~
    File  C:\RobotFramework\sap_testing\Tests\Web\Support_Web.robot:26
      Get Browser Metadata    browser=${browser}
      |  browser=${browser} = browser=chrome (str)
______________________________________________________________________________
Tests.Test Get User Roles                                                     
==============================================================================
Write User Role into Excel sheet                                      | FAIL |
Parent suite setup failed:
SessionNotCreatedException: Message: session not created: This version of ChromeDriver only supports Chrome version 125
Current browser version is 127.0.6533.72 with binary path C:\Program Files\Google\Chrome\Application\chrome.exe
Stacktrace:
	GetHandleVerifier [0x00007FF752961F52+60322]
	(No symbol) [0x00007FF7528DCEC9]
	(No symbol) [0x00007FF752797EBA]
	(No symbol) [0x00007FF7527D6202]
	(No symbol) [0x00007FF7527D53D8]
	(No symbol) [0x00007FF7527CEFD7]
	(No symbol) [0x00007FF7527CAF74]
	(No symbol) [0x00007FF752817934]
	(No symbol) [0x00007FF752816F90]
	(No symbol) [0x00007FF75280BFC3]
	(No symbol) [0x00007FF7527D9617]
	(No symbol) [0x00007FF7527DA211]
	GetHandleVerifier [0x00007FF752C794AD+3301629]
	GetHandleVerifier [0x00007FF752CC36D3+3605283]
	GetHandleVerifier [0x00007FF752CB9450+3563680]
	GetHandleVerifier [0x00007FF752A14326+790390]
	(No symbol) [0x00007FF7528E750F]
	(No symbol) [0x00007FF7528E3404]
	(No symbol) [0x00007FF7528E3592]
	(No symbol) [0x00007FF7528D2F9F]
	BaseThreadInitThunk [0x00007FFC3BCB84D4+20]
	RtlUserThreadStart [0x00007FFC3E371A11+33]
------------------------------------------------------------------------------
Tests.Test Get User Roles                                             | FAIL |
Parent suite setup failed:
SessionNotCreatedException: Message: session not created: This version of ChromeDriver only supports Chrome version 125
Current browser version is 127.0.6533.72 with binary path C:\Program Files\Google\Chrome\Application\chrome.exe
Stacktrace:
	GetHandleVerifier [0x00007FF752961F52+60322]
	(No symbol) [0x00007FF7528DCEC9]
	(No symbol) [0x00007FF752797EBA]
	(No symbol) [0x00007FF7527D6202]
	(No symbol) [0x00007FF7527D53D8]
	(No symbol) [0x00007FF7527CEFD7]
	(No symbol) [0x00007FF7527CAF74]
	(No symbol) [0x00007FF752817934]
	(No symbol) [0x00007FF752816F90]
	(No symbol) [0x00007FF75280BFC3]
	(No symbol) [0x00007FF7527D9617]
	(No symbol) [0x00007FF7527DA211]
	GetHandleVerifier [0x00007FF752C794AD+3301629]
	GetHandleVerifier [0x00007FF752CC36D3+3605283]
	GetHandleVerifier [0x00007FF752CB9450+3563680]
	GetHandleVerifier [0x00007FF752A14326+790390]
	(No symbol) [0x00007FF7528E750F]
	(No symbol) [0x00007FF7528E3404]
	(No symbol) [0x00007FF7528E3592]
	(No symbol) [0x00007FF7528D2F9F]
	BaseThreadInitThunk [0x00007FFC3BCB84D4+20]
	RtlUserThreadStart [0x00007FFC3E371A11+33]


1 test, 0 passed, 1 failed
==============================================================================
Tests :: Testing functionality through Robot Framework                | FAIL |
Suite setup failed:
SessionNotCreatedException: Message: session not created: This version of ChromeDriver only supports Chrome version 125
Current browser version is 127.0.6533.72 with binary path C:\Program Files\Google\Chrome\Application\chrome.exe
Stacktrace:
	GetHandleVerifier [0x00007FF752961F52+60322]
	(No symbol) [0x00007FF7528DCEC9]
	(No symbol) [0x00007FF752797EBA]
	(No symbol) [0x00007FF7527D6202]
	(No symbol) [0x00007FF7527D53D8]
	(No symbol) [0x00007FF7527CEFD7]
	(No symbol) [0x00007FF7527CAF74]
	(No symbol) [0x00007FF752817934]
	(No symbol) [0x00007FF752816F90]
	(No symbol) [0x00007FF75280BFC3]
	(No symbol) [0x00007FF7527D9617]
	(No symbol) [0x00007FF7527DA211]
	GetHandleVerifier [0x00007FF752C794AD+3301629]
	GetHandleVerifier [0x00007FF752CC36D3+3605283]
	GetHandleVerifier [0x00007FF752CB9450+3563680]
	GetHandleVerifier [0x00007FF752A14326+790390]
	(No symbol) [0x00007FF7528E750F]
	(No symbol) [0x00007FF7528E3404]
	(No symbol) [0x00007FF7528E3592]
	(No symbol) [0x00007FF7528D2F9F]
	BaseThreadInitThunk [0x00007FFC3BCB84D4+20]
	RtlUserThreadStart [0x00007FFC3E371A11+33]


1 test, 0 passed, 1 failed
==============================================================================
Output:  C:\RobotFramework\sap_testing\Output\3602744d-ea2c-4d56-870c-20c1423725d7\pabot_results\0\Output.xml
