[ WARN ] Failed to fetch value for field: Web.Dev.robot_site
[ WARN ] Traceback (most recent call last):
<<<<<<< HEAD
  File "C:\SAP_Testing\SAPtesting\Execution\Access_Data.py", line 58, in get_data
=======
  File "C:\RobotFramework\SAPtesting\Execution\Access_Data.py", line 58, in get_data
>>>>>>> f2a6fa160e10b08c47007fdec444a649f20d929f
    field_value = eval(command)
                  ^^^^^^^^^^^^^
  File "<string>", line 1, in <module>
AttributeError: module 'Data.Web.Dev' has no attribute 'robot_site'

[ WARN ] Failed to fetch value for field: Web.Dev.robot_site
[ WARN ] Traceback (most recent call last):
<<<<<<< HEAD
  File "C:\SAP_Testing\SAPtesting\Execution\Access_Data.py", line 58, in get_data
=======
  File "C:\RobotFramework\SAPtesting\Execution\Access_Data.py", line 58, in get_data
>>>>>>> f2a6fa160e10b08c47007fdec444a649f20d929f
    field_value = eval(command)
                  ^^^^^^^^^^^^^
  File "<string>", line 1, in <module>
AttributeError: module 'Data.Web.Dev' has no attribute 'robot_site'

