==============================================================================
Tests :: Testing functionality through Robot Framework                        
==============================================================================
Tests.Test STMS                                                               
==============================================================================
  
  Traceback (most recent call last):
    ~~~~~~~~~~~~~~~~~~~~~~~~~~~~~~~~~~~~~~~~~~~~~~~~~~~~~~~~~~~~~~~~~~~~~~~~~~
    File  C:\RobotFramework\sap_testing\Tests\Test_STMS.robot:4
      System Logon    
    ~~~~~~~~~~~~~~~~~~~~~~~~~~~~~~~~~~~~~~~~~~~~~~~~~~~~~~~~~~~~~~~~~~~~~~~~~~
    File  C:\RobotFramework\sap_testing\Tests\Resource\STMS.robot:13
      Input Text    wnd[0]/usr/txtRSYST-MANDT    ${symvar('Client_Id')}
      |  ${symvar('Client_Id')} = 001 (str)
______________________________________________________________________________
Executing STMS                                                        | FAIL |
Parent suite setup failed:
AttributeError: Property '<unknown>.text' can not be set.
------------------------------------------------------------------------------
  
  Traceback (most recent call last):
    ~~~~~~~~~~~~~~~~~~~~~~~~~~~~~~~~~~~~~~~~~~~~~~~~~~~~~~~~~~~~~~~~~~~~~~~~~~
    File  C:\RobotFramework\sap_testing\Tests\Test_STMS.robot:5
      System Logout    
    ~~~~~~~~~~~~~~~~~~~~~~~~~~~~~~~~~~~~~~~~~~~~~~~~~~~~~~~~~~~~~~~~~~~~~~~~~~
    File  C:\RobotFramework\sap_testing\Tests\Resource\STMS.robot:24
      Run Transaction    /nex
______________________________________________________________________________
Tests.Test STMS                                                       | FAIL |
Suite setup failed:
AttributeError: Property '<unknown>.text' can not be set.

Also suite teardown failed:
AttributeError: Property '<unknown>.text' can not be set.

1 test, 0 passed, 1 failed
==============================================================================
Tests :: Testing functionality through Robot Framework                | FAIL |
1 test, 0 passed, 1 failed
==============================================================================
Output:  C:\SAP_Testing\SAPtesting\new2output\df3e8565-a1a5-43f4-b1da-ed05940b6d84\pabot_results\0\Output.xml
