==============================================================================
Tests :: Testing functionality through Robot Framework                        
==============================================================================
Tests.Test Get User Roles                                                     
==============================================================================
  
  Traceback (most recent call last):
    ~~~~~~~~~~~~~~~~~~~~~~~~~~~~~~~~~~~~~~~~~~~~~~~~~~~~~~~~~~~~~~~~~~~~~~~~~~
    File  C:\RobotFramework\sap_testing\Tests\Test_Get_User_Roles.robot:3
      System Logon    
    ~~~~~~~~~~~~~~~~~~~~~~~~~~~~~~~~~~~~~~~~~~~~~~~~~~~~~~~~~~~~~~~~~~~~~~~~~~
    File  C:\RobotFramework\sap_testing\Tests\Resource\Get_User_Roles.robot:15
      Open Connection    ${symvar('sap_connection')}
      |  ${symvar('sap_connection')} =  (str)
______________________________________________________________________________
Write User Role into Excel sheet                                      | FAIL |
Parent suite setup failed:
ValueError: Cannot open connection '', please check connection name.
------------------------------------------------------------------------------
  
  Traceback (most recent call last):
    ~~~~~~~~~~~~~~~~~~~~~~~~~~~~~~~~~~~~~~~~~~~~~~~~~~~~~~~~~~~~~~~~~~~~~~~~~~
    File  C:\RobotFramework\sap_testing\Tests\Test_Get_User_Roles.robot:4
      System Logout    
    ~~~~~~~~~~~~~~~~~~~~~~~~~~~~~~~~~~~~~~~~~~~~~~~~~~~~~~~~~~~~~~~~~~~~~~~~~~
    File  C:\RobotFramework\sap_testing\Tests\Resource\Get_User_Roles.robot:26
      Run Transaction    /nex
______________________________________________________________________________
Tests.Test Get User Roles                                             | FAIL |
Suite setup failed:
ValueError: Cannot open connection '', please check connection name.

Also suite teardown failed:
AttributeError: 'int' object has no attribute 'findById'

1 test, 0 passed, 1 failed
==============================================================================
Tests :: Testing functionality through Robot Framework                | FAIL |
1 test, 0 passed, 1 failed
==============================================================================
Output:  C:\RobotFramework\sap_testing\Output\3ea14a0a-a1f1-4499-b1ad-6db26abba96f\pabot_results\0\Output.xml
