==============================================================================
Tests :: Testing functionality through Robot Framework                        
==============================================================================
Tests.Test Get User Roles                                                     
==============================================================================
  
  Traceback (most recent call last):
    ~~~~~~~~~~~~~~~~~~~~~~~~~~~~~~~~~~~~~~~~~~~~~~~~~~~~~~~~~~~~~~~~~~~~~~~~~~
    File  C:\RobotFramework\sap_testing\Tests\Test_Get_User_Roles.robot:3
      System Logon    
    ~~~~~~~~~~~~~~~~~~~~~~~~~~~~~~~~~~~~~~~~~~~~~~~~~~~~~~~~~~~~~~~~~~~~~~~~~~
    File  C:\RobotFramework\sap_testing\Tests\Resource\Get_User_Roles.robot:15
      Open Connection    ${symvar('sap_connection')}
      |  ${symvar('sap_connection')} = DEV_PRD (str)
______________________________________________________________________________
Write User Role into Excel sheet                                      | FAIL |
Parent suite setup failed:
com_error: (-2147352567, 'Exception occurred.', (614, 'saplogon', 'The enumerator of the collection cannot find an element with the specified index.', 'C:\\Program Files (x86)\\SAP\\FrontEnd\\SAPgui\\saplogon.HLP', 393215, 0), None)
------------------------------------------------------------------------------
  
  Traceback (most recent call last):
    ~~~~~~~~~~~~~~~~~~~~~~~~~~~~~~~~~~~~~~~~~~~~~~~~~~~~~~~~~~~~~~~~~~~~~~~~~~
    File  C:\RobotFramework\sap_testing\Tests\Test_Get_User_Roles.robot:4
      System Logout    
    ~~~~~~~~~~~~~~~~~~~~~~~~~~~~~~~~~~~~~~~~~~~~~~~~~~~~~~~~~~~~~~~~~~~~~~~~~~
    File  C:\RobotFramework\sap_testing\Tests\Resource\Get_User_Roles.robot:26
      Run Transaction    /nex
______________________________________________________________________________
Tests.Test Get User Roles                                             | FAIL |
Suite setup failed:
com_error: (-2147352567, 'Exception occurred.', (614, 'saplogon', 'The enumerator of the collection cannot find an element with the specified index.', 'C:\\Program Files (x86)\\SAP\\FrontEnd\\SAPgui\\saplogon.HLP', 393215, 0), None)

Also suite teardown failed:
AttributeError: 'int' object has no attribute 'findById'

1 test, 0 passed, 1 failed
==============================================================================
Tests :: Testing functionality through Robot Framework                | FAIL |
1 test, 0 passed, 1 failed
==============================================================================
Output:  C:\RobotFramework\sap_testing\Output\c65a616c-bd6b-4b11-b625-a4fcdccb6fde\pabot_results\0\Output.xml
