==============================================================================
Tests :: Testing functionality through Robot Framework                        
==============================================================================
Tests.Test GRC Roles Export                                                   
==============================================================================
  
  Traceback (most recent call last):
    ~~~~~~~~~~~~~~~~~~~~~~~~~~~~~~~~~~~~~~~~~~~~~~~~~~~~~~~~~~~~~~~~~~~~~~~~~~
    File  C:\RobotFramework\sap_testing\Tests\Test_GRC_Roles_Export.robot:4
      System Logon    
    ~~~~~~~~~~~~~~~~~~~~~~~~~~~~~~~~~~~~~~~~~~~~~~~~~~~~~~~~~~~~~~~~~~~~~~~~~~
    File  C:\RobotFramework\sap_testing\Tests\Resource\GRC_Roles_Export.robot:13
      Open Connection    ${symvar('GRC_Connection')}
      |  ${symvar('GRC_Connection')} = GRC (str)
______________________________________________________________________________
exporting roles from nSE16                                            | FAIL |
Parent suite setup failed:
com_error: (-2147352567, 'Exception occurred.', (614, 'saplogon', 'The enumerator of the collection cannot find an element with the specified index.', 'C:\\Program Files (x86)\\SAP\\FrontEnd\\SAPGUI\\saplogon.HLP', 393215, 0), None)
------------------------------------------------------------------------------
  
  Traceback (most recent call last):
    ~~~~~~~~~~~~~~~~~~~~~~~~~~~~~~~~~~~~~~~~~~~~~~~~~~~~~~~~~~~~~~~~~~~~~~~~~~
    File  C:\RobotFramework\sap_testing\Tests\Test_GRC_Roles_Export.robot:5
      System Logout    
    ~~~~~~~~~~~~~~~~~~~~~~~~~~~~~~~~~~~~~~~~~~~~~~~~~~~~~~~~~~~~~~~~~~~~~~~~~~
    File  C:\RobotFramework\sap_testing\Tests\Resource\GRC_Roles_Export.robot:22
      Run Transaction    /nex
______________________________________________________________________________
Tests.Test GRC Roles Export                                           | FAIL |
Suite setup failed:
com_error: (-2147352567, 'Exception occurred.', (614, 'saplogon', 'The enumerator of the collection cannot find an element with the specified index.', 'C:\\Program Files (x86)\\SAP\\FrontEnd\\SAPGUI\\saplogon.HLP', 393215, 0), None)

Also suite teardown failed:
AttributeError: 'int' object has no attribute 'findById'

1 test, 0 passed, 1 failed
==============================================================================
Tests :: Testing functionality through Robot Framework                | FAIL |
1 test, 0 passed, 1 failed
==============================================================================
Output:  C:\RobotFramework\sap_testing\Output\cee548e3-bd22-4c9d-be83-696b1ad73c33\pabot_results\0\Output.xml
