<?xml version="1.0" encoding="UTF-8"?>
<robot generator="Robot 6.0.2 (Python 3.12.3 on win32)" generated="20250120 11:07:02.122" rpa="false" schemaversion="3">
<suite id="s1" name="Tests" source="C:\SAP_Testing\SAPtesting\Tests">
<kw name="Setup highest level suite" type="SETUP">
<kw name="Set Variable" library="BuiltIn">
<var>${d.test_server}</var>
<arg>${test_server}</arg>
<doc>Returns the given values which can then be assigned to a variables.</doc>
<msg timestamp="20250120 11:07:02.982" level="INFO">${d.test_server} = Dev</msg>
<status status="PASS" starttime="20250120 11:07:02.982" endtime="20250120 11:07:02.982"/>
</kw>
<kw name="Reset screenshot count variable" library="Support">
<kw name="Set Variable" library="BuiltIn">
<var>${screenshotCount}</var>
<arg>${PABOTQUEUEINDEX}_1</arg>
<doc>Returns the given values which can then be assigned to a variables.</doc>
<msg timestamp="20250120 11:07:02.983" level="INFO">${screenshotCount} = 0_1</msg>
<status status="PASS" starttime="20250120 11:07:02.983" endtime="20250120 11:07:02.983"/>
</kw>
<kw name="Set Global Variable" library="BuiltIn">
<arg>${screenshotCount}</arg>
<doc>Makes a variable available globally in all tests and suites.</doc>
<msg timestamp="20250120 11:07:02.984" level="INFO">${screenshotCount} = 0_1</msg>
<status status="PASS" starttime="20250120 11:07:02.983" endtime="20250120 11:07:02.984"/>
</kw>
<kw name="Set up screenshot directory" library="Support">
<kw name="Create Directory" library="OperatingSystem">
<arg>${OUTPUTDIR}${/}${wvar('screenshot_dir')}</arg>
<doc>Creates the specified directory.</doc>
<msg timestamp="20250120 11:07:02.985" level="INFO">Web.Dev.screenshot_dir: Screenshot</msg>
<msg timestamp="20250120 11:07:02.987" level="INFO" html="true">Created directory '&lt;a href="file://C:\SAP_Testing\SAPtesting\Output\626e4f75-1365-4fb1-8f60-1ba694f6a6c5\pabot_results\0\Screenshot"&gt;C:\SAP_Testing\SAPtesting\Output\626e4f75-1365-4fb1-8f60-1ba694f6a6c5\pabot_results\0\Screenshot&lt;/a&gt;'.</msg>
<status status="PASS" starttime="20250120 11:07:02.984" endtime="20250120 11:07:02.987"/>
</kw>
<status status="PASS" starttime="20250120 11:07:02.984" endtime="20250120 11:07:02.987"/>
</kw>
<status status="PASS" starttime="20250120 11:07:02.982" endtime="20250120 11:07:02.987"/>
</kw>
<kw name="Set Global Variable" library="BuiltIn">
<arg>${screenshot_taking}</arg>
<arg>${True}</arg>
<doc>Makes a variable available globally in all tests and suites.</doc>
<msg timestamp="20250120 11:07:02.988" level="INFO">${screenshot_taking} = True</msg>
<status status="PASS" starttime="20250120 11:07:02.988" endtime="20250120 11:07:02.988"/>
</kw>
<kw name="Setup linux execution" library="Support">
<kw name="Run Keyword And Return Status" library="BuiltIn">
<var>${web_test_check}</var>
<arg>Variable Should Exist</arg>
<arg>${web_test}</arg>
<doc>Runs the given keyword with given arguments and returns the status as a Boolean value.</doc>
<kw name="Variable Should Exist" library="BuiltIn">
<arg>${web_test}</arg>
<doc>Fails unless the given variable exists within the current scope.</doc>
<status status="PASS" starttime="20250120 11:07:02.989" endtime="20250120 11:07:02.989"/>
</kw>
<msg timestamp="20250120 11:07:02.990" level="INFO">${web_test_check} = True</msg>
<status status="PASS" starttime="20250120 11:07:02.989" endtime="20250120 11:07:02.990"/>
</kw>
<kw name="Run Keyword If" library="BuiltIn">
<arg>${web_test_check}</arg>
<arg>Setup Docker Execution Options</arg>
<doc>Runs the given keyword with the given arguments, if ``condition`` is true.</doc>
<kw name="Setup Docker Execution Options" library="Support_Web">
<kw name="Setup Suite Metadata" library="Support_Web">
<arg>${browser}</arg>
<kw name="Get Browser Metadata" library="BrowserSupport">
<var>&amp;{browser_information}</var>
<arg>browser=${browser}</arg>
<doc>Fetches browser metadata information
:param browser: Name of the browser for which information is fetched
:param reload: Re-read the metadata based on the browser
:return: Browser metadata information, dict of format
            {"browser_version": browser version value,
             "driver_version": driver version value}</doc>
<msg timestamp="20250120 11:07:06.604" level="INFO">&amp;{browser_information} = { browser_version=132.0.6834.83 | driver_version=131.0.6778.204  }</msg>
<status status="PASS" starttime="20250120 11:07:02.990" endtime="20250120 11:07:06.604"/>
</kw>
<kw name="Set Suite Metadata" library="BuiltIn">
<arg>test_browser_name</arg>
<arg>${browser}</arg>
<doc>Sets metadata for the current test suite.</doc>
<msg timestamp="20250120 11:07:06.605" level="INFO">Set suite metadata 'test_browser_name' to value 'chrome'.</msg>
<status status="PASS" starttime="20250120 11:07:06.605" endtime="20250120 11:07:06.605"/>
</kw>
<kw name="Set Suite Metadata" library="BuiltIn">
<arg>test_browser_version</arg>
<arg>${browser_information.browser_version}</arg>
<doc>Sets metadata for the current test suite.</doc>
<msg timestamp="20250120 11:07:06.606" level="INFO">Set suite metadata 'test_browser_version' to value '132.0.6834.83'.</msg>
<status status="PASS" starttime="20250120 11:07:06.605" endtime="20250120 11:07:06.606"/>
</kw>
<kw name="Set Suite Metadata" library="BuiltIn">
<arg>test_driver_version</arg>
<arg>${browser_information.driver_version}</arg>
<doc>Sets metadata for the current test suite.</doc>
<msg timestamp="20250120 11:07:06.607" level="INFO">Set suite metadata 'test_driver_version' to value '131.0.6778.204 '.</msg>
<status status="PASS" starttime="20250120 11:07:06.606" endtime="20250120 11:07:06.607"/>
</kw>
<status status="PASS" starttime="20250120 11:07:02.990" endtime="20250120 11:07:06.607"/>
</kw>
<kw name="Setup Global Docker Execution Options" library="Support_Web">
<kw name="Set Global Variable" library="BuiltIn">
<arg>${global_browser_options}</arg>
<arg>None</arg>
<doc>Makes a variable available globally in all tests and suites.</doc>
<msg timestamp="20250120 11:07:06.607" level="INFO">${global_browser_options} = None</msg>
<status status="PASS" starttime="20250120 11:07:06.607" endtime="20250120 11:07:06.607"/>
</kw>
<kw name="Get Environment Variable" library="OperatingSystem">
<var>${docker_check}</var>
<arg>EXECUTION_ENVIRONMENT</arg>
<arg>not_found</arg>
<doc>Returns the value of an environment variable with the given name.</doc>
<msg timestamp="20250120 11:07:06.609" level="INFO">${docker_check} = not_found</msg>
<status status="PASS" starttime="20250120 11:07:06.607" endtime="20250120 11:07:06.609"/>
</kw>
<kw name="Run Keyword And Return If" library="BuiltIn">
<arg>"${docker_check}"!="docker"</arg>
<arg>Log</arg>
<arg>Not executing on Docker</arg>
<doc>Runs the specified keyword and returns from the enclosing user keyword.</doc>
<kw name="Log" library="BuiltIn">
<arg>Not executing on Docker</arg>
<doc>Logs the given message with the given level.</doc>
<msg timestamp="20250120 11:07:06.609" level="INFO">Not executing on Docker</msg>
<status status="PASS" starttime="20250120 11:07:06.609" endtime="20250120 11:07:06.609"/>
</kw>
<msg timestamp="20250120 11:07:06.609" level="INFO">Returning from the enclosing user keyword.</msg>
<status status="PASS" starttime="20250120 11:07:06.609" endtime="20250120 11:07:06.609"/>
</kw>
<kw name="Create List" library="BuiltIn">
<var>@{options}</var>
<arg>--headless</arg>
<arg>--no-sandbox</arg>
<arg>--disable-dev-shm-usage</arg>
<doc>Returns a list containing given items.</doc>
<status status="NOT RUN" starttime="20250120 11:07:06.609" endtime="20250120 11:07:06.610"/>
</kw>
<kw name="Set Global Variable" library="BuiltIn">
<arg>@{docker_options}</arg>
<arg>@{options}</arg>
<doc>Makes a variable available globally in all tests and suites.</doc>
<status status="NOT RUN" starttime="20250120 11:07:06.610" endtime="20250120 11:07:06.610"/>
</kw>
<status status="PASS" starttime="20250120 11:07:06.607" endtime="20250120 11:07:06.610"/>
</kw>
<kw name="Create Webdriver for chrome preferences" library="Support_Web">
<kw name="Update Docker Execution Options" library="Support_Web">
<var>${list_prefs}</var>
<arg>${list_prefs}</arg>
<kw name="Run Keyword And Return Status" library="BuiltIn">
<var>${docker_check}</var>
<arg>Variable Should Exist</arg>
<arg>${docker_options}</arg>
<doc>Runs the given keyword with given arguments and returns the status as a Boolean value.</doc>
<kw name="Variable Should Exist" library="BuiltIn">
<arg>${docker_options}</arg>
<doc>Fails unless the given variable exists within the current scope.</doc>
<msg timestamp="20250120 11:07:06.613" level="FAIL">Variable '${docker_options}' does not exist.</msg>
<status status="FAIL" starttime="20250120 11:07:06.612" endtime="20250120 11:07:06.614"/>
</kw>
<msg timestamp="20250120 11:07:06.614" level="INFO">${docker_check} = False</msg>
<status status="PASS" starttime="20250120 11:07:06.611" endtime="20250120 11:07:06.614"/>
</kw>
<kw name="Get Length" library="BuiltIn">
<var>${list_prefs_length}</var>
<arg>${list_prefs}</arg>
<doc>Returns and logs the length of the given item as an integer.</doc>
<msg timestamp="20250120 11:07:06.614" level="INFO">Length is 1</msg>
<msg timestamp="20250120 11:07:06.614" level="INFO">${list_prefs_length} = 1</msg>
<status status="PASS" starttime="20250120 11:07:06.614" endtime="20250120 11:07:06.614"/>
</kw>
<kw name="Run Keyword If" library="BuiltIn">
<var>${list_prefs}</var>
<arg>${docker_check} and ${list_prefs_length}&gt;0 and ${list_prefs}[0] != []</arg>
<arg>Combine Lists</arg>
<arg>${list_prefs}</arg>
<arg>${docker_options}</arg>
<arg>ELSE IF</arg>
<arg>${docker_check}</arg>
<arg>Set Variable</arg>
<arg>${docker_options}</arg>
<arg>ELSE</arg>
<arg>Set Variable</arg>
<arg>${list_prefs}</arg>
<doc>Runs the given keyword with the given arguments, if ``condition`` is true.</doc>
<kw name="Set Variable" library="BuiltIn">
<arg>${list_prefs}</arg>
<doc>Returns the given values which can then be assigned to a variables.</doc>
<status status="PASS" starttime="20250120 11:07:06.615" endtime="20250120 11:07:06.615"/>
</kw>
<msg timestamp="20250120 11:07:06.615" level="INFO">${list_prefs} = [[]]</msg>
<status status="PASS" starttime="20250120 11:07:06.614" endtime="20250120 11:07:06.615"/>
</kw>
<msg timestamp="20250120 11:07:06.615" level="INFO">${list_prefs} = [[]]</msg>
<status status="PASS" starttime="20250120 11:07:06.611" endtime="20250120 11:07:06.615"/>
</kw>
<kw name="Create Chrome Options for download preferences" library="Support_Web">
<var>${chrome_options}</var>
<kw name="Evaluate" library="BuiltIn">
<var>${chrome_options}</var>
<arg>sys.modules['selenium.webdriver'].ChromeOptions()</arg>
<arg>sys</arg>
<doc>Evaluates the given expression in Python and returns the result.</doc>
<msg timestamp="20250120 11:07:06.616" level="INFO">${chrome_options} = &lt;selenium.webdriver.chrome.options.Options object at 0x000001CFBC9DAAE0&gt;</msg>
<status status="PASS" starttime="20250120 11:07:06.616" endtime="20250120 11:07:06.616"/>
</kw>
<msg timestamp="20250120 11:07:06.616" level="INFO">${chrome_options} = &lt;selenium.webdriver.chrome.options.Options object at 0x000001CFBC9DAAE0&gt;</msg>
<status status="PASS" starttime="20250120 11:07:06.616" endtime="20250120 11:07:06.616"/>
</kw>
<kw name="Update Preferences List" library="Support_Web">
<arg>${chrome_options}</arg>
<arg>@{list_prefs}</arg>
<kw name="Convert To String" library="BuiltIn">
<var>${string_prefs}</var>
<arg>${list_prefs}</arg>
<doc>Converts the given item to a Unicode string.</doc>
<msg timestamp="20250120 11:07:06.617" level="INFO">${string_prefs} = [[]]</msg>
<status status="PASS" starttime="20250120 11:07:06.617" endtime="20250120 11:07:06.617"/>
</kw>
<kw name="Return From Keyword If" library="BuiltIn">
<arg>${string_prefs} == [[]]</arg>
<doc>Returns from the enclosing user keyword if ``condition`` is true.</doc>
<msg timestamp="20250120 11:07:06.618" level="INFO">Returning from the enclosing user keyword.</msg>
<status status="PASS" starttime="20250120 11:07:06.617" endtime="20250120 11:07:06.618"/>
</kw>
<for flavor="IN">
<var>${preference}</var>
<value>@{list_prefs}</value>
<iter>
<var name="${preference}"/>
<kw name="Call Method" library="BuiltIn">
<arg>${chrome_options}</arg>
<arg>add_argument</arg>
<arg>${preference}</arg>
<doc>Calls the named method of the given object with the provided arguments.</doc>
<status status="NOT RUN" starttime="20250120 11:07:06.619" endtime="20250120 11:07:06.619"/>
</kw>
<status status="NOT RUN" starttime="20250120 11:07:06.619" endtime="20250120 11:07:06.619"/>
</iter>
<status status="NOT RUN" starttime="20250120 11:07:06.619" endtime="20250120 11:07:06.619"/>
</for>
<status status="PASS" starttime="20250120 11:07:06.616" endtime="20250120 11:07:06.620"/>
</kw>
<kw name="Call Method" library="BuiltIn">
<arg>${chrome_options}</arg>
<arg>add_experimental_option</arg>
<arg>prefs</arg>
<arg>${kw_prefs}</arg>
<doc>Calls the named method of the given object with the provided arguments.</doc>
<status status="PASS" starttime="20250120 11:07:06.620" endtime="20250120 11:07:06.620"/>
</kw>
<kw name="Set Global Variable" library="BuiltIn">
<arg>${global_browser_options}</arg>
<arg>${chrome options}</arg>
<doc>Makes a variable available globally in all tests and suites.</doc>
<msg timestamp="20250120 11:07:06.620" level="INFO">${global_browser_options} = &lt;selenium.webdriver.chrome.options.Options object at 0x000001CFBC9DAAE0&gt;</msg>
<status status="PASS" starttime="20250120 11:07:06.620" endtime="20250120 11:07:06.620"/>
</kw>
<status status="PASS" starttime="20250120 11:07:06.610" endtime="20250120 11:07:06.620"/>
</kw>
<status status="PASS" starttime="20250120 11:07:02.990" endtime="20250120 11:07:06.623"/>
</kw>
<status status="PASS" starttime="20250120 11:07:02.990" endtime="20250120 11:07:06.623"/>
</kw>
<status status="PASS" starttime="20250120 11:07:02.988" endtime="20250120 11:07:06.623"/>
</kw>
<kw name="Set Suite Metadata" library="BuiltIn">
<arg>environment</arg>
<arg>${test_server}</arg>
<doc>Sets metadata for the current test suite.</doc>
<msg timestamp="20250120 11:07:06.623" level="INFO">Set suite metadata 'environment' to value 'Dev'.</msg>
<status status="PASS" starttime="20250120 11:07:06.623" endtime="20250120 11:07:06.623"/>
</kw>
<status status="PASS" starttime="20250120 11:07:02.981" endtime="20250120 11:07:06.623"/>
</kw>
<suite id="s1-s1" name="Test VA45" source="C:\SAP_Testing\SAPtesting\Tests\Test_VA45.robot">
<test id="s1-s1-t1" name="Display the rental documents" line="9">
<kw name="System Logon" library="VA45">
<kw name="Start Process" library="Process">
<arg>${symvar('SAP_SERVER')}</arg>
<doc>Starts a new process on background.</doc>
<msg timestamp="20250120 11:07:07.440" level="INFO">Sym.Dev.SAP_SERVER: C:\Program Files (x86)\SAP\FrontEnd\SAPgui\saplogon.exe</msg>
<msg timestamp="20250120 11:07:07.440" level="INFO">Starting process:
"C:\Program Files (x86)\SAP\FrontEnd\SAPgui\saplogon.exe"</msg>
<status status="PASS" starttime="20250120 11:07:07.439" endtime="20250120 11:07:07.443"/>
</kw>
<kw name="Connect To Session" library="SAP_Tcode_Library">
<doc>Connects to an open session SAP.</doc>
<status status="PASS" starttime="20250120 11:07:07.443" endtime="20250120 11:07:07.462"/>
</kw>
<kw name="Open Connection" library="SAP_Tcode_Library">
<arg>${symvar('Rental_Connection')}</arg>
<doc>Opens a connection to the given connection name. Be sure to provide the full connection name, including the bracket part.</doc>
<msg timestamp="20250120 11:07:07.463" level="INFO">Sym.Dev.Rental_Connection: TS4</msg>
<status status="PASS" starttime="20250120 11:07:07.463" endtime="20250120 11:07:07.877"/>
</kw>
<kw name="Input Text" library="SAP_Tcode_Library">
<arg>wnd[0]/usr/txtRSYST-MANDT</arg>
<arg>${symvar('Rental_Client')}</arg>
<doc>Inserts the given text into the text field identified by locator.
Use keyword `input password` to insert a password in a text field.</doc>
<msg timestamp="20250120 11:07:07.877" level="INFO">Sym.Dev.Rental_Client: 001</msg>
<msg timestamp="20250120 11:07:07.924" level="INFO">Typing text '001' into text field 'wnd[0]/usr/txtRSYST-MANDT'.</msg>
<status status="PASS" starttime="20250120 11:07:07.877" endtime="20250120 11:07:07.924"/>
</kw>
<kw name="Input Text" library="SAP_Tcode_Library">
<arg>wnd[0]/usr/txtRSYST-BNAME</arg>
<arg>${symvar('Rental_User')}</arg>
<doc>Inserts the given text into the text field identified by locator.
Use keyword `input password` to insert a password in a text field.</doc>
<msg timestamp="20250120 11:07:07.924" level="INFO">Sym.Dev.Rental_User: EIDTEST</msg>
<msg timestamp="20250120 11:07:07.940" level="INFO">Typing text 'EIDTEST' into text field 'wnd[0]/usr/txtRSYST-BNAME'.</msg>
<status status="PASS" starttime="20250120 11:07:07.924" endtime="20250120 11:07:07.940"/>
</kw>
<kw name="Input Password" library="SAP_Tcode_Library">
<arg>wnd[0]/usr/pwdRSYST-BCODE</arg>
<arg>%{RENTAL_PASSWORD}</arg>
<doc>Inserts the given password into the text field identified by locator.
The password is not recorded in the log.</doc>
<msg timestamp="20250120 11:07:07.940" level="INFO">Typing password into text field 'wnd[0]/usr/pwdRSYST-BCODE'.</msg>
<status status="PASS" starttime="20250120 11:07:07.940" endtime="20250120 11:07:07.940"/>
</kw>
<kw name="Send Vkey" library="SAP_Tcode_Library">
<arg>0</arg>
<doc>Sends a SAP virtual key combination to the window, not into an element.
If you want to send a value to a text field, use `input text` instead.</doc>
<status status="PASS" starttime="20250120 11:07:07.940" endtime="20250120 11:07:08.560"/>
</kw>
<kw name="Multiple Logon Handling" library="SAP_Tcode_Library">
<var>${logon_status}</var>
<arg>wnd[1]</arg>
<msg timestamp="20250120 11:07:08.568" level="INFO">Error: (-2147352567, 'Exception occurred.', (619, 'SAP Frontend Server', 'The control could not be found by id.', 'C:\\Program Files (x86)\\SAP\\FrontEnd\\SAPgui\\sapfront.HLP', 393215, 0), None)</msg>
<msg timestamp="20250120 11:07:08.568" level="INFO">${logon_status} = None</msg>
<status status="PASS" starttime="20250120 11:07:08.560" endtime="20250120 11:07:08.568"/>
</kw>
<if>
<branch type="IF" condition="'${logon_status}' == &quot;Multiple logon found. Please terminate all the logon &amp; proceed&quot;">
<kw name="Log To Console" library="BuiltIn">
<arg>**gbStart**Sales_Document_status**splitKeyValue**${logon_status}**gbEnd**</arg>
<doc>Logs the given message to the console.</doc>
<status status="NOT RUN" starttime="20250120 11:07:08.569" endtime="20250120 11:07:08.569"/>
</kw>
<status status="NOT RUN" starttime="20250120 11:07:08.568" endtime="20250120 11:07:08.569"/>
</branch>
<branch type="ELSE">
<kw name="Rental Document" library="VA45">
<kw name="Get Value" library="SAP_Tcode_Library">
<var>${title}</var>
<arg>wnd[0]/sbar/pane[0]</arg>
<doc>Gets the value of the given element. The possible return values depend on the type of element (see Return values).</doc>
<msg timestamp="20250120 11:07:08.576" level="INFO">${title} = </msg>
<status status="PASS" starttime="20250120 11:07:08.570" endtime="20250120 11:07:08.576"/>
</kw>
<if>
<branch type="IF" condition="'${title}' == 'Name or password is incorrect (repeat logon)'">
<kw name="Log To Console" library="BuiltIn">
<arg>**gbStart**password_status**splitKeyValue**${title}**gbEnd**</arg>
<doc>Logs the given message to the console.</doc>
<status status="NOT RUN" starttime="20250120 11:07:08.577" endtime="20250120 11:07:08.577"/>
</kw>
<status status="NOT RUN" starttime="20250120 11:07:08.577" endtime="20250120 11:07:08.577"/>
</branch>
<branch type="ELSE">
<kw name="Get First Date Of Month" library="SAP_Tcode_Library">
<var>${start_date1}</var>
<arg>${symvar('month_json')}</arg>
<msg timestamp="20250120 11:07:08.578" level="INFO">Sym.Dev.month_json: [{'Month': 'November', 'Year': '2024'}]</msg>
<msg timestamp="20250120 11:07:08.579" level="INFO">${start_date1} = 2024.11.01</msg>
<status status="PASS" starttime="20250120 11:07:08.577" endtime="20250120 11:07:08.579"/>
</kw>
<kw name="Convert Date Format" library="SAP_Tcode_Library">
<var>${start_date}</var>
<arg>${start_date1}</arg>
<msg timestamp="20250120 11:07:08.580" level="INFO">${start_date} = 01.11.2024</msg>
<status status="PASS" starttime="20250120 11:07:08.579" endtime="20250120 11:07:08.580"/>
</kw>
<kw name="Get Last Date Of Month" library="SAP_Tcode_Library">
<var>${end_date1}</var>
<arg>${symvar('month_json')}</arg>
<msg timestamp="20250120 11:07:08.581" level="INFO">Sym.Dev.month_json: [{'Month': 'November', 'Year': '2024'}]</msg>
<msg timestamp="20250120 11:07:08.581" level="INFO">${end_date1} = 2024.11.30</msg>
<status status="PASS" starttime="20250120 11:07:08.580" endtime="20250120 11:07:08.581"/>
</kw>
<kw name="Convert Date Format" library="SAP_Tcode_Library">
<var>${end_date}</var>
<arg>${end_date1}</arg>
<msg timestamp="20250120 11:07:08.582" level="INFO">${end_date} = 30.11.2024</msg>
<status status="PASS" starttime="20250120 11:07:08.581" endtime="20250120 11:07:08.582"/>
</kw>
<kw name="Run Transaction" library="SAP_Tcode_Library">
<arg>/nVA45</arg>
<doc>Runs a Sap transaction. An error is given when an unknown transaction is specified.</doc>
<status status="PASS" starttime="20250120 11:07:08.582" endtime="20250120 11:07:08.749"/>
</kw>
<kw name="Sleep" library="BuiltIn">
<arg>1</arg>
<doc>Pauses the test executed for the given time.</doc>
<msg timestamp="20250120 11:07:09.749" level="INFO">Slept 1 second</msg>
<status status="PASS" starttime="20250120 11:07:08.749" endtime="20250120 11:07:09.749"/>
</kw>
<kw name="Input Text" library="SAP_Tcode_Library">
<arg>wnd[0]/usr/ctxtSAUART-LOW</arg>
<arg>ZMV</arg>
<doc>Inserts the given text into the text field identified by locator.
Use keyword `input password` to insert a password in a text field.</doc>
<msg timestamp="20250120 11:07:09.770" level="INFO">Typing text 'ZMV' into text field 'wnd[0]/usr/ctxtSAUART-LOW'.</msg>
<status status="PASS" starttime="20250120 11:07:09.749" endtime="20250120 11:07:09.770"/>
</kw>
<kw name="Input Text" library="SAP_Tcode_Library">
<arg>wnd[0]/usr/ctxtSVALID-LOW</arg>
<arg>${start_date}</arg>
<doc>Inserts the given text into the text field identified by locator.
Use keyword `input password` to insert a password in a text field.</doc>
<msg timestamp="20250120 11:07:09.799" level="INFO">Typing text '01.11.2024' into text field 'wnd[0]/usr/ctxtSVALID-LOW'.</msg>
<status status="PASS" starttime="20250120 11:07:09.771" endtime="20250120 11:07:09.799"/>
</kw>
<kw name="Input Text" library="SAP_Tcode_Library">
<arg>wnd[0]/usr/ctxtSVALID-HIGH</arg>
<arg>${end_date}</arg>
<doc>Inserts the given text into the text field identified by locator.
Use keyword `input password` to insert a password in a text field.</doc>
<msg timestamp="20250120 11:07:09.825" level="INFO">Typing text '30.11.2024' into text field 'wnd[0]/usr/ctxtSVALID-HIGH'.</msg>
<status status="PASS" starttime="20250120 11:07:09.799" endtime="20250120 11:07:09.826"/>
</kw>
<kw name="Select Radio Button" library="SAP_Tcode_Library">
<arg>wnd[0]/usr/radPVBOFF</arg>
<doc>Sets radio button to the specified value.</doc>
<status status="PASS" starttime="20250120 11:07:09.826" endtime="20250120 11:07:09.860"/>
</kw>
<kw name="Click Element" library="SAP_Tcode_Library">
<arg>wnd[0]/tbar[1]/btn[8]</arg>
<doc>Performs a single click on a given element. Used only for buttons, tabs and menu items.</doc>
<status status="PASS" starttime="20250120 11:07:09.860" endtime="20250120 11:07:10.285"/>
</kw>
<kw name="Click Element" library="SAP_Tcode_Library">
<arg>wnd[0]/tbar[1]/btn[33]</arg>
<doc>Performs a single click on a given element. Used only for buttons, tabs and menu items.</doc>
<status status="PASS" starttime="20250120 11:07:10.285" endtime="20250120 11:07:10.544"/>
</kw>
<kw name="Get Row Count" library="SAP_Tcode_Library">
<var>${range}</var>
<arg>table_id=wnd[1]/usr/subSUB_CONFIGURATION:SAPLSALV_CUL_LAYOUT_CHOOSE:0500/cntlD500_CONTAINER/shellcont/shell</arg>
<doc>Returns the number of rows found in the specified table.</doc>
<msg timestamp="20250120 11:07:10.601" level="INFO">${range} = 2</msg>
<status status="PASS" starttime="20250120 11:07:10.545" endtime="20250120 11:07:10.601"/>
</kw>
<kw name="Get Length" library="BuiltIn">
<var>${text}</var>
<arg>item=${symvar('Layout')}</arg>
<doc>Returns and logs the length of the given item as an integer.</doc>
<msg timestamp="20250120 11:07:10.603" level="INFO">Sym.Dev.Layout: ['Contracts - Header']</msg>
<msg timestamp="20250120 11:07:10.603" level="INFO">Length is 1</msg>
<msg timestamp="20250120 11:07:10.603" level="INFO">${text} = 1</msg>
<status status="PASS" starttime="20250120 11:07:10.602" endtime="20250120 11:07:10.603"/>
</kw>
<for flavor="IN RANGE">
<var>${i}</var>
<value>0</value>
<value>${text}</value>
<iter>
<var name="${i}">0</var>
<kw name="Set Variable" library="BuiltIn">
<var>${value}</var>
<arg>${symvar('Layout')}[${i}]</arg>
<doc>Returns the given values which can then be assigned to a variables.</doc>
<msg timestamp="20250120 11:07:10.604" level="INFO">Sym.Dev.Layout: ['Contracts - Header']</msg>
<msg timestamp="20250120 11:07:10.604" level="INFO">${value} = Contracts - Header</msg>
<status status="PASS" starttime="20250120 11:07:10.603" endtime="20250120 11:07:10.604"/>
</kw>
<for flavor="IN RANGE">
<var>${lp}</var>
<value>0</value>
<value>${range}</value>
<iter>
<var name="${lp}">0</var>
<kw name="Get Sap Table Value" library="SAP_Tcode_Library">
<var>${one}</var>
<arg>table_id=wnd[1]/usr/subSUB_CONFIGURATION:SAPLSALV_CUL_LAYOUT_CHOOSE:0500/cntlD500_CONTAINER/shellcont/shell</arg>
<arg>row_num=${lp}</arg>
<arg>column_id=TEXT</arg>
<msg timestamp="20250120 11:07:10.619" level="INFO">${one} = Contracts - Header</msg>
<status status="PASS" starttime="20250120 11:07:10.604" endtime="20250120 11:07:10.619"/>
</kw>
<if>
<branch type="IF" condition="'${value}' == '${one}'">
<kw name="Select Layout Two" library="SAP_Tcode_Library">
<arg>table_id=wnd[1]/usr/subSUB_CONFIGURATION:SAPLSALV_CUL_LAYOUT_CHOOSE:0500/cntlD500_CONTAINER/shellcont/shell</arg>
<arg>row_num=${lp}</arg>
<arg>column_id=TEXT</arg>
<status status="PASS" starttime="20250120 11:07:10.620" endtime="20250120 11:07:10.859"/>
</kw>
<status status="PASS" starttime="20250120 11:07:10.619" endtime="20250120 11:07:10.859"/>
</branch>
<status status="PASS" starttime="20250120 11:07:10.619" endtime="20250120 11:07:10.859"/>
</if>
<status status="PASS" starttime="20250120 11:07:10.604" endtime="20250120 11:07:10.859"/>
</iter>
<iter>
<var name="${lp}">1</var>
<kw name="Get Sap Table Value" library="SAP_Tcode_Library">
<var>${one}</var>
<arg>table_id=wnd[1]/usr/subSUB_CONFIGURATION:SAPLSALV_CUL_LAYOUT_CHOOSE:0500/cntlD500_CONTAINER/shellcont/shell</arg>
<arg>row_num=${lp}</arg>
<arg>column_id=TEXT</arg>
<msg timestamp="20250120 11:07:10.890" level="INFO">${one} = FAIL</msg>
<status status="PASS" starttime="20250120 11:07:10.859" endtime="20250120 11:07:10.890"/>
</kw>
<if>
<branch type="IF" condition="'${value}' == '${one}'">
<kw name="Select Layout Two" library="SAP_Tcode_Library">
<arg>table_id=wnd[1]/usr/subSUB_CONFIGURATION:SAPLSALV_CUL_LAYOUT_CHOOSE:0500/cntlD500_CONTAINER/shellcont/shell</arg>
<arg>row_num=${lp}</arg>
<arg>column_id=TEXT</arg>
<status status="NOT RUN" starttime="20250120 11:07:10.890" endtime="20250120 11:07:10.890"/>
</kw>
<status status="NOT RUN" starttime="20250120 11:07:10.890" endtime="20250120 11:07:10.890"/>
</branch>
<status status="PASS" starttime="20250120 11:07:10.890" endtime="20250120 11:07:10.890"/>
</if>
<status status="PASS" starttime="20250120 11:07:10.859" endtime="20250120 11:07:10.890"/>
</iter>
<status status="PASS" starttime="20250120 11:07:10.604" endtime="20250120 11:07:10.890"/>
</for>
<status status="PASS" starttime="20250120 11:07:10.603" endtime="20250120 11:07:10.890"/>
</iter>
<status status="PASS" starttime="20250120 11:07:10.603" endtime="20250120 11:07:10.890"/>
</for>
<kw name="Sleep" library="BuiltIn">
<arg>1</arg>
<doc>Pauses the test executed for the given time.</doc>
<msg timestamp="20250120 11:07:11.890" level="INFO">Slept 1 second</msg>
<status status="PASS" starttime="20250120 11:07:10.890" endtime="20250120 11:07:11.890"/>
</kw>
<kw name="Get Length" library="BuiltIn">
<var>${lop}</var>
<arg>${symvar('search_terms')}</arg>
<doc>Returns and logs the length of the given item as an integer.</doc>
<msg timestamp="20250120 11:07:11.890" level="INFO">Sym.Dev.search_terms: ['Sold-To Party Name', 'Billing Block Description']</msg>
<msg timestamp="20250120 11:07:11.890" level="INFO">Length is 2</msg>
<msg timestamp="20250120 11:07:11.890" level="INFO">${lop} = 2</msg>
<status status="PASS" starttime="20250120 11:07:11.890" endtime="20250120 11:07:11.890"/>
</kw>
<for flavor="IN RANGE">
<var>${row_index}</var>
<value>0</value>
<value>${lop}</value>
<iter>
<var name="${row_index}">0</var>
<kw name="Set Variable" library="BuiltIn">
<var>${first_data}</var>
<arg>${symvar('search_terms')}[${row_index}]</arg>
<doc>Returns the given values which can then be assigned to a variables.</doc>
<msg timestamp="20250120 11:07:11.890" level="INFO">Sym.Dev.search_terms: ['Sold-To Party Name', 'Billing Block Description']</msg>
<msg timestamp="20250120 11:07:11.890" level="INFO">${first_data} = Sold-To Party Name</msg>
<status status="PASS" starttime="20250120 11:07:11.890" endtime="20250120 11:07:11.890"/>
</kw>
<kw name="Click Element" library="SAP_Tcode_Library">
<arg>wnd[0]/tbar[1]/btn[32]</arg>
<doc>Performs a single click on a given element. Used only for buttons, tabs and menu items.</doc>
<status status="PASS" starttime="20250120 11:07:11.890" endtime="20250120 11:07:12.260"/>
</kw>
<kw name="Get Row Count" library="SAP_Tcode_Library">
<var>${row_count_one}</var>
<arg>wnd[1]/usr/tabsG_TS_ALV/tabpALV_M_R1/ssubSUB_CONFIGURATION:SAPLSALV_CUL_COLUMN_SELECTION:0620/cntlCONTAINER1_LAYO/shellcont/shell</arg>
<doc>Returns the number of rows found in the specified table.</doc>
<msg timestamp="20250120 11:07:12.330" level="INFO">${row_count_one} = 90</msg>
<status status="PASS" starttime="20250120 11:07:12.261" endtime="20250120 11:07:12.330"/>
</kw>
<for flavor="IN RANGE">
<var>${ya}</var>
<value>0</value>
<value>${row_count_one}</value>
<iter>
<var name="${ya}">0</var>
<kw name="Get Sap Table Value" library="SAP_Tcode_Library">
<var>${log}</var>
<arg>wnd[1]/usr/tabsG_TS_ALV/tabpALV_M_R1/ssubSUB_CONFIGURATION:SAPLSALV_CUL_COLUMN_SELECTION:0620/cntlCONTAINER1_LAYO/shellcont/shell</arg>
<arg>row_num=${ya}</arg>
<arg>column_id=SELTEXT</arg>
<msg timestamp="20250120 11:07:12.332" level="INFO">${log} = Customer Reference</msg>
<status status="PASS" starttime="20250120 11:07:12.331" endtime="20250120 11:07:12.332"/>
</kw>
<if>
<branch type="IF" condition="'${first_data}' == '${log}'">
<kw name="Matching_Row" library="VA45">
<arg>${row_index}</arg>
<arg>${log}</arg>
<status status="NOT RUN" starttime="20250120 11:07:12.332" endtime="20250120 11:07:12.332"/>
</kw>
<kw name="Evaluate" library="BuiltIn">
<var>${ya}</var>
<arg>${row_count_one} - 1</arg>
<doc>Evaluates the given expression in Python and returns the result.</doc>
<status status="NOT RUN" starttime="20250120 11:07:12.348" endtime="20250120 11:07:12.348"/>
</kw>
<status status="NOT RUN" starttime="20250120 11:07:12.332" endtime="20250120 11:07:12.348"/>
</branch>
<status status="PASS" starttime="20250120 11:07:12.332" endtime="20250120 11:07:12.348"/>
</if>
<status status="PASS" starttime="20250120 11:07:12.330" endtime="20250120 11:07:12.348"/>
</iter>
<iter>
<var name="${ya}">1</var>
<kw name="Get Sap Table Value" library="SAP_Tcode_Library">
<var>${log}</var>
<arg>wnd[1]/usr/tabsG_TS_ALV/tabpALV_M_R1/ssubSUB_CONFIGURATION:SAPLSALV_CUL_COLUMN_SELECTION:0620/cntlCONTAINER1_LAYO/shellcont/shell</arg>
<arg>row_num=${ya}</arg>
<arg>column_id=SELTEXT</arg>
<msg timestamp="20250120 11:07:12.364" level="INFO">${log} = Order Reason</msg>
<status status="PASS" starttime="20250120 11:07:12.348" endtime="20250120 11:07:12.364"/>
</kw>
<if>
<branch type="IF" condition="'${first_data}' == '${log}'">
<kw name="Matching_Row" library="VA45">
<arg>${row_index}</arg>
<arg>${log}</arg>
<status status="NOT RUN" starttime="20250120 11:07:12.365" endtime="20250120 11:07:12.365"/>
</kw>
<kw name="Evaluate" library="BuiltIn">
<var>${ya}</var>
<arg>${row_count_one} - 1</arg>
<doc>Evaluates the given expression in Python and returns the result.</doc>
<status status="NOT RUN" starttime="20250120 11:07:12.365" endtime="20250120 11:07:12.365"/>
</kw>
<status status="NOT RUN" starttime="20250120 11:07:12.364" endtime="20250120 11:07:12.365"/>
</branch>
<status status="PASS" starttime="20250120 11:07:12.364" endtime="20250120 11:07:12.365"/>
</if>
<status status="PASS" starttime="20250120 11:07:12.348" endtime="20250120 11:07:12.365"/>
</iter>
<iter>
<var name="${ya}">2</var>
<kw name="Get Sap Table Value" library="SAP_Tcode_Library">
<var>${log}</var>
<arg>wnd[1]/usr/tabsG_TS_ALV/tabpALV_M_R1/ssubSUB_CONFIGURATION:SAPLSALV_CUL_COLUMN_SELECTION:0620/cntlCONTAINER1_LAYO/shellcont/shell</arg>
<arg>row_num=${ya}</arg>
<arg>column_id=SELTEXT</arg>
<msg timestamp="20250120 11:07:12.377" level="INFO">${log} = Created On</msg>
<status status="PASS" starttime="20250120 11:07:12.366" endtime="20250120 11:07:12.377"/>
</kw>
<if>
<branch type="IF" condition="'${first_data}' == '${log}'">
<kw name="Matching_Row" library="VA45">
<arg>${row_index}</arg>
<arg>${log}</arg>
<status status="NOT RUN" starttime="20250120 11:07:12.378" endtime="20250120 11:07:12.378"/>
</kw>
<kw name="Evaluate" library="BuiltIn">
<var>${ya}</var>
<arg>${row_count_one} - 1</arg>
<doc>Evaluates the given expression in Python and returns the result.</doc>
<status status="NOT RUN" starttime="20250120 11:07:12.378" endtime="20250120 11:07:12.378"/>
</kw>
<status status="NOT RUN" starttime="20250120 11:07:12.378" endtime="20250120 11:07:12.378"/>
</branch>
<status status="PASS" starttime="20250120 11:07:12.378" endtime="20250120 11:07:12.378"/>
</if>
<status status="PASS" starttime="20250120 11:07:12.365" endtime="20250120 11:07:12.378"/>
</iter>
<iter>
<var name="${ya}">3</var>
<kw name="Get Sap Table Value" library="SAP_Tcode_Library">
<var>${log}</var>
<arg>wnd[1]/usr/tabsG_TS_ALV/tabpALV_M_R1/ssubSUB_CONFIGURATION:SAPLSALV_CUL_COLUMN_SELECTION:0620/cntlCONTAINER1_LAYO/shellcont/shell</arg>
<arg>row_num=${ya}</arg>
<arg>column_id=SELTEXT</arg>
<msg timestamp="20250120 11:07:12.396" level="INFO">${log} = Time</msg>
<status status="PASS" starttime="20250120 11:07:12.379" endtime="20250120 11:07:12.396"/>
</kw>
<if>
<branch type="IF" condition="'${first_data}' == '${log}'">
<kw name="Matching_Row" library="VA45">
<arg>${row_index}</arg>
<arg>${log}</arg>
<status status="NOT RUN" starttime="20250120 11:07:12.397" endtime="20250120 11:07:12.397"/>
</kw>
<kw name="Evaluate" library="BuiltIn">
<var>${ya}</var>
<arg>${row_count_one} - 1</arg>
<doc>Evaluates the given expression in Python and returns the result.</doc>
<status status="NOT RUN" starttime="20250120 11:07:12.397" endtime="20250120 11:07:12.397"/>
</kw>
<status status="NOT RUN" starttime="20250120 11:07:12.396" endtime="20250120 11:07:12.397"/>
</branch>
<status status="PASS" starttime="20250120 11:07:12.396" endtime="20250120 11:07:12.397"/>
</if>
<status status="PASS" starttime="20250120 11:07:12.379" endtime="20250120 11:07:12.397"/>
</iter>
<iter>
<var name="${ya}">4</var>
<kw name="Get Sap Table Value" library="SAP_Tcode_Library">
<var>${log}</var>
<arg>wnd[1]/usr/tabsG_TS_ALV/tabpALV_M_R1/ssubSUB_CONFIGURATION:SAPLSALV_CUL_COLUMN_SELECTION:0620/cntlCONTAINER1_LAYO/shellcont/shell</arg>
<arg>row_num=${ya}</arg>
<arg>column_id=SELTEXT</arg>
<msg timestamp="20250120 11:07:12.431" level="INFO">${log} = Billing Block</msg>
<status status="PASS" starttime="20250120 11:07:12.398" endtime="20250120 11:07:12.431"/>
</kw>
<if>
<branch type="IF" condition="'${first_data}' == '${log}'">
<kw name="Matching_Row" library="VA45">
<arg>${row_index}</arg>
<arg>${log}</arg>
<status status="NOT RUN" starttime="20250120 11:07:12.432" endtime="20250120 11:07:12.432"/>
</kw>
<kw name="Evaluate" library="BuiltIn">
<var>${ya}</var>
<arg>${row_count_one} - 1</arg>
<doc>Evaluates the given expression in Python and returns the result.</doc>
<status status="NOT RUN" starttime="20250120 11:07:12.432" endtime="20250120 11:07:12.432"/>
</kw>
<status status="NOT RUN" starttime="20250120 11:07:12.432" endtime="20250120 11:07:12.432"/>
</branch>
<status status="PASS" starttime="20250120 11:07:12.431" endtime="20250120 11:07:12.432"/>
</if>
<status status="PASS" starttime="20250120 11:07:12.397" endtime="20250120 11:07:12.432"/>
</iter>
<iter>
<var name="${ya}">5</var>
<kw name="Get Sap Table Value" library="SAP_Tcode_Library">
<var>${log}</var>
<arg>wnd[1]/usr/tabsG_TS_ALV/tabpALV_M_R1/ssubSUB_CONFIGURATION:SAPLSALV_CUL_COLUMN_SELECTION:0620/cntlCONTAINER1_LAYO/shellcont/shell</arg>
<arg>row_num=${ya}</arg>
<arg>column_id=SELTEXT</arg>
<msg timestamp="20250120 11:07:12.446" level="INFO">${log} = Sales Document Description</msg>
<status status="PASS" starttime="20250120 11:07:12.433" endtime="20250120 11:07:12.446"/>
</kw>
<if>
<branch type="IF" condition="'${first_data}' == '${log}'">
<kw name="Matching_Row" library="VA45">
<arg>${row_index}</arg>
<arg>${log}</arg>
<status status="NOT RUN" starttime="20250120 11:07:12.446" endtime="20250120 11:07:12.446"/>
</kw>
<kw name="Evaluate" library="BuiltIn">
<var>${ya}</var>
<arg>${row_count_one} - 1</arg>
<doc>Evaluates the given expression in Python and returns the result.</doc>
<status status="NOT RUN" starttime="20250120 11:07:12.447" endtime="20250120 11:07:12.447"/>
</kw>
<status status="NOT RUN" starttime="20250120 11:07:12.446" endtime="20250120 11:07:12.447"/>
</branch>
<status status="PASS" starttime="20250120 11:07:12.446" endtime="20250120 11:07:12.447"/>
</if>
<status status="PASS" starttime="20250120 11:07:12.433" endtime="20250120 11:07:12.447"/>
</iter>
<iter>
<var name="${ya}">6</var>
<kw name="Get Sap Table Value" library="SAP_Tcode_Library">
<var>${log}</var>
<arg>wnd[1]/usr/tabsG_TS_ALV/tabpALV_M_R1/ssubSUB_CONFIGURATION:SAPLSALV_CUL_COLUMN_SELECTION:0620/cntlCONTAINER1_LAYO/shellcont/shell</arg>
<arg>row_num=${ya}</arg>
<arg>column_id=SELTEXT</arg>
<msg timestamp="20250120 11:07:12.461" level="INFO">${log} = Exchange Rate Type</msg>
<status status="PASS" starttime="20250120 11:07:12.447" endtime="20250120 11:07:12.461"/>
</kw>
<if>
<branch type="IF" condition="'${first_data}' == '${log}'">
<kw name="Matching_Row" library="VA45">
<arg>${row_index}</arg>
<arg>${log}</arg>
<status status="NOT RUN" starttime="20250120 11:07:12.462" endtime="20250120 11:07:12.462"/>
</kw>
<kw name="Evaluate" library="BuiltIn">
<var>${ya}</var>
<arg>${row_count_one} - 1</arg>
<doc>Evaluates the given expression in Python and returns the result.</doc>
<status status="NOT RUN" starttime="20250120 11:07:12.462" endtime="20250120 11:07:12.462"/>
</kw>
<status status="NOT RUN" starttime="20250120 11:07:12.461" endtime="20250120 11:07:12.463"/>
</branch>
<status status="PASS" starttime="20250120 11:07:12.461" endtime="20250120 11:07:12.463"/>
</if>
<status status="PASS" starttime="20250120 11:07:12.447" endtime="20250120 11:07:12.463"/>
</iter>
<iter>
<var name="${ya}">7</var>
<kw name="Get Sap Table Value" library="SAP_Tcode_Library">
<var>${log}</var>
<arg>wnd[1]/usr/tabsG_TS_ALV/tabpALV_M_R1/ssubSUB_CONFIGURATION:SAPLSALV_CUL_COLUMN_SELECTION:0620/cntlCONTAINER1_LAYO/shellcont/shell</arg>
<arg>row_num=${ya}</arg>
<arg>column_id=SELTEXT</arg>
<msg timestamp="20250120 11:07:12.476" level="INFO">${log} = Delivery Block</msg>
<status status="PASS" starttime="20250120 11:07:12.463" endtime="20250120 11:07:12.476"/>
</kw>
<if>
<branch type="IF" condition="'${first_data}' == '${log}'">
<kw name="Matching_Row" library="VA45">
<arg>${row_index}</arg>
<arg>${log}</arg>
<status status="NOT RUN" starttime="20250120 11:07:12.476" endtime="20250120 11:07:12.476"/>
</kw>
<kw name="Evaluate" library="BuiltIn">
<var>${ya}</var>
<arg>${row_count_one} - 1</arg>
<doc>Evaluates the given expression in Python and returns the result.</doc>
<status status="NOT RUN" starttime="20250120 11:07:12.477" endtime="20250120 11:07:12.477"/>
</kw>
<status status="NOT RUN" starttime="20250120 11:07:12.476" endtime="20250120 11:07:12.477"/>
</branch>
<status status="PASS" starttime="20250120 11:07:12.476" endtime="20250120 11:07:12.477"/>
</if>
<status status="PASS" starttime="20250120 11:07:12.463" endtime="20250120 11:07:12.477"/>
</iter>
<iter>
<var name="${ya}">8</var>
<kw name="Get Sap Table Value" library="SAP_Tcode_Library">
<var>${log}</var>
<arg>wnd[1]/usr/tabsG_TS_ALV/tabpALV_M_R1/ssubSUB_CONFIGURATION:SAPLSALV_CUL_COLUMN_SELECTION:0620/cntlCONTAINER1_LAYO/shellcont/shell</arg>
<arg>row_num=${ya}</arg>
<arg>column_id=SELTEXT</arg>
<msg timestamp="20250120 11:07:12.492" level="INFO">${log} = Division</msg>
<status status="PASS" starttime="20250120 11:07:12.477" endtime="20250120 11:07:12.492"/>
</kw>
<if>
<branch type="IF" condition="'${first_data}' == '${log}'">
<kw name="Matching_Row" library="VA45">
<arg>${row_index}</arg>
<arg>${log}</arg>
<status status="NOT RUN" starttime="20250120 11:07:12.493" endtime="20250120 11:07:12.493"/>
</kw>
<kw name="Evaluate" library="BuiltIn">
<var>${ya}</var>
<arg>${row_count_one} - 1</arg>
<doc>Evaluates the given expression in Python and returns the result.</doc>
<status status="NOT RUN" starttime="20250120 11:07:12.493" endtime="20250120 11:07:12.493"/>
</kw>
<status status="NOT RUN" starttime="20250120 11:07:12.492" endtime="20250120 11:07:12.493"/>
</branch>
<status status="PASS" starttime="20250120 11:07:12.492" endtime="20250120 11:07:12.493"/>
</if>
<status status="PASS" starttime="20250120 11:07:12.477" endtime="20250120 11:07:12.493"/>
</iter>
<iter>
<var name="${ya}">9</var>
<kw name="Get Sap Table Value" library="SAP_Tcode_Library">
<var>${log}</var>
<arg>wnd[1]/usr/tabsG_TS_ALV/tabpALV_M_R1/ssubSUB_CONFIGURATION:SAPLSALV_CUL_COLUMN_SELECTION:0620/cntlCONTAINER1_LAYO/shellcont/shell</arg>
<arg>row_num=${ya}</arg>
<arg>column_id=SELTEXT</arg>
<msg timestamp="20250120 11:07:12.506" level="INFO">${log} = SD Document Category</msg>
<status status="PASS" starttime="20250120 11:07:12.493" endtime="20250120 11:07:12.506"/>
</kw>
<if>
<branch type="IF" condition="'${first_data}' == '${log}'">
<kw name="Matching_Row" library="VA45">
<arg>${row_index}</arg>
<arg>${log}</arg>
<status status="NOT RUN" starttime="20250120 11:07:12.507" endtime="20250120 11:07:12.507"/>
</kw>
<kw name="Evaluate" library="BuiltIn">
<var>${ya}</var>
<arg>${row_count_one} - 1</arg>
<doc>Evaluates the given expression in Python and returns the result.</doc>
<status status="NOT RUN" starttime="20250120 11:07:12.507" endtime="20250120 11:07:12.508"/>
</kw>
<status status="NOT RUN" starttime="20250120 11:07:12.507" endtime="20250120 11:07:12.508"/>
</branch>
<status status="PASS" starttime="20250120 11:07:12.507" endtime="20250120 11:07:12.508"/>
</if>
<status status="PASS" starttime="20250120 11:07:12.493" endtime="20250120 11:07:12.508"/>
</iter>
<iter>
<var name="${ya}">10</var>
<kw name="Get Sap Table Value" library="SAP_Tcode_Library">
<var>${log}</var>
<arg>wnd[1]/usr/tabsG_TS_ALV/tabpALV_M_R1/ssubSUB_CONFIGURATION:SAPLSALV_CUL_COLUMN_SELECTION:0620/cntlCONTAINER1_LAYO/shellcont/shell</arg>
<arg>row_num=${ya}</arg>
<arg>column_id=SELTEXT</arg>
<msg timestamp="20250120 11:07:12.521" level="INFO">${log} = Sales Office</msg>
<status status="PASS" starttime="20250120 11:07:12.509" endtime="20250120 11:07:12.521"/>
</kw>
<if>
<branch type="IF" condition="'${first_data}' == '${log}'">
<kw name="Matching_Row" library="VA45">
<arg>${row_index}</arg>
<arg>${log}</arg>
<status status="NOT RUN" starttime="20250120 11:07:12.523" endtime="20250120 11:07:12.523"/>
</kw>
<kw name="Evaluate" library="BuiltIn">
<var>${ya}</var>
<arg>${row_count_one} - 1</arg>
<doc>Evaluates the given expression in Python and returns the result.</doc>
<status status="NOT RUN" starttime="20250120 11:07:12.523" endtime="20250120 11:07:12.523"/>
</kw>
<status status="NOT RUN" starttime="20250120 11:07:12.522" endtime="20250120 11:07:12.523"/>
</branch>
<status status="PASS" starttime="20250120 11:07:12.521" endtime="20250120 11:07:12.523"/>
</if>
<status status="PASS" starttime="20250120 11:07:12.508" endtime="20250120 11:07:12.523"/>
</iter>
<iter>
<var name="${ya}">11</var>
<kw name="Get Sap Table Value" library="SAP_Tcode_Library">
<var>${log}</var>
<arg>wnd[1]/usr/tabsG_TS_ALV/tabpALV_M_R1/ssubSUB_CONFIGURATION:SAPLSALV_CUL_COLUMN_SELECTION:0620/cntlCONTAINER1_LAYO/shellcont/shell</arg>
<arg>row_num=${ya}</arg>
<arg>column_id=SELTEXT</arg>
<msg timestamp="20250120 11:07:12.538" level="INFO">${log} = Sales Group</msg>
<status status="PASS" starttime="20250120 11:07:12.523" endtime="20250120 11:07:12.538"/>
</kw>
<if>
<branch type="IF" condition="'${first_data}' == '${log}'">
<kw name="Matching_Row" library="VA45">
<arg>${row_index}</arg>
<arg>${log}</arg>
<status status="NOT RUN" starttime="20250120 11:07:12.539" endtime="20250120 11:07:12.539"/>
</kw>
<kw name="Evaluate" library="BuiltIn">
<var>${ya}</var>
<arg>${row_count_one} - 1</arg>
<doc>Evaluates the given expression in Python and returns the result.</doc>
<status status="NOT RUN" starttime="20250120 11:07:12.539" endtime="20250120 11:07:12.539"/>
</kw>
<status status="NOT RUN" starttime="20250120 11:07:12.538" endtime="20250120 11:07:12.539"/>
</branch>
<status status="PASS" starttime="20250120 11:07:12.538" endtime="20250120 11:07:12.539"/>
</if>
<status status="PASS" starttime="20250120 11:07:12.523" endtime="20250120 11:07:12.539"/>
</iter>
<iter>
<var name="${ya}">12</var>
<kw name="Get Sap Table Value" library="SAP_Tcode_Library">
<var>${log}</var>
<arg>wnd[1]/usr/tabsG_TS_ALV/tabpALV_M_R1/ssubSUB_CONFIGURATION:SAPLSALV_CUL_COLUMN_SELECTION:0620/cntlCONTAINER1_LAYO/shellcont/shell</arg>
<arg>row_num=${ya}</arg>
<arg>column_id=SELTEXT</arg>
<msg timestamp="20250120 11:07:12.553" level="INFO">${log} = Sales Organization</msg>
<status status="PASS" starttime="20250120 11:07:12.539" endtime="20250120 11:07:12.553"/>
</kw>
<if>
<branch type="IF" condition="'${first_data}' == '${log}'">
<kw name="Matching_Row" library="VA45">
<arg>${row_index}</arg>
<arg>${log}</arg>
<status status="NOT RUN" starttime="20250120 11:07:12.553" endtime="20250120 11:07:12.553"/>
</kw>
<kw name="Evaluate" library="BuiltIn">
<var>${ya}</var>
<arg>${row_count_one} - 1</arg>
<doc>Evaluates the given expression in Python and returns the result.</doc>
<status status="NOT RUN" starttime="20250120 11:07:12.554" endtime="20250120 11:07:12.554"/>
</kw>
<status status="NOT RUN" starttime="20250120 11:07:12.553" endtime="20250120 11:07:12.554"/>
</branch>
<status status="PASS" starttime="20250120 11:07:12.553" endtime="20250120 11:07:12.554"/>
</if>
<status status="PASS" starttime="20250120 11:07:12.539" endtime="20250120 11:07:12.554"/>
</iter>
<iter>
<var name="${ya}">13</var>
<kw name="Get Sap Table Value" library="SAP_Tcode_Library">
<var>${log}</var>
<arg>wnd[1]/usr/tabsG_TS_ALV/tabpALV_M_R1/ssubSUB_CONFIGURATION:SAPLSALV_CUL_COLUMN_SELECTION:0620/cntlCONTAINER1_LAYO/shellcont/shell</arg>
<arg>row_num=${ya}</arg>
<arg>column_id=SELTEXT</arg>
<msg timestamp="20250120 11:07:12.566" level="INFO">${log} = Distribution Channel</msg>
<status status="PASS" starttime="20250120 11:07:12.554" endtime="20250120 11:07:12.566"/>
</kw>
<if>
<branch type="IF" condition="'${first_data}' == '${log}'">
<kw name="Matching_Row" library="VA45">
<arg>${row_index}</arg>
<arg>${log}</arg>
<status status="NOT RUN" starttime="20250120 11:07:12.567" endtime="20250120 11:07:12.567"/>
</kw>
<kw name="Evaluate" library="BuiltIn">
<var>${ya}</var>
<arg>${row_count_one} - 1</arg>
<doc>Evaluates the given expression in Python and returns the result.</doc>
<status status="NOT RUN" starttime="20250120 11:07:12.567" endtime="20250120 11:07:12.567"/>
</kw>
<status status="NOT RUN" starttime="20250120 11:07:12.566" endtime="20250120 11:07:12.567"/>
</branch>
<status status="PASS" starttime="20250120 11:07:12.566" endtime="20250120 11:07:12.567"/>
</if>
<status status="PASS" starttime="20250120 11:07:12.554" endtime="20250120 11:07:12.567"/>
</iter>
<iter>
<var name="${ya}">14</var>
<kw name="Get Sap Table Value" library="SAP_Tcode_Library">
<var>${log}</var>
<arg>wnd[1]/usr/tabsG_TS_ALV/tabpALV_M_R1/ssubSUB_CONFIGURATION:SAPLSALV_CUL_COLUMN_SELECTION:0620/cntlCONTAINER1_LAYO/shellcont/shell</arg>
<arg>row_num=${ya}</arg>
<arg>column_id=SELTEXT</arg>
<msg timestamp="20250120 11:07:12.592" level="INFO">${log} = Overall Status</msg>
<status status="PASS" starttime="20250120 11:07:12.568" endtime="20250120 11:07:12.592"/>
</kw>
<if>
<branch type="IF" condition="'${first_data}' == '${log}'">
<kw name="Matching_Row" library="VA45">
<arg>${row_index}</arg>
<arg>${log}</arg>
<status status="NOT RUN" starttime="20250120 11:07:12.592" endtime="20250120 11:07:12.592"/>
</kw>
<kw name="Evaluate" library="BuiltIn">
<var>${ya}</var>
<arg>${row_count_one} - 1</arg>
<doc>Evaluates the given expression in Python and returns the result.</doc>
<status status="NOT RUN" starttime="20250120 11:07:12.592" endtime="20250120 11:07:12.592"/>
</kw>
<status status="NOT RUN" starttime="20250120 11:07:12.592" endtime="20250120 11:07:12.593"/>
</branch>
<status status="PASS" starttime="20250120 11:07:12.592" endtime="20250120 11:07:12.593"/>
</if>
<status status="PASS" starttime="20250120 11:07:12.567" endtime="20250120 11:07:12.593"/>
</iter>
<iter>
<var name="${ya}">15</var>
<kw name="Get Sap Table Value" library="SAP_Tcode_Library">
<var>${log}</var>
<arg>wnd[1]/usr/tabsG_TS_ALV/tabpALV_M_R1/ssubSUB_CONFIGURATION:SAPLSALV_CUL_COLUMN_SELECTION:0620/cntlCONTAINER1_LAYO/shellcont/shell</arg>
<arg>row_num=${ya}</arg>
<arg>column_id=SELTEXT</arg>
<msg timestamp="20250120 11:07:12.611" level="INFO">${log} = Valid-From Date</msg>
<status status="PASS" starttime="20250120 11:07:12.593" endtime="20250120 11:07:12.611"/>
</kw>
<if>
<branch type="IF" condition="'${first_data}' == '${log}'">
<kw name="Matching_Row" library="VA45">
<arg>${row_index}</arg>
<arg>${log}</arg>
<status status="NOT RUN" starttime="20250120 11:07:12.612" endtime="20250120 11:07:12.612"/>
</kw>
<kw name="Evaluate" library="BuiltIn">
<var>${ya}</var>
<arg>${row_count_one} - 1</arg>
<doc>Evaluates the given expression in Python and returns the result.</doc>
<status status="NOT RUN" starttime="20250120 11:07:12.612" endtime="20250120 11:07:12.612"/>
</kw>
<status status="NOT RUN" starttime="20250120 11:07:12.611" endtime="20250120 11:07:12.612"/>
</branch>
<status status="PASS" starttime="20250120 11:07:12.611" endtime="20250120 11:07:12.612"/>
</if>
<status status="PASS" starttime="20250120 11:07:12.593" endtime="20250120 11:07:12.612"/>
</iter>
<iter>
<var name="${ya}">16</var>
<kw name="Get Sap Table Value" library="SAP_Tcode_Library">
<var>${log}</var>
<arg>wnd[1]/usr/tabsG_TS_ALV/tabpALV_M_R1/ssubSUB_CONFIGURATION:SAPLSALV_CUL_COLUMN_SELECTION:0620/cntlCONTAINER1_LAYO/shellcont/shell</arg>
<arg>row_num=${ya}</arg>
<arg>column_id=SELTEXT</arg>
<msg timestamp="20250120 11:07:12.637" level="INFO">${log} = Reference Status</msg>
<status status="PASS" starttime="20250120 11:07:12.612" endtime="20250120 11:07:12.637"/>
</kw>
<if>
<branch type="IF" condition="'${first_data}' == '${log}'">
<kw name="Matching_Row" library="VA45">
<arg>${row_index}</arg>
<arg>${log}</arg>
<status status="NOT RUN" starttime="20250120 11:07:12.637" endtime="20250120 11:07:12.638"/>
</kw>
<kw name="Evaluate" library="BuiltIn">
<var>${ya}</var>
<arg>${row_count_one} - 1</arg>
<doc>Evaluates the given expression in Python and returns the result.</doc>
<status status="NOT RUN" starttime="20250120 11:07:12.638" endtime="20250120 11:07:12.638"/>
</kw>
<status status="NOT RUN" starttime="20250120 11:07:12.637" endtime="20250120 11:07:12.638"/>
</branch>
<status status="PASS" starttime="20250120 11:07:12.637" endtime="20250120 11:07:12.638"/>
</if>
<status status="PASS" starttime="20250120 11:07:12.612" endtime="20250120 11:07:12.638"/>
</iter>
<iter>
<var name="${ya}">17</var>
<kw name="Get Sap Table Value" library="SAP_Tcode_Library">
<var>${log}</var>
<arg>wnd[1]/usr/tabsG_TS_ALV/tabpALV_M_R1/ssubSUB_CONFIGURATION:SAPLSALV_CUL_COLUMN_SELECTION:0620/cntlCONTAINER1_LAYO/shellcont/shell</arg>
<arg>row_num=${ya}</arg>
<arg>column_id=SELTEXT</arg>
<msg timestamp="20250120 11:07:12.658" level="INFO">${log} = Sold-To Party Name</msg>
<status status="PASS" starttime="20250120 11:07:12.638" endtime="20250120 11:07:12.658"/>
</kw>
<if>
<branch type="IF" condition="'${first_data}' == '${log}'">
<kw name="Matching_Row" library="VA45">
<arg>${row_index}</arg>
<arg>${log}</arg>
<kw name="Click Element" library="SAP_Tcode_Library">
<arg>element_id=wnd[1]/usr/tabsG_TS_ALV/tabpALV_M_R1/ssubSUB_CONFIGURATION:SAPLSALV_CUL_COLUMN_SELECTION:0620/btnAPP_WL_SING</arg>
<doc>Performs a single click on a given element. Used only for buttons, tabs and menu items.</doc>
<status status="PASS" starttime="20250120 11:07:12.659" endtime="20250120 11:07:12.798"/>
</kw>
<kw name="Click Element" library="SAP_Tcode_Library">
<arg>element_id=wnd[1]/tbar[0]/btn[0]</arg>
<doc>Performs a single click on a given element. Used only for buttons, tabs and menu items.</doc>
<status status="PASS" starttime="20250120 11:07:12.799" endtime="20250120 11:07:13.051"/>
</kw>
<status status="PASS" starttime="20250120 11:07:12.658" endtime="20250120 11:07:13.051"/>
</kw>
<kw name="Evaluate" library="BuiltIn">
<var>${ya}</var>
<arg>${row_count_one} - 1</arg>
<doc>Evaluates the given expression in Python and returns the result.</doc>
<msg timestamp="20250120 11:07:13.052" level="INFO">${ya} = 89</msg>
<status status="PASS" starttime="20250120 11:07:13.051" endtime="20250120 11:07:13.052"/>
</kw>
<status status="PASS" starttime="20250120 11:07:12.658" endtime="20250120 11:07:13.052"/>
</branch>
<status status="PASS" starttime="20250120 11:07:12.658" endtime="20250120 11:07:13.052"/>
</if>
<status status="PASS" starttime="20250120 11:07:12.638" endtime="20250120 11:07:13.052"/>
</iter>
<iter>
<var name="${ya}">18</var>
<kw name="Get Sap Table Value" library="SAP_Tcode_Library">
<var>${log}</var>
<arg>wnd[1]/usr/tabsG_TS_ALV/tabpALV_M_R1/ssubSUB_CONFIGURATION:SAPLSALV_CUL_COLUMN_SELECTION:0620/cntlCONTAINER1_LAYO/shellcont/shell</arg>
<arg>row_num=${ya}</arg>
<arg>column_id=SELTEXT</arg>
<msg timestamp="20250120 11:07:13.077" level="INFO">${log} = FAIL</msg>
<status status="PASS" starttime="20250120 11:07:13.052" endtime="20250120 11:07:13.077"/>
</kw>
<if>
<branch type="IF" condition="'${first_data}' == '${log}'">
<kw name="Matching_Row" library="VA45">
<arg>${row_index}</arg>
<arg>${log}</arg>
<status status="NOT RUN" starttime="20250120 11:07:13.077" endtime="20250120 11:07:13.078"/>
</kw>
<kw name="Evaluate" library="BuiltIn">
<var>${ya}</var>
<arg>${row_count_one} - 1</arg>
<doc>Evaluates the given expression in Python and returns the result.</doc>
<status status="NOT RUN" starttime="20250120 11:07:13.078" endtime="20250120 11:07:13.078"/>
</kw>
<status status="NOT RUN" starttime="20250120 11:07:13.077" endtime="20250120 11:07:13.078"/>
</branch>
<status status="PASS" starttime="20250120 11:07:13.077" endtime="20250120 11:07:13.078"/>
</if>
<status status="PASS" starttime="20250120 11:07:13.052" endtime="20250120 11:07:13.078"/>
</iter>
<iter>
<var name="${ya}">19</var>
<kw name="Get Sap Table Value" library="SAP_Tcode_Library">
<var>${log}</var>
<arg>wnd[1]/usr/tabsG_TS_ALV/tabpALV_M_R1/ssubSUB_CONFIGURATION:SAPLSALV_CUL_COLUMN_SELECTION:0620/cntlCONTAINER1_LAYO/shellcont/shell</arg>
<arg>row_num=${ya}</arg>
<arg>column_id=SELTEXT</arg>
<msg timestamp="20250120 11:07:13.079" level="INFO">${log} = FAIL</msg>
<status status="PASS" starttime="20250120 11:07:13.078" endtime="20250120 11:07:13.079"/>
</kw>
<if>
<branch type="IF" condition="'${first_data}' == '${log}'">
<kw name="Matching_Row" library="VA45">
<arg>${row_index}</arg>
<arg>${log}</arg>
<status status="NOT RUN" starttime="20250120 11:07:13.079" endtime="20250120 11:07:13.079"/>
</kw>
<kw name="Evaluate" library="BuiltIn">
<var>${ya}</var>
<arg>${row_count_one} - 1</arg>
<doc>Evaluates the given expression in Python and returns the result.</doc>
<status status="NOT RUN" starttime="20250120 11:07:13.079" endtime="20250120 11:07:13.080"/>
</kw>
<status status="NOT RUN" starttime="20250120 11:07:13.079" endtime="20250120 11:07:13.080"/>
</branch>
<status status="PASS" starttime="20250120 11:07:13.079" endtime="20250120 11:07:13.080"/>
</if>
<status status="PASS" starttime="20250120 11:07:13.078" endtime="20250120 11:07:13.080"/>
</iter>
<iter>
<var name="${ya}">20</var>
<kw name="Get Sap Table Value" library="SAP_Tcode_Library">
<var>${log}</var>
<arg>wnd[1]/usr/tabsG_TS_ALV/tabpALV_M_R1/ssubSUB_CONFIGURATION:SAPLSALV_CUL_COLUMN_SELECTION:0620/cntlCONTAINER1_LAYO/shellcont/shell</arg>
<arg>row_num=${ya}</arg>
<arg>column_id=SELTEXT</arg>
<msg timestamp="20250120 11:07:13.081" level="INFO">${log} = FAIL</msg>
<status status="PASS" starttime="20250120 11:07:13.080" endtime="20250120 11:07:13.081"/>
</kw>
<if>
<branch type="IF" condition="'${first_data}' == '${log}'">
<kw name="Matching_Row" library="VA45">
<arg>${row_index}</arg>
<arg>${log}</arg>
<status status="NOT RUN" starttime="20250120 11:07:13.081" endtime="20250120 11:07:13.081"/>
</kw>
<kw name="Evaluate" library="BuiltIn">
<var>${ya}</var>
<arg>${row_count_one} - 1</arg>
<doc>Evaluates the given expression in Python and returns the result.</doc>
<status status="NOT RUN" starttime="20250120 11:07:13.081" endtime="20250120 11:07:13.081"/>
</kw>
<status status="NOT RUN" starttime="20250120 11:07:13.081" endtime="20250120 11:07:13.081"/>
</branch>
<status status="PASS" starttime="20250120 11:07:13.081" endtime="20250120 11:07:13.081"/>
</if>
<status status="PASS" starttime="20250120 11:07:13.080" endtime="20250120 11:07:13.081"/>
</iter>
<iter>
<var name="${ya}">21</var>
<kw name="Get Sap Table Value" library="SAP_Tcode_Library">
<var>${log}</var>
<arg>wnd[1]/usr/tabsG_TS_ALV/tabpALV_M_R1/ssubSUB_CONFIGURATION:SAPLSALV_CUL_COLUMN_SELECTION:0620/cntlCONTAINER1_LAYO/shellcont/shell</arg>
<arg>row_num=${ya}</arg>
<arg>column_id=SELTEXT</arg>
<msg timestamp="20250120 11:07:13.082" level="INFO">${log} = FAIL</msg>
<status status="PASS" starttime="20250120 11:07:13.082" endtime="20250120 11:07:13.082"/>
</kw>
<if>
<branch type="IF" condition="'${first_data}' == '${log}'">
<kw name="Matching_Row" library="VA45">
<arg>${row_index}</arg>
<arg>${log}</arg>
<status status="NOT RUN" starttime="20250120 11:07:13.082" endtime="20250120 11:07:13.083"/>
</kw>
<kw name="Evaluate" library="BuiltIn">
<var>${ya}</var>
<arg>${row_count_one} - 1</arg>
<doc>Evaluates the given expression in Python and returns the result.</doc>
<status status="NOT RUN" starttime="20250120 11:07:13.083" endtime="20250120 11:07:13.083"/>
</kw>
<status status="NOT RUN" starttime="20250120 11:07:13.082" endtime="20250120 11:07:13.083"/>
</branch>
<status status="PASS" starttime="20250120 11:07:13.082" endtime="20250120 11:07:13.083"/>
</if>
<status status="PASS" starttime="20250120 11:07:13.081" endtime="20250120 11:07:13.083"/>
</iter>
<iter>
<var name="${ya}">22</var>
<kw name="Get Sap Table Value" library="SAP_Tcode_Library">
<var>${log}</var>
<arg>wnd[1]/usr/tabsG_TS_ALV/tabpALV_M_R1/ssubSUB_CONFIGURATION:SAPLSALV_CUL_COLUMN_SELECTION:0620/cntlCONTAINER1_LAYO/shellcont/shell</arg>
<arg>row_num=${ya}</arg>
<arg>column_id=SELTEXT</arg>
<msg timestamp="20250120 11:07:13.084" level="INFO">${log} = FAIL</msg>
<status status="PASS" starttime="20250120 11:07:13.083" endtime="20250120 11:07:13.084"/>
</kw>
<if>
<branch type="IF" condition="'${first_data}' == '${log}'">
<kw name="Matching_Row" library="VA45">
<arg>${row_index}</arg>
<arg>${log}</arg>
<status status="NOT RUN" starttime="20250120 11:07:13.084" endtime="20250120 11:07:13.084"/>
</kw>
<kw name="Evaluate" library="BuiltIn">
<var>${ya}</var>
<arg>${row_count_one} - 1</arg>
<doc>Evaluates the given expression in Python and returns the result.</doc>
<status status="NOT RUN" starttime="20250120 11:07:13.084" endtime="20250120 11:07:13.085"/>
</kw>
<status status="NOT RUN" starttime="20250120 11:07:13.084" endtime="20250120 11:07:13.085"/>
</branch>
<status status="PASS" starttime="20250120 11:07:13.084" endtime="20250120 11:07:13.085"/>
</if>
<status status="PASS" starttime="20250120 11:07:13.083" endtime="20250120 11:07:13.085"/>
</iter>
<iter>
<var name="${ya}">23</var>
<kw name="Get Sap Table Value" library="SAP_Tcode_Library">
<var>${log}</var>
<arg>wnd[1]/usr/tabsG_TS_ALV/tabpALV_M_R1/ssubSUB_CONFIGURATION:SAPLSALV_CUL_COLUMN_SELECTION:0620/cntlCONTAINER1_LAYO/shellcont/shell</arg>
<arg>row_num=${ya}</arg>
<arg>column_id=SELTEXT</arg>
<msg timestamp="20250120 11:07:13.086" level="INFO">${log} = FAIL</msg>
<status status="PASS" starttime="20250120 11:07:13.085" endtime="20250120 11:07:13.086"/>
</kw>
<if>
<branch type="IF" condition="'${first_data}' == '${log}'">
<kw name="Matching_Row" library="VA45">
<arg>${row_index}</arg>
<arg>${log}</arg>
<status status="NOT RUN" starttime="20250120 11:07:13.087" endtime="20250120 11:07:13.087"/>
</kw>
<kw name="Evaluate" library="BuiltIn">
<var>${ya}</var>
<arg>${row_count_one} - 1</arg>
<doc>Evaluates the given expression in Python and returns the result.</doc>
<status status="NOT RUN" starttime="20250120 11:07:13.087" endtime="20250120 11:07:13.087"/>
</kw>
<status status="NOT RUN" starttime="20250120 11:07:13.087" endtime="20250120 11:07:13.087"/>
</branch>
<status status="PASS" starttime="20250120 11:07:13.087" endtime="20250120 11:07:13.087"/>
</if>
<status status="PASS" starttime="20250120 11:07:13.085" endtime="20250120 11:07:13.087"/>
</iter>
<iter>
<var name="${ya}">24</var>
<kw name="Get Sap Table Value" library="SAP_Tcode_Library">
<var>${log}</var>
<arg>wnd[1]/usr/tabsG_TS_ALV/tabpALV_M_R1/ssubSUB_CONFIGURATION:SAPLSALV_CUL_COLUMN_SELECTION:0620/cntlCONTAINER1_LAYO/shellcont/shell</arg>
<arg>row_num=${ya}</arg>
<arg>column_id=SELTEXT</arg>
<msg timestamp="20250120 11:07:13.088" level="INFO">${log} = FAIL</msg>
<status status="PASS" starttime="20250120 11:07:13.088" endtime="20250120 11:07:13.088"/>
</kw>
<if>
<branch type="IF" condition="'${first_data}' == '${log}'">
<kw name="Matching_Row" library="VA45">
<arg>${row_index}</arg>
<arg>${log}</arg>
<status status="NOT RUN" starttime="20250120 11:07:13.088" endtime="20250120 11:07:13.089"/>
</kw>
<kw name="Evaluate" library="BuiltIn">
<var>${ya}</var>
<arg>${row_count_one} - 1</arg>
<doc>Evaluates the given expression in Python and returns the result.</doc>
<status status="NOT RUN" starttime="20250120 11:07:13.089" endtime="20250120 11:07:13.089"/>
</kw>
<status status="NOT RUN" starttime="20250120 11:07:13.088" endtime="20250120 11:07:13.089"/>
</branch>
<status status="PASS" starttime="20250120 11:07:13.088" endtime="20250120 11:07:13.089"/>
</if>
<status status="PASS" starttime="20250120 11:07:13.087" endtime="20250120 11:07:13.089"/>
</iter>
<iter>
<var name="${ya}">25</var>
<kw name="Get Sap Table Value" library="SAP_Tcode_Library">
<var>${log}</var>
<arg>wnd[1]/usr/tabsG_TS_ALV/tabpALV_M_R1/ssubSUB_CONFIGURATION:SAPLSALV_CUL_COLUMN_SELECTION:0620/cntlCONTAINER1_LAYO/shellcont/shell</arg>
<arg>row_num=${ya}</arg>
<arg>column_id=SELTEXT</arg>
<msg timestamp="20250120 11:07:13.091" level="INFO">${log} = FAIL</msg>
<status status="PASS" starttime="20250120 11:07:13.089" endtime="20250120 11:07:13.091"/>
</kw>
<if>
<branch type="IF" condition="'${first_data}' == '${log}'">
<kw name="Matching_Row" library="VA45">
<arg>${row_index}</arg>
<arg>${log}</arg>
<status status="NOT RUN" starttime="20250120 11:07:13.091" endtime="20250120 11:07:13.091"/>
</kw>
<kw name="Evaluate" library="BuiltIn">
<var>${ya}</var>
<arg>${row_count_one} - 1</arg>
<doc>Evaluates the given expression in Python and returns the result.</doc>
<status status="NOT RUN" starttime="20250120 11:07:13.092" endtime="20250120 11:07:13.092"/>
</kw>
<status status="NOT RUN" starttime="20250120 11:07:13.091" endtime="20250120 11:07:13.092"/>
</branch>
<status status="PASS" starttime="20250120 11:07:13.091" endtime="20250120 11:07:13.092"/>
</if>
<status status="PASS" starttime="20250120 11:07:13.089" endtime="20250120 11:07:13.092"/>
</iter>
<iter>
<var name="${ya}">26</var>
<kw name="Get Sap Table Value" library="SAP_Tcode_Library">
<var>${log}</var>
<arg>wnd[1]/usr/tabsG_TS_ALV/tabpALV_M_R1/ssubSUB_CONFIGURATION:SAPLSALV_CUL_COLUMN_SELECTION:0620/cntlCONTAINER1_LAYO/shellcont/shell</arg>
<arg>row_num=${ya}</arg>
<arg>column_id=SELTEXT</arg>
<msg timestamp="20250120 11:07:13.093" level="INFO">${log} = FAIL</msg>
<status status="PASS" starttime="20250120 11:07:13.092" endtime="20250120 11:07:13.093"/>
</kw>
<if>
<branch type="IF" condition="'${first_data}' == '${log}'">
<kw name="Matching_Row" library="VA45">
<arg>${row_index}</arg>
<arg>${log}</arg>
<status status="NOT RUN" starttime="20250120 11:07:13.093" endtime="20250120 11:07:13.093"/>
</kw>
<kw name="Evaluate" library="BuiltIn">
<var>${ya}</var>
<arg>${row_count_one} - 1</arg>
<doc>Evaluates the given expression in Python and returns the result.</doc>
<status status="NOT RUN" starttime="20250120 11:07:13.093" endtime="20250120 11:07:13.094"/>
</kw>
<status status="NOT RUN" starttime="20250120 11:07:13.093" endtime="20250120 11:07:13.094"/>
</branch>
<status status="PASS" starttime="20250120 11:07:13.093" endtime="20250120 11:07:13.094"/>
</if>
<status status="PASS" starttime="20250120 11:07:13.092" endtime="20250120 11:07:13.094"/>
</iter>
<iter>
<var name="${ya}">27</var>
<kw name="Get Sap Table Value" library="SAP_Tcode_Library">
<var>${log}</var>
<arg>wnd[1]/usr/tabsG_TS_ALV/tabpALV_M_R1/ssubSUB_CONFIGURATION:SAPLSALV_CUL_COLUMN_SELECTION:0620/cntlCONTAINER1_LAYO/shellcont/shell</arg>
<arg>row_num=${ya}</arg>
<arg>column_id=SELTEXT</arg>
<msg timestamp="20250120 11:07:13.095" level="INFO">${log} = FAIL</msg>
<status status="PASS" starttime="20250120 11:07:13.094" endtime="20250120 11:07:13.095"/>
</kw>
<if>
<branch type="IF" condition="'${first_data}' == '${log}'">
<kw name="Matching_Row" library="VA45">
<arg>${row_index}</arg>
<arg>${log}</arg>
<status status="NOT RUN" starttime="20250120 11:07:13.095" endtime="20250120 11:07:13.095"/>
</kw>
<kw name="Evaluate" library="BuiltIn">
<var>${ya}</var>
<arg>${row_count_one} - 1</arg>
<doc>Evaluates the given expression in Python and returns the result.</doc>
<status status="NOT RUN" starttime="20250120 11:07:13.095" endtime="20250120 11:07:13.095"/>
</kw>
<status status="NOT RUN" starttime="20250120 11:07:13.095" endtime="20250120 11:07:13.095"/>
</branch>
<status status="PASS" starttime="20250120 11:07:13.095" endtime="20250120 11:07:13.095"/>
</if>
<status status="PASS" starttime="20250120 11:07:13.094" endtime="20250120 11:07:13.095"/>
</iter>
<iter>
<var name="${ya}">28</var>
<kw name="Get Sap Table Value" library="SAP_Tcode_Library">
<var>${log}</var>
<arg>wnd[1]/usr/tabsG_TS_ALV/tabpALV_M_R1/ssubSUB_CONFIGURATION:SAPLSALV_CUL_COLUMN_SELECTION:0620/cntlCONTAINER1_LAYO/shellcont/shell</arg>
<arg>row_num=${ya}</arg>
<arg>column_id=SELTEXT</arg>
<msg timestamp="20250120 11:07:13.096" level="INFO">${log} = FAIL</msg>
<status status="PASS" starttime="20250120 11:07:13.096" endtime="20250120 11:07:13.096"/>
</kw>
<if>
<branch type="IF" condition="'${first_data}' == '${log}'">
<kw name="Matching_Row" library="VA45">
<arg>${row_index}</arg>
<arg>${log}</arg>
<status status="NOT RUN" starttime="20250120 11:07:13.096" endtime="20250120 11:07:13.097"/>
</kw>
<kw name="Evaluate" library="BuiltIn">
<var>${ya}</var>
<arg>${row_count_one} - 1</arg>
<doc>Evaluates the given expression in Python and returns the result.</doc>
<status status="NOT RUN" starttime="20250120 11:07:13.097" endtime="20250120 11:07:13.097"/>
</kw>
<status status="NOT RUN" starttime="20250120 11:07:13.096" endtime="20250120 11:07:13.097"/>
</branch>
<status status="PASS" starttime="20250120 11:07:13.096" endtime="20250120 11:07:13.097"/>
</if>
<status status="PASS" starttime="20250120 11:07:13.095" endtime="20250120 11:07:13.097"/>
</iter>
<iter>
<var name="${ya}">29</var>
<kw name="Get Sap Table Value" library="SAP_Tcode_Library">
<var>${log}</var>
<arg>wnd[1]/usr/tabsG_TS_ALV/tabpALV_M_R1/ssubSUB_CONFIGURATION:SAPLSALV_CUL_COLUMN_SELECTION:0620/cntlCONTAINER1_LAYO/shellcont/shell</arg>
<arg>row_num=${ya}</arg>
<arg>column_id=SELTEXT</arg>
<msg timestamp="20250120 11:07:13.098" level="INFO">${log} = FAIL</msg>
<status status="PASS" starttime="20250120 11:07:13.097" endtime="20250120 11:07:13.098"/>
</kw>
<if>
<branch type="IF" condition="'${first_data}' == '${log}'">
<kw name="Matching_Row" library="VA45">
<arg>${row_index}</arg>
<arg>${log}</arg>
<status status="NOT RUN" starttime="20250120 11:07:13.098" endtime="20250120 11:07:13.099"/>
</kw>
<kw name="Evaluate" library="BuiltIn">
<var>${ya}</var>
<arg>${row_count_one} - 1</arg>
<doc>Evaluates the given expression in Python and returns the result.</doc>
<status status="NOT RUN" starttime="20250120 11:07:13.099" endtime="20250120 11:07:13.099"/>
</kw>
<status status="NOT RUN" starttime="20250120 11:07:13.098" endtime="20250120 11:07:13.099"/>
</branch>
<status status="PASS" starttime="20250120 11:07:13.098" endtime="20250120 11:07:13.099"/>
</if>
<status status="PASS" starttime="20250120 11:07:13.097" endtime="20250120 11:07:13.099"/>
</iter>
<iter>
<var name="${ya}">30</var>
<kw name="Get Sap Table Value" library="SAP_Tcode_Library">
<var>${log}</var>
<arg>wnd[1]/usr/tabsG_TS_ALV/tabpALV_M_R1/ssubSUB_CONFIGURATION:SAPLSALV_CUL_COLUMN_SELECTION:0620/cntlCONTAINER1_LAYO/shellcont/shell</arg>
<arg>row_num=${ya}</arg>
<arg>column_id=SELTEXT</arg>
<msg timestamp="20250120 11:07:13.100" level="INFO">${log} = FAIL</msg>
<status status="PASS" starttime="20250120 11:07:13.099" endtime="20250120 11:07:13.100"/>
</kw>
<if>
<branch type="IF" condition="'${first_data}' == '${log}'">
<kw name="Matching_Row" library="VA45">
<arg>${row_index}</arg>
<arg>${log}</arg>
<status status="NOT RUN" starttime="20250120 11:07:13.100" endtime="20250120 11:07:13.100"/>
</kw>
<kw name="Evaluate" library="BuiltIn">
<var>${ya}</var>
<arg>${row_count_one} - 1</arg>
<doc>Evaluates the given expression in Python and returns the result.</doc>
<status status="NOT RUN" starttime="20250120 11:07:13.100" endtime="20250120 11:07:13.100"/>
</kw>
<status status="NOT RUN" starttime="20250120 11:07:13.100" endtime="20250120 11:07:13.100"/>
</branch>
<status status="PASS" starttime="20250120 11:07:13.100" endtime="20250120 11:07:13.101"/>
</if>
<status status="PASS" starttime="20250120 11:07:13.099" endtime="20250120 11:07:13.101"/>
</iter>
<iter>
<var name="${ya}">31</var>
<kw name="Get Sap Table Value" library="SAP_Tcode_Library">
<var>${log}</var>
<arg>wnd[1]/usr/tabsG_TS_ALV/tabpALV_M_R1/ssubSUB_CONFIGURATION:SAPLSALV_CUL_COLUMN_SELECTION:0620/cntlCONTAINER1_LAYO/shellcont/shell</arg>
<arg>row_num=${ya}</arg>
<arg>column_id=SELTEXT</arg>
<msg timestamp="20250120 11:07:13.101" level="INFO">${log} = FAIL</msg>
<status status="PASS" starttime="20250120 11:07:13.101" endtime="20250120 11:07:13.101"/>
</kw>
<if>
<branch type="IF" condition="'${first_data}' == '${log}'">
<kw name="Matching_Row" library="VA45">
<arg>${row_index}</arg>
<arg>${log}</arg>
<status status="NOT RUN" starttime="20250120 11:07:13.102" endtime="20250120 11:07:13.102"/>
</kw>
<kw name="Evaluate" library="BuiltIn">
<var>${ya}</var>
<arg>${row_count_one} - 1</arg>
<doc>Evaluates the given expression in Python and returns the result.</doc>
<status status="NOT RUN" starttime="20250120 11:07:13.102" endtime="20250120 11:07:13.102"/>
</kw>
<status status="NOT RUN" starttime="20250120 11:07:13.101" endtime="20250120 11:07:13.102"/>
</branch>
<status status="PASS" starttime="20250120 11:07:13.101" endtime="20250120 11:07:13.102"/>
</if>
<status status="PASS" starttime="20250120 11:07:13.101" endtime="20250120 11:07:13.102"/>
</iter>
<iter>
<var name="${ya}">32</var>
<kw name="Get Sap Table Value" library="SAP_Tcode_Library">
<var>${log}</var>
<arg>wnd[1]/usr/tabsG_TS_ALV/tabpALV_M_R1/ssubSUB_CONFIGURATION:SAPLSALV_CUL_COLUMN_SELECTION:0620/cntlCONTAINER1_LAYO/shellcont/shell</arg>
<arg>row_num=${ya}</arg>
<arg>column_id=SELTEXT</arg>
<msg timestamp="20250120 11:07:13.103" level="INFO">${log} = FAIL</msg>
<status status="PASS" starttime="20250120 11:07:13.102" endtime="20250120 11:07:13.103"/>
</kw>
<if>
<branch type="IF" condition="'${first_data}' == '${log}'">
<kw name="Matching_Row" library="VA45">
<arg>${row_index}</arg>
<arg>${log}</arg>
<status status="NOT RUN" starttime="20250120 11:07:13.104" endtime="20250120 11:07:13.104"/>
</kw>
<kw name="Evaluate" library="BuiltIn">
<var>${ya}</var>
<arg>${row_count_one} - 1</arg>
<doc>Evaluates the given expression in Python and returns the result.</doc>
<status status="NOT RUN" starttime="20250120 11:07:13.104" endtime="20250120 11:07:13.104"/>
</kw>
<status status="NOT RUN" starttime="20250120 11:07:13.104" endtime="20250120 11:07:13.104"/>
</branch>
<status status="PASS" starttime="20250120 11:07:13.104" endtime="20250120 11:07:13.104"/>
</if>
<status status="PASS" starttime="20250120 11:07:13.102" endtime="20250120 11:07:13.104"/>
</iter>
<iter>
<var name="${ya}">33</var>
<kw name="Get Sap Table Value" library="SAP_Tcode_Library">
<var>${log}</var>
<arg>wnd[1]/usr/tabsG_TS_ALV/tabpALV_M_R1/ssubSUB_CONFIGURATION:SAPLSALV_CUL_COLUMN_SELECTION:0620/cntlCONTAINER1_LAYO/shellcont/shell</arg>
<arg>row_num=${ya}</arg>
<arg>column_id=SELTEXT</arg>
<msg timestamp="20250120 11:07:13.105" level="INFO">${log} = FAIL</msg>
<status status="PASS" starttime="20250120 11:07:13.104" endtime="20250120 11:07:13.105"/>
</kw>
<if>
<branch type="IF" condition="'${first_data}' == '${log}'">
<kw name="Matching_Row" library="VA45">
<arg>${row_index}</arg>
<arg>${log}</arg>
<status status="NOT RUN" starttime="20250120 11:07:13.105" endtime="20250120 11:07:13.105"/>
</kw>
<kw name="Evaluate" library="BuiltIn">
<var>${ya}</var>
<arg>${row_count_one} - 1</arg>
<doc>Evaluates the given expression in Python and returns the result.</doc>
<status status="NOT RUN" starttime="20250120 11:07:13.106" endtime="20250120 11:07:13.106"/>
</kw>
<status status="NOT RUN" starttime="20250120 11:07:13.105" endtime="20250120 11:07:13.106"/>
</branch>
<status status="PASS" starttime="20250120 11:07:13.105" endtime="20250120 11:07:13.106"/>
</if>
<status status="PASS" starttime="20250120 11:07:13.104" endtime="20250120 11:07:13.106"/>
</iter>
<iter>
<var name="${ya}">34</var>
<kw name="Get Sap Table Value" library="SAP_Tcode_Library">
<var>${log}</var>
<arg>wnd[1]/usr/tabsG_TS_ALV/tabpALV_M_R1/ssubSUB_CONFIGURATION:SAPLSALV_CUL_COLUMN_SELECTION:0620/cntlCONTAINER1_LAYO/shellcont/shell</arg>
<arg>row_num=${ya}</arg>
<arg>column_id=SELTEXT</arg>
<msg timestamp="20250120 11:07:13.107" level="INFO">${log} = FAIL</msg>
<status status="PASS" starttime="20250120 11:07:13.106" endtime="20250120 11:07:13.107"/>
</kw>
<if>
<branch type="IF" condition="'${first_data}' == '${log}'">
<kw name="Matching_Row" library="VA45">
<arg>${row_index}</arg>
<arg>${log}</arg>
<status status="NOT RUN" starttime="20250120 11:07:13.112" endtime="20250120 11:07:13.112"/>
</kw>
<kw name="Evaluate" library="BuiltIn">
<var>${ya}</var>
<arg>${row_count_one} - 1</arg>
<doc>Evaluates the given expression in Python and returns the result.</doc>
<status status="NOT RUN" starttime="20250120 11:07:13.112" endtime="20250120 11:07:13.112"/>
</kw>
<status status="NOT RUN" starttime="20250120 11:07:13.107" endtime="20250120 11:07:13.112"/>
</branch>
<status status="PASS" starttime="20250120 11:07:13.107" endtime="20250120 11:07:13.112"/>
</if>
<status status="PASS" starttime="20250120 11:07:13.106" endtime="20250120 11:07:13.113"/>
</iter>
<iter>
<var name="${ya}">35</var>
<kw name="Get Sap Table Value" library="SAP_Tcode_Library">
<var>${log}</var>
<arg>wnd[1]/usr/tabsG_TS_ALV/tabpALV_M_R1/ssubSUB_CONFIGURATION:SAPLSALV_CUL_COLUMN_SELECTION:0620/cntlCONTAINER1_LAYO/shellcont/shell</arg>
<arg>row_num=${ya}</arg>
<arg>column_id=SELTEXT</arg>
<msg timestamp="20250120 11:07:13.114" level="INFO">${log} = FAIL</msg>
<status status="PASS" starttime="20250120 11:07:13.113" endtime="20250120 11:07:13.114"/>
</kw>
<if>
<branch type="IF" condition="'${first_data}' == '${log}'">
<kw name="Matching_Row" library="VA45">
<arg>${row_index}</arg>
<arg>${log}</arg>
<status status="NOT RUN" starttime="20250120 11:07:13.114" endtime="20250120 11:07:13.114"/>
</kw>
<kw name="Evaluate" library="BuiltIn">
<var>${ya}</var>
<arg>${row_count_one} - 1</arg>
<doc>Evaluates the given expression in Python and returns the result.</doc>
<status status="NOT RUN" starttime="20250120 11:07:13.115" endtime="20250120 11:07:13.115"/>
</kw>
<status status="NOT RUN" starttime="20250120 11:07:13.114" endtime="20250120 11:07:13.115"/>
</branch>
<status status="PASS" starttime="20250120 11:07:13.114" endtime="20250120 11:07:13.115"/>
</if>
<status status="PASS" starttime="20250120 11:07:13.113" endtime="20250120 11:07:13.115"/>
</iter>
<iter>
<var name="${ya}">36</var>
<kw name="Get Sap Table Value" library="SAP_Tcode_Library">
<var>${log}</var>
<arg>wnd[1]/usr/tabsG_TS_ALV/tabpALV_M_R1/ssubSUB_CONFIGURATION:SAPLSALV_CUL_COLUMN_SELECTION:0620/cntlCONTAINER1_LAYO/shellcont/shell</arg>
<arg>row_num=${ya}</arg>
<arg>column_id=SELTEXT</arg>
<msg timestamp="20250120 11:07:13.116" level="INFO">${log} = FAIL</msg>
<status status="PASS" starttime="20250120 11:07:13.115" endtime="20250120 11:07:13.116"/>
</kw>
<if>
<branch type="IF" condition="'${first_data}' == '${log}'">
<kw name="Matching_Row" library="VA45">
<arg>${row_index}</arg>
<arg>${log}</arg>
<status status="NOT RUN" starttime="20250120 11:07:13.117" endtime="20250120 11:07:13.117"/>
</kw>
<kw name="Evaluate" library="BuiltIn">
<var>${ya}</var>
<arg>${row_count_one} - 1</arg>
<doc>Evaluates the given expression in Python and returns the result.</doc>
<status status="NOT RUN" starttime="20250120 11:07:13.117" endtime="20250120 11:07:13.117"/>
</kw>
<status status="NOT RUN" starttime="20250120 11:07:13.117" endtime="20250120 11:07:13.117"/>
</branch>
<status status="PASS" starttime="20250120 11:07:13.117" endtime="20250120 11:07:13.117"/>
</if>
<status status="PASS" starttime="20250120 11:07:13.115" endtime="20250120 11:07:13.117"/>
</iter>
<iter>
<var name="${ya}">37</var>
<kw name="Get Sap Table Value" library="SAP_Tcode_Library">
<var>${log}</var>
<arg>wnd[1]/usr/tabsG_TS_ALV/tabpALV_M_R1/ssubSUB_CONFIGURATION:SAPLSALV_CUL_COLUMN_SELECTION:0620/cntlCONTAINER1_LAYO/shellcont/shell</arg>
<arg>row_num=${ya}</arg>
<arg>column_id=SELTEXT</arg>
<msg timestamp="20250120 11:07:13.119" level="INFO">${log} = FAIL</msg>
<status status="PASS" starttime="20250120 11:07:13.118" endtime="20250120 11:07:13.119"/>
</kw>
<if>
<branch type="IF" condition="'${first_data}' == '${log}'">
<kw name="Matching_Row" library="VA45">
<arg>${row_index}</arg>
<arg>${log}</arg>
<status status="NOT RUN" starttime="20250120 11:07:13.121" endtime="20250120 11:07:13.123"/>
</kw>
<kw name="Evaluate" library="BuiltIn">
<var>${ya}</var>
<arg>${row_count_one} - 1</arg>
<doc>Evaluates the given expression in Python and returns the result.</doc>
<status status="NOT RUN" starttime="20250120 11:07:13.123" endtime="20250120 11:07:13.123"/>
</kw>
<status status="NOT RUN" starttime="20250120 11:07:13.120" endtime="20250120 11:07:13.123"/>
</branch>
<status status="PASS" starttime="20250120 11:07:13.119" endtime="20250120 11:07:13.124"/>
</if>
<status status="PASS" starttime="20250120 11:07:13.117" endtime="20250120 11:07:13.124"/>
</iter>
<iter>
<var name="${ya}">38</var>
<kw name="Get Sap Table Value" library="SAP_Tcode_Library">
<var>${log}</var>
[...]
</branch>
<status status="PASS" starttime="20250120 11:07:35.835" endtime="20250120 11:07:35.835"/>
</if>
<status status="PASS" starttime="20250120 11:07:35.835" endtime="20250120 11:07:35.835"/>
</branch>
<status status="PASS" starttime="20250120 11:07:35.835" endtime="20250120 11:07:35.835"/>
</if>
<status status="PASS" starttime="20250120 11:07:35.772" endtime="20250120 11:07:35.835"/>
</iter>
<iter>
<var name="${i}">1</var>
<kw name="Run Keyword And Return Status" library="BuiltIn">
<var>${is_visible}</var>
<arg>Get Value</arg>
<arg>wnd[0]/usr/tabsTAXI_TABSTRIP/tabpT\\05/ssubSUBSCREEN_BODY:SAPLV60F:4201/tblSAPLV60FTCTRL_FPLAN_PERIOD/ctxtRV60F-ABRBE[0,${i}]</arg>
<doc>Runs the given keyword with given arguments and returns the status as a Boolean value.</doc>
<kw name="Get Value" library="SAP_Tcode_Library">
<arg>wnd[0]/usr/tabsTAXI_TABSTRIP/tabpT\\05/ssubSUBSCREEN_BODY:SAPLV60F:4201/tblSAPLV60FTCTRL_FPLAN_PERIOD/ctxtRV60F-ABRBE[0,${i}]</arg>
<doc>Gets the value of the given element. The possible return values depend on the type of element (see Return values).</doc>
<status status="PASS" starttime="20250120 11:07:35.835" endtime="20250120 11:07:35.866"/>
</kw>
<msg timestamp="20250120 11:07:35.866" level="INFO">${is_visible} = True</msg>
<status status="PASS" starttime="20250120 11:07:35.835" endtime="20250120 11:07:35.866"/>
</kw>
<kw name="Run Keyword If" library="BuiltIn">
<arg>"${is_visible}" == "False"</arg>
<arg>Exit For Loop</arg>
<doc>Runs the given keyword with the given arguments, if ``condition`` is true.</doc>
<status status="PASS" starttime="20250120 11:07:35.866" endtime="20250120 11:07:35.866"/>
</kw>
<kw name="Get Value" library="SAP_Tcode_Library">
<var>${date1}</var>
<arg>wnd[0]/usr/tabsTAXI_TABSTRIP/tabpT\\05/ssubSUBSCREEN_BODY:SAPLV60F:4201/tblSAPLV60FTCTRL_FPLAN_PERIOD/ctxtRV60F-ABRBE[0,${i}]</arg>
<doc>Gets the value of the given element. The possible return values depend on the type of element (see Return values).</doc>
<msg timestamp="20250120 11:07:35.897" level="INFO">${date1} = 01.12.2024</msg>
<status status="PASS" starttime="20250120 11:07:35.866" endtime="20250120 11:07:35.897"/>
</kw>
<kw name="Set Global Variable" library="BuiltIn">
<arg>${i}</arg>
<doc>Makes a variable available globally in all tests and suites.</doc>
<msg timestamp="20250120 11:07:35.897" level="INFO">${i} = 1</msg>
<status status="PASS" starttime="20250120 11:07:35.897" endtime="20250120 11:07:35.897"/>
</kw>
<if>
<branch type="IF" condition="'${date1}' == ' '">
<kw name="Append To List" library="Collections">
<arg>${rows_to_delete}</arg>
<arg>${k}</arg>
<doc>Adds ``values`` to the end of ``list``.</doc>
<status status="NOT RUN" starttime="20250120 11:07:35.897" endtime="20250120 11:07:35.897"/>
</kw>
<kw name="Exit For Loop" library="BuiltIn">
<doc>Stops executing the enclosing FOR loop.</doc>
<status status="NOT RUN" starttime="20250120 11:07:35.897" endtime="20250120 11:07:35.897"/>
</kw>
<status status="NOT RUN" starttime="20250120 11:07:35.897" endtime="20250120 11:07:35.897"/>
</branch>
<branch type="ELSE">
<kw name="Convert Date Format1" library="SAP_Tcode_Library">
<var>${date}</var>
<arg>${date1}</arg>
<msg timestamp="20250120 11:07:35.897" level="INFO">${date} = 2024.12.01</msg>
<status status="PASS" starttime="20250120 11:07:35.897" endtime="20250120 11:07:35.897"/>
</kw>
<kw name="Compare Dates" library="SAP_Tcode_Library">
<var>${result}</var>
<arg>${date}</arg>
<arg>${start_date}</arg>
<arg>${end_date}</arg>
<msg timestamp="20250120 11:07:35.897" level="INFO">${result} = False</msg>
<status status="PASS" starttime="20250120 11:07:35.897" endtime="20250120 11:07:35.897"/>
</kw>
<if>
<branch type="IF" condition="'${result}' == 'True'">
<kw name="verify date" library="VA45">
<arg>${rows_to_delete}</arg>
<arg>${k}</arg>
<status status="NOT RUN" starttime="20250120 11:07:35.897" endtime="20250120 11:07:35.897"/>
</kw>
<kw name="Exit For Loop" library="BuiltIn">
<doc>Stops executing the enclosing FOR loop.</doc>
<status status="NOT RUN" starttime="20250120 11:07:35.897" endtime="20250120 11:07:35.897"/>
</kw>
<status status="NOT RUN" starttime="20250120 11:07:35.897" endtime="20250120 11:07:35.897"/>
</branch>
<status status="PASS" starttime="20250120 11:07:35.897" endtime="20250120 11:07:35.897"/>
</if>
<status status="PASS" starttime="20250120 11:07:35.897" endtime="20250120 11:07:35.897"/>
</branch>
<status status="PASS" starttime="20250120 11:07:35.897" endtime="20250120 11:07:35.897"/>
</if>
<status status="PASS" starttime="20250120 11:07:35.835" endtime="20250120 11:07:35.897"/>
</iter>
<iter>
<var name="${i}">2</var>
<kw name="Run Keyword And Return Status" library="BuiltIn">
<var>${is_visible}</var>
<arg>Get Value</arg>
<arg>wnd[0]/usr/tabsTAXI_TABSTRIP/tabpT\\05/ssubSUBSCREEN_BODY:SAPLV60F:4201/tblSAPLV60FTCTRL_FPLAN_PERIOD/ctxtRV60F-ABRBE[0,${i}]</arg>
<doc>Runs the given keyword with given arguments and returns the status as a Boolean value.</doc>
<kw name="Get Value" library="SAP_Tcode_Library">
<arg>wnd[0]/usr/tabsTAXI_TABSTRIP/tabpT\\05/ssubSUBSCREEN_BODY:SAPLV60F:4201/tblSAPLV60FTCTRL_FPLAN_PERIOD/ctxtRV60F-ABRBE[0,${i}]</arg>
<doc>Gets the value of the given element. The possible return values depend on the type of element (see Return values).</doc>
<status status="PASS" starttime="20250120 11:07:35.897" endtime="20250120 11:07:35.929"/>
</kw>
<msg timestamp="20250120 11:07:35.929" level="INFO">${is_visible} = True</msg>
<status status="PASS" starttime="20250120 11:07:35.897" endtime="20250120 11:07:35.929"/>
</kw>
<kw name="Run Keyword If" library="BuiltIn">
<arg>"${is_visible}" == "False"</arg>
<arg>Exit For Loop</arg>
<doc>Runs the given keyword with the given arguments, if ``condition`` is true.</doc>
<status status="PASS" starttime="20250120 11:07:35.929" endtime="20250120 11:07:35.929"/>
</kw>
<kw name="Get Value" library="SAP_Tcode_Library">
<var>${date1}</var>
<arg>wnd[0]/usr/tabsTAXI_TABSTRIP/tabpT\\05/ssubSUBSCREEN_BODY:SAPLV60F:4201/tblSAPLV60FTCTRL_FPLAN_PERIOD/ctxtRV60F-ABRBE[0,${i}]</arg>
<doc>Gets the value of the given element. The possible return values depend on the type of element (see Return values).</doc>
<msg timestamp="20250120 11:07:35.944" level="INFO">${date1} = 01.01.2025</msg>
<status status="PASS" starttime="20250120 11:07:35.929" endtime="20250120 11:07:35.944"/>
</kw>
<kw name="Set Global Variable" library="BuiltIn">
<arg>${i}</arg>
<doc>Makes a variable available globally in all tests and suites.</doc>
<msg timestamp="20250120 11:07:35.944" level="INFO">${i} = 2</msg>
<status status="PASS" starttime="20250120 11:07:35.944" endtime="20250120 11:07:35.944"/>
</kw>
<if>
<branch type="IF" condition="'${date1}' == ' '">
<kw name="Append To List" library="Collections">
<arg>${rows_to_delete}</arg>
<arg>${k}</arg>
<doc>Adds ``values`` to the end of ``list``.</doc>
<status status="NOT RUN" starttime="20250120 11:07:35.944" endtime="20250120 11:07:35.944"/>
</kw>
<kw name="Exit For Loop" library="BuiltIn">
<doc>Stops executing the enclosing FOR loop.</doc>
<status status="NOT RUN" starttime="20250120 11:07:35.944" endtime="20250120 11:07:35.944"/>
</kw>
<status status="NOT RUN" starttime="20250120 11:07:35.944" endtime="20250120 11:07:35.944"/>
</branch>
<branch type="ELSE">
<kw name="Convert Date Format1" library="SAP_Tcode_Library">
<var>${date}</var>
<arg>${date1}</arg>
<msg timestamp="20250120 11:07:35.944" level="INFO">${date} = 2025.01.01</msg>
<status status="PASS" starttime="20250120 11:07:35.944" endtime="20250120 11:07:35.944"/>
</kw>
<kw name="Compare Dates" library="SAP_Tcode_Library">
<var>${result}</var>
<arg>${date}</arg>
<arg>${start_date}</arg>
<arg>${end_date}</arg>
<msg timestamp="20250120 11:07:35.944" level="INFO">${result} = False</msg>
<status status="PASS" starttime="20250120 11:07:35.944" endtime="20250120 11:07:35.944"/>
</kw>
<if>
<branch type="IF" condition="'${result}' == 'True'">
<kw name="verify date" library="VA45">
<arg>${rows_to_delete}</arg>
<arg>${k}</arg>
<status status="NOT RUN" starttime="20250120 11:07:35.944" endtime="20250120 11:07:35.944"/>
</kw>
<kw name="Exit For Loop" library="BuiltIn">
<doc>Stops executing the enclosing FOR loop.</doc>
<status status="NOT RUN" starttime="20250120 11:07:35.944" endtime="20250120 11:07:35.944"/>
</kw>
<status status="NOT RUN" starttime="20250120 11:07:35.944" endtime="20250120 11:07:35.944"/>
</branch>
<status status="PASS" starttime="20250120 11:07:35.944" endtime="20250120 11:07:35.944"/>
</if>
<status status="PASS" starttime="20250120 11:07:35.944" endtime="20250120 11:07:35.944"/>
</branch>
<status status="PASS" starttime="20250120 11:07:35.944" endtime="20250120 11:07:35.944"/>
</if>
<status status="PASS" starttime="20250120 11:07:35.897" endtime="20250120 11:07:35.944"/>
</iter>
<iter>
<var name="${i}">3</var>
<kw name="Run Keyword And Return Status" library="BuiltIn">
<var>${is_visible}</var>
<arg>Get Value</arg>
<arg>wnd[0]/usr/tabsTAXI_TABSTRIP/tabpT\\05/ssubSUBSCREEN_BODY:SAPLV60F:4201/tblSAPLV60FTCTRL_FPLAN_PERIOD/ctxtRV60F-ABRBE[0,${i}]</arg>
<doc>Runs the given keyword with given arguments and returns the status as a Boolean value.</doc>
<kw name="Get Value" library="SAP_Tcode_Library">
<arg>wnd[0]/usr/tabsTAXI_TABSTRIP/tabpT\\05/ssubSUBSCREEN_BODY:SAPLV60F:4201/tblSAPLV60FTCTRL_FPLAN_PERIOD/ctxtRV60F-ABRBE[0,${i}]</arg>
<doc>Gets the value of the given element. The possible return values depend on the type of element (see Return values).</doc>
<status status="PASS" starttime="20250120 11:07:35.944" endtime="20250120 11:07:35.991"/>
</kw>
<msg timestamp="20250120 11:07:35.991" level="INFO">${is_visible} = True</msg>
<status status="PASS" starttime="20250120 11:07:35.944" endtime="20250120 11:07:35.991"/>
</kw>
<kw name="Run Keyword If" library="BuiltIn">
<arg>"${is_visible}" == "False"</arg>
<arg>Exit For Loop</arg>
<doc>Runs the given keyword with the given arguments, if ``condition`` is true.</doc>
<status status="PASS" starttime="20250120 11:07:35.991" endtime="20250120 11:07:35.991"/>
</kw>
<kw name="Get Value" library="SAP_Tcode_Library">
<var>${date1}</var>
<arg>wnd[0]/usr/tabsTAXI_TABSTRIP/tabpT\\05/ssubSUBSCREEN_BODY:SAPLV60F:4201/tblSAPLV60FTCTRL_FPLAN_PERIOD/ctxtRV60F-ABRBE[0,${i}]</arg>
<doc>Gets the value of the given element. The possible return values depend on the type of element (see Return values).</doc>
<msg timestamp="20250120 11:07:36.007" level="INFO">${date1} = </msg>
<status status="PASS" starttime="20250120 11:07:35.991" endtime="20250120 11:07:36.007"/>
</kw>
<kw name="Set Global Variable" library="BuiltIn">
<arg>${i}</arg>
<doc>Makes a variable available globally in all tests and suites.</doc>
<msg timestamp="20250120 11:07:36.007" level="INFO">${i} = 3</msg>
<status status="PASS" starttime="20250120 11:07:36.007" endtime="20250120 11:07:36.007"/>
</kw>
<if>
<branch type="IF" condition="'${date1}' == ' '">
<kw name="Append To List" library="Collections">
<arg>${rows_to_delete}</arg>
<arg>${k}</arg>
<doc>Adds ``values`` to the end of ``list``.</doc>
<status status="NOT RUN" starttime="20250120 11:07:36.007" endtime="20250120 11:07:36.007"/>
</kw>
<kw name="Exit For Loop" library="BuiltIn">
<doc>Stops executing the enclosing FOR loop.</doc>
<status status="NOT RUN" starttime="20250120 11:07:36.007" endtime="20250120 11:07:36.007"/>
</kw>
<status status="NOT RUN" starttime="20250120 11:07:36.007" endtime="20250120 11:07:36.007"/>
</branch>
<branch type="ELSE">
<kw name="Convert Date Format1" library="SAP_Tcode_Library">
<var>${date}</var>
<arg>${date1}</arg>
<msg timestamp="20250120 11:07:36.007" level="FAIL">ValueError: time data '' does not match format '%d.%m.%Y'</msg>
<status status="FAIL" starttime="20250120 11:07:36.007" endtime="20250120 11:07:36.007"/>
</kw>
<kw name="Compare Dates" library="SAP_Tcode_Library">
<var>${result}</var>
<arg>${date}</arg>
<arg>${start_date}</arg>
<arg>${end_date}</arg>
<status status="NOT RUN" starttime="20250120 11:07:36.007" endtime="20250120 11:07:36.007"/>
</kw>
<if>
<branch type="IF" condition="'${result}' == 'True'">
<kw name="verify date" library="VA45">
<arg>${rows_to_delete}</arg>
<arg>${k}</arg>
<status status="NOT RUN" starttime="20250120 11:07:36.007" endtime="20250120 11:07:36.007"/>
</kw>
<kw name="Exit For Loop" library="BuiltIn">
<doc>Stops executing the enclosing FOR loop.</doc>
<status status="NOT RUN" starttime="20250120 11:07:36.007" endtime="20250120 11:07:36.007"/>
</kw>
<status status="NOT RUN" starttime="20250120 11:07:36.007" endtime="20250120 11:07:36.007"/>
</branch>
<status status="NOT RUN" starttime="20250120 11:07:36.007" endtime="20250120 11:07:36.007"/>
</if>
<status status="FAIL" starttime="20250120 11:07:36.007" endtime="20250120 11:07:36.007"/>
</branch>
<status status="FAIL" starttime="20250120 11:07:36.007" endtime="20250120 11:07:36.007"/>
</if>
<status status="FAIL" starttime="20250120 11:07:35.944" endtime="20250120 11:07:36.007"/>
</iter>
<status status="FAIL" starttime="20250120 11:07:35.772" endtime="20250120 11:07:36.007"/>
</for>
<status status="FAIL" starttime="20250120 11:07:32.109" endtime="20250120 11:07:36.007"/>
</iter>
<status status="FAIL" starttime="20250120 11:07:19.669" endtime="20250120 11:07:36.007"/>
</for>
<kw name="Log To Console" library="BuiltIn">
<arg>rows needed to be deleted : ${rows_to_delete}</arg>
<doc>Logs the given message to the console.</doc>
<status status="NOT RUN" starttime="20250120 11:07:36.007" endtime="20250120 11:07:36.007"/>
</kw>
<kw name="Delete the rows" library="VA45">
<arg>${rows_to_delete}</arg>
<status status="NOT RUN" starttime="20250120 11:07:36.007" endtime="20250120 11:07:36.007"/>
</kw>
<status status="FAIL" starttime="20250120 11:07:19.654" endtime="20250120 11:07:36.007"/>
</kw>
<kw name="Excel To Json New" library="SAP_Tcode_Library">
<var>${json}</var>
<arg>excel_file=C:\\TEMP\\rental.xlsx</arg>
<arg>json_file=C:\\TEMP\\rental.json</arg>
<status status="NOT RUN" starttime="20250120 11:07:36.007" endtime="20250120 11:07:36.007"/>
</kw>
<if>
<branch type="IF" condition="'${json}' == '[]'">
<kw name="Log To Console" library="BuiltIn">
<arg>**gbStart**document_availability**splitKeyValue**Currently No open Contract available**splitKeyValue**object**gbEnd**</arg>
<doc>Logs the given message to the console.</doc>
<status status="NOT RUN" starttime="20250120 11:07:36.007" endtime="20250120 11:07:36.007"/>
</kw>
<status status="NOT RUN" starttime="20250120 11:07:36.007" endtime="20250120 11:07:36.007"/>
</branch>
<branch type="ELSE">
<kw name="Output Proper Json" library="SAP_Tcode_Library">
<var>${proper_json}</var>
<arg>${json}</arg>
<status status="NOT RUN" starttime="20250120 11:07:36.007" endtime="20250120 11:07:36.007"/>
</kw>
<kw name="Log To Console" library="BuiltIn">
<arg>**gbStart**document_selection**splitKeyValue**${proper_json}**splitKeyValue**object**gbEnd**</arg>
<doc>Logs the given message to the console.</doc>
<status status="NOT RUN" starttime="20250120 11:07:36.007" endtime="20250120 11:07:36.007"/>
</kw>
<kw name="Sleep" library="BuiltIn">
<arg>2</arg>
<doc>Pauses the test executed for the given time.</doc>
<status status="NOT RUN" starttime="20250120 11:07:36.007" endtime="20250120 11:07:36.007"/>
</kw>
<status status="NOT RUN" starttime="20250120 11:07:36.007" endtime="20250120 11:07:36.007"/>
</branch>
<status status="NOT RUN" starttime="20250120 11:07:36.007" endtime="20250120 11:07:36.007"/>
</if>
<status status="FAIL" starttime="20250120 11:07:08.577" endtime="20250120 11:07:36.007"/>
</branch>
<status status="FAIL" starttime="20250120 11:07:08.577" endtime="20250120 11:07:36.007"/>
</if>
<status status="FAIL" starttime="20250120 11:07:08.569" endtime="20250120 11:07:36.007"/>
</kw>
<status status="FAIL" starttime="20250120 11:07:08.569" endtime="20250120 11:07:36.007"/>
</branch>
<status status="FAIL" starttime="20250120 11:07:08.568" endtime="20250120 11:07:36.007"/>
</if>
<status status="FAIL" starttime="20250120 11:07:07.439" endtime="20250120 11:07:36.007"/>
</kw>
<tag>Regression</tag>
<tag>VA45</tag>
<status status="FAIL" starttime="20250120 11:07:07.438" endtime="20250120 11:07:36.007">ValueError: time data '' does not match format '%d.%m.%Y'</status>
</test>
<kw name="System Logout" library="VA45" type="TEARDOWN">
<kw name="Run Transaction" library="SAP_Tcode_Library">
<arg>/nex</arg>
<doc>Runs a Sap transaction. An error is given when an unknown transaction is specified.</doc>
<status status="PASS" starttime="20250120 11:07:36.007" endtime="20250120 11:07:36.069"/>
</kw>
<status status="PASS" starttime="20250120 11:07:36.007" endtime="20250120 11:07:36.069"/>
</kw>
<status status="FAIL" starttime="20250120 11:07:06.623" endtime="20250120 11:07:36.069"/>
</suite>
<doc>Testing functionality through Robot Framework</doc>
<meta name="environment">Dev</meta>
<meta name="test_browser_name">chrome</meta>
<meta name="test_browser_version">132.0.6834.83</meta>
<meta name="test_driver_version">131.0.6778.204 </meta>
<meta name="test_environment">Dev</meta>
<meta name="test_freeze_dependencies">acres==0.2.0,astroid==3.3.8,attrs==24.3.0,beautifulsoup4==4.12.3,bs4==0.0.2,certifi==2024.12.14,cffi==1.17.1,chardet==5.2.0,charset-normalizer==3.4.1,ci-info==0.3.0,click==8.1.8,colorama==0.4.6,configobj==5.0.9,configparser==7.1.0,cryptography==44.0.0,defusedxml==0.7.1,dill==0.3.9,docutils==0.21.2,et_xmlfile==2.0.0,etelemetry==0.3.1,exceptiongroup==1.2.2,filelock==3.16.1,fitz==0.0.1.dev2,gitdb==4.0.11,GitPython==3.1.43,h11==0.14.0,httplib2==0.22.0,idna==3.10,isodate==0.6.1,isort==5.13.2,Jinja2==3.1.5,jira==3.8.0,jsonpath-ng==1.7.0,jsonschema==4.23.0,jsonschema-specifications==2024.10.1,lazy-object-proxy==1.10.0,looseversion==1.3.0,lxml==5.3.0,markdown-it-py==3.0.0,MarkupSafe==3.0.2,mccabe==0.7.0,mdurl==0.1.2,natsort==8.4.0,networkx==3.4.2,nibabel==5.3.2,nipype==1.9.2,numpy==2.2.1,O365==2.0.38,oauthlib==3.2.2,opencv-python-headless==4.10.0.84,openpyxl==3.1.5,outcome==1.3.0.post0,packaging==24.2,pandas==2.2.3,pathlib==1.0.1,pathspec==0.11.2,pillow==11.0.0,pip==24.3.1,platformdirs==4.3.6,ply==3.11,prov==2.0.1,puremagic==1.28,pycparser==2.22,pydot==3.0.3,Pygments==2.18.0,pylint==3.3.3,PyMuPDF==1.25.1,pyparsing==3.2.1,PySocks==1.7.1,pytesseract==0.3.13,python-dateutil==2.9.0.post0,pytz==2024.2,pywin32==308,pyxnat==1.6.2,PyYAML==6.0.2,rdflib==6.3.2,referencing==0.35.1,requests==2.32.3,requests-oauthlib==2.0.0,requests-toolbelt==1.0.0,rich==13.9.4,rich-click==1.6.1,robotframework==6.0.2,robotframework-datadriver==1.9.0,robotframework-excellib==2.0.1,robotframework-jsonlibrary==0.5,robotframework-pabot==2.16.0,robotframework-pythonlibcore==4.2.0,robotframework-requests==0.9.2,robotframework-sapguilibrary==1.1,robotframework-seleniumlibrary==5.1.3,robotframework-stacktrace==0.4.1,robotframework-tidy==4.5.0,rpds-py==0.22.3,scipy==1.14.1,selenium==4.9.1,setuptools==75.6.0,simplejson==3.19.3,six==1.17.0,smmap==5.0.1,sniffio==1.3.1,sortedcontainers==2.4.0,soupsieve==2.6,tomli==2.0.2,tomlkit==0.13.2,traits==6.4.3,trio==0.28.0,trio-websocket==0.11.1,typing_extensions==4.12.2,tzdata==2024.2,tzlocal==5.2,urllib3==2.3.0,wheel==0.45.1,wrapt==1.17.0,wsproto==1.2.0</meta>
<status status="FAIL" starttime="20250120 11:07:02.616" endtime="20250120 11:07:36.085"/>
</suite>
<statistics>
<total>
<stat pass="0" fail="1" skip="0">All Tests</stat>
</total>
<tag>
<stat pass="0" fail="1" skip="0">Regression</stat>
<stat pass="0" fail="1" skip="0">VA45</stat>
</tag>
<suite>
<stat pass="0" fail="1" skip="0" id="s1" name="Tests">Tests</stat>
<stat pass="0" fail="1" skip="0" id="s1-s1" name="Test VA45">Tests.Test VA45</stat>
</suite>
</statistics>
<errors>
<msg timestamp="20250120 11:07:31.904" level="WARN">Taking screenshot failed: OSError: screen grab failed
Make sure tests are run with a physical or virtual display.</msg>
<msg timestamp="20250120 11:07:35.757" level="WARN">Taking screenshot failed: OSError: screen grab failed
Make sure tests are run with a physical or virtual display.</msg>
</errors>
</robot>
