==============================================================================
Tests :: Testing functionality through Robot Framework                        
==============================================================================
Tests.Test SLDAPICUST                                                         
==============================================================================
  
  Traceback (most recent call last):
    ~~~~~~~~~~~~~~~~~~~~~~~~~~~~~~~~~~~~~~~~~~~~~~~~~~~~~~~~~~~~~~~~~~~~~~~~~~
    File  C:\RobotFramework\sap_testing\Tests\Test_SLDAPICUST.robot:4
      System Logon    
    ~~~~~~~~~~~~~~~~~~~~~~~~~~~~~~~~~~~~~~~~~~~~~~~~~~~~~~~~~~~~~~~~~~~~~~~~~~
    File  C:\RobotFramework\sap_testing\Tests\Resource\SLDAPICUST.robot:13
      Input Text    wnd[0]/usr/txtRSYST-MANDT    ${symvar('Client_Id')}
      |  ${symvar('Client_Id')} = 001 (str)
______________________________________________________________________________
Executing SLDAPICUST                                                  | FAIL |
Parent suite setup failed:
AttributeError: Property '<unknown>.text' can not be set.
------------------------------------------------------------------------------
  
  Traceback (most recent call last):
    ~~~~~~~~~~~~~~~~~~~~~~~~~~~~~~~~~~~~~~~~~~~~~~~~~~~~~~~~~~~~~~~~~~~~~~~~~~
    File  C:\RobotFramework\sap_testing\Tests\Test_SLDAPICUST.robot:5
      System Logout    
    ~~~~~~~~~~~~~~~~~~~~~~~~~~~~~~~~~~~~~~~~~~~~~~~~~~~~~~~~~~~~~~~~~~~~~~~~~~
    File  C:\RobotFramework\sap_testing\Tests\Resource\SLDAPICUST.robot:24
      Run Transaction    /nex
______________________________________________________________________________
Tests.Test SLDAPICUST                                                 | FAIL |
Suite setup failed:
AttributeError: Property '<unknown>.text' can not be set.

Also suite teardown failed:
AttributeError: Property '<unknown>.text' can not be set.

1 test, 0 passed, 1 failed
==============================================================================
Tests :: Testing functionality through Robot Framework                | FAIL |
1 test, 0 passed, 1 failed
==============================================================================
Output:  C:\SAP_Testing\SAPtesting\new2output\586d2815-9fe8-45ab-96e9-faa5697f627b\pabot_results\0\Output.xml
