==============================================================================
Tests :: Testing functionality through Robot Framework                        
==============================================================================
Tests.Test SLDAPICUST                                                         
==============================================================================
Executing SLDAPICUST                                                    
  Traceback (most recent call last):
    ~~~~~~~~~~~~~~~~~~~~~~~~~~~~~~~~~~~~~~~~~~~~~~~~~~~~~~~~~~~~~~~~~~~~~~~~~~
    File  C:\RobotFramework\sap_testing\Tests\Test_SLDAPICUST.robot:9
    T:  Executing SLDAPICUST    
    ~~~~~~~~~~~~~~~~~~~~~~~~~~~~~~~~~~~~~~~~~~~~~~~~~~~~~~~~~~~~~~~~~~~~~~~~~~
    File  C:\RobotFramework\sap_testing\Tests\Test_SLDAPICUST.robot:12
      Sldapicust display    
    ~~~~~~~~~~~~~~~~~~~~~~~~~~~~~~~~~~~~~~~~~~~~~~~~~~~~~~~~~~~~~~~~~~~~~~~~~~
    File  C:\RobotFramework\sap_testing\Tests\Resource\SLDAPICUST.robot:41
      Input Text    wnd[1]/usr/tabsG_SELONETABSTRIP/tabpTAB001/ssubSUBSCR_PRESEL:SAPLSDH4:0220/sub:SAPLSDH4:0220/txtG_SELFLD_TAB-LOW[0,24]    SLD_BCSCLNTPO
______________________________________________________________________________
| FAIL |
ValueError: Cannot find element with id 'wnd[1]/usr/tabsG_SELONETABSTRIP/tabpTAB001/ssubSUBSCR_PRESEL:SAPLSDH4:0220/sub:SAPLSDH4:0220/txtG_SELFLD_TAB-LOW[0,24]'
------------------------------------------------------------------------------
  
  Traceback (most recent call last):
    ~~~~~~~~~~~~~~~~~~~~~~~~~~~~~~~~~~~~~~~~~~~~~~~~~~~~~~~~~~~~~~~~~~~~~~~~~~
    File  C:\RobotFramework\sap_testing\Tests\Test_SLDAPICUST.robot:5
      System Logout    
    ~~~~~~~~~~~~~~~~~~~~~~~~~~~~~~~~~~~~~~~~~~~~~~~~~~~~~~~~~~~~~~~~~~~~~~~~~~
    File  C:\RobotFramework\sap_testing\Tests\Resource\SLDAPICUST.robot:29
      Copy Images    ${source_directory}    ${symvar('target_directory')}
      |  ${source_directory} = C:\RobotFramework\sap_testing\Output\730dc22a-6d31-408c-b77b-01e8a1b7d450\pabot_results\0 (str)
      |  ${symvar('target_directory')} =  (str)
______________________________________________________________________________
Tests.Test SLDAPICUST                                                 | FAIL |
Suite teardown failed:
FileNotFoundError: [WinError 3] The system cannot find the path specified: ''

1 test, 0 passed, 1 failed
==============================================================================
Tests :: Testing functionality through Robot Framework                | FAIL |
1 test, 0 passed, 1 failed
==============================================================================
Output:  C:\RobotFramework\sap_testing\Output\730dc22a-6d31-408c-b77b-01e8a1b7d450\pabot_results\0\Output.xml
