==============================================================================
Tests :: Testing functionality through Robot Framework                        
==============================================================================
Tests.Test Addon                                                              
==============================================================================
  
  Traceback (most recent call last):
    ~~~~~~~~~~~~~~~~~~~~~~~~~~~~~~~~~~~~~~~~~~~~~~~~~~~~~~~~~~~~~~~~~~~~~~~~~~
<<<<<<< HEAD
    File  C:\SAP_Testing\SAPtesting\Tests\Test_Addon.robot:5
      System Logon    
    ~~~~~~~~~~~~~~~~~~~~~~~~~~~~~~~~~~~~~~~~~~~~~~~~~~~~~~~~~~~~~~~~~~~~~~~~~~
    File  C:\SAP_Testing\SAPtesting\Tests\Resource\Common_Function.robot:18
=======
    File  C:\RobotFramework\SAPtesting\Tests\Test_Addon.robot:5
      System Logon    
    ~~~~~~~~~~~~~~~~~~~~~~~~~~~~~~~~~~~~~~~~~~~~~~~~~~~~~~~~~~~~~~~~~~~~~~~~~~
    File  C:\RobotFramework\SAPtesting\Tests\Resource\Common_Function.robot:18
>>>>>>> f2a6fa160e10b08c47007fdec444a649f20d929f
      Start Process    ${symvar('EXE_PAD')}
      |  ${symvar('EXE_PAD')} =  (str)
______________________________________________________________________________
Check_Saint Transation Code                                           | FAIL |
Parent suite setup failed:
OSError: [WinError 87] The parameter is incorrect
------------------------------------------------------------------------------
  
  Traceback (most recent call last):
    ~~~~~~~~~~~~~~~~~~~~~~~~~~~~~~~~~~~~~~~~~~~~~~~~~~~~~~~~~~~~~~~~~~~~~~~~~~
<<<<<<< HEAD
    File  C:\SAP_Testing\SAPtesting\Tests\Test_Addon.robot:6
      System Logout    
    ~~~~~~~~~~~~~~~~~~~~~~~~~~~~~~~~~~~~~~~~~~~~~~~~~~~~~~~~~~~~~~~~~~~~~~~~~~
    File  C:\SAP_Testing\SAPtesting\Tests\Resource\Common_Function.robot:39
=======
    File  C:\RobotFramework\SAPtesting\Tests\Test_Addon.robot:6
      System Logout    
    ~~~~~~~~~~~~~~~~~~~~~~~~~~~~~~~~~~~~~~~~~~~~~~~~~~~~~~~~~~~~~~~~~~~~~~~~~~
    File  C:\RobotFramework\SAPtesting\Tests\Resource\Common_Function.robot:39
>>>>>>> f2a6fa160e10b08c47007fdec444a649f20d929f
      Run Transaction    /nex
______________________________________________________________________________
Tests.Test Addon                                                      | FAIL |
Suite setup failed:
OSError: [WinError 87] The parameter is incorrect

Also suite teardown failed:
AttributeError: 'int' object has no attribute 'findById'

1 test, 0 passed, 1 failed
==============================================================================
Tests :: Testing functionality through Robot Framework                | FAIL |
1 test, 0 passed, 1 failed
==============================================================================
<<<<<<< HEAD
Output:  C:\SAP_Testing\SAPtesting\Output\pabot_results\6\Output.xml
=======
Output:  C:\RobotFramework\SAPtesting\Output\pabot_results\6\Output.xml
>>>>>>> f2a6fa160e10b08c47007fdec444a649f20d929f
