[ WARN ] Failed to fetch value for field: Sym.Dev.EXE_PAD
[ WARN ] Traceback (most recent call last):
<<<<<<< HEAD
  File "C:\SAP_Testing\SAPtesting\Execution\Access_Data.py", line 58, in get_data
=======
  File "C:\RobotFramework\SAPtesting\Execution\Access_Data.py", line 58, in get_data
>>>>>>> f2a6fa160e10b08c47007fdec444a649f20d929f
    field_value = eval(command)
                  ^^^^^^^^^^^^^
  File "<string>", line 1, in <module>
AttributeError: module 'Data.Symphony.Dev' has no attribute 'EXE_PAD'

[ WARN ] Failed to fetch value for field: Sym.Dev.EXE_PAD
[ WARN ] Traceback (most recent call last):
<<<<<<< HEAD
  File "C:\Program Files\Python312\Lib\subprocess.py", line 1026, in __init__
    self._execute_child(args, executable, preexec_fn, close_fds,
  File "C:\Program Files\Python312\Lib\subprocess.py", line 1538, in _execute_child
=======
  File "C:\Users\a_ramyar\AppData\Local\Programs\Python\Python312\Lib\subprocess.py", line 1026, in __init__
    self._execute_child(args, executable, preexec_fn, close_fds,
  File "C:\Users\a_ramyar\AppData\Local\Programs\Python\Python312\Lib\subprocess.py", line 1538, in _execute_child
>>>>>>> f2a6fa160e10b08c47007fdec444a649f20d929f
    hp, ht, pid, tid = _winapi.CreateProcess(executable, args,
                       ^^^^^^^^^^^^^^^^^^^^^^^^^^^^^^^^^^^^^^^
OSError: [WinError 87] The parameter is incorrect

During handling of the above exception, another exception occurred:

Traceback (most recent call last):
<<<<<<< HEAD
  File "C:\SAP_Testing\SAPtesting\Execution\Access_Data.py", line 58, in get_data
=======
  File "C:\RobotFramework\SAPtesting\Execution\Access_Data.py", line 58, in get_data
>>>>>>> f2a6fa160e10b08c47007fdec444a649f20d929f
    field_value = eval(command)
                  ^^^^^^^^^^^^^
  File "<string>", line 1, in <module>
AttributeError: module 'Data.Symphony.Dev' has no attribute 'EXE_PAD'

