==============================================================================
Tests :: Testing functionality through Robot Framework                        
==============================================================================
Tests.Test Create outbound Delivery                                           
==============================================================================
  
  Traceback (most recent call last):
    ~~~~~~~~~~~~~~~~~~~~~~~~~~~~~~~~~~~~~~~~~~~~~~~~~~~~~~~~~~~~~~~~~~~~~~~~~~
    File  C:\RobotFramework\sap_testing\Tests\Test_Create_outbound_Delivery.robot:5
      System Logon    
    ~~~~~~~~~~~~~~~~~~~~~~~~~~~~~~~~~~~~~~~~~~~~~~~~~~~~~~~~~~~~~~~~~~~~~~~~~~
    File  C:\RobotFramework\sap_testing\Tests\Resource\Create_outbound_Delivery.robot:10
      Start Process    ${symvar('SALES_SERVER')}
      |  ${symvar('SALES_SERVER')} = C:\Program Files\SAP\FrontEnd\SAPGUI\saplogon.exe (str)
______________________________________________________________________________
Executing VL01N                                                       | FAIL |
Parent suite setup failed:
FileNotFoundError: [WinError 2] The system cannot find the file specified
------------------------------------------------------------------------------
  
  Traceback (most recent call last):
    ~~~~~~~~~~~~~~~~~~~~~~~~~~~~~~~~~~~~~~~~~~~~~~~~~~~~~~~~~~~~~~~~~~~~~~~~~~
    File  C:\RobotFramework\sap_testing\Tests\Test_Create_outbound_Delivery.robot:6
      System Logout    
    ~~~~~~~~~~~~~~~~~~~~~~~~~~~~~~~~~~~~~~~~~~~~~~~~~~~~~~~~~~~~~~~~~~~~~~~~~~
    File  C:\RobotFramework\sap_testing\Tests\Resource\Create_outbound_Delivery.robot:21
      Run Transaction    /nex
______________________________________________________________________________
Tests.Test Create outbound Delivery                                   | FAIL |
Suite setup failed:
FileNotFoundError: [WinError 2] The system cannot find the file specified

Also suite teardown failed:
AttributeError: 'int' object has no attribute 'findById'

1 test, 0 passed, 1 failed
==============================================================================
Tests :: Testing functionality through Robot Framework                | FAIL |
1 test, 0 passed, 1 failed
==============================================================================
Output:  C:\RobotFramework\sap_testing\Output\d1c7d37e-806b-4c33-b77b-d09d8d2e8fbc\pabot_results\0\Output.xml
