==============================================================================
Tests :: Testing functionality through Robot Framework                        
==============================================================================
Tests.Test STRUST                                                             
==============================================================================
  
  Traceback (most recent call last):
    ~~~~~~~~~~~~~~~~~~~~~~~~~~~~~~~~~~~~~~~~~~~~~~~~~~~~~~~~~~~~~~~~~~~~~~~~~~
    File  C:\RobotFramework\sap_testing\Tests\Test_STRUST.robot:4
      System Logon    
    ~~~~~~~~~~~~~~~~~~~~~~~~~~~~~~~~~~~~~~~~~~~~~~~~~~~~~~~~~~~~~~~~~~~~~~~~~~
    File  C:\RobotFramework\sap_testing\Tests\Resource\STRUST.robot:13
      Input Text    wnd[0]/usr/txtRSYST-MANDT    ${symvar('Client_Id')}
      |  ${symvar('Client_Id')} = 001 (str)
______________________________________________________________________________
Executing STRUST                                                      | FAIL |
Parent suite setup failed:
AttributeError: Property '<unknown>.text' can not be set.
------------------------------------------------------------------------------
  
  Traceback (most recent call last):
    ~~~~~~~~~~~~~~~~~~~~~~~~~~~~~~~~~~~~~~~~~~~~~~~~~~~~~~~~~~~~~~~~~~~~~~~~~~
    File  C:\RobotFramework\sap_testing\Tests\Test_STRUST.robot:5
      System Logout    
    ~~~~~~~~~~~~~~~~~~~~~~~~~~~~~~~~~~~~~~~~~~~~~~~~~~~~~~~~~~~~~~~~~~~~~~~~~~
    File  C:\RobotFramework\sap_testing\Tests\Resource\STRUST.robot:24
      Run Transaction    /nex
______________________________________________________________________________
Tests.Test STRUST                                                     | FAIL |
Suite setup failed:
AttributeError: Property '<unknown>.text' can not be set.

Also suite teardown failed:
AttributeError: Property '<unknown>.text' can not be set.

1 test, 0 passed, 1 failed
==============================================================================
Tests :: Testing functionality through Robot Framework                | FAIL |
1 test, 0 passed, 1 failed
==============================================================================
Output:  C:\SAP_Testing\SAPtesting\new2output\8632c2d2-9383-4559-bf26-f94501486c13\pabot_results\0\Output.xml
