==============================================================================
Tests :: Testing functionality through Robot Framework                        
==============================================================================
Tests.Test testtags                                                           
==============================================================================
Verifying Certificate                                                 []
| PASS |
------------------------------------------------------------------------------
Read excel and create invoice                                           
  Traceback (most recent call last):
    ~~~~~~~~~~~~~~~~~~~~~~~~~~~~~~~~~~~~~~~~~~~~~~~~~~~~~~~~~~~~~~~~~~~~~~~~~~
    File  C:\RobotFramework\sap_testing\Tests\Test_testtags.robot:13
    T:  Read excel and create invoice    
    ~~~~~~~~~~~~~~~~~~~~~~~~~~~~~~~~~~~~~~~~~~~~~~~~~~~~~~~~~~~~~~~~~~~~~~~~~~
    File  C:\RobotFramework\sap_testing\Tests\Test_testtags.robot:15
      SAP logon    
    ~~~~~~~~~~~~~~~~~~~~~~~~~~~~~~~~~~~~~~~~~~~~~~~~~~~~~~~~~~~~~~~~~~~~~~~~~~
    File  C:\RobotFramework\sap_testing\Tests\Resource\testtags.robot:36
      Open Connection    ${symvar('connection')}
      |  ${symvar('connection')} =  (str)
______________________________________________________________________________
  
  Traceback (most recent call last):
    ~~~~~~~~~~~~~~~~~~~~~~~~~~~~~~~~~~~~~~~~~~~~~~~~~~~~~~~~~~~~~~~~~~~~~~~~~~
    File  C:\RobotFramework\sap_testing\Tests\Test_testtags.robot:13
    T:  Read excel and create invoice    
    ~~~~~~~~~~~~~~~~~~~~~~~~~~~~~~~~~~~~~~~~~~~~~~~~~~~~~~~~~~~~~~~~~~~~~~~~~~
    File  C:\RobotFramework\sap_testing\Tests\Test_testtags.robot:17
      SAP Logout    
    ~~~~~~~~~~~~~~~~~~~~~~~~~~~~~~~~~~~~~~~~~~~~~~~~~~~~~~~~~~~~~~~~~~~~~~~~~~
    File  C:\RobotFramework\sap_testing\Tests\Resource\testtags.robot:169
      Run Transaction    /nex
______________________________________________________________________________
| FAIL |
Setup failed:
ValueError: Cannot open connection '', please check connection name.

Also teardown failed:
com_error: (-2147417848, 'The object invoked has disconnected from its clients.', None, None)
------------------------------------------------------------------------------
Read excel and view invoice                                             
  Traceback (most recent call last):
    ~~~~~~~~~~~~~~~~~~~~~~~~~~~~~~~~~~~~~~~~~~~~~~~~~~~~~~~~~~~~~~~~~~~~~~~~~~
    File  C:\RobotFramework\sap_testing\Tests\Test_testtags.robot:18
    T:  Read excel and view invoice    
    ~~~~~~~~~~~~~~~~~~~~~~~~~~~~~~~~~~~~~~~~~~~~~~~~~~~~~~~~~~~~~~~~~~~~~~~~~~
    File  C:\RobotFramework\sap_testing\Tests\Test_testtags.robot:20
      SAP logon    
    ~~~~~~~~~~~~~~~~~~~~~~~~~~~~~~~~~~~~~~~~~~~~~~~~~~~~~~~~~~~~~~~~~~~~~~~~~~
    File  C:\RobotFramework\sap_testing\Tests\Resource\testtags.robot:36
      Open Connection    ${symvar('connection')}
      |  ${symvar('connection')} =  (str)
______________________________________________________________________________
  
  Traceback (most recent call last):
    ~~~~~~~~~~~~~~~~~~~~~~~~~~~~~~~~~~~~~~~~~~~~~~~~~~~~~~~~~~~~~~~~~~~~~~~~~~
    File  C:\RobotFramework\sap_testing\Tests\Test_testtags.robot:18
    T:  Read excel and view invoice    
    ~~~~~~~~~~~~~~~~~~~~~~~~~~~~~~~~~~~~~~~~~~~~~~~~~~~~~~~~~~~~~~~~~~~~~~~~~~
    File  C:\RobotFramework\sap_testing\Tests\Test_testtags.robot:22
      SAP Logout    
    ~~~~~~~~~~~~~~~~~~~~~~~~~~~~~~~~~~~~~~~~~~~~~~~~~~~~~~~~~~~~~~~~~~~~~~~~~~
    File  C:\RobotFramework\sap_testing\Tests\Resource\testtags.robot:169
      Run Transaction    /nex
______________________________________________________________________________
| FAIL |
Setup failed:
ValueError: Cannot open connection '', please check connection name.

Also teardown failed:
com_error: (-2147417848, 'The object invoked has disconnected from its clients.', None, None)
------------------------------------------------------------------------------
Tests.Test testtags                                                   | FAIL |
3 tests, 1 passed, 2 failed
==============================================================================
Tests :: Testing functionality through Robot Framework                | FAIL |
3 tests, 1 passed, 2 failed
==============================================================================
Output:  C:\RobotFramework\sap_testing\Output\5fc50931-4a47-43e7-bb5d-d872b2b62602\pabot_results\0\Output.xml
