==============================================================================
Tests :: Testing functionality through Robot Framework                        
==============================================================================
Tests.Test tally                                                              
==============================================================================
Open Tally and Navigate to Menu                                         
  Traceback (most recent call last):
    ~~~~~~~~~~~~~~~~~~~~~~~~~~~~~~~~~~~~~~~~~~~~~~~~~~~~~~~~~~~~~~~~~~~~~~~~~~
    File  C:\Tally\SAPtesting\Tests\Test_tally.robot:6
    T:  Open Tally and Navigate to Menu    
    ~~~~~~~~~~~~~~~~~~~~~~~~~~~~~~~~~~~~~~~~~~~~~~~~~~~~~~~~~~~~~~~~~~~~~~~~~~
    File  C:\Tally\SAPtesting\Tests\Test_tally.robot:8
      Open Tally and Navigate to Menu    
    ~~~~~~~~~~~~~~~~~~~~~~~~~~~~~~~~~~~~~~~~~~~~~~~~~~~~~~~~~~~~~~~~~~~~~~~~~~
    File  C:\Tally\SAPtesting\Tests\Resource\Tally.robot:27
      Wait For Image    ${Continue in educational mode}    0.7    5
      |  ${Continue in educational mode} = C:\Tally\Screenshots\continue_in_educational_mode.png (str)
______________________________________________________________________________
| FAIL |
com.github.rainmanwy.robotframework.sikulilib.exceptions.TimeoutException: Could not find C:\Tally\Screenshots\continue_in_educational_mode.png
------------------------------------------------------------------------------
Tests.Test tally                                                      | FAIL |
1 test, 0 passed, 1 failed
==============================================================================
Tests :: Testing functionality through Robot Framework                | FAIL |
1 test, 0 passed, 1 failed
==============================================================================
Output:  C:\Tally\SAPtesting\Output\Folder31\pabot_results\0\Output.xml
