==============================================================================
Tests :: Testing functionality through Robot Framework                        
==============================================================================
Tests.Test FB70                                                               
==============================================================================
  
  Traceback (most recent call last):
    ~~~~~~~~~~~~~~~~~~~~~~~~~~~~~~~~~~~~~~~~~~~~~~~~~~~~~~~~~~~~~~~~~~~~~~~~~~
    File  C:\RobotFramework\sap_testing\Tests\Test_FB70.robot:4
      SAP logon    
    ~~~~~~~~~~~~~~~~~~~~~~~~~~~~~~~~~~~~~~~~~~~~~~~~~~~~~~~~~~~~~~~~~~~~~~~~~~
    File  C:\RobotFramework\sap_testing\Tests\Resource\FB70.robot:29
      Open Connection    ${symvar('connection')}
      |  ${symvar('connection')} = BIS (str)
______________________________________________________________________________
Interlinked transactions for Invoice                                  | FAIL |
Parent suite setup failed:
ValueError: Cannot open connection 'BIS', please check connection name.
------------------------------------------------------------------------------
  
  Traceback (most recent call last):
    ~~~~~~~~~~~~~~~~~~~~~~~~~~~~~~~~~~~~~~~~~~~~~~~~~~~~~~~~~~~~~~~~~~~~~~~~~~
    File  C:\RobotFramework\sap_testing\Tests\Test_FB70.robot:5
      SAP Logout    
    ~~~~~~~~~~~~~~~~~~~~~~~~~~~~~~~~~~~~~~~~~~~~~~~~~~~~~~~~~~~~~~~~~~~~~~~~~~
    File  C:\RobotFramework\sap_testing\Tests\Resource\FB70.robot:109
      Run Transaction    /nex
______________________________________________________________________________
Tests.Test FB70                                                       | FAIL |
Suite setup failed:
ValueError: Cannot open connection 'BIS', please check connection name.

Also suite teardown failed:
AttributeError: 'int' object has no attribute 'findById'

1 test, 0 passed, 1 failed
==============================================================================
Tests :: Testing functionality through Robot Framework                | FAIL |
1 test, 0 passed, 1 failed
==============================================================================
Output:  C:\RobotFramework\sap_testing\Output\981997ba-c64a-4613-8f40-5b4b6eeb3cc4\pabot_results\0\Output.xml
