==============================================================================
Tests :: Testing functionality through Robot Framework                        
==============================================================================
Tests.test nSGHT                                                              
==============================================================================
start                                                                   
  Traceback (most recent call last):
    ~~~~~~~~~~~~~~~~~~~~~~~~~~~~~~~~~~~~~~~~~~~~~~~~~~~~~~~~~~~~~~~~~~~~~~~~~~
    File  C:\RobotFramework\sap_testing\Tests\test_nSGHT.robot:6
    T:  start    
    ~~~~~~~~~~~~~~~~~~~~~~~~~~~~~~~~~~~~~~~~~~~~~~~~~~~~~~~~~~~~~~~~~~~~~~~~~~
    File  C:\RobotFramework\sap_testing\Tests\test_nSGHT.robot:7
      start    
______________________________________________________________________________
| FAIL |
No keyword with name 'start' found.
------------------------------------------------------------------------------
nSGHT                                                                   
  Traceback (most recent call last):
    ~~~~~~~~~~~~~~~~~~~~~~~~~~~~~~~~~~~~~~~~~~~~~~~~~~~~~~~~~~~~~~~~~~~~~~~~~~
    File  C:\RobotFramework\sap_testing\Tests\test_nSGHT.robot:9
    T:  nSGHT    
    ~~~~~~~~~~~~~~~~~~~~~~~~~~~~~~~~~~~~~~~~~~~~~~~~~~~~~~~~~~~~~~~~~~~~~~~~~~
    File  C:\RobotFramework\sap_testing\Tests\test_nSGHT.robot:10
      nSGHT_transaction    
    ~~~~~~~~~~~~~~~~~~~~~~~~~~~~~~~~~~~~~~~~~~~~~~~~~~~~~~~~~~~~~~~~~~~~~~~~~~
    File  C:\RobotFramework\sap_testing\Tests\Resource\nSGHT.robot:31
      ${tcode} IN [ @{t-codes} | @{t-codees} ]    
    ~~~~~~~~~~~~~~~~~~~~~~~~~~~~~~~~~~~~~~~~~~~~~~~~~~~~~~~~~~~~~~~~~~~~~~~~~~
    File  C:\RobotFramework\sap_testing\Tests\Resource\nSGHT.robot:31
      ${tcode} = /nSGHT    
    ~~~~~~~~~~~~~~~~~~~~~~~~~~~~~~~~~~~~~~~~~~~~~~~~~~~~~~~~~~~~~~~~~~~~~~~~~~
    File  C:\RobotFramework\sap_testing\Tests\Resource\nSGHT.robot:33
      Run Transaction    ${tcode}
      |  ${tcode} = /nSGHT (str)
______________________________________________________________________________
| FAIL |
AttributeError: 'int' object has no attribute 'findById'
------------------------------------------------------------------------------
stop                                                                    
  Traceback (most recent call last):
    ~~~~~~~~~~~~~~~~~~~~~~~~~~~~~~~~~~~~~~~~~~~~~~~~~~~~~~~~~~~~~~~~~~~~~~~~~~
    File  C:\RobotFramework\sap_testing\Tests\test_nSGHT.robot:12
    T:  stop    
    ~~~~~~~~~~~~~~~~~~~~~~~~~~~~~~~~~~~~~~~~~~~~~~~~~~~~~~~~~~~~~~~~~~~~~~~~~~
    File  C:\RobotFramework\sap_testing\Tests\test_nSGHT.robot:13
      stop    
    ~~~~~~~~~~~~~~~~~~~~~~~~~~~~~~~~~~~~~~~~~~~~~~~~~~~~~~~~~~~~~~~~~~~~~~~~~~
    File  C:\RobotFramework\sap_testing\Tests\Resource\nSGHT.robot:59
      Run Transaction    /nex
______________________________________________________________________________
| FAIL |
AttributeError: 'int' object has no attribute 'findById'
------------------------------------------------------------------------------
Tests.test nSGHT                                                      | FAIL |
3 tests, 0 passed, 3 failed
==============================================================================
Tests :: Testing functionality through Robot Framework                | FAIL |
3 tests, 0 passed, 3 failed
==============================================================================
Output:  C:\RobotFramework\sap_testing\Output\df83bd70-e9b7-4dd7-8de0-8ceddf9bff51\pabot_results\0\Output.xml
