==============================================================================
Tests :: Testing functionality through Robot Framework                        
==============================================================================
Tests.test nSGHT                                                              
==============================================================================
START                                                                   
  Traceback (most recent call last):
    ~~~~~~~~~~~~~~~~~~~~~~~~~~~~~~~~~~~~~~~~~~~~~~~~~~~~~~~~~~~~~~~~~~~~~~~~~~
    File  C:\RobotFramework\sap_testing\Tests\test_nSGHT.robot:6
    T:  START    
    ~~~~~~~~~~~~~~~~~~~~~~~~~~~~~~~~~~~~~~~~~~~~~~~~~~~~~~~~~~~~~~~~~~~~~~~~~~
    File  C:\RobotFramework\sap_testing\Tests\test_nSGHT.robot:7
      START    
    ~~~~~~~~~~~~~~~~~~~~~~~~~~~~~~~~~~~~~~~~~~~~~~~~~~~~~~~~~~~~~~~~~~~~~~~~~~
    File  C:\RobotFramework\sap_testing\Tests\Resource\nSGHT.robot:13
      Start Process    ${symvar('sap_server')}
      |  ${symvar('sap_server')} =  (str)
______________________________________________________________________________
| FAIL |
OSError: [WinError 87] The parameter is incorrect
------------------------------------------------------------------------------
nSGHT_transaction                                                       
  Traceback (most recent call last):
    ~~~~~~~~~~~~~~~~~~~~~~~~~~~~~~~~~~~~~~~~~~~~~~~~~~~~~~~~~~~~~~~~~~~~~~~~~~
    File  C:\RobotFramework\sap_testing\Tests\test_nSGHT.robot:8
    T:  nSGHT_transaction    
    ~~~~~~~~~~~~~~~~~~~~~~~~~~~~~~~~~~~~~~~~~~~~~~~~~~~~~~~~~~~~~~~~~~~~~~~~~~
    File  C:\RobotFramework\sap_testing\Tests\test_nSGHT.robot:9
      nSGHT_transaction    
    ~~~~~~~~~~~~~~~~~~~~~~~~~~~~~~~~~~~~~~~~~~~~~~~~~~~~~~~~~~~~~~~~~~~~~~~~~~
    File  C:\RobotFramework\sap_testing\Tests\Resource\nSGHT.robot:31
      ${tcode} IN [ @{t-codes} | @{t-codees} ]    
    ~~~~~~~~~~~~~~~~~~~~~~~~~~~~~~~~~~~~~~~~~~~~~~~~~~~~~~~~~~~~~~~~~~~~~~~~~~
    File  C:\RobotFramework\sap_testing\Tests\Resource\nSGHT.robot:31
      ${tcode} = /nSGHT    
    ~~~~~~~~~~~~~~~~~~~~~~~~~~~~~~~~~~~~~~~~~~~~~~~~~~~~~~~~~~~~~~~~~~~~~~~~~~
    File  C:\RobotFramework\sap_testing\Tests\Resource\nSGHT.robot:33
      Run Transaction    ${tcode}
      |  ${tcode} = /nSGHT (str)
______________________________________________________________________________
| FAIL |
AttributeError: 'int' object has no attribute 'findById'
------------------------------------------------------------------------------
stop                                                                    
  Traceback (most recent call last):
    ~~~~~~~~~~~~~~~~~~~~~~~~~~~~~~~~~~~~~~~~~~~~~~~~~~~~~~~~~~~~~~~~~~~~~~~~~~
    File  C:\RobotFramework\sap_testing\Tests\test_nSGHT.robot:10
    T:  stop    
    ~~~~~~~~~~~~~~~~~~~~~~~~~~~~~~~~~~~~~~~~~~~~~~~~~~~~~~~~~~~~~~~~~~~~~~~~~~
    File  C:\RobotFramework\sap_testing\Tests\test_nSGHT.robot:11
      stop    
    ~~~~~~~~~~~~~~~~~~~~~~~~~~~~~~~~~~~~~~~~~~~~~~~~~~~~~~~~~~~~~~~~~~~~~~~~~~
    File  C:\RobotFramework\sap_testing\Tests\Resource\nSGHT.robot:58
      Run Transaction    /nex
______________________________________________________________________________
| FAIL |
AttributeError: 'int' object has no attribute 'findById'
------------------------------------------------------------------------------
Tests.test nSGHT                                                      | FAIL |
3 tests, 0 passed, 3 failed
==============================================================================
Tests :: Testing functionality through Robot Framework                | FAIL |
3 tests, 0 passed, 3 failed
==============================================================================
Output:  C:\RobotFramework\sap_testing\Output\71d77ae1-80d1-4de5-a9d1-55622adbe2d9\pabot_results\0\Output.xml
