==============================================================================
Tests :: Testing functionality through Robot Framework                        
==============================================================================
Tests.test nSGHT                                                              
==============================================================================
nSGHT_transaction                                                       
  Traceback (most recent call last):
    ~~~~~~~~~~~~~~~~~~~~~~~~~~~~~~~~~~~~~~~~~~~~~~~~~~~~~~~~~~~~~~~~~~~~~~~~~~
    File  C:\RobotFramework\sap_testing\Tests\test_nSGHT.robot:6
    T:  nSGHT_transaction    
    ~~~~~~~~~~~~~~~~~~~~~~~~~~~~~~~~~~~~~~~~~~~~~~~~~~~~~~~~~~~~~~~~~~~~~~~~~~
    File  C:\RobotFramework\sap_testing\Tests\test_nSGHT.robot:7
      nSGHT_transaction    
    ~~~~~~~~~~~~~~~~~~~~~~~~~~~~~~~~~~~~~~~~~~~~~~~~~~~~~~~~~~~~~~~~~~~~~~~~~~
    File  C:\RobotFramework\sap_testing\Tests\Resource\nSGHT.robot:31
      ${tcode} IN [ @{t-codes} | @{t-codees} ]    
    ~~~~~~~~~~~~~~~~~~~~~~~~~~~~~~~~~~~~~~~~~~~~~~~~~~~~~~~~~~~~~~~~~~~~~~~~~~
    File  C:\RobotFramework\sap_testing\Tests\Resource\nSGHT.robot:31
      ${tcode} = /nSGHT    
    ~~~~~~~~~~~~~~~~~~~~~~~~~~~~~~~~~~~~~~~~~~~~~~~~~~~~~~~~~~~~~~~~~~~~~~~~~~
    File  C:\RobotFramework\sap_testing\Tests\Resource\nSGHT.robot:33
      Run Transaction    ${tcode}
      |  ${tcode} = /nSGHT (str)
______________________________________________________________________________
| FAIL |
AttributeError: 'int' object has no attribute 'findById'
------------------------------------------------------------------------------
stop                                                                    
  Traceback (most recent call last):
    ~~~~~~~~~~~~~~~~~~~~~~~~~~~~~~~~~~~~~~~~~~~~~~~~~~~~~~~~~~~~~~~~~~~~~~~~~~
    File  C:\RobotFramework\sap_testing\Tests\test_nSGHT.robot:8
    T:  stop    
    ~~~~~~~~~~~~~~~~~~~~~~~~~~~~~~~~~~~~~~~~~~~~~~~~~~~~~~~~~~~~~~~~~~~~~~~~~~
    File  C:\RobotFramework\sap_testing\Tests\test_nSGHT.robot:9
      stop    
    ~~~~~~~~~~~~~~~~~~~~~~~~~~~~~~~~~~~~~~~~~~~~~~~~~~~~~~~~~~~~~~~~~~~~~~~~~~
    File  C:\RobotFramework\sap_testing\Tests\Resource\nSGHT.robot:58
      Run Transaction    /nex
______________________________________________________________________________
| FAIL |
AttributeError: 'int' object has no attribute 'findById'
------------------------------------------------------------------------------
Tests.test nSGHT                                                      | FAIL |
2 tests, 0 passed, 2 failed
==============================================================================
Tests :: Testing functionality through Robot Framework                | FAIL |
2 tests, 0 passed, 2 failed
==============================================================================
Output:  C:\RobotFramework\sap_testing\Output\119098b6-62be-4a4b-a98a-2c58fa6dfba4\pabot_results\0\Output.xml
