==============================================================================
Tests :: Testing functionality through Robot Framework                        
==============================================================================
Tests.Test STMS                                                               
==============================================================================
Executing STMS                                                          
  Traceback (most recent call last):
    ~~~~~~~~~~~~~~~~~~~~~~~~~~~~~~~~~~~~~~~~~~~~~~~~~~~~~~~~~~~~~~~~~~~~~~~~~~
    File  C:\RobotFramework\sap_testing\Tests\Test_STMS.robot:9
    T:  Executing STMS    
    ~~~~~~~~~~~~~~~~~~~~~~~~~~~~~~~~~~~~~~~~~~~~~~~~~~~~~~~~~~~~~~~~~~~~~~~~~~
    File  C:\RobotFramework\sap_testing\Tests\Test_STMS.robot:10
      Transaction STMS    
    ~~~~~~~~~~~~~~~~~~~~~~~~~~~~~~~~~~~~~~~~~~~~~~~~~~~~~~~~~~~~~~~~~~~~~~~~~~
    File  C:\RobotFramework\sap_testing\Tests\Resource\STMS.robot:35
      Click Element    wnd[0]/mbar/menu[0]/menu[4]
______________________________________________________________________________
| FAIL |
ValueError: Cannot find element with id 'wnd[0]/mbar/menu[0]/menu[4]'
------------------------------------------------------------------------------
  
  Traceback (most recent call last):
    ~~~~~~~~~~~~~~~~~~~~~~~~~~~~~~~~~~~~~~~~~~~~~~~~~~~~~~~~~~~~~~~~~~~~~~~~~~
    File  C:\RobotFramework\sap_testing\Tests\Test_STMS.robot:5
      System Logout    
    ~~~~~~~~~~~~~~~~~~~~~~~~~~~~~~~~~~~~~~~~~~~~~~~~~~~~~~~~~~~~~~~~~~~~~~~~~~
    File  C:\RobotFramework\sap_testing\Tests\Resource\STMS.robot:28
      Copy Images    ${source_directory}    ${symvar('target_directory')}
      |  ${source_directory} = C:\RobotFramework\sap_testing\Output\a7ba8cfe-6a74-4af6-99f8-174b162f7444\pabot_results\0 (str)
      |  ${symvar('target_directory')} =  (str)
______________________________________________________________________________
Tests.Test STMS                                                       | FAIL |
Suite teardown failed:
FileNotFoundError: [WinError 3] The system cannot find the path specified: ''

1 test, 0 passed, 1 failed
==============================================================================
Tests :: Testing functionality through Robot Framework                | FAIL |
1 test, 0 passed, 1 failed
==============================================================================
Output:  C:\RobotFramework\sap_testing\Output\a7ba8cfe-6a74-4af6-99f8-174b162f7444\pabot_results\0\Output.xml
