==============================================================================
Tests :: Testing functionality through Robot Framework                        
==============================================================================
Tests.Test Powerconnect                                                       
==============================================================================
  
  Traceback (most recent call last):
    ~~~~~~~~~~~~~~~~~~~~~~~~~~~~~~~~~~~~~~~~~~~~~~~~~~~~~~~~~~~~~~~~~~~~~~~~~~
    File  D:\RobotFramework\SAPtesting\Tests\Test_Powerconnect.robot:4
      System Logon    
    ~~~~~~~~~~~~~~~~~~~~~~~~~~~~~~~~~~~~~~~~~~~~~~~~~~~~~~~~~~~~~~~~~~~~~~~~~~
    File  D:\RobotFramework\SAPtesting\Tests\Resource\powerconnect.robot:24
      Open Connection    ${symvar('Nike_connection')}
      |  ${symvar('Nike_connection')} = CFG (str)
______________________________________________________________________________
Check_Saint Transation Code                                           | FAIL |
Parent suite setup failed:
com_error: (-2147352567, 'Exception occurred.', (614, 'saplogon', 'The enumerator of the collection cannot find an element with the specified index.', 'C:\\Program Files\\SAP\\FrontEnd\\SAPGUI\\saplogon.HLP', 393215, 0), None)
------------------------------------------------------------------------------
Selecting the path for the Addon                                      | FAIL |
Parent suite setup failed:
com_error: (-2147352567, 'Exception occurred.', (614, 'saplogon', 'The enumerator of the collection cannot find an element with the specified index.', 'C:\\Program Files\\SAP\\FrontEnd\\SAPGUI\\saplogon.HLP', 393215, 0), None)
------------------------------------------------------------------------------
Process Until Finish Button Visible                                   | FAIL |
Parent suite setup failed:
com_error: (-2147352567, 'Exception occurred.', (614, 'saplogon', 'The enumerator of the collection cannot find an element with the specified index.', 'C:\\Program Files\\SAP\\FrontEnd\\SAPGUI\\saplogon.HLP', 393215, 0), None)
------------------------------------------------------------------------------
  
  Traceback (most recent call last):
    ~~~~~~~~~~~~~~~~~~~~~~~~~~~~~~~~~~~~~~~~~~~~~~~~~~~~~~~~~~~~~~~~~~~~~~~~~~
    File  D:\RobotFramework\SAPtesting\Tests\Test_Powerconnect.robot:5
      System Logout    
    ~~~~~~~~~~~~~~~~~~~~~~~~~~~~~~~~~~~~~~~~~~~~~~~~~~~~~~~~~~~~~~~~~~~~~~~~~~
    File  D:\RobotFramework\SAPtesting\Tests\Resource\powerconnect.robot:127
      Run Transaction    /nex
______________________________________________________________________________
Tests.Test Powerconnect                                               | FAIL |
Suite setup failed:
com_error: (-2147352567, 'Exception occurred.', (614, 'saplogon', 'The enumerator of the collection cannot find an element with the specified index.', 'C:\\Program Files\\SAP\\FrontEnd\\SAPGUI\\saplogon.HLP', 393215, 0), None)

Also suite teardown failed:
AttributeError: 'int' object has no attribute 'findById'

3 tests, 0 passed, 3 failed
==============================================================================
Tests :: Testing functionality through Robot Framework                | FAIL |
3 tests, 0 passed, 3 failed
==============================================================================
Output:  D:\RobotFramework\SAPtesting\Output\712c71ae-9b31-4f36-935b-57d91d8b490f\pabot_results\0\Output.xml
